[2024-09-22T11:18:53.503+0000] {local_task_job_runner.py:120} INFO - ::group::Pre task execution logs
[2024-09-22T11:18:53.791+0000] {taskinstance.py:2076} INFO - Dependencies all met for dep_context=non-requeueable deps ti=<TaskInstance: example_branch_datetime_operator_2.datetime_branch scheduled__2024-09-20T00:00:00+00:00 [queued]>
[2024-09-22T11:18:53.830+0000] {taskinstance.py:2076} INFO - Dependencies all met for dep_context=requeueable deps ti=<TaskInstance: example_branch_datetime_operator_2.datetime_branch scheduled__2024-09-20T00:00:00+00:00 [queued]>
[2024-09-22T11:18:53.830+0000] {taskinstance.py:2306} INFO - Starting attempt 1 of 1
[2024-09-22T11:18:54.122+0000] {taskinstance.py:2330} INFO - Executing <Task(BranchDateTimeOperator): datetime_branch> on 2024-09-20 00:00:00+00:00
[2024-09-22T11:18:54.190+0000] {warnings.py:112} WARNING - /home/***/.local/lib/python3.12/site-packages/***/task/task_runner/standard_task_runner.py:62: DeprecationWarning: This process (pid=377) is multi-threaded, use of fork() may lead to deadlocks in the child.
  pid = os.fork()

[2024-09-22T11:18:54.203+0000] {standard_task_runner.py:64} INFO - Started process 387 to run task
[2024-09-22T11:18:54.211+0000] {standard_task_runner.py:90} INFO - Running: ['***', 'tasks', 'run', 'example_branch_datetime_operator_2', 'datetime_branch', 'scheduled__2024-09-20T00:00:00+00:00', '--job-id', '2537', '--raw', '--subdir', '/home/***/.local/lib/python3.12/site-packages/***/example_dags/example_branch_datetime_operator.py', '--cfg-path', '/tmp/tmp4ypxjt_w']
[2024-09-22T11:18:54.223+0000] {standard_task_runner.py:91} INFO - Job 2537: Subtask datetime_branch
[2024-09-22T11:18:54.859+0000] {task_command.py:426} INFO - Running <TaskInstance: example_branch_datetime_operator_2.datetime_branch scheduled__2024-09-20T00:00:00+00:00 [running]> on host 1d2bd9c1668e
[2024-09-22T11:18:55.948+0000] {taskinstance.py:2648} INFO - Exporting env vars: AIRFLOW_CTX_DAG_OWNER='***' AIRFLOW_CTX_DAG_ID='example_branch_datetime_operator_2' AIRFLOW_CTX_TASK_ID='datetime_branch' AIRFLOW_CTX_EXECUTION_DATE='2024-09-20T00:00:00+00:00' AIRFLOW_CTX_TRY_NUMBER='1' AIRFLOW_CTX_DAG_RUN_ID='scheduled__2024-09-20T00:00:00+00:00'
[2024-09-22T11:18:55.954+0000] {taskinstance.py:430} INFO - ::endgroup::
[2024-09-22T11:18:55.955+0000] {branch.py:36} INFO - Branch into ['date_outside_range']
[2024-09-22T11:18:55.955+0000] {skipmixin.py:178} INFO - Following branch ['date_outside_range']
[2024-09-22T11:18:56.048+0000] {skipmixin.py:246} INFO - Skipping tasks [('date_in_range', -1)]
[2024-09-22T11:18:56.542+0000] {taskinstance.py:441} INFO - ::group::Post task execution logs
[2024-09-22T11:18:56.846+0000] {taskinstance.py:1206} INFO - Marking task as SUCCESS. dag_id=example_branch_datetime_operator_2, task_id=datetime_branch, run_id=scheduled__2024-09-20T00:00:00+00:00, execution_date=20240920T000000, start_date=20240922T111853, end_date=20240922T111856
[2024-09-22T11:18:57.261+0000] {local_task_job_runner.py:243} INFO - Task exited with return code 0
[2024-09-22T11:18:57.407+0000] {taskinstance.py:3503} INFO - 0 downstream tasks scheduled from follow-on schedule check
[2024-09-22T11:18:57.730+0000] {local_task_job_runner.py:222} INFO - ::endgroup::
