[2024-09-22T11:18:43.664+0000] {local_task_job_runner.py:120} INFO - ::group::Pre task execution logs
[2024-09-22T11:18:44.801+0000] {taskinstance.py:2076} INFO - Dependencies all met for dep_context=non-requeueable deps ti=<TaskInstance: example_branch_datetime_operator.datetime_branch scheduled__2024-09-20T00:00:00+00:00 [queued]>
[2024-09-22T11:18:44.827+0000] {taskinstance.py:2076} INFO - Dependencies all met for dep_context=requeueable deps ti=<TaskInstance: example_branch_datetime_operator.datetime_branch scheduled__2024-09-20T00:00:00+00:00 [queued]>
[2024-09-22T11:18:44.827+0000] {taskinstance.py:2306} INFO - Starting attempt 1 of 1
[2024-09-22T11:18:45.220+0000] {taskinstance.py:2330} INFO - Executing <Task(BranchDateTimeOperator): datetime_branch> on 2024-09-20 00:00:00+00:00
[2024-09-22T11:18:45.246+0000] {warnings.py:112} WARNING - /home/***/.local/lib/python3.12/site-packages/***/task/task_runner/standard_task_runner.py:62: DeprecationWarning: This process (pid=360) is multi-threaded, use of fork() may lead to deadlocks in the child.
  pid = os.fork()

[2024-09-22T11:18:45.249+0000] {standard_task_runner.py:64} INFO - Started process 374 to run task
[2024-09-22T11:18:45.249+0000] {standard_task_runner.py:90} INFO - Running: ['***', 'tasks', 'run', 'example_branch_datetime_operator', 'datetime_branch', 'scheduled__2024-09-20T00:00:00+00:00', '--job-id', '2536', '--raw', '--subdir', '/home/***/.local/lib/python3.12/site-packages/***/example_dags/example_branch_datetime_operator.py', '--cfg-path', '/tmp/tmpcga9qsqj']
[2024-09-22T11:18:45.252+0000] {standard_task_runner.py:91} INFO - Job 2536: Subtask datetime_branch
[2024-09-22T11:18:45.991+0000] {task_command.py:426} INFO - Running <TaskInstance: example_branch_datetime_operator.datetime_branch scheduled__2024-09-20T00:00:00+00:00 [running]> on host 1d2bd9c1668e
[2024-09-22T11:18:46.959+0000] {taskinstance.py:2648} INFO - Exporting env vars: AIRFLOW_CTX_DAG_OWNER='***' AIRFLOW_CTX_DAG_ID='example_branch_datetime_operator' AIRFLOW_CTX_TASK_ID='datetime_branch' AIRFLOW_CTX_EXECUTION_DATE='2024-09-20T00:00:00+00:00' AIRFLOW_CTX_TRY_NUMBER='1' AIRFLOW_CTX_DAG_RUN_ID='scheduled__2024-09-20T00:00:00+00:00'
[2024-09-22T11:18:46.967+0000] {taskinstance.py:430} INFO - ::endgroup::
[2024-09-22T11:18:46.968+0000] {branch.py:36} INFO - Branch into ['date_outside_range']
[2024-09-22T11:18:46.968+0000] {skipmixin.py:178} INFO - Following branch ['date_outside_range']
[2024-09-22T11:18:47.029+0000] {skipmixin.py:246} INFO - Skipping tasks [('date_in_range', -1)]
[2024-09-22T11:18:48.040+0000] {taskinstance.py:441} INFO - ::group::Post task execution logs
[2024-09-22T11:18:49.182+0000] {taskinstance.py:1206} INFO - Marking task as SUCCESS. dag_id=example_branch_datetime_operator, task_id=datetime_branch, run_id=scheduled__2024-09-20T00:00:00+00:00, execution_date=20240920T000000, start_date=20240922T111844, end_date=20240922T111849
[2024-09-22T11:18:49.993+0000] {local_task_job_runner.py:243} INFO - Task exited with return code 0
[2024-09-22T11:18:50.182+0000] {taskinstance.py:3503} INFO - 0 downstream tasks scheduled from follow-on schedule check
[2024-09-22T11:18:50.478+0000] {local_task_job_runner.py:222} INFO - ::endgroup::
