[2024-09-22T11:17:59.871+0000] {local_task_job_runner.py:120} INFO - ::group::Pre task execution logs
[2024-09-22T11:17:59.981+0000] {taskinstance.py:2076} INFO - Dependencies all met for dep_context=non-requeueable deps ti=<TaskInstance: example_short_circuit_decorator.short_circuit scheduled__2024-09-21T00:00:00+00:00 [queued]>
[2024-09-22T11:18:00.001+0000] {taskinstance.py:2076} INFO - Dependencies all met for dep_context=requeueable deps ti=<TaskInstance: example_short_circuit_decorator.short_circuit scheduled__2024-09-21T00:00:00+00:00 [queued]>
[2024-09-22T11:18:00.002+0000] {taskinstance.py:2306} INFO - Starting attempt 1 of 1
[2024-09-22T11:18:00.184+0000] {taskinstance.py:2330} INFO - Executing <Task(_ShortCircuitDecoratedOperator): short_circuit> on 2024-09-21 00:00:00+00:00
[2024-09-22T11:18:00.224+0000] {warnings.py:112} WARNING - /home/***/.local/lib/python3.12/site-packages/***/task/task_runner/standard_task_runner.py:62: DeprecationWarning: This process (pid=288) is multi-threaded, use of fork() may lead to deadlocks in the child.
  pid = os.fork()

[2024-09-22T11:18:00.227+0000] {standard_task_runner.py:64} INFO - Started process 299 to run task
[2024-09-22T11:18:00.232+0000] {standard_task_runner.py:90} INFO - Running: ['***', 'tasks', 'run', 'example_short_circuit_decorator', 'short_circuit', 'scheduled__2024-09-21T00:00:00+00:00', '--job-id', '2513', '--raw', '--subdir', '/home/***/.local/lib/python3.12/site-packages/***/example_dags/example_short_circuit_decorator.py', '--cfg-path', '/tmp/tmpxvmo4aec']
[2024-09-22T11:18:00.236+0000] {standard_task_runner.py:91} INFO - Job 2513: Subtask short_circuit
[2024-09-22T11:18:00.653+0000] {task_command.py:426} INFO - Running <TaskInstance: example_short_circuit_decorator.short_circuit scheduled__2024-09-21T00:00:00+00:00 [running]> on host 1d2bd9c1668e
[2024-09-22T11:18:01.750+0000] {taskinstance.py:2648} INFO - Exporting env vars: AIRFLOW_CTX_DAG_OWNER='***' AIRFLOW_CTX_DAG_ID='example_short_circuit_decorator' AIRFLOW_CTX_TASK_ID='short_circuit' AIRFLOW_CTX_EXECUTION_DATE='2024-09-21T00:00:00+00:00' AIRFLOW_CTX_TRY_NUMBER='1' AIRFLOW_CTX_DAG_RUN_ID='scheduled__2024-09-21T00:00:00+00:00'
[2024-09-22T11:18:01.764+0000] {taskinstance.py:430} INFO - ::endgroup::
[2024-09-22T11:18:01.766+0000] {python.py:237} INFO - Done. Returned value was: False
[2024-09-22T11:18:01.766+0000] {python.py:304} INFO - Condition result is False
[2024-09-22T11:18:01.771+0000] {python.py:331} INFO - Skipping downstream tasks
[2024-09-22T11:18:02.348+0000] {python.py:339} INFO - Done.
[2024-09-22T11:18:02.348+0000] {taskinstance.py:441} INFO - ::group::Post task execution logs
[2024-09-22T11:18:02.778+0000] {taskinstance.py:1206} INFO - Marking task as SUCCESS. dag_id=example_short_circuit_decorator, task_id=short_circuit, run_id=scheduled__2024-09-21T00:00:00+00:00, execution_date=20240921T000000, start_date=20240922T111759, end_date=20240922T111802
[2024-09-22T11:18:03.070+0000] {local_task_job_runner.py:243} INFO - Task exited with return code 0
[2024-09-22T11:18:03.127+0000] {taskinstance.py:3503} INFO - 0 downstream tasks scheduled from follow-on schedule check
[2024-09-22T11:18:03.454+0000] {local_task_job_runner.py:222} INFO - ::endgroup::
