[2024-09-22T15:18:53.652+0000] {local_task_job_runner.py:123} INFO - ::group::Pre task execution logs
[2024-09-22T15:18:53.679+0000] {taskinstance.py:2612} INFO - Dependencies all met for dep_context=non-requeueable deps ti=<TaskInstance: NY_TAXI.download_data scheduled__2021-06-28T00:00:00+00:00 [queued]>
[2024-09-22T15:18:53.694+0000] {taskinstance.py:2612} INFO - Dependencies all met for dep_context=requeueable deps ti=<TaskInstance: NY_TAXI.download_data scheduled__2021-06-28T00:00:00+00:00 [queued]>
[2024-09-22T15:18:53.695+0000] {taskinstance.py:2865} INFO - Starting attempt 1 of 1
[2024-09-22T15:18:53.812+0000] {taskinstance.py:2888} INFO - Executing <Task(BashOperator): download_data> on 2021-06-28 00:00:00+00:00
[2024-09-22T15:18:53.831+0000] {logging_mixin.py:190} WARNING - /home/***/.local/lib/python3.12/site-packages/***/task/task_runner/standard_task_runner.py:70 DeprecationWarning: This process (pid=1132) is multi-threaded, use of fork() may lead to deadlocks in the child.
[2024-09-22T15:18:53.835+0000] {standard_task_runner.py:72} INFO - Started process 1137 to run task
[2024-09-22T15:18:53.833+0000] {standard_task_runner.py:104} INFO - Running: ['***', 'tasks', 'run', 'NY_TAXI', 'download_data', 'scheduled__2021-06-28T00:00:00+00:00', '--job-id', '181', '--raw', '--subdir', 'DAGS_FOLDER/download.py', '--cfg-path', '/tmp/tmp0y7cs98o']
[2024-09-22T15:18:53.837+0000] {standard_task_runner.py:105} INFO - Job 181: Subtask download_data
[2024-09-22T15:18:53.971+0000] {task_command.py:467} INFO - Running <TaskInstance: NY_TAXI.download_data scheduled__2021-06-28T00:00:00+00:00 [running]> on host 8c9160901df5
[2024-09-22T15:18:54.213+0000] {taskinstance.py:3131} INFO - Exporting env vars: AIRFLOW_CTX_DAG_OWNER='***' AIRFLOW_CTX_DAG_ID='NY_TAXI' AIRFLOW_CTX_TASK_ID='download_data' AIRFLOW_CTX_EXECUTION_DATE='2021-06-28T00:00:00+00:00' AIRFLOW_CTX_TRY_NUMBER='1' AIRFLOW_CTX_DAG_RUN_ID='scheduled__2021-06-28T00:00:00+00:00'
[2024-09-22T15:18:54.214+0000] {taskinstance.py:731} INFO - ::endgroup::
[2024-09-22T15:18:54.250+0000] {subprocess.py:63} INFO - Tmp dir root location: /tmp
[2024-09-22T15:18:54.251+0000] {subprocess.py:75} INFO - Running command: ['/usr/bin/bash', '-c', 'echo 2021-06-28']
[2024-09-22T15:18:54.293+0000] {subprocess.py:86} INFO - Output:
[2024-09-22T15:18:54.297+0000] {subprocess.py:93} INFO - 2021-06-28
[2024-09-22T15:18:54.297+0000] {subprocess.py:97} INFO - Command exited with return code 0
[2024-09-22T15:18:54.424+0000] {taskinstance.py:340} INFO - ::group::Post task execution logs
[2024-09-22T15:18:54.425+0000] {taskinstance.py:352} INFO - Marking task as SUCCESS. dag_id=NY_TAXI, task_id=download_data, run_id=scheduled__2021-06-28T00:00:00+00:00, execution_date=20210628T000000, start_date=20240922T151853, end_date=20240922T151854
[2024-09-22T15:18:54.547+0000] {local_task_job_runner.py:266} INFO - Task exited with return code 0
[2024-09-22T15:18:54.574+0000] {taskinstance.py:3900} INFO - 0 downstream tasks scheduled from follow-on schedule check
[2024-09-22T15:18:54.603+0000] {local_task_job_runner.py:245} INFO - ::endgroup::
