[2024-09-22T11:15:27.430+0000] {processor.py:161} INFO - Started process (PID=100) to work on /home/airflow/.local/lib/python3.12/site-packages/airflow/example_dags/example_branch_datetime_operator.py
[2024-09-22T11:15:27.431+0000] {processor.py:830} INFO - Processing file /home/airflow/.local/lib/python3.12/site-packages/airflow/example_dags/example_branch_datetime_operator.py for tasks to queue
[2024-09-22T11:15:27.434+0000] {logging_mixin.py:188} INFO - [2024-09-22T11:15:27.433+0000] {dagbag.py:545} INFO - Filling up the DagBag from /home/airflow/.local/lib/python3.12/site-packages/airflow/example_dags/example_branch_datetime_operator.py
[2024-09-22T11:15:27.469+0000] {processor.py:840} INFO - DAG(s) 'example_branch_datetime_operator', 'example_branch_datetime_operator_3', 'example_branch_datetime_operator_2' retrieved from /home/airflow/.local/lib/python3.12/site-packages/airflow/example_dags/example_branch_datetime_operator.py
[2024-09-22T11:15:27.535+0000] {logging_mixin.py:188} INFO - [2024-09-22T11:15:27.534+0000] {dag.py:3089} INFO - Sync 3 DAGs
[2024-09-22T11:15:27.599+0000] {logging_mixin.py:188} INFO - [2024-09-22T11:15:27.598+0000] {dag.py:3947} INFO - Setting next_dagrun for example_branch_datetime_operator to 2024-09-22 00:00:00+00:00, run_after=2024-09-23 00:00:00+00:00
[2024-09-22T11:15:27.611+0000] {logging_mixin.py:188} INFO - [2024-09-22T11:15:27.610+0000] {dag.py:3947} INFO - Setting next_dagrun for example_branch_datetime_operator_2 to 2024-09-22 00:00:00+00:00, run_after=2024-09-23 00:00:00+00:00
[2024-09-22T11:15:27.617+0000] {logging_mixin.py:188} INFO - [2024-09-22T11:15:27.617+0000] {dag.py:3947} INFO - Setting next_dagrun for example_branch_datetime_operator_3 to 2024-09-22 00:00:00+00:00, run_after=2024-09-23 00:00:00+00:00
[2024-09-22T11:15:27.752+0000] {processor.py:183} INFO - Processing /home/airflow/.local/lib/python3.12/site-packages/airflow/example_dags/example_branch_datetime_operator.py took 0.337 seconds
[2024-09-22T11:16:04.373+0000] {processor.py:161} INFO - Started process (PID=157) to work on /home/airflow/.local/lib/python3.12/site-packages/airflow/example_dags/example_branch_datetime_operator.py
[2024-09-22T11:16:04.374+0000] {processor.py:830} INFO - Processing file /home/airflow/.local/lib/python3.12/site-packages/airflow/example_dags/example_branch_datetime_operator.py for tasks to queue
[2024-09-22T11:16:04.377+0000] {logging_mixin.py:188} INFO - [2024-09-22T11:16:04.376+0000] {dagbag.py:545} INFO - Filling up the DagBag from /home/airflow/.local/lib/python3.12/site-packages/airflow/example_dags/example_branch_datetime_operator.py
[2024-09-22T11:16:04.396+0000] {processor.py:840} INFO - DAG(s) 'example_branch_datetime_operator_3', 'example_branch_datetime_operator', 'example_branch_datetime_operator_2' retrieved from /home/airflow/.local/lib/python3.12/site-packages/airflow/example_dags/example_branch_datetime_operator.py
[2024-09-22T11:16:04.548+0000] {logging_mixin.py:188} INFO - [2024-09-22T11:16:04.548+0000] {dag.py:3089} INFO - Sync 3 DAGs
[2024-09-22T11:16:04.629+0000] {logging_mixin.py:188} INFO - [2024-09-22T11:16:04.628+0000] {dag.py:3947} INFO - Setting next_dagrun for example_branch_datetime_operator to 2024-09-22 00:00:00+00:00, run_after=2024-09-23 00:00:00+00:00
[2024-09-22T11:16:04.640+0000] {logging_mixin.py:188} INFO - [2024-09-22T11:16:04.639+0000] {dag.py:3947} INFO - Setting next_dagrun for example_branch_datetime_operator_2 to 2024-09-22 00:00:00+00:00, run_after=2024-09-23 00:00:00+00:00
[2024-09-22T11:16:04.646+0000] {logging_mixin.py:188} INFO - [2024-09-22T11:16:04.645+0000] {dag.py:3947} INFO - Setting next_dagrun for example_branch_datetime_operator_3 to 2024-09-22 00:00:00+00:00, run_after=2024-09-23 00:00:00+00:00
[2024-09-22T11:16:04.797+0000] {processor.py:183} INFO - Processing /home/airflow/.local/lib/python3.12/site-packages/airflow/example_dags/example_branch_datetime_operator.py took 0.435 seconds
[2024-09-22T11:16:55.288+0000] {processor.py:161} INFO - Started process (PID=215) to work on /home/airflow/.local/lib/python3.12/site-packages/airflow/example_dags/example_branch_datetime_operator.py
[2024-09-22T11:16:55.373+0000] {processor.py:830} INFO - Processing file /home/airflow/.local/lib/python3.12/site-packages/airflow/example_dags/example_branch_datetime_operator.py for tasks to queue
[2024-09-22T11:16:55.379+0000] {logging_mixin.py:188} INFO - [2024-09-22T11:16:55.375+0000] {dagbag.py:545} INFO - Filling up the DagBag from /home/airflow/.local/lib/python3.12/site-packages/airflow/example_dags/example_branch_datetime_operator.py
[2024-09-22T11:16:55.424+0000] {processor.py:840} INFO - DAG(s) 'example_branch_datetime_operator', 'example_branch_datetime_operator_2', 'example_branch_datetime_operator_3' retrieved from /home/airflow/.local/lib/python3.12/site-packages/airflow/example_dags/example_branch_datetime_operator.py
[2024-09-22T11:16:55.512+0000] {logging_mixin.py:188} INFO - [2024-09-22T11:16:55.512+0000] {dag.py:3089} INFO - Sync 3 DAGs
[2024-09-22T11:16:55.581+0000] {logging_mixin.py:188} INFO - [2024-09-22T11:16:55.581+0000] {dag.py:3947} INFO - Setting next_dagrun for example_branch_datetime_operator to 2024-09-22 00:00:00+00:00, run_after=2024-09-23 00:00:00+00:00
[2024-09-22T11:16:55.595+0000] {logging_mixin.py:188} INFO - [2024-09-22T11:16:55.594+0000] {dag.py:3947} INFO - Setting next_dagrun for example_branch_datetime_operator_2 to 2024-09-22 00:00:00+00:00, run_after=2024-09-23 00:00:00+00:00
[2024-09-22T11:16:55.604+0000] {logging_mixin.py:188} INFO - [2024-09-22T11:16:55.604+0000] {dag.py:3947} INFO - Setting next_dagrun for example_branch_datetime_operator_3 to 2024-09-22 00:00:00+00:00, run_after=2024-09-23 00:00:00+00:00
[2024-09-22T11:16:55.857+0000] {processor.py:183} INFO - Processing /home/airflow/.local/lib/python3.12/site-packages/airflow/example_dags/example_branch_datetime_operator.py took 0.591 seconds
[2024-09-22T11:17:42.460+0000] {processor.py:161} INFO - Started process (PID=306) to work on /home/airflow/.local/lib/python3.12/site-packages/airflow/example_dags/example_branch_datetime_operator.py
[2024-09-22T11:17:42.554+0000] {processor.py:830} INFO - Processing file /home/airflow/.local/lib/python3.12/site-packages/airflow/example_dags/example_branch_datetime_operator.py for tasks to queue
[2024-09-22T11:17:42.556+0000] {logging_mixin.py:188} INFO - [2024-09-22T11:17:42.555+0000] {dagbag.py:545} INFO - Filling up the DagBag from /home/airflow/.local/lib/python3.12/site-packages/airflow/example_dags/example_branch_datetime_operator.py
[2024-09-22T11:17:42.597+0000] {processor.py:840} INFO - DAG(s) 'example_branch_datetime_operator_3', 'example_branch_datetime_operator', 'example_branch_datetime_operator_2' retrieved from /home/airflow/.local/lib/python3.12/site-packages/airflow/example_dags/example_branch_datetime_operator.py
[2024-09-22T11:17:42.701+0000] {logging_mixin.py:188} INFO - [2024-09-22T11:17:42.701+0000] {dag.py:3089} INFO - Sync 3 DAGs
[2024-09-22T11:17:42.801+0000] {logging_mixin.py:188} INFO - [2024-09-22T11:17:42.801+0000] {dag.py:3947} INFO - Setting next_dagrun for example_branch_datetime_operator to 2024-09-22 00:00:00+00:00, run_after=2024-09-23 00:00:00+00:00
[2024-09-22T11:17:42.822+0000] {logging_mixin.py:188} INFO - [2024-09-22T11:17:42.821+0000] {dag.py:3947} INFO - Setting next_dagrun for example_branch_datetime_operator_2 to 2024-09-22 00:00:00+00:00, run_after=2024-09-23 00:00:00+00:00
[2024-09-22T11:17:42.841+0000] {logging_mixin.py:188} INFO - [2024-09-22T11:17:42.840+0000] {dag.py:3947} INFO - Setting next_dagrun for example_branch_datetime_operator_3 to 2024-09-22 00:00:00+00:00, run_after=2024-09-23 00:00:00+00:00
[2024-09-22T11:17:43.191+0000] {processor.py:183} INFO - Processing /home/airflow/.local/lib/python3.12/site-packages/airflow/example_dags/example_branch_datetime_operator.py took 0.759 seconds
[2024-09-22T11:18:13.802+0000] {processor.py:161} INFO - Started process (PID=391) to work on /home/airflow/.local/lib/python3.12/site-packages/airflow/example_dags/example_branch_datetime_operator.py
[2024-09-22T11:18:13.972+0000] {processor.py:830} INFO - Processing file /home/airflow/.local/lib/python3.12/site-packages/airflow/example_dags/example_branch_datetime_operator.py for tasks to queue
[2024-09-22T11:18:13.973+0000] {logging_mixin.py:188} INFO - [2024-09-22T11:18:13.973+0000] {dagbag.py:545} INFO - Filling up the DagBag from /home/airflow/.local/lib/python3.12/site-packages/airflow/example_dags/example_branch_datetime_operator.py
[2024-09-22T11:18:14.112+0000] {processor.py:840} INFO - DAG(s) 'example_branch_datetime_operator_3', 'example_branch_datetime_operator_2', 'example_branch_datetime_operator' retrieved from /home/airflow/.local/lib/python3.12/site-packages/airflow/example_dags/example_branch_datetime_operator.py
[2024-09-22T11:18:14.406+0000] {logging_mixin.py:188} INFO - [2024-09-22T11:18:14.405+0000] {dag.py:3089} INFO - Sync 3 DAGs
[2024-09-22T11:18:14.626+0000] {logging_mixin.py:188} INFO - [2024-09-22T11:18:14.625+0000] {dag.py:3947} INFO - Setting next_dagrun for example_branch_datetime_operator to 2024-09-22 00:00:00+00:00, run_after=2024-09-23 00:00:00+00:00
[2024-09-22T11:18:14.669+0000] {logging_mixin.py:188} INFO - [2024-09-22T11:18:14.660+0000] {dag.py:3947} INFO - Setting next_dagrun for example_branch_datetime_operator_2 to 2024-09-22 00:00:00+00:00, run_after=2024-09-23 00:00:00+00:00
[2024-09-22T11:18:14.689+0000] {logging_mixin.py:188} INFO - [2024-09-22T11:18:14.689+0000] {dag.py:3947} INFO - Setting next_dagrun for example_branch_datetime_operator_3 to 2024-09-22 00:00:00+00:00, run_after=2024-09-23 00:00:00+00:00
[2024-09-22T11:18:14.977+0000] {processor.py:183} INFO - Processing /home/airflow/.local/lib/python3.12/site-packages/airflow/example_dags/example_branch_datetime_operator.py took 1.213 seconds
[2024-09-22T11:19:09.876+0000] {processor.py:161} INFO - Started process (PID=498) to work on /home/airflow/.local/lib/python3.12/site-packages/airflow/example_dags/example_branch_datetime_operator.py
[2024-09-22T11:19:10.010+0000] {processor.py:830} INFO - Processing file /home/airflow/.local/lib/python3.12/site-packages/airflow/example_dags/example_branch_datetime_operator.py for tasks to queue
[2024-09-22T11:19:10.014+0000] {logging_mixin.py:188} INFO - [2024-09-22T11:19:10.013+0000] {dagbag.py:545} INFO - Filling up the DagBag from /home/airflow/.local/lib/python3.12/site-packages/airflow/example_dags/example_branch_datetime_operator.py
[2024-09-22T11:19:10.074+0000] {processor.py:840} INFO - DAG(s) 'example_branch_datetime_operator_2', 'example_branch_datetime_operator', 'example_branch_datetime_operator_3' retrieved from /home/airflow/.local/lib/python3.12/site-packages/airflow/example_dags/example_branch_datetime_operator.py
[2024-09-22T11:19:10.190+0000] {logging_mixin.py:188} INFO - [2024-09-22T11:19:10.189+0000] {dag.py:3089} INFO - Sync 3 DAGs
[2024-09-22T11:19:10.371+0000] {logging_mixin.py:188} INFO - [2024-09-22T11:19:10.370+0000] {dag.py:3947} INFO - Setting next_dagrun for example_branch_datetime_operator to 2024-09-22 00:00:00+00:00, run_after=2024-09-23 00:00:00+00:00
[2024-09-22T11:19:10.385+0000] {logging_mixin.py:188} INFO - [2024-09-22T11:19:10.384+0000] {dag.py:3947} INFO - Setting next_dagrun for example_branch_datetime_operator_2 to 2024-09-22 00:00:00+00:00, run_after=2024-09-23 00:00:00+00:00
[2024-09-22T11:19:10.395+0000] {logging_mixin.py:188} INFO - [2024-09-22T11:19:10.394+0000] {dag.py:3947} INFO - Setting next_dagrun for example_branch_datetime_operator_3 to 2024-09-22 00:00:00+00:00, run_after=2024-09-23 00:00:00+00:00
[2024-09-22T11:19:11.477+0000] {processor.py:183} INFO - Processing /home/airflow/.local/lib/python3.12/site-packages/airflow/example_dags/example_branch_datetime_operator.py took 1.632 seconds
[2024-09-22T11:19:42.518+0000] {processor.py:161} INFO - Started process (PID=562) to work on /home/airflow/.local/lib/python3.12/site-packages/airflow/example_dags/example_branch_datetime_operator.py
[2024-09-22T11:19:42.807+0000] {processor.py:830} INFO - Processing file /home/airflow/.local/lib/python3.12/site-packages/airflow/example_dags/example_branch_datetime_operator.py for tasks to queue
[2024-09-22T11:19:42.811+0000] {logging_mixin.py:188} INFO - [2024-09-22T11:19:42.808+0000] {dagbag.py:545} INFO - Filling up the DagBag from /home/airflow/.local/lib/python3.12/site-packages/airflow/example_dags/example_branch_datetime_operator.py
[2024-09-22T11:19:42.851+0000] {processor.py:840} INFO - DAG(s) 'example_branch_datetime_operator', 'example_branch_datetime_operator_2', 'example_branch_datetime_operator_3' retrieved from /home/airflow/.local/lib/python3.12/site-packages/airflow/example_dags/example_branch_datetime_operator.py
[2024-09-22T11:19:43.074+0000] {logging_mixin.py:188} INFO - [2024-09-22T11:19:43.073+0000] {dag.py:3089} INFO - Sync 3 DAGs
[2024-09-22T11:19:43.230+0000] {logging_mixin.py:188} INFO - [2024-09-22T11:19:43.229+0000] {dag.py:3947} INFO - Setting next_dagrun for example_branch_datetime_operator to 2024-09-22 00:00:00+00:00, run_after=2024-09-23 00:00:00+00:00
[2024-09-22T11:19:43.255+0000] {logging_mixin.py:188} INFO - [2024-09-22T11:19:43.255+0000] {dag.py:3947} INFO - Setting next_dagrun for example_branch_datetime_operator_2 to 2024-09-22 00:00:00+00:00, run_after=2024-09-23 00:00:00+00:00
[2024-09-22T11:19:43.270+0000] {logging_mixin.py:188} INFO - [2024-09-22T11:19:43.269+0000] {dag.py:3947} INFO - Setting next_dagrun for example_branch_datetime_operator_3 to 2024-09-22 00:00:00+00:00, run_after=2024-09-23 00:00:00+00:00
[2024-09-22T11:19:43.623+0000] {processor.py:183} INFO - Processing /home/airflow/.local/lib/python3.12/site-packages/airflow/example_dags/example_branch_datetime_operator.py took 1.147 seconds
[2024-09-22T11:20:20.215+0000] {processor.py:161} INFO - Started process (PID=643) to work on /home/airflow/.local/lib/python3.12/site-packages/airflow/example_dags/example_branch_datetime_operator.py
[2024-09-22T11:20:20.340+0000] {processor.py:830} INFO - Processing file /home/airflow/.local/lib/python3.12/site-packages/airflow/example_dags/example_branch_datetime_operator.py for tasks to queue
[2024-09-22T11:20:20.345+0000] {logging_mixin.py:188} INFO - [2024-09-22T11:20:20.344+0000] {dagbag.py:545} INFO - Filling up the DagBag from /home/airflow/.local/lib/python3.12/site-packages/airflow/example_dags/example_branch_datetime_operator.py
[2024-09-22T11:20:20.525+0000] {processor.py:840} INFO - DAG(s) 'example_branch_datetime_operator', 'example_branch_datetime_operator_3', 'example_branch_datetime_operator_2' retrieved from /home/airflow/.local/lib/python3.12/site-packages/airflow/example_dags/example_branch_datetime_operator.py
[2024-09-22T11:20:20.813+0000] {logging_mixin.py:188} INFO - [2024-09-22T11:20:20.813+0000] {dag.py:3089} INFO - Sync 3 DAGs
[2024-09-22T11:20:21.113+0000] {logging_mixin.py:188} INFO - [2024-09-22T11:20:21.112+0000] {dag.py:3947} INFO - Setting next_dagrun for example_branch_datetime_operator to 2024-09-22 00:00:00+00:00, run_after=2024-09-23 00:00:00+00:00
[2024-09-22T11:20:21.150+0000] {logging_mixin.py:188} INFO - [2024-09-22T11:20:21.149+0000] {dag.py:3947} INFO - Setting next_dagrun for example_branch_datetime_operator_2 to 2024-09-22 00:00:00+00:00, run_after=2024-09-23 00:00:00+00:00
[2024-09-22T11:20:21.171+0000] {logging_mixin.py:188} INFO - [2024-09-22T11:20:21.170+0000] {dag.py:3947} INFO - Setting next_dagrun for example_branch_datetime_operator_3 to 2024-09-22 00:00:00+00:00, run_after=2024-09-23 00:00:00+00:00
[2024-09-22T11:20:21.613+0000] {processor.py:183} INFO - Processing /home/airflow/.local/lib/python3.12/site-packages/airflow/example_dags/example_branch_datetime_operator.py took 1.456 seconds
[2024-09-22T11:21:07.582+0000] {processor.py:161} INFO - Started process (PID=726) to work on /home/airflow/.local/lib/python3.12/site-packages/airflow/example_dags/example_branch_datetime_operator.py
[2024-09-22T11:21:07.720+0000] {processor.py:830} INFO - Processing file /home/airflow/.local/lib/python3.12/site-packages/airflow/example_dags/example_branch_datetime_operator.py for tasks to queue
[2024-09-22T11:21:07.721+0000] {logging_mixin.py:188} INFO - [2024-09-22T11:21:07.721+0000] {dagbag.py:545} INFO - Filling up the DagBag from /home/airflow/.local/lib/python3.12/site-packages/airflow/example_dags/example_branch_datetime_operator.py
[2024-09-22T11:21:07.798+0000] {processor.py:840} INFO - DAG(s) 'example_branch_datetime_operator_2', 'example_branch_datetime_operator_3', 'example_branch_datetime_operator' retrieved from /home/airflow/.local/lib/python3.12/site-packages/airflow/example_dags/example_branch_datetime_operator.py
[2024-09-22T11:21:08.217+0000] {logging_mixin.py:188} INFO - [2024-09-22T11:21:08.215+0000] {dag.py:3089} INFO - Sync 3 DAGs
[2024-09-22T11:21:08.306+0000] {logging_mixin.py:188} INFO - [2024-09-22T11:21:08.305+0000] {dag.py:3947} INFO - Setting next_dagrun for example_branch_datetime_operator to 2024-09-22 00:00:00+00:00, run_after=2024-09-23 00:00:00+00:00
[2024-09-22T11:21:08.458+0000] {logging_mixin.py:188} INFO - [2024-09-22T11:21:08.454+0000] {dag.py:3947} INFO - Setting next_dagrun for example_branch_datetime_operator_2 to 2024-09-22 00:00:00+00:00, run_after=2024-09-23 00:00:00+00:00
[2024-09-22T11:21:08.472+0000] {logging_mixin.py:188} INFO - [2024-09-22T11:21:08.472+0000] {dag.py:3947} INFO - Setting next_dagrun for example_branch_datetime_operator_3 to 2024-09-22 00:00:00+00:00, run_after=2024-09-23 00:00:00+00:00
[2024-09-22T11:21:08.868+0000] {processor.py:183} INFO - Processing /home/airflow/.local/lib/python3.12/site-packages/airflow/example_dags/example_branch_datetime_operator.py took 1.325 seconds
[2024-09-22T11:22:47.737+0000] {processor.py:161} INFO - Started process (PID=846) to work on /home/airflow/.local/lib/python3.12/site-packages/airflow/example_dags/example_branch_datetime_operator.py
[2024-09-22T11:22:48.401+0000] {processor.py:830} INFO - Processing file /home/airflow/.local/lib/python3.12/site-packages/airflow/example_dags/example_branch_datetime_operator.py for tasks to queue
[2024-09-22T11:22:48.404+0000] {logging_mixin.py:188} INFO - [2024-09-22T11:22:48.403+0000] {dagbag.py:545} INFO - Filling up the DagBag from /home/airflow/.local/lib/python3.12/site-packages/airflow/example_dags/example_branch_datetime_operator.py
[2024-09-22T11:22:48.448+0000] {processor.py:840} INFO - DAG(s) 'example_branch_datetime_operator_3', 'example_branch_datetime_operator', 'example_branch_datetime_operator_2' retrieved from /home/airflow/.local/lib/python3.12/site-packages/airflow/example_dags/example_branch_datetime_operator.py
[2024-09-22T11:22:48.525+0000] {logging_mixin.py:188} INFO - [2024-09-22T11:22:48.525+0000] {dag.py:3089} INFO - Sync 3 DAGs
[2024-09-22T11:22:48.586+0000] {logging_mixin.py:188} INFO - [2024-09-22T11:22:48.586+0000] {dag.py:3947} INFO - Setting next_dagrun for example_branch_datetime_operator to 2024-09-22 00:00:00+00:00, run_after=2024-09-23 00:00:00+00:00
[2024-09-22T11:22:48.599+0000] {logging_mixin.py:188} INFO - [2024-09-22T11:22:48.598+0000] {dag.py:3947} INFO - Setting next_dagrun for example_branch_datetime_operator_2 to 2024-09-22 00:00:00+00:00, run_after=2024-09-23 00:00:00+00:00
[2024-09-22T11:22:48.605+0000] {logging_mixin.py:188} INFO - [2024-09-22T11:22:48.604+0000] {dag.py:3947} INFO - Setting next_dagrun for example_branch_datetime_operator_3 to 2024-09-22 00:00:00+00:00, run_after=2024-09-23 00:00:00+00:00
[2024-09-22T11:22:49.684+0000] {processor.py:183} INFO - Processing /home/airflow/.local/lib/python3.12/site-packages/airflow/example_dags/example_branch_datetime_operator.py took 1.950 seconds
[2024-09-22T11:23:20.918+0000] {processor.py:161} INFO - Started process (PID=904) to work on /home/airflow/.local/lib/python3.12/site-packages/airflow/example_dags/example_branch_datetime_operator.py
[2024-09-22T11:23:20.922+0000] {processor.py:830} INFO - Processing file /home/airflow/.local/lib/python3.12/site-packages/airflow/example_dags/example_branch_datetime_operator.py for tasks to queue
[2024-09-22T11:23:20.926+0000] {logging_mixin.py:188} INFO - [2024-09-22T11:23:20.925+0000] {dagbag.py:545} INFO - Filling up the DagBag from /home/airflow/.local/lib/python3.12/site-packages/airflow/example_dags/example_branch_datetime_operator.py
[2024-09-22T11:23:20.968+0000] {processor.py:840} INFO - DAG(s) 'example_branch_datetime_operator_2', 'example_branch_datetime_operator_3', 'example_branch_datetime_operator' retrieved from /home/airflow/.local/lib/python3.12/site-packages/airflow/example_dags/example_branch_datetime_operator.py
[2024-09-22T11:23:21.049+0000] {logging_mixin.py:188} INFO - [2024-09-22T11:23:21.049+0000] {dag.py:3089} INFO - Sync 3 DAGs
[2024-09-22T11:23:21.305+0000] {logging_mixin.py:188} INFO - [2024-09-22T11:23:21.304+0000] {dag.py:3947} INFO - Setting next_dagrun for example_branch_datetime_operator to 2024-09-22 00:00:00+00:00, run_after=2024-09-23 00:00:00+00:00
[2024-09-22T11:23:21.329+0000] {logging_mixin.py:188} INFO - [2024-09-22T11:23:21.329+0000] {dag.py:3947} INFO - Setting next_dagrun for example_branch_datetime_operator_2 to 2024-09-22 00:00:00+00:00, run_after=2024-09-23 00:00:00+00:00
[2024-09-22T11:23:21.336+0000] {logging_mixin.py:188} INFO - [2024-09-22T11:23:21.336+0000] {dag.py:3947} INFO - Setting next_dagrun for example_branch_datetime_operator_3 to 2024-09-22 00:00:00+00:00, run_after=2024-09-23 00:00:00+00:00
[2024-09-22T11:23:22.188+0000] {processor.py:183} INFO - Processing /home/airflow/.local/lib/python3.12/site-packages/airflow/example_dags/example_branch_datetime_operator.py took 1.304 seconds
[2024-09-22T11:24:45.292+0000] {processor.py:161} INFO - Started process (PID=984) to work on /home/airflow/.local/lib/python3.12/site-packages/airflow/example_dags/example_branch_datetime_operator.py
[2024-09-22T11:24:45.323+0000] {processor.py:830} INFO - Processing file /home/airflow/.local/lib/python3.12/site-packages/airflow/example_dags/example_branch_datetime_operator.py for tasks to queue
[2024-09-22T11:24:45.325+0000] {logging_mixin.py:188} INFO - [2024-09-22T11:24:45.324+0000] {dagbag.py:545} INFO - Filling up the DagBag from /home/airflow/.local/lib/python3.12/site-packages/airflow/example_dags/example_branch_datetime_operator.py
[2024-09-22T11:24:45.353+0000] {processor.py:840} INFO - DAG(s) 'example_branch_datetime_operator', 'example_branch_datetime_operator_2', 'example_branch_datetime_operator_3' retrieved from /home/airflow/.local/lib/python3.12/site-packages/airflow/example_dags/example_branch_datetime_operator.py
[2024-09-22T11:24:45.409+0000] {logging_mixin.py:188} INFO - [2024-09-22T11:24:45.409+0000] {dag.py:3089} INFO - Sync 3 DAGs
[2024-09-22T11:24:45.465+0000] {logging_mixin.py:188} INFO - [2024-09-22T11:24:45.464+0000] {dag.py:3947} INFO - Setting next_dagrun for example_branch_datetime_operator to 2024-09-22 00:00:00+00:00, run_after=2024-09-23 00:00:00+00:00
[2024-09-22T11:24:45.478+0000] {logging_mixin.py:188} INFO - [2024-09-22T11:24:45.477+0000] {dag.py:3947} INFO - Setting next_dagrun for example_branch_datetime_operator_2 to 2024-09-22 00:00:00+00:00, run_after=2024-09-23 00:00:00+00:00
[2024-09-22T11:24:45.485+0000] {logging_mixin.py:188} INFO - [2024-09-22T11:24:45.485+0000] {dag.py:3947} INFO - Setting next_dagrun for example_branch_datetime_operator_3 to 2024-09-22 00:00:00+00:00, run_after=2024-09-23 00:00:00+00:00
[2024-09-22T11:24:45.910+0000] {processor.py:183} INFO - Processing /home/airflow/.local/lib/python3.12/site-packages/airflow/example_dags/example_branch_datetime_operator.py took 0.629 seconds
[2024-09-22T11:26:16.569+0000] {processor.py:161} INFO - Started process (PID=1068) to work on /home/airflow/.local/lib/python3.12/site-packages/airflow/example_dags/example_branch_datetime_operator.py
[2024-09-22T11:26:17.200+0000] {processor.py:830} INFO - Processing file /home/airflow/.local/lib/python3.12/site-packages/airflow/example_dags/example_branch_datetime_operator.py for tasks to queue
[2024-09-22T11:26:17.202+0000] {logging_mixin.py:188} INFO - [2024-09-22T11:26:17.201+0000] {dagbag.py:545} INFO - Filling up the DagBag from /home/airflow/.local/lib/python3.12/site-packages/airflow/example_dags/example_branch_datetime_operator.py
[2024-09-22T11:26:17.235+0000] {processor.py:840} INFO - DAG(s) 'example_branch_datetime_operator_2', 'example_branch_datetime_operator_3', 'example_branch_datetime_operator' retrieved from /home/airflow/.local/lib/python3.12/site-packages/airflow/example_dags/example_branch_datetime_operator.py
[2024-09-22T11:26:17.301+0000] {logging_mixin.py:188} INFO - [2024-09-22T11:26:17.300+0000] {dag.py:3089} INFO - Sync 3 DAGs
[2024-09-22T11:26:18.038+0000] {logging_mixin.py:188} INFO - [2024-09-22T11:26:18.037+0000] {dag.py:3947} INFO - Setting next_dagrun for example_branch_datetime_operator to 2024-09-22 00:00:00+00:00, run_after=2024-09-23 00:00:00+00:00
[2024-09-22T11:26:18.057+0000] {logging_mixin.py:188} INFO - [2024-09-22T11:26:18.056+0000] {dag.py:3947} INFO - Setting next_dagrun for example_branch_datetime_operator_2 to 2024-09-22 00:00:00+00:00, run_after=2024-09-23 00:00:00+00:00
[2024-09-22T11:26:18.080+0000] {logging_mixin.py:188} INFO - [2024-09-22T11:26:18.078+0000] {dag.py:3947} INFO - Setting next_dagrun for example_branch_datetime_operator_3 to 2024-09-22 00:00:00+00:00, run_after=2024-09-23 00:00:00+00:00
[2024-09-22T11:26:18.348+0000] {processor.py:183} INFO - Processing /home/airflow/.local/lib/python3.12/site-packages/airflow/example_dags/example_branch_datetime_operator.py took 1.798 seconds
[2024-09-22T11:28:18.066+0000] {processor.py:161} INFO - Started process (PID=1178) to work on /home/airflow/.local/lib/python3.12/site-packages/airflow/example_dags/example_branch_datetime_operator.py
[2024-09-22T11:28:18.109+0000] {processor.py:830} INFO - Processing file /home/airflow/.local/lib/python3.12/site-packages/airflow/example_dags/example_branch_datetime_operator.py for tasks to queue
[2024-09-22T11:28:18.111+0000] {logging_mixin.py:188} INFO - [2024-09-22T11:28:18.110+0000] {dagbag.py:545} INFO - Filling up the DagBag from /home/airflow/.local/lib/python3.12/site-packages/airflow/example_dags/example_branch_datetime_operator.py
[2024-09-22T11:28:18.154+0000] {processor.py:840} INFO - DAG(s) 'example_branch_datetime_operator_2', 'example_branch_datetime_operator', 'example_branch_datetime_operator_3' retrieved from /home/airflow/.local/lib/python3.12/site-packages/airflow/example_dags/example_branch_datetime_operator.py
[2024-09-22T11:28:18.208+0000] {logging_mixin.py:188} INFO - [2024-09-22T11:28:18.208+0000] {dag.py:3089} INFO - Sync 3 DAGs
[2024-09-22T11:28:18.256+0000] {logging_mixin.py:188} INFO - [2024-09-22T11:28:18.256+0000] {dag.py:3947} INFO - Setting next_dagrun for example_branch_datetime_operator to 2024-09-22 00:00:00+00:00, run_after=2024-09-23 00:00:00+00:00
[2024-09-22T11:28:18.267+0000] {logging_mixin.py:188} INFO - [2024-09-22T11:28:18.266+0000] {dag.py:3947} INFO - Setting next_dagrun for example_branch_datetime_operator_2 to 2024-09-22 00:00:00+00:00, run_after=2024-09-23 00:00:00+00:00
[2024-09-22T11:28:18.273+0000] {logging_mixin.py:188} INFO - [2024-09-22T11:28:18.273+0000] {dag.py:3947} INFO - Setting next_dagrun for example_branch_datetime_operator_3 to 2024-09-22 00:00:00+00:00, run_after=2024-09-23 00:00:00+00:00
[2024-09-22T11:28:18.677+0000] {processor.py:183} INFO - Processing /home/airflow/.local/lib/python3.12/site-packages/airflow/example_dags/example_branch_datetime_operator.py took 0.639 seconds
[2024-09-22T11:29:09.051+0000] {processor.py:161} INFO - Started process (PID=1272) to work on /home/airflow/.local/lib/python3.12/site-packages/airflow/example_dags/example_branch_datetime_operator.py
[2024-09-22T11:29:09.264+0000] {processor.py:830} INFO - Processing file /home/airflow/.local/lib/python3.12/site-packages/airflow/example_dags/example_branch_datetime_operator.py for tasks to queue
[2024-09-22T11:29:09.266+0000] {logging_mixin.py:188} INFO - [2024-09-22T11:29:09.266+0000] {dagbag.py:545} INFO - Filling up the DagBag from /home/airflow/.local/lib/python3.12/site-packages/airflow/example_dags/example_branch_datetime_operator.py
[2024-09-22T11:29:09.288+0000] {processor.py:840} INFO - DAG(s) 'example_branch_datetime_operator_3', 'example_branch_datetime_operator_2', 'example_branch_datetime_operator' retrieved from /home/airflow/.local/lib/python3.12/site-packages/airflow/example_dags/example_branch_datetime_operator.py
[2024-09-22T11:29:09.343+0000] {logging_mixin.py:188} INFO - [2024-09-22T11:29:09.342+0000] {dag.py:3089} INFO - Sync 3 DAGs
[2024-09-22T11:29:09.396+0000] {logging_mixin.py:188} INFO - [2024-09-22T11:29:09.396+0000] {dag.py:3947} INFO - Setting next_dagrun for example_branch_datetime_operator to 2024-09-22 00:00:00+00:00, run_after=2024-09-23 00:00:00+00:00
[2024-09-22T11:29:09.406+0000] {logging_mixin.py:188} INFO - [2024-09-22T11:29:09.406+0000] {dag.py:3947} INFO - Setting next_dagrun for example_branch_datetime_operator_2 to 2024-09-22 00:00:00+00:00, run_after=2024-09-23 00:00:00+00:00
[2024-09-22T11:29:09.413+0000] {logging_mixin.py:188} INFO - [2024-09-22T11:29:09.412+0000] {dag.py:3947} INFO - Setting next_dagrun for example_branch_datetime_operator_3 to 2024-09-22 00:00:00+00:00, run_after=2024-09-23 00:00:00+00:00
[2024-09-22T11:29:09.752+0000] {processor.py:183} INFO - Processing /home/airflow/.local/lib/python3.12/site-packages/airflow/example_dags/example_branch_datetime_operator.py took 0.715 seconds
[2024-09-22T11:29:40.700+0000] {processor.py:161} INFO - Started process (PID=1338) to work on /home/airflow/.local/lib/python3.12/site-packages/airflow/example_dags/example_branch_datetime_operator.py
[2024-09-22T11:29:40.701+0000] {processor.py:830} INFO - Processing file /home/airflow/.local/lib/python3.12/site-packages/airflow/example_dags/example_branch_datetime_operator.py for tasks to queue
[2024-09-22T11:29:40.702+0000] {logging_mixin.py:188} INFO - [2024-09-22T11:29:40.702+0000] {dagbag.py:545} INFO - Filling up the DagBag from /home/airflow/.local/lib/python3.12/site-packages/airflow/example_dags/example_branch_datetime_operator.py
[2024-09-22T11:29:40.721+0000] {processor.py:840} INFO - DAG(s) 'example_branch_datetime_operator_3', 'example_branch_datetime_operator', 'example_branch_datetime_operator_2' retrieved from /home/airflow/.local/lib/python3.12/site-packages/airflow/example_dags/example_branch_datetime_operator.py
[2024-09-22T11:29:40.812+0000] {logging_mixin.py:188} INFO - [2024-09-22T11:29:40.812+0000] {dag.py:3089} INFO - Sync 3 DAGs
[2024-09-22T11:29:40.867+0000] {logging_mixin.py:188} INFO - [2024-09-22T11:29:40.866+0000] {dag.py:3947} INFO - Setting next_dagrun for example_branch_datetime_operator to 2024-09-22 00:00:00+00:00, run_after=2024-09-23 00:00:00+00:00
[2024-09-22T11:29:40.876+0000] {logging_mixin.py:188} INFO - [2024-09-22T11:29:40.876+0000] {dag.py:3947} INFO - Setting next_dagrun for example_branch_datetime_operator_2 to 2024-09-22 00:00:00+00:00, run_after=2024-09-23 00:00:00+00:00
[2024-09-22T11:29:40.881+0000] {logging_mixin.py:188} INFO - [2024-09-22T11:29:40.881+0000] {dag.py:3947} INFO - Setting next_dagrun for example_branch_datetime_operator_3 to 2024-09-22 00:00:00+00:00, run_after=2024-09-23 00:00:00+00:00
[2024-09-22T11:29:41.120+0000] {processor.py:183} INFO - Processing /home/airflow/.local/lib/python3.12/site-packages/airflow/example_dags/example_branch_datetime_operator.py took 0.430 seconds
[2024-09-22T11:30:11.579+0000] {processor.py:161} INFO - Started process (PID=1397) to work on /home/airflow/.local/lib/python3.12/site-packages/airflow/example_dags/example_branch_datetime_operator.py
[2024-09-22T11:30:11.838+0000] {processor.py:830} INFO - Processing file /home/airflow/.local/lib/python3.12/site-packages/airflow/example_dags/example_branch_datetime_operator.py for tasks to queue
[2024-09-22T11:30:11.840+0000] {logging_mixin.py:188} INFO - [2024-09-22T11:30:11.839+0000] {dagbag.py:545} INFO - Filling up the DagBag from /home/airflow/.local/lib/python3.12/site-packages/airflow/example_dags/example_branch_datetime_operator.py
[2024-09-22T11:30:11.859+0000] {processor.py:840} INFO - DAG(s) 'example_branch_datetime_operator', 'example_branch_datetime_operator_2', 'example_branch_datetime_operator_3' retrieved from /home/airflow/.local/lib/python3.12/site-packages/airflow/example_dags/example_branch_datetime_operator.py
[2024-09-22T11:30:11.975+0000] {logging_mixin.py:188} INFO - [2024-09-22T11:30:11.974+0000] {dag.py:3089} INFO - Sync 3 DAGs
[2024-09-22T11:30:12.090+0000] {logging_mixin.py:188} INFO - [2024-09-22T11:30:12.086+0000] {dag.py:3947} INFO - Setting next_dagrun for example_branch_datetime_operator to 2024-09-22 00:00:00+00:00, run_after=2024-09-23 00:00:00+00:00
[2024-09-22T11:30:12.105+0000] {logging_mixin.py:188} INFO - [2024-09-22T11:30:12.103+0000] {dag.py:3947} INFO - Setting next_dagrun for example_branch_datetime_operator_2 to 2024-09-22 00:00:00+00:00, run_after=2024-09-23 00:00:00+00:00
[2024-09-22T11:30:12.113+0000] {logging_mixin.py:188} INFO - [2024-09-22T11:30:12.113+0000] {dag.py:3947} INFO - Setting next_dagrun for example_branch_datetime_operator_3 to 2024-09-22 00:00:00+00:00, run_after=2024-09-23 00:00:00+00:00
[2024-09-22T11:30:12.368+0000] {processor.py:183} INFO - Processing /home/airflow/.local/lib/python3.12/site-packages/airflow/example_dags/example_branch_datetime_operator.py took 0.821 seconds
[2024-09-22T11:30:43.710+0000] {processor.py:161} INFO - Started process (PID=1471) to work on /home/airflow/.local/lib/python3.12/site-packages/airflow/example_dags/example_branch_datetime_operator.py
[2024-09-22T11:30:43.711+0000] {processor.py:830} INFO - Processing file /home/airflow/.local/lib/python3.12/site-packages/airflow/example_dags/example_branch_datetime_operator.py for tasks to queue
[2024-09-22T11:30:43.712+0000] {logging_mixin.py:188} INFO - [2024-09-22T11:30:43.712+0000] {dagbag.py:545} INFO - Filling up the DagBag from /home/airflow/.local/lib/python3.12/site-packages/airflow/example_dags/example_branch_datetime_operator.py
[2024-09-22T11:30:43.725+0000] {processor.py:840} INFO - DAG(s) 'example_branch_datetime_operator_2', 'example_branch_datetime_operator', 'example_branch_datetime_operator_3' retrieved from /home/airflow/.local/lib/python3.12/site-packages/airflow/example_dags/example_branch_datetime_operator.py
[2024-09-22T11:30:43.761+0000] {logging_mixin.py:188} INFO - [2024-09-22T11:30:43.760+0000] {dag.py:3089} INFO - Sync 3 DAGs
[2024-09-22T11:30:43.800+0000] {logging_mixin.py:188} INFO - [2024-09-22T11:30:43.800+0000] {dag.py:3947} INFO - Setting next_dagrun for example_branch_datetime_operator to 2024-09-22 00:00:00+00:00, run_after=2024-09-23 00:00:00+00:00
[2024-09-22T11:30:43.812+0000] {logging_mixin.py:188} INFO - [2024-09-22T11:30:43.812+0000] {dag.py:3947} INFO - Setting next_dagrun for example_branch_datetime_operator_2 to 2024-09-22 00:00:00+00:00, run_after=2024-09-23 00:00:00+00:00
[2024-09-22T11:30:43.818+0000] {logging_mixin.py:188} INFO - [2024-09-22T11:30:43.818+0000] {dag.py:3947} INFO - Setting next_dagrun for example_branch_datetime_operator_3 to 2024-09-22 00:00:00+00:00, run_after=2024-09-23 00:00:00+00:00
[2024-09-22T11:30:44.033+0000] {processor.py:183} INFO - Processing /home/airflow/.local/lib/python3.12/site-packages/airflow/example_dags/example_branch_datetime_operator.py took 0.331 seconds
[2024-09-22T11:31:21.315+0000] {processor.py:161} INFO - Started process (PID=1534) to work on /home/airflow/.local/lib/python3.12/site-packages/airflow/example_dags/example_branch_datetime_operator.py
[2024-09-22T11:31:21.529+0000] {processor.py:830} INFO - Processing file /home/airflow/.local/lib/python3.12/site-packages/airflow/example_dags/example_branch_datetime_operator.py for tasks to queue
[2024-09-22T11:31:21.535+0000] {logging_mixin.py:188} INFO - [2024-09-22T11:31:21.531+0000] {dagbag.py:545} INFO - Filling up the DagBag from /home/airflow/.local/lib/python3.12/site-packages/airflow/example_dags/example_branch_datetime_operator.py
[2024-09-22T11:31:21.625+0000] {processor.py:840} INFO - DAG(s) 'example_branch_datetime_operator', 'example_branch_datetime_operator_2', 'example_branch_datetime_operator_3' retrieved from /home/airflow/.local/lib/python3.12/site-packages/airflow/example_dags/example_branch_datetime_operator.py
[2024-09-22T11:31:21.745+0000] {logging_mixin.py:188} INFO - [2024-09-22T11:31:21.745+0000] {dag.py:3089} INFO - Sync 3 DAGs
[2024-09-22T11:31:21.814+0000] {logging_mixin.py:188} INFO - [2024-09-22T11:31:21.814+0000] {dag.py:3947} INFO - Setting next_dagrun for example_branch_datetime_operator to 2024-09-22 00:00:00+00:00, run_after=2024-09-23 00:00:00+00:00
[2024-09-22T11:31:21.832+0000] {logging_mixin.py:188} INFO - [2024-09-22T11:31:21.831+0000] {dag.py:3947} INFO - Setting next_dagrun for example_branch_datetime_operator_2 to 2024-09-22 00:00:00+00:00, run_after=2024-09-23 00:00:00+00:00
[2024-09-22T11:31:21.841+0000] {logging_mixin.py:188} INFO - [2024-09-22T11:31:21.840+0000] {dag.py:3947} INFO - Setting next_dagrun for example_branch_datetime_operator_3 to 2024-09-22 00:00:00+00:00, run_after=2024-09-23 00:00:00+00:00
[2024-09-22T11:31:22.077+0000] {processor.py:183} INFO - Processing /home/airflow/.local/lib/python3.12/site-packages/airflow/example_dags/example_branch_datetime_operator.py took 0.845 seconds
[2024-09-22T11:33:10.497+0000] {processor.py:161} INFO - Started process (PID=1665) to work on /home/airflow/.local/lib/python3.12/site-packages/airflow/example_dags/example_branch_datetime_operator.py
[2024-09-22T11:33:10.838+0000] {processor.py:830} INFO - Processing file /home/airflow/.local/lib/python3.12/site-packages/airflow/example_dags/example_branch_datetime_operator.py for tasks to queue
[2024-09-22T11:33:10.840+0000] {logging_mixin.py:188} INFO - [2024-09-22T11:33:10.839+0000] {dagbag.py:545} INFO - Filling up the DagBag from /home/airflow/.local/lib/python3.12/site-packages/airflow/example_dags/example_branch_datetime_operator.py
[2024-09-22T11:33:10.854+0000] {processor.py:840} INFO - DAG(s) 'example_branch_datetime_operator', 'example_branch_datetime_operator_2', 'example_branch_datetime_operator_3' retrieved from /home/airflow/.local/lib/python3.12/site-packages/airflow/example_dags/example_branch_datetime_operator.py
[2024-09-22T11:33:10.923+0000] {logging_mixin.py:188} INFO - [2024-09-22T11:33:10.922+0000] {dag.py:3089} INFO - Sync 3 DAGs
[2024-09-22T11:33:11.017+0000] {logging_mixin.py:188} INFO - [2024-09-22T11:33:11.017+0000] {dag.py:3947} INFO - Setting next_dagrun for example_branch_datetime_operator to 2024-09-22 00:00:00+00:00, run_after=2024-09-23 00:00:00+00:00
[2024-09-22T11:33:11.038+0000] {logging_mixin.py:188} INFO - [2024-09-22T11:33:11.037+0000] {dag.py:3947} INFO - Setting next_dagrun for example_branch_datetime_operator_2 to 2024-09-22 00:00:00+00:00, run_after=2024-09-23 00:00:00+00:00
[2024-09-22T11:33:11.044+0000] {logging_mixin.py:188} INFO - [2024-09-22T11:33:11.043+0000] {dag.py:3947} INFO - Setting next_dagrun for example_branch_datetime_operator_3 to 2024-09-22 00:00:00+00:00, run_after=2024-09-23 00:00:00+00:00
[2024-09-22T11:33:11.460+0000] {processor.py:183} INFO - Processing /home/airflow/.local/lib/python3.12/site-packages/airflow/example_dags/example_branch_datetime_operator.py took 0.973 seconds
[2024-09-22T11:33:47.787+0000] {processor.py:161} INFO - Started process (PID=1736) to work on /home/airflow/.local/lib/python3.12/site-packages/airflow/example_dags/example_branch_datetime_operator.py
[2024-09-22T11:33:47.829+0000] {processor.py:830} INFO - Processing file /home/airflow/.local/lib/python3.12/site-packages/airflow/example_dags/example_branch_datetime_operator.py for tasks to queue
[2024-09-22T11:33:47.839+0000] {logging_mixin.py:188} INFO - [2024-09-22T11:33:47.831+0000] {dagbag.py:545} INFO - Filling up the DagBag from /home/airflow/.local/lib/python3.12/site-packages/airflow/example_dags/example_branch_datetime_operator.py
[2024-09-22T11:33:47.912+0000] {processor.py:840} INFO - DAG(s) 'example_branch_datetime_operator_2', 'example_branch_datetime_operator', 'example_branch_datetime_operator_3' retrieved from /home/airflow/.local/lib/python3.12/site-packages/airflow/example_dags/example_branch_datetime_operator.py
[2024-09-22T11:33:48.337+0000] {logging_mixin.py:188} INFO - [2024-09-22T11:33:48.328+0000] {dag.py:3089} INFO - Sync 3 DAGs
[2024-09-22T11:33:48.599+0000] {logging_mixin.py:188} INFO - [2024-09-22T11:33:48.598+0000] {dag.py:3947} INFO - Setting next_dagrun for example_branch_datetime_operator to 2024-09-22 00:00:00+00:00, run_after=2024-09-23 00:00:00+00:00
[2024-09-22T11:33:48.625+0000] {logging_mixin.py:188} INFO - [2024-09-22T11:33:48.624+0000] {dag.py:3947} INFO - Setting next_dagrun for example_branch_datetime_operator_2 to 2024-09-22 00:00:00+00:00, run_after=2024-09-23 00:00:00+00:00
[2024-09-22T11:33:48.637+0000] {logging_mixin.py:188} INFO - [2024-09-22T11:33:48.636+0000] {dag.py:3947} INFO - Setting next_dagrun for example_branch_datetime_operator_3 to 2024-09-22 00:00:00+00:00, run_after=2024-09-23 00:00:00+00:00
[2024-09-22T11:33:48.984+0000] {processor.py:183} INFO - Processing /home/airflow/.local/lib/python3.12/site-packages/airflow/example_dags/example_branch_datetime_operator.py took 1.217 seconds
[2024-09-22T11:34:21.454+0000] {processor.py:161} INFO - Started process (PID=1803) to work on /home/airflow/.local/lib/python3.12/site-packages/airflow/example_dags/example_branch_datetime_operator.py
[2024-09-22T11:34:21.455+0000] {processor.py:830} INFO - Processing file /home/airflow/.local/lib/python3.12/site-packages/airflow/example_dags/example_branch_datetime_operator.py for tasks to queue
[2024-09-22T11:34:21.456+0000] {logging_mixin.py:188} INFO - [2024-09-22T11:34:21.456+0000] {dagbag.py:545} INFO - Filling up the DagBag from /home/airflow/.local/lib/python3.12/site-packages/airflow/example_dags/example_branch_datetime_operator.py
[2024-09-22T11:34:21.475+0000] {processor.py:840} INFO - DAG(s) 'example_branch_datetime_operator', 'example_branch_datetime_operator_2', 'example_branch_datetime_operator_3' retrieved from /home/airflow/.local/lib/python3.12/site-packages/airflow/example_dags/example_branch_datetime_operator.py
[2024-09-22T11:34:21.531+0000] {logging_mixin.py:188} INFO - [2024-09-22T11:34:21.531+0000] {dag.py:3089} INFO - Sync 3 DAGs
[2024-09-22T11:34:21.577+0000] {logging_mixin.py:188} INFO - [2024-09-22T11:34:21.577+0000] {dag.py:3947} INFO - Setting next_dagrun for example_branch_datetime_operator to 2024-09-22 00:00:00+00:00, run_after=2024-09-23 00:00:00+00:00
[2024-09-22T11:34:21.587+0000] {logging_mixin.py:188} INFO - [2024-09-22T11:34:21.587+0000] {dag.py:3947} INFO - Setting next_dagrun for example_branch_datetime_operator_2 to 2024-09-22 00:00:00+00:00, run_after=2024-09-23 00:00:00+00:00
[2024-09-22T11:34:21.593+0000] {logging_mixin.py:188} INFO - [2024-09-22T11:34:21.592+0000] {dag.py:3947} INFO - Setting next_dagrun for example_branch_datetime_operator_3 to 2024-09-22 00:00:00+00:00, run_after=2024-09-23 00:00:00+00:00
[2024-09-22T11:34:22.074+0000] {processor.py:183} INFO - Processing /home/airflow/.local/lib/python3.12/site-packages/airflow/example_dags/example_branch_datetime_operator.py took 0.630 seconds
[2024-09-22T11:34:54.125+0000] {processor.py:161} INFO - Started process (PID=1867) to work on /home/airflow/.local/lib/python3.12/site-packages/airflow/example_dags/example_branch_datetime_operator.py
[2024-09-22T11:34:54.438+0000] {processor.py:830} INFO - Processing file /home/airflow/.local/lib/python3.12/site-packages/airflow/example_dags/example_branch_datetime_operator.py for tasks to queue
[2024-09-22T11:34:54.449+0000] {logging_mixin.py:188} INFO - [2024-09-22T11:34:54.448+0000] {dagbag.py:545} INFO - Filling up the DagBag from /home/airflow/.local/lib/python3.12/site-packages/airflow/example_dags/example_branch_datetime_operator.py
[2024-09-22T11:34:54.613+0000] {processor.py:840} INFO - DAG(s) 'example_branch_datetime_operator', 'example_branch_datetime_operator_3', 'example_branch_datetime_operator_2' retrieved from /home/airflow/.local/lib/python3.12/site-packages/airflow/example_dags/example_branch_datetime_operator.py
[2024-09-22T11:34:55.149+0000] {logging_mixin.py:188} INFO - [2024-09-22T11:34:55.149+0000] {dag.py:3089} INFO - Sync 3 DAGs
[2024-09-22T11:34:55.317+0000] {logging_mixin.py:188} INFO - [2024-09-22T11:34:55.317+0000] {dag.py:3947} INFO - Setting next_dagrun for example_branch_datetime_operator to 2024-09-22 00:00:00+00:00, run_after=2024-09-23 00:00:00+00:00
[2024-09-22T11:34:55.341+0000] {logging_mixin.py:188} INFO - [2024-09-22T11:34:55.340+0000] {dag.py:3947} INFO - Setting next_dagrun for example_branch_datetime_operator_2 to 2024-09-22 00:00:00+00:00, run_after=2024-09-23 00:00:00+00:00
[2024-09-22T11:34:55.357+0000] {logging_mixin.py:188} INFO - [2024-09-22T11:34:55.354+0000] {dag.py:3947} INFO - Setting next_dagrun for example_branch_datetime_operator_3 to 2024-09-22 00:00:00+00:00, run_after=2024-09-23 00:00:00+00:00
[2024-09-22T11:34:55.594+0000] {processor.py:183} INFO - Processing /home/airflow/.local/lib/python3.12/site-packages/airflow/example_dags/example_branch_datetime_operator.py took 1.478 seconds
[2024-09-22T11:35:26.555+0000] {processor.py:161} INFO - Started process (PID=1929) to work on /home/airflow/.local/lib/python3.12/site-packages/airflow/example_dags/example_branch_datetime_operator.py
[2024-09-22T11:35:26.963+0000] {processor.py:830} INFO - Processing file /home/airflow/.local/lib/python3.12/site-packages/airflow/example_dags/example_branch_datetime_operator.py for tasks to queue
[2024-09-22T11:35:26.970+0000] {logging_mixin.py:188} INFO - [2024-09-22T11:35:26.965+0000] {dagbag.py:545} INFO - Filling up the DagBag from /home/airflow/.local/lib/python3.12/site-packages/airflow/example_dags/example_branch_datetime_operator.py
[2024-09-22T11:35:26.996+0000] {processor.py:840} INFO - DAG(s) 'example_branch_datetime_operator', 'example_branch_datetime_operator_2', 'example_branch_datetime_operator_3' retrieved from /home/airflow/.local/lib/python3.12/site-packages/airflow/example_dags/example_branch_datetime_operator.py
[2024-09-22T11:35:27.041+0000] {logging_mixin.py:188} INFO - [2024-09-22T11:35:27.041+0000] {dag.py:3089} INFO - Sync 3 DAGs
[2024-09-22T11:35:27.081+0000] {logging_mixin.py:188} INFO - [2024-09-22T11:35:27.080+0000] {dag.py:3947} INFO - Setting next_dagrun for example_branch_datetime_operator to 2024-09-22 00:00:00+00:00, run_after=2024-09-23 00:00:00+00:00
[2024-09-22T11:35:27.089+0000] {logging_mixin.py:188} INFO - [2024-09-22T11:35:27.089+0000] {dag.py:3947} INFO - Setting next_dagrun for example_branch_datetime_operator_2 to 2024-09-22 00:00:00+00:00, run_after=2024-09-23 00:00:00+00:00
[2024-09-22T11:35:27.094+0000] {logging_mixin.py:188} INFO - [2024-09-22T11:35:27.093+0000] {dag.py:3947} INFO - Setting next_dagrun for example_branch_datetime_operator_3 to 2024-09-22 00:00:00+00:00, run_after=2024-09-23 00:00:00+00:00
[2024-09-22T11:35:27.295+0000] {processor.py:183} INFO - Processing /home/airflow/.local/lib/python3.12/site-packages/airflow/example_dags/example_branch_datetime_operator.py took 0.751 seconds
[2024-09-22T11:35:58.355+0000] {processor.py:161} INFO - Started process (PID=1995) to work on /home/airflow/.local/lib/python3.12/site-packages/airflow/example_dags/example_branch_datetime_operator.py
[2024-09-22T11:35:58.358+0000] {processor.py:830} INFO - Processing file /home/airflow/.local/lib/python3.12/site-packages/airflow/example_dags/example_branch_datetime_operator.py for tasks to queue
[2024-09-22T11:35:58.360+0000] {logging_mixin.py:188} INFO - [2024-09-22T11:35:58.359+0000] {dagbag.py:545} INFO - Filling up the DagBag from /home/airflow/.local/lib/python3.12/site-packages/airflow/example_dags/example_branch_datetime_operator.py
[2024-09-22T11:35:58.386+0000] {processor.py:840} INFO - DAG(s) 'example_branch_datetime_operator_2', 'example_branch_datetime_operator', 'example_branch_datetime_operator_3' retrieved from /home/airflow/.local/lib/python3.12/site-packages/airflow/example_dags/example_branch_datetime_operator.py
[2024-09-22T11:35:58.444+0000] {logging_mixin.py:188} INFO - [2024-09-22T11:35:58.443+0000] {dag.py:3089} INFO - Sync 3 DAGs
[2024-09-22T11:35:58.509+0000] {logging_mixin.py:188} INFO - [2024-09-22T11:35:58.508+0000] {dag.py:3947} INFO - Setting next_dagrun for example_branch_datetime_operator to 2024-09-22 00:00:00+00:00, run_after=2024-09-23 00:00:00+00:00
[2024-09-22T11:35:58.522+0000] {logging_mixin.py:188} INFO - [2024-09-22T11:35:58.521+0000] {dag.py:3947} INFO - Setting next_dagrun for example_branch_datetime_operator_2 to 2024-09-22 00:00:00+00:00, run_after=2024-09-23 00:00:00+00:00
[2024-09-22T11:35:58.530+0000] {logging_mixin.py:188} INFO - [2024-09-22T11:35:58.530+0000] {dag.py:3947} INFO - Setting next_dagrun for example_branch_datetime_operator_3 to 2024-09-22 00:00:00+00:00, run_after=2024-09-23 00:00:00+00:00
[2024-09-22T11:35:58.783+0000] {processor.py:183} INFO - Processing /home/airflow/.local/lib/python3.12/site-packages/airflow/example_dags/example_branch_datetime_operator.py took 0.451 seconds
[2024-09-22T11:41:22.372+0000] {processor.py:161} INFO - Started process (PID=2154) to work on /home/airflow/.local/lib/python3.12/site-packages/airflow/example_dags/example_branch_datetime_operator.py
[2024-09-22T11:41:22.422+0000] {processor.py:830} INFO - Processing file /home/airflow/.local/lib/python3.12/site-packages/airflow/example_dags/example_branch_datetime_operator.py for tasks to queue
[2024-09-22T11:41:22.423+0000] {logging_mixin.py:188} INFO - [2024-09-22T11:41:22.423+0000] {dagbag.py:545} INFO - Filling up the DagBag from /home/airflow/.local/lib/python3.12/site-packages/airflow/example_dags/example_branch_datetime_operator.py
[2024-09-22T11:41:22.443+0000] {processor.py:840} INFO - DAG(s) 'example_branch_datetime_operator_3', 'example_branch_datetime_operator_2', 'example_branch_datetime_operator' retrieved from /home/airflow/.local/lib/python3.12/site-packages/airflow/example_dags/example_branch_datetime_operator.py
[2024-09-22T11:41:22.509+0000] {logging_mixin.py:188} INFO - [2024-09-22T11:41:22.508+0000] {dag.py:3089} INFO - Sync 3 DAGs
[2024-09-22T11:41:22.555+0000] {logging_mixin.py:188} INFO - [2024-09-22T11:41:22.555+0000] {dag.py:3947} INFO - Setting next_dagrun for example_branch_datetime_operator to 2024-09-22 00:00:00+00:00, run_after=2024-09-23 00:00:00+00:00
[2024-09-22T11:41:22.565+0000] {logging_mixin.py:188} INFO - [2024-09-22T11:41:22.565+0000] {dag.py:3947} INFO - Setting next_dagrun for example_branch_datetime_operator_2 to 2024-09-22 00:00:00+00:00, run_after=2024-09-23 00:00:00+00:00
[2024-09-22T11:41:22.571+0000] {logging_mixin.py:188} INFO - [2024-09-22T11:41:22.570+0000] {dag.py:3947} INFO - Setting next_dagrun for example_branch_datetime_operator_3 to 2024-09-22 00:00:00+00:00, run_after=2024-09-23 00:00:00+00:00
[2024-09-22T11:41:22.743+0000] {processor.py:183} INFO - Processing /home/airflow/.local/lib/python3.12/site-packages/airflow/example_dags/example_branch_datetime_operator.py took 0.380 seconds
[2024-09-22T11:42:02.496+0000] {processor.py:161} INFO - Started process (PID=2228) to work on /home/airflow/.local/lib/python3.12/site-packages/airflow/example_dags/example_branch_datetime_operator.py
[2024-09-22T11:42:02.714+0000] {processor.py:830} INFO - Processing file /home/airflow/.local/lib/python3.12/site-packages/airflow/example_dags/example_branch_datetime_operator.py for tasks to queue
[2024-09-22T11:42:02.716+0000] {logging_mixin.py:188} INFO - [2024-09-22T11:42:02.715+0000] {dagbag.py:545} INFO - Filling up the DagBag from /home/airflow/.local/lib/python3.12/site-packages/airflow/example_dags/example_branch_datetime_operator.py
[2024-09-22T11:42:02.736+0000] {processor.py:840} INFO - DAG(s) 'example_branch_datetime_operator_3', 'example_branch_datetime_operator_2', 'example_branch_datetime_operator' retrieved from /home/airflow/.local/lib/python3.12/site-packages/airflow/example_dags/example_branch_datetime_operator.py
[2024-09-22T11:42:02.808+0000] {logging_mixin.py:188} INFO - [2024-09-22T11:42:02.807+0000] {dag.py:3089} INFO - Sync 3 DAGs
[2024-09-22T11:42:02.868+0000] {logging_mixin.py:188} INFO - [2024-09-22T11:42:02.868+0000] {dag.py:3947} INFO - Setting next_dagrun for example_branch_datetime_operator to 2024-09-22 00:00:00+00:00, run_after=2024-09-23 00:00:00+00:00
[2024-09-22T11:42:02.882+0000] {logging_mixin.py:188} INFO - [2024-09-22T11:42:02.881+0000] {dag.py:3947} INFO - Setting next_dagrun for example_branch_datetime_operator_2 to 2024-09-22 00:00:00+00:00, run_after=2024-09-23 00:00:00+00:00
[2024-09-22T11:42:02.889+0000] {logging_mixin.py:188} INFO - [2024-09-22T11:42:02.889+0000] {dag.py:3947} INFO - Setting next_dagrun for example_branch_datetime_operator_3 to 2024-09-22 00:00:00+00:00, run_after=2024-09-23 00:00:00+00:00
[2024-09-22T11:42:03.194+0000] {processor.py:183} INFO - Processing /home/airflow/.local/lib/python3.12/site-packages/airflow/example_dags/example_branch_datetime_operator.py took 0.710 seconds
[2024-09-22T11:42:35.031+0000] {processor.py:161} INFO - Started process (PID=2309) to work on /home/airflow/.local/lib/python3.12/site-packages/airflow/example_dags/example_branch_datetime_operator.py
[2024-09-22T11:42:35.043+0000] {processor.py:830} INFO - Processing file /home/airflow/.local/lib/python3.12/site-packages/airflow/example_dags/example_branch_datetime_operator.py for tasks to queue
[2024-09-22T11:42:35.045+0000] {logging_mixin.py:188} INFO - [2024-09-22T11:42:35.044+0000] {dagbag.py:545} INFO - Filling up the DagBag from /home/airflow/.local/lib/python3.12/site-packages/airflow/example_dags/example_branch_datetime_operator.py
[2024-09-22T11:42:35.109+0000] {processor.py:840} INFO - DAG(s) 'example_branch_datetime_operator', 'example_branch_datetime_operator_2', 'example_branch_datetime_operator_3' retrieved from /home/airflow/.local/lib/python3.12/site-packages/airflow/example_dags/example_branch_datetime_operator.py
[2024-09-22T11:42:35.283+0000] {logging_mixin.py:188} INFO - [2024-09-22T11:42:35.283+0000] {dag.py:3089} INFO - Sync 3 DAGs
[2024-09-22T11:42:35.356+0000] {logging_mixin.py:188} INFO - [2024-09-22T11:42:35.355+0000] {dag.py:3947} INFO - Setting next_dagrun for example_branch_datetime_operator to 2024-09-22 00:00:00+00:00, run_after=2024-09-23 00:00:00+00:00
[2024-09-22T11:42:35.379+0000] {logging_mixin.py:188} INFO - [2024-09-22T11:42:35.379+0000] {dag.py:3947} INFO - Setting next_dagrun for example_branch_datetime_operator_2 to 2024-09-22 00:00:00+00:00, run_after=2024-09-23 00:00:00+00:00
[2024-09-22T11:42:35.396+0000] {logging_mixin.py:188} INFO - [2024-09-22T11:42:35.395+0000] {dag.py:3947} INFO - Setting next_dagrun for example_branch_datetime_operator_3 to 2024-09-22 00:00:00+00:00, run_after=2024-09-23 00:00:00+00:00
[2024-09-22T11:42:35.691+0000] {processor.py:183} INFO - Processing /home/airflow/.local/lib/python3.12/site-packages/airflow/example_dags/example_branch_datetime_operator.py took 0.691 seconds
[2024-09-22T11:43:06.245+0000] {processor.py:161} INFO - Started process (PID=2389) to work on /home/airflow/.local/lib/python3.12/site-packages/airflow/example_dags/example_branch_datetime_operator.py
[2024-09-22T11:43:06.467+0000] {processor.py:830} INFO - Processing file /home/airflow/.local/lib/python3.12/site-packages/airflow/example_dags/example_branch_datetime_operator.py for tasks to queue
[2024-09-22T11:43:06.468+0000] {logging_mixin.py:188} INFO - [2024-09-22T11:43:06.467+0000] {dagbag.py:545} INFO - Filling up the DagBag from /home/airflow/.local/lib/python3.12/site-packages/airflow/example_dags/example_branch_datetime_operator.py
[2024-09-22T11:43:06.522+0000] {processor.py:840} INFO - DAG(s) 'example_branch_datetime_operator', 'example_branch_datetime_operator_2', 'example_branch_datetime_operator_3' retrieved from /home/airflow/.local/lib/python3.12/site-packages/airflow/example_dags/example_branch_datetime_operator.py
[2024-09-22T11:43:06.619+0000] {logging_mixin.py:188} INFO - [2024-09-22T11:43:06.618+0000] {dag.py:3089} INFO - Sync 3 DAGs
[2024-09-22T11:43:06.708+0000] {logging_mixin.py:188} INFO - [2024-09-22T11:43:06.708+0000] {dag.py:3947} INFO - Setting next_dagrun for example_branch_datetime_operator to 2024-09-22 00:00:00+00:00, run_after=2024-09-23 00:00:00+00:00
[2024-09-22T11:43:06.737+0000] {logging_mixin.py:188} INFO - [2024-09-22T11:43:06.736+0000] {dag.py:3947} INFO - Setting next_dagrun for example_branch_datetime_operator_2 to 2024-09-22 00:00:00+00:00, run_after=2024-09-23 00:00:00+00:00
[2024-09-22T11:43:06.746+0000] {logging_mixin.py:188} INFO - [2024-09-22T11:43:06.746+0000] {dag.py:3947} INFO - Setting next_dagrun for example_branch_datetime_operator_3 to 2024-09-22 00:00:00+00:00, run_after=2024-09-23 00:00:00+00:00
[2024-09-22T11:43:06.977+0000] {processor.py:183} INFO - Processing /home/airflow/.local/lib/python3.12/site-packages/airflow/example_dags/example_branch_datetime_operator.py took 0.752 seconds
[2024-09-22T11:43:37.858+0000] {processor.py:161} INFO - Started process (PID=2480) to work on /home/airflow/.local/lib/python3.12/site-packages/airflow/example_dags/example_branch_datetime_operator.py
[2024-09-22T11:43:37.859+0000] {processor.py:830} INFO - Processing file /home/airflow/.local/lib/python3.12/site-packages/airflow/example_dags/example_branch_datetime_operator.py for tasks to queue
[2024-09-22T11:43:37.861+0000] {logging_mixin.py:188} INFO - [2024-09-22T11:43:37.860+0000] {dagbag.py:545} INFO - Filling up the DagBag from /home/airflow/.local/lib/python3.12/site-packages/airflow/example_dags/example_branch_datetime_operator.py
[2024-09-22T11:43:37.888+0000] {processor.py:840} INFO - DAG(s) 'example_branch_datetime_operator', 'example_branch_datetime_operator_2', 'example_branch_datetime_operator_3' retrieved from /home/airflow/.local/lib/python3.12/site-packages/airflow/example_dags/example_branch_datetime_operator.py
[2024-09-22T11:43:37.978+0000] {logging_mixin.py:188} INFO - [2024-09-22T11:43:37.977+0000] {dag.py:3089} INFO - Sync 3 DAGs
[2024-09-22T11:43:38.040+0000] {logging_mixin.py:188} INFO - [2024-09-22T11:43:38.037+0000] {dag.py:3947} INFO - Setting next_dagrun for example_branch_datetime_operator to 2024-09-22 00:00:00+00:00, run_after=2024-09-23 00:00:00+00:00
[2024-09-22T11:43:38.062+0000] {logging_mixin.py:188} INFO - [2024-09-22T11:43:38.056+0000] {dag.py:3947} INFO - Setting next_dagrun for example_branch_datetime_operator_2 to 2024-09-22 00:00:00+00:00, run_after=2024-09-23 00:00:00+00:00
[2024-09-22T11:43:38.071+0000] {logging_mixin.py:188} INFO - [2024-09-22T11:43:38.070+0000] {dag.py:3947} INFO - Setting next_dagrun for example_branch_datetime_operator_3 to 2024-09-22 00:00:00+00:00, run_after=2024-09-23 00:00:00+00:00
[2024-09-22T11:43:38.385+0000] {processor.py:183} INFO - Processing /home/airflow/.local/lib/python3.12/site-packages/airflow/example_dags/example_branch_datetime_operator.py took 0.551 seconds
                                                                                                                                                                                                                                                                                                                                                                                                                                                                                                                                                                                                                                                                                                                                                                                                                                                                                                                                                                                                                                                                                                                                                                                                                                                                                                                                                                                                                                                                                                                                                                                                                                                                                                                                                                                                                                                                                                                                                                                                                                                          