[2024-09-22T11:13:24.248+0000] {processor.py:161} INFO - Started process (PID=52) to work on /home/airflow/.local/lib/python3.12/site-packages/airflow/example_dags/example_bash_decorator.py
[2024-09-22T11:13:24.250+0000] {processor.py:830} INFO - Processing file /home/airflow/.local/lib/python3.12/site-packages/airflow/example_dags/example_bash_decorator.py for tasks to queue
[2024-09-22T11:13:24.252+0000] {logging_mixin.py:188} INFO - [2024-09-22T11:13:24.252+0000] {dagbag.py:545} INFO - Filling up the DagBag from /home/airflow/.local/lib/python3.12/site-packages/airflow/example_dags/example_bash_decorator.py
[2024-09-22T11:13:24.274+0000] {processor.py:840} INFO - DAG(s) 'example_bash_decorator' retrieved from /home/airflow/.local/lib/python3.12/site-packages/airflow/example_dags/example_bash_decorator.py
[2024-09-22T11:13:25.208+0000] {logging_mixin.py:188} INFO - [2024-09-22T11:13:25.208+0000] {dag.py:3089} INFO - Sync 1 DAGs
[2024-09-22T11:13:25.235+0000] {logging_mixin.py:188} INFO - [2024-09-22T11:13:25.235+0000] {dag.py:3947} INFO - Setting next_dagrun for example_bash_decorator to None, run_after=None
[2024-09-22T11:13:25.362+0000] {processor.py:183} INFO - Processing /home/airflow/.local/lib/python3.12/site-packages/airflow/example_dags/example_bash_decorator.py took 1.125 seconds
[2024-09-22T11:15:12.514+0000] {processor.py:161} INFO - Started process (PID=53) to work on /home/airflow/.local/lib/python3.12/site-packages/airflow/example_dags/example_bash_decorator.py
[2024-09-22T11:15:12.552+0000] {processor.py:830} INFO - Processing file /home/airflow/.local/lib/python3.12/site-packages/airflow/example_dags/example_bash_decorator.py for tasks to queue
[2024-09-22T11:15:12.556+0000] {logging_mixin.py:188} INFO - [2024-09-22T11:15:12.555+0000] {dagbag.py:545} INFO - Filling up the DagBag from /home/airflow/.local/lib/python3.12/site-packages/airflow/example_dags/example_bash_decorator.py
[2024-09-22T11:15:12.589+0000] {processor.py:840} INFO - DAG(s) 'example_bash_decorator' retrieved from /home/airflow/.local/lib/python3.12/site-packages/airflow/example_dags/example_bash_decorator.py
[2024-09-22T11:15:12.788+0000] {logging_mixin.py:188} INFO - [2024-09-22T11:15:12.788+0000] {dag.py:3089} INFO - Sync 1 DAGs
[2024-09-22T11:15:12.802+0000] {logging_mixin.py:188} INFO - [2024-09-22T11:15:12.802+0000] {dag.py:3947} INFO - Setting next_dagrun for example_bash_decorator to None, run_after=None
[2024-09-22T11:15:13.006+0000] {processor.py:183} INFO - Processing /home/airflow/.local/lib/python3.12/site-packages/airflow/example_dags/example_bash_decorator.py took 0.506 seconds
[2024-09-22T11:15:47.788+0000] {processor.py:161} INFO - Started process (PID=117) to work on /home/airflow/.local/lib/python3.12/site-packages/airflow/example_dags/example_bash_decorator.py
[2024-09-22T11:15:47.921+0000] {processor.py:830} INFO - Processing file /home/airflow/.local/lib/python3.12/site-packages/airflow/example_dags/example_bash_decorator.py for tasks to queue
[2024-09-22T11:15:47.926+0000] {logging_mixin.py:188} INFO - [2024-09-22T11:15:47.925+0000] {dagbag.py:545} INFO - Filling up the DagBag from /home/airflow/.local/lib/python3.12/site-packages/airflow/example_dags/example_bash_decorator.py
[2024-09-22T11:15:47.971+0000] {processor.py:840} INFO - DAG(s) 'example_bash_decorator' retrieved from /home/airflow/.local/lib/python3.12/site-packages/airflow/example_dags/example_bash_decorator.py
[2024-09-22T11:15:48.049+0000] {logging_mixin.py:188} INFO - [2024-09-22T11:15:48.049+0000] {dag.py:3089} INFO - Sync 1 DAGs
[2024-09-22T11:15:48.096+0000] {logging_mixin.py:188} INFO - [2024-09-22T11:15:48.095+0000] {dag.py:3947} INFO - Setting next_dagrun for example_bash_decorator to None, run_after=None
[2024-09-22T11:15:48.404+0000] {processor.py:183} INFO - Processing /home/airflow/.local/lib/python3.12/site-packages/airflow/example_dags/example_bash_decorator.py took 0.627 seconds
[2024-09-22T11:16:26.770+0000] {processor.py:161} INFO - Started process (PID=174) to work on /home/airflow/.local/lib/python3.12/site-packages/airflow/example_dags/example_bash_decorator.py
[2024-09-22T11:16:26.786+0000] {processor.py:830} INFO - Processing file /home/airflow/.local/lib/python3.12/site-packages/airflow/example_dags/example_bash_decorator.py for tasks to queue
[2024-09-22T11:16:26.793+0000] {logging_mixin.py:188} INFO - [2024-09-22T11:16:26.792+0000] {dagbag.py:545} INFO - Filling up the DagBag from /home/airflow/.local/lib/python3.12/site-packages/airflow/example_dags/example_bash_decorator.py
[2024-09-22T11:16:26.819+0000] {processor.py:840} INFO - DAG(s) 'example_bash_decorator' retrieved from /home/airflow/.local/lib/python3.12/site-packages/airflow/example_dags/example_bash_decorator.py
[2024-09-22T11:16:26.860+0000] {logging_mixin.py:188} INFO - [2024-09-22T11:16:26.860+0000] {dag.py:3089} INFO - Sync 1 DAGs
[2024-09-22T11:16:26.881+0000] {logging_mixin.py:188} INFO - [2024-09-22T11:16:26.881+0000] {dag.py:3947} INFO - Setting next_dagrun for example_bash_decorator to None, run_after=None
[2024-09-22T11:16:27.001+0000] {processor.py:183} INFO - Processing /home/airflow/.local/lib/python3.12/site-packages/airflow/example_dags/example_bash_decorator.py took 0.238 seconds
[2024-09-22T11:17:08.607+0000] {processor.py:161} INFO - Started process (PID=246) to work on /home/airflow/.local/lib/python3.12/site-packages/airflow/example_dags/example_bash_decorator.py
[2024-09-22T11:17:08.709+0000] {processor.py:830} INFO - Processing file /home/airflow/.local/lib/python3.12/site-packages/airflow/example_dags/example_bash_decorator.py for tasks to queue
[2024-09-22T11:17:08.711+0000] {logging_mixin.py:188} INFO - [2024-09-22T11:17:08.710+0000] {dagbag.py:545} INFO - Filling up the DagBag from /home/airflow/.local/lib/python3.12/site-packages/airflow/example_dags/example_bash_decorator.py
[2024-09-22T11:17:08.768+0000] {processor.py:840} INFO - DAG(s) 'example_bash_decorator' retrieved from /home/airflow/.local/lib/python3.12/site-packages/airflow/example_dags/example_bash_decorator.py
[2024-09-22T11:17:08.838+0000] {logging_mixin.py:188} INFO - [2024-09-22T11:17:08.837+0000] {dag.py:3089} INFO - Sync 1 DAGs
[2024-09-22T11:17:08.950+0000] {logging_mixin.py:188} INFO - [2024-09-22T11:17:08.950+0000] {dag.py:3947} INFO - Setting next_dagrun for example_bash_decorator to None, run_after=None
[2024-09-22T11:17:09.206+0000] {processor.py:183} INFO - Processing /home/airflow/.local/lib/python3.12/site-packages/airflow/example_dags/example_bash_decorator.py took 0.631 seconds
[2024-09-22T11:17:48.524+0000] {processor.py:161} INFO - Started process (PID=322) to work on /home/airflow/.local/lib/python3.12/site-packages/airflow/example_dags/example_bash_decorator.py
[2024-09-22T11:17:48.532+0000] {processor.py:830} INFO - Processing file /home/airflow/.local/lib/python3.12/site-packages/airflow/example_dags/example_bash_decorator.py for tasks to queue
[2024-09-22T11:17:48.536+0000] {logging_mixin.py:188} INFO - [2024-09-22T11:17:48.533+0000] {dagbag.py:545} INFO - Filling up the DagBag from /home/airflow/.local/lib/python3.12/site-packages/airflow/example_dags/example_bash_decorator.py
[2024-09-22T11:17:48.601+0000] {processor.py:840} INFO - DAG(s) 'example_bash_decorator' retrieved from /home/airflow/.local/lib/python3.12/site-packages/airflow/example_dags/example_bash_decorator.py
[2024-09-22T11:17:48.677+0000] {logging_mixin.py:188} INFO - [2024-09-22T11:17:48.677+0000] {dag.py:3089} INFO - Sync 1 DAGs
[2024-09-22T11:17:48.702+0000] {logging_mixin.py:188} INFO - [2024-09-22T11:17:48.702+0000] {dag.py:3947} INFO - Setting next_dagrun for example_bash_decorator to None, run_after=None
[2024-09-22T11:17:49.100+0000] {processor.py:183} INFO - Processing /home/airflow/.local/lib/python3.12/site-packages/airflow/example_dags/example_bash_decorator.py took 0.602 seconds
[2024-09-22T11:18:32.785+0000] {processor.py:161} INFO - Started process (PID=416) to work on /home/airflow/.local/lib/python3.12/site-packages/airflow/example_dags/example_bash_decorator.py
[2024-09-22T11:18:32.912+0000] {processor.py:830} INFO - Processing file /home/airflow/.local/lib/python3.12/site-packages/airflow/example_dags/example_bash_decorator.py for tasks to queue
[2024-09-22T11:18:32.922+0000] {logging_mixin.py:188} INFO - [2024-09-22T11:18:32.913+0000] {dagbag.py:545} INFO - Filling up the DagBag from /home/airflow/.local/lib/python3.12/site-packages/airflow/example_dags/example_bash_decorator.py
[2024-09-22T11:18:32.986+0000] {processor.py:840} INFO - DAG(s) 'example_bash_decorator' retrieved from /home/airflow/.local/lib/python3.12/site-packages/airflow/example_dags/example_bash_decorator.py
[2024-09-22T11:18:33.110+0000] {logging_mixin.py:188} INFO - [2024-09-22T11:18:33.109+0000] {dag.py:3089} INFO - Sync 1 DAGs
[2024-09-22T11:18:33.134+0000] {logging_mixin.py:188} INFO - [2024-09-22T11:18:33.134+0000] {dag.py:3947} INFO - Setting next_dagrun for example_bash_decorator to None, run_after=None
[2024-09-22T11:18:33.537+0000] {processor.py:183} INFO - Processing /home/airflow/.local/lib/python3.12/site-packages/airflow/example_dags/example_bash_decorator.py took 0.774 seconds
[2024-09-22T11:19:14.322+0000] {processor.py:161} INFO - Started process (PID=506) to work on /home/airflow/.local/lib/python3.12/site-packages/airflow/example_dags/example_bash_decorator.py
[2024-09-22T11:19:14.489+0000] {processor.py:830} INFO - Processing file /home/airflow/.local/lib/python3.12/site-packages/airflow/example_dags/example_bash_decorator.py for tasks to queue
[2024-09-22T11:19:14.692+0000] {logging_mixin.py:188} INFO - [2024-09-22T11:19:14.691+0000] {dagbag.py:545} INFO - Filling up the DagBag from /home/airflow/.local/lib/python3.12/site-packages/airflow/example_dags/example_bash_decorator.py
[2024-09-22T11:19:14.828+0000] {processor.py:840} INFO - DAG(s) 'example_bash_decorator' retrieved from /home/airflow/.local/lib/python3.12/site-packages/airflow/example_dags/example_bash_decorator.py
[2024-09-22T11:19:15.100+0000] {logging_mixin.py:188} INFO - [2024-09-22T11:19:15.096+0000] {dag.py:3089} INFO - Sync 1 DAGs
[2024-09-22T11:19:15.417+0000] {logging_mixin.py:188} INFO - [2024-09-22T11:19:15.414+0000] {dag.py:3947} INFO - Setting next_dagrun for example_bash_decorator to None, run_after=None
[2024-09-22T11:19:15.786+0000] {processor.py:183} INFO - Processing /home/airflow/.local/lib/python3.12/site-packages/airflow/example_dags/example_bash_decorator.py took 1.495 seconds
[2024-09-22T11:19:46.545+0000] {processor.py:161} INFO - Started process (PID=574) to work on /home/airflow/.local/lib/python3.12/site-packages/airflow/example_dags/example_bash_decorator.py
[2024-09-22T11:19:46.696+0000] {processor.py:830} INFO - Processing file /home/airflow/.local/lib/python3.12/site-packages/airflow/example_dags/example_bash_decorator.py for tasks to queue
[2024-09-22T11:19:46.698+0000] {logging_mixin.py:188} INFO - [2024-09-22T11:19:46.697+0000] {dagbag.py:545} INFO - Filling up the DagBag from /home/airflow/.local/lib/python3.12/site-packages/airflow/example_dags/example_bash_decorator.py
[2024-09-22T11:19:46.736+0000] {processor.py:840} INFO - DAG(s) 'example_bash_decorator' retrieved from /home/airflow/.local/lib/python3.12/site-packages/airflow/example_dags/example_bash_decorator.py
[2024-09-22T11:19:46.877+0000] {logging_mixin.py:188} INFO - [2024-09-22T11:19:46.877+0000] {dag.py:3089} INFO - Sync 1 DAGs
[2024-09-22T11:19:46.912+0000] {logging_mixin.py:188} INFO - [2024-09-22T11:19:46.912+0000] {dag.py:3947} INFO - Setting next_dagrun for example_bash_decorator to None, run_after=None
[2024-09-22T11:19:47.166+0000] {processor.py:183} INFO - Processing /home/airflow/.local/lib/python3.12/site-packages/airflow/example_dags/example_bash_decorator.py took 0.649 seconds
[2024-09-22T11:20:28.819+0000] {processor.py:161} INFO - Started process (PID=650) to work on /home/airflow/.local/lib/python3.12/site-packages/airflow/example_dags/example_bash_decorator.py
[2024-09-22T11:20:29.071+0000] {processor.py:830} INFO - Processing file /home/airflow/.local/lib/python3.12/site-packages/airflow/example_dags/example_bash_decorator.py for tasks to queue
[2024-09-22T11:20:29.088+0000] {logging_mixin.py:188} INFO - [2024-09-22T11:20:29.088+0000] {dagbag.py:545} INFO - Filling up the DagBag from /home/airflow/.local/lib/python3.12/site-packages/airflow/example_dags/example_bash_decorator.py
[2024-09-22T11:20:29.121+0000] {processor.py:840} INFO - DAG(s) 'example_bash_decorator' retrieved from /home/airflow/.local/lib/python3.12/site-packages/airflow/example_dags/example_bash_decorator.py
[2024-09-22T11:20:29.245+0000] {logging_mixin.py:188} INFO - [2024-09-22T11:20:29.244+0000] {dag.py:3089} INFO - Sync 1 DAGs
[2024-09-22T11:20:29.324+0000] {logging_mixin.py:188} INFO - [2024-09-22T11:20:29.320+0000] {dag.py:3947} INFO - Setting next_dagrun for example_bash_decorator to None, run_after=None
[2024-09-22T11:20:30.207+0000] {processor.py:183} INFO - Processing /home/airflow/.local/lib/python3.12/site-packages/airflow/example_dags/example_bash_decorator.py took 1.427 seconds
[2024-09-22T11:21:06.102+0000] {processor.py:161} INFO - Started process (PID=723) to work on /home/airflow/.local/lib/python3.12/site-packages/airflow/example_dags/example_bash_decorator.py
[2024-09-22T11:21:06.271+0000] {processor.py:830} INFO - Processing file /home/airflow/.local/lib/python3.12/site-packages/airflow/example_dags/example_bash_decorator.py for tasks to queue
[2024-09-22T11:21:06.273+0000] {logging_mixin.py:188} INFO - [2024-09-22T11:21:06.272+0000] {dagbag.py:545} INFO - Filling up the DagBag from /home/airflow/.local/lib/python3.12/site-packages/airflow/example_dags/example_bash_decorator.py
[2024-09-22T11:21:06.340+0000] {processor.py:840} INFO - DAG(s) 'example_bash_decorator' retrieved from /home/airflow/.local/lib/python3.12/site-packages/airflow/example_dags/example_bash_decorator.py
[2024-09-22T11:21:06.668+0000] {logging_mixin.py:188} INFO - [2024-09-22T11:21:06.668+0000] {dag.py:3089} INFO - Sync 1 DAGs
[2024-09-22T11:21:06.717+0000] {logging_mixin.py:188} INFO - [2024-09-22T11:21:06.716+0000] {dag.py:3947} INFO - Setting next_dagrun for example_bash_decorator to None, run_after=None
[2024-09-22T11:21:07.176+0000] {processor.py:183} INFO - Processing /home/airflow/.local/lib/python3.12/site-packages/airflow/example_dags/example_bash_decorator.py took 1.090 seconds
[2024-09-22T11:22:25.177+0000] {processor.py:161} INFO - Started process (PID=825) to work on /home/airflow/.local/lib/python3.12/site-packages/airflow/example_dags/example_bash_decorator.py
[2024-09-22T11:22:25.573+0000] {processor.py:830} INFO - Processing file /home/airflow/.local/lib/python3.12/site-packages/airflow/example_dags/example_bash_decorator.py for tasks to queue
[2024-09-22T11:22:25.574+0000] {logging_mixin.py:188} INFO - [2024-09-22T11:22:25.573+0000] {dagbag.py:545} INFO - Filling up the DagBag from /home/airflow/.local/lib/python3.12/site-packages/airflow/example_dags/example_bash_decorator.py
[2024-09-22T11:22:25.598+0000] {processor.py:840} INFO - DAG(s) 'example_bash_decorator' retrieved from /home/airflow/.local/lib/python3.12/site-packages/airflow/example_dags/example_bash_decorator.py
[2024-09-22T11:22:25.643+0000] {logging_mixin.py:188} INFO - [2024-09-22T11:22:25.642+0000] {dag.py:3089} INFO - Sync 1 DAGs
[2024-09-22T11:22:25.667+0000] {logging_mixin.py:188} INFO - [2024-09-22T11:22:25.666+0000] {dag.py:3947} INFO - Setting next_dagrun for example_bash_decorator to None, run_after=None
[2024-09-22T11:22:26.533+0000] {processor.py:183} INFO - Processing /home/airflow/.local/lib/python3.12/site-packages/airflow/example_dags/example_bash_decorator.py took 1.368 seconds
[2024-09-22T11:23:09.684+0000] {processor.py:161} INFO - Started process (PID=882) to work on /home/airflow/.local/lib/python3.12/site-packages/airflow/example_dags/example_bash_decorator.py
[2024-09-22T11:23:09.995+0000] {processor.py:830} INFO - Processing file /home/airflow/.local/lib/python3.12/site-packages/airflow/example_dags/example_bash_decorator.py for tasks to queue
[2024-09-22T11:23:09.996+0000] {logging_mixin.py:188} INFO - [2024-09-22T11:23:09.996+0000] {dagbag.py:545} INFO - Filling up the DagBag from /home/airflow/.local/lib/python3.12/site-packages/airflow/example_dags/example_bash_decorator.py
[2024-09-22T11:23:10.027+0000] {processor.py:840} INFO - DAG(s) 'example_bash_decorator' retrieved from /home/airflow/.local/lib/python3.12/site-packages/airflow/example_dags/example_bash_decorator.py
[2024-09-22T11:23:10.080+0000] {logging_mixin.py:188} INFO - [2024-09-22T11:23:10.079+0000] {dag.py:3089} INFO - Sync 1 DAGs
[2024-09-22T11:23:10.102+0000] {logging_mixin.py:188} INFO - [2024-09-22T11:23:10.101+0000] {dag.py:3947} INFO - Setting next_dagrun for example_bash_decorator to None, run_after=None
[2024-09-22T11:23:10.384+0000] {processor.py:183} INFO - Processing /home/airflow/.local/lib/python3.12/site-packages/airflow/example_dags/example_bash_decorator.py took 0.759 seconds
[2024-09-22T11:24:19.420+0000] {processor.py:161} INFO - Started process (PID=949) to work on /home/airflow/.local/lib/python3.12/site-packages/airflow/example_dags/example_bash_decorator.py
[2024-09-22T11:24:19.623+0000] {processor.py:830} INFO - Processing file /home/airflow/.local/lib/python3.12/site-packages/airflow/example_dags/example_bash_decorator.py for tasks to queue
[2024-09-22T11:24:19.625+0000] {logging_mixin.py:188} INFO - [2024-09-22T11:24:19.625+0000] {dagbag.py:545} INFO - Filling up the DagBag from /home/airflow/.local/lib/python3.12/site-packages/airflow/example_dags/example_bash_decorator.py
[2024-09-22T11:24:19.697+0000] {processor.py:840} INFO - DAG(s) 'example_bash_decorator' retrieved from /home/airflow/.local/lib/python3.12/site-packages/airflow/example_dags/example_bash_decorator.py
[2024-09-22T11:24:19.767+0000] {logging_mixin.py:188} INFO - [2024-09-22T11:24:19.766+0000] {dag.py:3089} INFO - Sync 1 DAGs
[2024-09-22T11:24:19.799+0000] {logging_mixin.py:188} INFO - [2024-09-22T11:24:19.798+0000] {dag.py:3947} INFO - Setting next_dagrun for example_bash_decorator to None, run_after=None
[2024-09-22T11:24:20.045+0000] {processor.py:183} INFO - Processing /home/airflow/.local/lib/python3.12/site-packages/airflow/example_dags/example_bash_decorator.py took 0.634 seconds
[2024-09-22T11:25:27.083+0000] {processor.py:161} INFO - Started process (PID=1022) to work on /home/airflow/.local/lib/python3.12/site-packages/airflow/example_dags/example_bash_decorator.py
[2024-09-22T11:25:27.202+0000] {processor.py:830} INFO - Processing file /home/airflow/.local/lib/python3.12/site-packages/airflow/example_dags/example_bash_decorator.py for tasks to queue
[2024-09-22T11:25:27.204+0000] {logging_mixin.py:188} INFO - [2024-09-22T11:25:27.203+0000] {dagbag.py:545} INFO - Filling up the DagBag from /home/airflow/.local/lib/python3.12/site-packages/airflow/example_dags/example_bash_decorator.py
[2024-09-22T11:25:27.237+0000] {processor.py:840} INFO - DAG(s) 'example_bash_decorator' retrieved from /home/airflow/.local/lib/python3.12/site-packages/airflow/example_dags/example_bash_decorator.py
[2024-09-22T11:25:27.277+0000] {logging_mixin.py:188} INFO - [2024-09-22T11:25:27.276+0000] {dag.py:3089} INFO - Sync 1 DAGs
[2024-09-22T11:25:27.296+0000] {logging_mixin.py:188} INFO - [2024-09-22T11:25:27.295+0000] {dag.py:3947} INFO - Setting next_dagrun for example_bash_decorator to None, run_after=None
[2024-09-22T11:25:27.595+0000] {processor.py:183} INFO - Processing /home/airflow/.local/lib/python3.12/site-packages/airflow/example_dags/example_bash_decorator.py took 0.522 seconds
[2024-09-22T11:26:31.375+0000] {processor.py:161} INFO - Started process (PID=1088) to work on /home/airflow/.local/lib/python3.12/site-packages/airflow/example_dags/example_bash_decorator.py
[2024-09-22T11:26:31.973+0000] {processor.py:830} INFO - Processing file /home/airflow/.local/lib/python3.12/site-packages/airflow/example_dags/example_bash_decorator.py for tasks to queue
[2024-09-22T11:26:31.974+0000] {logging_mixin.py:188} INFO - [2024-09-22T11:26:31.974+0000] {dagbag.py:545} INFO - Filling up the DagBag from /home/airflow/.local/lib/python3.12/site-packages/airflow/example_dags/example_bash_decorator.py
[2024-09-22T11:26:31.992+0000] {processor.py:840} INFO - DAG(s) 'example_bash_decorator' retrieved from /home/airflow/.local/lib/python3.12/site-packages/airflow/example_dags/example_bash_decorator.py
[2024-09-22T11:26:32.029+0000] {logging_mixin.py:188} INFO - [2024-09-22T11:26:32.028+0000] {dag.py:3089} INFO - Sync 1 DAGs
[2024-09-22T11:26:32.053+0000] {logging_mixin.py:188} INFO - [2024-09-22T11:26:32.053+0000] {dag.py:3947} INFO - Setting next_dagrun for example_bash_decorator to None, run_after=None
[2024-09-22T11:26:32.354+0000] {processor.py:183} INFO - Processing /home/airflow/.local/lib/python3.12/site-packages/airflow/example_dags/example_bash_decorator.py took 0.988 seconds
[2024-09-22T11:28:06.721+0000] {processor.py:161} INFO - Started process (PID=1155) to work on /home/airflow/.local/lib/python3.12/site-packages/airflow/example_dags/example_bash_decorator.py
[2024-09-22T11:28:07.077+0000] {processor.py:830} INFO - Processing file /home/airflow/.local/lib/python3.12/site-packages/airflow/example_dags/example_bash_decorator.py for tasks to queue
[2024-09-22T11:28:07.080+0000] {logging_mixin.py:188} INFO - [2024-09-22T11:28:07.079+0000] {dagbag.py:545} INFO - Filling up the DagBag from /home/airflow/.local/lib/python3.12/site-packages/airflow/example_dags/example_bash_decorator.py
[2024-09-22T11:28:07.124+0000] {processor.py:840} INFO - DAG(s) 'example_bash_decorator' retrieved from /home/airflow/.local/lib/python3.12/site-packages/airflow/example_dags/example_bash_decorator.py
[2024-09-22T11:28:07.202+0000] {logging_mixin.py:188} INFO - [2024-09-22T11:28:07.201+0000] {dag.py:3089} INFO - Sync 1 DAGs
[2024-09-22T11:28:07.246+0000] {logging_mixin.py:188} INFO - [2024-09-22T11:28:07.245+0000] {dag.py:3947} INFO - Setting next_dagrun for example_bash_decorator to None, run_after=None
[2024-09-22T11:28:07.753+0000] {processor.py:183} INFO - Processing /home/airflow/.local/lib/python3.12/site-packages/airflow/example_dags/example_bash_decorator.py took 1.042 seconds
[2024-09-22T11:28:44.117+0000] {processor.py:161} INFO - Started process (PID=1224) to work on /home/airflow/.local/lib/python3.12/site-packages/airflow/example_dags/example_bash_decorator.py
[2024-09-22T11:28:44.205+0000] {processor.py:830} INFO - Processing file /home/airflow/.local/lib/python3.12/site-packages/airflow/example_dags/example_bash_decorator.py for tasks to queue
[2024-09-22T11:28:44.207+0000] {logging_mixin.py:188} INFO - [2024-09-22T11:28:44.207+0000] {dagbag.py:545} INFO - Filling up the DagBag from /home/airflow/.local/lib/python3.12/site-packages/airflow/example_dags/example_bash_decorator.py
[2024-09-22T11:28:44.244+0000] {processor.py:840} INFO - DAG(s) 'example_bash_decorator' retrieved from /home/airflow/.local/lib/python3.12/site-packages/airflow/example_dags/example_bash_decorator.py
[2024-09-22T11:28:44.279+0000] {logging_mixin.py:188} INFO - [2024-09-22T11:28:44.279+0000] {dag.py:3089} INFO - Sync 1 DAGs
[2024-09-22T11:28:44.297+0000] {logging_mixin.py:188} INFO - [2024-09-22T11:28:44.297+0000] {dag.py:3947} INFO - Setting next_dagrun for example_bash_decorator to None, run_after=None
[2024-09-22T11:28:44.484+0000] {processor.py:183} INFO - Processing /home/airflow/.local/lib/python3.12/site-packages/airflow/example_dags/example_bash_decorator.py took 0.374 seconds
[2024-09-22T11:29:15.724+0000] {processor.py:161} INFO - Started process (PID=1297) to work on /home/airflow/.local/lib/python3.12/site-packages/airflow/example_dags/example_bash_decorator.py
[2024-09-22T11:29:15.725+0000] {processor.py:830} INFO - Processing file /home/airflow/.local/lib/python3.12/site-packages/airflow/example_dags/example_bash_decorator.py for tasks to queue
[2024-09-22T11:29:15.727+0000] {logging_mixin.py:188} INFO - [2024-09-22T11:29:15.726+0000] {dagbag.py:545} INFO - Filling up the DagBag from /home/airflow/.local/lib/python3.12/site-packages/airflow/example_dags/example_bash_decorator.py
[2024-09-22T11:29:15.767+0000] {processor.py:840} INFO - DAG(s) 'example_bash_decorator' retrieved from /home/airflow/.local/lib/python3.12/site-packages/airflow/example_dags/example_bash_decorator.py
[2024-09-22T11:29:16.000+0000] {logging_mixin.py:188} INFO - [2024-09-22T11:29:15.996+0000] {dag.py:3089} INFO - Sync 1 DAGs
[2024-09-22T11:29:16.292+0000] {logging_mixin.py:188} INFO - [2024-09-22T11:29:16.290+0000] {dag.py:3947} INFO - Setting next_dagrun for example_bash_decorator to None, run_after=None
[2024-09-22T11:29:17.294+0000] {processor.py:183} INFO - Processing /home/airflow/.local/lib/python3.12/site-packages/airflow/example_dags/example_bash_decorator.py took 1.584 seconds
[2024-09-22T11:29:47.726+0000] {processor.py:161} INFO - Started process (PID=1354) to work on /home/airflow/.local/lib/python3.12/site-packages/airflow/example_dags/example_bash_decorator.py
[2024-09-22T11:29:47.726+0000] {processor.py:830} INFO - Processing file /home/airflow/.local/lib/python3.12/site-packages/airflow/example_dags/example_bash_decorator.py for tasks to queue
[2024-09-22T11:29:47.728+0000] {logging_mixin.py:188} INFO - [2024-09-22T11:29:47.727+0000] {dagbag.py:545} INFO - Filling up the DagBag from /home/airflow/.local/lib/python3.12/site-packages/airflow/example_dags/example_bash_decorator.py
[2024-09-22T11:29:47.761+0000] {processor.py:840} INFO - DAG(s) 'example_bash_decorator' retrieved from /home/airflow/.local/lib/python3.12/site-packages/airflow/example_dags/example_bash_decorator.py
[2024-09-22T11:29:47.816+0000] {logging_mixin.py:188} INFO - [2024-09-22T11:29:47.816+0000] {dag.py:3089} INFO - Sync 1 DAGs
[2024-09-22T11:29:47.844+0000] {logging_mixin.py:188} INFO - [2024-09-22T11:29:47.843+0000] {dag.py:3947} INFO - Setting next_dagrun for example_bash_decorator to None, run_after=None
[2024-09-22T11:29:48.107+0000] {processor.py:183} INFO - Processing /home/airflow/.local/lib/python3.12/site-packages/airflow/example_dags/example_bash_decorator.py took 0.393 seconds
[2024-09-22T11:30:19.491+0000] {processor.py:161} INFO - Started process (PID=1421) to work on /home/airflow/.local/lib/python3.12/site-packages/airflow/example_dags/example_bash_decorator.py
[2024-09-22T11:30:19.847+0000] {processor.py:830} INFO - Processing file /home/airflow/.local/lib/python3.12/site-packages/airflow/example_dags/example_bash_decorator.py for tasks to queue
[2024-09-22T11:30:19.849+0000] {logging_mixin.py:188} INFO - [2024-09-22T11:30:19.848+0000] {dagbag.py:545} INFO - Filling up the DagBag from /home/airflow/.local/lib/python3.12/site-packages/airflow/example_dags/example_bash_decorator.py
[2024-09-22T11:30:19.895+0000] {processor.py:840} INFO - DAG(s) 'example_bash_decorator' retrieved from /home/airflow/.local/lib/python3.12/site-packages/airflow/example_dags/example_bash_decorator.py
[2024-09-22T11:30:20.013+0000] {logging_mixin.py:188} INFO - [2024-09-22T11:30:20.012+0000] {dag.py:3089} INFO - Sync 1 DAGs
[2024-09-22T11:30:20.038+0000] {logging_mixin.py:188} INFO - [2024-09-22T11:30:20.037+0000] {dag.py:3947} INFO - Setting next_dagrun for example_bash_decorator to None, run_after=None
[2024-09-22T11:30:20.216+0000] {processor.py:183} INFO - Processing /home/airflow/.local/lib/python3.12/site-packages/airflow/example_dags/example_bash_decorator.py took 0.745 seconds
[2024-09-22T11:30:50.380+0000] {processor.py:161} INFO - Started process (PID=1487) to work on /home/airflow/.local/lib/python3.12/site-packages/airflow/example_dags/example_bash_decorator.py
[2024-09-22T11:30:50.381+0000] {processor.py:830} INFO - Processing file /home/airflow/.local/lib/python3.12/site-packages/airflow/example_dags/example_bash_decorator.py for tasks to queue
[2024-09-22T11:30:50.383+0000] {logging_mixin.py:188} INFO - [2024-09-22T11:30:50.382+0000] {dagbag.py:545} INFO - Filling up the DagBag from /home/airflow/.local/lib/python3.12/site-packages/airflow/example_dags/example_bash_decorator.py
[2024-09-22T11:30:50.409+0000] {processor.py:840} INFO - DAG(s) 'example_bash_decorator' retrieved from /home/airflow/.local/lib/python3.12/site-packages/airflow/example_dags/example_bash_decorator.py
[2024-09-22T11:30:50.466+0000] {logging_mixin.py:188} INFO - [2024-09-22T11:30:50.465+0000] {dag.py:3089} INFO - Sync 1 DAGs
[2024-09-22T11:30:50.487+0000] {logging_mixin.py:188} INFO - [2024-09-22T11:30:50.486+0000] {dag.py:3947} INFO - Setting next_dagrun for example_bash_decorator to None, run_after=None
[2024-09-22T11:30:50.665+0000] {processor.py:183} INFO - Processing /home/airflow/.local/lib/python3.12/site-packages/airflow/example_dags/example_bash_decorator.py took 0.305 seconds
[2024-09-22T11:31:31.876+0000] {processor.py:161} INFO - Started process (PID=1550) to work on /home/airflow/.local/lib/python3.12/site-packages/airflow/example_dags/example_bash_decorator.py
[2024-09-22T11:31:31.958+0000] {processor.py:830} INFO - Processing file /home/airflow/.local/lib/python3.12/site-packages/airflow/example_dags/example_bash_decorator.py for tasks to queue
[2024-09-22T11:31:31.959+0000] {logging_mixin.py:188} INFO - [2024-09-22T11:31:31.958+0000] {dagbag.py:545} INFO - Filling up the DagBag from /home/airflow/.local/lib/python3.12/site-packages/airflow/example_dags/example_bash_decorator.py
[2024-09-22T11:31:32.399+0000] {processor.py:840} INFO - DAG(s) 'example_bash_decorator' retrieved from /home/airflow/.local/lib/python3.12/site-packages/airflow/example_dags/example_bash_decorator.py
[2024-09-22T11:31:32.452+0000] {logging_mixin.py:188} INFO - [2024-09-22T11:31:32.451+0000] {dag.py:3089} INFO - Sync 1 DAGs
[2024-09-22T11:31:32.479+0000] {logging_mixin.py:188} INFO - [2024-09-22T11:31:32.479+0000] {dag.py:3947} INFO - Setting next_dagrun for example_bash_decorator to None, run_after=None
[2024-09-22T11:31:32.687+0000] {processor.py:183} INFO - Processing /home/airflow/.local/lib/python3.12/site-packages/airflow/example_dags/example_bash_decorator.py took 0.820 seconds
[2024-09-22T11:32:46.930+0000] {processor.py:161} INFO - Started process (PID=1629) to work on /home/airflow/.local/lib/python3.12/site-packages/airflow/example_dags/example_bash_decorator.py
[2024-09-22T11:32:47.928+0000] {processor.py:830} INFO - Processing file /home/airflow/.local/lib/python3.12/site-packages/airflow/example_dags/example_bash_decorator.py for tasks to queue
[2024-09-22T11:32:47.930+0000] {logging_mixin.py:188} INFO - [2024-09-22T11:32:47.930+0000] {dagbag.py:545} INFO - Filling up the DagBag from /home/airflow/.local/lib/python3.12/site-packages/airflow/example_dags/example_bash_decorator.py
[2024-09-22T11:32:48.911+0000] {processor.py:840} INFO - DAG(s) 'example_bash_decorator' retrieved from /home/airflow/.local/lib/python3.12/site-packages/airflow/example_dags/example_bash_decorator.py
[2024-09-22T11:32:49.014+0000] {logging_mixin.py:188} INFO - [2024-09-22T11:32:49.014+0000] {dag.py:3089} INFO - Sync 1 DAGs
[2024-09-22T11:32:49.252+0000] {logging_mixin.py:188} INFO - [2024-09-22T11:32:49.251+0000] {dag.py:3947} INFO - Setting next_dagrun for example_bash_decorator to None, run_after=None
[2024-09-22T11:32:49.742+0000] {processor.py:183} INFO - Processing /home/airflow/.local/lib/python3.12/site-packages/airflow/example_dags/example_bash_decorator.py took 2.824 seconds
[2024-09-22T11:33:26.227+0000] {processor.py:161} INFO - Started process (PID=1700) to work on /home/airflow/.local/lib/python3.12/site-packages/airflow/example_dags/example_bash_decorator.py
[2024-09-22T11:33:26.796+0000] {processor.py:830} INFO - Processing file /home/airflow/.local/lib/python3.12/site-packages/airflow/example_dags/example_bash_decorator.py for tasks to queue
[2024-09-22T11:33:26.797+0000] {logging_mixin.py:188} INFO - [2024-09-22T11:33:26.797+0000] {dagbag.py:545} INFO - Filling up the DagBag from /home/airflow/.local/lib/python3.12/site-packages/airflow/example_dags/example_bash_decorator.py
[2024-09-22T11:33:26.815+0000] {processor.py:840} INFO - DAG(s) 'example_bash_decorator' retrieved from /home/airflow/.local/lib/python3.12/site-packages/airflow/example_dags/example_bash_decorator.py
[2024-09-22T11:33:26.860+0000] {logging_mixin.py:188} INFO - [2024-09-22T11:33:26.860+0000] {dag.py:3089} INFO - Sync 1 DAGs
[2024-09-22T11:33:26.880+0000] {logging_mixin.py:188} INFO - [2024-09-22T11:33:26.880+0000] {dag.py:3947} INFO - Setting next_dagrun for example_bash_decorator to None, run_after=None
[2024-09-22T11:33:27.247+0000] {processor.py:183} INFO - Processing /home/airflow/.local/lib/python3.12/site-packages/airflow/example_dags/example_bash_decorator.py took 1.031 seconds
[2024-09-22T11:33:57.298+0000] {processor.py:161} INFO - Started process (PID=1769) to work on /home/airflow/.local/lib/python3.12/site-packages/airflow/example_dags/example_bash_decorator.py
[2024-09-22T11:33:57.299+0000] {processor.py:830} INFO - Processing file /home/airflow/.local/lib/python3.12/site-packages/airflow/example_dags/example_bash_decorator.py for tasks to queue
[2024-09-22T11:33:57.300+0000] {logging_mixin.py:188} INFO - [2024-09-22T11:33:57.300+0000] {dagbag.py:545} INFO - Filling up the DagBag from /home/airflow/.local/lib/python3.12/site-packages/airflow/example_dags/example_bash_decorator.py
[2024-09-22T11:33:57.317+0000] {processor.py:840} INFO - DAG(s) 'example_bash_decorator' retrieved from /home/airflow/.local/lib/python3.12/site-packages/airflow/example_dags/example_bash_decorator.py
[2024-09-22T11:33:57.360+0000] {logging_mixin.py:188} INFO - [2024-09-22T11:33:57.360+0000] {dag.py:3089} INFO - Sync 1 DAGs
[2024-09-22T11:33:57.394+0000] {logging_mixin.py:188} INFO - [2024-09-22T11:33:57.394+0000] {dag.py:3947} INFO - Setting next_dagrun for example_bash_decorator to None, run_after=None
[2024-09-22T11:33:57.754+0000] {processor.py:183} INFO - Processing /home/airflow/.local/lib/python3.12/site-packages/airflow/example_dags/example_bash_decorator.py took 0.464 seconds
[2024-09-22T11:34:28.240+0000] {processor.py:161} INFO - Started process (PID=1832) to work on /home/airflow/.local/lib/python3.12/site-packages/airflow/example_dags/example_bash_decorator.py
[2024-09-22T11:34:28.464+0000] {processor.py:830} INFO - Processing file /home/airflow/.local/lib/python3.12/site-packages/airflow/example_dags/example_bash_decorator.py for tasks to queue
[2024-09-22T11:34:28.466+0000] {logging_mixin.py:188} INFO - [2024-09-22T11:34:28.465+0000] {dagbag.py:545} INFO - Filling up the DagBag from /home/airflow/.local/lib/python3.12/site-packages/airflow/example_dags/example_bash_decorator.py
[2024-09-22T11:34:28.506+0000] {processor.py:840} INFO - DAG(s) 'example_bash_decorator' retrieved from /home/airflow/.local/lib/python3.12/site-packages/airflow/example_dags/example_bash_decorator.py
[2024-09-22T11:34:28.579+0000] {logging_mixin.py:188} INFO - [2024-09-22T11:34:28.578+0000] {dag.py:3089} INFO - Sync 1 DAGs
[2024-09-22T11:34:28.614+0000] {logging_mixin.py:188} INFO - [2024-09-22T11:34:28.614+0000] {dag.py:3947} INFO - Setting next_dagrun for example_bash_decorator to None, run_after=None
[2024-09-22T11:34:28.877+0000] {processor.py:183} INFO - Processing /home/airflow/.local/lib/python3.12/site-packages/airflow/example_dags/example_bash_decorator.py took 0.656 seconds
[2024-09-22T11:35:02.346+0000] {processor.py:161} INFO - Started process (PID=1890) to work on /home/airflow/.local/lib/python3.12/site-packages/airflow/example_dags/example_bash_decorator.py
[2024-09-22T11:35:02.348+0000] {processor.py:830} INFO - Processing file /home/airflow/.local/lib/python3.12/site-packages/airflow/example_dags/example_bash_decorator.py for tasks to queue
[2024-09-22T11:35:02.349+0000] {logging_mixin.py:188} INFO - [2024-09-22T11:35:02.349+0000] {dagbag.py:545} INFO - Filling up the DagBag from /home/airflow/.local/lib/python3.12/site-packages/airflow/example_dags/example_bash_decorator.py
[2024-09-22T11:35:02.369+0000] {processor.py:840} INFO - DAG(s) 'example_bash_decorator' retrieved from /home/airflow/.local/lib/python3.12/site-packages/airflow/example_dags/example_bash_decorator.py
[2024-09-22T11:35:02.417+0000] {logging_mixin.py:188} INFO - [2024-09-22T11:35:02.416+0000] {dag.py:3089} INFO - Sync 1 DAGs
[2024-09-22T11:35:02.448+0000] {logging_mixin.py:188} INFO - [2024-09-22T11:35:02.447+0000] {dag.py:3947} INFO - Setting next_dagrun for example_bash_decorator to None, run_after=None
[2024-09-22T11:35:02.796+0000] {processor.py:183} INFO - Processing /home/airflow/.local/lib/python3.12/site-packages/airflow/example_dags/example_bash_decorator.py took 0.461 seconds
[2024-09-22T11:35:40.720+0000] {processor.py:161} INFO - Started process (PID=1950) to work on /home/airflow/.local/lib/python3.12/site-packages/airflow/example_dags/example_bash_decorator.py
[2024-09-22T11:35:40.877+0000] {processor.py:830} INFO - Processing file /home/airflow/.local/lib/python3.12/site-packages/airflow/example_dags/example_bash_decorator.py for tasks to queue
[2024-09-22T11:35:40.879+0000] {logging_mixin.py:188} INFO - [2024-09-22T11:35:40.878+0000] {dagbag.py:545} INFO - Filling up the DagBag from /home/airflow/.local/lib/python3.12/site-packages/airflow/example_dags/example_bash_decorator.py
[2024-09-22T11:35:40.950+0000] {processor.py:840} INFO - DAG(s) 'example_bash_decorator' retrieved from /home/airflow/.local/lib/python3.12/site-packages/airflow/example_dags/example_bash_decorator.py
[2024-09-22T11:35:41.034+0000] {logging_mixin.py:188} INFO - [2024-09-22T11:35:41.034+0000] {dag.py:3089} INFO - Sync 1 DAGs
[2024-09-22T11:35:41.071+0000] {logging_mixin.py:188} INFO - [2024-09-22T11:35:41.067+0000] {dag.py:3947} INFO - Setting next_dagrun for example_bash_decorator to None, run_after=None
[2024-09-22T11:35:41.261+0000] {processor.py:183} INFO - Processing /home/airflow/.local/lib/python3.12/site-packages/airflow/example_dags/example_bash_decorator.py took 0.552 seconds
[2024-09-22T11:38:59.369+0000] {processor.py:161} INFO - Started process (PID=2089) to work on /home/airflow/.local/lib/python3.12/site-packages/airflow/example_dags/example_bash_decorator.py
[2024-09-22T11:38:59.493+0000] {processor.py:830} INFO - Processing file /home/airflow/.local/lib/python3.12/site-packages/airflow/example_dags/example_bash_decorator.py for tasks to queue
[2024-09-22T11:38:59.494+0000] {logging_mixin.py:188} INFO - [2024-09-22T11:38:59.494+0000] {dagbag.py:545} INFO - Filling up the DagBag from /home/airflow/.local/lib/python3.12/site-packages/airflow/example_dags/example_bash_decorator.py
[2024-09-22T11:39:02.467+0000] {processor.py:840} INFO - DAG(s) 'example_bash_decorator' retrieved from /home/airflow/.local/lib/python3.12/site-packages/airflow/example_dags/example_bash_decorator.py
[2024-09-22T11:39:02.763+0000] {logging_mixin.py:188} INFO - [2024-09-22T11:39:02.762+0000] {dag.py:3089} INFO - Sync 1 DAGs
[2024-09-22T11:39:02.813+0000] {logging_mixin.py:188} INFO - [2024-09-22T11:39:02.812+0000] {dag.py:3947} INFO - Setting next_dagrun for example_bash_decorator to None, run_after=None
[2024-09-22T11:39:03.069+0000] {processor.py:183} INFO - Processing /home/airflow/.local/lib/python3.12/site-packages/airflow/example_dags/example_bash_decorator.py took 3.708 seconds
[2024-09-22T11:41:34.615+0000] {processor.py:161} INFO - Started process (PID=2182) to work on /home/airflow/.local/lib/python3.12/site-packages/airflow/example_dags/example_bash_decorator.py
[2024-09-22T11:41:34.828+0000] {processor.py:830} INFO - Processing file /home/airflow/.local/lib/python3.12/site-packages/airflow/example_dags/example_bash_decorator.py for tasks to queue
[2024-09-22T11:41:34.829+0000] {logging_mixin.py:188} INFO - [2024-09-22T11:41:34.829+0000] {dagbag.py:545} INFO - Filling up the DagBag from /home/airflow/.local/lib/python3.12/site-packages/airflow/example_dags/example_bash_decorator.py
[2024-09-22T11:41:34.854+0000] {processor.py:840} INFO - DAG(s) 'example_bash_decorator' retrieved from /home/airflow/.local/lib/python3.12/site-packages/airflow/example_dags/example_bash_decorator.py
[2024-09-22T11:41:34.901+0000] {logging_mixin.py:188} INFO - [2024-09-22T11:41:34.901+0000] {dag.py:3089} INFO - Sync 1 DAGs
[2024-09-22T11:41:35.176+0000] {logging_mixin.py:188} INFO - [2024-09-22T11:41:35.176+0000] {dag.py:3947} INFO - Setting next_dagrun for example_bash_decorator to None, run_after=None
[2024-09-22T11:41:35.651+0000] {processor.py:183} INFO - Processing /home/airflow/.local/lib/python3.12/site-packages/airflow/example_dags/example_bash_decorator.py took 1.045 seconds
[2024-09-22T11:42:07.099+0000] {processor.py:161} INFO - Started process (PID=2249) to work on /home/airflow/.local/lib/python3.12/site-packages/airflow/example_dags/example_bash_decorator.py
[2024-09-22T11:42:07.100+0000] {processor.py:830} INFO - Processing file /home/airflow/.local/lib/python3.12/site-packages/airflow/example_dags/example_bash_decorator.py for tasks to queue
[2024-09-22T11:42:07.102+0000] {logging_mixin.py:188} INFO - [2024-09-22T11:42:07.101+0000] {dagbag.py:545} INFO - Filling up the DagBag from /home/airflow/.local/lib/python3.12/site-packages/airflow/example_dags/example_bash_decorator.py
[2024-09-22T11:42:07.134+0000] {processor.py:840} INFO - DAG(s) 'example_bash_decorator' retrieved from /home/airflow/.local/lib/python3.12/site-packages/airflow/example_dags/example_bash_decorator.py
[2024-09-22T11:42:07.180+0000] {logging_mixin.py:188} INFO - [2024-09-22T11:42:07.180+0000] {dag.py:3089} INFO - Sync 1 DAGs
[2024-09-22T11:42:07.197+0000] {logging_mixin.py:188} INFO - [2024-09-22T11:42:07.197+0000] {dag.py:3947} INFO - Setting next_dagrun for example_bash_decorator to None, run_after=None
[2024-09-22T11:42:07.439+0000] {processor.py:183} INFO - Processing /home/airflow/.local/lib/python3.12/site-packages/airflow/example_dags/example_bash_decorator.py took 0.353 seconds
[2024-09-22T11:42:41.693+0000] {processor.py:161} INFO - Started process (PID=2328) to work on /home/airflow/.local/lib/python3.12/site-packages/airflow/example_dags/example_bash_decorator.py
[2024-09-22T11:42:41.729+0000] {processor.py:830} INFO - Processing file /home/airflow/.local/lib/python3.12/site-packages/airflow/example_dags/example_bash_decorator.py for tasks to queue
[2024-09-22T11:42:41.737+0000] {logging_mixin.py:188} INFO - [2024-09-22T11:42:41.735+0000] {dagbag.py:545} INFO - Filling up the DagBag from /home/airflow/.local/lib/python3.12/site-packages/airflow/example_dags/example_bash_decorator.py
[2024-09-22T11:42:41.823+0000] {processor.py:840} INFO - DAG(s) 'example_bash_decorator' retrieved from /home/airflow/.local/lib/python3.12/site-packages/airflow/example_dags/example_bash_decorator.py
[2024-09-22T11:42:41.909+0000] {logging_mixin.py:188} INFO - [2024-09-22T11:42:41.908+0000] {dag.py:3089} INFO - Sync 1 DAGs
[2024-09-22T11:42:41.945+0000] {logging_mixin.py:188} INFO - [2024-09-22T11:42:41.944+0000] {dag.py:3947} INFO - Setting next_dagrun for example_bash_decorator to None, run_after=None
[2024-09-22T11:42:42.191+0000] {processor.py:183} INFO - Processing /home/airflow/.local/lib/python3.12/site-packages/airflow/example_dags/example_bash_decorator.py took 0.522 seconds
[2024-09-22T11:43:12.361+0000] {processor.py:161} INFO - Started process (PID=2415) to work on /home/airflow/.local/lib/python3.12/site-packages/airflow/example_dags/example_bash_decorator.py
[2024-09-22T11:43:12.362+0000] {processor.py:830} INFO - Processing file /home/airflow/.local/lib/python3.12/site-packages/airflow/example_dags/example_bash_decorator.py for tasks to queue
[2024-09-22T11:43:12.364+0000] {logging_mixin.py:188} INFO - [2024-09-22T11:43:12.363+0000] {dagbag.py:545} INFO - Filling up the DagBag from /home/airflow/.local/lib/python3.12/site-packages/airflow/example_dags/example_bash_decorator.py
[2024-09-22T11:43:12.412+0000] {processor.py:840} INFO - DAG(s) 'example_bash_decorator' retrieved from /home/airflow/.local/lib/python3.12/site-packages/airflow/example_dags/example_bash_decorator.py
[2024-09-22T11:43:12.510+0000] {logging_mixin.py:188} INFO - [2024-09-22T11:43:12.509+0000] {dag.py:3089} INFO - Sync 1 DAGs
[2024-09-22T11:43:12.565+0000] {logging_mixin.py:188} INFO - [2024-09-22T11:43:12.565+0000] {dag.py:3947} INFO - Setting next_dagrun for example_bash_decorator to None, run_after=None
[2024-09-22T11:43:13.355+0000] {processor.py:183} INFO - Processing /home/airflow/.local/lib/python3.12/site-packages/airflow/example_dags/example_bash_decorator.py took 1.012 seconds
[2024-09-22T11:43:43.520+0000] {processor.py:161} INFO - Started process (PID=2505) to work on /home/airflow/.local/lib/python3.12/site-packages/airflow/example_dags/example_bash_decorator.py
[2024-09-22T11:43:43.570+0000] {processor.py:830} INFO - Processing file /home/airflow/.local/lib/python3.12/site-packages/airflow/example_dags/example_bash_decorator.py for tasks to queue
[2024-09-22T11:43:43.572+0000] {logging_mixin.py:188} INFO - [2024-09-22T11:43:43.571+0000] {dagbag.py:545} INFO - Filling up the DagBag from /home/airflow/.local/lib/python3.12/site-packages/airflow/example_dags/example_bash_decorator.py
[2024-09-22T11:43:43.612+0000] {processor.py:840} INFO - DAG(s) 'example_bash_decorator' retrieved from /home/airflow/.local/lib/python3.12/site-packages/airflow/example_dags/example_bash_decorator.py
[2024-09-22T11:43:43.680+0000] {logging_mixin.py:188} INFO - [2024-09-22T11:43:43.680+0000] {dag.py:3089} INFO - Sync 1 DAGs
[2024-09-22T11:43:43.708+0000] {logging_mixin.py:188} INFO - [2024-09-22T11:43:43.708+0000] {dag.py:3947} INFO - Setting next_dagrun for example_bash_decorator to None, run_after=None
[2024-09-22T11:43:43.919+0000] {processor.py:183} INFO - Processing /home/airflow/.local/lib/python3.12/site-packages/airflow/example_dags/example_bash_decorator.py took 0.410 seconds
[2024-09-22T11:44:15.553+0000] {processor.py:161} INFO - Started process (PID=2587) to work on /home/airflow/.local/lib/python3.12/site-packages/airflow/example_dags/example_bash_decorator.py
[2024-09-22T11:44:15.555+0000] {processor.py:830} INFO - Processing file /home/airflow/.local/lib/python3.12/site-packages/airflow/example_dags/example_bash_decorator.py for tasks to queue
[2024-09-22T11:44:15.557+0000] {logging_mixin.py:188} INFO - [2024-09-22T11:44:15.556+0000] {dagbag.py:545} INFO - Filling up the DagBag from /home/airflow/.local/lib/python3.12/site-packages/airflow/example_dags/example_bash_decorator.py
[2024-09-22T11:44:15.593+0000] {processor.py:840} INFO - DAG(s) 'example_bash_decorator' retrieved from /home/airflow/.local/lib/python3.12/site-packages/airflow/example_dags/example_bash_decorator.py
[2024-09-22T11:44:15.664+0000] {logging_mixin.py:188} INFO - [2024-09-22T11:44:15.663+0000] {dag.py:3089} INFO - Sync 1 DAGs
[2024-09-22T11:44:15.695+0000] {logging_mixin.py:188} INFO - [2024-09-22T11:44:15.694+0000] {dag.py:3947} INFO - Setting next_dagrun for example_bash_decorator to None, run_after=None
                                                                                                                                                                                        