[2024-09-22T11:13:25.425+0000] {processor.py:161} INFO - Started process (PID=58) to work on /home/airflow/.local/lib/python3.12/site-packages/airflow/example_dags/example_python_operator.py
[2024-09-22T11:13:25.426+0000] {processor.py:830} INFO - Processing file /home/airflow/.local/lib/python3.12/site-packages/airflow/example_dags/example_python_operator.py for tasks to queue
[2024-09-22T11:13:25.429+0000] {logging_mixin.py:188} INFO - [2024-09-22T11:13:25.428+0000] {dagbag.py:545} INFO - Filling up the DagBag from /home/airflow/.local/lib/python3.12/site-packages/airflow/example_dags/example_python_operator.py
[2024-09-22T11:13:25.450+0000] {processor.py:840} INFO - DAG(s) 'example_python_operator' retrieved from /home/airflow/.local/lib/python3.12/site-packages/airflow/example_dags/example_python_operator.py
[2024-09-22T11:13:25.716+0000] {logging_mixin.py:188} INFO - [2024-09-22T11:13:25.712+0000] {dag.py:3089} INFO - Sync 1 DAGs
[2024-09-22T11:13:25.754+0000] {logging_mixin.py:188} INFO - [2024-09-22T11:13:25.754+0000] {dag.py:3947} INFO - Setting next_dagrun for example_python_operator to None, run_after=None
[2024-09-22T11:13:25.912+0000] {processor.py:183} INFO - Processing /home/airflow/.local/lib/python3.12/site-packages/airflow/example_dags/example_python_operator.py took 0.496 seconds
[2024-09-22T11:15:12.891+0000] {processor.py:161} INFO - Started process (PID=54) to work on /home/airflow/.local/lib/python3.12/site-packages/airflow/example_dags/example_python_operator.py
[2024-09-22T11:15:12.931+0000] {processor.py:830} INFO - Processing file /home/airflow/.local/lib/python3.12/site-packages/airflow/example_dags/example_python_operator.py for tasks to queue
[2024-09-22T11:15:12.934+0000] {logging_mixin.py:188} INFO - [2024-09-22T11:15:12.933+0000] {dagbag.py:545} INFO - Filling up the DagBag from /home/airflow/.local/lib/python3.12/site-packages/airflow/example_dags/example_python_operator.py
[2024-09-22T11:15:12.963+0000] {processor.py:840} INFO - DAG(s) 'example_python_operator' retrieved from /home/airflow/.local/lib/python3.12/site-packages/airflow/example_dags/example_python_operator.py
[2024-09-22T11:15:13.144+0000] {logging_mixin.py:188} INFO - [2024-09-22T11:15:13.143+0000] {dag.py:3089} INFO - Sync 1 DAGs
[2024-09-22T11:15:13.161+0000] {logging_mixin.py:188} INFO - [2024-09-22T11:15:13.161+0000] {dag.py:3947} INFO - Setting next_dagrun for example_python_operator to None, run_after=None
[2024-09-22T11:15:13.333+0000] {processor.py:183} INFO - Processing /home/airflow/.local/lib/python3.12/site-packages/airflow/example_dags/example_python_operator.py took 0.452 seconds
[2024-09-22T11:15:48.465+0000] {processor.py:161} INFO - Started process (PID=118) to work on /home/airflow/.local/lib/python3.12/site-packages/airflow/example_dags/example_python_operator.py
[2024-09-22T11:15:48.498+0000] {processor.py:830} INFO - Processing file /home/airflow/.local/lib/python3.12/site-packages/airflow/example_dags/example_python_operator.py for tasks to queue
[2024-09-22T11:15:48.510+0000] {logging_mixin.py:188} INFO - [2024-09-22T11:15:48.509+0000] {dagbag.py:545} INFO - Filling up the DagBag from /home/airflow/.local/lib/python3.12/site-packages/airflow/example_dags/example_python_operator.py
[2024-09-22T11:15:48.539+0000] {processor.py:840} INFO - DAG(s) 'example_python_operator' retrieved from /home/airflow/.local/lib/python3.12/site-packages/airflow/example_dags/example_python_operator.py
[2024-09-22T11:15:48.594+0000] {logging_mixin.py:188} INFO - [2024-09-22T11:15:48.594+0000] {dag.py:3089} INFO - Sync 1 DAGs
[2024-09-22T11:15:48.617+0000] {logging_mixin.py:188} INFO - [2024-09-22T11:15:48.616+0000] {dag.py:3947} INFO - Setting next_dagrun for example_python_operator to None, run_after=None
[2024-09-22T11:15:48.720+0000] {processor.py:183} INFO - Processing /home/airflow/.local/lib/python3.12/site-packages/airflow/example_dags/example_python_operator.py took 0.266 seconds
[2024-09-22T11:16:26.851+0000] {processor.py:161} INFO - Started process (PID=175) to work on /home/airflow/.local/lib/python3.12/site-packages/airflow/example_dags/example_python_operator.py
[2024-09-22T11:16:26.853+0000] {processor.py:830} INFO - Processing file /home/airflow/.local/lib/python3.12/site-packages/airflow/example_dags/example_python_operator.py for tasks to queue
[2024-09-22T11:16:26.856+0000] {logging_mixin.py:188} INFO - [2024-09-22T11:16:26.855+0000] {dagbag.py:545} INFO - Filling up the DagBag from /home/airflow/.local/lib/python3.12/site-packages/airflow/example_dags/example_python_operator.py
[2024-09-22T11:16:26.871+0000] {processor.py:840} INFO - DAG(s) 'example_python_operator' retrieved from /home/airflow/.local/lib/python3.12/site-packages/airflow/example_dags/example_python_operator.py
[2024-09-22T11:16:26.952+0000] {logging_mixin.py:188} INFO - [2024-09-22T11:16:26.951+0000] {dag.py:3089} INFO - Sync 1 DAGs
[2024-09-22T11:16:26.977+0000] {logging_mixin.py:188} INFO - [2024-09-22T11:16:26.977+0000] {dag.py:3947} INFO - Setting next_dagrun for example_python_operator to None, run_after=None
[2024-09-22T11:16:27.107+0000] {processor.py:183} INFO - Processing /home/airflow/.local/lib/python3.12/site-packages/airflow/example_dags/example_python_operator.py took 0.264 seconds
[2024-09-22T11:17:09.267+0000] {processor.py:161} INFO - Started process (PID=247) to work on /home/airflow/.local/lib/python3.12/site-packages/airflow/example_dags/example_python_operator.py
[2024-09-22T11:17:09.305+0000] {processor.py:830} INFO - Processing file /home/airflow/.local/lib/python3.12/site-packages/airflow/example_dags/example_python_operator.py for tasks to queue
[2024-09-22T11:17:09.309+0000] {logging_mixin.py:188} INFO - [2024-09-22T11:17:09.307+0000] {dagbag.py:545} INFO - Filling up the DagBag from /home/airflow/.local/lib/python3.12/site-packages/airflow/example_dags/example_python_operator.py
[2024-09-22T11:17:09.341+0000] {processor.py:840} INFO - DAG(s) 'example_python_operator' retrieved from /home/airflow/.local/lib/python3.12/site-packages/airflow/example_dags/example_python_operator.py
[2024-09-22T11:17:09.448+0000] {logging_mixin.py:188} INFO - [2024-09-22T11:17:09.447+0000] {dag.py:3089} INFO - Sync 1 DAGs
[2024-09-22T11:17:09.487+0000] {logging_mixin.py:188} INFO - [2024-09-22T11:17:09.487+0000] {dag.py:3947} INFO - Setting next_dagrun for example_python_operator to None, run_after=None
[2024-09-22T11:17:09.728+0000] {processor.py:183} INFO - Processing /home/airflow/.local/lib/python3.12/site-packages/airflow/example_dags/example_python_operator.py took 0.475 seconds
[2024-09-22T11:17:48.554+0000] {processor.py:161} INFO - Started process (PID=323) to work on /home/airflow/.local/lib/python3.12/site-packages/airflow/example_dags/example_python_operator.py
[2024-09-22T11:17:48.704+0000] {processor.py:830} INFO - Processing file /home/airflow/.local/lib/python3.12/site-packages/airflow/example_dags/example_python_operator.py for tasks to queue
[2024-09-22T11:17:48.706+0000] {logging_mixin.py:188} INFO - [2024-09-22T11:17:48.705+0000] {dagbag.py:545} INFO - Filling up the DagBag from /home/airflow/.local/lib/python3.12/site-packages/airflow/example_dags/example_python_operator.py
[2024-09-22T11:17:48.743+0000] {processor.py:840} INFO - DAG(s) 'example_python_operator' retrieved from /home/airflow/.local/lib/python3.12/site-packages/airflow/example_dags/example_python_operator.py
[2024-09-22T11:17:48.833+0000] {logging_mixin.py:188} INFO - [2024-09-22T11:17:48.833+0000] {dag.py:3089} INFO - Sync 1 DAGs
[2024-09-22T11:17:48.886+0000] {logging_mixin.py:188} INFO - [2024-09-22T11:17:48.885+0000] {dag.py:3947} INFO - Setting next_dagrun for example_python_operator to None, run_after=None
[2024-09-22T11:17:49.180+0000] {processor.py:183} INFO - Processing /home/airflow/.local/lib/python3.12/site-packages/airflow/example_dags/example_python_operator.py took 0.659 seconds
[2024-09-22T11:18:33.656+0000] {processor.py:161} INFO - Started process (PID=417) to work on /home/airflow/.local/lib/python3.12/site-packages/airflow/example_dags/example_python_operator.py
[2024-09-22T11:18:33.842+0000] {processor.py:830} INFO - Processing file /home/airflow/.local/lib/python3.12/site-packages/airflow/example_dags/example_python_operator.py for tasks to queue
[2024-09-22T11:18:33.843+0000] {logging_mixin.py:188} INFO - [2024-09-22T11:18:33.843+0000] {dagbag.py:545} INFO - Filling up the DagBag from /home/airflow/.local/lib/python3.12/site-packages/airflow/example_dags/example_python_operator.py
[2024-09-22T11:18:33.885+0000] {processor.py:840} INFO - DAG(s) 'example_python_operator' retrieved from /home/airflow/.local/lib/python3.12/site-packages/airflow/example_dags/example_python_operator.py
[2024-09-22T11:18:34.036+0000] {logging_mixin.py:188} INFO - [2024-09-22T11:18:34.034+0000] {dag.py:3089} INFO - Sync 1 DAGs
[2024-09-22T11:18:34.112+0000] {logging_mixin.py:188} INFO - [2024-09-22T11:18:34.112+0000] {dag.py:3947} INFO - Setting next_dagrun for example_python_operator to None, run_after=None
[2024-09-22T11:18:34.382+0000] {processor.py:183} INFO - Processing /home/airflow/.local/lib/python3.12/site-packages/airflow/example_dags/example_python_operator.py took 0.752 seconds
[2024-09-22T11:19:15.849+0000] {processor.py:161} INFO - Started process (PID=507) to work on /home/airflow/.local/lib/python3.12/site-packages/airflow/example_dags/example_python_operator.py
[2024-09-22T11:19:15.918+0000] {processor.py:830} INFO - Processing file /home/airflow/.local/lib/python3.12/site-packages/airflow/example_dags/example_python_operator.py for tasks to queue
[2024-09-22T11:19:15.925+0000] {logging_mixin.py:188} INFO - [2024-09-22T11:19:15.920+0000] {dagbag.py:545} INFO - Filling up the DagBag from /home/airflow/.local/lib/python3.12/site-packages/airflow/example_dags/example_python_operator.py
[2024-09-22T11:19:15.960+0000] {processor.py:840} INFO - DAG(s) 'example_python_operator' retrieved from /home/airflow/.local/lib/python3.12/site-packages/airflow/example_dags/example_python_operator.py
[2024-09-22T11:19:16.340+0000] {logging_mixin.py:188} INFO - [2024-09-22T11:19:16.338+0000] {dag.py:3089} INFO - Sync 1 DAGs
[2024-09-22T11:19:16.448+0000] {logging_mixin.py:188} INFO - [2024-09-22T11:19:16.447+0000] {dag.py:3947} INFO - Setting next_dagrun for example_python_operator to None, run_after=None
[2024-09-22T11:19:16.806+0000] {processor.py:183} INFO - Processing /home/airflow/.local/lib/python3.12/site-packages/airflow/example_dags/example_python_operator.py took 0.985 seconds
[2024-09-22T11:19:47.354+0000] {processor.py:161} INFO - Started process (PID=576) to work on /home/airflow/.local/lib/python3.12/site-packages/airflow/example_dags/example_python_operator.py
[2024-09-22T11:19:47.580+0000] {processor.py:830} INFO - Processing file /home/airflow/.local/lib/python3.12/site-packages/airflow/example_dags/example_python_operator.py for tasks to queue
[2024-09-22T11:19:47.581+0000] {logging_mixin.py:188} INFO - [2024-09-22T11:19:47.581+0000] {dagbag.py:545} INFO - Filling up the DagBag from /home/airflow/.local/lib/python3.12/site-packages/airflow/example_dags/example_python_operator.py
[2024-09-22T11:19:47.645+0000] {processor.py:840} INFO - DAG(s) 'example_python_operator' retrieved from /home/airflow/.local/lib/python3.12/site-packages/airflow/example_dags/example_python_operator.py
[2024-09-22T11:19:47.787+0000] {logging_mixin.py:188} INFO - [2024-09-22T11:19:47.786+0000] {dag.py:3089} INFO - Sync 1 DAGs
[2024-09-22T11:19:47.868+0000] {logging_mixin.py:188} INFO - [2024-09-22T11:19:47.867+0000] {dag.py:3947} INFO - Setting next_dagrun for example_python_operator to None, run_after=None
[2024-09-22T11:19:48.194+0000] {processor.py:183} INFO - Processing /home/airflow/.local/lib/python3.12/site-packages/airflow/example_dags/example_python_operator.py took 0.885 seconds
[2024-09-22T11:20:30.396+0000] {processor.py:161} INFO - Started process (PID=651) to work on /home/airflow/.local/lib/python3.12/site-packages/airflow/example_dags/example_python_operator.py
[2024-09-22T11:20:30.718+0000] {processor.py:830} INFO - Processing file /home/airflow/.local/lib/python3.12/site-packages/airflow/example_dags/example_python_operator.py for tasks to queue
[2024-09-22T11:20:30.720+0000] {logging_mixin.py:188} INFO - [2024-09-22T11:20:30.719+0000] {dagbag.py:545} INFO - Filling up the DagBag from /home/airflow/.local/lib/python3.12/site-packages/airflow/example_dags/example_python_operator.py
[2024-09-22T11:20:30.772+0000] {processor.py:840} INFO - DAG(s) 'example_python_operator' retrieved from /home/airflow/.local/lib/python3.12/site-packages/airflow/example_dags/example_python_operator.py
[2024-09-22T11:20:30.854+0000] {logging_mixin.py:188} INFO - [2024-09-22T11:20:30.854+0000] {dag.py:3089} INFO - Sync 1 DAGs
[2024-09-22T11:20:30.902+0000] {logging_mixin.py:188} INFO - [2024-09-22T11:20:30.902+0000] {dag.py:3947} INFO - Setting next_dagrun for example_python_operator to None, run_after=None
[2024-09-22T11:20:31.252+0000] {processor.py:183} INFO - Processing /home/airflow/.local/lib/python3.12/site-packages/airflow/example_dags/example_python_operator.py took 0.886 seconds
[2024-09-22T11:21:06.425+0000] {processor.py:161} INFO - Started process (PID=724) to work on /home/airflow/.local/lib/python3.12/site-packages/airflow/example_dags/example_python_operator.py
[2024-09-22T11:21:06.735+0000] {processor.py:830} INFO - Processing file /home/airflow/.local/lib/python3.12/site-packages/airflow/example_dags/example_python_operator.py for tasks to queue
[2024-09-22T11:21:06.738+0000] {logging_mixin.py:188} INFO - [2024-09-22T11:21:06.736+0000] {dagbag.py:545} INFO - Filling up the DagBag from /home/airflow/.local/lib/python3.12/site-packages/airflow/example_dags/example_python_operator.py
[2024-09-22T11:21:06.777+0000] {processor.py:840} INFO - DAG(s) 'example_python_operator' retrieved from /home/airflow/.local/lib/python3.12/site-packages/airflow/example_dags/example_python_operator.py
[2024-09-22T11:21:06.847+0000] {logging_mixin.py:188} INFO - [2024-09-22T11:21:06.846+0000] {dag.py:3089} INFO - Sync 1 DAGs
[2024-09-22T11:21:06.903+0000] {logging_mixin.py:188} INFO - [2024-09-22T11:21:06.902+0000] {dag.py:3947} INFO - Setting next_dagrun for example_python_operator to None, run_after=None
[2024-09-22T11:21:07.396+0000] {processor.py:183} INFO - Processing /home/airflow/.local/lib/python3.12/site-packages/airflow/example_dags/example_python_operator.py took 0.993 seconds
[2024-09-22T11:22:26.586+0000] {processor.py:161} INFO - Started process (PID=826) to work on /home/airflow/.local/lib/python3.12/site-packages/airflow/example_dags/example_python_operator.py
[2024-09-22T11:22:26.812+0000] {processor.py:830} INFO - Processing file /home/airflow/.local/lib/python3.12/site-packages/airflow/example_dags/example_python_operator.py for tasks to queue
[2024-09-22T11:22:26.814+0000] {logging_mixin.py:188} INFO - [2024-09-22T11:22:26.813+0000] {dagbag.py:545} INFO - Filling up the DagBag from /home/airflow/.local/lib/python3.12/site-packages/airflow/example_dags/example_python_operator.py
[2024-09-22T11:22:26.838+0000] {processor.py:840} INFO - DAG(s) 'example_python_operator' retrieved from /home/airflow/.local/lib/python3.12/site-packages/airflow/example_dags/example_python_operator.py
[2024-09-22T11:22:26.894+0000] {logging_mixin.py:188} INFO - [2024-09-22T11:22:26.893+0000] {dag.py:3089} INFO - Sync 1 DAGs
[2024-09-22T11:22:26.927+0000] {logging_mixin.py:188} INFO - [2024-09-22T11:22:26.926+0000] {dag.py:3947} INFO - Setting next_dagrun for example_python_operator to None, run_after=None
[2024-09-22T11:22:27.263+0000] {processor.py:183} INFO - Processing /home/airflow/.local/lib/python3.12/site-packages/airflow/example_dags/example_python_operator.py took 0.685 seconds
[2024-09-22T11:23:10.220+0000] {processor.py:161} INFO - Started process (PID=883) to work on /home/airflow/.local/lib/python3.12/site-packages/airflow/example_dags/example_python_operator.py
[2024-09-22T11:23:10.371+0000] {processor.py:830} INFO - Processing file /home/airflow/.local/lib/python3.12/site-packages/airflow/example_dags/example_python_operator.py for tasks to queue
[2024-09-22T11:23:10.374+0000] {logging_mixin.py:188} INFO - [2024-09-22T11:23:10.373+0000] {dagbag.py:545} INFO - Filling up the DagBag from /home/airflow/.local/lib/python3.12/site-packages/airflow/example_dags/example_python_operator.py
[2024-09-22T11:23:10.405+0000] {processor.py:840} INFO - DAG(s) 'example_python_operator' retrieved from /home/airflow/.local/lib/python3.12/site-packages/airflow/example_dags/example_python_operator.py
[2024-09-22T11:23:10.437+0000] {logging_mixin.py:188} INFO - [2024-09-22T11:23:10.436+0000] {dag.py:3089} INFO - Sync 1 DAGs
[2024-09-22T11:23:10.454+0000] {logging_mixin.py:188} INFO - [2024-09-22T11:23:10.454+0000] {dag.py:3947} INFO - Setting next_dagrun for example_python_operator to None, run_after=None
[2024-09-22T11:23:10.817+0000] {processor.py:183} INFO - Processing /home/airflow/.local/lib/python3.12/site-packages/airflow/example_dags/example_python_operator.py took 0.608 seconds
[2024-09-22T11:24:19.963+0000] {processor.py:161} INFO - Started process (PID=950) to work on /home/airflow/.local/lib/python3.12/site-packages/airflow/example_dags/example_python_operator.py
[2024-09-22T11:24:20.033+0000] {processor.py:830} INFO - Processing file /home/airflow/.local/lib/python3.12/site-packages/airflow/example_dags/example_python_operator.py for tasks to queue
[2024-09-22T11:24:20.035+0000] {logging_mixin.py:188} INFO - [2024-09-22T11:24:20.034+0000] {dagbag.py:545} INFO - Filling up the DagBag from /home/airflow/.local/lib/python3.12/site-packages/airflow/example_dags/example_python_operator.py
[2024-09-22T11:24:20.421+0000] {processor.py:840} INFO - DAG(s) 'example_python_operator' retrieved from /home/airflow/.local/lib/python3.12/site-packages/airflow/example_dags/example_python_operator.py
[2024-09-22T11:24:20.465+0000] {logging_mixin.py:188} INFO - [2024-09-22T11:24:20.465+0000] {dag.py:3089} INFO - Sync 1 DAGs
[2024-09-22T11:24:20.480+0000] {logging_mixin.py:188} INFO - [2024-09-22T11:24:20.480+0000] {dag.py:3947} INFO - Setting next_dagrun for example_python_operator to None, run_after=None
[2024-09-22T11:24:20.853+0000] {processor.py:183} INFO - Processing /home/airflow/.local/lib/python3.12/site-packages/airflow/example_dags/example_python_operator.py took 0.909 seconds
[2024-09-22T11:25:27.317+0000] {processor.py:161} INFO - Started process (PID=1023) to work on /home/airflow/.local/lib/python3.12/site-packages/airflow/example_dags/example_python_operator.py
[2024-09-22T11:25:27.534+0000] {processor.py:830} INFO - Processing file /home/airflow/.local/lib/python3.12/site-packages/airflow/example_dags/example_python_operator.py for tasks to queue
[2024-09-22T11:25:27.536+0000] {logging_mixin.py:188} INFO - [2024-09-22T11:25:27.535+0000] {dagbag.py:545} INFO - Filling up the DagBag from /home/airflow/.local/lib/python3.12/site-packages/airflow/example_dags/example_python_operator.py
[2024-09-22T11:25:27.563+0000] {processor.py:840} INFO - DAG(s) 'example_python_operator' retrieved from /home/airflow/.local/lib/python3.12/site-packages/airflow/example_dags/example_python_operator.py
[2024-09-22T11:25:27.603+0000] {logging_mixin.py:188} INFO - [2024-09-22T11:25:27.603+0000] {dag.py:3089} INFO - Sync 1 DAGs
[2024-09-22T11:25:27.625+0000] {logging_mixin.py:188} INFO - [2024-09-22T11:25:27.624+0000] {dag.py:3947} INFO - Setting next_dagrun for example_python_operator to None, run_after=None
[2024-09-22T11:25:27.954+0000] {processor.py:183} INFO - Processing /home/airflow/.local/lib/python3.12/site-packages/airflow/example_dags/example_python_operator.py took 0.646 seconds
[2024-09-22T11:26:32.711+0000] {processor.py:161} INFO - Started process (PID=1089) to work on /home/airflow/.local/lib/python3.12/site-packages/airflow/example_dags/example_python_operator.py
[2024-09-22T11:26:32.980+0000] {processor.py:830} INFO - Processing file /home/airflow/.local/lib/python3.12/site-packages/airflow/example_dags/example_python_operator.py for tasks to queue
[2024-09-22T11:26:32.981+0000] {logging_mixin.py:188} INFO - [2024-09-22T11:26:32.981+0000] {dagbag.py:545} INFO - Filling up the DagBag from /home/airflow/.local/lib/python3.12/site-packages/airflow/example_dags/example_python_operator.py
[2024-09-22T11:26:32.996+0000] {processor.py:840} INFO - DAG(s) 'example_python_operator' retrieved from /home/airflow/.local/lib/python3.12/site-packages/airflow/example_dags/example_python_operator.py
[2024-09-22T11:26:33.032+0000] {logging_mixin.py:188} INFO - [2024-09-22T11:26:33.031+0000] {dag.py:3089} INFO - Sync 1 DAGs
[2024-09-22T11:26:33.052+0000] {logging_mixin.py:188} INFO - [2024-09-22T11:26:33.051+0000] {dag.py:3947} INFO - Setting next_dagrun for example_python_operator to None, run_after=None
[2024-09-22T11:26:33.240+0000] {processor.py:183} INFO - Processing /home/airflow/.local/lib/python3.12/site-packages/airflow/example_dags/example_python_operator.py took 0.535 seconds
[2024-09-22T11:28:07.798+0000] {processor.py:161} INFO - Started process (PID=1156) to work on /home/airflow/.local/lib/python3.12/site-packages/airflow/example_dags/example_python_operator.py
[2024-09-22T11:28:07.995+0000] {processor.py:830} INFO - Processing file /home/airflow/.local/lib/python3.12/site-packages/airflow/example_dags/example_python_operator.py for tasks to queue
[2024-09-22T11:28:07.997+0000] {logging_mixin.py:188} INFO - [2024-09-22T11:28:07.997+0000] {dagbag.py:545} INFO - Filling up the DagBag from /home/airflow/.local/lib/python3.12/site-packages/airflow/example_dags/example_python_operator.py
[2024-09-22T11:28:08.019+0000] {processor.py:840} INFO - DAG(s) 'example_python_operator' retrieved from /home/airflow/.local/lib/python3.12/site-packages/airflow/example_dags/example_python_operator.py
[2024-09-22T11:28:08.076+0000] {logging_mixin.py:188} INFO - [2024-09-22T11:28:08.076+0000] {dag.py:3089} INFO - Sync 1 DAGs
[2024-09-22T11:28:08.102+0000] {logging_mixin.py:188} INFO - [2024-09-22T11:28:08.102+0000] {dag.py:3947} INFO - Setting next_dagrun for example_python_operator to None, run_after=None
[2024-09-22T11:28:08.300+0000] {processor.py:183} INFO - Processing /home/airflow/.local/lib/python3.12/site-packages/airflow/example_dags/example_python_operator.py took 0.509 seconds
[2024-09-22T11:28:44.541+0000] {processor.py:161} INFO - Started process (PID=1225) to work on /home/airflow/.local/lib/python3.12/site-packages/airflow/example_dags/example_python_operator.py
[2024-09-22T11:28:44.614+0000] {processor.py:830} INFO - Processing file /home/airflow/.local/lib/python3.12/site-packages/airflow/example_dags/example_python_operator.py for tasks to queue
[2024-09-22T11:28:44.615+0000] {logging_mixin.py:188} INFO - [2024-09-22T11:28:44.615+0000] {dagbag.py:545} INFO - Filling up the DagBag from /home/airflow/.local/lib/python3.12/site-packages/airflow/example_dags/example_python_operator.py
[2024-09-22T11:28:44.631+0000] {processor.py:840} INFO - DAG(s) 'example_python_operator' retrieved from /home/airflow/.local/lib/python3.12/site-packages/airflow/example_dags/example_python_operator.py
[2024-09-22T11:28:44.672+0000] {logging_mixin.py:188} INFO - [2024-09-22T11:28:44.671+0000] {dag.py:3089} INFO - Sync 1 DAGs
[2024-09-22T11:28:44.694+0000] {logging_mixin.py:188} INFO - [2024-09-22T11:28:44.694+0000] {dag.py:3947} INFO - Setting next_dagrun for example_python_operator to None, run_after=None
[2024-09-22T11:28:45.200+0000] {processor.py:183} INFO - Processing /home/airflow/.local/lib/python3.12/site-packages/airflow/example_dags/example_python_operator.py took 0.667 seconds
[2024-09-22T11:29:17.340+0000] {processor.py:161} INFO - Started process (PID=1298) to work on /home/airflow/.local/lib/python3.12/site-packages/airflow/example_dags/example_python_operator.py
[2024-09-22T11:29:17.411+0000] {processor.py:830} INFO - Processing file /home/airflow/.local/lib/python3.12/site-packages/airflow/example_dags/example_python_operator.py for tasks to queue
[2024-09-22T11:29:17.413+0000] {logging_mixin.py:188} INFO - [2024-09-22T11:29:17.412+0000] {dagbag.py:545} INFO - Filling up the DagBag from /home/airflow/.local/lib/python3.12/site-packages/airflow/example_dags/example_python_operator.py
[2024-09-22T11:29:17.450+0000] {processor.py:840} INFO - DAG(s) 'example_python_operator' retrieved from /home/airflow/.local/lib/python3.12/site-packages/airflow/example_dags/example_python_operator.py
[2024-09-22T11:29:17.499+0000] {logging_mixin.py:188} INFO - [2024-09-22T11:29:17.498+0000] {dag.py:3089} INFO - Sync 1 DAGs
[2024-09-22T11:29:17.524+0000] {logging_mixin.py:188} INFO - [2024-09-22T11:29:17.524+0000] {dag.py:3947} INFO - Setting next_dagrun for example_python_operator to None, run_after=None
[2024-09-22T11:29:17.736+0000] {processor.py:183} INFO - Processing /home/airflow/.local/lib/python3.12/site-packages/airflow/example_dags/example_python_operator.py took 0.406 seconds
[2024-09-22T11:29:47.913+0000] {processor.py:161} INFO - Started process (PID=1355) to work on /home/airflow/.local/lib/python3.12/site-packages/airflow/example_dags/example_python_operator.py
[2024-09-22T11:29:47.914+0000] {processor.py:830} INFO - Processing file /home/airflow/.local/lib/python3.12/site-packages/airflow/example_dags/example_python_operator.py for tasks to queue
[2024-09-22T11:29:47.916+0000] {logging_mixin.py:188} INFO - [2024-09-22T11:29:47.915+0000] {dagbag.py:545} INFO - Filling up the DagBag from /home/airflow/.local/lib/python3.12/site-packages/airflow/example_dags/example_python_operator.py
[2024-09-22T11:29:47.942+0000] {processor.py:840} INFO - DAG(s) 'example_python_operator' retrieved from /home/airflow/.local/lib/python3.12/site-packages/airflow/example_dags/example_python_operator.py
[2024-09-22T11:29:48.004+0000] {logging_mixin.py:188} INFO - [2024-09-22T11:29:48.004+0000] {dag.py:3089} INFO - Sync 1 DAGs
[2024-09-22T11:29:48.029+0000] {logging_mixin.py:188} INFO - [2024-09-22T11:29:48.029+0000] {dag.py:3947} INFO - Setting next_dagrun for example_python_operator to None, run_after=None
[2024-09-22T11:29:48.246+0000] {processor.py:183} INFO - Processing /home/airflow/.local/lib/python3.12/site-packages/airflow/example_dags/example_python_operator.py took 0.346 seconds
[2024-09-22T11:30:19.680+0000] {processor.py:161} INFO - Started process (PID=1422) to work on /home/airflow/.local/lib/python3.12/site-packages/airflow/example_dags/example_python_operator.py
[2024-09-22T11:30:19.862+0000] {processor.py:830} INFO - Processing file /home/airflow/.local/lib/python3.12/site-packages/airflow/example_dags/example_python_operator.py for tasks to queue
[2024-09-22T11:30:19.864+0000] {logging_mixin.py:188} INFO - [2024-09-22T11:30:19.863+0000] {dagbag.py:545} INFO - Filling up the DagBag from /home/airflow/.local/lib/python3.12/site-packages/airflow/example_dags/example_python_operator.py
[2024-09-22T11:30:19.919+0000] {processor.py:840} INFO - DAG(s) 'example_python_operator' retrieved from /home/airflow/.local/lib/python3.12/site-packages/airflow/example_dags/example_python_operator.py
[2024-09-22T11:30:20.008+0000] {logging_mixin.py:188} INFO - [2024-09-22T11:30:20.008+0000] {dag.py:3089} INFO - Sync 1 DAGs
[2024-09-22T11:30:20.039+0000] {logging_mixin.py:188} INFO - [2024-09-22T11:30:20.038+0000] {dag.py:3947} INFO - Setting next_dagrun for example_python_operator to None, run_after=None
[2024-09-22T11:30:20.207+0000] {processor.py:183} INFO - Processing /home/airflow/.local/lib/python3.12/site-packages/airflow/example_dags/example_python_operator.py took 0.550 seconds
[2024-09-22T11:30:50.400+0000] {processor.py:161} INFO - Started process (PID=1488) to work on /home/airflow/.local/lib/python3.12/site-packages/airflow/example_dags/example_python_operator.py
[2024-09-22T11:30:50.410+0000] {processor.py:830} INFO - Processing file /home/airflow/.local/lib/python3.12/site-packages/airflow/example_dags/example_python_operator.py for tasks to queue
[2024-09-22T11:30:50.411+0000] {logging_mixin.py:188} INFO - [2024-09-22T11:30:50.411+0000] {dagbag.py:545} INFO - Filling up the DagBag from /home/airflow/.local/lib/python3.12/site-packages/airflow/example_dags/example_python_operator.py
[2024-09-22T11:30:50.433+0000] {processor.py:840} INFO - DAG(s) 'example_python_operator' retrieved from /home/airflow/.local/lib/python3.12/site-packages/airflow/example_dags/example_python_operator.py
[2024-09-22T11:30:50.478+0000] {logging_mixin.py:188} INFO - [2024-09-22T11:30:50.477+0000] {dag.py:3089} INFO - Sync 1 DAGs
[2024-09-22T11:30:50.503+0000] {logging_mixin.py:188} INFO - [2024-09-22T11:30:50.503+0000] {dag.py:3947} INFO - Setting next_dagrun for example_python_operator to None, run_after=None
[2024-09-22T11:30:50.817+0000] {processor.py:183} INFO - Processing /home/airflow/.local/lib/python3.12/site-packages/airflow/example_dags/example_python_operator.py took 0.426 seconds
[2024-09-22T11:31:32.739+0000] {processor.py:161} INFO - Started process (PID=1555) to work on /home/airflow/.local/lib/python3.12/site-packages/airflow/example_dags/example_python_operator.py
[2024-09-22T11:31:32.821+0000] {processor.py:830} INFO - Processing file /home/airflow/.local/lib/python3.12/site-packages/airflow/example_dags/example_python_operator.py for tasks to queue
[2024-09-22T11:31:32.824+0000] {logging_mixin.py:188} INFO - [2024-09-22T11:31:32.823+0000] {dagbag.py:545} INFO - Filling up the DagBag from /home/airflow/.local/lib/python3.12/site-packages/airflow/example_dags/example_python_operator.py
[2024-09-22T11:31:32.860+0000] {processor.py:840} INFO - DAG(s) 'example_python_operator' retrieved from /home/airflow/.local/lib/python3.12/site-packages/airflow/example_dags/example_python_operator.py
[2024-09-22T11:31:32.905+0000] {logging_mixin.py:188} INFO - [2024-09-22T11:31:32.905+0000] {dag.py:3089} INFO - Sync 1 DAGs
[2024-09-22T11:31:32.931+0000] {logging_mixin.py:188} INFO - [2024-09-22T11:31:32.930+0000] {dag.py:3947} INFO - Setting next_dagrun for example_python_operator to None, run_after=None
[2024-09-22T11:31:33.164+0000] {processor.py:183} INFO - Processing /home/airflow/.local/lib/python3.12/site-packages/airflow/example_dags/example_python_operator.py took 0.432 seconds
[2024-09-22T11:32:48.545+0000] {processor.py:161} INFO - Started process (PID=1630) to work on /home/airflow/.local/lib/python3.12/site-packages/airflow/example_dags/example_python_operator.py
[2024-09-22T11:32:49.210+0000] {processor.py:830} INFO - Processing file /home/airflow/.local/lib/python3.12/site-packages/airflow/example_dags/example_python_operator.py for tasks to queue
[2024-09-22T11:32:49.214+0000] {logging_mixin.py:188} INFO - [2024-09-22T11:32:49.212+0000] {dagbag.py:545} INFO - Filling up the DagBag from /home/airflow/.local/lib/python3.12/site-packages/airflow/example_dags/example_python_operator.py
[2024-09-22T11:32:49.247+0000] {processor.py:840} INFO - DAG(s) 'example_python_operator' retrieved from /home/airflow/.local/lib/python3.12/site-packages/airflow/example_dags/example_python_operator.py
[2024-09-22T11:32:49.306+0000] {logging_mixin.py:188} INFO - [2024-09-22T11:32:49.305+0000] {dag.py:3089} INFO - Sync 1 DAGs
[2024-09-22T11:32:49.329+0000] {logging_mixin.py:188} INFO - [2024-09-22T11:32:49.329+0000] {dag.py:3947} INFO - Setting next_dagrun for example_python_operator to None, run_after=None
[2024-09-22T11:32:49.744+0000] {processor.py:183} INFO - Processing /home/airflow/.local/lib/python3.12/site-packages/airflow/example_dags/example_python_operator.py took 1.211 seconds
[2024-09-22T11:33:27.294+0000] {processor.py:161} INFO - Started process (PID=1701) to work on /home/airflow/.local/lib/python3.12/site-packages/airflow/example_dags/example_python_operator.py
[2024-09-22T11:33:27.392+0000] {processor.py:830} INFO - Processing file /home/airflow/.local/lib/python3.12/site-packages/airflow/example_dags/example_python_operator.py for tasks to queue
[2024-09-22T11:33:27.394+0000] {logging_mixin.py:188} INFO - [2024-09-22T11:33:27.393+0000] {dagbag.py:545} INFO - Filling up the DagBag from /home/airflow/.local/lib/python3.12/site-packages/airflow/example_dags/example_python_operator.py
[2024-09-22T11:33:27.413+0000] {processor.py:840} INFO - DAG(s) 'example_python_operator' retrieved from /home/airflow/.local/lib/python3.12/site-packages/airflow/example_dags/example_python_operator.py
[2024-09-22T11:33:27.451+0000] {logging_mixin.py:188} INFO - [2024-09-22T11:33:27.451+0000] {dag.py:3089} INFO - Sync 1 DAGs
[2024-09-22T11:33:27.478+0000] {logging_mixin.py:188} INFO - [2024-09-22T11:33:27.477+0000] {dag.py:3947} INFO - Setting next_dagrun for example_python_operator to None, run_after=None
[2024-09-22T11:33:27.769+0000] {processor.py:183} INFO - Processing /home/airflow/.local/lib/python3.12/site-packages/airflow/example_dags/example_python_operator.py took 0.484 seconds
[2024-09-22T11:33:58.133+0000] {processor.py:161} INFO - Started process (PID=1770) to work on /home/airflow/.local/lib/python3.12/site-packages/airflow/example_dags/example_python_operator.py
[2024-09-22T11:33:58.134+0000] {processor.py:830} INFO - Processing file /home/airflow/.local/lib/python3.12/site-packages/airflow/example_dags/example_python_operator.py for tasks to queue
[2024-09-22T11:33:58.138+0000] {logging_mixin.py:188} INFO - [2024-09-22T11:33:58.137+0000] {dagbag.py:545} INFO - Filling up the DagBag from /home/airflow/.local/lib/python3.12/site-packages/airflow/example_dags/example_python_operator.py
[2024-09-22T11:33:58.161+0000] {processor.py:840} INFO - DAG(s) 'example_python_operator' retrieved from /home/airflow/.local/lib/python3.12/site-packages/airflow/example_dags/example_python_operator.py
[2024-09-22T11:33:58.197+0000] {logging_mixin.py:188} INFO - [2024-09-22T11:33:58.196+0000] {dag.py:3089} INFO - Sync 1 DAGs
[2024-09-22T11:33:58.216+0000] {logging_mixin.py:188} INFO - [2024-09-22T11:33:58.216+0000] {dag.py:3947} INFO - Setting next_dagrun for example_python_operator to None, run_after=None
[2024-09-22T11:33:59.203+0000] {processor.py:183} INFO - Processing /home/airflow/.local/lib/python3.12/site-packages/airflow/example_dags/example_python_operator.py took 1.088 seconds
[2024-09-22T11:34:29.632+0000] {processor.py:161} INFO - Started process (PID=1833) to work on /home/airflow/.local/lib/python3.12/site-packages/airflow/example_dags/example_python_operator.py
[2024-09-22T11:34:29.744+0000] {processor.py:830} INFO - Processing file /home/airflow/.local/lib/python3.12/site-packages/airflow/example_dags/example_python_operator.py for tasks to queue
[2024-09-22T11:34:29.747+0000] {logging_mixin.py:188} INFO - [2024-09-22T11:34:29.746+0000] {dagbag.py:545} INFO - Filling up the DagBag from /home/airflow/.local/lib/python3.12/site-packages/airflow/example_dags/example_python_operator.py
[2024-09-22T11:34:29.770+0000] {processor.py:840} INFO - DAG(s) 'example_python_operator' retrieved from /home/airflow/.local/lib/python3.12/site-packages/airflow/example_dags/example_python_operator.py
[2024-09-22T11:34:29.820+0000] {logging_mixin.py:188} INFO - [2024-09-22T11:34:29.820+0000] {dag.py:3089} INFO - Sync 1 DAGs
[2024-09-22T11:34:29.844+0000] {logging_mixin.py:188} INFO - [2024-09-22T11:34:29.844+0000] {dag.py:3947} INFO - Setting next_dagrun for example_python_operator to None, run_after=None
[2024-09-22T11:34:30.488+0000] {processor.py:183} INFO - Processing /home/airflow/.local/lib/python3.12/site-packages/airflow/example_dags/example_python_operator.py took 0.870 seconds
[2024-09-22T11:35:02.649+0000] {processor.py:161} INFO - Started process (PID=1891) to work on /home/airflow/.local/lib/python3.12/site-packages/airflow/example_dags/example_python_operator.py
[2024-09-22T11:35:02.780+0000] {processor.py:830} INFO - Processing file /home/airflow/.local/lib/python3.12/site-packages/airflow/example_dags/example_python_operator.py for tasks to queue
[2024-09-22T11:35:02.782+0000] {logging_mixin.py:188} INFO - [2024-09-22T11:35:02.781+0000] {dagbag.py:545} INFO - Filling up the DagBag from /home/airflow/.local/lib/python3.12/site-packages/airflow/example_dags/example_python_operator.py
[2024-09-22T11:35:02.799+0000] {processor.py:840} INFO - DAG(s) 'example_python_operator' retrieved from /home/airflow/.local/lib/python3.12/site-packages/airflow/example_dags/example_python_operator.py
[2024-09-22T11:35:02.834+0000] {logging_mixin.py:188} INFO - [2024-09-22T11:35:02.833+0000] {dag.py:3089} INFO - Sync 1 DAGs
[2024-09-22T11:35:02.850+0000] {logging_mixin.py:188} INFO - [2024-09-22T11:35:02.850+0000] {dag.py:3947} INFO - Setting next_dagrun for example_python_operator to None, run_after=None
[2024-09-22T11:35:03.062+0000] {processor.py:183} INFO - Processing /home/airflow/.local/lib/python3.12/site-packages/airflow/example_dags/example_python_operator.py took 0.421 seconds
[2024-09-22T11:35:41.039+0000] {processor.py:161} INFO - Started process (PID=1951) to work on /home/airflow/.local/lib/python3.12/site-packages/airflow/example_dags/example_python_operator.py
[2024-09-22T11:35:41.070+0000] {processor.py:830} INFO - Processing file /home/airflow/.local/lib/python3.12/site-packages/airflow/example_dags/example_python_operator.py for tasks to queue
[2024-09-22T11:35:41.072+0000] {logging_mixin.py:188} INFO - [2024-09-22T11:35:41.071+0000] {dagbag.py:545} INFO - Filling up the DagBag from /home/airflow/.local/lib/python3.12/site-packages/airflow/example_dags/example_python_operator.py
[2024-09-22T11:35:41.120+0000] {processor.py:840} INFO - DAG(s) 'example_python_operator' retrieved from /home/airflow/.local/lib/python3.12/site-packages/airflow/example_dags/example_python_operator.py
[2024-09-22T11:35:41.231+0000] {logging_mixin.py:188} INFO - [2024-09-22T11:35:41.228+0000] {dag.py:3089} INFO - Sync 1 DAGs
[2024-09-22T11:35:41.312+0000] {logging_mixin.py:188} INFO - [2024-09-22T11:35:41.311+0000] {dag.py:3947} INFO - Setting next_dagrun for example_python_operator to None, run_after=None
[2024-09-22T11:35:41.550+0000] {processor.py:183} INFO - Processing /home/airflow/.local/lib/python3.12/site-packages/airflow/example_dags/example_python_operator.py took 0.538 seconds
[2024-09-22T11:39:03.115+0000] {processor.py:161} INFO - Started process (PID=2094) to work on /home/airflow/.local/lib/python3.12/site-packages/airflow/example_dags/example_python_operator.py
[2024-09-22T11:39:03.259+0000] {processor.py:830} INFO - Processing file /home/airflow/.local/lib/python3.12/site-packages/airflow/example_dags/example_python_operator.py for tasks to queue
[2024-09-22T11:39:03.261+0000] {logging_mixin.py:188} INFO - [2024-09-22T11:39:03.260+0000] {dagbag.py:545} INFO - Filling up the DagBag from /home/airflow/.local/lib/python3.12/site-packages/airflow/example_dags/example_python_operator.py
[2024-09-22T11:39:03.514+0000] {processor.py:840} INFO - DAG(s) 'example_python_operator' retrieved from /home/airflow/.local/lib/python3.12/site-packages/airflow/example_dags/example_python_operator.py
[2024-09-22T11:39:03.607+0000] {logging_mixin.py:188} INFO - [2024-09-22T11:39:03.606+0000] {dag.py:3089} INFO - Sync 1 DAGs
[2024-09-22T11:39:03.633+0000] {logging_mixin.py:188} INFO - [2024-09-22T11:39:03.633+0000] {dag.py:3947} INFO - Setting next_dagrun for example_python_operator to None, run_after=None
[2024-09-22T11:39:04.079+0000] {processor.py:183} INFO - Processing /home/airflow/.local/lib/python3.12/site-packages/airflow/example_dags/example_python_operator.py took 0.975 seconds
[2024-09-22T11:41:35.727+0000] {processor.py:161} INFO - Started process (PID=2183) to work on /home/airflow/.local/lib/python3.12/site-packages/airflow/example_dags/example_python_operator.py
[2024-09-22T11:41:35.941+0000] {processor.py:830} INFO - Processing file /home/airflow/.local/lib/python3.12/site-packages/airflow/example_dags/example_python_operator.py for tasks to queue
[2024-09-22T11:41:35.943+0000] {logging_mixin.py:188} INFO - [2024-09-22T11:41:35.942+0000] {dagbag.py:545} INFO - Filling up the DagBag from /home/airflow/.local/lib/python3.12/site-packages/airflow/example_dags/example_python_operator.py
[2024-09-22T11:41:35.973+0000] {processor.py:840} INFO - DAG(s) 'example_python_operator' retrieved from /home/airflow/.local/lib/python3.12/site-packages/airflow/example_dags/example_python_operator.py
[2024-09-22T11:41:36.028+0000] {logging_mixin.py:188} INFO - [2024-09-22T11:41:36.028+0000] {dag.py:3089} INFO - Sync 1 DAGs
[2024-09-22T11:41:36.250+0000] {logging_mixin.py:188} INFO - [2024-09-22T11:41:36.250+0000] {dag.py:3947} INFO - Setting next_dagrun for example_python_operator to None, run_after=None
[2024-09-22T11:41:37.457+0000] {processor.py:183} INFO - Processing /home/airflow/.local/lib/python3.12/site-packages/airflow/example_dags/example_python_operator.py took 1.742 seconds
[2024-09-22T11:42:08.113+0000] {processor.py:161} INFO - Started process (PID=2250) to work on /home/airflow/.local/lib/python3.12/site-packages/airflow/example_dags/example_python_operator.py
[2024-09-22T11:42:08.114+0000] {processor.py:830} INFO - Processing file /home/airflow/.local/lib/python3.12/site-packages/airflow/example_dags/example_python_operator.py for tasks to queue
[2024-09-22T11:42:08.115+0000] {logging_mixin.py:188} INFO - [2024-09-22T11:42:08.114+0000] {dagbag.py:545} INFO - Filling up the DagBag from /home/airflow/.local/lib/python3.12/site-packages/airflow/example_dags/example_python_operator.py
[2024-09-22T11:42:08.130+0000] {processor.py:840} INFO - DAG(s) 'example_python_operator' retrieved from /home/airflow/.local/lib/python3.12/site-packages/airflow/example_dags/example_python_operator.py
[2024-09-22T11:42:08.167+0000] {logging_mixin.py:188} INFO - [2024-09-22T11:42:08.167+0000] {dag.py:3089} INFO - Sync 1 DAGs
[2024-09-22T11:42:08.196+0000] {logging_mixin.py:188} INFO - [2024-09-22T11:42:08.195+0000] {dag.py:3947} INFO - Setting next_dagrun for example_python_operator to None, run_after=None
[2024-09-22T11:42:08.776+0000] {processor.py:183} INFO - Processing /home/airflow/.local/lib/python3.12/site-packages/airflow/example_dags/example_python_operator.py took 0.672 seconds
[2024-09-22T11:42:41.873+0000] {processor.py:161} INFO - Started process (PID=2329) to work on /home/airflow/.local/lib/python3.12/site-packages/airflow/example_dags/example_python_operator.py
[2024-09-22T11:42:41.960+0000] {processor.py:830} INFO - Processing file /home/airflow/.local/lib/python3.12/site-packages/airflow/example_dags/example_python_operator.py for tasks to queue
[2024-09-22T11:42:41.964+0000] {logging_mixin.py:188} INFO - [2024-09-22T11:42:41.961+0000] {dagbag.py:545} INFO - Filling up the DagBag from /home/airflow/.local/lib/python3.12/site-packages/airflow/example_dags/example_python_operator.py
[2024-09-22T11:42:41.993+0000] {processor.py:840} INFO - DAG(s) 'example_python_operator' retrieved from /home/airflow/.local/lib/python3.12/site-packages/airflow/example_dags/example_python_operator.py
[2024-09-22T11:42:42.087+0000] {logging_mixin.py:188} INFO - [2024-09-22T11:42:42.087+0000] {dag.py:3089} INFO - Sync 1 DAGs
[2024-09-22T11:42:42.120+0000] {logging_mixin.py:188} INFO - [2024-09-22T11:42:42.120+0000] {dag.py:3947} INFO - Setting next_dagrun for example_python_operator to None, run_after=None
[2024-09-22T11:42:42.628+0000] {processor.py:183} INFO - Processing /home/airflow/.local/lib/python3.12/site-packages/airflow/example_dags/example_python_operator.py took 0.780 seconds
[2024-09-22T11:43:13.876+0000] {processor.py:161} INFO - Started process (PID=2416) to work on /home/airflow/.local/lib/python3.12/site-packages/airflow/example_dags/example_python_operator.py
[2024-09-22T11:43:13.877+0000] {processor.py:830} INFO - Processing file /home/airflow/.local/lib/python3.12/site-packages/airflow/example_dags/example_python_operator.py for tasks to queue
[2024-09-22T11:43:13.879+0000] {logging_mixin.py:188} INFO - [2024-09-22T11:43:13.879+0000] {dagbag.py:545} INFO - Filling up the DagBag from /home/airflow/.local/lib/python3.12/site-packages/airflow/example_dags/example_python_operator.py
[2024-09-22T11:43:13.919+0000] {processor.py:840} INFO - DAG(s) 'example_python_operator' retrieved from /home/airflow/.local/lib/python3.12/site-packages/airflow/example_dags/example_python_operator.py
[2024-09-22T11:43:13.971+0000] {logging_mixin.py:188} INFO - [2024-09-22T11:43:13.971+0000] {dag.py:3089} INFO - Sync 1 DAGs
[2024-09-22T11:43:14.027+0000] {logging_mixin.py:188} INFO - [2024-09-22T11:43:14.027+0000] {dag.py:3947} INFO - Setting next_dagrun for example_python_operator to None, run_after=None
[2024-09-22T11:43:14.297+0000] {processor.py:183} INFO - Processing /home/airflow/.local/lib/python3.12/site-packages/airflow/example_dags/example_python_operator.py took 0.438 seconds
[2024-09-22T11:43:44.710+0000] {processor.py:161} INFO - Started process (PID=2507) to work on /home/airflow/.local/lib/python3.12/site-packages/airflow/example_dags/example_python_operator.py
[2024-09-22T11:43:44.899+0000] {processor.py:830} INFO - Processing file /home/airflow/.local/lib/python3.12/site-packages/airflow/example_dags/example_python_operator.py for tasks to queue
[2024-09-22T11:43:44.900+0000] {logging_mixin.py:188} INFO - [2024-09-22T11:43:44.900+0000] {dagbag.py:545} INFO - Filling up the DagBag from /home/airflow/.local/lib/python3.12/site-packages/airflow/example_dags/example_python_operator.py
[2024-09-22T11:43:44.942+0000] {processor.py:840} INFO - DAG(s) 'example_python_operator' retrieved from /home/airflow/.local/lib/python3.12/site-packages/airflow/example_dags/example_python_operator.py
[2024-09-22T11:43:45.077+0000] {logging_mixin.py:188} INFO - [2024-09-22T11:43:45.076+0000] {dag.py:3089} INFO - Sync 1 DAGs
[2024-09-22T11:43:45.123+0000] {logging_mixin.py:188} INFO - [2024-09-22T11:43:45.123+0000] {dag.py:3947} INFO - Setting next_dagrun for example_python_operator to None, run_after=None
[2024-09-22T11:43:45.485+0000] {processor.py:183} INFO - Processing /home/airflow/.local/lib/python3.12/site-packages/airflow/example_dags/example_python_operator.py took 0.791 seconds
                                                                                                                                                                                                                                                                                                                                                                                                                                                                                                                                                                                                                                                                                                                                                                                                                                                                                                                                                                                                                                                                                                                                                                                                                                                                                                                                                                         