[2024-09-22T11:13:26.571+0000] {processor.py:161} INFO - Started process (PID=62) to work on /home/airflow/.local/lib/python3.12/site-packages/airflow/example_dags/example_short_circuit_operator.py
[2024-09-22T11:13:26.572+0000] {processor.py:830} INFO - Processing file /home/airflow/.local/lib/python3.12/site-packages/airflow/example_dags/example_short_circuit_operator.py for tasks to queue
[2024-09-22T11:13:26.576+0000] {logging_mixin.py:188} INFO - [2024-09-22T11:13:26.576+0000] {dagbag.py:545} INFO - Filling up the DagBag from /home/airflow/.local/lib/python3.12/site-packages/airflow/example_dags/example_short_circuit_operator.py
[2024-09-22T11:13:26.599+0000] {processor.py:840} INFO - DAG(s) 'example_short_circuit_operator' retrieved from /home/airflow/.local/lib/python3.12/site-packages/airflow/example_dags/example_short_circuit_operator.py
[2024-09-22T11:13:26.655+0000] {logging_mixin.py:188} INFO - [2024-09-22T11:13:26.654+0000] {dag.py:3089} INFO - Sync 1 DAGs
[2024-09-22T11:13:26.772+0000] {logging_mixin.py:188} INFO - [2024-09-22T11:13:26.771+0000] {dag.py:3947} INFO - Setting next_dagrun for example_short_circuit_operator to 2024-09-21 00:00:00+00:00, run_after=2024-09-22 00:00:00+00:00
[2024-09-22T11:13:26.880+0000] {processor.py:183} INFO - Processing /home/airflow/.local/lib/python3.12/site-packages/airflow/example_dags/example_short_circuit_operator.py took 0.319 seconds
[2024-09-22T11:15:13.839+0000] {processor.py:161} INFO - Started process (PID=58) to work on /home/airflow/.local/lib/python3.12/site-packages/airflow/example_dags/example_short_circuit_operator.py
[2024-09-22T11:15:13.923+0000] {processor.py:830} INFO - Processing file /home/airflow/.local/lib/python3.12/site-packages/airflow/example_dags/example_short_circuit_operator.py for tasks to queue
[2024-09-22T11:15:13.926+0000] {logging_mixin.py:188} INFO - [2024-09-22T11:15:13.925+0000] {dagbag.py:545} INFO - Filling up the DagBag from /home/airflow/.local/lib/python3.12/site-packages/airflow/example_dags/example_short_circuit_operator.py
[2024-09-22T11:15:13.942+0000] {processor.py:840} INFO - DAG(s) 'example_short_circuit_operator' retrieved from /home/airflow/.local/lib/python3.12/site-packages/airflow/example_dags/example_short_circuit_operator.py
[2024-09-22T11:15:13.990+0000] {logging_mixin.py:188} INFO - [2024-09-22T11:15:13.990+0000] {dag.py:3089} INFO - Sync 1 DAGs
[2024-09-22T11:15:14.022+0000] {logging_mixin.py:188} INFO - [2024-09-22T11:15:14.022+0000] {dag.py:3947} INFO - Setting next_dagrun for example_short_circuit_operator to 2024-09-21 00:00:00+00:00, run_after=2024-09-22 00:00:00+00:00
[2024-09-22T11:15:14.165+0000] {processor.py:183} INFO - Processing /home/airflow/.local/lib/python3.12/site-packages/airflow/example_dags/example_short_circuit_operator.py took 0.335 seconds
[2024-09-22T11:15:49.873+0000] {processor.py:161} INFO - Started process (PID=122) to work on /home/airflow/.local/lib/python3.12/site-packages/airflow/example_dags/example_short_circuit_operator.py
[2024-09-22T11:15:49.942+0000] {processor.py:830} INFO - Processing file /home/airflow/.local/lib/python3.12/site-packages/airflow/example_dags/example_short_circuit_operator.py for tasks to queue
[2024-09-22T11:15:49.969+0000] {logging_mixin.py:188} INFO - [2024-09-22T11:15:49.964+0000] {dagbag.py:545} INFO - Filling up the DagBag from /home/airflow/.local/lib/python3.12/site-packages/airflow/example_dags/example_short_circuit_operator.py
[2024-09-22T11:15:50.003+0000] {processor.py:840} INFO - DAG(s) 'example_short_circuit_operator' retrieved from /home/airflow/.local/lib/python3.12/site-packages/airflow/example_dags/example_short_circuit_operator.py
[2024-09-22T11:15:50.063+0000] {logging_mixin.py:188} INFO - [2024-09-22T11:15:50.062+0000] {dag.py:3089} INFO - Sync 1 DAGs
[2024-09-22T11:15:50.123+0000] {logging_mixin.py:188} INFO - [2024-09-22T11:15:50.122+0000] {dag.py:3947} INFO - Setting next_dagrun for example_short_circuit_operator to 2024-09-22 00:00:00+00:00, run_after=2024-09-23 00:00:00+00:00
[2024-09-22T11:15:50.256+0000] {processor.py:183} INFO - Processing /home/airflow/.local/lib/python3.12/site-packages/airflow/example_dags/example_short_circuit_operator.py took 0.390 seconds
[2024-09-22T11:16:27.541+0000] {processor.py:161} INFO - Started process (PID=179) to work on /home/airflow/.local/lib/python3.12/site-packages/airflow/example_dags/example_short_circuit_operator.py
[2024-09-22T11:16:27.545+0000] {processor.py:830} INFO - Processing file /home/airflow/.local/lib/python3.12/site-packages/airflow/example_dags/example_short_circuit_operator.py for tasks to queue
[2024-09-22T11:16:27.554+0000] {logging_mixin.py:188} INFO - [2024-09-22T11:16:27.549+0000] {dagbag.py:545} INFO - Filling up the DagBag from /home/airflow/.local/lib/python3.12/site-packages/airflow/example_dags/example_short_circuit_operator.py
[2024-09-22T11:16:27.582+0000] {processor.py:840} INFO - DAG(s) 'example_short_circuit_operator' retrieved from /home/airflow/.local/lib/python3.12/site-packages/airflow/example_dags/example_short_circuit_operator.py
[2024-09-22T11:16:27.691+0000] {logging_mixin.py:188} INFO - [2024-09-22T11:16:27.690+0000] {dag.py:3089} INFO - Sync 1 DAGs
[2024-09-22T11:16:27.876+0000] {logging_mixin.py:188} INFO - [2024-09-22T11:16:27.876+0000] {dag.py:3947} INFO - Setting next_dagrun for example_short_circuit_operator to 2024-09-22 00:00:00+00:00, run_after=2024-09-23 00:00:00+00:00
[2024-09-22T11:16:28.154+0000] {processor.py:183} INFO - Processing /home/airflow/.local/lib/python3.12/site-packages/airflow/example_dags/example_short_circuit_operator.py took 0.632 seconds
[2024-09-22T11:17:17.070+0000] {processor.py:161} INFO - Started process (PID=259) to work on /home/airflow/.local/lib/python3.12/site-packages/airflow/example_dags/example_short_circuit_operator.py
[2024-09-22T11:17:17.156+0000] {processor.py:830} INFO - Processing file /home/airflow/.local/lib/python3.12/site-packages/airflow/example_dags/example_short_circuit_operator.py for tasks to queue
[2024-09-22T11:17:17.197+0000] {logging_mixin.py:188} INFO - [2024-09-22T11:17:17.171+0000] {dagbag.py:545} INFO - Filling up the DagBag from /home/airflow/.local/lib/python3.12/site-packages/airflow/example_dags/example_short_circuit_operator.py
[2024-09-22T11:17:17.388+0000] {processor.py:840} INFO - DAG(s) 'example_short_circuit_operator' retrieved from /home/airflow/.local/lib/python3.12/site-packages/airflow/example_dags/example_short_circuit_operator.py
[2024-09-22T11:17:17.645+0000] {logging_mixin.py:188} INFO - [2024-09-22T11:17:17.643+0000] {dag.py:3089} INFO - Sync 1 DAGs
[2024-09-22T11:17:17.743+0000] {logging_mixin.py:188} INFO - [2024-09-22T11:17:17.742+0000] {dag.py:3947} INFO - Setting next_dagrun for example_short_circuit_operator to 2024-09-22 00:00:00+00:00, run_after=2024-09-23 00:00:00+00:00
[2024-09-22T11:17:17.947+0000] {processor.py:183} INFO - Processing /home/airflow/.local/lib/python3.12/site-packages/airflow/example_dags/example_short_circuit_operator.py took 0.950 seconds
[2024-09-22T11:17:51.084+0000] {processor.py:161} INFO - Started process (PID=336) to work on /home/airflow/.local/lib/python3.12/site-packages/airflow/example_dags/example_short_circuit_operator.py
[2024-09-22T11:17:51.109+0000] {processor.py:830} INFO - Processing file /home/airflow/.local/lib/python3.12/site-packages/airflow/example_dags/example_short_circuit_operator.py for tasks to queue
[2024-09-22T11:17:51.111+0000] {logging_mixin.py:188} INFO - [2024-09-22T11:17:51.110+0000] {dagbag.py:545} INFO - Filling up the DagBag from /home/airflow/.local/lib/python3.12/site-packages/airflow/example_dags/example_short_circuit_operator.py
[2024-09-22T11:17:51.165+0000] {processor.py:840} INFO - DAG(s) 'example_short_circuit_operator' retrieved from /home/airflow/.local/lib/python3.12/site-packages/airflow/example_dags/example_short_circuit_operator.py
[2024-09-22T11:17:51.227+0000] {logging_mixin.py:188} INFO - [2024-09-22T11:17:51.227+0000] {dag.py:3089} INFO - Sync 1 DAGs
[2024-09-22T11:17:51.279+0000] {logging_mixin.py:188} INFO - [2024-09-22T11:17:51.278+0000] {dag.py:3947} INFO - Setting next_dagrun for example_short_circuit_operator to 2024-09-22 00:00:00+00:00, run_after=2024-09-23 00:00:00+00:00
[2024-09-22T11:17:51.585+0000] {processor.py:183} INFO - Processing /home/airflow/.local/lib/python3.12/site-packages/airflow/example_dags/example_short_circuit_operator.py took 0.524 seconds
[2024-09-22T11:18:37.224+0000] {processor.py:161} INFO - Started process (PID=436) to work on /home/airflow/.local/lib/python3.12/site-packages/airflow/example_dags/example_short_circuit_operator.py
[2024-09-22T11:18:37.325+0000] {processor.py:830} INFO - Processing file /home/airflow/.local/lib/python3.12/site-packages/airflow/example_dags/example_short_circuit_operator.py for tasks to queue
[2024-09-22T11:18:37.326+0000] {logging_mixin.py:188} INFO - [2024-09-22T11:18:37.326+0000] {dagbag.py:545} INFO - Filling up the DagBag from /home/airflow/.local/lib/python3.12/site-packages/airflow/example_dags/example_short_circuit_operator.py
[2024-09-22T11:18:37.369+0000] {processor.py:840} INFO - DAG(s) 'example_short_circuit_operator' retrieved from /home/airflow/.local/lib/python3.12/site-packages/airflow/example_dags/example_short_circuit_operator.py
[2024-09-22T11:18:37.478+0000] {logging_mixin.py:188} INFO - [2024-09-22T11:18:37.476+0000] {dag.py:3089} INFO - Sync 1 DAGs
[2024-09-22T11:18:37.559+0000] {logging_mixin.py:188} INFO - [2024-09-22T11:18:37.559+0000] {dag.py:3947} INFO - Setting next_dagrun for example_short_circuit_operator to 2024-09-22 00:00:00+00:00, run_after=2024-09-23 00:00:00+00:00
[2024-09-22T11:18:37.855+0000] {processor.py:183} INFO - Processing /home/airflow/.local/lib/python3.12/site-packages/airflow/example_dags/example_short_circuit_operator.py took 0.656 seconds
[2024-09-22T11:19:18.043+0000] {processor.py:161} INFO - Started process (PID=511) to work on /home/airflow/.local/lib/python3.12/site-packages/airflow/example_dags/example_short_circuit_operator.py
[2024-09-22T11:19:18.114+0000] {processor.py:830} INFO - Processing file /home/airflow/.local/lib/python3.12/site-packages/airflow/example_dags/example_short_circuit_operator.py for tasks to queue
[2024-09-22T11:19:18.119+0000] {logging_mixin.py:188} INFO - [2024-09-22T11:19:18.118+0000] {dagbag.py:545} INFO - Filling up the DagBag from /home/airflow/.local/lib/python3.12/site-packages/airflow/example_dags/example_short_circuit_operator.py
[2024-09-22T11:19:18.168+0000] {processor.py:840} INFO - DAG(s) 'example_short_circuit_operator' retrieved from /home/airflow/.local/lib/python3.12/site-packages/airflow/example_dags/example_short_circuit_operator.py
[2024-09-22T11:19:18.305+0000] {logging_mixin.py:188} INFO - [2024-09-22T11:19:18.304+0000] {dag.py:3089} INFO - Sync 1 DAGs
[2024-09-22T11:19:18.396+0000] {logging_mixin.py:188} INFO - [2024-09-22T11:19:18.395+0000] {dag.py:3947} INFO - Setting next_dagrun for example_short_circuit_operator to 2024-09-22 00:00:00+00:00, run_after=2024-09-23 00:00:00+00:00
[2024-09-22T11:19:18.585+0000] {processor.py:183} INFO - Processing /home/airflow/.local/lib/python3.12/site-packages/airflow/example_dags/example_short_circuit_operator.py took 0.571 seconds
[2024-09-22T11:19:49.138+0000] {processor.py:161} INFO - Started process (PID=578) to work on /home/airflow/.local/lib/python3.12/site-packages/airflow/example_dags/example_short_circuit_operator.py
[2024-09-22T11:19:49.242+0000] {processor.py:830} INFO - Processing file /home/airflow/.local/lib/python3.12/site-packages/airflow/example_dags/example_short_circuit_operator.py for tasks to queue
[2024-09-22T11:19:49.244+0000] {logging_mixin.py:188} INFO - [2024-09-22T11:19:49.243+0000] {dagbag.py:545} INFO - Filling up the DagBag from /home/airflow/.local/lib/python3.12/site-packages/airflow/example_dags/example_short_circuit_operator.py
[2024-09-22T11:19:49.261+0000] {processor.py:840} INFO - DAG(s) 'example_short_circuit_operator' retrieved from /home/airflow/.local/lib/python3.12/site-packages/airflow/example_dags/example_short_circuit_operator.py
[2024-09-22T11:19:49.354+0000] {logging_mixin.py:188} INFO - [2024-09-22T11:19:49.353+0000] {dag.py:3089} INFO - Sync 1 DAGs
[2024-09-22T11:19:49.419+0000] {logging_mixin.py:188} INFO - [2024-09-22T11:19:49.418+0000] {dag.py:3947} INFO - Setting next_dagrun for example_short_circuit_operator to 2024-09-22 00:00:00+00:00, run_after=2024-09-23 00:00:00+00:00
[2024-09-22T11:19:49.710+0000] {processor.py:183} INFO - Processing /home/airflow/.local/lib/python3.12/site-packages/airflow/example_dags/example_short_circuit_operator.py took 0.619 seconds
[2024-09-22T11:20:34.382+0000] {processor.py:161} INFO - Started process (PID=659) to work on /home/airflow/.local/lib/python3.12/site-packages/airflow/example_dags/example_short_circuit_operator.py
[2024-09-22T11:20:34.622+0000] {processor.py:830} INFO - Processing file /home/airflow/.local/lib/python3.12/site-packages/airflow/example_dags/example_short_circuit_operator.py for tasks to queue
[2024-09-22T11:20:34.624+0000] {logging_mixin.py:188} INFO - [2024-09-22T11:20:34.623+0000] {dagbag.py:545} INFO - Filling up the DagBag from /home/airflow/.local/lib/python3.12/site-packages/airflow/example_dags/example_short_circuit_operator.py
[2024-09-22T11:20:34.660+0000] {processor.py:840} INFO - DAG(s) 'example_short_circuit_operator' retrieved from /home/airflow/.local/lib/python3.12/site-packages/airflow/example_dags/example_short_circuit_operator.py
[2024-09-22T11:20:34.759+0000] {logging_mixin.py:188} INFO - [2024-09-22T11:20:34.758+0000] {dag.py:3089} INFO - Sync 1 DAGs
[2024-09-22T11:20:34.837+0000] {logging_mixin.py:188} INFO - [2024-09-22T11:20:34.836+0000] {dag.py:3947} INFO - Setting next_dagrun for example_short_circuit_operator to 2024-09-22 00:00:00+00:00, run_after=2024-09-23 00:00:00+00:00
[2024-09-22T11:20:35.276+0000] {processor.py:183} INFO - Processing /home/airflow/.local/lib/python3.12/site-packages/airflow/example_dags/example_short_circuit_operator.py took 0.908 seconds
[2024-09-22T11:21:09.360+0000] {processor.py:161} INFO - Started process (PID=729) to work on /home/airflow/.local/lib/python3.12/site-packages/airflow/example_dags/example_short_circuit_operator.py
[2024-09-22T11:21:09.870+0000] {processor.py:830} INFO - Processing file /home/airflow/.local/lib/python3.12/site-packages/airflow/example_dags/example_short_circuit_operator.py for tasks to queue
[2024-09-22T11:21:09.872+0000] {logging_mixin.py:188} INFO - [2024-09-22T11:21:09.871+0000] {dagbag.py:545} INFO - Filling up the DagBag from /home/airflow/.local/lib/python3.12/site-packages/airflow/example_dags/example_short_circuit_operator.py
[2024-09-22T11:21:09.907+0000] {processor.py:840} INFO - DAG(s) 'example_short_circuit_operator' retrieved from /home/airflow/.local/lib/python3.12/site-packages/airflow/example_dags/example_short_circuit_operator.py
[2024-09-22T11:21:09.988+0000] {logging_mixin.py:188} INFO - [2024-09-22T11:21:09.987+0000] {dag.py:3089} INFO - Sync 1 DAGs
[2024-09-22T11:21:10.037+0000] {logging_mixin.py:188} INFO - [2024-09-22T11:21:10.036+0000] {dag.py:3947} INFO - Setting next_dagrun for example_short_circuit_operator to 2024-09-22 00:00:00+00:00, run_after=2024-09-23 00:00:00+00:00
[2024-09-22T11:21:10.349+0000] {processor.py:183} INFO - Processing /home/airflow/.local/lib/python3.12/site-packages/airflow/example_dags/example_short_circuit_operator.py took 1.044 seconds
[2024-09-22T11:22:29.810+0000] {processor.py:161} INFO - Started process (PID=830) to work on /home/airflow/.local/lib/python3.12/site-packages/airflow/example_dags/example_short_circuit_operator.py
[2024-09-22T11:22:30.196+0000] {processor.py:830} INFO - Processing file /home/airflow/.local/lib/python3.12/site-packages/airflow/example_dags/example_short_circuit_operator.py for tasks to queue
[2024-09-22T11:22:30.198+0000] {logging_mixin.py:188} INFO - [2024-09-22T11:22:30.197+0000] {dagbag.py:545} INFO - Filling up the DagBag from /home/airflow/.local/lib/python3.12/site-packages/airflow/example_dags/example_short_circuit_operator.py
[2024-09-22T11:22:30.212+0000] {processor.py:840} INFO - DAG(s) 'example_short_circuit_operator' retrieved from /home/airflow/.local/lib/python3.12/site-packages/airflow/example_dags/example_short_circuit_operator.py
[2024-09-22T11:22:30.254+0000] {logging_mixin.py:188} INFO - [2024-09-22T11:22:30.254+0000] {dag.py:3089} INFO - Sync 1 DAGs
[2024-09-22T11:22:30.306+0000] {logging_mixin.py:188} INFO - [2024-09-22T11:22:30.306+0000] {dag.py:3947} INFO - Setting next_dagrun for example_short_circuit_operator to 2024-09-22 00:00:00+00:00, run_after=2024-09-23 00:00:00+00:00
[2024-09-22T11:22:31.039+0000] {processor.py:183} INFO - Processing /home/airflow/.local/lib/python3.12/site-packages/airflow/example_dags/example_short_circuit_operator.py took 1.238 seconds
[2024-09-22T11:23:11.554+0000] {processor.py:161} INFO - Started process (PID=887) to work on /home/airflow/.local/lib/python3.12/site-packages/airflow/example_dags/example_short_circuit_operator.py
[2024-09-22T11:23:11.815+0000] {processor.py:830} INFO - Processing file /home/airflow/.local/lib/python3.12/site-packages/airflow/example_dags/example_short_circuit_operator.py for tasks to queue
[2024-09-22T11:23:11.817+0000] {logging_mixin.py:188} INFO - [2024-09-22T11:23:11.816+0000] {dagbag.py:545} INFO - Filling up the DagBag from /home/airflow/.local/lib/python3.12/site-packages/airflow/example_dags/example_short_circuit_operator.py
[2024-09-22T11:23:11.841+0000] {processor.py:840} INFO - DAG(s) 'example_short_circuit_operator' retrieved from /home/airflow/.local/lib/python3.12/site-packages/airflow/example_dags/example_short_circuit_operator.py
[2024-09-22T11:23:11.919+0000] {logging_mixin.py:188} INFO - [2024-09-22T11:23:11.918+0000] {dag.py:3089} INFO - Sync 1 DAGs
[2024-09-22T11:23:12.010+0000] {logging_mixin.py:188} INFO - [2024-09-22T11:23:12.010+0000] {dag.py:3947} INFO - Setting next_dagrun for example_short_circuit_operator to 2024-09-22 00:00:00+00:00, run_after=2024-09-23 00:00:00+00:00
[2024-09-22T11:23:12.463+0000] {processor.py:183} INFO - Processing /home/airflow/.local/lib/python3.12/site-packages/airflow/example_dags/example_short_circuit_operator.py took 0.919 seconds
[2024-09-22T11:24:22.355+0000] {processor.py:161} INFO - Started process (PID=954) to work on /home/airflow/.local/lib/python3.12/site-packages/airflow/example_dags/example_short_circuit_operator.py
[2024-09-22T11:24:22.571+0000] {processor.py:830} INFO - Processing file /home/airflow/.local/lib/python3.12/site-packages/airflow/example_dags/example_short_circuit_operator.py for tasks to queue
[2024-09-22T11:24:22.580+0000] {logging_mixin.py:188} INFO - [2024-09-22T11:24:22.577+0000] {dagbag.py:545} INFO - Filling up the DagBag from /home/airflow/.local/lib/python3.12/site-packages/airflow/example_dags/example_short_circuit_operator.py
[2024-09-22T11:24:22.793+0000] {processor.py:840} INFO - DAG(s) 'example_short_circuit_operator' retrieved from /home/airflow/.local/lib/python3.12/site-packages/airflow/example_dags/example_short_circuit_operator.py
[2024-09-22T11:24:22.938+0000] {logging_mixin.py:188} INFO - [2024-09-22T11:24:22.937+0000] {dag.py:3089} INFO - Sync 1 DAGs
[2024-09-22T11:24:23.025+0000] {logging_mixin.py:188} INFO - [2024-09-22T11:24:23.025+0000] {dag.py:3947} INFO - Setting next_dagrun for example_short_circuit_operator to 2024-09-22 00:00:00+00:00, run_after=2024-09-23 00:00:00+00:00
[2024-09-22T11:24:24.547+0000] {processor.py:183} INFO - Processing /home/airflow/.local/lib/python3.12/site-packages/airflow/example_dags/example_short_circuit_operator.py took 2.272 seconds
[2024-09-22T11:25:28.753+0000] {processor.py:161} INFO - Started process (PID=1027) to work on /home/airflow/.local/lib/python3.12/site-packages/airflow/example_dags/example_short_circuit_operator.py
[2024-09-22T11:25:29.096+0000] {processor.py:830} INFO - Processing file /home/airflow/.local/lib/python3.12/site-packages/airflow/example_dags/example_short_circuit_operator.py for tasks to queue
[2024-09-22T11:25:29.098+0000] {logging_mixin.py:188} INFO - [2024-09-22T11:25:29.097+0000] {dagbag.py:545} INFO - Filling up the DagBag from /home/airflow/.local/lib/python3.12/site-packages/airflow/example_dags/example_short_circuit_operator.py
[2024-09-22T11:25:29.113+0000] {processor.py:840} INFO - DAG(s) 'example_short_circuit_operator' retrieved from /home/airflow/.local/lib/python3.12/site-packages/airflow/example_dags/example_short_circuit_operator.py
[2024-09-22T11:25:29.151+0000] {logging_mixin.py:188} INFO - [2024-09-22T11:25:29.150+0000] {dag.py:3089} INFO - Sync 1 DAGs
[2024-09-22T11:25:29.190+0000] {logging_mixin.py:188} INFO - [2024-09-22T11:25:29.189+0000] {dag.py:3947} INFO - Setting next_dagrun for example_short_circuit_operator to 2024-09-22 00:00:00+00:00, run_after=2024-09-23 00:00:00+00:00
[2024-09-22T11:25:29.395+0000] {processor.py:183} INFO - Processing /home/airflow/.local/lib/python3.12/site-packages/airflow/example_dags/example_short_circuit_operator.py took 0.670 seconds
[2024-09-22T11:26:39.327+0000] {processor.py:161} INFO - Started process (PID=1093) to work on /home/airflow/.local/lib/python3.12/site-packages/airflow/example_dags/example_short_circuit_operator.py
[2024-09-22T11:26:39.412+0000] {processor.py:830} INFO - Processing file /home/airflow/.local/lib/python3.12/site-packages/airflow/example_dags/example_short_circuit_operator.py for tasks to queue
[2024-09-22T11:26:39.414+0000] {logging_mixin.py:188} INFO - [2024-09-22T11:26:39.413+0000] {dagbag.py:545} INFO - Filling up the DagBag from /home/airflow/.local/lib/python3.12/site-packages/airflow/example_dags/example_short_circuit_operator.py
[2024-09-22T11:26:39.430+0000] {processor.py:840} INFO - DAG(s) 'example_short_circuit_operator' retrieved from /home/airflow/.local/lib/python3.12/site-packages/airflow/example_dags/example_short_circuit_operator.py
[2024-09-22T11:26:39.474+0000] {logging_mixin.py:188} INFO - [2024-09-22T11:26:39.473+0000] {dag.py:3089} INFO - Sync 1 DAGs
[2024-09-22T11:26:39.510+0000] {logging_mixin.py:188} INFO - [2024-09-22T11:26:39.510+0000] {dag.py:3947} INFO - Setting next_dagrun for example_short_circuit_operator to 2024-09-22 00:00:00+00:00, run_after=2024-09-23 00:00:00+00:00
[2024-09-22T11:26:39.864+0000] {processor.py:183} INFO - Processing /home/airflow/.local/lib/python3.12/site-packages/airflow/example_dags/example_short_circuit_operator.py took 0.556 seconds
[2024-09-22T11:28:10.603+0000] {processor.py:161} INFO - Started process (PID=1165) to work on /home/airflow/.local/lib/python3.12/site-packages/airflow/example_dags/example_short_circuit_operator.py
[2024-09-22T11:28:10.819+0000] {processor.py:830} INFO - Processing file /home/airflow/.local/lib/python3.12/site-packages/airflow/example_dags/example_short_circuit_operator.py for tasks to queue
[2024-09-22T11:28:10.821+0000] {logging_mixin.py:188} INFO - [2024-09-22T11:28:10.820+0000] {dagbag.py:545} INFO - Filling up the DagBag from /home/airflow/.local/lib/python3.12/site-packages/airflow/example_dags/example_short_circuit_operator.py
[2024-09-22T11:28:10.839+0000] {processor.py:840} INFO - DAG(s) 'example_short_circuit_operator' retrieved from /home/airflow/.local/lib/python3.12/site-packages/airflow/example_dags/example_short_circuit_operator.py
[2024-09-22T11:28:10.937+0000] {logging_mixin.py:188} INFO - [2024-09-22T11:28:10.930+0000] {dag.py:3089} INFO - Sync 1 DAGs
[2024-09-22T11:28:11.021+0000] {logging_mixin.py:188} INFO - [2024-09-22T11:28:11.020+0000] {dag.py:3947} INFO - Setting next_dagrun for example_short_circuit_operator to 2024-09-22 00:00:00+00:00, run_after=2024-09-23 00:00:00+00:00
[2024-09-22T11:28:11.188+0000] {processor.py:183} INFO - Processing /home/airflow/.local/lib/python3.12/site-packages/airflow/example_dags/example_short_circuit_operator.py took 0.623 seconds
[2024-09-22T11:28:56.193+0000] {processor.py:161} INFO - Started process (PID=1235) to work on /home/airflow/.local/lib/python3.12/site-packages/airflow/example_dags/example_short_circuit_operator.py
[2024-09-22T11:28:56.422+0000] {processor.py:830} INFO - Processing file /home/airflow/.local/lib/python3.12/site-packages/airflow/example_dags/example_short_circuit_operator.py for tasks to queue
[2024-09-22T11:28:56.424+0000] {logging_mixin.py:188} INFO - [2024-09-22T11:28:56.424+0000] {dagbag.py:545} INFO - Filling up the DagBag from /home/airflow/.local/lib/python3.12/site-packages/airflow/example_dags/example_short_circuit_operator.py
[2024-09-22T11:28:56.438+0000] {processor.py:840} INFO - DAG(s) 'example_short_circuit_operator' retrieved from /home/airflow/.local/lib/python3.12/site-packages/airflow/example_dags/example_short_circuit_operator.py
[2024-09-22T11:28:56.490+0000] {logging_mixin.py:188} INFO - [2024-09-22T11:28:56.490+0000] {dag.py:3089} INFO - Sync 1 DAGs
[2024-09-22T11:28:56.543+0000] {logging_mixin.py:188} INFO - [2024-09-22T11:28:56.543+0000] {dag.py:3947} INFO - Setting next_dagrun for example_short_circuit_operator to 2024-09-22 00:00:00+00:00, run_after=2024-09-23 00:00:00+00:00
[2024-09-22T11:28:56.841+0000] {processor.py:183} INFO - Processing /home/airflow/.local/lib/python3.12/site-packages/airflow/example_dags/example_short_circuit_operator.py took 0.661 seconds
[2024-09-22T11:29:29.213+0000] {processor.py:161} INFO - Started process (PID=1305) to work on /home/airflow/.local/lib/python3.12/site-packages/airflow/example_dags/example_short_circuit_operator.py
[2024-09-22T11:29:29.852+0000] {processor.py:830} INFO - Processing file /home/airflow/.local/lib/python3.12/site-packages/airflow/example_dags/example_short_circuit_operator.py for tasks to queue
[2024-09-22T11:29:29.854+0000] {logging_mixin.py:188} INFO - [2024-09-22T11:29:29.853+0000] {dagbag.py:545} INFO - Filling up the DagBag from /home/airflow/.local/lib/python3.12/site-packages/airflow/example_dags/example_short_circuit_operator.py
[2024-09-22T11:29:29.879+0000] {processor.py:840} INFO - DAG(s) 'example_short_circuit_operator' retrieved from /home/airflow/.local/lib/python3.12/site-packages/airflow/example_dags/example_short_circuit_operator.py
[2024-09-22T11:29:29.954+0000] {logging_mixin.py:188} INFO - [2024-09-22T11:29:29.954+0000] {dag.py:3089} INFO - Sync 1 DAGs
[2024-09-22T11:29:30.025+0000] {logging_mixin.py:188} INFO - [2024-09-22T11:29:30.025+0000] {dag.py:3947} INFO - Setting next_dagrun for example_short_circuit_operator to 2024-09-22 00:00:00+00:00, run_after=2024-09-23 00:00:00+00:00
[2024-09-22T11:29:30.501+0000] {processor.py:183} INFO - Processing /home/airflow/.local/lib/python3.12/site-packages/airflow/example_dags/example_short_circuit_operator.py took 1.298 seconds
[2024-09-22T11:30:00.554+0000] {processor.py:161} INFO - Started process (PID=1363) to work on /home/airflow/.local/lib/python3.12/site-packages/airflow/example_dags/example_short_circuit_operator.py
[2024-09-22T11:30:00.555+0000] {processor.py:830} INFO - Processing file /home/airflow/.local/lib/python3.12/site-packages/airflow/example_dags/example_short_circuit_operator.py for tasks to queue
[2024-09-22T11:30:00.556+0000] {logging_mixin.py:188} INFO - [2024-09-22T11:30:00.555+0000] {dagbag.py:545} INFO - Filling up the DagBag from /home/airflow/.local/lib/python3.12/site-packages/airflow/example_dags/example_short_circuit_operator.py
[2024-09-22T11:30:00.566+0000] {processor.py:840} INFO - DAG(s) 'example_short_circuit_operator' retrieved from /home/airflow/.local/lib/python3.12/site-packages/airflow/example_dags/example_short_circuit_operator.py
[2024-09-22T11:30:00.594+0000] {logging_mixin.py:188} INFO - [2024-09-22T11:30:00.593+0000] {dag.py:3089} INFO - Sync 1 DAGs
[2024-09-22T11:30:00.622+0000] {logging_mixin.py:188} INFO - [2024-09-22T11:30:00.622+0000] {dag.py:3947} INFO - Setting next_dagrun for example_short_circuit_operator to 2024-09-22 00:00:00+00:00, run_after=2024-09-23 00:00:00+00:00
[2024-09-22T11:30:01.013+0000] {processor.py:183} INFO - Processing /home/airflow/.local/lib/python3.12/site-packages/airflow/example_dags/example_short_circuit_operator.py took 0.466 seconds
[2024-09-22T11:30:32.211+0000] {processor.py:161} INFO - Started process (PID=1437) to work on /home/airflow/.local/lib/python3.12/site-packages/airflow/example_dags/example_short_circuit_operator.py
[2024-09-22T11:30:32.465+0000] {processor.py:830} INFO - Processing file /home/airflow/.local/lib/python3.12/site-packages/airflow/example_dags/example_short_circuit_operator.py for tasks to queue
[2024-09-22T11:30:32.468+0000] {logging_mixin.py:188} INFO - [2024-09-22T11:30:32.467+0000] {dagbag.py:545} INFO - Filling up the DagBag from /home/airflow/.local/lib/python3.12/site-packages/airflow/example_dags/example_short_circuit_operator.py
[2024-09-22T11:30:32.492+0000] {processor.py:840} INFO - DAG(s) 'example_short_circuit_operator' retrieved from /home/airflow/.local/lib/python3.12/site-packages/airflow/example_dags/example_short_circuit_operator.py
[2024-09-22T11:30:32.534+0000] {logging_mixin.py:188} INFO - [2024-09-22T11:30:32.534+0000] {dag.py:3089} INFO - Sync 1 DAGs
[2024-09-22T11:30:32.577+0000] {logging_mixin.py:188} INFO - [2024-09-22T11:30:32.577+0000] {dag.py:3947} INFO - Setting next_dagrun for example_short_circuit_operator to 2024-09-22 00:00:00+00:00, run_after=2024-09-23 00:00:00+00:00
[2024-09-22T11:30:33.017+0000] {processor.py:183} INFO - Processing /home/airflow/.local/lib/python3.12/site-packages/airflow/example_dags/example_short_circuit_operator.py took 0.813 seconds
[2024-09-22T11:31:05.665+0000] {processor.py:161} INFO - Started process (PID=1499) to work on /home/airflow/.local/lib/python3.12/site-packages/airflow/example_dags/example_short_circuit_operator.py
[2024-09-22T11:31:05.667+0000] {processor.py:830} INFO - Processing file /home/airflow/.local/lib/python3.12/site-packages/airflow/example_dags/example_short_circuit_operator.py for tasks to queue
[2024-09-22T11:31:05.670+0000] {logging_mixin.py:188} INFO - [2024-09-22T11:31:05.668+0000] {dagbag.py:545} INFO - Filling up the DagBag from /home/airflow/.local/lib/python3.12/site-packages/airflow/example_dags/example_short_circuit_operator.py
[2024-09-22T11:31:05.697+0000] {processor.py:840} INFO - DAG(s) 'example_short_circuit_operator' retrieved from /home/airflow/.local/lib/python3.12/site-packages/airflow/example_dags/example_short_circuit_operator.py
[2024-09-22T11:31:05.811+0000] {logging_mixin.py:188} INFO - [2024-09-22T11:31:05.810+0000] {dag.py:3089} INFO - Sync 1 DAGs
[2024-09-22T11:31:05.922+0000] {logging_mixin.py:188} INFO - [2024-09-22T11:31:05.918+0000] {dag.py:3947} INFO - Setting next_dagrun for example_short_circuit_operator to 2024-09-22 00:00:00+00:00, run_after=2024-09-23 00:00:00+00:00
[2024-09-22T11:31:06.433+0000] {processor.py:183} INFO - Processing /home/airflow/.local/lib/python3.12/site-packages/airflow/example_dags/example_short_circuit_operator.py took 0.788 seconds
[2024-09-22T11:32:31.980+0000] {processor.py:161} INFO - Started process (PID=1598) to work on /home/airflow/.local/lib/python3.12/site-packages/airflow/example_dags/example_short_circuit_operator.py
[2024-09-22T11:32:32.193+0000] {processor.py:830} INFO - Processing file /home/airflow/.local/lib/python3.12/site-packages/airflow/example_dags/example_short_circuit_operator.py for tasks to queue
[2024-09-22T11:32:32.195+0000] {logging_mixin.py:188} INFO - [2024-09-22T11:32:32.195+0000] {dagbag.py:545} INFO - Filling up the DagBag from /home/airflow/.local/lib/python3.12/site-packages/airflow/example_dags/example_short_circuit_operator.py
[2024-09-22T11:32:32.705+0000] {processor.py:840} INFO - DAG(s) 'example_short_circuit_operator' retrieved from /home/airflow/.local/lib/python3.12/site-packages/airflow/example_dags/example_short_circuit_operator.py
[2024-09-22T11:32:33.013+0000] {logging_mixin.py:188} INFO - [2024-09-22T11:32:33.013+0000] {dag.py:3089} INFO - Sync 1 DAGs
[2024-09-22T11:32:33.071+0000] {logging_mixin.py:188} INFO - [2024-09-22T11:32:33.070+0000] {dag.py:3947} INFO - Setting next_dagrun for example_short_circuit_operator to 2024-09-22 00:00:00+00:00, run_after=2024-09-23 00:00:00+00:00
[2024-09-22T11:32:33.309+0000] {processor.py:183} INFO - Processing /home/airflow/.local/lib/python3.12/site-packages/airflow/example_dags/example_short_circuit_operator.py took 3.891 seconds
[2024-09-22T11:33:15.533+0000] {processor.py:161} INFO - Started process (PID=1678) to work on /home/airflow/.local/lib/python3.12/site-packages/airflow/example_dags/example_short_circuit_operator.py
[2024-09-22T11:33:15.614+0000] {processor.py:830} INFO - Processing file /home/airflow/.local/lib/python3.12/site-packages/airflow/example_dags/example_short_circuit_operator.py for tasks to queue
[2024-09-22T11:33:15.782+0000] {logging_mixin.py:188} INFO - [2024-09-22T11:33:15.781+0000] {dagbag.py:545} INFO - Filling up the DagBag from /home/airflow/.local/lib/python3.12/site-packages/airflow/example_dags/example_short_circuit_operator.py
[2024-09-22T11:33:15.799+0000] {processor.py:840} INFO - DAG(s) 'example_short_circuit_operator' retrieved from /home/airflow/.local/lib/python3.12/site-packages/airflow/example_dags/example_short_circuit_operator.py
[2024-09-22T11:33:15.839+0000] {logging_mixin.py:188} INFO - [2024-09-22T11:33:15.839+0000] {dag.py:3089} INFO - Sync 1 DAGs
[2024-09-22T11:33:15.876+0000] {logging_mixin.py:188} INFO - [2024-09-22T11:33:15.876+0000] {dag.py:3947} INFO - Setting next_dagrun for example_short_circuit_operator to 2024-09-22 00:00:00+00:00, run_after=2024-09-23 00:00:00+00:00
[2024-09-22T11:33:16.364+0000] {processor.py:183} INFO - Processing /home/airflow/.local/lib/python3.12/site-packages/airflow/example_dags/example_short_circuit_operator.py took 0.850 seconds
[2024-09-22T11:33:51.765+0000] {processor.py:161} INFO - Started process (PID=1749) to work on /home/airflow/.local/lib/python3.12/site-packages/airflow/example_dags/example_short_circuit_operator.py
[2024-09-22T11:33:51.825+0000] {processor.py:830} INFO - Processing file /home/airflow/.local/lib/python3.12/site-packages/airflow/example_dags/example_short_circuit_operator.py for tasks to queue
[2024-09-22T11:33:51.832+0000] {logging_mixin.py:188} INFO - [2024-09-22T11:33:51.826+0000] {dagbag.py:545} INFO - Filling up the DagBag from /home/airflow/.local/lib/python3.12/site-packages/airflow/example_dags/example_short_circuit_operator.py
[2024-09-22T11:33:51.868+0000] {processor.py:840} INFO - DAG(s) 'example_short_circuit_operator' retrieved from /home/airflow/.local/lib/python3.12/site-packages/airflow/example_dags/example_short_circuit_operator.py
[2024-09-22T11:33:51.958+0000] {logging_mixin.py:188} INFO - [2024-09-22T11:33:51.954+0000] {dag.py:3089} INFO - Sync 1 DAGs
[2024-09-22T11:33:52.028+0000] {logging_mixin.py:188} INFO - [2024-09-22T11:33:52.027+0000] {dag.py:3947} INFO - Setting next_dagrun for example_short_circuit_operator to 2024-09-22 00:00:00+00:00, run_after=2024-09-23 00:00:00+00:00
[2024-09-22T11:33:52.535+0000] {processor.py:183} INFO - Processing /home/airflow/.local/lib/python3.12/site-packages/airflow/example_dags/example_short_circuit_operator.py took 0.786 seconds
[2024-09-22T11:34:23.601+0000] {processor.py:161} INFO - Started process (PID=1812) to work on /home/airflow/.local/lib/python3.12/site-packages/airflow/example_dags/example_short_circuit_operator.py
[2024-09-22T11:34:23.737+0000] {processor.py:830} INFO - Processing file /home/airflow/.local/lib/python3.12/site-packages/airflow/example_dags/example_short_circuit_operator.py for tasks to queue
[2024-09-22T11:34:23.739+0000] {logging_mixin.py:188} INFO - [2024-09-22T11:34:23.738+0000] {dagbag.py:545} INFO - Filling up the DagBag from /home/airflow/.local/lib/python3.12/site-packages/airflow/example_dags/example_short_circuit_operator.py
[2024-09-22T11:34:23.751+0000] {processor.py:840} INFO - DAG(s) 'example_short_circuit_operator' retrieved from /home/airflow/.local/lib/python3.12/site-packages/airflow/example_dags/example_short_circuit_operator.py
[2024-09-22T11:34:23.781+0000] {logging_mixin.py:188} INFO - [2024-09-22T11:34:23.781+0000] {dag.py:3089} INFO - Sync 1 DAGs
[2024-09-22T11:34:23.812+0000] {logging_mixin.py:188} INFO - [2024-09-22T11:34:23.812+0000] {dag.py:3947} INFO - Setting next_dagrun for example_short_circuit_operator to 2024-09-22 00:00:00+00:00, run_after=2024-09-23 00:00:00+00:00
[2024-09-22T11:34:24.228+0000] {processor.py:183} INFO - Processing /home/airflow/.local/lib/python3.12/site-packages/airflow/example_dags/example_short_circuit_operator.py took 0.637 seconds
[2024-09-22T11:35:00.953+0000] {processor.py:161} INFO - Started process (PID=1885) to work on /home/airflow/.local/lib/python3.12/site-packages/airflow/example_dags/example_short_circuit_operator.py
[2024-09-22T11:35:01.100+0000] {processor.py:830} INFO - Processing file /home/airflow/.local/lib/python3.12/site-packages/airflow/example_dags/example_short_circuit_operator.py for tasks to queue
[2024-09-22T11:35:01.103+0000] {logging_mixin.py:188} INFO - [2024-09-22T11:35:01.102+0000] {dagbag.py:545} INFO - Filling up the DagBag from /home/airflow/.local/lib/python3.12/site-packages/airflow/example_dags/example_short_circuit_operator.py
[2024-09-22T11:35:01.118+0000] {processor.py:840} INFO - DAG(s) 'example_short_circuit_operator' retrieved from /home/airflow/.local/lib/python3.12/site-packages/airflow/example_dags/example_short_circuit_operator.py
[2024-09-22T11:35:01.155+0000] {logging_mixin.py:188} INFO - [2024-09-22T11:35:01.154+0000] {dag.py:3089} INFO - Sync 1 DAGs
[2024-09-22T11:35:01.187+0000] {logging_mixin.py:188} INFO - [2024-09-22T11:35:01.187+0000] {dag.py:3947} INFO - Setting next_dagrun for example_short_circuit_operator to 2024-09-22 00:00:00+00:00, run_after=2024-09-23 00:00:00+00:00
[2024-09-22T11:35:01.548+0000] {processor.py:183} INFO - Processing /home/airflow/.local/lib/python3.12/site-packages/airflow/example_dags/example_short_circuit_operator.py took 0.606 seconds
[2024-09-22T11:35:42.218+0000] {processor.py:161} INFO - Started process (PID=1955) to work on /home/airflow/.local/lib/python3.12/site-packages/airflow/example_dags/example_short_circuit_operator.py
[2024-09-22T11:35:42.473+0000] {processor.py:830} INFO - Processing file /home/airflow/.local/lib/python3.12/site-packages/airflow/example_dags/example_short_circuit_operator.py for tasks to queue
[2024-09-22T11:35:42.487+0000] {logging_mixin.py:188} INFO - [2024-09-22T11:35:42.478+0000] {dagbag.py:545} INFO - Filling up the DagBag from /home/airflow/.local/lib/python3.12/site-packages/airflow/example_dags/example_short_circuit_operator.py
[2024-09-22T11:35:42.604+0000] {processor.py:840} INFO - DAG(s) 'example_short_circuit_operator' retrieved from /home/airflow/.local/lib/python3.12/site-packages/airflow/example_dags/example_short_circuit_operator.py
[2024-09-22T11:35:42.733+0000] {logging_mixin.py:188} INFO - [2024-09-22T11:35:42.732+0000] {dag.py:3089} INFO - Sync 1 DAGs
[2024-09-22T11:35:42.818+0000] {logging_mixin.py:188} INFO - [2024-09-22T11:35:42.817+0000] {dag.py:3947} INFO - Setting next_dagrun for example_short_circuit_operator to 2024-09-22 00:00:00+00:00, run_after=2024-09-23 00:00:00+00:00
[2024-09-22T11:35:43.116+0000] {processor.py:183} INFO - Processing /home/airflow/.local/lib/python3.12/site-packages/airflow/example_dags/example_short_circuit_operator.py took 0.919 seconds
[2024-09-22T11:39:09.126+0000] {processor.py:161} INFO - Started process (PID=2099) to work on /home/airflow/.local/lib/python3.12/site-packages/airflow/example_dags/example_short_circuit_operator.py
[2024-09-22T11:39:09.144+0000] {processor.py:830} INFO - Processing file /home/airflow/.local/lib/python3.12/site-packages/airflow/example_dags/example_short_circuit_operator.py for tasks to queue
[2024-09-22T11:39:09.147+0000] {logging_mixin.py:188} INFO - [2024-09-22T11:39:09.146+0000] {dagbag.py:545} INFO - Filling up the DagBag from /home/airflow/.local/lib/python3.12/site-packages/airflow/example_dags/example_short_circuit_operator.py
[2024-09-22T11:39:09.184+0000] {processor.py:840} INFO - DAG(s) 'example_short_circuit_operator' retrieved from /home/airflow/.local/lib/python3.12/site-packages/airflow/example_dags/example_short_circuit_operator.py
[2024-09-22T11:39:09.258+0000] {logging_mixin.py:188} INFO - [2024-09-22T11:39:09.258+0000] {dag.py:3089} INFO - Sync 1 DAGs
[2024-09-22T11:39:09.319+0000] {logging_mixin.py:188} INFO - [2024-09-22T11:39:09.318+0000] {dag.py:3947} INFO - Setting next_dagrun for example_short_circuit_operator to 2024-09-22 00:00:00+00:00, run_after=2024-09-23 00:00:00+00:00
[2024-09-22T11:39:09.617+0000] {processor.py:183} INFO - Processing /home/airflow/.local/lib/python3.12/site-packages/airflow/example_dags/example_short_circuit_operator.py took 0.508 seconds
[2024-09-22T11:41:39.500+0000] {processor.py:161} INFO - Started process (PID=2191) to work on /home/airflow/.local/lib/python3.12/site-packages/airflow/example_dags/example_short_circuit_operator.py
[2024-09-22T11:41:39.616+0000] {processor.py:830} INFO - Processing file /home/airflow/.local/lib/python3.12/site-packages/airflow/example_dags/example_short_circuit_operator.py for tasks to queue
[2024-09-22T11:41:39.624+0000] {logging_mixin.py:188} INFO - [2024-09-22T11:41:39.622+0000] {dagbag.py:545} INFO - Filling up the DagBag from /home/airflow/.local/lib/python3.12/site-packages/airflow/example_dags/example_short_circuit_operator.py
[2024-09-22T11:41:39.736+0000] {processor.py:840} INFO - DAG(s) 'example_short_circuit_operator' retrieved from /home/airflow/.local/lib/python3.12/site-packages/airflow/example_dags/example_short_circuit_operator.py
[2024-09-22T11:41:39.949+0000] {logging_mixin.py:188} INFO - [2024-09-22T11:41:39.944+0000] {dag.py:3089} INFO - Sync 1 DAGs
[2024-09-22T11:41:40.414+0000] {logging_mixin.py:188} INFO - [2024-09-22T11:41:40.413+0000] {dag.py:3947} INFO - Setting next_dagrun for example_short_circuit_operator to 2024-09-22 00:00:00+00:00, run_after=2024-09-23 00:00:00+00:00
[2024-09-22T11:41:40.973+0000] {processor.py:183} INFO - Processing /home/airflow/.local/lib/python3.12/site-packages/airflow/example_dags/example_short_circuit_operator.py took 1.493 seconds
[2024-09-22T11:42:11.875+0000] {processor.py:161} INFO - Started process (PID=2254) to work on /home/airflow/.local/lib/python3.12/site-packages/airflow/example_dags/example_short_circuit_operator.py
[2024-09-22T11:42:11.925+0000] {processor.py:830} INFO - Processing file /home/airflow/.local/lib/python3.12/site-packages/airflow/example_dags/example_short_circuit_operator.py for tasks to queue
[2024-09-22T11:42:11.926+0000] {logging_mixin.py:188} INFO - [2024-09-22T11:42:11.926+0000] {dagbag.py:545} INFO - Filling up the DagBag from /home/airflow/.local/lib/python3.12/site-packages/airflow/example_dags/example_short_circuit_operator.py
[2024-09-22T11:42:11.951+0000] {processor.py:840} INFO - DAG(s) 'example_short_circuit_operator' retrieved from /home/airflow/.local/lib/python3.12/site-packages/airflow/example_dags/example_short_circuit_operator.py
[2024-09-22T11:42:12.036+0000] {logging_mixin.py:188} INFO - [2024-09-22T11:42:12.034+0000] {dag.py:3089} INFO - Sync 1 DAGs
[2024-09-22T11:42:12.089+0000] {logging_mixin.py:188} INFO - [2024-09-22T11:42:12.089+0000] {dag.py:3947} INFO - Setting next_dagrun for example_short_circuit_operator to 2024-09-22 00:00:00+00:00, run_after=2024-09-23 00:00:00+00:00
[2024-09-22T11:42:12.705+0000] {processor.py:183} INFO - Processing /home/airflow/.local/lib/python3.12/site-packages/airflow/example_dags/example_short_circuit_operator.py took 0.840 seconds
[2024-09-22T11:42:43.293+0000] {processor.py:161} INFO - Started process (PID=2333) to work on /home/airflow/.local/lib/python3.12/site-packages/airflow/example_dags/example_short_circuit_operator.py
[2024-09-22T11:42:43.441+0000] {processor.py:830} INFO - Processing file /home/airflow/.local/lib/python3.12/site-packages/airflow/example_dags/example_short_circuit_operator.py for tasks to queue
[2024-09-22T11:42:43.444+0000] {logging_mixin.py:188} INFO - [2024-09-22T11:42:43.443+0000] {dagbag.py:545} INFO - Filling up the DagBag from /home/airflow/.local/lib/python3.12/site-packages/airflow/example_dags/example_short_circuit_operator.py
[2024-09-22T11:42:43.466+0000] {processor.py:840} INFO - DAG(s) 'example_short_circuit_operator' retrieved from /home/airflow/.local/lib/python3.12/site-packages/airflow/example_dags/example_short_circuit_operator.py
[2024-09-22T11:42:43.532+0000] {logging_mixin.py:188} INFO - [2024-09-22T11:42:43.532+0000] {dag.py:3089} INFO - Sync 1 DAGs
[2024-09-22T11:42:43.579+0000] {logging_mixin.py:188} INFO - [2024-09-22T11:42:43.579+0000] {dag.py:3947} INFO - Setting next_dagrun for example_short_circuit_operator to 2024-09-22 00:00:00+00:00, run_after=2024-09-23 00:00:00+00:00
[2024-09-22T11:42:43.890+0000] {processor.py:183} INFO - Processing /home/airflow/.local/lib/python3.12/site-packages/airflow/example_dags/example_short_circuit_operator.py took 0.622 seconds
[2024-09-22T11:43:14.990+0000] {processor.py:161} INFO - Started process (PID=2424) to work on /home/airflow/.local/lib/python3.12/site-packages/airflow/example_dags/example_short_circuit_operator.py
[2024-09-22T11:43:14.997+0000] {processor.py:830} INFO - Processing file /home/airflow/.local/lib/python3.12/site-packages/airflow/example_dags/example_short_circuit_operator.py for tasks to queue
[2024-09-22T11:43:14.999+0000] {logging_mixin.py:188} INFO - [2024-09-22T11:43:14.998+0000] {dagbag.py:545} INFO - Filling up the DagBag from /home/airflow/.local/lib/python3.12/site-packages/airflow/example_dags/example_short_circuit_operator.py
[2024-09-22T11:43:15.039+0000] {processor.py:840} INFO - DAG(s) 'example_short_circuit_operator' retrieved from /home/airflow/.local/lib/python3.12/site-packages/airflow/example_dags/example_short_circuit_operator.py
[2024-09-22T11:43:15.166+0000] {logging_mixin.py:188} INFO - [2024-09-22T11:43:15.166+0000] {dag.py:3089} INFO - Sync 1 DAGs
[2024-09-22T11:43:15.269+0000] {logging_mixin.py:188} INFO - [2024-09-22T11:43:15.268+0000] {dag.py:3947} INFO - Setting next_dagrun for example_short_circuit_operator to 2024-09-22 00:00:00+00:00, run_after=2024-09-23 00:00:00+00:00
[2024-09-22T11:43:15.538+0000] {processor.py:183} INFO - Processing /home/airflow/.local/lib/python3.12/site-packages/airflow/example_dags/example_short_circuit_operator.py took 0.576 seconds
[2024-09-22T11:43:46.244+0000] {processor.py:161} INFO - Started process (PID=2511) to work on /home/airflow/.local/lib/python3.12/site-packages/airflow/example_dags/example_short_circuit_operator.py
[2024-09-22T11:43:46.376+0000] {processor.py:830} INFO - Processing file /home/airflow/.local/lib/python3.12/site-packages/airflow/example_dags/example_short_circuit_operator.py for tasks to queue
[2024-09-22T11:43:46.377+0000] {logging_mixin.py:188} INFO - [2024-09-22T11:43:46.376+0000] {dagbag.py:545} INFO - Filling up the DagBag from /home/airflow/.local/lib/python3.12/site-packages/airflow/example_dags/example_short_circuit_operator.py
[2024-09-22T11:43:46.395+0000] {processor.py:840} INFO - DAG(s) 'example_short_circuit_operator' retrieved from /home/airflow/.local/lib/python3.12/site-packages/airflow/example_dags/example_short_circuit_operator.py
[2024-09-22T11:43:46.475+0000] {logging_mixin.py:188} INFO - [2024-09-22T11:43:46.475+0000] {dag.py:3089} INFO - Sync 1 DAGs
[2024-09-22T11:43:46.537+0000] {logging_mixin.py:188} INFO - [2024-09-22T11:43:46.536+0000] {dag.py:3947} INFO - Setting next_dagrun for example_short_circuit_operator to 2024-09-22 00:00:00+00:00, run_after=2024-09-23 00:00:00+00:00
[2024-09-22T11:43:47.236+0000] {processor.py:183} INFO - Processing /home/airflow/.local/lib/python3.12/site-packages/airflow/example_dags/example_short_circuit_operator.py took 1.024 seconds
                                                                                                                                                                                                                                                                                                                                                                                                                                                                                                                                                                                                                                                                                                                                                                                                                                                                                                                                                                                                                                                                                                                                                                                                        