[2024-09-22T11:13:27.656+0000] {processor.py:161} INFO - Started process (PID=66) to work on /home/airflow/.local/lib/python3.12/site-packages/airflow/example_dags/example_display_name.py
[2024-09-22T11:13:27.664+0000] {processor.py:830} INFO - Processing file /home/airflow/.local/lib/python3.12/site-packages/airflow/example_dags/example_display_name.py for tasks to queue
[2024-09-22T11:13:27.670+0000] {logging_mixin.py:188} INFO - [2024-09-22T11:13:27.666+0000] {dagbag.py:545} INFO - Filling up the DagBag from /home/airflow/.local/lib/python3.12/site-packages/airflow/example_dags/example_display_name.py
[2024-09-22T11:13:27.692+0000] {processor.py:840} INFO - DAG(s) 'example_display_name' retrieved from /home/airflow/.local/lib/python3.12/site-packages/airflow/example_dags/example_display_name.py
[2024-09-22T11:13:27.813+0000] {logging_mixin.py:188} INFO - [2024-09-22T11:13:27.812+0000] {dag.py:3089} INFO - Sync 1 DAGs
[2024-09-22T11:13:27.857+0000] {logging_mixin.py:188} INFO - [2024-09-22T11:13:27.857+0000] {dag.py:3947} INFO - Setting next_dagrun for example_display_name to None, run_after=None
[2024-09-22T11:13:28.048+0000] {processor.py:183} INFO - Processing /home/airflow/.local/lib/python3.12/site-packages/airflow/example_dags/example_display_name.py took 0.416 seconds
[2024-09-22T11:15:14.613+0000] {processor.py:161} INFO - Started process (PID=62) to work on /home/airflow/.local/lib/python3.12/site-packages/airflow/example_dags/example_display_name.py
[2024-09-22T11:15:14.683+0000] {processor.py:830} INFO - Processing file /home/airflow/.local/lib/python3.12/site-packages/airflow/example_dags/example_display_name.py for tasks to queue
[2024-09-22T11:15:14.688+0000] {logging_mixin.py:188} INFO - [2024-09-22T11:15:14.688+0000] {dagbag.py:545} INFO - Filling up the DagBag from /home/airflow/.local/lib/python3.12/site-packages/airflow/example_dags/example_display_name.py
[2024-09-22T11:15:14.702+0000] {processor.py:840} INFO - DAG(s) 'example_display_name' retrieved from /home/airflow/.local/lib/python3.12/site-packages/airflow/example_dags/example_display_name.py
[2024-09-22T11:15:14.757+0000] {logging_mixin.py:188} INFO - [2024-09-22T11:15:14.757+0000] {dag.py:3089} INFO - Sync 1 DAGs
[2024-09-22T11:15:14.782+0000] {logging_mixin.py:188} INFO - [2024-09-22T11:15:14.781+0000] {dag.py:3947} INFO - Setting next_dagrun for example_display_name to None, run_after=None
[2024-09-22T11:15:14.937+0000] {processor.py:183} INFO - Processing /home/airflow/.local/lib/python3.12/site-packages/airflow/example_dags/example_display_name.py took 0.332 seconds
[2024-09-22T11:15:51.418+0000] {processor.py:161} INFO - Started process (PID=126) to work on /home/airflow/.local/lib/python3.12/site-packages/airflow/example_dags/example_display_name.py
[2024-09-22T11:15:51.482+0000] {processor.py:830} INFO - Processing file /home/airflow/.local/lib/python3.12/site-packages/airflow/example_dags/example_display_name.py for tasks to queue
[2024-09-22T11:15:51.486+0000] {logging_mixin.py:188} INFO - [2024-09-22T11:15:51.485+0000] {dagbag.py:545} INFO - Filling up the DagBag from /home/airflow/.local/lib/python3.12/site-packages/airflow/example_dags/example_display_name.py
[2024-09-22T11:15:51.498+0000] {processor.py:840} INFO - DAG(s) 'example_display_name' retrieved from /home/airflow/.local/lib/python3.12/site-packages/airflow/example_dags/example_display_name.py
[2024-09-22T11:15:51.574+0000] {logging_mixin.py:188} INFO - [2024-09-22T11:15:51.574+0000] {dag.py:3089} INFO - Sync 1 DAGs
[2024-09-22T11:15:51.643+0000] {logging_mixin.py:188} INFO - [2024-09-22T11:15:51.643+0000] {dag.py:3947} INFO - Setting next_dagrun for example_display_name to None, run_after=None
[2024-09-22T11:15:51.753+0000] {processor.py:183} INFO - Processing /home/airflow/.local/lib/python3.12/site-packages/airflow/example_dags/example_display_name.py took 0.345 seconds
[2024-09-22T11:16:30.398+0000] {processor.py:161} INFO - Started process (PID=189) to work on /home/airflow/.local/lib/python3.12/site-packages/airflow/example_dags/example_display_name.py
[2024-09-22T11:16:30.404+0000] {processor.py:830} INFO - Processing file /home/airflow/.local/lib/python3.12/site-packages/airflow/example_dags/example_display_name.py for tasks to queue
[2024-09-22T11:16:30.412+0000] {logging_mixin.py:188} INFO - [2024-09-22T11:16:30.411+0000] {dagbag.py:545} INFO - Filling up the DagBag from /home/airflow/.local/lib/python3.12/site-packages/airflow/example_dags/example_display_name.py
[2024-09-22T11:16:30.439+0000] {processor.py:840} INFO - DAG(s) 'example_display_name' retrieved from /home/airflow/.local/lib/python3.12/site-packages/airflow/example_dags/example_display_name.py
[2024-09-22T11:16:30.525+0000] {logging_mixin.py:188} INFO - [2024-09-22T11:16:30.525+0000] {dag.py:3089} INFO - Sync 1 DAGs
[2024-09-22T11:16:30.565+0000] {logging_mixin.py:188} INFO - [2024-09-22T11:16:30.564+0000] {dag.py:3947} INFO - Setting next_dagrun for example_display_name to None, run_after=None
[2024-09-22T11:16:30.730+0000] {processor.py:183} INFO - Processing /home/airflow/.local/lib/python3.12/site-packages/airflow/example_dags/example_display_name.py took 0.363 seconds
[2024-09-22T11:17:20.575+0000] {processor.py:161} INFO - Started process (PID=263) to work on /home/airflow/.local/lib/python3.12/site-packages/airflow/example_dags/example_display_name.py
[2024-09-22T11:17:20.687+0000] {processor.py:830} INFO - Processing file /home/airflow/.local/lib/python3.12/site-packages/airflow/example_dags/example_display_name.py for tasks to queue
[2024-09-22T11:17:20.689+0000] {logging_mixin.py:188} INFO - [2024-09-22T11:17:20.688+0000] {dagbag.py:545} INFO - Filling up the DagBag from /home/airflow/.local/lib/python3.12/site-packages/airflow/example_dags/example_display_name.py
[2024-09-22T11:17:20.712+0000] {processor.py:840} INFO - DAG(s) 'example_display_name' retrieved from /home/airflow/.local/lib/python3.12/site-packages/airflow/example_dags/example_display_name.py
[2024-09-22T11:17:20.783+0000] {logging_mixin.py:188} INFO - [2024-09-22T11:17:20.783+0000] {dag.py:3089} INFO - Sync 1 DAGs
[2024-09-22T11:17:20.857+0000] {logging_mixin.py:188} INFO - [2024-09-22T11:17:20.856+0000] {dag.py:3947} INFO - Setting next_dagrun for example_display_name to None, run_after=None
[2024-09-22T11:17:21.039+0000] {processor.py:183} INFO - Processing /home/airflow/.local/lib/python3.12/site-packages/airflow/example_dags/example_display_name.py took 0.482 seconds
[2024-09-22T11:17:53.422+0000] {processor.py:161} INFO - Started process (PID=347) to work on /home/airflow/.local/lib/python3.12/site-packages/airflow/example_dags/example_display_name.py
[2024-09-22T11:17:53.427+0000] {processor.py:830} INFO - Processing file /home/airflow/.local/lib/python3.12/site-packages/airflow/example_dags/example_display_name.py for tasks to queue
[2024-09-22T11:17:53.428+0000] {logging_mixin.py:188} INFO - [2024-09-22T11:17:53.427+0000] {dagbag.py:545} INFO - Filling up the DagBag from /home/airflow/.local/lib/python3.12/site-packages/airflow/example_dags/example_display_name.py
[2024-09-22T11:17:53.441+0000] {processor.py:840} INFO - DAG(s) 'example_display_name' retrieved from /home/airflow/.local/lib/python3.12/site-packages/airflow/example_dags/example_display_name.py
[2024-09-22T11:17:53.494+0000] {logging_mixin.py:188} INFO - [2024-09-22T11:17:53.493+0000] {dag.py:3089} INFO - Sync 1 DAGs
[2024-09-22T11:17:53.547+0000] {logging_mixin.py:188} INFO - [2024-09-22T11:17:53.547+0000] {dag.py:3947} INFO - Setting next_dagrun for example_display_name to None, run_after=None
[2024-09-22T11:17:53.868+0000] {processor.py:183} INFO - Processing /home/airflow/.local/lib/python3.12/site-packages/airflow/example_dags/example_display_name.py took 0.460 seconds
[2024-09-22T11:18:41.710+0000] {processor.py:161} INFO - Started process (PID=440) to work on /home/airflow/.local/lib/python3.12/site-packages/airflow/example_dags/example_display_name.py
[2024-09-22T11:18:41.745+0000] {processor.py:830} INFO - Processing file /home/airflow/.local/lib/python3.12/site-packages/airflow/example_dags/example_display_name.py for tasks to queue
[2024-09-22T11:18:41.747+0000] {logging_mixin.py:188} INFO - [2024-09-22T11:18:41.746+0000] {dagbag.py:545} INFO - Filling up the DagBag from /home/airflow/.local/lib/python3.12/site-packages/airflow/example_dags/example_display_name.py
[2024-09-22T11:18:41.774+0000] {processor.py:840} INFO - DAG(s) 'example_display_name' retrieved from /home/airflow/.local/lib/python3.12/site-packages/airflow/example_dags/example_display_name.py
[2024-09-22T11:18:41.851+0000] {logging_mixin.py:188} INFO - [2024-09-22T11:18:41.851+0000] {dag.py:3089} INFO - Sync 1 DAGs
[2024-09-22T11:18:41.878+0000] {logging_mixin.py:188} INFO - [2024-09-22T11:18:41.878+0000] {dag.py:3947} INFO - Setting next_dagrun for example_display_name to None, run_after=None
[2024-09-22T11:18:42.184+0000] {processor.py:183} INFO - Processing /home/airflow/.local/lib/python3.12/site-packages/airflow/example_dags/example_display_name.py took 0.491 seconds
[2024-09-22T11:19:19.727+0000] {processor.py:161} INFO - Started process (PID=515) to work on /home/airflow/.local/lib/python3.12/site-packages/airflow/example_dags/example_display_name.py
[2024-09-22T11:19:19.743+0000] {processor.py:830} INFO - Processing file /home/airflow/.local/lib/python3.12/site-packages/airflow/example_dags/example_display_name.py for tasks to queue
[2024-09-22T11:19:19.745+0000] {logging_mixin.py:188} INFO - [2024-09-22T11:19:19.744+0000] {dagbag.py:545} INFO - Filling up the DagBag from /home/airflow/.local/lib/python3.12/site-packages/airflow/example_dags/example_display_name.py
[2024-09-22T11:19:19.775+0000] {processor.py:840} INFO - DAG(s) 'example_display_name' retrieved from /home/airflow/.local/lib/python3.12/site-packages/airflow/example_dags/example_display_name.py
[2024-09-22T11:19:19.879+0000] {logging_mixin.py:188} INFO - [2024-09-22T11:19:19.878+0000] {dag.py:3089} INFO - Sync 1 DAGs
[2024-09-22T11:19:19.946+0000] {logging_mixin.py:188} INFO - [2024-09-22T11:19:19.944+0000] {dag.py:3947} INFO - Setting next_dagrun for example_display_name to None, run_after=None
[2024-09-22T11:19:20.282+0000] {processor.py:183} INFO - Processing /home/airflow/.local/lib/python3.12/site-packages/airflow/example_dags/example_display_name.py took 0.580 seconds
[2024-09-22T11:19:50.786+0000] {processor.py:161} INFO - Started process (PID=583) to work on /home/airflow/.local/lib/python3.12/site-packages/airflow/example_dags/example_display_name.py
[2024-09-22T11:19:51.016+0000] {processor.py:830} INFO - Processing file /home/airflow/.local/lib/python3.12/site-packages/airflow/example_dags/example_display_name.py for tasks to queue
[2024-09-22T11:19:51.021+0000] {logging_mixin.py:188} INFO - [2024-09-22T11:19:51.017+0000] {dagbag.py:545} INFO - Filling up the DagBag from /home/airflow/.local/lib/python3.12/site-packages/airflow/example_dags/example_display_name.py
[2024-09-22T11:19:51.056+0000] {processor.py:840} INFO - DAG(s) 'example_display_name' retrieved from /home/airflow/.local/lib/python3.12/site-packages/airflow/example_dags/example_display_name.py
[2024-09-22T11:19:51.191+0000] {logging_mixin.py:188} INFO - [2024-09-22T11:19:51.191+0000] {dag.py:3089} INFO - Sync 1 DAGs
[2024-09-22T11:19:51.269+0000] {logging_mixin.py:188} INFO - [2024-09-22T11:19:51.267+0000] {dag.py:3947} INFO - Setting next_dagrun for example_display_name to None, run_after=None
[2024-09-22T11:19:51.551+0000] {processor.py:183} INFO - Processing /home/airflow/.local/lib/python3.12/site-packages/airflow/example_dags/example_display_name.py took 0.786 seconds
[2024-09-22T11:20:38.092+0000] {processor.py:161} INFO - Started process (PID=663) to work on /home/airflow/.local/lib/python3.12/site-packages/airflow/example_dags/example_display_name.py
[2024-09-22T11:20:38.263+0000] {processor.py:830} INFO - Processing file /home/airflow/.local/lib/python3.12/site-packages/airflow/example_dags/example_display_name.py for tasks to queue
[2024-09-22T11:20:38.267+0000] {logging_mixin.py:188} INFO - [2024-09-22T11:20:38.266+0000] {dagbag.py:545} INFO - Filling up the DagBag from /home/airflow/.local/lib/python3.12/site-packages/airflow/example_dags/example_display_name.py
[2024-09-22T11:20:38.305+0000] {processor.py:840} INFO - DAG(s) 'example_display_name' retrieved from /home/airflow/.local/lib/python3.12/site-packages/airflow/example_dags/example_display_name.py
[2024-09-22T11:20:38.435+0000] {logging_mixin.py:188} INFO - [2024-09-22T11:20:38.434+0000] {dag.py:3089} INFO - Sync 1 DAGs
[2024-09-22T11:20:38.515+0000] {logging_mixin.py:188} INFO - [2024-09-22T11:20:38.514+0000] {dag.py:3947} INFO - Setting next_dagrun for example_display_name to None, run_after=None
[2024-09-22T11:20:38.963+0000] {processor.py:183} INFO - Processing /home/airflow/.local/lib/python3.12/site-packages/airflow/example_dags/example_display_name.py took 0.892 seconds
[2024-09-22T11:21:12.264+0000] {processor.py:161} INFO - Started process (PID=743) to work on /home/airflow/.local/lib/python3.12/site-packages/airflow/example_dags/example_display_name.py
[2024-09-22T11:21:12.445+0000] {processor.py:830} INFO - Processing file /home/airflow/.local/lib/python3.12/site-packages/airflow/example_dags/example_display_name.py for tasks to queue
[2024-09-22T11:21:12.446+0000] {logging_mixin.py:188} INFO - [2024-09-22T11:21:12.446+0000] {dagbag.py:545} INFO - Filling up the DagBag from /home/airflow/.local/lib/python3.12/site-packages/airflow/example_dags/example_display_name.py
[2024-09-22T11:21:12.465+0000] {processor.py:840} INFO - DAG(s) 'example_display_name' retrieved from /home/airflow/.local/lib/python3.12/site-packages/airflow/example_dags/example_display_name.py
[2024-09-22T11:21:12.559+0000] {logging_mixin.py:188} INFO - [2024-09-22T11:21:12.558+0000] {dag.py:3089} INFO - Sync 1 DAGs
[2024-09-22T11:21:12.616+0000] {logging_mixin.py:188} INFO - [2024-09-22T11:21:12.615+0000] {dag.py:3947} INFO - Setting next_dagrun for example_display_name to None, run_after=None
[2024-09-22T11:21:12.967+0000] {processor.py:183} INFO - Processing /home/airflow/.local/lib/python3.12/site-packages/airflow/example_dags/example_display_name.py took 0.730 seconds
[2024-09-22T11:22:34.134+0000] {processor.py:161} INFO - Started process (PID=834) to work on /home/airflow/.local/lib/python3.12/site-packages/airflow/example_dags/example_display_name.py
[2024-09-22T11:22:34.355+0000] {processor.py:830} INFO - Processing file /home/airflow/.local/lib/python3.12/site-packages/airflow/example_dags/example_display_name.py for tasks to queue
[2024-09-22T11:22:34.357+0000] {logging_mixin.py:188} INFO - [2024-09-22T11:22:34.357+0000] {dagbag.py:545} INFO - Filling up the DagBag from /home/airflow/.local/lib/python3.12/site-packages/airflow/example_dags/example_display_name.py
[2024-09-22T11:22:34.373+0000] {processor.py:840} INFO - DAG(s) 'example_display_name' retrieved from /home/airflow/.local/lib/python3.12/site-packages/airflow/example_dags/example_display_name.py
[2024-09-22T11:22:34.407+0000] {logging_mixin.py:188} INFO - [2024-09-22T11:22:34.407+0000] {dag.py:3089} INFO - Sync 1 DAGs
[2024-09-22T11:22:34.432+0000] {logging_mixin.py:188} INFO - [2024-09-22T11:22:34.432+0000] {dag.py:3947} INFO - Setting next_dagrun for example_display_name to None, run_after=None
[2024-09-22T11:22:34.720+0000] {processor.py:183} INFO - Processing /home/airflow/.local/lib/python3.12/site-packages/airflow/example_dags/example_display_name.py took 0.601 seconds
[2024-09-22T11:23:14.327+0000] {processor.py:161} INFO - Started process (PID=891) to work on /home/airflow/.local/lib/python3.12/site-packages/airflow/example_dags/example_display_name.py
[2024-09-22T11:23:14.408+0000] {processor.py:830} INFO - Processing file /home/airflow/.local/lib/python3.12/site-packages/airflow/example_dags/example_display_name.py for tasks to queue
[2024-09-22T11:23:14.410+0000] {logging_mixin.py:188} INFO - [2024-09-22T11:23:14.409+0000] {dagbag.py:545} INFO - Filling up the DagBag from /home/airflow/.local/lib/python3.12/site-packages/airflow/example_dags/example_display_name.py
[2024-09-22T11:23:14.419+0000] {processor.py:840} INFO - DAG(s) 'example_display_name' retrieved from /home/airflow/.local/lib/python3.12/site-packages/airflow/example_dags/example_display_name.py
[2024-09-22T11:23:14.710+0000] {logging_mixin.py:188} INFO - [2024-09-22T11:23:14.709+0000] {dag.py:3089} INFO - Sync 1 DAGs
[2024-09-22T11:23:14.729+0000] {logging_mixin.py:188} INFO - [2024-09-22T11:23:14.729+0000] {dag.py:3947} INFO - Setting next_dagrun for example_display_name to None, run_after=None
[2024-09-22T11:23:15.182+0000] {processor.py:183} INFO - Processing /home/airflow/.local/lib/python3.12/site-packages/airflow/example_dags/example_display_name.py took 0.865 seconds
[2024-09-22T11:24:25.440+0000] {processor.py:161} INFO - Started process (PID=958) to work on /home/airflow/.local/lib/python3.12/site-packages/airflow/example_dags/example_display_name.py
[2024-09-22T11:24:26.108+0000] {processor.py:830} INFO - Processing file /home/airflow/.local/lib/python3.12/site-packages/airflow/example_dags/example_display_name.py for tasks to queue
[2024-09-22T11:24:26.110+0000] {logging_mixin.py:188} INFO - [2024-09-22T11:24:26.109+0000] {dagbag.py:545} INFO - Filling up the DagBag from /home/airflow/.local/lib/python3.12/site-packages/airflow/example_dags/example_display_name.py
[2024-09-22T11:24:26.296+0000] {processor.py:840} INFO - DAG(s) 'example_display_name' retrieved from /home/airflow/.local/lib/python3.12/site-packages/airflow/example_dags/example_display_name.py
[2024-09-22T11:24:26.365+0000] {logging_mixin.py:188} INFO - [2024-09-22T11:24:26.365+0000] {dag.py:3089} INFO - Sync 1 DAGs
[2024-09-22T11:24:26.389+0000] {logging_mixin.py:188} INFO - [2024-09-22T11:24:26.389+0000] {dag.py:3947} INFO - Setting next_dagrun for example_display_name to None, run_after=None
[2024-09-22T11:24:26.889+0000] {processor.py:183} INFO - Processing /home/airflow/.local/lib/python3.12/site-packages/airflow/example_dags/example_display_name.py took 1.463 seconds
[2024-09-22T11:25:30.428+0000] {processor.py:161} INFO - Started process (PID=1031) to work on /home/airflow/.local/lib/python3.12/site-packages/airflow/example_dags/example_display_name.py
[2024-09-22T11:25:30.656+0000] {processor.py:830} INFO - Processing file /home/airflow/.local/lib/python3.12/site-packages/airflow/example_dags/example_display_name.py for tasks to queue
[2024-09-22T11:25:30.658+0000] {logging_mixin.py:188} INFO - [2024-09-22T11:25:30.657+0000] {dagbag.py:545} INFO - Filling up the DagBag from /home/airflow/.local/lib/python3.12/site-packages/airflow/example_dags/example_display_name.py
[2024-09-22T11:25:30.671+0000] {processor.py:840} INFO - DAG(s) 'example_display_name' retrieved from /home/airflow/.local/lib/python3.12/site-packages/airflow/example_dags/example_display_name.py
[2024-09-22T11:25:30.713+0000] {logging_mixin.py:188} INFO - [2024-09-22T11:25:30.713+0000] {dag.py:3089} INFO - Sync 1 DAGs
[2024-09-22T11:25:30.731+0000] {logging_mixin.py:188} INFO - [2024-09-22T11:25:30.730+0000] {dag.py:3947} INFO - Setting next_dagrun for example_display_name to None, run_after=None
[2024-09-22T11:25:31.103+0000] {processor.py:183} INFO - Processing /home/airflow/.local/lib/python3.12/site-packages/airflow/example_dags/example_display_name.py took 0.684 seconds
[2024-09-22T11:26:43.153+0000] {processor.py:161} INFO - Started process (PID=1097) to work on /home/airflow/.local/lib/python3.12/site-packages/airflow/example_dags/example_display_name.py
[2024-09-22T11:26:43.975+0000] {processor.py:830} INFO - Processing file /home/airflow/.local/lib/python3.12/site-packages/airflow/example_dags/example_display_name.py for tasks to queue
[2024-09-22T11:26:43.977+0000] {logging_mixin.py:188} INFO - [2024-09-22T11:26:43.976+0000] {dagbag.py:545} INFO - Filling up the DagBag from /home/airflow/.local/lib/python3.12/site-packages/airflow/example_dags/example_display_name.py
[2024-09-22T11:26:43.985+0000] {processor.py:840} INFO - DAG(s) 'example_display_name' retrieved from /home/airflow/.local/lib/python3.12/site-packages/airflow/example_dags/example_display_name.py
[2024-09-22T11:26:44.035+0000] {logging_mixin.py:188} INFO - [2024-09-22T11:26:44.035+0000] {dag.py:3089} INFO - Sync 1 DAGs
[2024-09-22T11:26:44.063+0000] {logging_mixin.py:188} INFO - [2024-09-22T11:26:44.062+0000] {dag.py:3947} INFO - Setting next_dagrun for example_display_name to None, run_after=None
[2024-09-22T11:26:44.436+0000] {processor.py:183} INFO - Processing /home/airflow/.local/lib/python3.12/site-packages/airflow/example_dags/example_display_name.py took 1.374 seconds
[2024-09-22T11:28:12.807+0000] {processor.py:161} INFO - Started process (PID=1169) to work on /home/airflow/.local/lib/python3.12/site-packages/airflow/example_dags/example_display_name.py
[2024-09-22T11:28:12.986+0000] {processor.py:830} INFO - Processing file /home/airflow/.local/lib/python3.12/site-packages/airflow/example_dags/example_display_name.py for tasks to queue
[2024-09-22T11:28:12.990+0000] {logging_mixin.py:188} INFO - [2024-09-22T11:28:12.988+0000] {dagbag.py:545} INFO - Filling up the DagBag from /home/airflow/.local/lib/python3.12/site-packages/airflow/example_dags/example_display_name.py
[2024-09-22T11:28:13.018+0000] {processor.py:840} INFO - DAG(s) 'example_display_name' retrieved from /home/airflow/.local/lib/python3.12/site-packages/airflow/example_dags/example_display_name.py
[2024-09-22T11:28:13.326+0000] {logging_mixin.py:188} INFO - [2024-09-22T11:28:13.324+0000] {dag.py:3089} INFO - Sync 1 DAGs
[2024-09-22T11:28:13.725+0000] {logging_mixin.py:188} INFO - [2024-09-22T11:28:13.701+0000] {dag.py:3947} INFO - Setting next_dagrun for example_display_name to None, run_after=None
[2024-09-22T11:28:14.921+0000] {processor.py:183} INFO - Processing /home/airflow/.local/lib/python3.12/site-packages/airflow/example_dags/example_display_name.py took 2.124 seconds
[2024-09-22T11:28:57.994+0000] {processor.py:161} INFO - Started process (PID=1239) to work on /home/airflow/.local/lib/python3.12/site-packages/airflow/example_dags/example_display_name.py
[2024-09-22T11:28:58.239+0000] {processor.py:830} INFO - Processing file /home/airflow/.local/lib/python3.12/site-packages/airflow/example_dags/example_display_name.py for tasks to queue
[2024-09-22T11:28:58.241+0000] {logging_mixin.py:188} INFO - [2024-09-22T11:28:58.240+0000] {dagbag.py:545} INFO - Filling up the DagBag from /home/airflow/.local/lib/python3.12/site-packages/airflow/example_dags/example_display_name.py
[2024-09-22T11:28:58.257+0000] {processor.py:840} INFO - DAG(s) 'example_display_name' retrieved from /home/airflow/.local/lib/python3.12/site-packages/airflow/example_dags/example_display_name.py
[2024-09-22T11:28:58.304+0000] {logging_mixin.py:188} INFO - [2024-09-22T11:28:58.303+0000] {dag.py:3089} INFO - Sync 1 DAGs
[2024-09-22T11:28:58.444+0000] {logging_mixin.py:188} INFO - [2024-09-22T11:28:58.444+0000] {dag.py:3947} INFO - Setting next_dagrun for example_display_name to None, run_after=None
[2024-09-22T11:28:58.817+0000] {processor.py:183} INFO - Processing /home/airflow/.local/lib/python3.12/site-packages/airflow/example_dags/example_display_name.py took 0.833 seconds
[2024-09-22T11:29:31.562+0000] {processor.py:161} INFO - Started process (PID=1309) to work on /home/airflow/.local/lib/python3.12/site-packages/airflow/example_dags/example_display_name.py
[2024-09-22T11:29:31.563+0000] {processor.py:830} INFO - Processing file /home/airflow/.local/lib/python3.12/site-packages/airflow/example_dags/example_display_name.py for tasks to queue
[2024-09-22T11:29:31.564+0000] {logging_mixin.py:188} INFO - [2024-09-22T11:29:31.564+0000] {dagbag.py:545} INFO - Filling up the DagBag from /home/airflow/.local/lib/python3.12/site-packages/airflow/example_dags/example_display_name.py
[2024-09-22T11:29:31.573+0000] {processor.py:840} INFO - DAG(s) 'example_display_name' retrieved from /home/airflow/.local/lib/python3.12/site-packages/airflow/example_dags/example_display_name.py
[2024-09-22T11:29:31.601+0000] {logging_mixin.py:188} INFO - [2024-09-22T11:29:31.601+0000] {dag.py:3089} INFO - Sync 1 DAGs
[2024-09-22T11:29:31.621+0000] {logging_mixin.py:188} INFO - [2024-09-22T11:29:31.621+0000] {dag.py:3947} INFO - Setting next_dagrun for example_display_name to None, run_after=None
[2024-09-22T11:29:31.981+0000] {processor.py:183} INFO - Processing /home/airflow/.local/lib/python3.12/site-packages/airflow/example_dags/example_display_name.py took 0.429 seconds
[2024-09-22T11:30:02.463+0000] {processor.py:161} INFO - Started process (PID=1366) to work on /home/airflow/.local/lib/python3.12/site-packages/airflow/example_dags/example_display_name.py
[2024-09-22T11:30:02.856+0000] {processor.py:830} INFO - Processing file /home/airflow/.local/lib/python3.12/site-packages/airflow/example_dags/example_display_name.py for tasks to queue
[2024-09-22T11:30:02.857+0000] {logging_mixin.py:188} INFO - [2024-09-22T11:30:02.857+0000] {dagbag.py:545} INFO - Filling up the DagBag from /home/airflow/.local/lib/python3.12/site-packages/airflow/example_dags/example_display_name.py
[2024-09-22T11:30:02.869+0000] {processor.py:840} INFO - DAG(s) 'example_display_name' retrieved from /home/airflow/.local/lib/python3.12/site-packages/airflow/example_dags/example_display_name.py
[2024-09-22T11:30:02.916+0000] {logging_mixin.py:188} INFO - [2024-09-22T11:30:02.915+0000] {dag.py:3089} INFO - Sync 1 DAGs
[2024-09-22T11:30:02.947+0000] {logging_mixin.py:188} INFO - [2024-09-22T11:30:02.947+0000] {dag.py:3947} INFO - Setting next_dagrun for example_display_name to None, run_after=None
[2024-09-22T11:30:03.616+0000] {processor.py:183} INFO - Processing /home/airflow/.local/lib/python3.12/site-packages/airflow/example_dags/example_display_name.py took 1.165 seconds
[2024-09-22T11:30:33.765+0000] {processor.py:161} INFO - Started process (PID=1440) to work on /home/airflow/.local/lib/python3.12/site-packages/airflow/example_dags/example_display_name.py
[2024-09-22T11:30:33.766+0000] {processor.py:830} INFO - Processing file /home/airflow/.local/lib/python3.12/site-packages/airflow/example_dags/example_display_name.py for tasks to queue
[2024-09-22T11:30:33.767+0000] {logging_mixin.py:188} INFO - [2024-09-22T11:30:33.766+0000] {dagbag.py:545} INFO - Filling up the DagBag from /home/airflow/.local/lib/python3.12/site-packages/airflow/example_dags/example_display_name.py
[2024-09-22T11:30:33.773+0000] {processor.py:840} INFO - DAG(s) 'example_display_name' retrieved from /home/airflow/.local/lib/python3.12/site-packages/airflow/example_dags/example_display_name.py
[2024-09-22T11:30:33.799+0000] {logging_mixin.py:188} INFO - [2024-09-22T11:30:33.799+0000] {dag.py:3089} INFO - Sync 1 DAGs
[2024-09-22T11:30:33.820+0000] {logging_mixin.py:188} INFO - [2024-09-22T11:30:33.819+0000] {dag.py:3947} INFO - Setting next_dagrun for example_display_name to None, run_after=None
[2024-09-22T11:30:34.080+0000] {processor.py:183} INFO - Processing /home/airflow/.local/lib/python3.12/site-packages/airflow/example_dags/example_display_name.py took 0.326 seconds
[2024-09-22T11:31:07.217+0000] {processor.py:161} INFO - Started process (PID=1503) to work on /home/airflow/.local/lib/python3.12/site-packages/airflow/example_dags/example_display_name.py
[2024-09-22T11:31:07.435+0000] {processor.py:830} INFO - Processing file /home/airflow/.local/lib/python3.12/site-packages/airflow/example_dags/example_display_name.py for tasks to queue
[2024-09-22T11:31:07.437+0000] {logging_mixin.py:188} INFO - [2024-09-22T11:31:07.437+0000] {dagbag.py:545} INFO - Filling up the DagBag from /home/airflow/.local/lib/python3.12/site-packages/airflow/example_dags/example_display_name.py
[2024-09-22T11:31:07.450+0000] {processor.py:840} INFO - DAG(s) 'example_display_name' retrieved from /home/airflow/.local/lib/python3.12/site-packages/airflow/example_dags/example_display_name.py
[2024-09-22T11:31:07.488+0000] {logging_mixin.py:188} INFO - [2024-09-22T11:31:07.488+0000] {dag.py:3089} INFO - Sync 1 DAGs
[2024-09-22T11:31:07.522+0000] {logging_mixin.py:188} INFO - [2024-09-22T11:31:07.521+0000] {dag.py:3947} INFO - Setting next_dagrun for example_display_name to None, run_after=None
[2024-09-22T11:31:07.772+0000] {processor.py:183} INFO - Processing /home/airflow/.local/lib/python3.12/site-packages/airflow/example_dags/example_display_name.py took 0.585 seconds
[2024-09-22T11:32:52.419+0000] {processor.py:161} INFO - Started process (PID=1635) to work on /home/airflow/.local/lib/python3.12/site-packages/airflow/example_dags/example_display_name.py
[2024-09-22T11:32:52.808+0000] {processor.py:830} INFO - Processing file /home/airflow/.local/lib/python3.12/site-packages/airflow/example_dags/example_display_name.py for tasks to queue
[2024-09-22T11:32:52.810+0000] {logging_mixin.py:188} INFO - [2024-09-22T11:32:52.810+0000] {dagbag.py:545} INFO - Filling up the DagBag from /home/airflow/.local/lib/python3.12/site-packages/airflow/example_dags/example_display_name.py
[2024-09-22T11:32:52.818+0000] {processor.py:840} INFO - DAG(s) 'example_display_name' retrieved from /home/airflow/.local/lib/python3.12/site-packages/airflow/example_dags/example_display_name.py
[2024-09-22T11:32:52.858+0000] {logging_mixin.py:188} INFO - [2024-09-22T11:32:52.858+0000] {dag.py:3089} INFO - Sync 1 DAGs
[2024-09-22T11:32:52.878+0000] {logging_mixin.py:188} INFO - [2024-09-22T11:32:52.877+0000] {dag.py:3947} INFO - Setting next_dagrun for example_display_name to None, run_after=None
[2024-09-22T11:32:53.332+0000] {processor.py:183} INFO - Processing /home/airflow/.local/lib/python3.12/site-packages/airflow/example_dags/example_display_name.py took 0.938 seconds
[2024-09-22T11:33:33.279+0000] {processor.py:161} INFO - Started process (PID=1706) to work on /home/airflow/.local/lib/python3.12/site-packages/airflow/example_dags/example_display_name.py
[2024-09-22T11:33:33.323+0000] {processor.py:830} INFO - Processing file /home/airflow/.local/lib/python3.12/site-packages/airflow/example_dags/example_display_name.py for tasks to queue
[2024-09-22T11:33:33.328+0000] {logging_mixin.py:188} INFO - [2024-09-22T11:33:33.324+0000] {dagbag.py:545} INFO - Filling up the DagBag from /home/airflow/.local/lib/python3.12/site-packages/airflow/example_dags/example_display_name.py
[2024-09-22T11:33:33.349+0000] {processor.py:840} INFO - DAG(s) 'example_display_name' retrieved from /home/airflow/.local/lib/python3.12/site-packages/airflow/example_dags/example_display_name.py
[2024-09-22T11:33:33.412+0000] {logging_mixin.py:188} INFO - [2024-09-22T11:33:33.411+0000] {dag.py:3089} INFO - Sync 1 DAGs
[2024-09-22T11:33:33.458+0000] {logging_mixin.py:188} INFO - [2024-09-22T11:33:33.457+0000] {dag.py:3947} INFO - Setting next_dagrun for example_display_name to None, run_after=None
[2024-09-22T11:33:33.668+0000] {processor.py:183} INFO - Processing /home/airflow/.local/lib/python3.12/site-packages/airflow/example_dags/example_display_name.py took 0.405 seconds
[2024-09-22T11:34:03.976+0000] {processor.py:161} INFO - Started process (PID=1776) to work on /home/airflow/.local/lib/python3.12/site-packages/airflow/example_dags/example_display_name.py
[2024-09-22T11:34:03.977+0000] {processor.py:830} INFO - Processing file /home/airflow/.local/lib/python3.12/site-packages/airflow/example_dags/example_display_name.py for tasks to queue
[2024-09-22T11:34:03.979+0000] {logging_mixin.py:188} INFO - [2024-09-22T11:34:03.978+0000] {dagbag.py:545} INFO - Filling up the DagBag from /home/airflow/.local/lib/python3.12/site-packages/airflow/example_dags/example_display_name.py
[2024-09-22T11:34:03.988+0000] {processor.py:840} INFO - DAG(s) 'example_display_name' retrieved from /home/airflow/.local/lib/python3.12/site-packages/airflow/example_dags/example_display_name.py
[2024-09-22T11:34:04.016+0000] {logging_mixin.py:188} INFO - [2024-09-22T11:34:04.015+0000] {dag.py:3089} INFO - Sync 1 DAGs
[2024-09-22T11:34:04.039+0000] {logging_mixin.py:188} INFO - [2024-09-22T11:34:04.038+0000] {dag.py:3947} INFO - Setting next_dagrun for example_display_name to None, run_after=None
[2024-09-22T11:34:04.289+0000] {processor.py:183} INFO - Processing /home/airflow/.local/lib/python3.12/site-packages/airflow/example_dags/example_display_name.py took 0.322 seconds
[2024-09-22T11:34:35.335+0000] {processor.py:161} INFO - Started process (PID=1839) to work on /home/airflow/.local/lib/python3.12/site-packages/airflow/example_dags/example_display_name.py
[2024-09-22T11:34:36.185+0000] {processor.py:830} INFO - Processing file /home/airflow/.local/lib/python3.12/site-packages/airflow/example_dags/example_display_name.py for tasks to queue
[2024-09-22T11:34:36.187+0000] {logging_mixin.py:188} INFO - [2024-09-22T11:34:36.187+0000] {dagbag.py:545} INFO - Filling up the DagBag from /home/airflow/.local/lib/python3.12/site-packages/airflow/example_dags/example_display_name.py
[2024-09-22T11:34:36.203+0000] {processor.py:840} INFO - DAG(s) 'example_display_name' retrieved from /home/airflow/.local/lib/python3.12/site-packages/airflow/example_dags/example_display_name.py
[2024-09-22T11:34:36.241+0000] {logging_mixin.py:188} INFO - [2024-09-22T11:34:36.241+0000] {dag.py:3089} INFO - Sync 1 DAGs
[2024-09-22T11:34:36.269+0000] {logging_mixin.py:188} INFO - [2024-09-22T11:34:36.268+0000] {dag.py:3947} INFO - Setting next_dagrun for example_display_name to None, run_after=None
[2024-09-22T11:34:37.175+0000] {processor.py:183} INFO - Processing /home/airflow/.local/lib/python3.12/site-packages/airflow/example_dags/example_display_name.py took 1.857 seconds
[2024-09-22T11:35:07.848+0000] {processor.py:161} INFO - Started process (PID=1897) to work on /home/airflow/.local/lib/python3.12/site-packages/airflow/example_dags/example_display_name.py
[2024-09-22T11:35:07.849+0000] {processor.py:830} INFO - Processing file /home/airflow/.local/lib/python3.12/site-packages/airflow/example_dags/example_display_name.py for tasks to queue
[2024-09-22T11:35:07.850+0000] {logging_mixin.py:188} INFO - [2024-09-22T11:35:07.850+0000] {dagbag.py:545} INFO - Filling up the DagBag from /home/airflow/.local/lib/python3.12/site-packages/airflow/example_dags/example_display_name.py
[2024-09-22T11:35:07.860+0000] {processor.py:840} INFO - DAG(s) 'example_display_name' retrieved from /home/airflow/.local/lib/python3.12/site-packages/airflow/example_dags/example_display_name.py
[2024-09-22T11:35:07.885+0000] {logging_mixin.py:188} INFO - [2024-09-22T11:35:07.885+0000] {dag.py:3089} INFO - Sync 1 DAGs
[2024-09-22T11:35:07.904+0000] {logging_mixin.py:188} INFO - [2024-09-22T11:35:07.903+0000] {dag.py:3947} INFO - Setting next_dagrun for example_display_name to None, run_after=None
[2024-09-22T11:35:08.274+0000] {processor.py:183} INFO - Processing /home/airflow/.local/lib/python3.12/site-packages/airflow/example_dags/example_display_name.py took 0.436 seconds
[2024-09-22T11:35:44.045+0000] {processor.py:161} INFO - Started process (PID=1959) to work on /home/airflow/.local/lib/python3.12/site-packages/airflow/example_dags/example_display_name.py
[2024-09-22T11:35:44.302+0000] {processor.py:830} INFO - Processing file /home/airflow/.local/lib/python3.12/site-packages/airflow/example_dags/example_display_name.py for tasks to queue
[2024-09-22T11:35:44.309+0000] {logging_mixin.py:188} INFO - [2024-09-22T11:35:44.308+0000] {dagbag.py:545} INFO - Filling up the DagBag from /home/airflow/.local/lib/python3.12/site-packages/airflow/example_dags/example_display_name.py
[2024-09-22T11:35:44.326+0000] {processor.py:840} INFO - DAG(s) 'example_display_name' retrieved from /home/airflow/.local/lib/python3.12/site-packages/airflow/example_dags/example_display_name.py
[2024-09-22T11:35:44.408+0000] {logging_mixin.py:188} INFO - [2024-09-22T11:35:44.407+0000] {dag.py:3089} INFO - Sync 1 DAGs
[2024-09-22T11:35:44.460+0000] {logging_mixin.py:188} INFO - [2024-09-22T11:35:44.460+0000] {dag.py:3947} INFO - Setting next_dagrun for example_display_name to None, run_after=None
[2024-09-22T11:35:44.918+0000] {processor.py:183} INFO - Processing /home/airflow/.local/lib/python3.12/site-packages/airflow/example_dags/example_display_name.py took 0.900 seconds
[2024-09-22T11:39:14.555+0000] {processor.py:161} INFO - Started process (PID=2103) to work on /home/airflow/.local/lib/python3.12/site-packages/airflow/example_dags/example_display_name.py
[2024-09-22T11:39:14.891+0000] {processor.py:830} INFO - Processing file /home/airflow/.local/lib/python3.12/site-packages/airflow/example_dags/example_display_name.py for tasks to queue
[2024-09-22T11:39:14.893+0000] {logging_mixin.py:188} INFO - [2024-09-22T11:39:14.892+0000] {dagbag.py:545} INFO - Filling up the DagBag from /home/airflow/.local/lib/python3.12/site-packages/airflow/example_dags/example_display_name.py
[2024-09-22T11:39:14.906+0000] {processor.py:840} INFO - DAG(s) 'example_display_name' retrieved from /home/airflow/.local/lib/python3.12/site-packages/airflow/example_dags/example_display_name.py
[2024-09-22T11:39:14.942+0000] {logging_mixin.py:188} INFO - [2024-09-22T11:39:14.942+0000] {dag.py:3089} INFO - Sync 1 DAGs
[2024-09-22T11:39:14.961+0000] {logging_mixin.py:188} INFO - [2024-09-22T11:39:14.961+0000] {dag.py:3947} INFO - Setting next_dagrun for example_display_name to None, run_after=None
[2024-09-22T11:39:15.323+0000] {processor.py:183} INFO - Processing /home/airflow/.local/lib/python3.12/site-packages/airflow/example_dags/example_display_name.py took 0.778 seconds
[2024-09-22T11:41:43.150+0000] {processor.py:161} INFO - Started process (PID=2195) to work on /home/airflow/.local/lib/python3.12/site-packages/airflow/example_dags/example_display_name.py
[2024-09-22T11:41:43.238+0000] {processor.py:830} INFO - Processing file /home/airflow/.local/lib/python3.12/site-packages/airflow/example_dags/example_display_name.py for tasks to queue
[2024-09-22T11:41:43.243+0000] {logging_mixin.py:188} INFO - [2024-09-22T11:41:43.239+0000] {dagbag.py:545} INFO - Filling up the DagBag from /home/airflow/.local/lib/python3.12/site-packages/airflow/example_dags/example_display_name.py
[2024-09-22T11:41:43.265+0000] {processor.py:840} INFO - DAG(s) 'example_display_name' retrieved from /home/airflow/.local/lib/python3.12/site-packages/airflow/example_dags/example_display_name.py
[2024-09-22T11:41:43.338+0000] {logging_mixin.py:188} INFO - [2024-09-22T11:41:43.337+0000] {dag.py:3089} INFO - Sync 1 DAGs
[2024-09-22T11:41:43.676+0000] {logging_mixin.py:188} INFO - [2024-09-22T11:41:43.676+0000] {dag.py:3947} INFO - Setting next_dagrun for example_display_name to None, run_after=None
[2024-09-22T11:41:43.872+0000] {processor.py:183} INFO - Processing /home/airflow/.local/lib/python3.12/site-packages/airflow/example_dags/example_display_name.py took 0.793 seconds
[2024-09-22T11:42:14.471+0000] {processor.py:161} INFO - Started process (PID=2258) to work on /home/airflow/.local/lib/python3.12/site-packages/airflow/example_dags/example_display_name.py
[2024-09-22T11:42:14.473+0000] {processor.py:830} INFO - Processing file /home/airflow/.local/lib/python3.12/site-packages/airflow/example_dags/example_display_name.py for tasks to queue
[2024-09-22T11:42:14.477+0000] {logging_mixin.py:188} INFO - [2024-09-22T11:42:14.477+0000] {dagbag.py:545} INFO - Filling up the DagBag from /home/airflow/.local/lib/python3.12/site-packages/airflow/example_dags/example_display_name.py
[2024-09-22T11:42:14.497+0000] {processor.py:840} INFO - DAG(s) 'example_display_name' retrieved from /home/airflow/.local/lib/python3.12/site-packages/airflow/example_dags/example_display_name.py
[2024-09-22T11:42:14.555+0000] {logging_mixin.py:188} INFO - [2024-09-22T11:42:14.555+0000] {dag.py:3089} INFO - Sync 1 DAGs
[2024-09-22T11:42:14.589+0000] {logging_mixin.py:188} INFO - [2024-09-22T11:42:14.589+0000] {dag.py:3947} INFO - Setting next_dagrun for example_display_name to None, run_after=None
[2024-09-22T11:42:17.019+0000] {processor.py:183} INFO - Processing /home/airflow/.local/lib/python3.12/site-packages/airflow/example_dags/example_display_name.py took 2.576 seconds
[2024-09-22T11:42:47.252+0000] {processor.py:161} INFO - Started process (PID=2341) to work on /home/airflow/.local/lib/python3.12/site-packages/airflow/example_dags/example_display_name.py
[2024-09-22T11:42:47.254+0000] {processor.py:830} INFO - Processing file /home/airflow/.local/lib/python3.12/site-packages/airflow/example_dags/example_display_name.py for tasks to queue
[2024-09-22T11:42:47.255+0000] {logging_mixin.py:188} INFO - [2024-09-22T11:42:47.254+0000] {dagbag.py:545} INFO - Filling up the DagBag from /home/airflow/.local/lib/python3.12/site-packages/airflow/example_dags/example_display_name.py
[2024-09-22T11:42:47.265+0000] {processor.py:840} INFO - DAG(s) 'example_display_name' retrieved from /home/airflow/.local/lib/python3.12/site-packages/airflow/example_dags/example_display_name.py
[2024-09-22T11:42:47.299+0000] {logging_mixin.py:188} INFO - [2024-09-22T11:42:47.298+0000] {dag.py:3089} INFO - Sync 1 DAGs
[2024-09-22T11:42:47.327+0000] {logging_mixin.py:188} INFO - [2024-09-22T11:42:47.327+0000] {dag.py:3947} INFO - Setting next_dagrun for example_display_name to None, run_after=None
[2024-09-22T11:42:48.955+0000] {processor.py:183} INFO - Processing /home/airflow/.local/lib/python3.12/site-packages/airflow/example_dags/example_display_name.py took 1.712 seconds
[2024-09-22T11:43:19.487+0000] {processor.py:161} INFO - Started process (PID=2428) to work on /home/airflow/.local/lib/python3.12/site-packages/airflow/example_dags/example_display_name.py
[2024-09-22T11:43:19.490+0000] {processor.py:830} INFO - Processing file /home/airflow/.local/lib/python3.12/site-packages/airflow/example_dags/example_display_name.py for tasks to queue
[2024-09-22T11:43:19.492+0000] {logging_mixin.py:188} INFO - [2024-09-22T11:43:19.491+0000] {dagbag.py:545} INFO - Filling up the DagBag from /home/airflow/.local/lib/python3.12/site-packages/airflow/example_dags/example_display_name.py
[2024-09-22T11:43:19.504+0000] {processor.py:840} INFO - DAG(s) 'example_display_name' retrieved from /home/airflow/.local/lib/python3.12/site-packages/airflow/example_dags/example_display_name.py
[2024-09-22T11:43:19.543+0000] {logging_mixin.py:188} INFO - [2024-09-22T11:43:19.543+0000] {dag.py:3089} INFO - Sync 1 DAGs
[2024-09-22T11:43:19.569+0000] {logging_mixin.py:188} INFO - [2024-09-22T11:43:19.568+0000] {dag.py:3947} INFO - Setting next_dagrun for example_display_name to None, run_after=None
[2024-09-22T11:43:19.770+0000] {processor.py:183} INFO - Processing /home/airflow/.local/lib/python3.12/site-packages/airflow/example_dags/example_display_name.py took 0.294 seconds
[2024-09-22T11:43:49.997+0000] {processor.py:161} INFO - Started process (PID=2519) to work on /home/airflow/.local/lib/python3.12/site-packages/airflow/example_dags/example_display_name.py
[2024-09-22T11:43:50.155+0000] {processor.py:830} INFO - Processing file /home/airflow/.local/lib/python3.12/site-packages/airflow/example_dags/example_display_name.py for tasks to queue
[2024-09-22T11:43:50.157+0000] {logging_mixin.py:188} INFO - [2024-09-22T11:43:50.156+0000] {dagbag.py:545} INFO - Filling up the DagBag from /home/airflow/.local/lib/python3.12/site-packages/airflow/example_dags/example_display_name.py
[2024-09-22T11:43:50.172+0000] {processor.py:840} INFO - DAG(s) 'example_display_name' retrieved from /home/airflow/.local/lib/python3.12/site-packages/airflow/example_dags/example_display_name.py
[2024-09-22T11:43:50.240+0000] {logging_mixin.py:188} INFO - [2024-09-22T11:43:50.239+0000] {dag.py:3089} INFO - Sync 1 DAGs
[2024-09-22T11:43:50.286+0000] {logging_mixin.py:188} INFO - [2024-09-22T11:43:50.286+0000] {dag.py:3947} INFO - Setting next_dagrun for example_display_name to None, run_after=None
[2024-09-22T11:43:50.602+0000] {processor.py:183} INFO - Processing /home/airflow/.local/lib/python3.12/site-packages/airflow/example_dags/example_display_name.py took 0.633 seconds
[2024-09-22T11:44:20.814+0000] {processor.py:161} INFO - Started process (PID=2602) to work on /home/airflow/.local/lib/python3.12/site-packages/airflow/example_dags/example_display_name.py
[2024-09-22T11:44:20.815+0000] {processor.py:830} INFO - Processing file /home/airflow/.local/lib/python3.12/site-packages/airflow/example_dags/example_display_name.py for tasks to queue
[2024-09-22T11:44:20.819+0000] {logging_mixin.py:188} INFO - [2024-09-22T11:44:20.816+0000] {dagbag.py:545} INFO - Filling up the DagBag from /home/airflow/.local/lib/python3.12/site-packages/airflow/example_dags/example_display_name.py
[2024-09-22T11:44:20.830+0000] {processor.py:840} INFO - DAG(s) 'example_display_name' retrieved from /home/airflow/.local/lib/python3.12/site-packages/airflow/example_dags/example_display_name.py
[2024-09-22T11:44:20.876+0000] {logging_mixin.py:188} INFO - [2024-09-22T11:44:20.876+0000] {dag.py:3089} INFO - Sync 1 DAGs
[2024-09-22T11:44:20.924+0000] {logging_mixin.py:188} INFO - [2024-09-22T11:44:20.924+0000] {dag.py:3947} INFO - Setting next_dagrun for example_display_name to None, run_after=None
[2024-09-22T11:44:21.010+0000] {processor.py:183} INFO - Processing /home/airflow/.local/lib/python3.12/site-packages/airflow/example_dags/example_display_name.py took 0.208 seconds
