[2024-09-22T11:15:25.452+0000] {processor.py:161} INFO - Started process (PID=91) to work on /home/airflow/.local/lib/python3.12/site-packages/airflow/example_dags/example_external_task_marker_dag.py
[2024-09-22T11:15:25.454+0000] {processor.py:830} INFO - Processing file /home/airflow/.local/lib/python3.12/site-packages/airflow/example_dags/example_external_task_marker_dag.py for tasks to queue
[2024-09-22T11:15:25.458+0000] {logging_mixin.py:188} INFO - [2024-09-22T11:15:25.457+0000] {dagbag.py:545} INFO - Filling up the DagBag from /home/airflow/.local/lib/python3.12/site-packages/airflow/example_dags/example_external_task_marker_dag.py
[2024-09-22T11:15:25.473+0000] {processor.py:840} INFO - DAG(s) 'example_external_task_marker_parent', 'example_external_task_marker_child' retrieved from /home/airflow/.local/lib/python3.12/site-packages/airflow/example_dags/example_external_task_marker_dag.py
[2024-09-22T11:15:25.561+0000] {logging_mixin.py:188} INFO - [2024-09-22T11:15:25.560+0000] {dag.py:3089} INFO - Sync 2 DAGs
[2024-09-22T11:15:25.669+0000] {logging_mixin.py:188} INFO - [2024-09-22T11:15:25.669+0000] {dag.py:3947} INFO - Setting next_dagrun for example_external_task_marker_child to None, run_after=None
[2024-09-22T11:15:25.702+0000] {logging_mixin.py:188} INFO - [2024-09-22T11:15:25.701+0000] {dag.py:3947} INFO - Setting next_dagrun for example_external_task_marker_parent to None, run_after=None
[2024-09-22T11:15:25.972+0000] {processor.py:183} INFO - Processing /home/airflow/.local/lib/python3.12/site-packages/airflow/example_dags/example_external_task_marker_dag.py took 0.536 seconds
[2024-09-22T11:16:01.981+0000] {processor.py:161} INFO - Started process (PID=155) to work on /home/airflow/.local/lib/python3.12/site-packages/airflow/example_dags/example_external_task_marker_dag.py
[2024-09-22T11:16:02.055+0000] {processor.py:830} INFO - Processing file /home/airflow/.local/lib/python3.12/site-packages/airflow/example_dags/example_external_task_marker_dag.py for tasks to queue
[2024-09-22T11:16:02.058+0000] {logging_mixin.py:188} INFO - [2024-09-22T11:16:02.057+0000] {dagbag.py:545} INFO - Filling up the DagBag from /home/airflow/.local/lib/python3.12/site-packages/airflow/example_dags/example_external_task_marker_dag.py
[2024-09-22T11:16:02.068+0000] {processor.py:840} INFO - DAG(s) 'example_external_task_marker_child', 'example_external_task_marker_parent' retrieved from /home/airflow/.local/lib/python3.12/site-packages/airflow/example_dags/example_external_task_marker_dag.py
[2024-09-22T11:16:02.128+0000] {logging_mixin.py:188} INFO - [2024-09-22T11:16:02.127+0000] {dag.py:3089} INFO - Sync 2 DAGs
[2024-09-22T11:16:02.156+0000] {logging_mixin.py:188} INFO - [2024-09-22T11:16:02.155+0000] {dag.py:3947} INFO - Setting next_dagrun for example_external_task_marker_child to None, run_after=None
[2024-09-22T11:16:02.164+0000] {logging_mixin.py:188} INFO - [2024-09-22T11:16:02.163+0000] {dag.py:3947} INFO - Setting next_dagrun for example_external_task_marker_parent to None, run_after=None
[2024-09-22T11:16:03.052+0000] {processor.py:183} INFO - Processing /home/airflow/.local/lib/python3.12/site-packages/airflow/example_dags/example_external_task_marker_dag.py took 1.083 seconds
[2024-09-22T11:16:53.808+0000] {processor.py:161} INFO - Started process (PID=213) to work on /home/airflow/.local/lib/python3.12/site-packages/airflow/example_dags/example_external_task_marker_dag.py
[2024-09-22T11:16:54.077+0000] {processor.py:830} INFO - Processing file /home/airflow/.local/lib/python3.12/site-packages/airflow/example_dags/example_external_task_marker_dag.py for tasks to queue
[2024-09-22T11:16:54.097+0000] {logging_mixin.py:188} INFO - [2024-09-22T11:16:54.097+0000] {dagbag.py:545} INFO - Filling up the DagBag from /home/airflow/.local/lib/python3.12/site-packages/airflow/example_dags/example_external_task_marker_dag.py
[2024-09-22T11:16:54.127+0000] {processor.py:840} INFO - DAG(s) 'example_external_task_marker_parent', 'example_external_task_marker_child' retrieved from /home/airflow/.local/lib/python3.12/site-packages/airflow/example_dags/example_external_task_marker_dag.py
[2024-09-22T11:16:54.204+0000] {logging_mixin.py:188} INFO - [2024-09-22T11:16:54.203+0000] {dag.py:3089} INFO - Sync 2 DAGs
[2024-09-22T11:16:54.267+0000] {logging_mixin.py:188} INFO - [2024-09-22T11:16:54.266+0000] {dag.py:3947} INFO - Setting next_dagrun for example_external_task_marker_child to None, run_after=None
[2024-09-22T11:16:54.285+0000] {logging_mixin.py:188} INFO - [2024-09-22T11:16:54.285+0000] {dag.py:3947} INFO - Setting next_dagrun for example_external_task_marker_parent to None, run_after=None
[2024-09-22T11:16:54.527+0000] {processor.py:183} INFO - Processing /home/airflow/.local/lib/python3.12/site-packages/airflow/example_dags/example_external_task_marker_dag.py took 0.884 seconds
[2024-09-22T11:17:40.746+0000] {processor.py:161} INFO - Started process (PID=304) to work on /home/airflow/.local/lib/python3.12/site-packages/airflow/example_dags/example_external_task_marker_dag.py
[2024-09-22T11:17:40.874+0000] {processor.py:830} INFO - Processing file /home/airflow/.local/lib/python3.12/site-packages/airflow/example_dags/example_external_task_marker_dag.py for tasks to queue
[2024-09-22T11:17:40.878+0000] {logging_mixin.py:188} INFO - [2024-09-22T11:17:40.875+0000] {dagbag.py:545} INFO - Filling up the DagBag from /home/airflow/.local/lib/python3.12/site-packages/airflow/example_dags/example_external_task_marker_dag.py
[2024-09-22T11:17:40.906+0000] {processor.py:840} INFO - DAG(s) 'example_external_task_marker_parent', 'example_external_task_marker_child' retrieved from /home/airflow/.local/lib/python3.12/site-packages/airflow/example_dags/example_external_task_marker_dag.py
[2024-09-22T11:17:41.064+0000] {logging_mixin.py:188} INFO - [2024-09-22T11:17:41.063+0000] {dag.py:3089} INFO - Sync 2 DAGs
[2024-09-22T11:17:41.139+0000] {logging_mixin.py:188} INFO - [2024-09-22T11:17:41.139+0000] {dag.py:3947} INFO - Setting next_dagrun for example_external_task_marker_child to None, run_after=None
[2024-09-22T11:17:41.162+0000] {logging_mixin.py:188} INFO - [2024-09-22T11:17:41.162+0000] {dag.py:3947} INFO - Setting next_dagrun for example_external_task_marker_parent to None, run_after=None
[2024-09-22T11:17:41.418+0000] {processor.py:183} INFO - Processing /home/airflow/.local/lib/python3.12/site-packages/airflow/example_dags/example_external_task_marker_dag.py took 0.708 seconds
[2024-09-22T11:18:11.526+0000] {processor.py:161} INFO - Started process (PID=388) to work on /home/airflow/.local/lib/python3.12/site-packages/airflow/example_dags/example_external_task_marker_dag.py
[2024-09-22T11:18:11.884+0000] {processor.py:830} INFO - Processing file /home/airflow/.local/lib/python3.12/site-packages/airflow/example_dags/example_external_task_marker_dag.py for tasks to queue
[2024-09-22T11:18:11.886+0000] {logging_mixin.py:188} INFO - [2024-09-22T11:18:11.885+0000] {dagbag.py:545} INFO - Filling up the DagBag from /home/airflow/.local/lib/python3.12/site-packages/airflow/example_dags/example_external_task_marker_dag.py
[2024-09-22T11:18:11.898+0000] {processor.py:840} INFO - DAG(s) 'example_external_task_marker_child', 'example_external_task_marker_parent' retrieved from /home/airflow/.local/lib/python3.12/site-packages/airflow/example_dags/example_external_task_marker_dag.py
[2024-09-22T11:18:11.948+0000] {logging_mixin.py:188} INFO - [2024-09-22T11:18:11.947+0000] {dag.py:3089} INFO - Sync 2 DAGs
[2024-09-22T11:18:11.977+0000] {logging_mixin.py:188} INFO - [2024-09-22T11:18:11.977+0000] {dag.py:3947} INFO - Setting next_dagrun for example_external_task_marker_child to None, run_after=None
[2024-09-22T11:18:11.986+0000] {logging_mixin.py:188} INFO - [2024-09-22T11:18:11.985+0000] {dag.py:3947} INFO - Setting next_dagrun for example_external_task_marker_parent to None, run_after=None
[2024-09-22T11:18:12.240+0000] {processor.py:183} INFO - Processing /home/airflow/.local/lib/python3.12/site-packages/airflow/example_dags/example_external_task_marker_dag.py took 0.737 seconds
[2024-09-22T11:19:08.404+0000] {processor.py:161} INFO - Started process (PID=496) to work on /home/airflow/.local/lib/python3.12/site-packages/airflow/example_dags/example_external_task_marker_dag.py
[2024-09-22T11:19:08.611+0000] {processor.py:830} INFO - Processing file /home/airflow/.local/lib/python3.12/site-packages/airflow/example_dags/example_external_task_marker_dag.py for tasks to queue
[2024-09-22T11:19:08.614+0000] {logging_mixin.py:188} INFO - [2024-09-22T11:19:08.613+0000] {dagbag.py:545} INFO - Filling up the DagBag from /home/airflow/.local/lib/python3.12/site-packages/airflow/example_dags/example_external_task_marker_dag.py
[2024-09-22T11:19:08.640+0000] {processor.py:840} INFO - DAG(s) 'example_external_task_marker_parent', 'example_external_task_marker_child' retrieved from /home/airflow/.local/lib/python3.12/site-packages/airflow/example_dags/example_external_task_marker_dag.py
[2024-09-22T11:19:08.722+0000] {logging_mixin.py:188} INFO - [2024-09-22T11:19:08.722+0000] {dag.py:3089} INFO - Sync 2 DAGs
[2024-09-22T11:19:08.778+0000] {logging_mixin.py:188} INFO - [2024-09-22T11:19:08.778+0000] {dag.py:3947} INFO - Setting next_dagrun for example_external_task_marker_child to None, run_after=None
[2024-09-22T11:19:08.793+0000] {logging_mixin.py:188} INFO - [2024-09-22T11:19:08.793+0000] {dag.py:3947} INFO - Setting next_dagrun for example_external_task_marker_parent to None, run_after=None
[2024-09-22T11:19:09.112+0000] {processor.py:183} INFO - Processing /home/airflow/.local/lib/python3.12/site-packages/airflow/example_dags/example_external_task_marker_dag.py took 0.733 seconds
[2024-09-22T11:19:41.058+0000] {processor.py:161} INFO - Started process (PID=560) to work on /home/airflow/.local/lib/python3.12/site-packages/airflow/example_dags/example_external_task_marker_dag.py
[2024-09-22T11:19:41.404+0000] {processor.py:830} INFO - Processing file /home/airflow/.local/lib/python3.12/site-packages/airflow/example_dags/example_external_task_marker_dag.py for tasks to queue
[2024-09-22T11:19:41.406+0000] {logging_mixin.py:188} INFO - [2024-09-22T11:19:41.405+0000] {dagbag.py:545} INFO - Filling up the DagBag from /home/airflow/.local/lib/python3.12/site-packages/airflow/example_dags/example_external_task_marker_dag.py
[2024-09-22T11:19:41.443+0000] {processor.py:840} INFO - DAG(s) 'example_external_task_marker_parent', 'example_external_task_marker_child' retrieved from /home/airflow/.local/lib/python3.12/site-packages/airflow/example_dags/example_external_task_marker_dag.py
[2024-09-22T11:19:41.508+0000] {logging_mixin.py:188} INFO - [2024-09-22T11:19:41.508+0000] {dag.py:3089} INFO - Sync 2 DAGs
[2024-09-22T11:19:41.540+0000] {logging_mixin.py:188} INFO - [2024-09-22T11:19:41.540+0000] {dag.py:3947} INFO - Setting next_dagrun for example_external_task_marker_child to None, run_after=None
[2024-09-22T11:19:41.549+0000] {logging_mixin.py:188} INFO - [2024-09-22T11:19:41.549+0000] {dag.py:3947} INFO - Setting next_dagrun for example_external_task_marker_parent to None, run_after=None
[2024-09-22T11:19:42.394+0000] {processor.py:183} INFO - Processing /home/airflow/.local/lib/python3.12/site-packages/airflow/example_dags/example_external_task_marker_dag.py took 1.350 seconds
[2024-09-22T11:20:17.849+0000] {processor.py:161} INFO - Started process (PID=641) to work on /home/airflow/.local/lib/python3.12/site-packages/airflow/example_dags/example_external_task_marker_dag.py
[2024-09-22T11:20:18.116+0000] {processor.py:830} INFO - Processing file /home/airflow/.local/lib/python3.12/site-packages/airflow/example_dags/example_external_task_marker_dag.py for tasks to queue
[2024-09-22T11:20:18.118+0000] {logging_mixin.py:188} INFO - [2024-09-22T11:20:18.117+0000] {dagbag.py:545} INFO - Filling up the DagBag from /home/airflow/.local/lib/python3.12/site-packages/airflow/example_dags/example_external_task_marker_dag.py
[2024-09-22T11:20:18.161+0000] {processor.py:840} INFO - DAG(s) 'example_external_task_marker_parent', 'example_external_task_marker_child' retrieved from /home/airflow/.local/lib/python3.12/site-packages/airflow/example_dags/example_external_task_marker_dag.py
[2024-09-22T11:20:18.348+0000] {logging_mixin.py:188} INFO - [2024-09-22T11:20:18.339+0000] {dag.py:3089} INFO - Sync 2 DAGs
[2024-09-22T11:20:18.412+0000] {logging_mixin.py:188} INFO - [2024-09-22T11:20:18.412+0000] {dag.py:3947} INFO - Setting next_dagrun for example_external_task_marker_child to None, run_after=None
[2024-09-22T11:20:18.429+0000] {logging_mixin.py:188} INFO - [2024-09-22T11:20:18.425+0000] {dag.py:3947} INFO - Setting next_dagrun for example_external_task_marker_parent to None, run_after=None
[2024-09-22T11:20:18.782+0000] {processor.py:183} INFO - Processing /home/airflow/.local/lib/python3.12/site-packages/airflow/example_dags/example_external_task_marker_dag.py took 0.975 seconds
[2024-09-22T11:21:01.656+0000] {processor.py:161} INFO - Started process (PID=715) to work on /home/airflow/.local/lib/python3.12/site-packages/airflow/example_dags/example_external_task_marker_dag.py
[2024-09-22T11:21:02.062+0000] {processor.py:830} INFO - Processing file /home/airflow/.local/lib/python3.12/site-packages/airflow/example_dags/example_external_task_marker_dag.py for tasks to queue
[2024-09-22T11:21:02.066+0000] {logging_mixin.py:188} INFO - [2024-09-22T11:21:02.063+0000] {dagbag.py:545} INFO - Filling up the DagBag from /home/airflow/.local/lib/python3.12/site-packages/airflow/example_dags/example_external_task_marker_dag.py
[2024-09-22T11:21:02.101+0000] {processor.py:840} INFO - DAG(s) 'example_external_task_marker_parent', 'example_external_task_marker_child' retrieved from /home/airflow/.local/lib/python3.12/site-packages/airflow/example_dags/example_external_task_marker_dag.py
[2024-09-22T11:21:02.163+0000] {logging_mixin.py:188} INFO - [2024-09-22T11:21:02.163+0000] {dag.py:3089} INFO - Sync 2 DAGs
[2024-09-22T11:21:02.195+0000] {logging_mixin.py:188} INFO - [2024-09-22T11:21:02.195+0000] {dag.py:3947} INFO - Setting next_dagrun for example_external_task_marker_child to None, run_after=None
[2024-09-22T11:21:02.204+0000] {logging_mixin.py:188} INFO - [2024-09-22T11:21:02.203+0000] {dag.py:3947} INFO - Setting next_dagrun for example_external_task_marker_parent to None, run_after=None
[2024-09-22T11:21:02.925+0000] {processor.py:183} INFO - Processing /home/airflow/.local/lib/python3.12/site-packages/airflow/example_dags/example_external_task_marker_dag.py took 1.320 seconds
[2024-09-22T11:22:11.572+0000] {processor.py:161} INFO - Started process (PID=800) to work on /home/airflow/.local/lib/python3.12/site-packages/airflow/example_dags/example_external_task_marker_dag.py
[2024-09-22T11:22:12.094+0000] {processor.py:830} INFO - Processing file /home/airflow/.local/lib/python3.12/site-packages/airflow/example_dags/example_external_task_marker_dag.py for tasks to queue
[2024-09-22T11:22:12.096+0000] {logging_mixin.py:188} INFO - [2024-09-22T11:22:12.095+0000] {dagbag.py:545} INFO - Filling up the DagBag from /home/airflow/.local/lib/python3.12/site-packages/airflow/example_dags/example_external_task_marker_dag.py
[2024-09-22T11:22:12.111+0000] {processor.py:840} INFO - DAG(s) 'example_external_task_marker_child', 'example_external_task_marker_parent' retrieved from /home/airflow/.local/lib/python3.12/site-packages/airflow/example_dags/example_external_task_marker_dag.py
[2024-09-22T11:22:12.158+0000] {logging_mixin.py:188} INFO - [2024-09-22T11:22:12.157+0000] {dag.py:3089} INFO - Sync 2 DAGs
[2024-09-22T11:22:12.175+0000] {logging_mixin.py:188} INFO - [2024-09-22T11:22:12.175+0000] {dag.py:3947} INFO - Setting next_dagrun for example_external_task_marker_child to None, run_after=None
[2024-09-22T11:22:12.180+0000] {logging_mixin.py:188} INFO - [2024-09-22T11:22:12.180+0000] {dag.py:3947} INFO - Setting next_dagrun for example_external_task_marker_parent to None, run_after=None
[2024-09-22T11:22:13.227+0000] {processor.py:183} INFO - Processing /home/airflow/.local/lib/python3.12/site-packages/airflow/example_dags/example_external_task_marker_dag.py took 1.662 seconds
[2024-09-22T11:23:05.488+0000] {processor.py:161} INFO - Started process (PID=878) to work on /home/airflow/.local/lib/python3.12/site-packages/airflow/example_dags/example_external_task_marker_dag.py
[2024-09-22T11:23:06.126+0000] {processor.py:830} INFO - Processing file /home/airflow/.local/lib/python3.12/site-packages/airflow/example_dags/example_external_task_marker_dag.py for tasks to queue
[2024-09-22T11:23:06.128+0000] {logging_mixin.py:188} INFO - [2024-09-22T11:23:06.128+0000] {dagbag.py:545} INFO - Filling up the DagBag from /home/airflow/.local/lib/python3.12/site-packages/airflow/example_dags/example_external_task_marker_dag.py
[2024-09-22T11:23:06.143+0000] {processor.py:840} INFO - DAG(s) 'example_external_task_marker_child', 'example_external_task_marker_parent' retrieved from /home/airflow/.local/lib/python3.12/site-packages/airflow/example_dags/example_external_task_marker_dag.py
[2024-09-22T11:23:06.200+0000] {logging_mixin.py:188} INFO - [2024-09-22T11:23:06.199+0000] {dag.py:3089} INFO - Sync 2 DAGs
[2024-09-22T11:23:06.232+0000] {logging_mixin.py:188} INFO - [2024-09-22T11:23:06.232+0000] {dag.py:3947} INFO - Setting next_dagrun for example_external_task_marker_child to None, run_after=None
[2024-09-22T11:23:06.240+0000] {logging_mixin.py:188} INFO - [2024-09-22T11:23:06.240+0000] {dag.py:3947} INFO - Setting next_dagrun for example_external_task_marker_parent to None, run_after=None
[2024-09-22T11:23:07.093+0000] {processor.py:183} INFO - Processing /home/airflow/.local/lib/python3.12/site-packages/airflow/example_dags/example_external_task_marker_dag.py took 1.614 seconds
[2024-09-22T11:24:42.616+0000] {processor.py:161} INFO - Started process (PID=982) to work on /home/airflow/.local/lib/python3.12/site-packages/airflow/example_dags/example_external_task_marker_dag.py
[2024-09-22T11:24:43.232+0000] {processor.py:830} INFO - Processing file /home/airflow/.local/lib/python3.12/site-packages/airflow/example_dags/example_external_task_marker_dag.py for tasks to queue
[2024-09-22T11:24:43.234+0000] {logging_mixin.py:188} INFO - [2024-09-22T11:24:43.233+0000] {dagbag.py:545} INFO - Filling up the DagBag from /home/airflow/.local/lib/python3.12/site-packages/airflow/example_dags/example_external_task_marker_dag.py
[2024-09-22T11:24:43.489+0000] {processor.py:840} INFO - DAG(s) 'example_external_task_marker_parent', 'example_external_task_marker_child' retrieved from /home/airflow/.local/lib/python3.12/site-packages/airflow/example_dags/example_external_task_marker_dag.py
[2024-09-22T11:24:43.560+0000] {logging_mixin.py:188} INFO - [2024-09-22T11:24:43.559+0000] {dag.py:3089} INFO - Sync 2 DAGs
[2024-09-22T11:24:43.607+0000] {logging_mixin.py:188} INFO - [2024-09-22T11:24:43.606+0000] {dag.py:3947} INFO - Setting next_dagrun for example_external_task_marker_child to None, run_after=None
[2024-09-22T11:24:43.621+0000] {logging_mixin.py:188} INFO - [2024-09-22T11:24:43.621+0000] {dag.py:3947} INFO - Setting next_dagrun for example_external_task_marker_parent to None, run_after=None
[2024-09-22T11:24:44.431+0000] {processor.py:183} INFO - Processing /home/airflow/.local/lib/python3.12/site-packages/airflow/example_dags/example_external_task_marker_dag.py took 1.823 seconds
[2024-09-22T11:26:12.748+0000] {processor.py:161} INFO - Started process (PID=1066) to work on /home/airflow/.local/lib/python3.12/site-packages/airflow/example_dags/example_external_task_marker_dag.py
[2024-09-22T11:26:13.186+0000] {processor.py:830} INFO - Processing file /home/airflow/.local/lib/python3.12/site-packages/airflow/example_dags/example_external_task_marker_dag.py for tasks to queue
[2024-09-22T11:26:13.189+0000] {logging_mixin.py:188} INFO - [2024-09-22T11:26:13.188+0000] {dagbag.py:545} INFO - Filling up the DagBag from /home/airflow/.local/lib/python3.12/site-packages/airflow/example_dags/example_external_task_marker_dag.py
[2024-09-22T11:26:13.506+0000] {processor.py:840} INFO - DAG(s) 'example_external_task_marker_parent', 'example_external_task_marker_child' retrieved from /home/airflow/.local/lib/python3.12/site-packages/airflow/example_dags/example_external_task_marker_dag.py
[2024-09-22T11:26:13.661+0000] {logging_mixin.py:188} INFO - [2024-09-22T11:26:13.661+0000] {dag.py:3089} INFO - Sync 2 DAGs
[2024-09-22T11:26:13.944+0000] {logging_mixin.py:188} INFO - [2024-09-22T11:26:13.944+0000] {dag.py:3947} INFO - Setting next_dagrun for example_external_task_marker_child to None, run_after=None
[2024-09-22T11:26:13.950+0000] {logging_mixin.py:188} INFO - [2024-09-22T11:26:13.950+0000] {dag.py:3947} INFO - Setting next_dagrun for example_external_task_marker_parent to None, run_after=None
[2024-09-22T11:26:14.191+0000] {processor.py:183} INFO - Processing /home/airflow/.local/lib/python3.12/site-packages/airflow/example_dags/example_external_task_marker_dag.py took 1.454 seconds
[2024-09-22T11:28:17.005+0000] {processor.py:161} INFO - Started process (PID=1176) to work on /home/airflow/.local/lib/python3.12/site-packages/airflow/example_dags/example_external_task_marker_dag.py
[2024-09-22T11:28:17.150+0000] {processor.py:830} INFO - Processing file /home/airflow/.local/lib/python3.12/site-packages/airflow/example_dags/example_external_task_marker_dag.py for tasks to queue
[2024-09-22T11:28:17.152+0000] {logging_mixin.py:188} INFO - [2024-09-22T11:28:17.151+0000] {dagbag.py:545} INFO - Filling up the DagBag from /home/airflow/.local/lib/python3.12/site-packages/airflow/example_dags/example_external_task_marker_dag.py
[2024-09-22T11:28:17.164+0000] {processor.py:840} INFO - DAG(s) 'example_external_task_marker_child', 'example_external_task_marker_parent' retrieved from /home/airflow/.local/lib/python3.12/site-packages/airflow/example_dags/example_external_task_marker_dag.py
[2024-09-22T11:28:17.202+0000] {logging_mixin.py:188} INFO - [2024-09-22T11:28:17.202+0000] {dag.py:3089} INFO - Sync 2 DAGs
[2024-09-22T11:28:17.222+0000] {logging_mixin.py:188} INFO - [2024-09-22T11:28:17.222+0000] {dag.py:3947} INFO - Setting next_dagrun for example_external_task_marker_child to None, run_after=None
[2024-09-22T11:28:17.229+0000] {logging_mixin.py:188} INFO - [2024-09-22T11:28:17.229+0000] {dag.py:3947} INFO - Setting next_dagrun for example_external_task_marker_parent to None, run_after=None
[2024-09-22T11:28:17.460+0000] {processor.py:183} INFO - Processing /home/airflow/.local/lib/python3.12/site-packages/airflow/example_dags/example_external_task_marker_dag.py took 0.468 seconds
[2024-09-22T11:29:00.762+0000] {processor.py:161} INFO - Started process (PID=1250) to work on /home/airflow/.local/lib/python3.12/site-packages/airflow/example_dags/example_external_task_marker_dag.py
[2024-09-22T11:29:00.879+0000] {processor.py:830} INFO - Processing file /home/airflow/.local/lib/python3.12/site-packages/airflow/example_dags/example_external_task_marker_dag.py for tasks to queue
[2024-09-22T11:29:00.881+0000] {logging_mixin.py:188} INFO - [2024-09-22T11:29:00.880+0000] {dagbag.py:545} INFO - Filling up the DagBag from /home/airflow/.local/lib/python3.12/site-packages/airflow/example_dags/example_external_task_marker_dag.py
[2024-09-22T11:29:00.891+0000] {processor.py:840} INFO - DAG(s) 'example_external_task_marker_parent', 'example_external_task_marker_child' retrieved from /home/airflow/.local/lib/python3.12/site-packages/airflow/example_dags/example_external_task_marker_dag.py
[2024-09-22T11:29:00.943+0000] {logging_mixin.py:188} INFO - [2024-09-22T11:29:00.942+0000] {dag.py:3089} INFO - Sync 2 DAGs
[2024-09-22T11:29:00.970+0000] {logging_mixin.py:188} INFO - [2024-09-22T11:29:00.970+0000] {dag.py:3947} INFO - Setting next_dagrun for example_external_task_marker_child to None, run_after=None
[2024-09-22T11:29:00.979+0000] {logging_mixin.py:188} INFO - [2024-09-22T11:29:00.978+0000] {dag.py:3947} INFO - Setting next_dagrun for example_external_task_marker_parent to None, run_after=None
[2024-09-22T11:29:01.204+0000] {processor.py:183} INFO - Processing /home/airflow/.local/lib/python3.12/site-packages/airflow/example_dags/example_external_task_marker_dag.py took 0.451 seconds
[2024-09-22T11:29:33.623+0000] {processor.py:161} INFO - Started process (PID=1322) to work on /home/airflow/.local/lib/python3.12/site-packages/airflow/example_dags/example_external_task_marker_dag.py
[2024-09-22T11:29:33.630+0000] {processor.py:830} INFO - Processing file /home/airflow/.local/lib/python3.12/site-packages/airflow/example_dags/example_external_task_marker_dag.py for tasks to queue
[2024-09-22T11:29:33.631+0000] {logging_mixin.py:188} INFO - [2024-09-22T11:29:33.630+0000] {dagbag.py:545} INFO - Filling up the DagBag from /home/airflow/.local/lib/python3.12/site-packages/airflow/example_dags/example_external_task_marker_dag.py
[2024-09-22T11:29:33.641+0000] {processor.py:840} INFO - DAG(s) 'example_external_task_marker_child', 'example_external_task_marker_parent' retrieved from /home/airflow/.local/lib/python3.12/site-packages/airflow/example_dags/example_external_task_marker_dag.py
[2024-09-22T11:29:33.682+0000] {logging_mixin.py:188} INFO - [2024-09-22T11:29:33.681+0000] {dag.py:3089} INFO - Sync 2 DAGs
[2024-09-22T11:29:33.709+0000] {logging_mixin.py:188} INFO - [2024-09-22T11:29:33.708+0000] {dag.py:3947} INFO - Setting next_dagrun for example_external_task_marker_child to None, run_after=None
[2024-09-22T11:29:33.716+0000] {logging_mixin.py:188} INFO - [2024-09-22T11:29:33.715+0000] {dag.py:3947} INFO - Setting next_dagrun for example_external_task_marker_parent to None, run_after=None
[2024-09-22T11:29:33.928+0000] {processor.py:183} INFO - Processing /home/airflow/.local/lib/python3.12/site-packages/airflow/example_dags/example_external_task_marker_dag.py took 0.317 seconds
[2024-09-22T11:30:07.504+0000] {processor.py:161} INFO - Started process (PID=1385) to work on /home/airflow/.local/lib/python3.12/site-packages/airflow/example_dags/example_external_task_marker_dag.py
[2024-09-22T11:30:07.776+0000] {processor.py:830} INFO - Processing file /home/airflow/.local/lib/python3.12/site-packages/airflow/example_dags/example_external_task_marker_dag.py for tasks to queue
[2024-09-22T11:30:07.777+0000] {logging_mixin.py:188} INFO - [2024-09-22T11:30:07.777+0000] {dagbag.py:545} INFO - Filling up the DagBag from /home/airflow/.local/lib/python3.12/site-packages/airflow/example_dags/example_external_task_marker_dag.py
[2024-09-22T11:30:07.789+0000] {processor.py:840} INFO - DAG(s) 'example_external_task_marker_child', 'example_external_task_marker_parent' retrieved from /home/airflow/.local/lib/python3.12/site-packages/airflow/example_dags/example_external_task_marker_dag.py
[2024-09-22T11:30:07.834+0000] {logging_mixin.py:188} INFO - [2024-09-22T11:30:07.834+0000] {dag.py:3089} INFO - Sync 2 DAGs
[2024-09-22T11:30:07.857+0000] {logging_mixin.py:188} INFO - [2024-09-22T11:30:07.856+0000] {dag.py:3947} INFO - Setting next_dagrun for example_external_task_marker_child to None, run_after=None
[2024-09-22T11:30:07.865+0000] {logging_mixin.py:188} INFO - [2024-09-22T11:30:07.864+0000] {dag.py:3947} INFO - Setting next_dagrun for example_external_task_marker_parent to None, run_after=None
[2024-09-22T11:30:08.113+0000] {processor.py:183} INFO - Processing /home/airflow/.local/lib/python3.12/site-packages/airflow/example_dags/example_external_task_marker_dag.py took 0.615 seconds
[2024-09-22T11:30:42.241+0000] {processor.py:161} INFO - Started process (PID=1463) to work on /home/airflow/.local/lib/python3.12/site-packages/airflow/example_dags/example_external_task_marker_dag.py
[2024-09-22T11:30:42.329+0000] {processor.py:830} INFO - Processing file /home/airflow/.local/lib/python3.12/site-packages/airflow/example_dags/example_external_task_marker_dag.py for tasks to queue
[2024-09-22T11:30:42.331+0000] {logging_mixin.py:188} INFO - [2024-09-22T11:30:42.331+0000] {dagbag.py:545} INFO - Filling up the DagBag from /home/airflow/.local/lib/python3.12/site-packages/airflow/example_dags/example_external_task_marker_dag.py
[2024-09-22T11:30:42.344+0000] {processor.py:840} INFO - DAG(s) 'example_external_task_marker_child', 'example_external_task_marker_parent' retrieved from /home/airflow/.local/lib/python3.12/site-packages/airflow/example_dags/example_external_task_marker_dag.py
[2024-09-22T11:30:42.394+0000] {logging_mixin.py:188} INFO - [2024-09-22T11:30:42.394+0000] {dag.py:3089} INFO - Sync 2 DAGs
[2024-09-22T11:30:42.415+0000] {logging_mixin.py:188} INFO - [2024-09-22T11:30:42.414+0000] {dag.py:3947} INFO - Setting next_dagrun for example_external_task_marker_child to None, run_after=None
[2024-09-22T11:30:42.421+0000] {logging_mixin.py:188} INFO - [2024-09-22T11:30:42.420+0000] {dag.py:3947} INFO - Setting next_dagrun for example_external_task_marker_parent to None, run_after=None
[2024-09-22T11:30:42.622+0000] {processor.py:183} INFO - Processing /home/airflow/.local/lib/python3.12/site-packages/airflow/example_dags/example_external_task_marker_dag.py took 0.395 seconds
[2024-09-22T11:31:20.231+0000] {processor.py:161} INFO - Started process (PID=1532) to work on /home/airflow/.local/lib/python3.12/site-packages/airflow/example_dags/example_external_task_marker_dag.py
[2024-09-22T11:31:20.283+0000] {processor.py:830} INFO - Processing file /home/airflow/.local/lib/python3.12/site-packages/airflow/example_dags/example_external_task_marker_dag.py for tasks to queue
[2024-09-22T11:31:20.284+0000] {logging_mixin.py:188} INFO - [2024-09-22T11:31:20.284+0000] {dagbag.py:545} INFO - Filling up the DagBag from /home/airflow/.local/lib/python3.12/site-packages/airflow/example_dags/example_external_task_marker_dag.py
[2024-09-22T11:31:20.301+0000] {processor.py:840} INFO - DAG(s) 'example_external_task_marker_child', 'example_external_task_marker_parent' retrieved from /home/airflow/.local/lib/python3.12/site-packages/airflow/example_dags/example_external_task_marker_dag.py
[2024-09-22T11:31:20.347+0000] {logging_mixin.py:188} INFO - [2024-09-22T11:31:20.347+0000] {dag.py:3089} INFO - Sync 2 DAGs
[2024-09-22T11:31:20.371+0000] {logging_mixin.py:188} INFO - [2024-09-22T11:31:20.370+0000] {dag.py:3947} INFO - Setting next_dagrun for example_external_task_marker_child to None, run_after=None
[2024-09-22T11:31:20.379+0000] {logging_mixin.py:188} INFO - [2024-09-22T11:31:20.378+0000] {dag.py:3947} INFO - Setting next_dagrun for example_external_task_marker_parent to None, run_after=None
[2024-09-22T11:31:20.723+0000] {processor.py:183} INFO - Processing /home/airflow/.local/lib/python3.12/site-packages/airflow/example_dags/example_external_task_marker_dag.py took 0.506 seconds
[2024-09-22T11:33:08.054+0000] {processor.py:161} INFO - Started process (PID=1663) to work on /home/airflow/.local/lib/python3.12/site-packages/airflow/example_dags/example_external_task_marker_dag.py
[2024-09-22T11:33:08.355+0000] {processor.py:830} INFO - Processing file /home/airflow/.local/lib/python3.12/site-packages/airflow/example_dags/example_external_task_marker_dag.py for tasks to queue
[2024-09-22T11:33:08.357+0000] {logging_mixin.py:188} INFO - [2024-09-22T11:33:08.357+0000] {dagbag.py:545} INFO - Filling up the DagBag from /home/airflow/.local/lib/python3.12/site-packages/airflow/example_dags/example_external_task_marker_dag.py
[2024-09-22T11:33:08.394+0000] {processor.py:840} INFO - DAG(s) 'example_external_task_marker_parent', 'example_external_task_marker_child' retrieved from /home/airflow/.local/lib/python3.12/site-packages/airflow/example_dags/example_external_task_marker_dag.py
[2024-09-22T11:33:08.450+0000] {logging_mixin.py:188} INFO - [2024-09-22T11:33:08.449+0000] {dag.py:3089} INFO - Sync 2 DAGs
[2024-09-22T11:33:08.479+0000] {logging_mixin.py:188} INFO - [2024-09-22T11:33:08.478+0000] {dag.py:3947} INFO - Setting next_dagrun for example_external_task_marker_child to None, run_after=None
[2024-09-22T11:33:08.494+0000] {logging_mixin.py:188} INFO - [2024-09-22T11:33:08.494+0000] {dag.py:3947} INFO - Setting next_dagrun for example_external_task_marker_parent to None, run_after=None
[2024-09-22T11:33:09.059+0000] {processor.py:183} INFO - Processing /home/airflow/.local/lib/python3.12/site-packages/airflow/example_dags/example_external_task_marker_dag.py took 1.015 seconds
[2024-09-22T11:33:47.124+0000] {processor.py:161} INFO - Started process (PID=1734) to work on /home/airflow/.local/lib/python3.12/site-packages/airflow/example_dags/example_external_task_marker_dag.py
[2024-09-22T11:33:47.239+0000] {processor.py:830} INFO - Processing file /home/airflow/.local/lib/python3.12/site-packages/airflow/example_dags/example_external_task_marker_dag.py for tasks to queue
[2024-09-22T11:33:47.241+0000] {logging_mixin.py:188} INFO - [2024-09-22T11:33:47.240+0000] {dagbag.py:545} INFO - Filling up the DagBag from /home/airflow/.local/lib/python3.12/site-packages/airflow/example_dags/example_external_task_marker_dag.py
[2024-09-22T11:33:47.260+0000] {processor.py:840} INFO - DAG(s) 'example_external_task_marker_parent', 'example_external_task_marker_child' retrieved from /home/airflow/.local/lib/python3.12/site-packages/airflow/example_dags/example_external_task_marker_dag.py
[2024-09-22T11:33:47.332+0000] {logging_mixin.py:188} INFO - [2024-09-22T11:33:47.331+0000] {dag.py:3089} INFO - Sync 2 DAGs
[2024-09-22T11:33:47.372+0000] {logging_mixin.py:188} INFO - [2024-09-22T11:33:47.371+0000] {dag.py:3947} INFO - Setting next_dagrun for example_external_task_marker_child to None, run_after=None
[2024-09-22T11:33:47.381+0000] {logging_mixin.py:188} INFO - [2024-09-22T11:33:47.381+0000] {dag.py:3947} INFO - Setting next_dagrun for example_external_task_marker_parent to None, run_after=None
[2024-09-22T11:33:47.673+0000] {processor.py:183} INFO - Processing /home/airflow/.local/lib/python3.12/site-packages/airflow/example_dags/example_external_task_marker_dag.py took 0.556 seconds
[2024-09-22T11:34:20.823+0000] {processor.py:161} INFO - Started process (PID=1801) to work on /home/airflow/.local/lib/python3.12/site-packages/airflow/example_dags/example_external_task_marker_dag.py
[2024-09-22T11:34:20.913+0000] {processor.py:830} INFO - Processing file /home/airflow/.local/lib/python3.12/site-packages/airflow/example_dags/example_external_task_marker_dag.py for tasks to queue
[2024-09-22T11:34:20.916+0000] {logging_mixin.py:188} INFO - [2024-09-22T11:34:20.915+0000] {dagbag.py:545} INFO - Filling up the DagBag from /home/airflow/.local/lib/python3.12/site-packages/airflow/example_dags/example_external_task_marker_dag.py
[2024-09-22T11:34:20.944+0000] {processor.py:840} INFO - DAG(s) 'example_external_task_marker_parent', 'example_external_task_marker_child' retrieved from /home/airflow/.local/lib/python3.12/site-packages/airflow/example_dags/example_external_task_marker_dag.py
[2024-09-22T11:34:21.012+0000] {logging_mixin.py:188} INFO - [2024-09-22T11:34:21.011+0000] {dag.py:3089} INFO - Sync 2 DAGs
[2024-09-22T11:34:21.043+0000] {logging_mixin.py:188} INFO - [2024-09-22T11:34:21.043+0000] {dag.py:3947} INFO - Setting next_dagrun for example_external_task_marker_child to None, run_after=None
[2024-09-22T11:34:21.052+0000] {logging_mixin.py:188} INFO - [2024-09-22T11:34:21.051+0000] {dag.py:3947} INFO - Setting next_dagrun for example_external_task_marker_parent to None, run_after=None
[2024-09-22T11:34:21.402+0000] {processor.py:183} INFO - Processing /home/airflow/.local/lib/python3.12/site-packages/airflow/example_dags/example_external_task_marker_dag.py took 0.598 seconds
[2024-09-22T11:34:53.645+0000] {processor.py:161} INFO - Started process (PID=1865) to work on /home/airflow/.local/lib/python3.12/site-packages/airflow/example_dags/example_external_task_marker_dag.py
[2024-09-22T11:34:53.647+0000] {processor.py:830} INFO - Processing file /home/airflow/.local/lib/python3.12/site-packages/airflow/example_dags/example_external_task_marker_dag.py for tasks to queue
[2024-09-22T11:34:53.648+0000] {logging_mixin.py:188} INFO - [2024-09-22T11:34:53.648+0000] {dagbag.py:545} INFO - Filling up the DagBag from /home/airflow/.local/lib/python3.12/site-packages/airflow/example_dags/example_external_task_marker_dag.py
[2024-09-22T11:34:53.659+0000] {processor.py:840} INFO - DAG(s) 'example_external_task_marker_parent', 'example_external_task_marker_child' retrieved from /home/airflow/.local/lib/python3.12/site-packages/airflow/example_dags/example_external_task_marker_dag.py
[2024-09-22T11:34:53.708+0000] {logging_mixin.py:188} INFO - [2024-09-22T11:34:53.707+0000] {dag.py:3089} INFO - Sync 2 DAGs
[2024-09-22T11:34:53.735+0000] {logging_mixin.py:188} INFO - [2024-09-22T11:34:53.735+0000] {dag.py:3947} INFO - Setting next_dagrun for example_external_task_marker_child to None, run_after=None
[2024-09-22T11:34:53.743+0000] {logging_mixin.py:188} INFO - [2024-09-22T11:34:53.743+0000] {dag.py:3947} INFO - Setting next_dagrun for example_external_task_marker_parent to None, run_after=None
[2024-09-22T11:34:54.079+0000] {processor.py:183} INFO - Processing /home/airflow/.local/lib/python3.12/site-packages/airflow/example_dags/example_external_task_marker_dag.py took 0.446 seconds
[2024-09-22T11:35:25.576+0000] {processor.py:161} INFO - Started process (PID=1927) to work on /home/airflow/.local/lib/python3.12/site-packages/airflow/example_dags/example_external_task_marker_dag.py
[2024-09-22T11:35:25.843+0000] {processor.py:830} INFO - Processing file /home/airflow/.local/lib/python3.12/site-packages/airflow/example_dags/example_external_task_marker_dag.py for tasks to queue
[2024-09-22T11:35:25.845+0000] {logging_mixin.py:188} INFO - [2024-09-22T11:35:25.844+0000] {dagbag.py:545} INFO - Filling up the DagBag from /home/airflow/.local/lib/python3.12/site-packages/airflow/example_dags/example_external_task_marker_dag.py
[2024-09-22T11:35:25.857+0000] {processor.py:840} INFO - DAG(s) 'example_external_task_marker_parent', 'example_external_task_marker_child' retrieved from /home/airflow/.local/lib/python3.12/site-packages/airflow/example_dags/example_external_task_marker_dag.py
[2024-09-22T11:35:25.908+0000] {logging_mixin.py:188} INFO - [2024-09-22T11:35:25.908+0000] {dag.py:3089} INFO - Sync 2 DAGs
[2024-09-22T11:35:25.942+0000] {logging_mixin.py:188} INFO - [2024-09-22T11:35:25.942+0000] {dag.py:3947} INFO - Setting next_dagrun for example_external_task_marker_child to None, run_after=None
[2024-09-22T11:35:25.953+0000] {logging_mixin.py:188} INFO - [2024-09-22T11:35:25.953+0000] {dag.py:3947} INFO - Setting next_dagrun for example_external_task_marker_parent to None, run_after=None
[2024-09-22T11:35:26.506+0000] {processor.py:183} INFO - Processing /home/airflow/.local/lib/python3.12/site-packages/airflow/example_dags/example_external_task_marker_dag.py took 0.939 seconds
[2024-09-22T11:35:56.681+0000] {processor.py:161} INFO - Started process (PID=1993) to work on /home/airflow/.local/lib/python3.12/site-packages/airflow/example_dags/example_external_task_marker_dag.py
[2024-09-22T11:35:56.685+0000] {processor.py:830} INFO - Processing file /home/airflow/.local/lib/python3.12/site-packages/airflow/example_dags/example_external_task_marker_dag.py for tasks to queue
[2024-09-22T11:35:56.687+0000] {logging_mixin.py:188} INFO - [2024-09-22T11:35:56.686+0000] {dagbag.py:545} INFO - Filling up the DagBag from /home/airflow/.local/lib/python3.12/site-packages/airflow/example_dags/example_external_task_marker_dag.py
[2024-09-22T11:35:56.714+0000] {processor.py:840} INFO - DAG(s) 'example_external_task_marker_child', 'example_external_task_marker_parent' retrieved from /home/airflow/.local/lib/python3.12/site-packages/airflow/example_dags/example_external_task_marker_dag.py
[2024-09-22T11:35:56.768+0000] {logging_mixin.py:188} INFO - [2024-09-22T11:35:56.768+0000] {dag.py:3089} INFO - Sync 2 DAGs
[2024-09-22T11:35:56.795+0000] {logging_mixin.py:188} INFO - [2024-09-22T11:35:56.794+0000] {dag.py:3947} INFO - Setting next_dagrun for example_external_task_marker_child to None, run_after=None
[2024-09-22T11:35:56.803+0000] {logging_mixin.py:188} INFO - [2024-09-22T11:35:56.802+0000] {dag.py:3947} INFO - Setting next_dagrun for example_external_task_marker_parent to None, run_after=None
[2024-09-22T11:35:56.965+0000] {processor.py:183} INFO - Processing /home/airflow/.local/lib/python3.12/site-packages/airflow/example_dags/example_external_task_marker_dag.py took 0.321 seconds
[2024-09-22T11:41:21.692+0000] {processor.py:161} INFO - Started process (PID=2152) to work on /home/airflow/.local/lib/python3.12/site-packages/airflow/example_dags/example_external_task_marker_dag.py
[2024-09-22T11:41:22.012+0000] {processor.py:830} INFO - Processing file /home/airflow/.local/lib/python3.12/site-packages/airflow/example_dags/example_external_task_marker_dag.py for tasks to queue
[2024-09-22T11:41:22.013+0000] {logging_mixin.py:188} INFO - [2024-09-22T11:41:22.012+0000] {dagbag.py:545} INFO - Filling up the DagBag from /home/airflow/.local/lib/python3.12/site-packages/airflow/example_dags/example_external_task_marker_dag.py
[2024-09-22T11:41:22.021+0000] {processor.py:840} INFO - DAG(s) 'example_external_task_marker_parent', 'example_external_task_marker_child' retrieved from /home/airflow/.local/lib/python3.12/site-packages/airflow/example_dags/example_external_task_marker_dag.py
[2024-09-22T11:41:22.054+0000] {logging_mixin.py:188} INFO - [2024-09-22T11:41:22.054+0000] {dag.py:3089} INFO - Sync 2 DAGs
[2024-09-22T11:41:22.072+0000] {logging_mixin.py:188} INFO - [2024-09-22T11:41:22.071+0000] {dag.py:3947} INFO - Setting next_dagrun for example_external_task_marker_child to None, run_after=None
[2024-09-22T11:41:22.077+0000] {logging_mixin.py:188} INFO - [2024-09-22T11:41:22.077+0000] {dag.py:3947} INFO - Setting next_dagrun for example_external_task_marker_parent to None, run_after=None
[2024-09-22T11:41:22.337+0000] {processor.py:183} INFO - Processing /home/airflow/.local/lib/python3.12/site-packages/airflow/example_dags/example_external_task_marker_dag.py took 0.656 seconds
[2024-09-22T11:42:01.502+0000] {processor.py:161} INFO - Started process (PID=2226) to work on /home/airflow/.local/lib/python3.12/site-packages/airflow/example_dags/example_external_task_marker_dag.py
[2024-09-22T11:42:01.545+0000] {processor.py:830} INFO - Processing file /home/airflow/.local/lib/python3.12/site-packages/airflow/example_dags/example_external_task_marker_dag.py for tasks to queue
[2024-09-22T11:42:01.548+0000] {logging_mixin.py:188} INFO - [2024-09-22T11:42:01.547+0000] {dagbag.py:545} INFO - Filling up the DagBag from /home/airflow/.local/lib/python3.12/site-packages/airflow/example_dags/example_external_task_marker_dag.py
[2024-09-22T11:42:01.565+0000] {processor.py:840} INFO - DAG(s) 'example_external_task_marker_child', 'example_external_task_marker_parent' retrieved from /home/airflow/.local/lib/python3.12/site-packages/airflow/example_dags/example_external_task_marker_dag.py
[2024-09-22T11:42:01.621+0000] {logging_mixin.py:188} INFO - [2024-09-22T11:42:01.621+0000] {dag.py:3089} INFO - Sync 2 DAGs
[2024-09-22T11:42:01.655+0000] {logging_mixin.py:188} INFO - [2024-09-22T11:42:01.655+0000] {dag.py:3947} INFO - Setting next_dagrun for example_external_task_marker_child to None, run_after=None
[2024-09-22T11:42:01.675+0000] {logging_mixin.py:188} INFO - [2024-09-22T11:42:01.674+0000] {dag.py:3947} INFO - Setting next_dagrun for example_external_task_marker_parent to None, run_after=None
[2024-09-22T11:42:01.921+0000] {processor.py:183} INFO - Processing /home/airflow/.local/lib/python3.12/site-packages/airflow/example_dags/example_external_task_marker_dag.py took 0.434 seconds
[2024-09-22T11:42:33.510+0000] {processor.py:161} INFO - Started process (PID=2302) to work on /home/airflow/.local/lib/python3.12/site-packages/airflow/example_dags/example_external_task_marker_dag.py
[2024-09-22T11:42:33.696+0000] {processor.py:830} INFO - Processing file /home/airflow/.local/lib/python3.12/site-packages/airflow/example_dags/example_external_task_marker_dag.py for tasks to queue
[2024-09-22T11:42:33.698+0000] {logging_mixin.py:188} INFO - [2024-09-22T11:42:33.697+0000] {dagbag.py:545} INFO - Filling up the DagBag from /home/airflow/.local/lib/python3.12/site-packages/airflow/example_dags/example_external_task_marker_dag.py
[2024-09-22T11:42:33.746+0000] {processor.py:840} INFO - DAG(s) 'example_external_task_marker_child', 'example_external_task_marker_parent' retrieved from /home/airflow/.local/lib/python3.12/site-packages/airflow/example_dags/example_external_task_marker_dag.py
[2024-09-22T11:42:33.839+0000] {logging_mixin.py:188} INFO - [2024-09-22T11:42:33.838+0000] {dag.py:3089} INFO - Sync 2 DAGs
[2024-09-22T11:42:33.881+0000] {logging_mixin.py:188} INFO - [2024-09-22T11:42:33.881+0000] {dag.py:3947} INFO - Setting next_dagrun for example_external_task_marker_child to None, run_after=None
[2024-09-22T11:42:33.892+0000] {logging_mixin.py:188} INFO - [2024-09-22T11:42:33.891+0000] {dag.py:3947} INFO - Setting next_dagrun for example_external_task_marker_parent to None, run_after=None
[2024-09-22T11:42:34.226+0000] {processor.py:183} INFO - Processing /home/airflow/.local/lib/python3.12/site-packages/airflow/example_dags/example_external_task_marker_dag.py took 0.740 seconds
[2024-09-22T11:43:05.734+0000] {processor.py:161} INFO - Started process (PID=2387) to work on /home/airflow/.local/lib/python3.12/site-packages/airflow/example_dags/example_external_task_marker_dag.py
[2024-09-22T11:43:05.736+0000] {processor.py:830} INFO - Processing file /home/airflow/.local/lib/python3.12/site-packages/airflow/example_dags/example_external_task_marker_dag.py for tasks to queue
[2024-09-22T11:43:05.737+0000] {logging_mixin.py:188} INFO - [2024-09-22T11:43:05.736+0000] {dagbag.py:545} INFO - Filling up the DagBag from /home/airflow/.local/lib/python3.12/site-packages/airflow/example_dags/example_external_task_marker_dag.py
[2024-09-22T11:43:05.748+0000] {processor.py:840} INFO - DAG(s) 'example_external_task_marker_child', 'example_external_task_marker_parent' retrieved from /home/airflow/.local/lib/python3.12/site-packages/airflow/example_dags/example_external_task_marker_dag.py
[2024-09-22T11:43:05.783+0000] {logging_mixin.py:188} INFO - [2024-09-22T11:43:05.783+0000] {dag.py:3089} INFO - Sync 2 DAGs
[2024-09-22T11:43:05.802+0000] {logging_mixin.py:188} INFO - [2024-09-22T11:43:05.801+0000] {dag.py:3947} INFO - Setting next_dagrun for example_external_task_marker_child to None, run_after=None
[2024-09-22T11:43:05.808+0000] {logging_mixin.py:188} INFO - [2024-09-22T11:43:05.807+0000] {dag.py:3947} INFO - Setting next_dagrun for example_external_task_marker_parent to None, run_after=None
[2024-09-22T11:43:06.145+0000] {processor.py:183} INFO - Processing /home/airflow/.local/lib/python3.12/site-packages/airflow/example_dags/example_external_task_marker_dag.py took 0.421 seconds
[2024-09-22T11:43:37.111+0000] {processor.py:161} INFO - Started process (PID=2478) to work on /home/airflow/.local/lib/python3.12/site-packages/airflow/example_dags/example_external_task_marker_dag.py
[2024-09-22T11:43:37.112+0000] {processor.py:830} INFO - Processing file /home/airflow/.local/lib/python3.12/site-packages/airflow/example_dags/example_external_task_marker_dag.py for tasks to queue
[2024-09-22T11:43:37.117+0000] {logging_mixin.py:188} INFO - [2024-09-22T11:43:37.116+0000] {dagbag.py:545} INFO - Filling up the DagBag from /home/airflow/.local/lib/python3.12/site-packages/airflow/example_dags/example_external_task_marker_dag.py
[2024-09-22T11:43:37.139+0000] {processor.py:840} INFO - DAG(s) 'example_external_task_marker_parent', 'example_external_task_marker_child' retrieved from /home/airflow/.local/lib/python3.12/site-packages/airflow/example_dags/example_external_task_marker_dag.py
[2024-09-22T11:43:37.214+0000] {logging_mixin.py:188} INFO - [2024-09-22T11:43:37.214+0000] {dag.py:3089} INFO - Sync 2 DAGs
[2024-09-22T11:43:37.274+0000] {logging_mixin.py:188} INFO - [2024-09-22T11:43:37.273+0000] {dag.py:3947} INFO - Setting next_dagrun for example_external_task_marker_child to None, run_after=None
[2024-09-22T11:43:37.289+0000] {logging_mixin.py:188} INFO - [2024-09-22T11:43:37.288+0000] {dag.py:3947} INFO - Setting next_dagrun for example_external_task_marker_parent to None, run_after=None
[2024-09-22T11:43:37.523+0000] {processor.py:183} INFO - Processing /home/airflow/.local/lib/python3.12/site-packages/airflow/example_dags/example_external_task_marker_dag.py took 0.433 seconds
                                                                                                                                                                                                                                                                                                                                                                                                                                                             