[2024-09-22T11:13:27.113+0000] {processor.py:161} INFO - Started process (PID=64) to work on /home/airflow/.local/lib/python3.12/site-packages/airflow/example_dags/example_subdag_operator.py
[2024-09-22T11:13:27.114+0000] {processor.py:830} INFO - Processing file /home/airflow/.local/lib/python3.12/site-packages/airflow/example_dags/example_subdag_operator.py for tasks to queue
[2024-09-22T11:13:27.126+0000] {logging_mixin.py:188} INFO - [2024-09-22T11:13:27.125+0000] {dagbag.py:545} INFO - Filling up the DagBag from /home/airflow/.local/lib/python3.12/site-packages/airflow/example_dags/example_subdag_operator.py
[2024-09-22T11:13:27.189+0000] {processor.py:840} INFO - DAG(s) 'example_subdag_operator.section-1', 'example_subdag_operator.section-2', 'example_subdag_operator' retrieved from /home/airflow/.local/lib/python3.12/site-packages/airflow/example_dags/example_subdag_operator.py
[2024-09-22T11:13:27.337+0000] {logging_mixin.py:188} INFO - [2024-09-22T11:13:27.336+0000] {dag.py:3089} INFO - Sync 3 DAGs
[2024-09-22T11:13:27.424+0000] {logging_mixin.py:188} INFO - [2024-09-22T11:13:27.424+0000] {dag.py:3947} INFO - Setting next_dagrun for example_subdag_operator to None, run_after=None
[2024-09-22T11:13:27.434+0000] {logging_mixin.py:188} INFO - [2024-09-22T11:13:27.434+0000] {dag.py:3947} INFO - Setting next_dagrun for example_subdag_operator.section-1 to None, run_after=None
[2024-09-22T11:13:27.437+0000] {logging_mixin.py:188} INFO - [2024-09-22T11:13:27.437+0000] {dag.py:3947} INFO - Setting next_dagrun for example_subdag_operator.section-2 to None, run_after=None
[2024-09-22T11:13:27.452+0000] {logging_mixin.py:188} INFO - [2024-09-22T11:13:27.451+0000] {dag.py:3089} INFO - Sync 2 DAGs
[2024-09-22T11:13:27.463+0000] {logging_mixin.py:188} INFO - [2024-09-22T11:13:27.463+0000] {dag.py:3947} INFO - Setting next_dagrun for example_subdag_operator.section-1 to None, run_after=None
[2024-09-22T11:13:27.464+0000] {logging_mixin.py:188} INFO - [2024-09-22T11:13:27.464+0000] {dag.py:3947} INFO - Setting next_dagrun for example_subdag_operator.section-2 to None, run_after=None
[2024-09-22T11:13:27.550+0000] {processor.py:183} INFO - Processing /home/airflow/.local/lib/python3.12/site-packages/airflow/example_dags/example_subdag_operator.py took 0.455 seconds
[2024-09-22T11:15:14.209+0000] {processor.py:161} INFO - Started process (PID=60) to work on /home/airflow/.local/lib/python3.12/site-packages/airflow/example_dags/example_subdag_operator.py
[2024-09-22T11:15:14.335+0000] {processor.py:830} INFO - Processing file /home/airflow/.local/lib/python3.12/site-packages/airflow/example_dags/example_subdag_operator.py for tasks to queue
[2024-09-22T11:15:14.339+0000] {logging_mixin.py:188} INFO - [2024-09-22T11:15:14.338+0000] {dagbag.py:545} INFO - Filling up the DagBag from /home/airflow/.local/lib/python3.12/site-packages/airflow/example_dags/example_subdag_operator.py
[2024-09-22T11:15:14.387+0000] {processor.py:840} INFO - DAG(s) 'example_subdag_operator.section-1', 'example_subdag_operator.section-2', 'example_subdag_operator' retrieved from /home/airflow/.local/lib/python3.12/site-packages/airflow/example_dags/example_subdag_operator.py
[2024-09-22T11:15:14.425+0000] {logging_mixin.py:188} INFO - [2024-09-22T11:15:14.425+0000] {dag.py:3089} INFO - Sync 3 DAGs
[2024-09-22T11:15:14.461+0000] {logging_mixin.py:188} INFO - [2024-09-22T11:15:14.461+0000] {dag.py:3947} INFO - Setting next_dagrun for example_subdag_operator to None, run_after=None
[2024-09-22T11:15:14.466+0000] {logging_mixin.py:188} INFO - [2024-09-22T11:15:14.466+0000] {dag.py:3947} INFO - Setting next_dagrun for example_subdag_operator.section-1 to None, run_after=None
[2024-09-22T11:15:14.469+0000] {logging_mixin.py:188} INFO - [2024-09-22T11:15:14.469+0000] {dag.py:3947} INFO - Setting next_dagrun for example_subdag_operator.section-2 to None, run_after=None
[2024-09-22T11:15:14.479+0000] {logging_mixin.py:188} INFO - [2024-09-22T11:15:14.479+0000] {dag.py:3089} INFO - Sync 2 DAGs
[2024-09-22T11:15:14.488+0000] {logging_mixin.py:188} INFO - [2024-09-22T11:15:14.488+0000] {dag.py:3947} INFO - Setting next_dagrun for example_subdag_operator.section-1 to None, run_after=None
[2024-09-22T11:15:14.489+0000] {logging_mixin.py:188} INFO - [2024-09-22T11:15:14.488+0000] {dag.py:3947} INFO - Setting next_dagrun for example_subdag_operator.section-2 to None, run_after=None
[2024-09-22T11:15:14.571+0000] {processor.py:183} INFO - Processing /home/airflow/.local/lib/python3.12/site-packages/airflow/example_dags/example_subdag_operator.py took 0.371 seconds
[2024-09-22T11:15:50.722+0000] {processor.py:161} INFO - Started process (PID=124) to work on /home/airflow/.local/lib/python3.12/site-packages/airflow/example_dags/example_subdag_operator.py
[2024-09-22T11:15:50.745+0000] {processor.py:830} INFO - Processing file /home/airflow/.local/lib/python3.12/site-packages/airflow/example_dags/example_subdag_operator.py for tasks to queue
[2024-09-22T11:15:50.752+0000] {logging_mixin.py:188} INFO - [2024-09-22T11:15:50.752+0000] {dagbag.py:545} INFO - Filling up the DagBag from /home/airflow/.local/lib/python3.12/site-packages/airflow/example_dags/example_subdag_operator.py
[2024-09-22T11:15:50.842+0000] {processor.py:840} INFO - DAG(s) 'example_subdag_operator.section-1', 'example_subdag_operator.section-2', 'example_subdag_operator' retrieved from /home/airflow/.local/lib/python3.12/site-packages/airflow/example_dags/example_subdag_operator.py
[2024-09-22T11:15:50.869+0000] {logging_mixin.py:188} INFO - [2024-09-22T11:15:50.868+0000] {dag.py:3089} INFO - Sync 3 DAGs
[2024-09-22T11:15:50.909+0000] {logging_mixin.py:188} INFO - [2024-09-22T11:15:50.909+0000] {dag.py:3947} INFO - Setting next_dagrun for example_subdag_operator to None, run_after=None
[2024-09-22T11:15:50.917+0000] {logging_mixin.py:188} INFO - [2024-09-22T11:15:50.917+0000] {dag.py:3947} INFO - Setting next_dagrun for example_subdag_operator.section-1 to None, run_after=None
[2024-09-22T11:15:50.920+0000] {logging_mixin.py:188} INFO - [2024-09-22T11:15:50.919+0000] {dag.py:3947} INFO - Setting next_dagrun for example_subdag_operator.section-2 to None, run_after=None
[2024-09-22T11:15:50.933+0000] {logging_mixin.py:188} INFO - [2024-09-22T11:15:50.932+0000] {dag.py:3089} INFO - Sync 2 DAGs
[2024-09-22T11:15:50.943+0000] {logging_mixin.py:188} INFO - [2024-09-22T11:15:50.943+0000] {dag.py:3947} INFO - Setting next_dagrun for example_subdag_operator.section-1 to None, run_after=None
[2024-09-22T11:15:50.944+0000] {logging_mixin.py:188} INFO - [2024-09-22T11:15:50.943+0000] {dag.py:3947} INFO - Setting next_dagrun for example_subdag_operator.section-2 to None, run_after=None
[2024-09-22T11:15:51.041+0000] {processor.py:183} INFO - Processing /home/airflow/.local/lib/python3.12/site-packages/airflow/example_dags/example_subdag_operator.py took 0.348 seconds
[2024-09-22T11:16:29.412+0000] {processor.py:161} INFO - Started process (PID=181) to work on /home/airflow/.local/lib/python3.12/site-packages/airflow/example_dags/example_subdag_operator.py
[2024-09-22T11:16:29.425+0000] {processor.py:830} INFO - Processing file /home/airflow/.local/lib/python3.12/site-packages/airflow/example_dags/example_subdag_operator.py for tasks to queue
[2024-09-22T11:16:29.451+0000] {logging_mixin.py:188} INFO - [2024-09-22T11:16:29.447+0000] {dagbag.py:545} INFO - Filling up the DagBag from /home/airflow/.local/lib/python3.12/site-packages/airflow/example_dags/example_subdag_operator.py
[2024-09-22T11:16:29.577+0000] {processor.py:840} INFO - DAG(s) 'example_subdag_operator.section-1', 'example_subdag_operator.section-2', 'example_subdag_operator' retrieved from /home/airflow/.local/lib/python3.12/site-packages/airflow/example_dags/example_subdag_operator.py
[2024-09-22T11:16:29.620+0000] {logging_mixin.py:188} INFO - [2024-09-22T11:16:29.620+0000] {dag.py:3089} INFO - Sync 3 DAGs
[2024-09-22T11:16:29.660+0000] {logging_mixin.py:188} INFO - [2024-09-22T11:16:29.659+0000] {dag.py:3947} INFO - Setting next_dagrun for example_subdag_operator to None, run_after=None
[2024-09-22T11:16:29.667+0000] {logging_mixin.py:188} INFO - [2024-09-22T11:16:29.667+0000] {dag.py:3947} INFO - Setting next_dagrun for example_subdag_operator.section-1 to None, run_after=None
[2024-09-22T11:16:29.670+0000] {logging_mixin.py:188} INFO - [2024-09-22T11:16:29.670+0000] {dag.py:3947} INFO - Setting next_dagrun for example_subdag_operator.section-2 to None, run_after=None
[2024-09-22T11:16:29.682+0000] {logging_mixin.py:188} INFO - [2024-09-22T11:16:29.681+0000] {dag.py:3089} INFO - Sync 2 DAGs
[2024-09-22T11:16:29.692+0000] {logging_mixin.py:188} INFO - [2024-09-22T11:16:29.692+0000] {dag.py:3947} INFO - Setting next_dagrun for example_subdag_operator.section-1 to None, run_after=None
[2024-09-22T11:16:29.692+0000] {logging_mixin.py:188} INFO - [2024-09-22T11:16:29.692+0000] {dag.py:3947} INFO - Setting next_dagrun for example_subdag_operator.section-2 to None, run_after=None
[2024-09-22T11:16:30.238+0000] {processor.py:183} INFO - Processing /home/airflow/.local/lib/python3.12/site-packages/airflow/example_dags/example_subdag_operator.py took 0.867 seconds
[2024-09-22T11:17:18.897+0000] {processor.py:161} INFO - Started process (PID=261) to work on /home/airflow/.local/lib/python3.12/site-packages/airflow/example_dags/example_subdag_operator.py
[2024-09-22T11:17:19.009+0000] {processor.py:830} INFO - Processing file /home/airflow/.local/lib/python3.12/site-packages/airflow/example_dags/example_subdag_operator.py for tasks to queue
[2024-09-22T11:17:19.010+0000] {logging_mixin.py:188} INFO - [2024-09-22T11:17:19.009+0000] {dagbag.py:545} INFO - Filling up the DagBag from /home/airflow/.local/lib/python3.12/site-packages/airflow/example_dags/example_subdag_operator.py
[2024-09-22T11:17:19.121+0000] {processor.py:840} INFO - DAG(s) 'example_subdag_operator.section-1', 'example_subdag_operator.section-2', 'example_subdag_operator' retrieved from /home/airflow/.local/lib/python3.12/site-packages/airflow/example_dags/example_subdag_operator.py
[2024-09-22T11:17:19.177+0000] {logging_mixin.py:188} INFO - [2024-09-22T11:17:19.177+0000] {dag.py:3089} INFO - Sync 3 DAGs
[2024-09-22T11:17:19.249+0000] {logging_mixin.py:188} INFO - [2024-09-22T11:17:19.248+0000] {dag.py:3947} INFO - Setting next_dagrun for example_subdag_operator to None, run_after=None
[2024-09-22T11:17:19.263+0000] {logging_mixin.py:188} INFO - [2024-09-22T11:17:19.262+0000] {dag.py:3947} INFO - Setting next_dagrun for example_subdag_operator.section-1 to None, run_after=None
[2024-09-22T11:17:19.267+0000] {logging_mixin.py:188} INFO - [2024-09-22T11:17:19.266+0000] {dag.py:3947} INFO - Setting next_dagrun for example_subdag_operator.section-2 to None, run_after=None
[2024-09-22T11:17:19.280+0000] {logging_mixin.py:188} INFO - [2024-09-22T11:17:19.279+0000] {dag.py:3089} INFO - Sync 2 DAGs
[2024-09-22T11:17:19.291+0000] {logging_mixin.py:188} INFO - [2024-09-22T11:17:19.290+0000] {dag.py:3947} INFO - Setting next_dagrun for example_subdag_operator.section-1 to None, run_after=None
[2024-09-22T11:17:19.297+0000] {logging_mixin.py:188} INFO - [2024-09-22T11:17:19.294+0000] {dag.py:3947} INFO - Setting next_dagrun for example_subdag_operator.section-2 to None, run_after=None
[2024-09-22T11:17:19.590+0000] {processor.py:183} INFO - Processing /home/airflow/.local/lib/python3.12/site-packages/airflow/example_dags/example_subdag_operator.py took 0.709 seconds
[2024-09-22T11:17:52.102+0000] {processor.py:161} INFO - Started process (PID=338) to work on /home/airflow/.local/lib/python3.12/site-packages/airflow/example_dags/example_subdag_operator.py
[2024-09-22T11:17:52.249+0000] {processor.py:830} INFO - Processing file /home/airflow/.local/lib/python3.12/site-packages/airflow/example_dags/example_subdag_operator.py for tasks to queue
[2024-09-22T11:17:52.254+0000] {logging_mixin.py:188} INFO - [2024-09-22T11:17:52.251+0000] {dagbag.py:545} INFO - Filling up the DagBag from /home/airflow/.local/lib/python3.12/site-packages/airflow/example_dags/example_subdag_operator.py
[2024-09-22T11:17:52.363+0000] {processor.py:840} INFO - DAG(s) 'example_subdag_operator.section-1', 'example_subdag_operator.section-2', 'example_subdag_operator' retrieved from /home/airflow/.local/lib/python3.12/site-packages/airflow/example_dags/example_subdag_operator.py
[2024-09-22T11:17:52.417+0000] {logging_mixin.py:188} INFO - [2024-09-22T11:17:52.416+0000] {dag.py:3089} INFO - Sync 3 DAGs
[2024-09-22T11:17:52.484+0000] {logging_mixin.py:188} INFO - [2024-09-22T11:17:52.483+0000] {dag.py:3947} INFO - Setting next_dagrun for example_subdag_operator to None, run_after=None
[2024-09-22T11:17:52.495+0000] {logging_mixin.py:188} INFO - [2024-09-22T11:17:52.495+0000] {dag.py:3947} INFO - Setting next_dagrun for example_subdag_operator.section-1 to None, run_after=None
[2024-09-22T11:17:52.499+0000] {logging_mixin.py:188} INFO - [2024-09-22T11:17:52.499+0000] {dag.py:3947} INFO - Setting next_dagrun for example_subdag_operator.section-2 to None, run_after=None
[2024-09-22T11:17:52.527+0000] {logging_mixin.py:188} INFO - [2024-09-22T11:17:52.527+0000] {dag.py:3089} INFO - Sync 2 DAGs
[2024-09-22T11:17:52.543+0000] {logging_mixin.py:188} INFO - [2024-09-22T11:17:52.542+0000] {dag.py:3947} INFO - Setting next_dagrun for example_subdag_operator.section-1 to None, run_after=None
[2024-09-22T11:17:52.544+0000] {logging_mixin.py:188} INFO - [2024-09-22T11:17:52.544+0000] {dag.py:3947} INFO - Setting next_dagrun for example_subdag_operator.section-2 to None, run_after=None
[2024-09-22T11:17:52.858+0000] {processor.py:183} INFO - Processing /home/airflow/.local/lib/python3.12/site-packages/airflow/example_dags/example_subdag_operator.py took 0.772 seconds
[2024-09-22T11:18:39.002+0000] {processor.py:161} INFO - Started process (PID=438) to work on /home/airflow/.local/lib/python3.12/site-packages/airflow/example_dags/example_subdag_operator.py
[2024-09-22T11:18:39.362+0000] {processor.py:830} INFO - Processing file /home/airflow/.local/lib/python3.12/site-packages/airflow/example_dags/example_subdag_operator.py for tasks to queue
[2024-09-22T11:18:39.366+0000] {logging_mixin.py:188} INFO - [2024-09-22T11:18:39.363+0000] {dagbag.py:545} INFO - Filling up the DagBag from /home/airflow/.local/lib/python3.12/site-packages/airflow/example_dags/example_subdag_operator.py
[2024-09-22T11:18:39.524+0000] {processor.py:840} INFO - DAG(s) 'example_subdag_operator.section-1', 'example_subdag_operator.section-2', 'example_subdag_operator' retrieved from /home/airflow/.local/lib/python3.12/site-packages/airflow/example_dags/example_subdag_operator.py
[2024-09-22T11:18:39.610+0000] {logging_mixin.py:188} INFO - [2024-09-22T11:18:39.610+0000] {dag.py:3089} INFO - Sync 3 DAGs
[2024-09-22T11:18:39.706+0000] {logging_mixin.py:188} INFO - [2024-09-22T11:18:39.705+0000] {dag.py:3947} INFO - Setting next_dagrun for example_subdag_operator to None, run_after=None
[2024-09-22T11:18:39.722+0000] {logging_mixin.py:188} INFO - [2024-09-22T11:18:39.721+0000] {dag.py:3947} INFO - Setting next_dagrun for example_subdag_operator.section-1 to None, run_after=None
[2024-09-22T11:18:39.727+0000] {logging_mixin.py:188} INFO - [2024-09-22T11:18:39.726+0000] {dag.py:3947} INFO - Setting next_dagrun for example_subdag_operator.section-2 to None, run_after=None
[2024-09-22T11:18:39.768+0000] {logging_mixin.py:188} INFO - [2024-09-22T11:18:39.768+0000] {dag.py:3089} INFO - Sync 2 DAGs
[2024-09-22T11:18:39.883+0000] {logging_mixin.py:188} INFO - [2024-09-22T11:18:39.883+0000] {dag.py:3947} INFO - Setting next_dagrun for example_subdag_operator.section-1 to None, run_after=None
[2024-09-22T11:18:39.891+0000] {logging_mixin.py:188} INFO - [2024-09-22T11:18:39.884+0000] {dag.py:3947} INFO - Setting next_dagrun for example_subdag_operator.section-2 to None, run_after=None
[2024-09-22T11:18:40.601+0000] {processor.py:183} INFO - Processing /home/airflow/.local/lib/python3.12/site-packages/airflow/example_dags/example_subdag_operator.py took 1.652 seconds
[2024-09-22T11:19:19.145+0000] {processor.py:161} INFO - Started process (PID=513) to work on /home/airflow/.local/lib/python3.12/site-packages/airflow/example_dags/example_subdag_operator.py
[2024-09-22T11:19:19.215+0000] {processor.py:830} INFO - Processing file /home/airflow/.local/lib/python3.12/site-packages/airflow/example_dags/example_subdag_operator.py for tasks to queue
[2024-09-22T11:19:19.220+0000] {logging_mixin.py:188} INFO - [2024-09-22T11:19:19.219+0000] {dagbag.py:545} INFO - Filling up the DagBag from /home/airflow/.local/lib/python3.12/site-packages/airflow/example_dags/example_subdag_operator.py
[2024-09-22T11:19:19.289+0000] {processor.py:840} INFO - DAG(s) 'example_subdag_operator.section-1', 'example_subdag_operator.section-2', 'example_subdag_operator' retrieved from /home/airflow/.local/lib/python3.12/site-packages/airflow/example_dags/example_subdag_operator.py
[2024-09-22T11:19:19.335+0000] {logging_mixin.py:188} INFO - [2024-09-22T11:19:19.335+0000] {dag.py:3089} INFO - Sync 3 DAGs
[2024-09-22T11:19:19.384+0000] {logging_mixin.py:188} INFO - [2024-09-22T11:19:19.384+0000] {dag.py:3947} INFO - Setting next_dagrun for example_subdag_operator to None, run_after=None
[2024-09-22T11:19:19.392+0000] {logging_mixin.py:188} INFO - [2024-09-22T11:19:19.392+0000] {dag.py:3947} INFO - Setting next_dagrun for example_subdag_operator.section-1 to None, run_after=None
[2024-09-22T11:19:19.396+0000] {logging_mixin.py:188} INFO - [2024-09-22T11:19:19.396+0000] {dag.py:3947} INFO - Setting next_dagrun for example_subdag_operator.section-2 to None, run_after=None
[2024-09-22T11:19:19.411+0000] {logging_mixin.py:188} INFO - [2024-09-22T11:19:19.411+0000] {dag.py:3089} INFO - Sync 2 DAGs
[2024-09-22T11:19:19.423+0000] {logging_mixin.py:188} INFO - [2024-09-22T11:19:19.423+0000] {dag.py:3947} INFO - Setting next_dagrun for example_subdag_operator.section-1 to None, run_after=None
[2024-09-22T11:19:19.424+0000] {logging_mixin.py:188} INFO - [2024-09-22T11:19:19.424+0000] {dag.py:3947} INFO - Setting next_dagrun for example_subdag_operator.section-2 to None, run_after=None
[2024-09-22T11:19:19.632+0000] {processor.py:183} INFO - Processing /home/airflow/.local/lib/python3.12/site-packages/airflow/example_dags/example_subdag_operator.py took 0.515 seconds
[2024-09-22T11:19:50.083+0000] {processor.py:161} INFO - Started process (PID=581) to work on /home/airflow/.local/lib/python3.12/site-packages/airflow/example_dags/example_subdag_operator.py
[2024-09-22T11:19:50.120+0000] {processor.py:830} INFO - Processing file /home/airflow/.local/lib/python3.12/site-packages/airflow/example_dags/example_subdag_operator.py for tasks to queue
[2024-09-22T11:19:50.121+0000] {logging_mixin.py:188} INFO - [2024-09-22T11:19:50.121+0000] {dagbag.py:545} INFO - Filling up the DagBag from /home/airflow/.local/lib/python3.12/site-packages/airflow/example_dags/example_subdag_operator.py
[2024-09-22T11:19:50.181+0000] {processor.py:840} INFO - DAG(s) 'example_subdag_operator.section-1', 'example_subdag_operator.section-2', 'example_subdag_operator' retrieved from /home/airflow/.local/lib/python3.12/site-packages/airflow/example_dags/example_subdag_operator.py
[2024-09-22T11:19:50.245+0000] {logging_mixin.py:188} INFO - [2024-09-22T11:19:50.243+0000] {dag.py:3089} INFO - Sync 3 DAGs
[2024-09-22T11:19:50.336+0000] {logging_mixin.py:188} INFO - [2024-09-22T11:19:50.335+0000] {dag.py:3947} INFO - Setting next_dagrun for example_subdag_operator to None, run_after=None
[2024-09-22T11:19:50.358+0000] {logging_mixin.py:188} INFO - [2024-09-22T11:19:50.357+0000] {dag.py:3947} INFO - Setting next_dagrun for example_subdag_operator.section-1 to None, run_after=None
[2024-09-22T11:19:50.369+0000] {logging_mixin.py:188} INFO - [2024-09-22T11:19:50.369+0000] {dag.py:3947} INFO - Setting next_dagrun for example_subdag_operator.section-2 to None, run_after=None
[2024-09-22T11:19:50.395+0000] {logging_mixin.py:188} INFO - [2024-09-22T11:19:50.394+0000] {dag.py:3089} INFO - Sync 2 DAGs
[2024-09-22T11:19:50.415+0000] {logging_mixin.py:188} INFO - [2024-09-22T11:19:50.415+0000] {dag.py:3947} INFO - Setting next_dagrun for example_subdag_operator.section-1 to None, run_after=None
[2024-09-22T11:19:50.416+0000] {logging_mixin.py:188} INFO - [2024-09-22T11:19:50.416+0000] {dag.py:3947} INFO - Setting next_dagrun for example_subdag_operator.section-2 to None, run_after=None
[2024-09-22T11:19:50.674+0000] {processor.py:183} INFO - Processing /home/airflow/.local/lib/python3.12/site-packages/airflow/example_dags/example_subdag_operator.py took 0.602 seconds
[2024-09-22T11:20:36.254+0000] {processor.py:161} INFO - Started process (PID=661) to work on /home/airflow/.local/lib/python3.12/site-packages/airflow/example_dags/example_subdag_operator.py
[2024-09-22T11:20:36.436+0000] {processor.py:830} INFO - Processing file /home/airflow/.local/lib/python3.12/site-packages/airflow/example_dags/example_subdag_operator.py for tasks to queue
[2024-09-22T11:20:36.437+0000] {logging_mixin.py:188} INFO - [2024-09-22T11:20:36.437+0000] {dagbag.py:545} INFO - Filling up the DagBag from /home/airflow/.local/lib/python3.12/site-packages/airflow/example_dags/example_subdag_operator.py
[2024-09-22T11:20:36.536+0000] {processor.py:840} INFO - DAG(s) 'example_subdag_operator.section-1', 'example_subdag_operator.section-2', 'example_subdag_operator' retrieved from /home/airflow/.local/lib/python3.12/site-packages/airflow/example_dags/example_subdag_operator.py
[2024-09-22T11:20:36.602+0000] {logging_mixin.py:188} INFO - [2024-09-22T11:20:36.602+0000] {dag.py:3089} INFO - Sync 3 DAGs
[2024-09-22T11:20:36.671+0000] {logging_mixin.py:188} INFO - [2024-09-22T11:20:36.671+0000] {dag.py:3947} INFO - Setting next_dagrun for example_subdag_operator to None, run_after=None
[2024-09-22T11:20:36.686+0000] {logging_mixin.py:188} INFO - [2024-09-22T11:20:36.686+0000] {dag.py:3947} INFO - Setting next_dagrun for example_subdag_operator.section-1 to None, run_after=None
[2024-09-22T11:20:36.691+0000] {logging_mixin.py:188} INFO - [2024-09-22T11:20:36.691+0000] {dag.py:3947} INFO - Setting next_dagrun for example_subdag_operator.section-2 to None, run_after=None
[2024-09-22T11:20:36.711+0000] {logging_mixin.py:188} INFO - [2024-09-22T11:20:36.711+0000] {dag.py:3089} INFO - Sync 2 DAGs
[2024-09-22T11:20:36.727+0000] {logging_mixin.py:188} INFO - [2024-09-22T11:20:36.727+0000] {dag.py:3947} INFO - Setting next_dagrun for example_subdag_operator.section-1 to None, run_after=None
[2024-09-22T11:20:36.728+0000] {logging_mixin.py:188} INFO - [2024-09-22T11:20:36.728+0000] {dag.py:3947} INFO - Setting next_dagrun for example_subdag_operator.section-2 to None, run_after=None
[2024-09-22T11:20:36.978+0000] {processor.py:183} INFO - Processing /home/airflow/.local/lib/python3.12/site-packages/airflow/example_dags/example_subdag_operator.py took 0.744 seconds
[2024-09-22T11:21:10.428+0000] {processor.py:161} INFO - Started process (PID=731) to work on /home/airflow/.local/lib/python3.12/site-packages/airflow/example_dags/example_subdag_operator.py
[2024-09-22T11:21:10.722+0000] {processor.py:830} INFO - Processing file /home/airflow/.local/lib/python3.12/site-packages/airflow/example_dags/example_subdag_operator.py for tasks to queue
[2024-09-22T11:21:10.724+0000] {logging_mixin.py:188} INFO - [2024-09-22T11:21:10.723+0000] {dagbag.py:545} INFO - Filling up the DagBag from /home/airflow/.local/lib/python3.12/site-packages/airflow/example_dags/example_subdag_operator.py
[2024-09-22T11:21:10.801+0000] {processor.py:840} INFO - DAG(s) 'example_subdag_operator.section-1', 'example_subdag_operator.section-2', 'example_subdag_operator' retrieved from /home/airflow/.local/lib/python3.12/site-packages/airflow/example_dags/example_subdag_operator.py
[2024-09-22T11:21:10.869+0000] {logging_mixin.py:188} INFO - [2024-09-22T11:21:10.868+0000] {dag.py:3089} INFO - Sync 3 DAGs
[2024-09-22T11:21:10.961+0000] {logging_mixin.py:188} INFO - [2024-09-22T11:21:10.960+0000] {dag.py:3947} INFO - Setting next_dagrun for example_subdag_operator to None, run_after=None
[2024-09-22T11:21:10.980+0000] {logging_mixin.py:188} INFO - [2024-09-22T11:21:10.978+0000] {dag.py:3947} INFO - Setting next_dagrun for example_subdag_operator.section-1 to None, run_after=None
[2024-09-22T11:21:10.985+0000] {logging_mixin.py:188} INFO - [2024-09-22T11:21:10.985+0000] {dag.py:3947} INFO - Setting next_dagrun for example_subdag_operator.section-2 to None, run_after=None
[2024-09-22T11:21:11.007+0000] {logging_mixin.py:188} INFO - [2024-09-22T11:21:11.006+0000] {dag.py:3089} INFO - Sync 2 DAGs
[2024-09-22T11:21:11.024+0000] {logging_mixin.py:188} INFO - [2024-09-22T11:21:11.024+0000] {dag.py:3947} INFO - Setting next_dagrun for example_subdag_operator.section-1 to None, run_after=None
[2024-09-22T11:21:11.027+0000] {logging_mixin.py:188} INFO - [2024-09-22T11:21:11.025+0000] {dag.py:3947} INFO - Setting next_dagrun for example_subdag_operator.section-2 to None, run_after=None
[2024-09-22T11:21:11.380+0000] {processor.py:183} INFO - Processing /home/airflow/.local/lib/python3.12/site-packages/airflow/example_dags/example_subdag_operator.py took 0.970 seconds
[2024-09-22T11:22:32.614+0000] {processor.py:161} INFO - Started process (PID=832) to work on /home/airflow/.local/lib/python3.12/site-packages/airflow/example_dags/example_subdag_operator.py
[2024-09-22T11:22:32.849+0000] {processor.py:830} INFO - Processing file /home/airflow/.local/lib/python3.12/site-packages/airflow/example_dags/example_subdag_operator.py for tasks to queue
[2024-09-22T11:22:32.850+0000] {logging_mixin.py:188} INFO - [2024-09-22T11:22:32.850+0000] {dagbag.py:545} INFO - Filling up the DagBag from /home/airflow/.local/lib/python3.12/site-packages/airflow/example_dags/example_subdag_operator.py
[2024-09-22T11:22:32.888+0000] {processor.py:840} INFO - DAG(s) 'example_subdag_operator.section-1', 'example_subdag_operator.section-2', 'example_subdag_operator' retrieved from /home/airflow/.local/lib/python3.12/site-packages/airflow/example_dags/example_subdag_operator.py
[2024-09-22T11:22:32.921+0000] {logging_mixin.py:188} INFO - [2024-09-22T11:22:32.920+0000] {dag.py:3089} INFO - Sync 3 DAGs
[2024-09-22T11:22:32.965+0000] {logging_mixin.py:188} INFO - [2024-09-22T11:22:32.965+0000] {dag.py:3947} INFO - Setting next_dagrun for example_subdag_operator to None, run_after=None
[2024-09-22T11:22:32.971+0000] {logging_mixin.py:188} INFO - [2024-09-22T11:22:32.971+0000] {dag.py:3947} INFO - Setting next_dagrun for example_subdag_operator.section-1 to None, run_after=None
[2024-09-22T11:22:32.973+0000] {logging_mixin.py:188} INFO - [2024-09-22T11:22:32.973+0000] {dag.py:3947} INFO - Setting next_dagrun for example_subdag_operator.section-2 to None, run_after=None
[2024-09-22T11:22:32.984+0000] {logging_mixin.py:188} INFO - [2024-09-22T11:22:32.983+0000] {dag.py:3089} INFO - Sync 2 DAGs
[2024-09-22T11:22:32.992+0000] {logging_mixin.py:188} INFO - [2024-09-22T11:22:32.992+0000] {dag.py:3947} INFO - Setting next_dagrun for example_subdag_operator.section-1 to None, run_after=None
[2024-09-22T11:22:32.993+0000] {logging_mixin.py:188} INFO - [2024-09-22T11:22:32.993+0000] {dag.py:3947} INFO - Setting next_dagrun for example_subdag_operator.section-2 to None, run_after=None
[2024-09-22T11:22:33.185+0000] {processor.py:183} INFO - Processing /home/airflow/.local/lib/python3.12/site-packages/airflow/example_dags/example_subdag_operator.py took 0.583 seconds
[2024-09-22T11:23:13.313+0000] {processor.py:161} INFO - Started process (PID=889) to work on /home/airflow/.local/lib/python3.12/site-packages/airflow/example_dags/example_subdag_operator.py
[2024-09-22T11:23:13.412+0000] {processor.py:830} INFO - Processing file /home/airflow/.local/lib/python3.12/site-packages/airflow/example_dags/example_subdag_operator.py for tasks to queue
[2024-09-22T11:23:13.418+0000] {logging_mixin.py:188} INFO - [2024-09-22T11:23:13.417+0000] {dagbag.py:545} INFO - Filling up the DagBag from /home/airflow/.local/lib/python3.12/site-packages/airflow/example_dags/example_subdag_operator.py
[2024-09-22T11:23:13.526+0000] {processor.py:840} INFO - DAG(s) 'example_subdag_operator.section-1', 'example_subdag_operator.section-2', 'example_subdag_operator' retrieved from /home/airflow/.local/lib/python3.12/site-packages/airflow/example_dags/example_subdag_operator.py
[2024-09-22T11:23:13.576+0000] {logging_mixin.py:188} INFO - [2024-09-22T11:23:13.575+0000] {dag.py:3089} INFO - Sync 3 DAGs
[2024-09-22T11:23:13.614+0000] {logging_mixin.py:188} INFO - [2024-09-22T11:23:13.614+0000] {dag.py:3947} INFO - Setting next_dagrun for example_subdag_operator to None, run_after=None
[2024-09-22T11:23:13.621+0000] {logging_mixin.py:188} INFO - [2024-09-22T11:23:13.621+0000] {dag.py:3947} INFO - Setting next_dagrun for example_subdag_operator.section-1 to None, run_after=None
[2024-09-22T11:23:13.759+0000] {logging_mixin.py:188} INFO - [2024-09-22T11:23:13.758+0000] {dag.py:3947} INFO - Setting next_dagrun for example_subdag_operator.section-2 to None, run_after=None
[2024-09-22T11:23:13.770+0000] {logging_mixin.py:188} INFO - [2024-09-22T11:23:13.769+0000] {dag.py:3089} INFO - Sync 2 DAGs
[2024-09-22T11:23:13.778+0000] {logging_mixin.py:188} INFO - [2024-09-22T11:23:13.777+0000] {dag.py:3947} INFO - Setting next_dagrun for example_subdag_operator.section-1 to None, run_after=None
[2024-09-22T11:23:13.778+0000] {logging_mixin.py:188} INFO - [2024-09-22T11:23:13.778+0000] {dag.py:3947} INFO - Setting next_dagrun for example_subdag_operator.section-2 to None, run_after=None
[2024-09-22T11:23:14.273+0000] {processor.py:183} INFO - Processing /home/airflow/.local/lib/python3.12/site-packages/airflow/example_dags/example_subdag_operator.py took 1.068 seconds
[2024-09-22T11:24:24.746+0000] {processor.py:161} INFO - Started process (PID=956) to work on /home/airflow/.local/lib/python3.12/site-packages/airflow/example_dags/example_subdag_operator.py
[2024-09-22T11:24:24.871+0000] {processor.py:830} INFO - Processing file /home/airflow/.local/lib/python3.12/site-packages/airflow/example_dags/example_subdag_operator.py for tasks to queue
[2024-09-22T11:24:24.878+0000] {logging_mixin.py:188} INFO - [2024-09-22T11:24:24.875+0000] {dagbag.py:545} INFO - Filling up the DagBag from /home/airflow/.local/lib/python3.12/site-packages/airflow/example_dags/example_subdag_operator.py
[2024-09-22T11:24:25.067+0000] {processor.py:840} INFO - DAG(s) 'example_subdag_operator.section-1', 'example_subdag_operator.section-2', 'example_subdag_operator' retrieved from /home/airflow/.local/lib/python3.12/site-packages/airflow/example_dags/example_subdag_operator.py
[2024-09-22T11:24:25.108+0000] {logging_mixin.py:188} INFO - [2024-09-22T11:24:25.107+0000] {dag.py:3089} INFO - Sync 3 DAGs
[2024-09-22T11:24:25.142+0000] {logging_mixin.py:188} INFO - [2024-09-22T11:24:25.141+0000] {dag.py:3947} INFO - Setting next_dagrun for example_subdag_operator to None, run_after=None
[2024-09-22T11:24:25.148+0000] {logging_mixin.py:188} INFO - [2024-09-22T11:24:25.148+0000] {dag.py:3947} INFO - Setting next_dagrun for example_subdag_operator.section-1 to None, run_after=None
[2024-09-22T11:24:25.150+0000] {logging_mixin.py:188} INFO - [2024-09-22T11:24:25.150+0000] {dag.py:3947} INFO - Setting next_dagrun for example_subdag_operator.section-2 to None, run_after=None
[2024-09-22T11:24:25.161+0000] {logging_mixin.py:188} INFO - [2024-09-22T11:24:25.160+0000] {dag.py:3089} INFO - Sync 2 DAGs
[2024-09-22T11:24:25.171+0000] {logging_mixin.py:188} INFO - [2024-09-22T11:24:25.171+0000] {dag.py:3947} INFO - Setting next_dagrun for example_subdag_operator.section-1 to None, run_after=None
[2024-09-22T11:24:25.171+0000] {logging_mixin.py:188} INFO - [2024-09-22T11:24:25.171+0000] {dag.py:3947} INFO - Setting next_dagrun for example_subdag_operator.section-2 to None, run_after=None
[2024-09-22T11:24:25.370+0000] {processor.py:183} INFO - Processing /home/airflow/.local/lib/python3.12/site-packages/airflow/example_dags/example_subdag_operator.py took 0.656 seconds
[2024-09-22T11:25:29.459+0000] {processor.py:161} INFO - Started process (PID=1029) to work on /home/airflow/.local/lib/python3.12/site-packages/airflow/example_dags/example_subdag_operator.py
[2024-09-22T11:25:29.837+0000] {processor.py:830} INFO - Processing file /home/airflow/.local/lib/python3.12/site-packages/airflow/example_dags/example_subdag_operator.py for tasks to queue
[2024-09-22T11:25:29.839+0000] {logging_mixin.py:188} INFO - [2024-09-22T11:25:29.838+0000] {dagbag.py:545} INFO - Filling up the DagBag from /home/airflow/.local/lib/python3.12/site-packages/airflow/example_dags/example_subdag_operator.py
[2024-09-22T11:25:29.901+0000] {processor.py:840} INFO - DAG(s) 'example_subdag_operator.section-1', 'example_subdag_operator.section-2', 'example_subdag_operator' retrieved from /home/airflow/.local/lib/python3.12/site-packages/airflow/example_dags/example_subdag_operator.py
[2024-09-22T11:25:29.946+0000] {logging_mixin.py:188} INFO - [2024-09-22T11:25:29.945+0000] {dag.py:3089} INFO - Sync 3 DAGs
[2024-09-22T11:25:30.010+0000] {logging_mixin.py:188} INFO - [2024-09-22T11:25:30.009+0000] {dag.py:3947} INFO - Setting next_dagrun for example_subdag_operator to None, run_after=None
[2024-09-22T11:25:30.021+0000] {logging_mixin.py:188} INFO - [2024-09-22T11:25:30.021+0000] {dag.py:3947} INFO - Setting next_dagrun for example_subdag_operator.section-1 to None, run_after=None
[2024-09-22T11:25:30.024+0000] {logging_mixin.py:188} INFO - [2024-09-22T11:25:30.024+0000] {dag.py:3947} INFO - Setting next_dagrun for example_subdag_operator.section-2 to None, run_after=None
[2024-09-22T11:25:30.040+0000] {logging_mixin.py:188} INFO - [2024-09-22T11:25:30.039+0000] {dag.py:3089} INFO - Sync 2 DAGs
[2024-09-22T11:25:30.060+0000] {logging_mixin.py:188} INFO - [2024-09-22T11:25:30.057+0000] {dag.py:3947} INFO - Setting next_dagrun for example_subdag_operator.section-1 to None, run_after=None
[2024-09-22T11:25:30.062+0000] {logging_mixin.py:188} INFO - [2024-09-22T11:25:30.061+0000] {dag.py:3947} INFO - Setting next_dagrun for example_subdag_operator.section-2 to None, run_after=None
[2024-09-22T11:25:30.374+0000] {processor.py:183} INFO - Processing /home/airflow/.local/lib/python3.12/site-packages/airflow/example_dags/example_subdag_operator.py took 0.923 seconds
[2024-09-22T11:26:40.761+0000] {processor.py:161} INFO - Started process (PID=1095) to work on /home/airflow/.local/lib/python3.12/site-packages/airflow/example_dags/example_subdag_operator.py
[2024-09-22T11:26:40.873+0000] {processor.py:830} INFO - Processing file /home/airflow/.local/lib/python3.12/site-packages/airflow/example_dags/example_subdag_operator.py for tasks to queue
[2024-09-22T11:26:40.875+0000] {logging_mixin.py:188} INFO - [2024-09-22T11:26:40.874+0000] {dagbag.py:545} INFO - Filling up the DagBag from /home/airflow/.local/lib/python3.12/site-packages/airflow/example_dags/example_subdag_operator.py
[2024-09-22T11:26:41.551+0000] {processor.py:840} INFO - DAG(s) 'example_subdag_operator.section-1', 'example_subdag_operator.section-2', 'example_subdag_operator' retrieved from /home/airflow/.local/lib/python3.12/site-packages/airflow/example_dags/example_subdag_operator.py
[2024-09-22T11:26:41.589+0000] {logging_mixin.py:188} INFO - [2024-09-22T11:26:41.589+0000] {dag.py:3089} INFO - Sync 3 DAGs
[2024-09-22T11:26:41.630+0000] {logging_mixin.py:188} INFO - [2024-09-22T11:26:41.630+0000] {dag.py:3947} INFO - Setting next_dagrun for example_subdag_operator to None, run_after=None
[2024-09-22T11:26:41.637+0000] {logging_mixin.py:188} INFO - [2024-09-22T11:26:41.636+0000] {dag.py:3947} INFO - Setting next_dagrun for example_subdag_operator.section-1 to None, run_after=None
[2024-09-22T11:26:41.639+0000] {logging_mixin.py:188} INFO - [2024-09-22T11:26:41.639+0000] {dag.py:3947} INFO - Setting next_dagrun for example_subdag_operator.section-2 to None, run_after=None
[2024-09-22T11:26:41.651+0000] {logging_mixin.py:188} INFO - [2024-09-22T11:26:41.650+0000] {dag.py:3089} INFO - Sync 2 DAGs
[2024-09-22T11:26:41.662+0000] {logging_mixin.py:188} INFO - [2024-09-22T11:26:41.662+0000] {dag.py:3947} INFO - Setting next_dagrun for example_subdag_operator.section-1 to None, run_after=None
[2024-09-22T11:26:41.663+0000] {logging_mixin.py:188} INFO - [2024-09-22T11:26:41.662+0000] {dag.py:3947} INFO - Setting next_dagrun for example_subdag_operator.section-2 to None, run_after=None
[2024-09-22T11:26:42.097+0000] {processor.py:183} INFO - Processing /home/airflow/.local/lib/python3.12/site-packages/airflow/example_dags/example_subdag_operator.py took 1.346 seconds
[2024-09-22T11:28:11.645+0000] {processor.py:161} INFO - Started process (PID=1167) to work on /home/airflow/.local/lib/python3.12/site-packages/airflow/example_dags/example_subdag_operator.py
[2024-09-22T11:28:11.771+0000] {processor.py:830} INFO - Processing file /home/airflow/.local/lib/python3.12/site-packages/airflow/example_dags/example_subdag_operator.py for tasks to queue
[2024-09-22T11:28:11.774+0000] {logging_mixin.py:188} INFO - [2024-09-22T11:28:11.773+0000] {dagbag.py:545} INFO - Filling up the DagBag from /home/airflow/.local/lib/python3.12/site-packages/airflow/example_dags/example_subdag_operator.py
[2024-09-22T11:28:11.839+0000] {processor.py:840} INFO - DAG(s) 'example_subdag_operator.section-1', 'example_subdag_operator.section-2', 'example_subdag_operator' retrieved from /home/airflow/.local/lib/python3.12/site-packages/airflow/example_dags/example_subdag_operator.py
[2024-09-22T11:28:11.892+0000] {logging_mixin.py:188} INFO - [2024-09-22T11:28:11.891+0000] {dag.py:3089} INFO - Sync 3 DAGs
[2024-09-22T11:28:11.967+0000] {logging_mixin.py:188} INFO - [2024-09-22T11:28:11.967+0000] {dag.py:3947} INFO - Setting next_dagrun for example_subdag_operator to None, run_after=None
[2024-09-22T11:28:11.979+0000] {logging_mixin.py:188} INFO - [2024-09-22T11:28:11.979+0000] {dag.py:3947} INFO - Setting next_dagrun for example_subdag_operator.section-1 to None, run_after=None
[2024-09-22T11:28:11.983+0000] {logging_mixin.py:188} INFO - [2024-09-22T11:28:11.983+0000] {dag.py:3947} INFO - Setting next_dagrun for example_subdag_operator.section-2 to None, run_after=None
[2024-09-22T11:28:12.003+0000] {logging_mixin.py:188} INFO - [2024-09-22T11:28:12.002+0000] {dag.py:3089} INFO - Sync 2 DAGs
[2024-09-22T11:28:12.018+0000] {logging_mixin.py:188} INFO - [2024-09-22T11:28:12.017+0000] {dag.py:3947} INFO - Setting next_dagrun for example_subdag_operator.section-1 to None, run_after=None
[2024-09-22T11:28:12.019+0000] {logging_mixin.py:188} INFO - [2024-09-22T11:28:12.018+0000] {dag.py:3947} INFO - Setting next_dagrun for example_subdag_operator.section-2 to None, run_after=None
[2024-09-22T11:28:12.218+0000] {processor.py:183} INFO - Processing /home/airflow/.local/lib/python3.12/site-packages/airflow/example_dags/example_subdag_operator.py took 0.612 seconds
[2024-09-22T11:28:56.930+0000] {processor.py:161} INFO - Started process (PID=1237) to work on /home/airflow/.local/lib/python3.12/site-packages/airflow/example_dags/example_subdag_operator.py
[2024-09-22T11:28:57.046+0000] {processor.py:830} INFO - Processing file /home/airflow/.local/lib/python3.12/site-packages/airflow/example_dags/example_subdag_operator.py for tasks to queue
[2024-09-22T11:28:57.047+0000] {logging_mixin.py:188} INFO - [2024-09-22T11:28:57.047+0000] {dagbag.py:545} INFO - Filling up the DagBag from /home/airflow/.local/lib/python3.12/site-packages/airflow/example_dags/example_subdag_operator.py
[2024-09-22T11:28:57.105+0000] {processor.py:840} INFO - DAG(s) 'example_subdag_operator.section-1', 'example_subdag_operator.section-2', 'example_subdag_operator' retrieved from /home/airflow/.local/lib/python3.12/site-packages/airflow/example_dags/example_subdag_operator.py
[2024-09-22T11:28:57.145+0000] {logging_mixin.py:188} INFO - [2024-09-22T11:28:57.145+0000] {dag.py:3089} INFO - Sync 3 DAGs
[2024-09-22T11:28:57.204+0000] {logging_mixin.py:188} INFO - [2024-09-22T11:28:57.203+0000] {dag.py:3947} INFO - Setting next_dagrun for example_subdag_operator to None, run_after=None
[2024-09-22T11:28:57.213+0000] {logging_mixin.py:188} INFO - [2024-09-22T11:28:57.213+0000] {dag.py:3947} INFO - Setting next_dagrun for example_subdag_operator.section-1 to None, run_after=None
[2024-09-22T11:28:57.217+0000] {logging_mixin.py:188} INFO - [2024-09-22T11:28:57.216+0000] {dag.py:3947} INFO - Setting next_dagrun for example_subdag_operator.section-2 to None, run_after=None
[2024-09-22T11:28:57.234+0000] {logging_mixin.py:188} INFO - [2024-09-22T11:28:57.233+0000] {dag.py:3089} INFO - Sync 2 DAGs
[2024-09-22T11:28:57.251+0000] {logging_mixin.py:188} INFO - [2024-09-22T11:28:57.249+0000] {dag.py:3947} INFO - Setting next_dagrun for example_subdag_operator.section-1 to None, run_after=None
[2024-09-22T11:28:57.252+0000] {logging_mixin.py:188} INFO - [2024-09-22T11:28:57.252+0000] {dag.py:3947} INFO - Setting next_dagrun for example_subdag_operator.section-2 to None, run_after=None
[2024-09-22T11:28:57.928+0000] {processor.py:183} INFO - Processing /home/airflow/.local/lib/python3.12/site-packages/airflow/example_dags/example_subdag_operator.py took 1.019 seconds
[2024-09-22T11:29:30.575+0000] {processor.py:161} INFO - Started process (PID=1307) to work on /home/airflow/.local/lib/python3.12/site-packages/airflow/example_dags/example_subdag_operator.py
[2024-09-22T11:29:31.102+0000] {processor.py:830} INFO - Processing file /home/airflow/.local/lib/python3.12/site-packages/airflow/example_dags/example_subdag_operator.py for tasks to queue
[2024-09-22T11:29:31.104+0000] {logging_mixin.py:188} INFO - [2024-09-22T11:29:31.104+0000] {dagbag.py:545} INFO - Filling up the DagBag from /home/airflow/.local/lib/python3.12/site-packages/airflow/example_dags/example_subdag_operator.py
[2024-09-22T11:29:31.152+0000] {processor.py:840} INFO - DAG(s) 'example_subdag_operator.section-1', 'example_subdag_operator.section-2', 'example_subdag_operator' retrieved from /home/airflow/.local/lib/python3.12/site-packages/airflow/example_dags/example_subdag_operator.py
[2024-09-22T11:29:31.186+0000] {logging_mixin.py:188} INFO - [2024-09-22T11:29:31.185+0000] {dag.py:3089} INFO - Sync 3 DAGs
[2024-09-22T11:29:31.219+0000] {logging_mixin.py:188} INFO - [2024-09-22T11:29:31.219+0000] {dag.py:3947} INFO - Setting next_dagrun for example_subdag_operator to None, run_after=None
[2024-09-22T11:29:31.224+0000] {logging_mixin.py:188} INFO - [2024-09-22T11:29:31.223+0000] {dag.py:3947} INFO - Setting next_dagrun for example_subdag_operator.section-1 to None, run_after=None
[2024-09-22T11:29:31.225+0000] {logging_mixin.py:188} INFO - [2024-09-22T11:29:31.225+0000] {dag.py:3947} INFO - Setting next_dagrun for example_subdag_operator.section-2 to None, run_after=None
[2024-09-22T11:29:31.233+0000] {logging_mixin.py:188} INFO - [2024-09-22T11:29:31.233+0000] {dag.py:3089} INFO - Sync 2 DAGs
[2024-09-22T11:29:31.241+0000] {logging_mixin.py:188} INFO - [2024-09-22T11:29:31.240+0000] {dag.py:3947} INFO - Setting next_dagrun for example_subdag_operator.section-1 to None, run_after=None
[2024-09-22T11:29:31.241+0000] {logging_mixin.py:188} INFO - [2024-09-22T11:29:31.241+0000] {dag.py:3947} INFO - Setting next_dagrun for example_subdag_operator.section-2 to None, run_after=None
[2024-09-22T11:29:31.514+0000] {processor.py:183} INFO - Processing /home/airflow/.local/lib/python3.12/site-packages/airflow/example_dags/example_subdag_operator.py took 0.953 seconds
[2024-09-22T11:30:02.065+0000] {processor.py:161} INFO - Started process (PID=1365) to work on /home/airflow/.local/lib/python3.12/site-packages/airflow/example_dags/example_subdag_operator.py
[2024-09-22T11:30:02.066+0000] {processor.py:830} INFO - Processing file /home/airflow/.local/lib/python3.12/site-packages/airflow/example_dags/example_subdag_operator.py for tasks to queue
[2024-09-22T11:30:02.067+0000] {logging_mixin.py:188} INFO - [2024-09-22T11:30:02.067+0000] {dagbag.py:545} INFO - Filling up the DagBag from /home/airflow/.local/lib/python3.12/site-packages/airflow/example_dags/example_subdag_operator.py
[2024-09-22T11:30:02.106+0000] {processor.py:840} INFO - DAG(s) 'example_subdag_operator.section-1', 'example_subdag_operator.section-2', 'example_subdag_operator' retrieved from /home/airflow/.local/lib/python3.12/site-packages/airflow/example_dags/example_subdag_operator.py
[2024-09-22T11:30:02.133+0000] {logging_mixin.py:188} INFO - [2024-09-22T11:30:02.133+0000] {dag.py:3089} INFO - Sync 3 DAGs
[2024-09-22T11:30:02.162+0000] {logging_mixin.py:188} INFO - [2024-09-22T11:30:02.162+0000] {dag.py:3947} INFO - Setting next_dagrun for example_subdag_operator to None, run_after=None
[2024-09-22T11:30:02.167+0000] {logging_mixin.py:188} INFO - [2024-09-22T11:30:02.167+0000] {dag.py:3947} INFO - Setting next_dagrun for example_subdag_operator.section-1 to None, run_after=None
[2024-09-22T11:30:02.169+0000] {logging_mixin.py:188} INFO - [2024-09-22T11:30:02.169+0000] {dag.py:3947} INFO - Setting next_dagrun for example_subdag_operator.section-2 to None, run_after=None
[2024-09-22T11:30:02.178+0000] {logging_mixin.py:188} INFO - [2024-09-22T11:30:02.177+0000] {dag.py:3089} INFO - Sync 2 DAGs
[2024-09-22T11:30:02.185+0000] {logging_mixin.py:188} INFO - [2024-09-22T11:30:02.185+0000] {dag.py:3947} INFO - Setting next_dagrun for example_subdag_operator.section-1 to None, run_after=None
[2024-09-22T11:30:02.186+0000] {logging_mixin.py:188} INFO - [2024-09-22T11:30:02.186+0000] {dag.py:3947} INFO - Setting next_dagrun for example_subdag_operator.section-2 to None, run_after=None
[2024-09-22T11:30:02.416+0000] {processor.py:183} INFO - Processing /home/airflow/.local/lib/python3.12/site-packages/airflow/example_dags/example_subdag_operator.py took 0.361 seconds
[2024-09-22T11:30:33.085+0000] {processor.py:161} INFO - Started process (PID=1439) to work on /home/airflow/.local/lib/python3.12/site-packages/airflow/example_dags/example_subdag_operator.py
[2024-09-22T11:30:33.351+0000] {processor.py:830} INFO - Processing file /home/airflow/.local/lib/python3.12/site-packages/airflow/example_dags/example_subdag_operator.py for tasks to queue
[2024-09-22T11:30:33.353+0000] {logging_mixin.py:188} INFO - [2024-09-22T11:30:33.352+0000] {dagbag.py:545} INFO - Filling up the DagBag from /home/airflow/.local/lib/python3.12/site-packages/airflow/example_dags/example_subdag_operator.py
[2024-09-22T11:30:33.406+0000] {processor.py:840} INFO - DAG(s) 'example_subdag_operator.section-1', 'example_subdag_operator.section-2', 'example_subdag_operator' retrieved from /home/airflow/.local/lib/python3.12/site-packages/airflow/example_dags/example_subdag_operator.py
[2024-09-22T11:30:33.439+0000] {logging_mixin.py:188} INFO - [2024-09-22T11:30:33.438+0000] {dag.py:3089} INFO - Sync 3 DAGs
[2024-09-22T11:30:33.474+0000] {logging_mixin.py:188} INFO - [2024-09-22T11:30:33.473+0000] {dag.py:3947} INFO - Setting next_dagrun for example_subdag_operator to None, run_after=None
[2024-09-22T11:30:33.481+0000] {logging_mixin.py:188} INFO - [2024-09-22T11:30:33.480+0000] {dag.py:3947} INFO - Setting next_dagrun for example_subdag_operator.section-1 to None, run_after=None
[2024-09-22T11:30:33.483+0000] {logging_mixin.py:188} INFO - [2024-09-22T11:30:33.483+0000] {dag.py:3947} INFO - Setting next_dagrun for example_subdag_operator.section-2 to None, run_after=None
[2024-09-22T11:30:33.495+0000] {logging_mixin.py:188} INFO - [2024-09-22T11:30:33.494+0000] {dag.py:3089} INFO - Sync 2 DAGs
[2024-09-22T11:30:33.505+0000] {logging_mixin.py:188} INFO - [2024-09-22T11:30:33.504+0000] {dag.py:3947} INFO - Setting next_dagrun for example_subdag_operator.section-1 to None, run_after=None
[2024-09-22T11:30:33.506+0000] {logging_mixin.py:188} INFO - [2024-09-22T11:30:33.505+0000] {dag.py:3947} INFO - Setting next_dagrun for example_subdag_operator.section-2 to None, run_after=None
[2024-09-22T11:30:33.702+0000] {processor.py:183} INFO - Processing /home/airflow/.local/lib/python3.12/site-packages/airflow/example_dags/example_subdag_operator.py took 0.633 seconds
[2024-09-22T11:31:06.547+0000] {processor.py:161} INFO - Started process (PID=1501) to work on /home/airflow/.local/lib/python3.12/site-packages/airflow/example_dags/example_subdag_operator.py
[2024-09-22T11:31:06.625+0000] {processor.py:830} INFO - Processing file /home/airflow/.local/lib/python3.12/site-packages/airflow/example_dags/example_subdag_operator.py for tasks to queue
[2024-09-22T11:31:06.627+0000] {logging_mixin.py:188} INFO - [2024-09-22T11:31:06.626+0000] {dagbag.py:545} INFO - Filling up the DagBag from /home/airflow/.local/lib/python3.12/site-packages/airflow/example_dags/example_subdag_operator.py
[2024-09-22T11:31:06.682+0000] {processor.py:840} INFO - DAG(s) 'example_subdag_operator.section-1', 'example_subdag_operator.section-2', 'example_subdag_operator' retrieved from /home/airflow/.local/lib/python3.12/site-packages/airflow/example_dags/example_subdag_operator.py
[2024-09-22T11:31:06.740+0000] {logging_mixin.py:188} INFO - [2024-09-22T11:31:06.739+0000] {dag.py:3089} INFO - Sync 3 DAGs
[2024-09-22T11:31:06.782+0000] {logging_mixin.py:188} INFO - [2024-09-22T11:31:06.781+0000] {dag.py:3947} INFO - Setting next_dagrun for example_subdag_operator to None, run_after=None
[2024-09-22T11:31:06.789+0000] {logging_mixin.py:188} INFO - [2024-09-22T11:31:06.789+0000] {dag.py:3947} INFO - Setting next_dagrun for example_subdag_operator.section-1 to None, run_after=None
[2024-09-22T11:31:06.795+0000] {logging_mixin.py:188} INFO - [2024-09-22T11:31:06.795+0000] {dag.py:3947} INFO - Setting next_dagrun for example_subdag_operator.section-2 to None, run_after=None
[2024-09-22T11:31:06.811+0000] {logging_mixin.py:188} INFO - [2024-09-22T11:31:06.810+0000] {dag.py:3089} INFO - Sync 2 DAGs
[2024-09-22T11:31:06.821+0000] {logging_mixin.py:188} INFO - [2024-09-22T11:31:06.820+0000] {dag.py:3947} INFO - Setting next_dagrun for example_subdag_operator.section-1 to None, run_after=None
[2024-09-22T11:31:06.821+0000] {logging_mixin.py:188} INFO - [2024-09-22T11:31:06.821+0000] {dag.py:3947} INFO - Setting next_dagrun for example_subdag_operator.section-2 to None, run_after=None
[2024-09-22T11:31:07.096+0000] {processor.py:183} INFO - Processing /home/airflow/.local/lib/python3.12/site-packages/airflow/example_dags/example_subdag_operator.py took 0.570 seconds
[2024-09-22T11:32:33.743+0000] {processor.py:161} INFO - Started process (PID=1605) to work on /home/airflow/.local/lib/python3.12/site-packages/airflow/example_dags/example_subdag_operator.py
[2024-09-22T11:32:33.993+0000] {processor.py:830} INFO - Processing file /home/airflow/.local/lib/python3.12/site-packages/airflow/example_dags/example_subdag_operator.py for tasks to queue
[2024-09-22T11:32:33.995+0000] {logging_mixin.py:188} INFO - [2024-09-22T11:32:33.994+0000] {dagbag.py:545} INFO - Filling up the DagBag from /home/airflow/.local/lib/python3.12/site-packages/airflow/example_dags/example_subdag_operator.py
[2024-09-22T11:32:34.049+0000] {processor.py:840} INFO - DAG(s) 'example_subdag_operator.section-1', 'example_subdag_operator.section-2', 'example_subdag_operator' retrieved from /home/airflow/.local/lib/python3.12/site-packages/airflow/example_dags/example_subdag_operator.py
[2024-09-22T11:32:34.086+0000] {logging_mixin.py:188} INFO - [2024-09-22T11:32:34.085+0000] {dag.py:3089} INFO - Sync 3 DAGs
[2024-09-22T11:32:34.138+0000] {logging_mixin.py:188} INFO - [2024-09-22T11:32:34.138+0000] {dag.py:3947} INFO - Setting next_dagrun for example_subdag_operator to None, run_after=None
[2024-09-22T11:32:34.164+0000] {logging_mixin.py:188} INFO - [2024-09-22T11:32:34.164+0000] {dag.py:3947} INFO - Setting next_dagrun for example_subdag_operator.section-1 to None, run_after=None
[2024-09-22T11:32:34.169+0000] {logging_mixin.py:188} INFO - [2024-09-22T11:32:34.168+0000] {dag.py:3947} INFO - Setting next_dagrun for example_subdag_operator.section-2 to None, run_after=None
[2024-09-22T11:32:34.185+0000] {logging_mixin.py:188} INFO - [2024-09-22T11:32:34.184+0000] {dag.py:3089} INFO - Sync 2 DAGs
[2024-09-22T11:32:34.195+0000] {logging_mixin.py:188} INFO - [2024-09-22T11:32:34.195+0000] {dag.py:3947} INFO - Setting next_dagrun for example_subdag_operator.section-1 to None, run_after=None
[2024-09-22T11:32:34.196+0000] {logging_mixin.py:188} INFO - [2024-09-22T11:32:34.196+0000] {dag.py:3947} INFO - Setting next_dagrun for example_subdag_operator.section-2 to None, run_after=None
[2024-09-22T11:32:35.660+0000] {processor.py:183} INFO - Processing /home/airflow/.local/lib/python3.12/site-packages/airflow/example_dags/example_subdag_operator.py took 1.930 seconds
[2024-09-22T11:33:17.331+0000] {processor.py:161} INFO - Started process (PID=1680) to work on /home/airflow/.local/lib/python3.12/site-packages/airflow/example_dags/example_subdag_operator.py
[2024-09-22T11:33:17.859+0000] {processor.py:830} INFO - Processing file /home/airflow/.local/lib/python3.12/site-packages/airflow/example_dags/example_subdag_operator.py for tasks to queue
[2024-09-22T11:33:17.861+0000] {logging_mixin.py:188} INFO - [2024-09-22T11:33:17.860+0000] {dagbag.py:545} INFO - Filling up the DagBag from /home/airflow/.local/lib/python3.12/site-packages/airflow/example_dags/example_subdag_operator.py
[2024-09-22T11:33:17.925+0000] {processor.py:840} INFO - DAG(s) 'example_subdag_operator.section-1', 'example_subdag_operator.section-2', 'example_subdag_operator' retrieved from /home/airflow/.local/lib/python3.12/site-packages/airflow/example_dags/example_subdag_operator.py
[2024-09-22T11:33:17.961+0000] {logging_mixin.py:188} INFO - [2024-09-22T11:33:17.961+0000] {dag.py:3089} INFO - Sync 3 DAGs
[2024-09-22T11:33:17.998+0000] {logging_mixin.py:188} INFO - [2024-09-22T11:33:17.998+0000] {dag.py:3947} INFO - Setting next_dagrun for example_subdag_operator to None, run_after=None
[2024-09-22T11:33:18.004+0000] {logging_mixin.py:188} INFO - [2024-09-22T11:33:18.004+0000] {dag.py:3947} INFO - Setting next_dagrun for example_subdag_operator.section-1 to None, run_after=None
[2024-09-22T11:33:18.006+0000] {logging_mixin.py:188} INFO - [2024-09-22T11:33:18.006+0000] {dag.py:3947} INFO - Setting next_dagrun for example_subdag_operator.section-2 to None, run_after=None
[2024-09-22T11:33:18.019+0000] {logging_mixin.py:188} INFO - [2024-09-22T11:33:18.019+0000] {dag.py:3089} INFO - Sync 2 DAGs
[2024-09-22T11:33:18.030+0000] {logging_mixin.py:188} INFO - [2024-09-22T11:33:18.029+0000] {dag.py:3947} INFO - Setting next_dagrun for example_subdag_operator.section-1 to None, run_after=None
[2024-09-22T11:33:18.031+0000] {logging_mixin.py:188} INFO - [2024-09-22T11:33:18.030+0000] {dag.py:3947} INFO - Setting next_dagrun for example_subdag_operator.section-2 to None, run_after=None
[2024-09-22T11:33:18.411+0000] {processor.py:183} INFO - Processing /home/airflow/.local/lib/python3.12/site-packages/airflow/example_dags/example_subdag_operator.py took 1.114 seconds
[2024-09-22T11:33:52.768+0000] {processor.py:161} INFO - Started process (PID=1751) to work on /home/airflow/.local/lib/python3.12/site-packages/airflow/example_dags/example_subdag_operator.py
[2024-09-22T11:33:52.862+0000] {processor.py:830} INFO - Processing file /home/airflow/.local/lib/python3.12/site-packages/airflow/example_dags/example_subdag_operator.py for tasks to queue
[2024-09-22T11:33:52.864+0000] {logging_mixin.py:188} INFO - [2024-09-22T11:33:52.863+0000] {dagbag.py:545} INFO - Filling up the DagBag from /home/airflow/.local/lib/python3.12/site-packages/airflow/example_dags/example_subdag_operator.py
[2024-09-22T11:33:52.905+0000] {processor.py:840} INFO - DAG(s) 'example_subdag_operator.section-1', 'example_subdag_operator.section-2', 'example_subdag_operator' retrieved from /home/airflow/.local/lib/python3.12/site-packages/airflow/example_dags/example_subdag_operator.py
[2024-09-22T11:33:52.930+0000] {logging_mixin.py:188} INFO - [2024-09-22T11:33:52.930+0000] {dag.py:3089} INFO - Sync 3 DAGs
[2024-09-22T11:33:52.961+0000] {logging_mixin.py:188} INFO - [2024-09-22T11:33:52.961+0000] {dag.py:3947} INFO - Setting next_dagrun for example_subdag_operator to None, run_after=None
[2024-09-22T11:33:52.966+0000] {logging_mixin.py:188} INFO - [2024-09-22T11:33:52.966+0000] {dag.py:3947} INFO - Setting next_dagrun for example_subdag_operator.section-1 to None, run_after=None
[2024-09-22T11:33:52.968+0000] {logging_mixin.py:188} INFO - [2024-09-22T11:33:52.967+0000] {dag.py:3947} INFO - Setting next_dagrun for example_subdag_operator.section-2 to None, run_after=None
[2024-09-22T11:33:52.976+0000] {logging_mixin.py:188} INFO - [2024-09-22T11:33:52.975+0000] {dag.py:3089} INFO - Sync 2 DAGs
[2024-09-22T11:33:52.983+0000] {logging_mixin.py:188} INFO - [2024-09-22T11:33:52.983+0000] {dag.py:3947} INFO - Setting next_dagrun for example_subdag_operator.section-1 to None, run_after=None
[2024-09-22T11:33:52.984+0000] {logging_mixin.py:188} INFO - [2024-09-22T11:33:52.983+0000] {dag.py:3947} INFO - Setting next_dagrun for example_subdag_operator.section-2 to None, run_after=None
[2024-09-22T11:33:53.345+0000] {processor.py:183} INFO - Processing /home/airflow/.local/lib/python3.12/site-packages/airflow/example_dags/example_subdag_operator.py took 0.586 seconds
[2024-09-22T11:34:25.124+0000] {processor.py:161} INFO - Started process (PID=1816) to work on /home/airflow/.local/lib/python3.12/site-packages/airflow/example_dags/example_subdag_operator.py
[2024-09-22T11:34:25.258+0000] {processor.py:830} INFO - Processing file /home/airflow/.local/lib/python3.12/site-packages/airflow/example_dags/example_subdag_operator.py for tasks to queue
[2024-09-22T11:34:25.260+0000] {logging_mixin.py:188} INFO - [2024-09-22T11:34:25.260+0000] {dagbag.py:545} INFO - Filling up the DagBag from /home/airflow/.local/lib/python3.12/site-packages/airflow/example_dags/example_subdag_operator.py
[2024-09-22T11:34:25.302+0000] {processor.py:840} INFO - DAG(s) 'example_subdag_operator.section-1', 'example_subdag_operator.section-2', 'example_subdag_operator' retrieved from /home/airflow/.local/lib/python3.12/site-packages/airflow/example_dags/example_subdag_operator.py
[2024-09-22T11:34:25.331+0000] {logging_mixin.py:188} INFO - [2024-09-22T11:34:25.331+0000] {dag.py:3089} INFO - Sync 3 DAGs
[2024-09-22T11:34:25.374+0000] {logging_mixin.py:188} INFO - [2024-09-22T11:34:25.374+0000] {dag.py:3947} INFO - Setting next_dagrun for example_subdag_operator to None, run_after=None
[2024-09-22T11:34:25.382+0000] {logging_mixin.py:188} INFO - [2024-09-22T11:34:25.382+0000] {dag.py:3947} INFO - Setting next_dagrun for example_subdag_operator.section-1 to None, run_after=None
[2024-09-22T11:34:25.385+0000] {logging_mixin.py:188} INFO - [2024-09-22T11:34:25.384+0000] {dag.py:3947} INFO - Setting next_dagrun for example_subdag_operator.section-2 to None, run_after=None
[2024-09-22T11:34:25.398+0000] {logging_mixin.py:188} INFO - [2024-09-22T11:34:25.397+0000] {dag.py:3089} INFO - Sync 2 DAGs
[2024-09-22T11:34:25.408+0000] {logging_mixin.py:188} INFO - [2024-09-22T11:34:25.407+0000] {dag.py:3947} INFO - Setting next_dagrun for example_subdag_operator.section-1 to None, run_after=None
[2024-09-22T11:34:25.409+0000] {logging_mixin.py:188} INFO - [2024-09-22T11:34:25.408+0000] {dag.py:3947} INFO - Setting next_dagrun for example_subdag_operator.section-2 to None, run_after=None
[2024-09-22T11:34:25.618+0000] {processor.py:183} INFO - Processing /home/airflow/.local/lib/python3.12/site-packages/airflow/example_dags/example_subdag_operator.py took 0.504 seconds
[2024-09-22T11:35:01.595+0000] {processor.py:161} INFO - Started process (PID=1887) to work on /home/airflow/.local/lib/python3.12/site-packages/airflow/example_dags/example_subdag_operator.py
[2024-09-22T11:35:01.723+0000] {processor.py:830} INFO - Processing file /home/airflow/.local/lib/python3.12/site-packages/airflow/example_dags/example_subdag_operator.py for tasks to queue
[2024-09-22T11:35:01.725+0000] {logging_mixin.py:188} INFO - [2024-09-22T11:35:01.724+0000] {dagbag.py:545} INFO - Filling up the DagBag from /home/airflow/.local/lib/python3.12/site-packages/airflow/example_dags/example_subdag_operator.py
[2024-09-22T11:35:01.764+0000] {processor.py:840} INFO - DAG(s) 'example_subdag_operator.section-1', 'example_subdag_operator.section-2', 'example_subdag_operator' retrieved from /home/airflow/.local/lib/python3.12/site-packages/airflow/example_dags/example_subdag_operator.py
[2024-09-22T11:35:01.787+0000] {logging_mixin.py:188} INFO - [2024-09-22T11:35:01.787+0000] {dag.py:3089} INFO - Sync 3 DAGs
[2024-09-22T11:35:01.819+0000] {logging_mixin.py:188} INFO - [2024-09-22T11:35:01.819+0000] {dag.py:3947} INFO - Setting next_dagrun for example_subdag_operator to None, run_after=None
[2024-09-22T11:35:01.824+0000] {logging_mixin.py:188} INFO - [2024-09-22T11:35:01.824+0000] {dag.py:3947} INFO - Setting next_dagrun for example_subdag_operator.section-1 to None, run_after=None
[2024-09-22T11:35:01.826+0000] {logging_mixin.py:188} INFO - [2024-09-22T11:35:01.826+0000] {dag.py:3947} INFO - Setting next_dagrun for example_subdag_operator.section-2 to None, run_after=None
[2024-09-22T11:35:01.835+0000] {logging_mixin.py:188} INFO - [2024-09-22T11:35:01.834+0000] {dag.py:3089} INFO - Sync 2 DAGs
[2024-09-22T11:35:01.842+0000] {logging_mixin.py:188} INFO - [2024-09-22T11:35:01.842+0000] {dag.py:3947} INFO - Setting next_dagrun for example_subdag_operator.section-1 to None, run_after=None
[2024-09-22T11:35:01.842+0000] {logging_mixin.py:188} INFO - [2024-09-22T11:35:01.842+0000] {dag.py:3947} INFO - Setting next_dagrun for example_subdag_operator.section-2 to None, run_after=None
[2024-09-22T11:35:02.106+0000] {processor.py:183} INFO - Processing /home/airflow/.local/lib/python3.12/site-packages/airflow/example_dags/example_subdag_operator.py took 0.520 seconds
[2024-09-22T11:35:43.239+0000] {processor.py:161} INFO - Started process (PID=1957) to work on /home/airflow/.local/lib/python3.12/site-packages/airflow/example_dags/example_subdag_operator.py
[2024-09-22T11:35:43.323+0000] {processor.py:830} INFO - Processing file /home/airflow/.local/lib/python3.12/site-packages/airflow/example_dags/example_subdag_operator.py for tasks to queue
[2024-09-22T11:35:43.324+0000] {logging_mixin.py:188} INFO - [2024-09-22T11:35:43.324+0000] {dagbag.py:545} INFO - Filling up the DagBag from /home/airflow/.local/lib/python3.12/site-packages/airflow/example_dags/example_subdag_operator.py
[2024-09-22T11:35:43.389+0000] {processor.py:840} INFO - DAG(s) 'example_subdag_operator.section-1', 'example_subdag_operator.section-2', 'example_subdag_operator' retrieved from /home/airflow/.local/lib/python3.12/site-packages/airflow/example_dags/example_subdag_operator.py
[2024-09-22T11:35:43.468+0000] {logging_mixin.py:188} INFO - [2024-09-22T11:35:43.467+0000] {dag.py:3089} INFO - Sync 3 DAGs
[2024-09-22T11:35:43.568+0000] {logging_mixin.py:188} INFO - [2024-09-22T11:35:43.567+0000] {dag.py:3947} INFO - Setting next_dagrun for example_subdag_operator to None, run_after=None
[2024-09-22T11:35:43.582+0000] {logging_mixin.py:188} INFO - [2024-09-22T11:35:43.581+0000] {dag.py:3947} INFO - Setting next_dagrun for example_subdag_operator.section-1 to None, run_after=None
[2024-09-22T11:35:43.587+0000] {logging_mixin.py:188} INFO - [2024-09-22T11:35:43.586+0000] {dag.py:3947} INFO - Setting next_dagrun for example_subdag_operator.section-2 to None, run_after=None
[2024-09-22T11:35:43.630+0000] {logging_mixin.py:188} INFO - [2024-09-22T11:35:43.630+0000] {dag.py:3089} INFO - Sync 2 DAGs
[2024-09-22T11:35:43.657+0000] {logging_mixin.py:188} INFO - [2024-09-22T11:35:43.657+0000] {dag.py:3947} INFO - Setting next_dagrun for example_subdag_operator.section-1 to None, run_after=None
[2024-09-22T11:35:43.661+0000] {logging_mixin.py:188} INFO - [2024-09-22T11:35:43.658+0000] {dag.py:3947} INFO - Setting next_dagrun for example_subdag_operator.section-2 to None, run_after=None
[2024-09-22T11:35:43.934+0000] {processor.py:183} INFO - Processing /home/airflow/.local/lib/python3.12/site-packages/airflow/example_dags/example_subdag_operator.py took 0.716 seconds
[2024-09-22T11:39:11.037+0000] {processor.py:161} INFO - Started process (PID=2101) to work on /home/airflow/.local/lib/python3.12/site-packages/airflow/example_dags/example_subdag_operator.py
[2024-09-22T11:39:11.290+0000] {processor.py:830} INFO - Processing file /home/airflow/.local/lib/python3.12/site-packages/airflow/example_dags/example_subdag_operator.py for tasks to queue
[2024-09-22T11:39:11.292+0000] {logging_mixin.py:188} INFO - [2024-09-22T11:39:11.291+0000] {dagbag.py:545} INFO - Filling up the DagBag from /home/airflow/.local/lib/python3.12/site-packages/airflow/example_dags/example_subdag_operator.py
[2024-09-22T11:39:11.853+0000] {processor.py:840} INFO - DAG(s) 'example_subdag_operator.section-1', 'example_subdag_operator.section-2', 'example_subdag_operator' retrieved from /home/airflow/.local/lib/python3.12/site-packages/airflow/example_dags/example_subdag_operator.py
[2024-09-22T11:39:11.886+0000] {logging_mixin.py:188} INFO - [2024-09-22T11:39:11.885+0000] {dag.py:3089} INFO - Sync 3 DAGs
[2024-09-22T11:39:11.980+0000] {logging_mixin.py:188} INFO - [2024-09-22T11:39:11.979+0000] {dag.py:3947} INFO - Setting next_dagrun for example_subdag_operator to None, run_after=None
[2024-09-22T11:39:11.994+0000] {logging_mixin.py:188} INFO - [2024-09-22T11:39:11.993+0000] {dag.py:3947} INFO - Setting next_dagrun for example_subdag_operator.section-1 to None, run_after=None
[2024-09-22T11:39:11.998+0000] {logging_mixin.py:188} INFO - [2024-09-22T11:39:11.997+0000] {dag.py:3947} INFO - Setting next_dagrun for example_subdag_operator.section-2 to None, run_after=None
[2024-09-22T11:39:12.019+0000] {logging_mixin.py:188} INFO - [2024-09-22T11:39:12.018+0000] {dag.py:3089} INFO - Sync 2 DAGs
[2024-09-22T11:39:12.036+0000] {logging_mixin.py:188} INFO - [2024-09-22T11:39:12.035+0000] {dag.py:3947} INFO - Setting next_dagrun for example_subdag_operator.section-1 to None, run_after=None
[2024-09-22T11:39:12.037+0000] {logging_mixin.py:188} INFO - [2024-09-22T11:39:12.037+0000] {dag.py:3947} INFO - Setting next_dagrun for example_subdag_operator.section-2 to None, run_after=None
[2024-09-22T11:39:13.497+0000] {processor.py:183} INFO - Processing /home/airflow/.local/lib/python3.12/site-packages/airflow/example_dags/example_subdag_operator.py took 2.469 seconds
[2024-09-22T11:41:41.085+0000] {processor.py:161} INFO - Started process (PID=2193) to work on /home/airflow/.local/lib/python3.12/site-packages/airflow/example_dags/example_subdag_operator.py
[2024-09-22T11:41:41.248+0000] {processor.py:830} INFO - Processing file /home/airflow/.local/lib/python3.12/site-packages/airflow/example_dags/example_subdag_operator.py for tasks to queue
[2024-09-22T11:41:41.260+0000] {logging_mixin.py:188} INFO - [2024-09-22T11:41:41.255+0000] {dagbag.py:545} INFO - Filling up the DagBag from /home/airflow/.local/lib/python3.12/site-packages/airflow/example_dags/example_subdag_operator.py
[2024-09-22T11:41:41.419+0000] {processor.py:840} INFO - DAG(s) 'example_subdag_operator.section-1', 'example_subdag_operator.section-2', 'example_subdag_operator' retrieved from /home/airflow/.local/lib/python3.12/site-packages/airflow/example_dags/example_subdag_operator.py
[2024-09-22T11:41:41.472+0000] {logging_mixin.py:188} INFO - [2024-09-22T11:41:41.472+0000] {dag.py:3089} INFO - Sync 3 DAGs
[2024-09-22T11:41:41.949+0000] {logging_mixin.py:188} INFO - [2024-09-22T11:41:41.949+0000] {dag.py:3947} INFO - Setting next_dagrun for example_subdag_operator to None, run_after=None
[2024-09-22T11:41:41.964+0000] {logging_mixin.py:188} INFO - [2024-09-22T11:41:41.963+0000] {dag.py:3947} INFO - Setting next_dagrun for example_subdag_operator.section-1 to None, run_after=None
[2024-09-22T11:41:41.974+0000] {logging_mixin.py:188} INFO - [2024-09-22T11:41:41.973+0000] {dag.py:3947} INFO - Setting next_dagrun for example_subdag_operator.section-2 to None, run_after=None
[2024-09-22T11:41:42.075+0000] {logging_mixin.py:188} INFO - [2024-09-22T11:41:42.073+0000] {dag.py:3089} INFO - Sync 2 DAGs
[2024-09-22T11:41:42.232+0000] {logging_mixin.py:188} INFO - [2024-09-22T11:41:42.227+0000] {dag.py:3947} INFO - Setting next_dagrun for example_subdag_operator.section-1 to None, run_after=None
[2024-09-22T11:41:42.251+0000] {logging_mixin.py:188} INFO - [2024-09-22T11:41:42.240+0000] {dag.py:3947} INFO - Setting next_dagrun for example_subdag_operator.section-2 to None, run_after=None
[2024-09-22T11:41:42.613+0000] {processor.py:183} INFO - Processing /home/airflow/.local/lib/python3.12/site-packages/airflow/example_dags/example_subdag_operator.py took 1.552 seconds
[2024-09-22T11:42:13.150+0000] {processor.py:161} INFO - Started process (PID=2256) to work on /home/airflow/.local/lib/python3.12/site-packages/airflow/example_dags/example_subdag_operator.py
[2024-09-22T11:42:13.152+0000] {processor.py:830} INFO - Processing file /home/airflow/.local/lib/python3.12/site-packages/airflow/example_dags/example_subdag_operator.py for tasks to queue
[2024-09-22T11:42:13.155+0000] {logging_mixin.py:188} INFO - [2024-09-22T11:42:13.154+0000] {dagbag.py:545} INFO - Filling up the DagBag from /home/airflow/.local/lib/python3.12/site-packages/airflow/example_dags/example_subdag_operator.py
[2024-09-22T11:42:13.240+0000] {processor.py:840} INFO - DAG(s) 'example_subdag_operator.section-1', 'example_subdag_operator.section-2', 'example_subdag_operator' retrieved from /home/airflow/.local/lib/python3.12/site-packages/airflow/example_dags/example_subdag_operator.py
[2024-09-22T11:42:13.328+0000] {logging_mixin.py:188} INFO - [2024-09-22T11:42:13.327+0000] {dag.py:3089} INFO - Sync 3 DAGs
[2024-09-22T11:42:13.393+0000] {logging_mixin.py:188} INFO - [2024-09-22T11:42:13.392+0000] {dag.py:3947} INFO - Setting next_dagrun for example_subdag_operator to None, run_after=None
[2024-09-22T11:42:13.400+0000] {logging_mixin.py:188} INFO - [2024-09-22T11:42:13.400+0000] {dag.py:3947} INFO - Setting next_dagrun for example_subdag_operator.section-1 to None, run_after=None
[2024-09-22T11:42:13.405+0000] {logging_mixin.py:188} INFO - [2024-09-22T11:42:13.405+0000] {dag.py:3947} INFO - Setting next_dagrun for example_subdag_operator.section-2 to None, run_after=None
[2024-09-22T11:42:13.426+0000] {logging_mixin.py:188} INFO - [2024-09-22T11:42:13.425+0000] {dag.py:3089} INFO - Sync 2 DAGs
[2024-09-22T11:42:13.439+0000] {logging_mixin.py:188} INFO - [2024-09-22T11:42:13.438+0000] {dag.py:3947} INFO - Setting next_dagrun for example_subdag_operator.section-1 to None, run_after=None
[2024-09-22T11:42:13.440+0000] {logging_mixin.py:188} INFO - [2024-09-22T11:42:13.439+0000] {dag.py:3947} INFO - Setting next_dagrun for example_subdag_operator.section-2 to None, run_after=None
[2024-09-22T11:42:14.365+0000] {processor.py:183} INFO - Processing /home/airflow/.local/lib/python3.12/site-packages/airflow/example_dags/example_subdag_operator.py took 1.236 seconds
[2024-09-22T11:42:44.965+0000] {processor.py:161} INFO - Started process (PID=2335) to work on /home/airflow/.local/lib/python3.12/site-packages/airflow/example_dags/example_subdag_operator.py
[2024-09-22T11:42:45.395+0000] {processor.py:830} INFO - Processing file /home/airflow/.local/lib/python3.12/site-packages/airflow/example_dags/example_subdag_operator.py for tasks to queue
[2024-09-22T11:42:45.397+0000] {logging_mixin.py:188} INFO - [2024-09-22T11:42:45.396+0000] {dagbag.py:545} INFO - Filling up the DagBag from /home/airflow/.local/lib/python3.12/site-packages/airflow/example_dags/example_subdag_operator.py
[2024-09-22T11:42:45.441+0000] {processor.py:840} INFO - DAG(s) 'example_subdag_operator.section-1', 'example_subdag_operator.section-2', 'example_subdag_operator' retrieved from /home/airflow/.local/lib/python3.12/site-packages/airflow/example_dags/example_subdag_operator.py
[2024-09-22T11:42:45.473+0000] {logging_mixin.py:188} INFO - [2024-09-22T11:42:45.473+0000] {dag.py:3089} INFO - Sync 3 DAGs
[2024-09-22T11:42:45.518+0000] {logging_mixin.py:188} INFO - [2024-09-22T11:42:45.517+0000] {dag.py:3947} INFO - Setting next_dagrun for example_subdag_operator to None, run_after=None
[2024-09-22T11:42:45.526+0000] {logging_mixin.py:188} INFO - [2024-09-22T11:42:45.525+0000] {dag.py:3947} INFO - Setting next_dagrun for example_subdag_operator.section-1 to None, run_after=None
[2024-09-22T11:42:45.529+0000] {logging_mixin.py:188} INFO - [2024-09-22T11:42:45.528+0000] {dag.py:3947} INFO - Setting next_dagrun for example_subdag_operator.section-2 to None, run_after=None
[2024-09-22T11:42:45.542+0000] {logging_mixin.py:188} INFO - [2024-09-22T11:42:45.541+0000] {dag.py:3089} INFO - Sync 2 DAGs
[2024-09-22T11:42:45.553+0000] {logging_mixin.py:188} INFO - [2024-09-22T11:42:45.552+0000] {dag.py:3947} INFO - Setting next_dagrun for example_subdag_operator.section-1 to None, run_after=None
[2024-09-22T11:42:45.554+0000] {logging_mixin.py:188} INFO - [2024-09-22T11:42:45.553+0000] {dag.py:3947} INFO - Setting next_dagrun for example_subdag_operator.section-2 to None, run_after=None
[2024-09-22T11:42:47.125+0000] {processor.py:183} INFO - Processing /home/airflow/.local/lib/python3.12/site-packages/airflow/example_dags/example_subdag_operator.py took 2.173 seconds
[2024-09-22T11:43:17.839+0000] {processor.py:161} INFO - Started process (PID=2426) to work on /home/airflow/.local/lib/python3.12/site-packages/airflow/example_dags/example_subdag_operator.py
[2024-09-22T11:43:17.919+0000] {processor.py:830} INFO - Processing file /home/airflow/.local/lib/python3.12/site-packages/airflow/example_dags/example_subdag_operator.py for tasks to queue
[2024-09-22T11:43:17.921+0000] {logging_mixin.py:188} INFO - [2024-09-22T11:43:17.920+0000] {dagbag.py:545} INFO - Filling up the DagBag from /home/airflow/.local/lib/python3.12/site-packages/airflow/example_dags/example_subdag_operator.py
[2024-09-22T11:43:18.000+0000] {processor.py:840} INFO - DAG(s) 'example_subdag_operator.section-1', 'example_subdag_operator.section-2', 'example_subdag_operator' retrieved from /home/airflow/.local/lib/python3.12/site-packages/airflow/example_dags/example_subdag_operator.py
[2024-09-22T11:43:18.049+0000] {logging_mixin.py:188} INFO - [2024-09-22T11:43:18.048+0000] {dag.py:3089} INFO - Sync 3 DAGs
[2024-09-22T11:43:18.108+0000] {logging_mixin.py:188} INFO - [2024-09-22T11:43:18.107+0000] {dag.py:3947} INFO - Setting next_dagrun for example_subdag_operator to None, run_after=None
[2024-09-22T11:43:18.118+0000] {logging_mixin.py:188} INFO - [2024-09-22T11:43:18.118+0000] {dag.py:3947} INFO - Setting next_dagrun for example_subdag_operator.section-1 to None, run_after=None
[2024-09-22T11:43:18.122+0000] {logging_mixin.py:188} INFO - [2024-09-22T11:43:18.122+0000] {dag.py:3947} INFO - Setting next_dagrun for example_subdag_operator.section-2 to None, run_after=None
[2024-09-22T11:43:18.139+0000] {logging_mixin.py:188} INFO - [2024-09-22T11:43:18.138+0000] {dag.py:3089} INFO - Sync 2 DAGs
[2024-09-22T11:43:18.159+0000] {logging_mixin.py:188} INFO - [2024-09-22T11:43:18.159+0000] {dag.py:3947} INFO - Setting next_dagrun for example_subdag_operator.section-1 to None, run_after=None
[2024-09-22T11:43:18.160+0000] {logging_mixin.py:188} INFO - [2024-09-22T11:43:18.160+0000] {dag.py:3947} INFO - Setting next_dagrun for example_subdag_operator.section-2 to None, run_after=None
[2024-09-22T11:43:18.389+0000] {processor.py:183} INFO - Processing /home/airflow/.local/lib/python3.12/site-packages/airflow/example_dags/example_subdag_operator.py took 0.569 seconds
[2024-09-22T11:43:49.258+0000] {processor.py:161} INFO - Started process (PID=2517) to work on /home/airflow/.local/lib/python3.12/site-packages/airflow/example_dags/example_subdag_operator.py
[2024-09-22T11:43:49.260+0000] {processor.py:830} INFO - Processing file /home/airflow/.local/lib/python3.12/site-packages/airflow/example_dags/example_subdag_operator.py for tasks to queue
[2024-09-22T11:43:49.264+0000] {logging_mixin.py:188} INFO - [2024-09-22T11:43:49.263+0000] {dagbag.py:545} INFO - Filling up the DagBag from /home/airflow/.local/lib/python3.12/site-packages/airflow/example_dags/example_subdag_operator.py
[2024-09-22T11:43:49.424+0000] {processor.py:840} INFO - DAG(s) 'example_subdag_operator.section-1', 'example_subdag_operator.section-2', 'example_subdag_operator' retrieved from /home/airflow/.local/lib/python3.12/site-packages/airflow/example_dags/example_subdag_operator.py
[2024-09-22T11:43:49.535+0000] {logging_mixin.py:188} INFO - [2024-09-22T11:43:49.535+0000] {dag.py:3089} INFO - Sync 3 DAGs
[2024-09-22T11:43:49.660+0000] {logging_mixin.py:188} INFO - [2024-09-22T11:43:49.659+0000] {dag.py:3947} INFO - Setting next_dagrun for example_subdag_operator to None, run_after=None
[2024-09-22T11:43:49.676+0000] {logging_mixin.py:188} INFO - [2024-09-22T11:43:49.675+0000] {dag.py:3947} INFO - Setting next_dagrun for example_subdag_operator.section-1 to None, run_after=None
[2024-09-22T11:43:49.683+0000] {logging_mixin.py:188} INFO - [2024-09-22T11:43:49.682+0000] {dag.py:3947} INFO - Setting next_dagrun for example_subdag_operator.section-2 to None, run_after=None
[2024-09-22T11:43:49.706+0000] {logging_mixin.py:188} INFO - [2024-09-22T11:43:49.705+0000] {dag.py:3089} INFO - Sync 2 DAGs
[2024-09-22T11:43:49.737+0000] {logging_mixin.py:188} INFO - [2024-09-22T11:43:49.737+0000] {dag.py:3947} INFO - Setting next_dagrun for example_subdag_operator.section-1 to None, run_after=None
[2024-09-22T11:43:49.738+0000] {logging_mixin.py:188} INFO - [2024-09-22T11:43:49.738+0000] {dag.py:3947} INFO - Setting next_dagrun for example_subdag_operator.section-2 to None, run_after=None
[2024-09-22T11:43:50.022+0000] {processor.py:183} INFO - Processing /home/airflow/.local/lib/python3.12/site-packages/airflow/example_dags/example_subdag_operator.py took 0.804 seconds
                                                                                                                                                                                                                                                                                                                                                                                                                                                                                                                                                                                                                                                                                                                                                                                                                                                                                                                                                                                                                                                                                                                                                                                                                                                                                                                                                                                                                                                                                                                                                                                                                                                                                                                                                                                                                                                                                                                                                                                                                                                                                                                                                                                                                                                                                                                                                                                            