[2024-09-22T11:13:19.904+0000] {processor.py:161} INFO - Started process (PID=44) to work on /home/airflow/.local/lib/python3.12/site-packages/airflow/example_dags/example_sensors.py
[2024-09-22T11:13:19.909+0000] {processor.py:830} INFO - Processing file /home/airflow/.local/lib/python3.12/site-packages/airflow/example_dags/example_sensors.py for tasks to queue
[2024-09-22T11:13:19.915+0000] {logging_mixin.py:188} INFO - [2024-09-22T11:13:19.914+0000] {dagbag.py:545} INFO - Filling up the DagBag from /home/airflow/.local/lib/python3.12/site-packages/airflow/example_dags/example_sensors.py
[2024-09-22T11:13:20.001+0000] {processor.py:840} INFO - DAG(s) 'example_sensors' retrieved from /home/airflow/.local/lib/python3.12/site-packages/airflow/example_dags/example_sensors.py
[2024-09-22T11:13:20.167+0000] {logging_mixin.py:188} INFO - [2024-09-22T11:13:20.167+0000] {dag.py:3089} INFO - Sync 1 DAGs
[2024-09-22T11:13:20.310+0000] {logging_mixin.py:188} INFO - [2024-09-22T11:13:20.306+0000] {dag.py:3947} INFO - Setting next_dagrun for example_sensors to None, run_after=None
[2024-09-22T11:13:20.620+0000] {processor.py:183} INFO - Processing /home/airflow/.local/lib/python3.12/site-packages/airflow/example_dags/example_sensors.py took 0.794 seconds
[2024-09-22T11:15:09.649+0000] {processor.py:161} INFO - Started process (PID=40) to work on /home/airflow/.local/lib/python3.12/site-packages/airflow/example_dags/example_sensors.py
[2024-09-22T11:15:09.720+0000] {processor.py:830} INFO - Processing file /home/airflow/.local/lib/python3.12/site-packages/airflow/example_dags/example_sensors.py for tasks to queue
[2024-09-22T11:15:09.722+0000] {logging_mixin.py:188} INFO - [2024-09-22T11:15:09.722+0000] {dagbag.py:545} INFO - Filling up the DagBag from /home/airflow/.local/lib/python3.12/site-packages/airflow/example_dags/example_sensors.py
[2024-09-22T11:15:09.741+0000] {processor.py:840} INFO - DAG(s) 'example_sensors' retrieved from /home/airflow/.local/lib/python3.12/site-packages/airflow/example_dags/example_sensors.py
[2024-09-22T11:15:09.784+0000] {logging_mixin.py:188} INFO - [2024-09-22T11:15:09.784+0000] {dag.py:3089} INFO - Sync 1 DAGs
[2024-09-22T11:15:09.799+0000] {logging_mixin.py:188} INFO - [2024-09-22T11:15:09.798+0000] {dag.py:3947} INFO - Setting next_dagrun for example_sensors to None, run_after=None
[2024-09-22T11:15:09.900+0000] {processor.py:183} INFO - Processing /home/airflow/.local/lib/python3.12/site-packages/airflow/example_dags/example_sensors.py took 0.260 seconds
[2024-09-22T11:15:44.199+0000] {processor.py:161} INFO - Started process (PID=110) to work on /home/airflow/.local/lib/python3.12/site-packages/airflow/example_dags/example_sensors.py
[2024-09-22T11:15:44.352+0000] {processor.py:830} INFO - Processing file /home/airflow/.local/lib/python3.12/site-packages/airflow/example_dags/example_sensors.py for tasks to queue
[2024-09-22T11:15:44.354+0000] {logging_mixin.py:188} INFO - [2024-09-22T11:15:44.354+0000] {dagbag.py:545} INFO - Filling up the DagBag from /home/airflow/.local/lib/python3.12/site-packages/airflow/example_dags/example_sensors.py
[2024-09-22T11:15:44.369+0000] {processor.py:840} INFO - DAG(s) 'example_sensors' retrieved from /home/airflow/.local/lib/python3.12/site-packages/airflow/example_dags/example_sensors.py
[2024-09-22T11:15:44.439+0000] {logging_mixin.py:188} INFO - [2024-09-22T11:15:44.436+0000] {dag.py:3089} INFO - Sync 1 DAGs
[2024-09-22T11:15:44.470+0000] {logging_mixin.py:188} INFO - [2024-09-22T11:15:44.470+0000] {dag.py:3947} INFO - Setting next_dagrun for example_sensors to None, run_after=None
[2024-09-22T11:15:44.766+0000] {processor.py:183} INFO - Processing /home/airflow/.local/lib/python3.12/site-packages/airflow/example_dags/example_sensors.py took 0.596 seconds
[2024-09-22T11:16:23.503+0000] {processor.py:161} INFO - Started process (PID=167) to work on /home/airflow/.local/lib/python3.12/site-packages/airflow/example_dags/example_sensors.py
[2024-09-22T11:16:23.563+0000] {processor.py:830} INFO - Processing file /home/airflow/.local/lib/python3.12/site-packages/airflow/example_dags/example_sensors.py for tasks to queue
[2024-09-22T11:16:23.574+0000] {logging_mixin.py:188} INFO - [2024-09-22T11:16:23.573+0000] {dagbag.py:545} INFO - Filling up the DagBag from /home/airflow/.local/lib/python3.12/site-packages/airflow/example_dags/example_sensors.py
[2024-09-22T11:16:23.629+0000] {processor.py:840} INFO - DAG(s) 'example_sensors' retrieved from /home/airflow/.local/lib/python3.12/site-packages/airflow/example_dags/example_sensors.py
[2024-09-22T11:16:23.702+0000] {logging_mixin.py:188} INFO - [2024-09-22T11:16:23.700+0000] {dag.py:3089} INFO - Sync 1 DAGs
[2024-09-22T11:16:23.741+0000] {logging_mixin.py:188} INFO - [2024-09-22T11:16:23.741+0000] {dag.py:3947} INFO - Setting next_dagrun for example_sensors to None, run_after=None
[2024-09-22T11:16:25.145+0000] {processor.py:183} INFO - Processing /home/airflow/.local/lib/python3.12/site-packages/airflow/example_dags/example_sensors.py took 1.670 seconds
[2024-09-22T11:17:00.918+0000] {processor.py:161} INFO - Started process (PID=239) to work on /home/airflow/.local/lib/python3.12/site-packages/airflow/example_dags/example_sensors.py
[2024-09-22T11:17:01.029+0000] {processor.py:830} INFO - Processing file /home/airflow/.local/lib/python3.12/site-packages/airflow/example_dags/example_sensors.py for tasks to queue
[2024-09-22T11:17:01.032+0000] {logging_mixin.py:188} INFO - [2024-09-22T11:17:01.031+0000] {dagbag.py:545} INFO - Filling up the DagBag from /home/airflow/.local/lib/python3.12/site-packages/airflow/example_dags/example_sensors.py
[2024-09-22T11:17:01.102+0000] {processor.py:840} INFO - DAG(s) 'example_sensors' retrieved from /home/airflow/.local/lib/python3.12/site-packages/airflow/example_dags/example_sensors.py
[2024-09-22T11:17:01.238+0000] {logging_mixin.py:188} INFO - [2024-09-22T11:17:01.234+0000] {dag.py:3089} INFO - Sync 1 DAGs
[2024-09-22T11:17:01.502+0000] {logging_mixin.py:188} INFO - [2024-09-22T11:17:01.502+0000] {dag.py:3947} INFO - Setting next_dagrun for example_sensors to None, run_after=None
[2024-09-22T11:17:02.020+0000] {processor.py:183} INFO - Processing /home/airflow/.local/lib/python3.12/site-packages/airflow/example_dags/example_sensors.py took 1.126 seconds
[2024-09-22T11:17:44.972+0000] {processor.py:161} INFO - Started process (PID=310) to work on /home/airflow/.local/lib/python3.12/site-packages/airflow/example_dags/example_sensors.py
[2024-09-22T11:17:45.036+0000] {processor.py:830} INFO - Processing file /home/airflow/.local/lib/python3.12/site-packages/airflow/example_dags/example_sensors.py for tasks to queue
[2024-09-22T11:17:45.038+0000] {logging_mixin.py:188} INFO - [2024-09-22T11:17:45.037+0000] {dagbag.py:545} INFO - Filling up the DagBag from /home/airflow/.local/lib/python3.12/site-packages/airflow/example_dags/example_sensors.py
[2024-09-22T11:17:45.079+0000] {processor.py:840} INFO - DAG(s) 'example_sensors' retrieved from /home/airflow/.local/lib/python3.12/site-packages/airflow/example_dags/example_sensors.py
[2024-09-22T11:17:45.171+0000] {logging_mixin.py:188} INFO - [2024-09-22T11:17:45.171+0000] {dag.py:3089} INFO - Sync 1 DAGs
[2024-09-22T11:17:45.202+0000] {logging_mixin.py:188} INFO - [2024-09-22T11:17:45.201+0000] {dag.py:3947} INFO - Setting next_dagrun for example_sensors to None, run_after=None
[2024-09-22T11:17:45.567+0000] {processor.py:183} INFO - Processing /home/airflow/.local/lib/python3.12/site-packages/airflow/example_dags/example_sensors.py took 0.604 seconds
[2024-09-22T11:18:17.671+0000] {processor.py:161} INFO - Started process (PID=404) to work on /home/airflow/.local/lib/python3.12/site-packages/airflow/example_dags/example_sensors.py
[2024-09-22T11:18:17.850+0000] {processor.py:830} INFO - Processing file /home/airflow/.local/lib/python3.12/site-packages/airflow/example_dags/example_sensors.py for tasks to queue
[2024-09-22T11:18:17.855+0000] {logging_mixin.py:188} INFO - [2024-09-22T11:18:17.851+0000] {dagbag.py:545} INFO - Filling up the DagBag from /home/airflow/.local/lib/python3.12/site-packages/airflow/example_dags/example_sensors.py
[2024-09-22T11:18:17.922+0000] {processor.py:840} INFO - DAG(s) 'example_sensors' retrieved from /home/airflow/.local/lib/python3.12/site-packages/airflow/example_dags/example_sensors.py
[2024-09-22T11:18:18.129+0000] {logging_mixin.py:188} INFO - [2024-09-22T11:18:18.129+0000] {dag.py:3089} INFO - Sync 1 DAGs
[2024-09-22T11:18:18.207+0000] {logging_mixin.py:188} INFO - [2024-09-22T11:18:18.206+0000] {dag.py:3947} INFO - Setting next_dagrun for example_sensors to None, run_after=None
[2024-09-22T11:18:18.488+0000] {processor.py:183} INFO - Processing /home/airflow/.local/lib/python3.12/site-packages/airflow/example_dags/example_sensors.py took 0.853 seconds
[2024-09-22T11:18:59.892+0000] {processor.py:161} INFO - Started process (PID=469) to work on /home/airflow/.local/lib/python3.12/site-packages/airflow/example_dags/example_sensors.py
[2024-09-22T11:19:00.032+0000] {processor.py:830} INFO - Processing file /home/airflow/.local/lib/python3.12/site-packages/airflow/example_dags/example_sensors.py for tasks to queue
[2024-09-22T11:19:00.034+0000] {logging_mixin.py:188} INFO - [2024-09-22T11:19:00.033+0000] {dagbag.py:545} INFO - Filling up the DagBag from /home/airflow/.local/lib/python3.12/site-packages/airflow/example_dags/example_sensors.py
[2024-09-22T11:19:00.103+0000] {processor.py:840} INFO - DAG(s) 'example_sensors' retrieved from /home/airflow/.local/lib/python3.12/site-packages/airflow/example_dags/example_sensors.py
[2024-09-22T11:19:00.222+0000] {logging_mixin.py:188} INFO - [2024-09-22T11:19:00.221+0000] {dag.py:3089} INFO - Sync 1 DAGs
[2024-09-22T11:19:00.255+0000] {logging_mixin.py:188} INFO - [2024-09-22T11:19:00.254+0000] {dag.py:3947} INFO - Setting next_dagrun for example_sensors to None, run_after=None
[2024-09-22T11:19:00.476+0000] {processor.py:183} INFO - Processing /home/airflow/.local/lib/python3.12/site-packages/airflow/example_dags/example_sensors.py took 0.620 seconds
[2024-09-22T11:19:34.084+0000] {processor.py:161} INFO - Started process (PID=540) to work on /home/airflow/.local/lib/python3.12/site-packages/airflow/example_dags/example_sensors.py
[2024-09-22T11:19:34.175+0000] {processor.py:830} INFO - Processing file /home/airflow/.local/lib/python3.12/site-packages/airflow/example_dags/example_sensors.py for tasks to queue
[2024-09-22T11:19:34.187+0000] {logging_mixin.py:188} INFO - [2024-09-22T11:19:34.182+0000] {dagbag.py:545} INFO - Filling up the DagBag from /home/airflow/.local/lib/python3.12/site-packages/airflow/example_dags/example_sensors.py
[2024-09-22T11:19:34.279+0000] {processor.py:840} INFO - DAG(s) 'example_sensors' retrieved from /home/airflow/.local/lib/python3.12/site-packages/airflow/example_dags/example_sensors.py
[2024-09-22T11:19:34.392+0000] {logging_mixin.py:188} INFO - [2024-09-22T11:19:34.392+0000] {dag.py:3089} INFO - Sync 1 DAGs
[2024-09-22T11:19:34.419+0000] {logging_mixin.py:188} INFO - [2024-09-22T11:19:34.418+0000] {dag.py:3947} INFO - Setting next_dagrun for example_sensors to None, run_after=None
[2024-09-22T11:19:34.563+0000] {processor.py:183} INFO - Processing /home/airflow/.local/lib/python3.12/site-packages/airflow/example_dags/example_sensors.py took 0.490 seconds
[2024-09-22T11:20:06.837+0000] {processor.py:161} INFO - Started process (PID=615) to work on /home/airflow/.local/lib/python3.12/site-packages/airflow/example_dags/example_sensors.py
[2024-09-22T11:20:06.870+0000] {processor.py:830} INFO - Processing file /home/airflow/.local/lib/python3.12/site-packages/airflow/example_dags/example_sensors.py for tasks to queue
[2024-09-22T11:20:06.874+0000] {logging_mixin.py:188} INFO - [2024-09-22T11:20:06.871+0000] {dagbag.py:545} INFO - Filling up the DagBag from /home/airflow/.local/lib/python3.12/site-packages/airflow/example_dags/example_sensors.py
[2024-09-22T11:20:06.928+0000] {processor.py:840} INFO - DAG(s) 'example_sensors' retrieved from /home/airflow/.local/lib/python3.12/site-packages/airflow/example_dags/example_sensors.py
[2024-09-22T11:20:07.007+0000] {logging_mixin.py:188} INFO - [2024-09-22T11:20:07.007+0000] {dag.py:3089} INFO - Sync 1 DAGs
[2024-09-22T11:20:07.043+0000] {logging_mixin.py:188} INFO - [2024-09-22T11:20:07.043+0000] {dag.py:3947} INFO - Setting next_dagrun for example_sensors to None, run_after=None
[2024-09-22T11:20:07.545+0000] {processor.py:183} INFO - Processing /home/airflow/.local/lib/python3.12/site-packages/airflow/example_dags/example_sensors.py took 0.729 seconds
[2024-09-22T11:20:53.597+0000] {processor.py:161} INFO - Started process (PID=692) to work on /home/airflow/.local/lib/python3.12/site-packages/airflow/example_dags/example_sensors.py
[2024-09-22T11:20:53.843+0000] {processor.py:830} INFO - Processing file /home/airflow/.local/lib/python3.12/site-packages/airflow/example_dags/example_sensors.py for tasks to queue
[2024-09-22T11:20:53.845+0000] {logging_mixin.py:188} INFO - [2024-09-22T11:20:53.844+0000] {dagbag.py:545} INFO - Filling up the DagBag from /home/airflow/.local/lib/python3.12/site-packages/airflow/example_dags/example_sensors.py
[2024-09-22T11:20:53.860+0000] {processor.py:840} INFO - DAG(s) 'example_sensors' retrieved from /home/airflow/.local/lib/python3.12/site-packages/airflow/example_dags/example_sensors.py
[2024-09-22T11:20:53.909+0000] {logging_mixin.py:188} INFO - [2024-09-22T11:20:53.908+0000] {dag.py:3089} INFO - Sync 1 DAGs
[2024-09-22T11:20:53.933+0000] {logging_mixin.py:188} INFO - [2024-09-22T11:20:53.932+0000] {dag.py:3947} INFO - Setting next_dagrun for example_sensors to None, run_after=None
[2024-09-22T11:20:54.201+0000] {processor.py:183} INFO - Processing /home/airflow/.local/lib/python3.12/site-packages/airflow/example_dags/example_sensors.py took 0.647 seconds
[2024-09-22T11:21:24.861+0000] {processor.py:161} INFO - Started process (PID=763) to work on /home/airflow/.local/lib/python3.12/site-packages/airflow/example_dags/example_sensors.py
[2024-09-22T11:21:24.980+0000] {processor.py:830} INFO - Processing file /home/airflow/.local/lib/python3.12/site-packages/airflow/example_dags/example_sensors.py for tasks to queue
[2024-09-22T11:21:24.982+0000] {logging_mixin.py:188} INFO - [2024-09-22T11:21:24.981+0000] {dagbag.py:545} INFO - Filling up the DagBag from /home/airflow/.local/lib/python3.12/site-packages/airflow/example_dags/example_sensors.py
[2024-09-22T11:21:25.006+0000] {processor.py:840} INFO - DAG(s) 'example_sensors' retrieved from /home/airflow/.local/lib/python3.12/site-packages/airflow/example_dags/example_sensors.py
[2024-09-22T11:21:25.091+0000] {logging_mixin.py:188} INFO - [2024-09-22T11:21:25.090+0000] {dag.py:3089} INFO - Sync 1 DAGs
[2024-09-22T11:21:25.133+0000] {logging_mixin.py:188} INFO - [2024-09-22T11:21:25.133+0000] {dag.py:3947} INFO - Setting next_dagrun for example_sensors to None, run_after=None
[2024-09-22T11:21:25.361+0000] {processor.py:183} INFO - Processing /home/airflow/.local/lib/python3.12/site-packages/airflow/example_dags/example_sensors.py took 0.527 seconds
[2024-09-22T11:22:16.287+0000] {processor.py:161} INFO - Started process (PID=809) to work on /home/airflow/.local/lib/python3.12/site-packages/airflow/example_dags/example_sensors.py
[2024-09-22T11:22:16.661+0000] {processor.py:830} INFO - Processing file /home/airflow/.local/lib/python3.12/site-packages/airflow/example_dags/example_sensors.py for tasks to queue
[2024-09-22T11:22:16.663+0000] {logging_mixin.py:188} INFO - [2024-09-22T11:22:16.662+0000] {dagbag.py:545} INFO - Filling up the DagBag from /home/airflow/.local/lib/python3.12/site-packages/airflow/example_dags/example_sensors.py
[2024-09-22T11:22:16.682+0000] {processor.py:840} INFO - DAG(s) 'example_sensors' retrieved from /home/airflow/.local/lib/python3.12/site-packages/airflow/example_dags/example_sensors.py
[2024-09-22T11:22:16.735+0000] {logging_mixin.py:188} INFO - [2024-09-22T11:22:16.734+0000] {dag.py:3089} INFO - Sync 1 DAGs
[2024-09-22T11:22:16.759+0000] {logging_mixin.py:188} INFO - [2024-09-22T11:22:16.759+0000] {dag.py:3947} INFO - Setting next_dagrun for example_sensors to None, run_after=None
[2024-09-22T11:22:18.830+0000] {processor.py:183} INFO - Processing /home/airflow/.local/lib/python3.12/site-packages/airflow/example_dags/example_sensors.py took 2.554 seconds
[2024-09-22T11:22:53.713+0000] {processor.py:161} INFO - Started process (PID=862) to work on /home/airflow/.local/lib/python3.12/site-packages/airflow/example_dags/example_sensors.py
[2024-09-22T11:22:53.893+0000] {processor.py:830} INFO - Processing file /home/airflow/.local/lib/python3.12/site-packages/airflow/example_dags/example_sensors.py for tasks to queue
[2024-09-22T11:22:53.895+0000] {logging_mixin.py:188} INFO - [2024-09-22T11:22:53.894+0000] {dagbag.py:545} INFO - Filling up the DagBag from /home/airflow/.local/lib/python3.12/site-packages/airflow/example_dags/example_sensors.py
[2024-09-22T11:22:53.914+0000] {processor.py:840} INFO - DAG(s) 'example_sensors' retrieved from /home/airflow/.local/lib/python3.12/site-packages/airflow/example_dags/example_sensors.py
[2024-09-22T11:22:53.953+0000] {logging_mixin.py:188} INFO - [2024-09-22T11:22:53.952+0000] {dag.py:3089} INFO - Sync 1 DAGs
[2024-09-22T11:22:53.970+0000] {logging_mixin.py:188} INFO - [2024-09-22T11:22:53.970+0000] {dag.py:3947} INFO - Setting next_dagrun for example_sensors to None, run_after=None
[2024-09-22T11:22:54.382+0000] {processor.py:183} INFO - Processing /home/airflow/.local/lib/python3.12/site-packages/airflow/example_dags/example_sensors.py took 0.678 seconds
[2024-09-22T11:23:28.642+0000] {processor.py:161} INFO - Started process (PID=914) to work on /home/airflow/.local/lib/python3.12/site-packages/airflow/example_dags/example_sensors.py
[2024-09-22T11:23:28.852+0000] {processor.py:830} INFO - Processing file /home/airflow/.local/lib/python3.12/site-packages/airflow/example_dags/example_sensors.py for tasks to queue
[2024-09-22T11:23:28.855+0000] {logging_mixin.py:188} INFO - [2024-09-22T11:23:28.854+0000] {dagbag.py:545} INFO - Filling up the DagBag from /home/airflow/.local/lib/python3.12/site-packages/airflow/example_dags/example_sensors.py
[2024-09-22T11:23:28.947+0000] {processor.py:840} INFO - DAG(s) 'example_sensors' retrieved from /home/airflow/.local/lib/python3.12/site-packages/airflow/example_dags/example_sensors.py
[2024-09-22T11:23:28.996+0000] {logging_mixin.py:188} INFO - [2024-09-22T11:23:28.995+0000] {dag.py:3089} INFO - Sync 1 DAGs
[2024-09-22T11:23:29.017+0000] {logging_mixin.py:188} INFO - [2024-09-22T11:23:29.016+0000] {dag.py:3947} INFO - Setting next_dagrun for example_sensors to None, run_after=None
[2024-09-22T11:23:30.216+0000] {processor.py:183} INFO - Processing /home/airflow/.local/lib/python3.12/site-packages/airflow/example_dags/example_sensors.py took 1.615 seconds
[2024-09-22T11:24:09.707+0000] {processor.py:161} INFO - Started process (PID=944) to work on /home/airflow/.local/lib/python3.12/site-packages/airflow/example_dags/example_sensors.py
[2024-09-22T11:24:09.912+0000] {processor.py:830} INFO - Processing file /home/airflow/.local/lib/python3.12/site-packages/airflow/example_dags/example_sensors.py for tasks to queue
[2024-09-22T11:24:09.914+0000] {logging_mixin.py:188} INFO - [2024-09-22T11:24:09.913+0000] {dagbag.py:545} INFO - Filling up the DagBag from /home/airflow/.local/lib/python3.12/site-packages/airflow/example_dags/example_sensors.py
[2024-09-22T11:24:09.928+0000] {processor.py:840} INFO - DAG(s) 'example_sensors' retrieved from /home/airflow/.local/lib/python3.12/site-packages/airflow/example_dags/example_sensors.py
[2024-09-22T11:24:09.962+0000] {logging_mixin.py:188} INFO - [2024-09-22T11:24:09.962+0000] {dag.py:3089} INFO - Sync 1 DAGs
[2024-09-22T11:24:09.980+0000] {logging_mixin.py:188} INFO - [2024-09-22T11:24:09.979+0000] {dag.py:3947} INFO - Setting next_dagrun for example_sensors to None, run_after=None
[2024-09-22T11:24:11.499+0000] {processor.py:183} INFO - Processing /home/airflow/.local/lib/python3.12/site-packages/airflow/example_dags/example_sensors.py took 1.800 seconds
[2024-09-22T11:24:50.607+0000] {processor.py:161} INFO - Started process (PID=998) to work on /home/airflow/.local/lib/python3.12/site-packages/airflow/example_dags/example_sensors.py
[2024-09-22T11:24:50.893+0000] {processor.py:830} INFO - Processing file /home/airflow/.local/lib/python3.12/site-packages/airflow/example_dags/example_sensors.py for tasks to queue
[2024-09-22T11:24:51.430+0000] {logging_mixin.py:188} INFO - [2024-09-22T11:24:51.429+0000] {dagbag.py:545} INFO - Filling up the DagBag from /home/airflow/.local/lib/python3.12/site-packages/airflow/example_dags/example_sensors.py
[2024-09-22T11:24:51.518+0000] {processor.py:840} INFO - DAG(s) 'example_sensors' retrieved from /home/airflow/.local/lib/python3.12/site-packages/airflow/example_dags/example_sensors.py
[2024-09-22T11:24:51.571+0000] {logging_mixin.py:188} INFO - [2024-09-22T11:24:51.570+0000] {dag.py:3089} INFO - Sync 1 DAGs
[2024-09-22T11:24:51.594+0000] {logging_mixin.py:188} INFO - [2024-09-22T11:24:51.594+0000] {dag.py:3947} INFO - Setting next_dagrun for example_sensors to None, run_after=None
[2024-09-22T11:24:52.138+0000] {processor.py:183} INFO - Processing /home/airflow/.local/lib/python3.12/site-packages/airflow/example_dags/example_sensors.py took 1.542 seconds
[2024-09-22T11:25:35.011+0000] {processor.py:161} INFO - Started process (PID=1039) to work on /home/airflow/.local/lib/python3.12/site-packages/airflow/example_dags/example_sensors.py
[2024-09-22T11:25:35.013+0000] {processor.py:830} INFO - Processing file /home/airflow/.local/lib/python3.12/site-packages/airflow/example_dags/example_sensors.py for tasks to queue
[2024-09-22T11:25:35.015+0000] {logging_mixin.py:188} INFO - [2024-09-22T11:25:35.014+0000] {dagbag.py:545} INFO - Filling up the DagBag from /home/airflow/.local/lib/python3.12/site-packages/airflow/example_dags/example_sensors.py
[2024-09-22T11:25:35.039+0000] {processor.py:840} INFO - DAG(s) 'example_sensors' retrieved from /home/airflow/.local/lib/python3.12/site-packages/airflow/example_dags/example_sensors.py
[2024-09-22T11:25:35.103+0000] {logging_mixin.py:188} INFO - [2024-09-22T11:25:35.103+0000] {dag.py:3089} INFO - Sync 1 DAGs
[2024-09-22T11:25:35.126+0000] {logging_mixin.py:188} INFO - [2024-09-22T11:25:35.126+0000] {dag.py:3947} INFO - Setting next_dagrun for example_sensors to None, run_after=None
[2024-09-22T11:25:35.386+0000] {processor.py:183} INFO - Processing /home/airflow/.local/lib/python3.12/site-packages/airflow/example_dags/example_sensors.py took 0.391 seconds
[2024-09-22T11:26:21.965+0000] {processor.py:161} INFO - Started process (PID=1076) to work on /home/airflow/.local/lib/python3.12/site-packages/airflow/example_dags/example_sensors.py
[2024-09-22T11:26:22.267+0000] {processor.py:830} INFO - Processing file /home/airflow/.local/lib/python3.12/site-packages/airflow/example_dags/example_sensors.py for tasks to queue
[2024-09-22T11:26:22.270+0000] {logging_mixin.py:188} INFO - [2024-09-22T11:26:22.269+0000] {dagbag.py:545} INFO - Filling up the DagBag from /home/airflow/.local/lib/python3.12/site-packages/airflow/example_dags/example_sensors.py
[2024-09-22T11:26:22.294+0000] {processor.py:840} INFO - DAG(s) 'example_sensors' retrieved from /home/airflow/.local/lib/python3.12/site-packages/airflow/example_dags/example_sensors.py
[2024-09-22T11:26:22.343+0000] {logging_mixin.py:188} INFO - [2024-09-22T11:26:22.343+0000] {dag.py:3089} INFO - Sync 1 DAGs
[2024-09-22T11:26:22.361+0000] {logging_mixin.py:188} INFO - [2024-09-22T11:26:22.361+0000] {dag.py:3947} INFO - Setting next_dagrun for example_sensors to None, run_after=None
[2024-09-22T11:26:22.560+0000] {processor.py:183} INFO - Processing /home/airflow/.local/lib/python3.12/site-packages/airflow/example_dags/example_sensors.py took 0.602 seconds
[2024-09-22T11:28:03.390+0000] {processor.py:161} INFO - Started process (PID=1149) to work on /home/airflow/.local/lib/python3.12/site-packages/airflow/example_dags/example_sensors.py
[2024-09-22T11:28:03.597+0000] {processor.py:830} INFO - Processing file /home/airflow/.local/lib/python3.12/site-packages/airflow/example_dags/example_sensors.py for tasks to queue
[2024-09-22T11:28:03.598+0000] {logging_mixin.py:188} INFO - [2024-09-22T11:28:03.598+0000] {dagbag.py:545} INFO - Filling up the DagBag from /home/airflow/.local/lib/python3.12/site-packages/airflow/example_dags/example_sensors.py
[2024-09-22T11:28:03.614+0000] {processor.py:840} INFO - DAG(s) 'example_sensors' retrieved from /home/airflow/.local/lib/python3.12/site-packages/airflow/example_dags/example_sensors.py
[2024-09-22T11:28:03.673+0000] {logging_mixin.py:188} INFO - [2024-09-22T11:28:03.673+0000] {dag.py:3089} INFO - Sync 1 DAGs
[2024-09-22T11:28:03.709+0000] {logging_mixin.py:188} INFO - [2024-09-22T11:28:03.709+0000] {dag.py:3947} INFO - Setting next_dagrun for example_sensors to None, run_after=None
[2024-09-22T11:28:03.944+0000] {processor.py:183} INFO - Processing /home/airflow/.local/lib/python3.12/site-packages/airflow/example_dags/example_sensors.py took 0.566 seconds
[2024-09-22T11:28:37.069+0000] {processor.py:161} INFO - Started process (PID=1217) to work on /home/airflow/.local/lib/python3.12/site-packages/airflow/example_dags/example_sensors.py
[2024-09-22T11:28:37.205+0000] {processor.py:830} INFO - Processing file /home/airflow/.local/lib/python3.12/site-packages/airflow/example_dags/example_sensors.py for tasks to queue
[2024-09-22T11:28:37.208+0000] {logging_mixin.py:188} INFO - [2024-09-22T11:28:37.207+0000] {dagbag.py:545} INFO - Filling up the DagBag from /home/airflow/.local/lib/python3.12/site-packages/airflow/example_dags/example_sensors.py
[2024-09-22T11:28:37.241+0000] {processor.py:840} INFO - DAG(s) 'example_sensors' retrieved from /home/airflow/.local/lib/python3.12/site-packages/airflow/example_dags/example_sensors.py
[2024-09-22T11:28:37.290+0000] {logging_mixin.py:188} INFO - [2024-09-22T11:28:37.289+0000] {dag.py:3089} INFO - Sync 1 DAGs
[2024-09-22T11:28:37.312+0000] {logging_mixin.py:188} INFO - [2024-09-22T11:28:37.312+0000] {dag.py:3947} INFO - Setting next_dagrun for example_sensors to None, run_after=None
[2024-09-22T11:28:37.580+0000] {processor.py:183} INFO - Processing /home/airflow/.local/lib/python3.12/site-packages/airflow/example_dags/example_sensors.py took 0.519 seconds
[2024-09-22T11:29:12.762+0000] {processor.py:161} INFO - Started process (PID=1284) to work on /home/airflow/.local/lib/python3.12/site-packages/airflow/example_dags/example_sensors.py
[2024-09-22T11:29:12.860+0000] {processor.py:830} INFO - Processing file /home/airflow/.local/lib/python3.12/site-packages/airflow/example_dags/example_sensors.py for tasks to queue
[2024-09-22T11:29:12.863+0000] {logging_mixin.py:188} INFO - [2024-09-22T11:29:12.862+0000] {dagbag.py:545} INFO - Filling up the DagBag from /home/airflow/.local/lib/python3.12/site-packages/airflow/example_dags/example_sensors.py
[2024-09-22T11:29:12.890+0000] {processor.py:840} INFO - DAG(s) 'example_sensors' retrieved from /home/airflow/.local/lib/python3.12/site-packages/airflow/example_dags/example_sensors.py
[2024-09-22T11:29:12.959+0000] {logging_mixin.py:188} INFO - [2024-09-22T11:29:12.958+0000] {dag.py:3089} INFO - Sync 1 DAGs
[2024-09-22T11:29:12.992+0000] {logging_mixin.py:188} INFO - [2024-09-22T11:29:12.991+0000] {dag.py:3947} INFO - Setting next_dagrun for example_sensors to None, run_after=None
[2024-09-22T11:29:13.290+0000] {processor.py:183} INFO - Processing /home/airflow/.local/lib/python3.12/site-packages/airflow/example_dags/example_sensors.py took 0.535 seconds
[2024-09-22T11:29:43.873+0000] {processor.py:161} INFO - Started process (PID=1346) to work on /home/airflow/.local/lib/python3.12/site-packages/airflow/example_dags/example_sensors.py
[2024-09-22T11:29:44.029+0000] {processor.py:830} INFO - Processing file /home/airflow/.local/lib/python3.12/site-packages/airflow/example_dags/example_sensors.py for tasks to queue
[2024-09-22T11:29:44.032+0000] {logging_mixin.py:188} INFO - [2024-09-22T11:29:44.031+0000] {dagbag.py:545} INFO - Filling up the DagBag from /home/airflow/.local/lib/python3.12/site-packages/airflow/example_dags/example_sensors.py
[2024-09-22T11:29:44.089+0000] {processor.py:840} INFO - DAG(s) 'example_sensors' retrieved from /home/airflow/.local/lib/python3.12/site-packages/airflow/example_dags/example_sensors.py
[2024-09-22T11:29:44.170+0000] {logging_mixin.py:188} INFO - [2024-09-22T11:29:44.169+0000] {dag.py:3089} INFO - Sync 1 DAGs
[2024-09-22T11:29:44.202+0000] {logging_mixin.py:188} INFO - [2024-09-22T11:29:44.202+0000] {dag.py:3947} INFO - Setting next_dagrun for example_sensors to None, run_after=None
[2024-09-22T11:29:44.556+0000] {processor.py:183} INFO - Processing /home/airflow/.local/lib/python3.12/site-packages/airflow/example_dags/example_sensors.py took 0.691 seconds
[2024-09-22T11:30:15.935+0000] {processor.py:161} INFO - Started process (PID=1409) to work on /home/airflow/.local/lib/python3.12/site-packages/airflow/example_dags/example_sensors.py
[2024-09-22T11:30:15.987+0000] {processor.py:830} INFO - Processing file /home/airflow/.local/lib/python3.12/site-packages/airflow/example_dags/example_sensors.py for tasks to queue
[2024-09-22T11:30:15.988+0000] {logging_mixin.py:188} INFO - [2024-09-22T11:30:15.988+0000] {dagbag.py:545} INFO - Filling up the DagBag from /home/airflow/.local/lib/python3.12/site-packages/airflow/example_dags/example_sensors.py
[2024-09-22T11:30:16.041+0000] {processor.py:840} INFO - DAG(s) 'example_sensors' retrieved from /home/airflow/.local/lib/python3.12/site-packages/airflow/example_dags/example_sensors.py
[2024-09-22T11:30:16.162+0000] {logging_mixin.py:188} INFO - [2024-09-22T11:30:16.161+0000] {dag.py:3089} INFO - Sync 1 DAGs
[2024-09-22T11:30:16.188+0000] {logging_mixin.py:188} INFO - [2024-09-22T11:30:16.187+0000] {dag.py:3947} INFO - Setting next_dagrun for example_sensors to None, run_after=None
[2024-09-22T11:30:16.407+0000] {processor.py:183} INFO - Processing /home/airflow/.local/lib/python3.12/site-packages/airflow/example_dags/example_sensors.py took 0.485 seconds
[2024-09-22T11:30:46.466+0000] {processor.py:161} INFO - Started process (PID=1479) to work on /home/airflow/.local/lib/python3.12/site-packages/airflow/example_dags/example_sensors.py
[2024-09-22T11:30:46.466+0000] {processor.py:830} INFO - Processing file /home/airflow/.local/lib/python3.12/site-packages/airflow/example_dags/example_sensors.py for tasks to queue
[2024-09-22T11:30:46.467+0000] {logging_mixin.py:188} INFO - [2024-09-22T11:30:46.467+0000] {dagbag.py:545} INFO - Filling up the DagBag from /home/airflow/.local/lib/python3.12/site-packages/airflow/example_dags/example_sensors.py
[2024-09-22T11:30:46.480+0000] {processor.py:840} INFO - DAG(s) 'example_sensors' retrieved from /home/airflow/.local/lib/python3.12/site-packages/airflow/example_dags/example_sensors.py
[2024-09-22T11:30:46.517+0000] {logging_mixin.py:188} INFO - [2024-09-22T11:30:46.517+0000] {dag.py:3089} INFO - Sync 1 DAGs
[2024-09-22T11:30:46.535+0000] {logging_mixin.py:188} INFO - [2024-09-22T11:30:46.535+0000] {dag.py:3947} INFO - Setting next_dagrun for example_sensors to None, run_after=None
[2024-09-22T11:30:46.704+0000] {processor.py:183} INFO - Processing /home/airflow/.local/lib/python3.12/site-packages/airflow/example_dags/example_sensors.py took 0.250 seconds
[2024-09-22T11:31:22.717+0000] {processor.py:161} INFO - Started process (PID=1540) to work on /home/airflow/.local/lib/python3.12/site-packages/airflow/example_dags/example_sensors.py
[2024-09-22T11:31:22.890+0000] {processor.py:830} INFO - Processing file /home/airflow/.local/lib/python3.12/site-packages/airflow/example_dags/example_sensors.py for tasks to queue
[2024-09-22T11:31:22.892+0000] {logging_mixin.py:188} INFO - [2024-09-22T11:31:22.891+0000] {dagbag.py:545} INFO - Filling up the DagBag from /home/airflow/.local/lib/python3.12/site-packages/airflow/example_dags/example_sensors.py
[2024-09-22T11:31:22.905+0000] {processor.py:840} INFO - DAG(s) 'example_sensors' retrieved from /home/airflow/.local/lib/python3.12/site-packages/airflow/example_dags/example_sensors.py
[2024-09-22T11:31:22.944+0000] {logging_mixin.py:188} INFO - [2024-09-22T11:31:22.944+0000] {dag.py:3089} INFO - Sync 1 DAGs
[2024-09-22T11:31:26.300+0000] {logging_mixin.py:188} INFO - [2024-09-22T11:31:26.299+0000] {dag.py:3947} INFO - Setting next_dagrun for example_sensors to None, run_after=None
[2024-09-22T11:31:28.316+0000] {processor.py:183} INFO - Processing /home/airflow/.local/lib/python3.12/site-packages/airflow/example_dags/example_sensors.py took 5.613 seconds
[2024-09-22T11:32:37.854+0000] {processor.py:161} INFO - Started process (PID=1608) to work on /home/airflow/.local/lib/python3.12/site-packages/airflow/example_dags/example_sensors.py
[2024-09-22T11:32:38.041+0000] {processor.py:830} INFO - Processing file /home/airflow/.local/lib/python3.12/site-packages/airflow/example_dags/example_sensors.py for tasks to queue
[2024-09-22T11:32:38.237+0000] {logging_mixin.py:188} INFO - [2024-09-22T11:32:38.042+0000] {dagbag.py:545} INFO - Filling up the DagBag from /home/airflow/.local/lib/python3.12/site-packages/airflow/example_dags/example_sensors.py
[2024-09-22T11:32:40.896+0000] {processor.py:840} INFO - DAG(s) 'example_sensors' retrieved from /home/airflow/.local/lib/python3.12/site-packages/airflow/example_dags/example_sensors.py
[2024-09-22T11:32:42.617+0000] {logging_mixin.py:188} INFO - [2024-09-22T11:32:42.616+0000] {dag.py:3089} INFO - Sync 1 DAGs
[2024-09-22T11:32:43.369+0000] {logging_mixin.py:188} INFO - [2024-09-22T11:32:43.369+0000] {dag.py:3947} INFO - Setting next_dagrun for example_sensors to None, run_after=None
[2024-09-22T11:32:43.769+0000] {processor.py:183} INFO - Processing /home/airflow/.local/lib/python3.12/site-packages/airflow/example_dags/example_sensors.py took 7.100 seconds
[2024-09-22T11:33:20.299+0000] {processor.py:161} INFO - Started process (PID=1684) to work on /home/airflow/.local/lib/python3.12/site-packages/airflow/example_dags/example_sensors.py
[2024-09-22T11:33:20.571+0000] {processor.py:830} INFO - Processing file /home/airflow/.local/lib/python3.12/site-packages/airflow/example_dags/example_sensors.py for tasks to queue
[2024-09-22T11:33:20.572+0000] {logging_mixin.py:188} INFO - [2024-09-22T11:33:20.571+0000] {dagbag.py:545} INFO - Filling up the DagBag from /home/airflow/.local/lib/python3.12/site-packages/airflow/example_dags/example_sensors.py
[2024-09-22T11:33:20.586+0000] {processor.py:840} INFO - DAG(s) 'example_sensors' retrieved from /home/airflow/.local/lib/python3.12/site-packages/airflow/example_dags/example_sensors.py
[2024-09-22T11:33:20.631+0000] {logging_mixin.py:188} INFO - [2024-09-22T11:33:20.630+0000] {dag.py:3089} INFO - Sync 1 DAGs
[2024-09-22T11:33:20.655+0000] {logging_mixin.py:188} INFO - [2024-09-22T11:33:20.654+0000] {dag.py:3947} INFO - Setting next_dagrun for example_sensors to None, run_after=None
[2024-09-22T11:33:21.302+0000] {processor.py:183} INFO - Processing /home/airflow/.local/lib/python3.12/site-packages/airflow/example_dags/example_sensors.py took 1.012 seconds
[2024-09-22T11:33:53.078+0000] {processor.py:161} INFO - Started process (PID=1752) to work on /home/airflow/.local/lib/python3.12/site-packages/airflow/example_dags/example_sensors.py
[2024-09-22T11:33:53.336+0000] {processor.py:830} INFO - Processing file /home/airflow/.local/lib/python3.12/site-packages/airflow/example_dags/example_sensors.py for tasks to queue
[2024-09-22T11:33:53.338+0000] {logging_mixin.py:188} INFO - [2024-09-22T11:33:53.337+0000] {dagbag.py:545} INFO - Filling up the DagBag from /home/airflow/.local/lib/python3.12/site-packages/airflow/example_dags/example_sensors.py
[2024-09-22T11:33:53.377+0000] {processor.py:840} INFO - DAG(s) 'example_sensors' retrieved from /home/airflow/.local/lib/python3.12/site-packages/airflow/example_dags/example_sensors.py
[2024-09-22T11:33:53.499+0000] {logging_mixin.py:188} INFO - [2024-09-22T11:33:53.498+0000] {dag.py:3089} INFO - Sync 1 DAGs
[2024-09-22T11:33:53.566+0000] {logging_mixin.py:188} INFO - [2024-09-22T11:33:53.565+0000] {dag.py:3947} INFO - Setting next_dagrun for example_sensors to None, run_after=None
[2024-09-22T11:33:54.073+0000] {processor.py:183} INFO - Processing /home/airflow/.local/lib/python3.12/site-packages/airflow/example_dags/example_sensors.py took 1.005 seconds
[2024-09-22T11:34:24.630+0000] {processor.py:161} INFO - Started process (PID=1814) to work on /home/airflow/.local/lib/python3.12/site-packages/airflow/example_dags/example_sensors.py
[2024-09-22T11:34:24.687+0000] {processor.py:830} INFO - Processing file /home/airflow/.local/lib/python3.12/site-packages/airflow/example_dags/example_sensors.py for tasks to queue
[2024-09-22T11:34:24.689+0000] {logging_mixin.py:188} INFO - [2024-09-22T11:34:24.688+0000] {dagbag.py:545} INFO - Filling up the DagBag from /home/airflow/.local/lib/python3.12/site-packages/airflow/example_dags/example_sensors.py
[2024-09-22T11:34:24.707+0000] {processor.py:840} INFO - DAG(s) 'example_sensors' retrieved from /home/airflow/.local/lib/python3.12/site-packages/airflow/example_dags/example_sensors.py
[2024-09-22T11:34:24.748+0000] {logging_mixin.py:188} INFO - [2024-09-22T11:34:24.748+0000] {dag.py:3089} INFO - Sync 1 DAGs
[2024-09-22T11:34:24.765+0000] {logging_mixin.py:188} INFO - [2024-09-22T11:34:24.765+0000] {dag.py:3947} INFO - Setting next_dagrun for example_sensors to None, run_after=None
[2024-09-22T11:34:25.076+0000] {processor.py:183} INFO - Processing /home/airflow/.local/lib/python3.12/site-packages/airflow/example_dags/example_sensors.py took 0.454 seconds
[2024-09-22T11:34:58.782+0000] {processor.py:161} INFO - Started process (PID=1880) to work on /home/airflow/.local/lib/python3.12/site-packages/airflow/example_dags/example_sensors.py
[2024-09-22T11:34:58.784+0000] {processor.py:830} INFO - Processing file /home/airflow/.local/lib/python3.12/site-packages/airflow/example_dags/example_sensors.py for tasks to queue
[2024-09-22T11:34:58.786+0000] {logging_mixin.py:188} INFO - [2024-09-22T11:34:58.785+0000] {dagbag.py:545} INFO - Filling up the DagBag from /home/airflow/.local/lib/python3.12/site-packages/airflow/example_dags/example_sensors.py
[2024-09-22T11:34:58.813+0000] {processor.py:840} INFO - DAG(s) 'example_sensors' retrieved from /home/airflow/.local/lib/python3.12/site-packages/airflow/example_dags/example_sensors.py
[2024-09-22T11:34:58.880+0000] {logging_mixin.py:188} INFO - [2024-09-22T11:34:58.880+0000] {dag.py:3089} INFO - Sync 1 DAGs
[2024-09-22T11:34:58.916+0000] {logging_mixin.py:188} INFO - [2024-09-22T11:34:58.916+0000] {dag.py:3947} INFO - Setting next_dagrun for example_sensors to None, run_after=None
[2024-09-22T11:34:59.164+0000] {processor.py:183} INFO - Processing /home/airflow/.local/lib/python3.12/site-packages/airflow/example_dags/example_sensors.py took 0.399 seconds
[2024-09-22T11:35:36.369+0000] {processor.py:161} INFO - Started process (PID=1942) to work on /home/airflow/.local/lib/python3.12/site-packages/airflow/example_dags/example_sensors.py
[2024-09-22T11:35:36.558+0000] {processor.py:830} INFO - Processing file /home/airflow/.local/lib/python3.12/site-packages/airflow/example_dags/example_sensors.py for tasks to queue
[2024-09-22T11:35:36.576+0000] {logging_mixin.py:188} INFO - [2024-09-22T11:35:36.568+0000] {dagbag.py:545} INFO - Filling up the DagBag from /home/airflow/.local/lib/python3.12/site-packages/airflow/example_dags/example_sensors.py
[2024-09-22T11:35:36.765+0000] {processor.py:840} INFO - DAG(s) 'example_sensors' retrieved from /home/airflow/.local/lib/python3.12/site-packages/airflow/example_dags/example_sensors.py
[2024-09-22T11:35:36.936+0000] {logging_mixin.py:188} INFO - [2024-09-22T11:35:36.935+0000] {dag.py:3089} INFO - Sync 1 DAGs
[2024-09-22T11:35:37.089+0000] {logging_mixin.py:188} INFO - [2024-09-22T11:35:37.088+0000] {dag.py:3947} INFO - Setting next_dagrun for example_sensors to None, run_after=None
[2024-09-22T11:35:37.490+0000] {processor.py:183} INFO - Processing /home/airflow/.local/lib/python3.12/site-packages/airflow/example_dags/example_sensors.py took 1.455 seconds
[2024-09-22T11:36:10.040+0000] {processor.py:161} INFO - Started process (PID=2016) to work on /home/airflow/.local/lib/python3.12/site-packages/airflow/example_dags/example_sensors.py
[2024-09-22T11:36:10.099+0000] {processor.py:830} INFO - Processing file /home/airflow/.local/lib/python3.12/site-packages/airflow/example_dags/example_sensors.py for tasks to queue
[2024-09-22T11:36:10.100+0000] {logging_mixin.py:188} INFO - [2024-09-22T11:36:10.100+0000] {dagbag.py:545} INFO - Filling up the DagBag from /home/airflow/.local/lib/python3.12/site-packages/airflow/example_dags/example_sensors.py
[2024-09-22T11:36:10.124+0000] {processor.py:840} INFO - DAG(s) 'example_sensors' retrieved from /home/airflow/.local/lib/python3.12/site-packages/airflow/example_dags/example_sensors.py
[2024-09-22T11:36:10.178+0000] {logging_mixin.py:188} INFO - [2024-09-22T11:36:10.178+0000] {dag.py:3089} INFO - Sync 1 DAGs
[2024-09-22T11:36:10.443+0000] {logging_mixin.py:188} INFO - [2024-09-22T11:36:10.443+0000] {dag.py:3947} INFO - Setting next_dagrun for example_sensors to None, run_after=None
[2024-09-22T11:36:11.419+0000] {processor.py:183} INFO - Processing /home/airflow/.local/lib/python3.12/site-packages/airflow/example_dags/example_sensors.py took 1.384 seconds
[2024-09-22T11:38:45.107+0000] {processor.py:161} INFO - Started process (PID=2079) to work on /home/airflow/.local/lib/python3.12/site-packages/airflow/example_dags/example_sensors.py
[2024-09-22T11:38:45.227+0000] {processor.py:830} INFO - Processing file /home/airflow/.local/lib/python3.12/site-packages/airflow/example_dags/example_sensors.py for tasks to queue
[2024-09-22T11:38:45.237+0000] {logging_mixin.py:188} INFO - [2024-09-22T11:38:45.233+0000] {dagbag.py:545} INFO - Filling up the DagBag from /home/airflow/.local/lib/python3.12/site-packages/airflow/example_dags/example_sensors.py
[2024-09-22T11:38:48.665+0000] {processor.py:840} INFO - DAG(s) 'example_sensors' retrieved from /home/airflow/.local/lib/python3.12/site-packages/airflow/example_dags/example_sensors.py
[2024-09-22T11:38:49.482+0000] {logging_mixin.py:188} INFO - [2024-09-22T11:38:49.481+0000] {dag.py:3089} INFO - Sync 1 DAGs
[2024-09-22T11:38:49.502+0000] {logging_mixin.py:188} INFO - [2024-09-22T11:38:49.502+0000] {dag.py:3947} INFO - Setting next_dagrun for example_sensors to None, run_after=None
[2024-09-22T11:38:52.082+0000] {processor.py:183} INFO - Processing /home/airflow/.local/lib/python3.12/site-packages/airflow/example_dags/example_sensors.py took 7.189 seconds
[2024-09-22T11:41:26.810+0000] {processor.py:161} INFO - Started process (PID=2175) to work on /home/airflow/.local/lib/python3.12/site-packages/airflow/example_dags/example_sensors.py
[2024-09-22T11:41:27.038+0000] {processor.py:830} INFO - Processing file /home/airflow/.local/lib/python3.12/site-packages/airflow/example_dags/example_sensors.py for tasks to queue
[2024-09-22T11:41:27.039+0000] {logging_mixin.py:188} INFO - [2024-09-22T11:41:27.038+0000] {dagbag.py:545} INFO - Filling up the DagBag from /home/airflow/.local/lib/python3.12/site-packages/airflow/example_dags/example_sensors.py
[2024-09-22T11:41:27.072+0000] {processor.py:840} INFO - DAG(s) 'example_sensors' retrieved from /home/airflow/.local/lib/python3.12/site-packages/airflow/example_dags/example_sensors.py
[2024-09-22T11:41:27.123+0000] {logging_mixin.py:188} INFO - [2024-09-22T11:41:27.123+0000] {dag.py:3089} INFO - Sync 1 DAGs
[2024-09-22T11:41:27.149+0000] {logging_mixin.py:188} INFO - [2024-09-22T11:41:27.149+0000] {dag.py:3947} INFO - Setting next_dagrun for example_sensors to None, run_after=None
[2024-09-22T11:41:28.408+0000] {processor.py:183} INFO - Processing /home/airflow/.local/lib/python3.12/site-packages/airflow/example_dags/example_sensors.py took 1.611 seconds
[2024-09-22T11:42:05.000+0000] {processor.py:161} INFO - Started process (PID=2237) to work on /home/airflow/.local/lib/python3.12/site-packages/airflow/example_dags/example_sensors.py
[2024-09-22T11:42:05.103+0000] {processor.py:830} INFO - Processing file /home/airflow/.local/lib/python3.12/site-packages/airflow/example_dags/example_sensors.py for tasks to queue
[2024-09-22T11:42:05.104+0000] {logging_mixin.py:188} INFO - [2024-09-22T11:42:05.104+0000] {dagbag.py:545} INFO - Filling up the DagBag from /home/airflow/.local/lib/python3.12/site-packages/airflow/example_dags/example_sensors.py
[2024-09-22T11:42:05.142+0000] {processor.py:840} INFO - DAG(s) 'example_sensors' retrieved from /home/airflow/.local/lib/python3.12/site-packages/airflow/example_dags/example_sensors.py
[2024-09-22T11:42:05.219+0000] {logging_mixin.py:188} INFO - [2024-09-22T11:42:05.219+0000] {dag.py:3089} INFO - Sync 1 DAGs
[2024-09-22T11:42:05.250+0000] {logging_mixin.py:188} INFO - [2024-09-22T11:42:05.249+0000] {dag.py:3947} INFO - Setting next_dagrun for example_sensors to None, run_after=None
[2024-09-22T11:42:05.438+0000] {processor.py:183} INFO - Processing /home/airflow/.local/lib/python3.12/site-packages/airflow/example_dags/example_sensors.py took 0.448 seconds
[2024-09-22T11:42:36.648+0000] {processor.py:161} INFO - Started process (PID=2316) to work on /home/airflow/.local/lib/python3.12/site-packages/airflow/example_dags/example_sensors.py
[2024-09-22T11:42:36.649+0000] {processor.py:830} INFO - Processing file /home/airflow/.local/lib/python3.12/site-packages/airflow/example_dags/example_sensors.py for tasks to queue
[2024-09-22T11:42:36.659+0000] {logging_mixin.py:188} INFO - [2024-09-22T11:42:36.658+0000] {dagbag.py:545} INFO - Filling up the DagBag from /home/airflow/.local/lib/python3.12/site-packages/airflow/example_dags/example_sensors.py
[2024-09-22T11:42:36.721+0000] {processor.py:840} INFO - DAG(s) 'example_sensors' retrieved from /home/airflow/.local/lib/python3.12/site-packages/airflow/example_dags/example_sensors.py
[2024-09-22T11:42:36.873+0000] {logging_mixin.py:188} INFO - [2024-09-22T11:42:36.869+0000] {dag.py:3089} INFO - Sync 1 DAGs
[2024-09-22T11:42:36.911+0000] {logging_mixin.py:188} INFO - [2024-09-22T11:42:36.911+0000] {dag.py:3947} INFO - Setting next_dagrun for example_sensors to None, run_after=None
[2024-09-22T11:42:37.839+0000] {processor.py:183} INFO - Processing /home/airflow/.local/lib/python3.12/site-packages/airflow/example_dags/example_sensors.py took 1.226 seconds
[2024-09-22T11:43:08.989+0000] {processor.py:161} INFO - Started process (PID=2403) to work on /home/airflow/.local/lib/python3.12/site-packages/airflow/example_dags/example_sensors.py
[2024-09-22T11:43:08.991+0000] {processor.py:830} INFO - Processing file /home/airflow/.local/lib/python3.12/site-packages/airflow/example_dags/example_sensors.py for tasks to queue
[2024-09-22T11:43:08.993+0000] {logging_mixin.py:188} INFO - [2024-09-22T11:43:08.992+0000] {dagbag.py:545} INFO - Filling up the DagBag from /home/airflow/.local/lib/python3.12/site-packages/airflow/example_dags/example_sensors.py
[2024-09-22T11:43:09.015+0000] {processor.py:840} INFO - DAG(s) 'example_sensors' retrieved from /home/airflow/.local/lib/python3.12/site-packages/airflow/example_dags/example_sensors.py
[2024-09-22T11:43:09.081+0000] {logging_mixin.py:188} INFO - [2024-09-22T11:43:09.080+0000] {dag.py:3089} INFO - Sync 1 DAGs
[2024-09-22T11:43:09.117+0000] {logging_mixin.py:188} INFO - [2024-09-22T11:43:09.117+0000] {dag.py:3947} INFO - Setting next_dagrun for example_sensors to None, run_after=None
[2024-09-22T11:43:09.360+0000] {processor.py:183} INFO - Processing /home/airflow/.local/lib/python3.12/site-packages/airflow/example_dags/example_sensors.py took 0.389 seconds
[2024-09-22T11:43:39.582+0000] {processor.py:161} INFO - Started process (PID=2493) to work on /home/airflow/.local/lib/python3.12/site-packages/airflow/example_dags/example_sensors.py
[2024-09-22T11:43:39.712+0000] {processor.py:830} INFO - Processing file /home/airflow/.local/lib/python3.12/site-packages/airflow/example_dags/example_sensors.py for tasks to queue
[2024-09-22T11:43:39.714+0000] {logging_mixin.py:188} INFO - [2024-09-22T11:43:39.713+0000] {dagbag.py:545} INFO - Filling up the DagBag from /home/airflow/.local/lib/python3.12/site-packages/airflow/example_dags/example_sensors.py
[2024-09-22T11:43:39.760+0000] {processor.py:840} INFO - DAG(s) 'example_sensors' retrieved from /home/airflow/.local/lib/python3.12/site-packages/airflow/example_dags/example_sensors.py
[2024-09-22T11:43:39.859+0000] {logging_mixin.py:188} INFO - [2024-09-22T11:43:39.859+0000] {dag.py:3089} INFO - Sync 1 DAGs
[2024-09-22T11:43:39.896+0000] {logging_mixin.py:188} INFO - [2024-09-22T11:43:39.895+0000] {dag.py:3947} INFO - Setting next_dagrun for example_sensors to None, run_after=None
[2024-09-22T11:43:40.217+0000] {processor.py:183} INFO - Processing /home/airflow/.local/lib/python3.12/site-packages/airflow/example_dags/example_sensors.py took 0.646 seconds
[2024-09-22T11:44:10.579+0000] {processor.py:161} INFO - Started process (PID=2570) to work on /home/airflow/.local/lib/python3.12/site-packages/airflow/example_dags/example_sensors.py
[2024-09-22T11:44:10.580+0000] {processor.py:830} INFO - Processing file /home/airflow/.local/lib/python3.12/site-packages/airflow/example_dags/example_sensors.py for tasks to queue
[2024-09-22T11:44:10.585+0000] {logging_mixin.py:188} INFO - [2024-09-22T11:44:10.581+0000] {dagbag.py:545} INFO - Filling up the DagBag from /home/airflow/.local/lib/python3.12/site-packages/airflow/example_dags/example_sensors.py
[2024-09-22T11:44:10.636+0000] {processor.py:840} INFO - DAG(s) 'example_sensors' retrieved from /home/airflow/.local/lib/python3.12/site-packages/airflow/example_dags/example_sensors.py
[2024-09-22T11:44:10.693+0000] {logging_mixin.py:188} INFO - [2024-09-22T11:44:10.693+0000] {dag.py:3089} INFO - Sync 1 DAGs
                                                                                                                                                                                                                                                                                                                                                                  