[2024-09-22T11:15:24.418+0000] {processor.py:161} INFO - Started process (PID=88) to work on /home/airflow/.local/lib/python3.12/site-packages/airflow/example_dags/example_xcom.py
[2024-09-22T11:15:24.421+0000] {processor.py:830} INFO - Processing file /home/airflow/.local/lib/python3.12/site-packages/airflow/example_dags/example_xcom.py for tasks to queue
[2024-09-22T11:15:24.427+0000] {logging_mixin.py:188} INFO - [2024-09-22T11:15:24.426+0000] {dagbag.py:545} INFO - Filling up the DagBag from /home/airflow/.local/lib/python3.12/site-packages/airflow/example_dags/example_xcom.py
[2024-09-22T11:15:24.444+0000] {processor.py:840} INFO - DAG(s) 'example_xcom' retrieved from /home/airflow/.local/lib/python3.12/site-packages/airflow/example_dags/example_xcom.py
[2024-09-22T11:15:24.498+0000] {logging_mixin.py:188} INFO - [2024-09-22T11:15:24.498+0000] {dag.py:3089} INFO - Sync 1 DAGs
[2024-09-22T11:15:24.552+0000] {logging_mixin.py:188} INFO - [2024-09-22T11:15:24.551+0000] {dag.py:3947} INFO - Setting next_dagrun for example_xcom to None, run_after=None
[2024-09-22T11:15:24.684+0000] {processor.py:183} INFO - Processing /home/airflow/.local/lib/python3.12/site-packages/airflow/example_dags/example_xcom.py took 0.291 seconds
[2024-09-22T11:15:59.984+0000] {processor.py:161} INFO - Started process (PID=151) to work on /home/airflow/.local/lib/python3.12/site-packages/airflow/example_dags/example_xcom.py
[2024-09-22T11:16:00.050+0000] {processor.py:830} INFO - Processing file /home/airflow/.local/lib/python3.12/site-packages/airflow/example_dags/example_xcom.py for tasks to queue
[2024-09-22T11:16:00.053+0000] {logging_mixin.py:188} INFO - [2024-09-22T11:16:00.052+0000] {dagbag.py:545} INFO - Filling up the DagBag from /home/airflow/.local/lib/python3.12/site-packages/airflow/example_dags/example_xcom.py
[2024-09-22T11:16:00.063+0000] {processor.py:840} INFO - DAG(s) 'example_xcom' retrieved from /home/airflow/.local/lib/python3.12/site-packages/airflow/example_dags/example_xcom.py
[2024-09-22T11:16:00.092+0000] {logging_mixin.py:188} INFO - [2024-09-22T11:16:00.091+0000] {dag.py:3089} INFO - Sync 1 DAGs
[2024-09-22T11:16:00.119+0000] {logging_mixin.py:188} INFO - [2024-09-22T11:16:00.119+0000] {dag.py:3947} INFO - Setting next_dagrun for example_xcom to None, run_after=None
[2024-09-22T11:16:00.264+0000] {processor.py:183} INFO - Processing /home/airflow/.local/lib/python3.12/site-packages/airflow/example_dags/example_xcom.py took 0.286 seconds
[2024-09-22T11:16:50.942+0000] {processor.py:161} INFO - Started process (PID=209) to work on /home/airflow/.local/lib/python3.12/site-packages/airflow/example_dags/example_xcom.py
[2024-09-22T11:16:51.127+0000] {processor.py:830} INFO - Processing file /home/airflow/.local/lib/python3.12/site-packages/airflow/example_dags/example_xcom.py for tasks to queue
[2024-09-22T11:16:51.133+0000] {logging_mixin.py:188} INFO - [2024-09-22T11:16:51.133+0000] {dagbag.py:545} INFO - Filling up the DagBag from /home/airflow/.local/lib/python3.12/site-packages/airflow/example_dags/example_xcom.py
[2024-09-22T11:16:51.152+0000] {processor.py:840} INFO - DAG(s) 'example_xcom' retrieved from /home/airflow/.local/lib/python3.12/site-packages/airflow/example_dags/example_xcom.py
[2024-09-22T11:16:51.195+0000] {logging_mixin.py:188} INFO - [2024-09-22T11:16:51.194+0000] {dag.py:3089} INFO - Sync 1 DAGs
[2024-09-22T11:16:51.236+0000] {logging_mixin.py:188} INFO - [2024-09-22T11:16:51.236+0000] {dag.py:3947} INFO - Setting next_dagrun for example_xcom to None, run_after=None
[2024-09-22T11:16:51.383+0000] {processor.py:183} INFO - Processing /home/airflow/.local/lib/python3.12/site-packages/airflow/example_dags/example_xcom.py took 0.461 seconds
[2024-09-22T11:17:37.135+0000] {processor.py:161} INFO - Started process (PID=301) to work on /home/airflow/.local/lib/python3.12/site-packages/airflow/example_dags/example_xcom.py
[2024-09-22T11:17:37.327+0000] {processor.py:830} INFO - Processing file /home/airflow/.local/lib/python3.12/site-packages/airflow/example_dags/example_xcom.py for tasks to queue
[2024-09-22T11:17:37.328+0000] {logging_mixin.py:188} INFO - [2024-09-22T11:17:37.328+0000] {dagbag.py:545} INFO - Filling up the DagBag from /home/airflow/.local/lib/python3.12/site-packages/airflow/example_dags/example_xcom.py
[2024-09-22T11:17:37.375+0000] {processor.py:840} INFO - DAG(s) 'example_xcom' retrieved from /home/airflow/.local/lib/python3.12/site-packages/airflow/example_dags/example_xcom.py
[2024-09-22T11:17:37.526+0000] {logging_mixin.py:188} INFO - [2024-09-22T11:17:37.525+0000] {dag.py:3089} INFO - Sync 1 DAGs
[2024-09-22T11:17:37.719+0000] {logging_mixin.py:188} INFO - [2024-09-22T11:17:37.718+0000] {dag.py:3947} INFO - Setting next_dagrun for example_xcom to None, run_after=None
[2024-09-22T11:17:38.144+0000] {processor.py:183} INFO - Processing /home/airflow/.local/lib/python3.12/site-packages/airflow/example_dags/example_xcom.py took 1.031 seconds
[2024-09-22T11:18:08.773+0000] {processor.py:161} INFO - Started process (PID=385) to work on /home/airflow/.local/lib/python3.12/site-packages/airflow/example_dags/example_xcom.py
[2024-09-22T11:18:08.927+0000] {processor.py:830} INFO - Processing file /home/airflow/.local/lib/python3.12/site-packages/airflow/example_dags/example_xcom.py for tasks to queue
[2024-09-22T11:18:08.930+0000] {logging_mixin.py:188} INFO - [2024-09-22T11:18:08.929+0000] {dagbag.py:545} INFO - Filling up the DagBag from /home/airflow/.local/lib/python3.12/site-packages/airflow/example_dags/example_xcom.py
[2024-09-22T11:18:08.956+0000] {processor.py:840} INFO - DAG(s) 'example_xcom' retrieved from /home/airflow/.local/lib/python3.12/site-packages/airflow/example_dags/example_xcom.py
[2024-09-22T11:18:09.028+0000] {logging_mixin.py:188} INFO - [2024-09-22T11:18:09.027+0000] {dag.py:3089} INFO - Sync 1 DAGs
[2024-09-22T11:18:09.099+0000] {logging_mixin.py:188} INFO - [2024-09-22T11:18:09.098+0000] {dag.py:3947} INFO - Setting next_dagrun for example_xcom to None, run_after=None
[2024-09-22T11:18:09.865+0000] {processor.py:183} INFO - Processing /home/airflow/.local/lib/python3.12/site-packages/airflow/example_dags/example_xcom.py took 1.106 seconds
[2024-09-22T11:19:06.169+0000] {processor.py:161} INFO - Started process (PID=483) to work on /home/airflow/.local/lib/python3.12/site-packages/airflow/example_dags/example_xcom.py
[2024-09-22T11:19:06.328+0000] {processor.py:830} INFO - Processing file /home/airflow/.local/lib/python3.12/site-packages/airflow/example_dags/example_xcom.py for tasks to queue
[2024-09-22T11:19:06.330+0000] {logging_mixin.py:188} INFO - [2024-09-22T11:19:06.329+0000] {dagbag.py:545} INFO - Filling up the DagBag from /home/airflow/.local/lib/python3.12/site-packages/airflow/example_dags/example_xcom.py
[2024-09-22T11:19:06.354+0000] {processor.py:840} INFO - DAG(s) 'example_xcom' retrieved from /home/airflow/.local/lib/python3.12/site-packages/airflow/example_dags/example_xcom.py
[2024-09-22T11:19:06.577+0000] {logging_mixin.py:188} INFO - [2024-09-22T11:19:06.577+0000] {dag.py:3089} INFO - Sync 1 DAGs
[2024-09-22T11:19:06.669+0000] {logging_mixin.py:188} INFO - [2024-09-22T11:19:06.668+0000] {dag.py:3947} INFO - Setting next_dagrun for example_xcom to None, run_after=None
[2024-09-22T11:19:06.963+0000] {processor.py:183} INFO - Processing /home/airflow/.local/lib/python3.12/site-packages/airflow/example_dags/example_xcom.py took 0.831 seconds
[2024-09-22T11:19:39.583+0000] {processor.py:161} INFO - Started process (PID=557) to work on /home/airflow/.local/lib/python3.12/site-packages/airflow/example_dags/example_xcom.py
[2024-09-22T11:19:39.639+0000] {processor.py:830} INFO - Processing file /home/airflow/.local/lib/python3.12/site-packages/airflow/example_dags/example_xcom.py for tasks to queue
[2024-09-22T11:19:39.640+0000] {logging_mixin.py:188} INFO - [2024-09-22T11:19:39.640+0000] {dagbag.py:545} INFO - Filling up the DagBag from /home/airflow/.local/lib/python3.12/site-packages/airflow/example_dags/example_xcom.py
[2024-09-22T11:19:39.668+0000] {processor.py:840} INFO - DAG(s) 'example_xcom' retrieved from /home/airflow/.local/lib/python3.12/site-packages/airflow/example_dags/example_xcom.py
[2024-09-22T11:19:39.750+0000] {logging_mixin.py:188} INFO - [2024-09-22T11:19:39.749+0000] {dag.py:3089} INFO - Sync 1 DAGs
[2024-09-22T11:19:39.810+0000] {logging_mixin.py:188} INFO - [2024-09-22T11:19:39.810+0000] {dag.py:3947} INFO - Setting next_dagrun for example_xcom to None, run_after=None
[2024-09-22T11:19:40.523+0000] {processor.py:183} INFO - Processing /home/airflow/.local/lib/python3.12/site-packages/airflow/example_dags/example_xcom.py took 0.950 seconds
[2024-09-22T11:20:14.562+0000] {processor.py:161} INFO - Started process (PID=638) to work on /home/airflow/.local/lib/python3.12/site-packages/airflow/example_dags/example_xcom.py
[2024-09-22T11:20:14.916+0000] {processor.py:830} INFO - Processing file /home/airflow/.local/lib/python3.12/site-packages/airflow/example_dags/example_xcom.py for tasks to queue
[2024-09-22T11:20:14.917+0000] {logging_mixin.py:188} INFO - [2024-09-22T11:20:14.916+0000] {dagbag.py:545} INFO - Filling up the DagBag from /home/airflow/.local/lib/python3.12/site-packages/airflow/example_dags/example_xcom.py
[2024-09-22T11:20:14.966+0000] {processor.py:840} INFO - DAG(s) 'example_xcom' retrieved from /home/airflow/.local/lib/python3.12/site-packages/airflow/example_dags/example_xcom.py
[2024-09-22T11:20:15.060+0000] {logging_mixin.py:188} INFO - [2024-09-22T11:20:15.059+0000] {dag.py:3089} INFO - Sync 1 DAGs
[2024-09-22T11:20:15.188+0000] {logging_mixin.py:188} INFO - [2024-09-22T11:20:15.188+0000] {dag.py:3947} INFO - Setting next_dagrun for example_xcom to None, run_after=None
[2024-09-22T11:20:15.840+0000] {processor.py:183} INFO - Processing /home/airflow/.local/lib/python3.12/site-packages/airflow/example_dags/example_xcom.py took 1.305 seconds
[2024-09-22T11:21:00.227+0000] {processor.py:161} INFO - Started process (PID=708) to work on /home/airflow/.local/lib/python3.12/site-packages/airflow/example_dags/example_xcom.py
[2024-09-22T11:21:00.322+0000] {processor.py:830} INFO - Processing file /home/airflow/.local/lib/python3.12/site-packages/airflow/example_dags/example_xcom.py for tasks to queue
[2024-09-22T11:21:00.334+0000] {logging_mixin.py:188} INFO - [2024-09-22T11:21:00.323+0000] {dagbag.py:545} INFO - Filling up the DagBag from /home/airflow/.local/lib/python3.12/site-packages/airflow/example_dags/example_xcom.py
[2024-09-22T11:21:00.380+0000] {processor.py:840} INFO - DAG(s) 'example_xcom' retrieved from /home/airflow/.local/lib/python3.12/site-packages/airflow/example_dags/example_xcom.py
[2024-09-22T11:21:00.467+0000] {logging_mixin.py:188} INFO - [2024-09-22T11:21:00.466+0000] {dag.py:3089} INFO - Sync 1 DAGs
[2024-09-22T11:21:00.555+0000] {logging_mixin.py:188} INFO - [2024-09-22T11:21:00.555+0000] {dag.py:3947} INFO - Setting next_dagrun for example_xcom to None, run_after=None
[2024-09-22T11:21:01.088+0000] {processor.py:183} INFO - Processing /home/airflow/.local/lib/python3.12/site-packages/airflow/example_dags/example_xcom.py took 0.911 seconds
[2024-09-22T11:22:07.134+0000] {processor.py:161} INFO - Started process (PID=797) to work on /home/airflow/.local/lib/python3.12/site-packages/airflow/example_dags/example_xcom.py
[2024-09-22T11:22:07.389+0000] {processor.py:830} INFO - Processing file /home/airflow/.local/lib/python3.12/site-packages/airflow/example_dags/example_xcom.py for tasks to queue
[2024-09-22T11:22:07.391+0000] {logging_mixin.py:188} INFO - [2024-09-22T11:22:07.390+0000] {dagbag.py:545} INFO - Filling up the DagBag from /home/airflow/.local/lib/python3.12/site-packages/airflow/example_dags/example_xcom.py
[2024-09-22T11:22:07.406+0000] {processor.py:840} INFO - DAG(s) 'example_xcom' retrieved from /home/airflow/.local/lib/python3.12/site-packages/airflow/example_dags/example_xcom.py
[2024-09-22T11:22:07.445+0000] {logging_mixin.py:188} INFO - [2024-09-22T11:22:07.444+0000] {dag.py:3089} INFO - Sync 1 DAGs
[2024-09-22T11:22:07.481+0000] {logging_mixin.py:188} INFO - [2024-09-22T11:22:07.480+0000] {dag.py:3947} INFO - Setting next_dagrun for example_xcom to None, run_after=None
[2024-09-22T11:22:08.960+0000] {processor.py:183} INFO - Processing /home/airflow/.local/lib/python3.12/site-packages/airflow/example_dags/example_xcom.py took 1.840 seconds
[2024-09-22T11:23:00.929+0000] {processor.py:161} INFO - Started process (PID=874) to work on /home/airflow/.local/lib/python3.12/site-packages/airflow/example_dags/example_xcom.py
[2024-09-22T11:23:00.931+0000] {processor.py:830} INFO - Processing file /home/airflow/.local/lib/python3.12/site-packages/airflow/example_dags/example_xcom.py for tasks to queue
[2024-09-22T11:23:00.933+0000] {logging_mixin.py:188} INFO - [2024-09-22T11:23:00.932+0000] {dagbag.py:545} INFO - Filling up the DagBag from /home/airflow/.local/lib/python3.12/site-packages/airflow/example_dags/example_xcom.py
[2024-09-22T11:23:00.950+0000] {processor.py:840} INFO - DAG(s) 'example_xcom' retrieved from /home/airflow/.local/lib/python3.12/site-packages/airflow/example_dags/example_xcom.py
[2024-09-22T11:23:01.402+0000] {logging_mixin.py:188} INFO - [2024-09-22T11:23:01.401+0000] {dag.py:3089} INFO - Sync 1 DAGs
[2024-09-22T11:23:01.446+0000] {logging_mixin.py:188} INFO - [2024-09-22T11:23:01.445+0000] {dag.py:3947} INFO - Setting next_dagrun for example_xcom to None, run_after=None
[2024-09-22T11:23:01.837+0000] {processor.py:183} INFO - Processing /home/airflow/.local/lib/python3.12/site-packages/airflow/example_dags/example_xcom.py took 0.919 seconds
[2024-09-22T11:24:38.696+0000] {processor.py:161} INFO - Started process (PID=979) to work on /home/airflow/.local/lib/python3.12/site-packages/airflow/example_dags/example_xcom.py
[2024-09-22T11:24:39.371+0000] {processor.py:830} INFO - Processing file /home/airflow/.local/lib/python3.12/site-packages/airflow/example_dags/example_xcom.py for tasks to queue
[2024-09-22T11:24:39.373+0000] {logging_mixin.py:188} INFO - [2024-09-22T11:24:39.372+0000] {dagbag.py:545} INFO - Filling up the DagBag from /home/airflow/.local/lib/python3.12/site-packages/airflow/example_dags/example_xcom.py
[2024-09-22T11:24:39.581+0000] {processor.py:840} INFO - DAG(s) 'example_xcom' retrieved from /home/airflow/.local/lib/python3.12/site-packages/airflow/example_dags/example_xcom.py
[2024-09-22T11:24:39.623+0000] {logging_mixin.py:188} INFO - [2024-09-22T11:24:39.623+0000] {dag.py:3089} INFO - Sync 1 DAGs
[2024-09-22T11:24:39.677+0000] {logging_mixin.py:188} INFO - [2024-09-22T11:24:39.676+0000] {dag.py:3947} INFO - Setting next_dagrun for example_xcom to None, run_after=None
[2024-09-22T11:24:40.142+0000] {processor.py:183} INFO - Processing /home/airflow/.local/lib/python3.12/site-packages/airflow/example_dags/example_xcom.py took 1.458 seconds
[2024-09-22T11:25:42.662+0000] {processor.py:161} INFO - Started process (PID=1056) to work on /home/airflow/.local/lib/python3.12/site-packages/airflow/example_dags/example_xcom.py
[2024-09-22T11:25:43.055+0000] {processor.py:830} INFO - Processing file /home/airflow/.local/lib/python3.12/site-packages/airflow/example_dags/example_xcom.py for tasks to queue
[2024-09-22T11:25:43.057+0000] {logging_mixin.py:188} INFO - [2024-09-22T11:25:43.056+0000] {dagbag.py:545} INFO - Filling up the DagBag from /home/airflow/.local/lib/python3.12/site-packages/airflow/example_dags/example_xcom.py
[2024-09-22T11:25:43.069+0000] {processor.py:840} INFO - DAG(s) 'example_xcom' retrieved from /home/airflow/.local/lib/python3.12/site-packages/airflow/example_dags/example_xcom.py
[2024-09-22T11:25:43.105+0000] {logging_mixin.py:188} INFO - [2024-09-22T11:25:43.105+0000] {dag.py:3089} INFO - Sync 1 DAGs
[2024-09-22T11:25:43.139+0000] {logging_mixin.py:188} INFO - [2024-09-22T11:25:43.139+0000] {dag.py:3947} INFO - Setting next_dagrun for example_xcom to None, run_after=None
[2024-09-22T11:25:43.629+0000] {processor.py:183} INFO - Processing /home/airflow/.local/lib/python3.12/site-packages/airflow/example_dags/example_xcom.py took 0.984 seconds
[2024-09-22T11:27:18.016+0000] {processor.py:161} INFO - Started process (PID=1124) to work on /home/airflow/.local/lib/python3.12/site-packages/airflow/example_dags/example_xcom.py
[2024-09-22T11:27:18.223+0000] {processor.py:830} INFO - Processing file /home/airflow/.local/lib/python3.12/site-packages/airflow/example_dags/example_xcom.py for tasks to queue
[2024-09-22T11:27:18.226+0000] {logging_mixin.py:188} INFO - [2024-09-22T11:27:18.225+0000] {dagbag.py:545} INFO - Filling up the DagBag from /home/airflow/.local/lib/python3.12/site-packages/airflow/example_dags/example_xcom.py
[2024-09-22T11:27:18.246+0000] {processor.py:840} INFO - DAG(s) 'example_xcom' retrieved from /home/airflow/.local/lib/python3.12/site-packages/airflow/example_dags/example_xcom.py
[2024-09-22T11:27:18.294+0000] {logging_mixin.py:188} INFO - [2024-09-22T11:27:18.294+0000] {dag.py:3089} INFO - Sync 1 DAGs
[2024-09-22T11:27:18.322+0000] {logging_mixin.py:188} INFO - [2024-09-22T11:27:18.322+0000] {dag.py:3947} INFO - Setting next_dagrun for example_xcom to None, run_after=None
[2024-09-22T11:27:18.563+0000] {processor.py:183} INFO - Processing /home/airflow/.local/lib/python3.12/site-packages/airflow/example_dags/example_xcom.py took 0.555 seconds
[2024-09-22T11:28:32.579+0000] {processor.py:161} INFO - Started process (PID=1209) to work on /home/airflow/.local/lib/python3.12/site-packages/airflow/example_dags/example_xcom.py
[2024-09-22T11:28:32.972+0000] {processor.py:830} INFO - Processing file /home/airflow/.local/lib/python3.12/site-packages/airflow/example_dags/example_xcom.py for tasks to queue
[2024-09-22T11:28:32.973+0000] {logging_mixin.py:188} INFO - [2024-09-22T11:28:32.973+0000] {dagbag.py:545} INFO - Filling up the DagBag from /home/airflow/.local/lib/python3.12/site-packages/airflow/example_dags/example_xcom.py
[2024-09-22T11:28:32.985+0000] {processor.py:840} INFO - DAG(s) 'example_xcom' retrieved from /home/airflow/.local/lib/python3.12/site-packages/airflow/example_dags/example_xcom.py
[2024-09-22T11:28:33.016+0000] {logging_mixin.py:188} INFO - [2024-09-22T11:28:33.015+0000] {dag.py:3089} INFO - Sync 1 DAGs
[2024-09-22T11:28:33.044+0000] {logging_mixin.py:188} INFO - [2024-09-22T11:28:33.044+0000] {dag.py:3947} INFO - Setting next_dagrun for example_xcom to None, run_after=None
[2024-09-22T11:28:33.287+0000] {processor.py:183} INFO - Processing /home/airflow/.local/lib/python3.12/site-packages/airflow/example_dags/example_xcom.py took 0.738 seconds
[2024-09-22T11:29:14.728+0000] {processor.py:161} INFO - Started process (PID=1295) to work on /home/airflow/.local/lib/python3.12/site-packages/airflow/example_dags/example_xcom.py
[2024-09-22T11:29:14.730+0000] {processor.py:830} INFO - Processing file /home/airflow/.local/lib/python3.12/site-packages/airflow/example_dags/example_xcom.py for tasks to queue
[2024-09-22T11:29:14.732+0000] {logging_mixin.py:188} INFO - [2024-09-22T11:29:14.731+0000] {dagbag.py:545} INFO - Filling up the DagBag from /home/airflow/.local/lib/python3.12/site-packages/airflow/example_dags/example_xcom.py
[2024-09-22T11:29:14.745+0000] {processor.py:840} INFO - DAG(s) 'example_xcom' retrieved from /home/airflow/.local/lib/python3.12/site-packages/airflow/example_dags/example_xcom.py
[2024-09-22T11:29:14.779+0000] {logging_mixin.py:188} INFO - [2024-09-22T11:29:14.779+0000] {dag.py:3089} INFO - Sync 1 DAGs
[2024-09-22T11:29:14.811+0000] {logging_mixin.py:188} INFO - [2024-09-22T11:29:14.811+0000] {dag.py:3947} INFO - Setting next_dagrun for example_xcom to None, run_after=None
[2024-09-22T11:29:15.038+0000] {processor.py:183} INFO - Processing /home/airflow/.local/lib/python3.12/site-packages/airflow/example_dags/example_xcom.py took 0.321 seconds
[2024-09-22T11:29:45.244+0000] {processor.py:161} INFO - Started process (PID=1352) to work on /home/airflow/.local/lib/python3.12/site-packages/airflow/example_dags/example_xcom.py
[2024-09-22T11:29:45.245+0000] {processor.py:830} INFO - Processing file /home/airflow/.local/lib/python3.12/site-packages/airflow/example_dags/example_xcom.py for tasks to queue
[2024-09-22T11:29:45.246+0000] {logging_mixin.py:188} INFO - [2024-09-22T11:29:45.246+0000] {dagbag.py:545} INFO - Filling up the DagBag from /home/airflow/.local/lib/python3.12/site-packages/airflow/example_dags/example_xcom.py
[2024-09-22T11:29:45.259+0000] {processor.py:840} INFO - DAG(s) 'example_xcom' retrieved from /home/airflow/.local/lib/python3.12/site-packages/airflow/example_dags/example_xcom.py
[2024-09-22T11:29:45.304+0000] {logging_mixin.py:188} INFO - [2024-09-22T11:29:45.304+0000] {dag.py:3089} INFO - Sync 1 DAGs
[2024-09-22T11:29:45.372+0000] {logging_mixin.py:188} INFO - [2024-09-22T11:29:45.371+0000] {dag.py:3947} INFO - Setting next_dagrun for example_xcom to None, run_after=None
[2024-09-22T11:29:45.590+0000] {processor.py:183} INFO - Processing /home/airflow/.local/lib/python3.12/site-packages/airflow/example_dags/example_xcom.py took 0.355 seconds
[2024-09-22T11:30:19.131+0000] {processor.py:161} INFO - Started process (PID=1420) to work on /home/airflow/.local/lib/python3.12/site-packages/airflow/example_dags/example_xcom.py
[2024-09-22T11:30:19.228+0000] {processor.py:830} INFO - Processing file /home/airflow/.local/lib/python3.12/site-packages/airflow/example_dags/example_xcom.py for tasks to queue
[2024-09-22T11:30:19.229+0000] {logging_mixin.py:188} INFO - [2024-09-22T11:30:19.229+0000] {dagbag.py:545} INFO - Filling up the DagBag from /home/airflow/.local/lib/python3.12/site-packages/airflow/example_dags/example_xcom.py
[2024-09-22T11:30:19.244+0000] {processor.py:840} INFO - DAG(s) 'example_xcom' retrieved from /home/airflow/.local/lib/python3.12/site-packages/airflow/example_dags/example_xcom.py
[2024-09-22T11:30:19.323+0000] {logging_mixin.py:188} INFO - [2024-09-22T11:30:19.323+0000] {dag.py:3089} INFO - Sync 1 DAGs
[2024-09-22T11:30:19.365+0000] {logging_mixin.py:188} INFO - [2024-09-22T11:30:19.365+0000] {dag.py:3947} INFO - Setting next_dagrun for example_xcom to None, run_after=None
[2024-09-22T11:30:19.555+0000] {processor.py:183} INFO - Processing /home/airflow/.local/lib/python3.12/site-packages/airflow/example_dags/example_xcom.py took 0.434 seconds
[2024-09-22T11:30:50.026+0000] {processor.py:161} INFO - Started process (PID=1486) to work on /home/airflow/.local/lib/python3.12/site-packages/airflow/example_dags/example_xcom.py
[2024-09-22T11:30:50.027+0000] {processor.py:830} INFO - Processing file /home/airflow/.local/lib/python3.12/site-packages/airflow/example_dags/example_xcom.py for tasks to queue
[2024-09-22T11:30:50.028+0000] {logging_mixin.py:188} INFO - [2024-09-22T11:30:50.028+0000] {dagbag.py:545} INFO - Filling up the DagBag from /home/airflow/.local/lib/python3.12/site-packages/airflow/example_dags/example_xcom.py
[2024-09-22T11:30:50.042+0000] {processor.py:840} INFO - DAG(s) 'example_xcom' retrieved from /home/airflow/.local/lib/python3.12/site-packages/airflow/example_dags/example_xcom.py
[2024-09-22T11:30:50.074+0000] {logging_mixin.py:188} INFO - [2024-09-22T11:30:50.074+0000] {dag.py:3089} INFO - Sync 1 DAGs
[2024-09-22T11:30:50.111+0000] {logging_mixin.py:188} INFO - [2024-09-22T11:30:50.110+0000] {dag.py:3947} INFO - Setting next_dagrun for example_xcom to None, run_after=None
[2024-09-22T11:30:50.312+0000] {processor.py:183} INFO - Processing /home/airflow/.local/lib/python3.12/site-packages/airflow/example_dags/example_xcom.py took 0.296 seconds
[2024-09-22T11:31:33.960+0000] {processor.py:161} INFO - Started process (PID=1559) to work on /home/airflow/.local/lib/python3.12/site-packages/airflow/example_dags/example_xcom.py
[2024-09-22T11:31:34.156+0000] {processor.py:830} INFO - Processing file /home/airflow/.local/lib/python3.12/site-packages/airflow/example_dags/example_xcom.py for tasks to queue
[2024-09-22T11:31:34.158+0000] {logging_mixin.py:188} INFO - [2024-09-22T11:31:34.157+0000] {dagbag.py:545} INFO - Filling up the DagBag from /home/airflow/.local/lib/python3.12/site-packages/airflow/example_dags/example_xcom.py
[2024-09-22T11:31:34.180+0000] {processor.py:840} INFO - DAG(s) 'example_xcom' retrieved from /home/airflow/.local/lib/python3.12/site-packages/airflow/example_dags/example_xcom.py
[2024-09-22T11:31:34.240+0000] {logging_mixin.py:188} INFO - [2024-09-22T11:31:34.239+0000] {dag.py:3089} INFO - Sync 1 DAGs
[2024-09-22T11:31:34.355+0000] {logging_mixin.py:188} INFO - [2024-09-22T11:31:34.354+0000] {dag.py:3947} INFO - Setting next_dagrun for example_xcom to None, run_after=None
[2024-09-22T11:31:34.589+0000] {processor.py:183} INFO - Processing /home/airflow/.local/lib/python3.12/site-packages/airflow/example_dags/example_xcom.py took 0.647 seconds
[2024-09-22T11:33:06.044+0000] {processor.py:161} INFO - Started process (PID=1660) to work on /home/airflow/.local/lib/python3.12/site-packages/airflow/example_dags/example_xcom.py
[2024-09-22T11:33:06.314+0000] {processor.py:830} INFO - Processing file /home/airflow/.local/lib/python3.12/site-packages/airflow/example_dags/example_xcom.py for tasks to queue
[2024-09-22T11:33:06.316+0000] {logging_mixin.py:188} INFO - [2024-09-22T11:33:06.315+0000] {dagbag.py:545} INFO - Filling up the DagBag from /home/airflow/.local/lib/python3.12/site-packages/airflow/example_dags/example_xcom.py
[2024-09-22T11:33:06.328+0000] {processor.py:840} INFO - DAG(s) 'example_xcom' retrieved from /home/airflow/.local/lib/python3.12/site-packages/airflow/example_dags/example_xcom.py
[2024-09-22T11:33:06.375+0000] {logging_mixin.py:188} INFO - [2024-09-22T11:33:06.374+0000] {dag.py:3089} INFO - Sync 1 DAGs
[2024-09-22T11:33:06.416+0000] {logging_mixin.py:188} INFO - [2024-09-22T11:33:06.415+0000] {dag.py:3947} INFO - Setting next_dagrun for example_xcom to None, run_after=None
[2024-09-22T11:33:06.684+0000] {processor.py:183} INFO - Processing /home/airflow/.local/lib/python3.12/site-packages/airflow/example_dags/example_xcom.py took 0.649 seconds
[2024-09-22T11:33:43.327+0000] {processor.py:161} INFO - Started process (PID=1729) to work on /home/airflow/.local/lib/python3.12/site-packages/airflow/example_dags/example_xcom.py
[2024-09-22T11:33:43.427+0000] {processor.py:830} INFO - Processing file /home/airflow/.local/lib/python3.12/site-packages/airflow/example_dags/example_xcom.py for tasks to queue
[2024-09-22T11:33:43.445+0000] {logging_mixin.py:188} INFO - [2024-09-22T11:33:43.436+0000] {dagbag.py:545} INFO - Filling up the DagBag from /home/airflow/.local/lib/python3.12/site-packages/airflow/example_dags/example_xcom.py
[2024-09-22T11:33:43.647+0000] {processor.py:840} INFO - DAG(s) 'example_xcom' retrieved from /home/airflow/.local/lib/python3.12/site-packages/airflow/example_dags/example_xcom.py
[2024-09-22T11:33:44.059+0000] {logging_mixin.py:188} INFO - [2024-09-22T11:33:44.050+0000] {dag.py:3089} INFO - Sync 1 DAGs
[2024-09-22T11:33:44.607+0000] {logging_mixin.py:188} INFO - [2024-09-22T11:33:44.607+0000] {dag.py:3947} INFO - Setting next_dagrun for example_xcom to None, run_after=None
[2024-09-22T11:33:45.061+0000] {processor.py:183} INFO - Processing /home/airflow/.local/lib/python3.12/site-packages/airflow/example_dags/example_xcom.py took 1.747 seconds
[2024-09-22T11:34:17.960+0000] {processor.py:161} INFO - Started process (PID=1798) to work on /home/airflow/.local/lib/python3.12/site-packages/airflow/example_dags/example_xcom.py
[2024-09-22T11:34:18.165+0000] {processor.py:830} INFO - Processing file /home/airflow/.local/lib/python3.12/site-packages/airflow/example_dags/example_xcom.py for tasks to queue
[2024-09-22T11:34:18.166+0000] {logging_mixin.py:188} INFO - [2024-09-22T11:34:18.166+0000] {dagbag.py:545} INFO - Filling up the DagBag from /home/airflow/.local/lib/python3.12/site-packages/airflow/example_dags/example_xcom.py
[2024-09-22T11:34:18.184+0000] {processor.py:840} INFO - DAG(s) 'example_xcom' retrieved from /home/airflow/.local/lib/python3.12/site-packages/airflow/example_dags/example_xcom.py
[2024-09-22T11:34:18.238+0000] {logging_mixin.py:188} INFO - [2024-09-22T11:34:18.237+0000] {dag.py:3089} INFO - Sync 1 DAGs
[2024-09-22T11:34:18.277+0000] {logging_mixin.py:188} INFO - [2024-09-22T11:34:18.277+0000] {dag.py:3947} INFO - Setting next_dagrun for example_xcom to None, run_after=None
[2024-09-22T11:34:19.420+0000] {processor.py:183} INFO - Processing /home/airflow/.local/lib/python3.12/site-packages/airflow/example_dags/example_xcom.py took 1.469 seconds
[2024-09-22T11:34:49.723+0000] {processor.py:161} INFO - Started process (PID=1860) to work on /home/airflow/.local/lib/python3.12/site-packages/airflow/example_dags/example_xcom.py
[2024-09-22T11:34:49.726+0000] {processor.py:830} INFO - Processing file /home/airflow/.local/lib/python3.12/site-packages/airflow/example_dags/example_xcom.py for tasks to queue
[2024-09-22T11:34:49.728+0000] {logging_mixin.py:188} INFO - [2024-09-22T11:34:49.727+0000] {dagbag.py:545} INFO - Filling up the DagBag from /home/airflow/.local/lib/python3.12/site-packages/airflow/example_dags/example_xcom.py
[2024-09-22T11:34:49.752+0000] {processor.py:840} INFO - DAG(s) 'example_xcom' retrieved from /home/airflow/.local/lib/python3.12/site-packages/airflow/example_dags/example_xcom.py
[2024-09-22T11:34:49.803+0000] {logging_mixin.py:188} INFO - [2024-09-22T11:34:49.803+0000] {dag.py:3089} INFO - Sync 1 DAGs
[2024-09-22T11:34:49.852+0000] {logging_mixin.py:188} INFO - [2024-09-22T11:34:49.852+0000] {dag.py:3947} INFO - Setting next_dagrun for example_xcom to None, run_after=None
[2024-09-22T11:34:50.257+0000] {processor.py:183} INFO - Processing /home/airflow/.local/lib/python3.12/site-packages/airflow/example_dags/example_xcom.py took 0.561 seconds
[2024-09-22T11:35:20.903+0000] {processor.py:161} INFO - Started process (PID=1918) to work on /home/airflow/.local/lib/python3.12/site-packages/airflow/example_dags/example_xcom.py
[2024-09-22T11:35:20.907+0000] {processor.py:830} INFO - Processing file /home/airflow/.local/lib/python3.12/site-packages/airflow/example_dags/example_xcom.py for tasks to queue
[2024-09-22T11:35:20.909+0000] {logging_mixin.py:188} INFO - [2024-09-22T11:35:20.908+0000] {dagbag.py:545} INFO - Filling up the DagBag from /home/airflow/.local/lib/python3.12/site-packages/airflow/example_dags/example_xcom.py
[2024-09-22T11:35:20.934+0000] {processor.py:840} INFO - DAG(s) 'example_xcom' retrieved from /home/airflow/.local/lib/python3.12/site-packages/airflow/example_dags/example_xcom.py
[2024-09-22T11:35:20.989+0000] {logging_mixin.py:188} INFO - [2024-09-22T11:35:20.988+0000] {dag.py:3089} INFO - Sync 1 DAGs
[2024-09-22T11:35:21.084+0000] {logging_mixin.py:188} INFO - [2024-09-22T11:35:21.083+0000] {dag.py:3947} INFO - Setting next_dagrun for example_xcom to None, run_after=None
[2024-09-22T11:35:21.415+0000] {processor.py:183} INFO - Processing /home/airflow/.local/lib/python3.12/site-packages/airflow/example_dags/example_xcom.py took 0.547 seconds
[2024-09-22T11:35:54.212+0000] {processor.py:161} INFO - Started process (PID=1984) to work on /home/airflow/.local/lib/python3.12/site-packages/airflow/example_dags/example_xcom.py
[2024-09-22T11:35:54.289+0000] {processor.py:830} INFO - Processing file /home/airflow/.local/lib/python3.12/site-packages/airflow/example_dags/example_xcom.py for tasks to queue
[2024-09-22T11:35:54.291+0000] {logging_mixin.py:188} INFO - [2024-09-22T11:35:54.290+0000] {dagbag.py:545} INFO - Filling up the DagBag from /home/airflow/.local/lib/python3.12/site-packages/airflow/example_dags/example_xcom.py
[2024-09-22T11:35:54.308+0000] {processor.py:840} INFO - DAG(s) 'example_xcom' retrieved from /home/airflow/.local/lib/python3.12/site-packages/airflow/example_dags/example_xcom.py
[2024-09-22T11:35:54.394+0000] {logging_mixin.py:188} INFO - [2024-09-22T11:35:54.393+0000] {dag.py:3089} INFO - Sync 1 DAGs
[2024-09-22T11:35:54.451+0000] {logging_mixin.py:188} INFO - [2024-09-22T11:35:54.450+0000] {dag.py:3947} INFO - Setting next_dagrun for example_xcom to None, run_after=None
[2024-09-22T11:35:54.739+0000] {processor.py:183} INFO - Processing /home/airflow/.local/lib/python3.12/site-packages/airflow/example_dags/example_xcom.py took 0.541 seconds
[2024-09-22T11:41:20.494+0000] {processor.py:161} INFO - Started process (PID=2149) to work on /home/airflow/.local/lib/python3.12/site-packages/airflow/example_dags/example_xcom.py
[2024-09-22T11:41:20.646+0000] {processor.py:830} INFO - Processing file /home/airflow/.local/lib/python3.12/site-packages/airflow/example_dags/example_xcom.py for tasks to queue
[2024-09-22T11:41:20.647+0000] {logging_mixin.py:188} INFO - [2024-09-22T11:41:20.647+0000] {dagbag.py:545} INFO - Filling up the DagBag from /home/airflow/.local/lib/python3.12/site-packages/airflow/example_dags/example_xcom.py
[2024-09-22T11:41:20.660+0000] {processor.py:840} INFO - DAG(s) 'example_xcom' retrieved from /home/airflow/.local/lib/python3.12/site-packages/airflow/example_dags/example_xcom.py
[2024-09-22T11:41:20.704+0000] {logging_mixin.py:188} INFO - [2024-09-22T11:41:20.703+0000] {dag.py:3089} INFO - Sync 1 DAGs
[2024-09-22T11:41:20.751+0000] {logging_mixin.py:188} INFO - [2024-09-22T11:41:20.750+0000] {dag.py:3947} INFO - Setting next_dagrun for example_xcom to None, run_after=None
[2024-09-22T11:41:20.975+0000] {processor.py:183} INFO - Processing /home/airflow/.local/lib/python3.12/site-packages/airflow/example_dags/example_xcom.py took 0.493 seconds
[2024-09-22T11:41:59.808+0000] {processor.py:161} INFO - Started process (PID=2223) to work on /home/airflow/.local/lib/python3.12/site-packages/airflow/example_dags/example_xcom.py
[2024-09-22T11:41:59.812+0000] {processor.py:830} INFO - Processing file /home/airflow/.local/lib/python3.12/site-packages/airflow/example_dags/example_xcom.py for tasks to queue
[2024-09-22T11:41:59.818+0000] {logging_mixin.py:188} INFO - [2024-09-22T11:41:59.816+0000] {dagbag.py:545} INFO - Filling up the DagBag from /home/airflow/.local/lib/python3.12/site-packages/airflow/example_dags/example_xcom.py
[2024-09-22T11:41:59.879+0000] {processor.py:840} INFO - DAG(s) 'example_xcom' retrieved from /home/airflow/.local/lib/python3.12/site-packages/airflow/example_dags/example_xcom.py
[2024-09-22T11:42:00.132+0000] {logging_mixin.py:188} INFO - [2024-09-22T11:42:00.129+0000] {dag.py:3089} INFO - Sync 1 DAGs
[2024-09-22T11:42:00.449+0000] {logging_mixin.py:188} INFO - [2024-09-22T11:42:00.448+0000] {dag.py:3947} INFO - Setting next_dagrun for example_xcom to None, run_after=None
[2024-09-22T11:42:01.220+0000] {processor.py:183} INFO - Processing /home/airflow/.local/lib/python3.12/site-packages/airflow/example_dags/example_xcom.py took 1.440 seconds
[2024-09-22T11:42:32.362+0000] {processor.py:161} INFO - Started process (PID=2299) to work on /home/airflow/.local/lib/python3.12/site-packages/airflow/example_dags/example_xcom.py
[2024-09-22T11:42:32.363+0000] {processor.py:830} INFO - Processing file /home/airflow/.local/lib/python3.12/site-packages/airflow/example_dags/example_xcom.py for tasks to queue
[2024-09-22T11:42:32.368+0000] {logging_mixin.py:188} INFO - [2024-09-22T11:42:32.367+0000] {dagbag.py:545} INFO - Filling up the DagBag from /home/airflow/.local/lib/python3.12/site-packages/airflow/example_dags/example_xcom.py
[2024-09-22T11:42:32.384+0000] {processor.py:840} INFO - DAG(s) 'example_xcom' retrieved from /home/airflow/.local/lib/python3.12/site-packages/airflow/example_dags/example_xcom.py
[2024-09-22T11:42:32.464+0000] {logging_mixin.py:188} INFO - [2024-09-22T11:42:32.461+0000] {dag.py:3089} INFO - Sync 1 DAGs
[2024-09-22T11:42:32.565+0000] {logging_mixin.py:188} INFO - [2024-09-22T11:42:32.565+0000] {dag.py:3947} INFO - Setting next_dagrun for example_xcom to None, run_after=None
[2024-09-22T11:42:32.875+0000] {processor.py:183} INFO - Processing /home/airflow/.local/lib/python3.12/site-packages/airflow/example_dags/example_xcom.py took 0.549 seconds
[2024-09-22T11:43:03.327+0000] {processor.py:161} INFO - Started process (PID=2384) to work on /home/airflow/.local/lib/python3.12/site-packages/airflow/example_dags/example_xcom.py
[2024-09-22T11:43:03.328+0000] {processor.py:830} INFO - Processing file /home/airflow/.local/lib/python3.12/site-packages/airflow/example_dags/example_xcom.py for tasks to queue
[2024-09-22T11:43:03.330+0000] {logging_mixin.py:188} INFO - [2024-09-22T11:43:03.329+0000] {dagbag.py:545} INFO - Filling up the DagBag from /home/airflow/.local/lib/python3.12/site-packages/airflow/example_dags/example_xcom.py
[2024-09-22T11:43:03.369+0000] {processor.py:840} INFO - DAG(s) 'example_xcom' retrieved from /home/airflow/.local/lib/python3.12/site-packages/airflow/example_dags/example_xcom.py
[2024-09-22T11:43:03.468+0000] {logging_mixin.py:188} INFO - [2024-09-22T11:43:03.468+0000] {dag.py:3089} INFO - Sync 1 DAGs
[2024-09-22T11:43:03.523+0000] {logging_mixin.py:188} INFO - [2024-09-22T11:43:03.522+0000] {dag.py:3947} INFO - Setting next_dagrun for example_xcom to None, run_after=None
[2024-09-22T11:43:03.740+0000] {processor.py:183} INFO - Processing /home/airflow/.local/lib/python3.12/site-packages/airflow/example_dags/example_xcom.py took 0.436 seconds
[2024-09-22T11:43:36.452+0000] {processor.py:161} INFO - Started process (PID=2475) to work on /home/airflow/.local/lib/python3.12/site-packages/airflow/example_dags/example_xcom.py
[2024-09-22T11:43:36.573+0000] {processor.py:830} INFO - Processing file /home/airflow/.local/lib/python3.12/site-packages/airflow/example_dags/example_xcom.py for tasks to queue
[2024-09-22T11:43:36.575+0000] {logging_mixin.py:188} INFO - [2024-09-22T11:43:36.574+0000] {dagbag.py:545} INFO - Filling up the DagBag from /home/airflow/.local/lib/python3.12/site-packages/airflow/example_dags/example_xcom.py
[2024-09-22T11:43:36.601+0000] {processor.py:840} INFO - DAG(s) 'example_xcom' retrieved from /home/airflow/.local/lib/python3.12/site-packages/airflow/example_dags/example_xcom.py
[2024-09-22T11:43:36.685+0000] {logging_mixin.py:188} INFO - [2024-09-22T11:43:36.684+0000] {dag.py:3089} INFO - Sync 1 DAGs
[2024-09-22T11:43:36.769+0000] {logging_mixin.py:188} INFO - [2024-09-22T11:43:36.768+0000] {dag.py:3947} INFO - Setting next_dagrun for example_xcom to None, run_after=None
[2024-09-22T11:43:36.969+0000] {processor.py:183} INFO - Processing /home/airflow/.local/lib/python3.12/site-packages/airflow/example_dags/example_xcom.py took 0.544 seconds
[2024-09-22T11:44:07.728+0000] {processor.py:161} INFO - Started process (PID=2557) to work on /home/airflow/.local/lib/python3.12/site-packages/airflow/example_dags/example_xcom.py
[2024-09-22T11:44:07.729+0000] {processor.py:830} INFO - Processing file /home/airflow/.local/lib/python3.12/site-packages/airflow/example_dags/example_xcom.py for tasks to queue
[2024-09-22T11:44:07.730+0000] {logging_mixin.py:188} INFO - [2024-09-22T11:44:07.729+0000] {dagbag.py:545} INFO - Filling up the DagBag from /home/airflow/.local/lib/python3.12/site-packages/airflow/example_dags/example_xcom.py
[2024-09-22T11:44:07.744+0000] {processor.py:840} INFO - DAG(s) 'example_xcom' retrieved from /home/airflow/.local/lib/python3.12/site-packages/airflow/example_dags/example_xcom.py
[2024-09-22T11:44:07.787+0000] {logging_mixin.py:188} INFO - [2024-09-22T11:44:07.786+0000] {dag.py:3089} INFO - Sync 1 DAGs
[2024-09-22T11:44:07.859+0000] {logging_mixin.py:188} INFO - [2024-09-22T11:44:07.858+0000] {dag.py:3947} INFO - Setting next_dagrun for example_xcom to None, run_after=None
[2024-09-22T11:44:07.992+0000] {processor.py:183} INFO - Processing /home/airflow/.local/lib/python3.12/site-packages/airflow/example_dags/example_xcom.py took 0.275 seconds
