[2024-09-22T11:13:28.190+0000] {processor.py:161} INFO - Started process (PID=68) to work on /home/airflow/.local/lib/python3.12/site-packages/airflow/example_dags/example_bash_operator.py
[2024-09-22T11:13:28.191+0000] {processor.py:830} INFO - Processing file /home/airflow/.local/lib/python3.12/site-packages/airflow/example_dags/example_bash_operator.py for tasks to queue
[2024-09-22T11:13:28.195+0000] {logging_mixin.py:188} INFO - [2024-09-22T11:13:28.194+0000] {dagbag.py:545} INFO - Filling up the DagBag from /home/airflow/.local/lib/python3.12/site-packages/airflow/example_dags/example_bash_operator.py
[2024-09-22T11:13:28.220+0000] {processor.py:840} INFO - DAG(s) 'example_bash_operator' retrieved from /home/airflow/.local/lib/python3.12/site-packages/airflow/example_dags/example_bash_operator.py
[2024-09-22T11:13:28.299+0000] {logging_mixin.py:188} INFO - [2024-09-22T11:13:28.296+0000] {dag.py:3089} INFO - Sync 1 DAGs
[2024-09-22T11:13:28.364+0000] {logging_mixin.py:188} INFO - [2024-09-22T11:13:28.363+0000] {dag.py:3947} INFO - Setting next_dagrun for example_bash_operator to 2024-09-21 00:00:00+00:00, run_after=2024-09-22 00:00:00+00:00
[2024-09-22T11:13:28.999+0000] {processor.py:183} INFO - Processing /home/airflow/.local/lib/python3.12/site-packages/airflow/example_dags/example_bash_operator.py took 0.825 seconds
[2024-09-22T11:15:15.634+0000] {processor.py:161} INFO - Started process (PID=64) to work on /home/airflow/.local/lib/python3.12/site-packages/airflow/example_dags/example_bash_operator.py
[2024-09-22T11:15:15.765+0000] {processor.py:830} INFO - Processing file /home/airflow/.local/lib/python3.12/site-packages/airflow/example_dags/example_bash_operator.py for tasks to queue
[2024-09-22T11:15:15.769+0000] {logging_mixin.py:188} INFO - [2024-09-22T11:15:15.768+0000] {dagbag.py:545} INFO - Filling up the DagBag from /home/airflow/.local/lib/python3.12/site-packages/airflow/example_dags/example_bash_operator.py
[2024-09-22T11:15:15.786+0000] {processor.py:840} INFO - DAG(s) 'example_bash_operator' retrieved from /home/airflow/.local/lib/python3.12/site-packages/airflow/example_dags/example_bash_operator.py
[2024-09-22T11:15:15.855+0000] {logging_mixin.py:188} INFO - [2024-09-22T11:15:15.855+0000] {dag.py:3089} INFO - Sync 1 DAGs
[2024-09-22T11:15:16.074+0000] {logging_mixin.py:188} INFO - [2024-09-22T11:15:16.073+0000] {dag.py:3947} INFO - Setting next_dagrun for example_bash_operator to 2024-09-22 00:00:00+00:00, run_after=2024-09-23 00:00:00+00:00
[2024-09-22T11:15:16.227+0000] {processor.py:183} INFO - Processing /home/airflow/.local/lib/python3.12/site-packages/airflow/example_dags/example_bash_operator.py took 0.602 seconds
[2024-09-22T11:15:17.041+0000] {processor.py:161} INFO - Started process (PID=68) to work on /home/airflow/.local/lib/python3.12/site-packages/airflow/example_dags/example_bash_operator.py
[2024-09-22T11:15:17.042+0000] {processor.py:830} INFO - Processing file /home/airflow/.local/lib/python3.12/site-packages/airflow/example_dags/example_bash_operator.py for tasks to queue
[2024-09-22T11:15:17.045+0000] {logging_mixin.py:188} INFO - [2024-09-22T11:15:17.044+0000] {dagbag.py:545} INFO - Filling up the DagBag from /home/airflow/.local/lib/python3.12/site-packages/airflow/example_dags/example_bash_operator.py
[2024-09-22T11:15:17.067+0000] {processor.py:840} INFO - DAG(s) 'example_bash_operator' retrieved from /home/airflow/.local/lib/python3.12/site-packages/airflow/example_dags/example_bash_operator.py
[2024-09-22T11:15:17.157+0000] {logging_mixin.py:188} INFO - [2024-09-22T11:15:17.156+0000] {dag.py:3089} INFO - Sync 1 DAGs
[2024-09-22T11:15:17.204+0000] {logging_mixin.py:188} INFO - [2024-09-22T11:15:17.203+0000] {dag.py:3947} INFO - Setting next_dagrun for example_bash_operator to 2024-09-22 00:00:00+00:00, run_after=2024-09-23 00:00:00+00:00
[2024-09-22T11:15:17.324+0000] {processor.py:183} INFO - Processing /home/airflow/.local/lib/python3.12/site-packages/airflow/example_dags/example_bash_operator.py took 0.292 seconds
[2024-09-22T11:15:52.527+0000] {processor.py:161} INFO - Started process (PID=128) to work on /home/airflow/.local/lib/python3.12/site-packages/airflow/example_dags/example_bash_operator.py
[2024-09-22T11:15:52.637+0000] {processor.py:830} INFO - Processing file /home/airflow/.local/lib/python3.12/site-packages/airflow/example_dags/example_bash_operator.py for tasks to queue
[2024-09-22T11:15:52.642+0000] {logging_mixin.py:188} INFO - [2024-09-22T11:15:52.641+0000] {dagbag.py:545} INFO - Filling up the DagBag from /home/airflow/.local/lib/python3.12/site-packages/airflow/example_dags/example_bash_operator.py
[2024-09-22T11:15:52.663+0000] {processor.py:840} INFO - DAG(s) 'example_bash_operator' retrieved from /home/airflow/.local/lib/python3.12/site-packages/airflow/example_dags/example_bash_operator.py
[2024-09-22T11:15:52.699+0000] {logging_mixin.py:188} INFO - [2024-09-22T11:15:52.699+0000] {dag.py:3089} INFO - Sync 1 DAGs
[2024-09-22T11:15:52.730+0000] {logging_mixin.py:188} INFO - [2024-09-22T11:15:52.729+0000] {dag.py:3947} INFO - Setting next_dagrun for example_bash_operator to 2024-09-22 00:00:00+00:00, run_after=2024-09-23 00:00:00+00:00
[2024-09-22T11:15:52.795+0000] {processor.py:183} INFO - Processing /home/airflow/.local/lib/python3.12/site-packages/airflow/example_dags/example_bash_operator.py took 0.276 seconds
[2024-09-22T11:16:30.789+0000] {processor.py:161} INFO - Started process (PID=191) to work on /home/airflow/.local/lib/python3.12/site-packages/airflow/example_dags/example_bash_operator.py
[2024-09-22T11:16:30.911+0000] {processor.py:830} INFO - Processing file /home/airflow/.local/lib/python3.12/site-packages/airflow/example_dags/example_bash_operator.py for tasks to queue
[2024-09-22T11:16:30.917+0000] {logging_mixin.py:188} INFO - [2024-09-22T11:16:30.916+0000] {dagbag.py:545} INFO - Filling up the DagBag from /home/airflow/.local/lib/python3.12/site-packages/airflow/example_dags/example_bash_operator.py
[2024-09-22T11:16:30.956+0000] {processor.py:840} INFO - DAG(s) 'example_bash_operator' retrieved from /home/airflow/.local/lib/python3.12/site-packages/airflow/example_dags/example_bash_operator.py
[2024-09-22T11:16:31.040+0000] {logging_mixin.py:188} INFO - [2024-09-22T11:16:31.040+0000] {dag.py:3089} INFO - Sync 1 DAGs
[2024-09-22T11:16:31.165+0000] {logging_mixin.py:188} INFO - [2024-09-22T11:16:31.164+0000] {dag.py:3947} INFO - Setting next_dagrun for example_bash_operator to 2024-09-22 00:00:00+00:00, run_after=2024-09-23 00:00:00+00:00
[2024-09-22T11:16:32.810+0000] {processor.py:183} INFO - Processing /home/airflow/.local/lib/python3.12/site-packages/airflow/example_dags/example_bash_operator.py took 2.036 seconds
[2024-09-22T11:17:22.036+0000] {processor.py:161} INFO - Started process (PID=265) to work on /home/airflow/.local/lib/python3.12/site-packages/airflow/example_dags/example_bash_operator.py
[2024-09-22T11:17:22.133+0000] {processor.py:830} INFO - Processing file /home/airflow/.local/lib/python3.12/site-packages/airflow/example_dags/example_bash_operator.py for tasks to queue
[2024-09-22T11:17:22.135+0000] {logging_mixin.py:188} INFO - [2024-09-22T11:17:22.134+0000] {dagbag.py:545} INFO - Filling up the DagBag from /home/airflow/.local/lib/python3.12/site-packages/airflow/example_dags/example_bash_operator.py
[2024-09-22T11:17:22.173+0000] {processor.py:840} INFO - DAG(s) 'example_bash_operator' retrieved from /home/airflow/.local/lib/python3.12/site-packages/airflow/example_dags/example_bash_operator.py
[2024-09-22T11:17:22.300+0000] {logging_mixin.py:188} INFO - [2024-09-22T11:17:22.299+0000] {dag.py:3089} INFO - Sync 1 DAGs
[2024-09-22T11:17:22.388+0000] {logging_mixin.py:188} INFO - [2024-09-22T11:17:22.388+0000] {dag.py:3947} INFO - Setting next_dagrun for example_bash_operator to 2024-09-22 00:00:00+00:00, run_after=2024-09-23 00:00:00+00:00
[2024-09-22T11:17:22.640+0000] {processor.py:183} INFO - Processing /home/airflow/.local/lib/python3.12/site-packages/airflow/example_dags/example_bash_operator.py took 0.621 seconds
[2024-09-22T11:17:54.741+0000] {processor.py:161} INFO - Started process (PID=349) to work on /home/airflow/.local/lib/python3.12/site-packages/airflow/example_dags/example_bash_operator.py
[2024-09-22T11:17:54.743+0000] {processor.py:830} INFO - Processing file /home/airflow/.local/lib/python3.12/site-packages/airflow/example_dags/example_bash_operator.py for tasks to queue
[2024-09-22T11:17:54.745+0000] {logging_mixin.py:188} INFO - [2024-09-22T11:17:54.744+0000] {dagbag.py:545} INFO - Filling up the DagBag from /home/airflow/.local/lib/python3.12/site-packages/airflow/example_dags/example_bash_operator.py
[2024-09-22T11:17:54.775+0000] {processor.py:840} INFO - DAG(s) 'example_bash_operator' retrieved from /home/airflow/.local/lib/python3.12/site-packages/airflow/example_dags/example_bash_operator.py
[2024-09-22T11:17:54.829+0000] {logging_mixin.py:188} INFO - [2024-09-22T11:17:54.829+0000] {dag.py:3089} INFO - Sync 1 DAGs
[2024-09-22T11:17:54.863+0000] {logging_mixin.py:188} INFO - [2024-09-22T11:17:54.862+0000] {dag.py:3947} INFO - Setting next_dagrun for example_bash_operator to 2024-09-22 00:00:00+00:00, run_after=2024-09-23 00:00:00+00:00
[2024-09-22T11:17:55.281+0000] {processor.py:183} INFO - Processing /home/airflow/.local/lib/python3.12/site-packages/airflow/example_dags/example_bash_operator.py took 0.555 seconds
[2024-09-22T11:18:43.188+0000] {processor.py:161} INFO - Started process (PID=442) to work on /home/airflow/.local/lib/python3.12/site-packages/airflow/example_dags/example_bash_operator.py
[2024-09-22T11:18:43.356+0000] {processor.py:830} INFO - Processing file /home/airflow/.local/lib/python3.12/site-packages/airflow/example_dags/example_bash_operator.py for tasks to queue
[2024-09-22T11:18:43.360+0000] {logging_mixin.py:188} INFO - [2024-09-22T11:18:43.360+0000] {dagbag.py:545} INFO - Filling up the DagBag from /home/airflow/.local/lib/python3.12/site-packages/airflow/example_dags/example_bash_operator.py
[2024-09-22T11:18:43.423+0000] {processor.py:840} INFO - DAG(s) 'example_bash_operator' retrieved from /home/airflow/.local/lib/python3.12/site-packages/airflow/example_dags/example_bash_operator.py
[2024-09-22T11:18:43.518+0000] {logging_mixin.py:188} INFO - [2024-09-22T11:18:43.518+0000] {dag.py:3089} INFO - Sync 1 DAGs
[2024-09-22T11:18:43.573+0000] {logging_mixin.py:188} INFO - [2024-09-22T11:18:43.573+0000] {dag.py:3947} INFO - Setting next_dagrun for example_bash_operator to 2024-09-22 00:00:00+00:00, run_after=2024-09-23 00:00:00+00:00
[2024-09-22T11:18:43.787+0000] {processor.py:183} INFO - Processing /home/airflow/.local/lib/python3.12/site-packages/airflow/example_dags/example_bash_operator.py took 0.616 seconds
[2024-09-22T11:19:20.401+0000] {processor.py:161} INFO - Started process (PID=517) to work on /home/airflow/.local/lib/python3.12/site-packages/airflow/example_dags/example_bash_operator.py
[2024-09-22T11:19:20.517+0000] {processor.py:830} INFO - Processing file /home/airflow/.local/lib/python3.12/site-packages/airflow/example_dags/example_bash_operator.py for tasks to queue
[2024-09-22T11:19:20.518+0000] {logging_mixin.py:188} INFO - [2024-09-22T11:19:20.518+0000] {dagbag.py:545} INFO - Filling up the DagBag from /home/airflow/.local/lib/python3.12/site-packages/airflow/example_dags/example_bash_operator.py
[2024-09-22T11:19:20.566+0000] {processor.py:840} INFO - DAG(s) 'example_bash_operator' retrieved from /home/airflow/.local/lib/python3.12/site-packages/airflow/example_dags/example_bash_operator.py
[2024-09-22T11:19:20.641+0000] {logging_mixin.py:188} INFO - [2024-09-22T11:19:20.640+0000] {dag.py:3089} INFO - Sync 1 DAGs
[2024-09-22T11:19:21.077+0000] {logging_mixin.py:188} INFO - [2024-09-22T11:19:21.076+0000] {dag.py:3947} INFO - Setting next_dagrun for example_bash_operator to 2024-09-22 00:00:00+00:00, run_after=2024-09-23 00:00:00+00:00
[2024-09-22T11:19:21.928+0000] {processor.py:183} INFO - Processing /home/airflow/.local/lib/python3.12/site-packages/airflow/example_dags/example_bash_operator.py took 1.547 seconds
[2024-09-22T11:19:52.629+0000] {processor.py:161} INFO - Started process (PID=585) to work on /home/airflow/.local/lib/python3.12/site-packages/airflow/example_dags/example_bash_operator.py
[2024-09-22T11:19:52.864+0000] {processor.py:830} INFO - Processing file /home/airflow/.local/lib/python3.12/site-packages/airflow/example_dags/example_bash_operator.py for tasks to queue
[2024-09-22T11:19:52.866+0000] {logging_mixin.py:188} INFO - [2024-09-22T11:19:52.866+0000] {dagbag.py:545} INFO - Filling up the DagBag from /home/airflow/.local/lib/python3.12/site-packages/airflow/example_dags/example_bash_operator.py
[2024-09-22T11:19:52.893+0000] {processor.py:840} INFO - DAG(s) 'example_bash_operator' retrieved from /home/airflow/.local/lib/python3.12/site-packages/airflow/example_dags/example_bash_operator.py
[2024-09-22T11:19:52.972+0000] {logging_mixin.py:188} INFO - [2024-09-22T11:19:52.971+0000] {dag.py:3089} INFO - Sync 1 DAGs
[2024-09-22T11:19:53.023+0000] {logging_mixin.py:188} INFO - [2024-09-22T11:19:53.023+0000] {dag.py:3947} INFO - Setting next_dagrun for example_bash_operator to 2024-09-22 00:00:00+00:00, run_after=2024-09-23 00:00:00+00:00
[2024-09-22T11:19:53.339+0000] {processor.py:183} INFO - Processing /home/airflow/.local/lib/python3.12/site-packages/airflow/example_dags/example_bash_operator.py took 0.726 seconds
[2024-09-22T11:20:40.531+0000] {processor.py:161} INFO - Started process (PID=665) to work on /home/airflow/.local/lib/python3.12/site-packages/airflow/example_dags/example_bash_operator.py
[2024-09-22T11:20:40.760+0000] {processor.py:830} INFO - Processing file /home/airflow/.local/lib/python3.12/site-packages/airflow/example_dags/example_bash_operator.py for tasks to queue
[2024-09-22T11:20:40.761+0000] {logging_mixin.py:188} INFO - [2024-09-22T11:20:40.761+0000] {dagbag.py:545} INFO - Filling up the DagBag from /home/airflow/.local/lib/python3.12/site-packages/airflow/example_dags/example_bash_operator.py
[2024-09-22T11:20:40.787+0000] {processor.py:840} INFO - DAG(s) 'example_bash_operator' retrieved from /home/airflow/.local/lib/python3.12/site-packages/airflow/example_dags/example_bash_operator.py
[2024-09-22T11:20:40.991+0000] {logging_mixin.py:188} INFO - [2024-09-22T11:20:40.991+0000] {dag.py:3089} INFO - Sync 1 DAGs
[2024-09-22T11:20:41.119+0000] {logging_mixin.py:188} INFO - [2024-09-22T11:20:41.118+0000] {dag.py:3947} INFO - Setting next_dagrun for example_bash_operator to 2024-09-22 00:00:00+00:00, run_after=2024-09-23 00:00:00+00:00
[2024-09-22T11:20:41.496+0000] {processor.py:183} INFO - Processing /home/airflow/.local/lib/python3.12/site-packages/airflow/example_dags/example_bash_operator.py took 0.980 seconds
[2024-09-22T11:21:13.034+0000] {processor.py:161} INFO - Started process (PID=745) to work on /home/airflow/.local/lib/python3.12/site-packages/airflow/example_dags/example_bash_operator.py
[2024-09-22T11:21:13.193+0000] {processor.py:830} INFO - Processing file /home/airflow/.local/lib/python3.12/site-packages/airflow/example_dags/example_bash_operator.py for tasks to queue
[2024-09-22T11:21:13.194+0000] {logging_mixin.py:188} INFO - [2024-09-22T11:21:13.194+0000] {dagbag.py:545} INFO - Filling up the DagBag from /home/airflow/.local/lib/python3.12/site-packages/airflow/example_dags/example_bash_operator.py
[2024-09-22T11:21:13.225+0000] {processor.py:840} INFO - DAG(s) 'example_bash_operator' retrieved from /home/airflow/.local/lib/python3.12/site-packages/airflow/example_dags/example_bash_operator.py
[2024-09-22T11:21:13.301+0000] {logging_mixin.py:188} INFO - [2024-09-22T11:21:13.301+0000] {dag.py:3089} INFO - Sync 1 DAGs
[2024-09-22T11:21:13.350+0000] {logging_mixin.py:188} INFO - [2024-09-22T11:21:13.350+0000] {dag.py:3947} INFO - Setting next_dagrun for example_bash_operator to 2024-09-22 00:00:00+00:00, run_after=2024-09-23 00:00:00+00:00
[2024-09-22T11:21:13.818+0000] {processor.py:183} INFO - Processing /home/airflow/.local/lib/python3.12/site-packages/airflow/example_dags/example_bash_operator.py took 0.795 seconds
[2024-09-22T11:22:36.636+0000] {processor.py:161} INFO - Started process (PID=836) to work on /home/airflow/.local/lib/python3.12/site-packages/airflow/example_dags/example_bash_operator.py
[2024-09-22T11:22:37.752+0000] {processor.py:830} INFO - Processing file /home/airflow/.local/lib/python3.12/site-packages/airflow/example_dags/example_bash_operator.py for tasks to queue
[2024-09-22T11:22:37.754+0000] {logging_mixin.py:188} INFO - [2024-09-22T11:22:37.754+0000] {dagbag.py:545} INFO - Filling up the DagBag from /home/airflow/.local/lib/python3.12/site-packages/airflow/example_dags/example_bash_operator.py
[2024-09-22T11:22:37.782+0000] {processor.py:840} INFO - DAG(s) 'example_bash_operator' retrieved from /home/airflow/.local/lib/python3.12/site-packages/airflow/example_dags/example_bash_operator.py
[2024-09-22T11:22:37.842+0000] {logging_mixin.py:188} INFO - [2024-09-22T11:22:37.841+0000] {dag.py:3089} INFO - Sync 1 DAGs
[2024-09-22T11:22:37.878+0000] {logging_mixin.py:188} INFO - [2024-09-22T11:22:37.877+0000] {dag.py:3947} INFO - Setting next_dagrun for example_bash_operator to 2024-09-22 00:00:00+00:00, run_after=2024-09-23 00:00:00+00:00
[2024-09-22T11:22:39.821+0000] {processor.py:183} INFO - Processing /home/airflow/.local/lib/python3.12/site-packages/airflow/example_dags/example_bash_operator.py took 3.200 seconds
[2024-09-22T11:23:15.267+0000] {processor.py:161} INFO - Started process (PID=893) to work on /home/airflow/.local/lib/python3.12/site-packages/airflow/example_dags/example_bash_operator.py
[2024-09-22T11:23:15.394+0000] {processor.py:830} INFO - Processing file /home/airflow/.local/lib/python3.12/site-packages/airflow/example_dags/example_bash_operator.py for tasks to queue
[2024-09-22T11:23:15.396+0000] {logging_mixin.py:188} INFO - [2024-09-22T11:23:15.395+0000] {dagbag.py:545} INFO - Filling up the DagBag from /home/airflow/.local/lib/python3.12/site-packages/airflow/example_dags/example_bash_operator.py
[2024-09-22T11:23:15.425+0000] {processor.py:840} INFO - DAG(s) 'example_bash_operator' retrieved from /home/airflow/.local/lib/python3.12/site-packages/airflow/example_dags/example_bash_operator.py
[2024-09-22T11:23:15.495+0000] {logging_mixin.py:188} INFO - [2024-09-22T11:23:15.494+0000] {dag.py:3089} INFO - Sync 1 DAGs
[2024-09-22T11:23:15.596+0000] {logging_mixin.py:188} INFO - [2024-09-22T11:23:15.590+0000] {dag.py:3947} INFO - Setting next_dagrun for example_bash_operator to 2024-09-22 00:00:00+00:00, run_after=2024-09-23 00:00:00+00:00
[2024-09-22T11:23:15.783+0000] {processor.py:183} INFO - Processing /home/airflow/.local/lib/python3.12/site-packages/airflow/example_dags/example_bash_operator.py took 0.528 seconds
[2024-09-22T11:24:26.993+0000] {processor.py:161} INFO - Started process (PID=960) to work on /home/airflow/.local/lib/python3.12/site-packages/airflow/example_dags/example_bash_operator.py
[2024-09-22T11:24:27.237+0000] {processor.py:830} INFO - Processing file /home/airflow/.local/lib/python3.12/site-packages/airflow/example_dags/example_bash_operator.py for tasks to queue
[2024-09-22T11:24:27.239+0000] {logging_mixin.py:188} INFO - [2024-09-22T11:24:27.239+0000] {dagbag.py:545} INFO - Filling up the DagBag from /home/airflow/.local/lib/python3.12/site-packages/airflow/example_dags/example_bash_operator.py
[2024-09-22T11:24:28.004+0000] {processor.py:840} INFO - DAG(s) 'example_bash_operator' retrieved from /home/airflow/.local/lib/python3.12/site-packages/airflow/example_dags/example_bash_operator.py
[2024-09-22T11:24:28.105+0000] {logging_mixin.py:188} INFO - [2024-09-22T11:24:28.104+0000] {dag.py:3089} INFO - Sync 1 DAGs
[2024-09-22T11:24:28.375+0000] {logging_mixin.py:188} INFO - [2024-09-22T11:24:28.373+0000] {dag.py:3947} INFO - Setting next_dagrun for example_bash_operator to 2024-09-22 00:00:00+00:00, run_after=2024-09-23 00:00:00+00:00
[2024-09-22T11:24:29.107+0000] {processor.py:183} INFO - Processing /home/airflow/.local/lib/python3.12/site-packages/airflow/example_dags/example_bash_operator.py took 2.123 seconds
[2024-09-22T11:25:31.336+0000] {processor.py:161} INFO - Started process (PID=1033) to work on /home/airflow/.local/lib/python3.12/site-packages/airflow/example_dags/example_bash_operator.py
[2024-09-22T11:25:31.729+0000] {processor.py:830} INFO - Processing file /home/airflow/.local/lib/python3.12/site-packages/airflow/example_dags/example_bash_operator.py for tasks to queue
[2024-09-22T11:25:31.731+0000] {logging_mixin.py:188} INFO - [2024-09-22T11:25:31.730+0000] {dagbag.py:545} INFO - Filling up the DagBag from /home/airflow/.local/lib/python3.12/site-packages/airflow/example_dags/example_bash_operator.py
[2024-09-22T11:25:31.786+0000] {processor.py:840} INFO - DAG(s) 'example_bash_operator' retrieved from /home/airflow/.local/lib/python3.12/site-packages/airflow/example_dags/example_bash_operator.py
[2024-09-22T11:25:31.909+0000] {logging_mixin.py:188} INFO - [2024-09-22T11:25:31.908+0000] {dag.py:3089} INFO - Sync 1 DAGs
[2024-09-22T11:25:31.992+0000] {logging_mixin.py:188} INFO - [2024-09-22T11:25:31.991+0000] {dag.py:3947} INFO - Setting next_dagrun for example_bash_operator to 2024-09-22 00:00:00+00:00, run_after=2024-09-23 00:00:00+00:00
[2024-09-22T11:25:32.249+0000] {processor.py:183} INFO - Processing /home/airflow/.local/lib/python3.12/site-packages/airflow/example_dags/example_bash_operator.py took 0.924 seconds
[2024-09-22T11:26:45.421+0000] {processor.py:161} INFO - Started process (PID=1099) to work on /home/airflow/.local/lib/python3.12/site-packages/airflow/example_dags/example_bash_operator.py
[2024-09-22T11:26:45.696+0000] {processor.py:830} INFO - Processing file /home/airflow/.local/lib/python3.12/site-packages/airflow/example_dags/example_bash_operator.py for tasks to queue
[2024-09-22T11:26:45.699+0000] {logging_mixin.py:188} INFO - [2024-09-22T11:26:45.698+0000] {dagbag.py:545} INFO - Filling up the DagBag from /home/airflow/.local/lib/python3.12/site-packages/airflow/example_dags/example_bash_operator.py
[2024-09-22T11:26:45.772+0000] {processor.py:840} INFO - DAG(s) 'example_bash_operator' retrieved from /home/airflow/.local/lib/python3.12/site-packages/airflow/example_dags/example_bash_operator.py
[2024-09-22T11:26:46.167+0000] {logging_mixin.py:188} INFO - [2024-09-22T11:26:46.162+0000] {dag.py:3089} INFO - Sync 1 DAGs
[2024-09-22T11:26:46.497+0000] {logging_mixin.py:188} INFO - [2024-09-22T11:26:46.495+0000] {dag.py:3947} INFO - Setting next_dagrun for example_bash_operator to 2024-09-22 00:00:00+00:00, run_after=2024-09-23 00:00:00+00:00
[2024-09-22T11:26:47.498+0000] {processor.py:183} INFO - Processing /home/airflow/.local/lib/python3.12/site-packages/airflow/example_dags/example_bash_operator.py took 2.085 seconds
[2024-09-22T11:28:15.009+0000] {processor.py:161} INFO - Started process (PID=1171) to work on /home/airflow/.local/lib/python3.12/site-packages/airflow/example_dags/example_bash_operator.py
[2024-09-22T11:28:15.258+0000] {processor.py:830} INFO - Processing file /home/airflow/.local/lib/python3.12/site-packages/airflow/example_dags/example_bash_operator.py for tasks to queue
[2024-09-22T11:28:15.259+0000] {logging_mixin.py:188} INFO - [2024-09-22T11:28:15.259+0000] {dagbag.py:545} INFO - Filling up the DagBag from /home/airflow/.local/lib/python3.12/site-packages/airflow/example_dags/example_bash_operator.py
[2024-09-22T11:28:15.279+0000] {processor.py:840} INFO - DAG(s) 'example_bash_operator' retrieved from /home/airflow/.local/lib/python3.12/site-packages/airflow/example_dags/example_bash_operator.py
[2024-09-22T11:28:15.343+0000] {logging_mixin.py:188} INFO - [2024-09-22T11:28:15.342+0000] {dag.py:3089} INFO - Sync 1 DAGs
[2024-09-22T11:28:15.397+0000] {logging_mixin.py:188} INFO - [2024-09-22T11:28:15.396+0000] {dag.py:3947} INFO - Setting next_dagrun for example_bash_operator to 2024-09-22 00:00:00+00:00, run_after=2024-09-23 00:00:00+00:00
[2024-09-22T11:28:15.649+0000] {processor.py:183} INFO - Processing /home/airflow/.local/lib/python3.12/site-packages/airflow/example_dags/example_bash_operator.py took 0.648 seconds
[2024-09-22T11:28:58.884+0000] {processor.py:161} INFO - Started process (PID=1245) to work on /home/airflow/.local/lib/python3.12/site-packages/airflow/example_dags/example_bash_operator.py
[2024-09-22T11:28:59.058+0000] {processor.py:830} INFO - Processing file /home/airflow/.local/lib/python3.12/site-packages/airflow/example_dags/example_bash_operator.py for tasks to queue
[2024-09-22T11:28:59.059+0000] {logging_mixin.py:188} INFO - [2024-09-22T11:28:59.059+0000] {dagbag.py:545} INFO - Filling up the DagBag from /home/airflow/.local/lib/python3.12/site-packages/airflow/example_dags/example_bash_operator.py
[2024-09-22T11:28:59.092+0000] {processor.py:840} INFO - DAG(s) 'example_bash_operator' retrieved from /home/airflow/.local/lib/python3.12/site-packages/airflow/example_dags/example_bash_operator.py
[2024-09-22T11:28:59.185+0000] {logging_mixin.py:188} INFO - [2024-09-22T11:28:59.184+0000] {dag.py:3089} INFO - Sync 1 DAGs
[2024-09-22T11:28:59.359+0000] {logging_mixin.py:188} INFO - [2024-09-22T11:28:59.356+0000] {dag.py:3947} INFO - Setting next_dagrun for example_bash_operator to 2024-09-22 00:00:00+00:00, run_after=2024-09-23 00:00:00+00:00
[2024-09-22T11:28:59.924+0000] {processor.py:183} INFO - Processing /home/airflow/.local/lib/python3.12/site-packages/airflow/example_dags/example_bash_operator.py took 1.051 seconds
[2024-09-22T11:29:32.186+0000] {processor.py:161} INFO - Started process (PID=1311) to work on /home/airflow/.local/lib/python3.12/site-packages/airflow/example_dags/example_bash_operator.py
[2024-09-22T11:29:32.186+0000] {processor.py:830} INFO - Processing file /home/airflow/.local/lib/python3.12/site-packages/airflow/example_dags/example_bash_operator.py for tasks to queue
[2024-09-22T11:29:32.187+0000] {logging_mixin.py:188} INFO - [2024-09-22T11:29:32.187+0000] {dagbag.py:545} INFO - Filling up the DagBag from /home/airflow/.local/lib/python3.12/site-packages/airflow/example_dags/example_bash_operator.py
[2024-09-22T11:29:32.200+0000] {processor.py:840} INFO - DAG(s) 'example_bash_operator' retrieved from /home/airflow/.local/lib/python3.12/site-packages/airflow/example_dags/example_bash_operator.py
[2024-09-22T11:29:32.235+0000] {logging_mixin.py:188} INFO - [2024-09-22T11:29:32.235+0000] {dag.py:3089} INFO - Sync 1 DAGs
[2024-09-22T11:29:32.264+0000] {logging_mixin.py:188} INFO - [2024-09-22T11:29:32.263+0000] {dag.py:3947} INFO - Setting next_dagrun for example_bash_operator to 2024-09-22 00:00:00+00:00, run_after=2024-09-23 00:00:00+00:00
[2024-09-22T11:29:32.534+0000] {processor.py:183} INFO - Processing /home/airflow/.local/lib/python3.12/site-packages/airflow/example_dags/example_bash_operator.py took 0.355 seconds
[2024-09-22T11:30:04.335+0000] {processor.py:161} INFO - Started process (PID=1369) to work on /home/airflow/.local/lib/python3.12/site-packages/airflow/example_dags/example_bash_operator.py
[2024-09-22T11:30:04.549+0000] {processor.py:830} INFO - Processing file /home/airflow/.local/lib/python3.12/site-packages/airflow/example_dags/example_bash_operator.py for tasks to queue
[2024-09-22T11:30:04.551+0000] {logging_mixin.py:188} INFO - [2024-09-22T11:30:04.550+0000] {dagbag.py:545} INFO - Filling up the DagBag from /home/airflow/.local/lib/python3.12/site-packages/airflow/example_dags/example_bash_operator.py
[2024-09-22T11:30:04.580+0000] {processor.py:840} INFO - DAG(s) 'example_bash_operator' retrieved from /home/airflow/.local/lib/python3.12/site-packages/airflow/example_dags/example_bash_operator.py
[2024-09-22T11:30:04.661+0000] {logging_mixin.py:188} INFO - [2024-09-22T11:30:04.660+0000] {dag.py:3089} INFO - Sync 1 DAGs
[2024-09-22T11:30:04.746+0000] {logging_mixin.py:188} INFO - [2024-09-22T11:30:04.745+0000] {dag.py:3947} INFO - Setting next_dagrun for example_bash_operator to 2024-09-22 00:00:00+00:00, run_after=2024-09-23 00:00:00+00:00
[2024-09-22T11:30:05.045+0000] {processor.py:183} INFO - Processing /home/airflow/.local/lib/python3.12/site-packages/airflow/example_dags/example_bash_operator.py took 0.717 seconds
[2024-09-22T11:30:36.370+0000] {processor.py:161} INFO - Started process (PID=1444) to work on /home/airflow/.local/lib/python3.12/site-packages/airflow/example_dags/example_bash_operator.py
[2024-09-22T11:30:36.482+0000] {processor.py:830} INFO - Processing file /home/airflow/.local/lib/python3.12/site-packages/airflow/example_dags/example_bash_operator.py for tasks to queue
[2024-09-22T11:30:36.485+0000] {logging_mixin.py:188} INFO - [2024-09-22T11:30:36.484+0000] {dagbag.py:545} INFO - Filling up the DagBag from /home/airflow/.local/lib/python3.12/site-packages/airflow/example_dags/example_bash_operator.py
[2024-09-22T11:30:36.516+0000] {processor.py:840} INFO - DAG(s) 'example_bash_operator' retrieved from /home/airflow/.local/lib/python3.12/site-packages/airflow/example_dags/example_bash_operator.py
[2024-09-22T11:30:36.566+0000] {logging_mixin.py:188} INFO - [2024-09-22T11:30:36.566+0000] {dag.py:3089} INFO - Sync 1 DAGs
[2024-09-22T11:30:36.608+0000] {logging_mixin.py:188} INFO - [2024-09-22T11:30:36.607+0000] {dag.py:3947} INFO - Setting next_dagrun for example_bash_operator to 2024-09-22 00:00:00+00:00, run_after=2024-09-23 00:00:00+00:00
[2024-09-22T11:30:37.797+0000] {processor.py:183} INFO - Processing /home/airflow/.local/lib/python3.12/site-packages/airflow/example_dags/example_bash_operator.py took 1.435 seconds
[2024-09-22T11:31:08.151+0000] {processor.py:161} INFO - Started process (PID=1506) to work on /home/airflow/.local/lib/python3.12/site-packages/airflow/example_dags/example_bash_operator.py
[2024-09-22T11:31:08.152+0000] {processor.py:830} INFO - Processing file /home/airflow/.local/lib/python3.12/site-packages/airflow/example_dags/example_bash_operator.py for tasks to queue
[2024-09-22T11:31:08.153+0000] {logging_mixin.py:188} INFO - [2024-09-22T11:31:08.153+0000] {dagbag.py:545} INFO - Filling up the DagBag from /home/airflow/.local/lib/python3.12/site-packages/airflow/example_dags/example_bash_operator.py
[2024-09-22T11:31:08.174+0000] {processor.py:840} INFO - DAG(s) 'example_bash_operator' retrieved from /home/airflow/.local/lib/python3.12/site-packages/airflow/example_dags/example_bash_operator.py
[2024-09-22T11:31:08.227+0000] {logging_mixin.py:188} INFO - [2024-09-22T11:31:08.227+0000] {dag.py:3089} INFO - Sync 1 DAGs
[2024-09-22T11:31:08.273+0000] {logging_mixin.py:188} INFO - [2024-09-22T11:31:08.273+0000] {dag.py:3947} INFO - Setting next_dagrun for example_bash_operator to 2024-09-22 00:00:00+00:00, run_after=2024-09-23 00:00:00+00:00
[2024-09-22T11:31:08.515+0000] {processor.py:183} INFO - Processing /home/airflow/.local/lib/python3.12/site-packages/airflow/example_dags/example_bash_operator.py took 0.374 seconds
[2024-09-22T11:32:53.375+0000] {processor.py:161} INFO - Started process (PID=1637) to work on /home/airflow/.local/lib/python3.12/site-packages/airflow/example_dags/example_bash_operator.py
[2024-09-22T11:32:53.391+0000] {processor.py:830} INFO - Processing file /home/airflow/.local/lib/python3.12/site-packages/airflow/example_dags/example_bash_operator.py for tasks to queue
[2024-09-22T11:32:53.393+0000] {logging_mixin.py:188} INFO - [2024-09-22T11:32:53.392+0000] {dagbag.py:545} INFO - Filling up the DagBag from /home/airflow/.local/lib/python3.12/site-packages/airflow/example_dags/example_bash_operator.py
[2024-09-22T11:32:53.427+0000] {processor.py:840} INFO - DAG(s) 'example_bash_operator' retrieved from /home/airflow/.local/lib/python3.12/site-packages/airflow/example_dags/example_bash_operator.py
[2024-09-22T11:32:53.514+0000] {logging_mixin.py:188} INFO - [2024-09-22T11:32:53.514+0000] {dag.py:3089} INFO - Sync 1 DAGs
[2024-09-22T11:32:53.601+0000] {logging_mixin.py:188} INFO - [2024-09-22T11:32:53.600+0000] {dag.py:3947} INFO - Setting next_dagrun for example_bash_operator to 2024-09-22 00:00:00+00:00, run_after=2024-09-23 00:00:00+00:00
[2024-09-22T11:32:54.177+0000] {processor.py:183} INFO - Processing /home/airflow/.local/lib/python3.12/site-packages/airflow/example_dags/example_bash_operator.py took 0.811 seconds
[2024-09-22T11:33:35.134+0000] {processor.py:161} INFO - Started process (PID=1708) to work on /home/airflow/.local/lib/python3.12/site-packages/airflow/example_dags/example_bash_operator.py
[2024-09-22T11:33:35.147+0000] {processor.py:830} INFO - Processing file /home/airflow/.local/lib/python3.12/site-packages/airflow/example_dags/example_bash_operator.py for tasks to queue
[2024-09-22T11:33:35.164+0000] {logging_mixin.py:188} INFO - [2024-09-22T11:33:35.156+0000] {dagbag.py:545} INFO - Filling up the DagBag from /home/airflow/.local/lib/python3.12/site-packages/airflow/example_dags/example_bash_operator.py
[2024-09-22T11:33:35.887+0000] {processor.py:840} INFO - DAG(s) 'example_bash_operator' retrieved from /home/airflow/.local/lib/python3.12/site-packages/airflow/example_dags/example_bash_operator.py
[2024-09-22T11:33:36.077+0000] {logging_mixin.py:188} INFO - [2024-09-22T11:33:36.077+0000] {dag.py:3089} INFO - Sync 1 DAGs
[2024-09-22T11:33:36.180+0000] {logging_mixin.py:188} INFO - [2024-09-22T11:33:36.180+0000] {dag.py:3947} INFO - Setting next_dagrun for example_bash_operator to 2024-09-22 00:00:00+00:00, run_after=2024-09-23 00:00:00+00:00
[2024-09-22T11:33:36.624+0000] {processor.py:183} INFO - Processing /home/airflow/.local/lib/python3.12/site-packages/airflow/example_dags/example_bash_operator.py took 1.784 seconds
[2024-09-22T11:34:07.405+0000] {processor.py:161} INFO - Started process (PID=1778) to work on /home/airflow/.local/lib/python3.12/site-packages/airflow/example_dags/example_bash_operator.py
[2024-09-22T11:34:07.724+0000] {processor.py:830} INFO - Processing file /home/airflow/.local/lib/python3.12/site-packages/airflow/example_dags/example_bash_operator.py for tasks to queue
[2024-09-22T11:34:07.727+0000] {logging_mixin.py:188} INFO - [2024-09-22T11:34:07.726+0000] {dagbag.py:545} INFO - Filling up the DagBag from /home/airflow/.local/lib/python3.12/site-packages/airflow/example_dags/example_bash_operator.py
[2024-09-22T11:34:07.747+0000] {processor.py:840} INFO - DAG(s) 'example_bash_operator' retrieved from /home/airflow/.local/lib/python3.12/site-packages/airflow/example_dags/example_bash_operator.py
[2024-09-22T11:34:07.792+0000] {logging_mixin.py:188} INFO - [2024-09-22T11:34:07.791+0000] {dag.py:3089} INFO - Sync 1 DAGs
[2024-09-22T11:34:07.844+0000] {logging_mixin.py:188} INFO - [2024-09-22T11:34:07.844+0000] {dag.py:3947} INFO - Setting next_dagrun for example_bash_operator to 2024-09-22 00:00:00+00:00, run_after=2024-09-23 00:00:00+00:00
[2024-09-22T11:34:09.626+0000] {processor.py:183} INFO - Processing /home/airflow/.local/lib/python3.12/site-packages/airflow/example_dags/example_bash_operator.py took 2.233 seconds
[2024-09-22T11:34:40.249+0000] {processor.py:161} INFO - Started process (PID=1841) to work on /home/airflow/.local/lib/python3.12/site-packages/airflow/example_dags/example_bash_operator.py
[2024-09-22T11:34:40.267+0000] {processor.py:830} INFO - Processing file /home/airflow/.local/lib/python3.12/site-packages/airflow/example_dags/example_bash_operator.py for tasks to queue
[2024-09-22T11:34:40.285+0000] {logging_mixin.py:188} INFO - [2024-09-22T11:34:40.278+0000] {dagbag.py:545} INFO - Filling up the DagBag from /home/airflow/.local/lib/python3.12/site-packages/airflow/example_dags/example_bash_operator.py
[2024-09-22T11:34:40.396+0000] {processor.py:840} INFO - DAG(s) 'example_bash_operator' retrieved from /home/airflow/.local/lib/python3.12/site-packages/airflow/example_dags/example_bash_operator.py
[2024-09-22T11:34:40.514+0000] {logging_mixin.py:188} INFO - [2024-09-22T11:34:40.514+0000] {dag.py:3089} INFO - Sync 1 DAGs
[2024-09-22T11:34:40.582+0000] {logging_mixin.py:188} INFO - [2024-09-22T11:34:40.581+0000] {dag.py:3947} INFO - Setting next_dagrun for example_bash_operator to 2024-09-22 00:00:00+00:00, run_after=2024-09-23 00:00:00+00:00
[2024-09-22T11:34:41.056+0000] {processor.py:183} INFO - Processing /home/airflow/.local/lib/python3.12/site-packages/airflow/example_dags/example_bash_operator.py took 0.883 seconds
[2024-09-22T11:35:11.781+0000] {processor.py:161} INFO - Started process (PID=1899) to work on /home/airflow/.local/lib/python3.12/site-packages/airflow/example_dags/example_bash_operator.py
[2024-09-22T11:35:11.829+0000] {processor.py:830} INFO - Processing file /home/airflow/.local/lib/python3.12/site-packages/airflow/example_dags/example_bash_operator.py for tasks to queue
[2024-09-22T11:35:11.831+0000] {logging_mixin.py:188} INFO - [2024-09-22T11:35:11.830+0000] {dagbag.py:545} INFO - Filling up the DagBag from /home/airflow/.local/lib/python3.12/site-packages/airflow/example_dags/example_bash_operator.py
[2024-09-22T11:35:11.857+0000] {processor.py:840} INFO - DAG(s) 'example_bash_operator' retrieved from /home/airflow/.local/lib/python3.12/site-packages/airflow/example_dags/example_bash_operator.py
[2024-09-22T11:35:11.929+0000] {logging_mixin.py:188} INFO - [2024-09-22T11:35:11.929+0000] {dag.py:3089} INFO - Sync 1 DAGs
[2024-09-22T11:35:12.014+0000] {logging_mixin.py:188} INFO - [2024-09-22T11:35:12.013+0000] {dag.py:3947} INFO - Setting next_dagrun for example_bash_operator to 2024-09-22 00:00:00+00:00, run_after=2024-09-23 00:00:00+00:00
[2024-09-22T11:35:12.385+0000] {processor.py:183} INFO - Processing /home/airflow/.local/lib/python3.12/site-packages/airflow/example_dags/example_bash_operator.py took 0.616 seconds
[2024-09-22T11:35:45.100+0000] {processor.py:161} INFO - Started process (PID=1961) to work on /home/airflow/.local/lib/python3.12/site-packages/airflow/example_dags/example_bash_operator.py
[2024-09-22T11:35:45.101+0000] {processor.py:830} INFO - Processing file /home/airflow/.local/lib/python3.12/site-packages/airflow/example_dags/example_bash_operator.py for tasks to queue
[2024-09-22T11:35:45.103+0000] {logging_mixin.py:188} INFO - [2024-09-22T11:35:45.102+0000] {dagbag.py:545} INFO - Filling up the DagBag from /home/airflow/.local/lib/python3.12/site-packages/airflow/example_dags/example_bash_operator.py
[2024-09-22T11:35:45.130+0000] {processor.py:840} INFO - DAG(s) 'example_bash_operator' retrieved from /home/airflow/.local/lib/python3.12/site-packages/airflow/example_dags/example_bash_operator.py
[2024-09-22T11:35:45.232+0000] {logging_mixin.py:188} INFO - [2024-09-22T11:35:45.232+0000] {dag.py:3089} INFO - Sync 1 DAGs
[2024-09-22T11:35:45.360+0000] {logging_mixin.py:188} INFO - [2024-09-22T11:35:45.360+0000] {dag.py:3947} INFO - Setting next_dagrun for example_bash_operator to 2024-09-22 00:00:00+00:00, run_after=2024-09-23 00:00:00+00:00
[2024-09-22T11:35:45.643+0000] {processor.py:183} INFO - Processing /home/airflow/.local/lib/python3.12/site-packages/airflow/example_dags/example_bash_operator.py took 0.590 seconds
[2024-09-22T11:39:43.506+0000] {processor.py:161} INFO - Started process (PID=2111) to work on /home/airflow/.local/lib/python3.12/site-packages/airflow/example_dags/example_bash_operator.py
[2024-09-22T11:39:44.040+0000] {processor.py:830} INFO - Processing file /home/airflow/.local/lib/python3.12/site-packages/airflow/example_dags/example_bash_operator.py for tasks to queue
[2024-09-22T11:39:44.041+0000] {logging_mixin.py:188} INFO - [2024-09-22T11:39:44.041+0000] {dagbag.py:545} INFO - Filling up the DagBag from /home/airflow/.local/lib/python3.12/site-packages/airflow/example_dags/example_bash_operator.py
[2024-09-22T11:39:44.234+0000] {processor.py:840} INFO - DAG(s) 'example_bash_operator' retrieved from /home/airflow/.local/lib/python3.12/site-packages/airflow/example_dags/example_bash_operator.py
[2024-09-22T11:39:44.332+0000] {logging_mixin.py:188} INFO - [2024-09-22T11:39:44.332+0000] {dag.py:3089} INFO - Sync 1 DAGs
[2024-09-22T11:40:12.757+0000] {logging_mixin.py:188} INFO - [2024-09-22T11:40:12.757+0000] {dag.py:3947} INFO - Setting next_dagrun for example_bash_operator to 2024-09-22 00:00:00+00:00, run_after=2024-09-23 00:00:00+00:00
[2024-09-22T11:40:29.668+0000] {processor.py:183} INFO - Processing /home/airflow/.local/lib/python3.12/site-packages/airflow/example_dags/example_bash_operator.py took 46.177 seconds
[2024-09-22T11:41:43.940+0000] {processor.py:161} INFO - Started process (PID=2197) to work on /home/airflow/.local/lib/python3.12/site-packages/airflow/example_dags/example_bash_operator.py
[2024-09-22T11:41:44.172+0000] {processor.py:830} INFO - Processing file /home/airflow/.local/lib/python3.12/site-packages/airflow/example_dags/example_bash_operator.py for tasks to queue
[2024-09-22T11:41:44.173+0000] {logging_mixin.py:188} INFO - [2024-09-22T11:41:44.173+0000] {dagbag.py:545} INFO - Filling up the DagBag from /home/airflow/.local/lib/python3.12/site-packages/airflow/example_dags/example_bash_operator.py
[2024-09-22T11:41:44.221+0000] {processor.py:840} INFO - DAG(s) 'example_bash_operator' retrieved from /home/airflow/.local/lib/python3.12/site-packages/airflow/example_dags/example_bash_operator.py
[2024-09-22T11:41:44.662+0000] {logging_mixin.py:188} INFO - [2024-09-22T11:41:44.661+0000] {dag.py:3089} INFO - Sync 1 DAGs
[2024-09-22T11:41:44.888+0000] {logging_mixin.py:188} INFO - [2024-09-22T11:41:44.886+0000] {dag.py:3947} INFO - Setting next_dagrun for example_bash_operator to 2024-09-22 00:00:00+00:00, run_after=2024-09-23 00:00:00+00:00
[2024-09-22T11:41:45.495+0000] {processor.py:183} INFO - Processing /home/airflow/.local/lib/python3.12/site-packages/airflow/example_dags/example_bash_operator.py took 1.566 seconds
[2024-09-22T11:42:17.229+0000] {processor.py:161} INFO - Started process (PID=2270) to work on /home/airflow/.local/lib/python3.12/site-packages/airflow/example_dags/example_bash_operator.py
[2024-09-22T11:42:17.706+0000] {processor.py:830} INFO - Processing file /home/airflow/.local/lib/python3.12/site-packages/airflow/example_dags/example_bash_operator.py for tasks to queue
[2024-09-22T11:42:17.710+0000] {logging_mixin.py:188} INFO - [2024-09-22T11:42:17.708+0000] {dagbag.py:545} INFO - Filling up the DagBag from /home/airflow/.local/lib/python3.12/site-packages/airflow/example_dags/example_bash_operator.py
[2024-09-22T11:42:17.738+0000] {processor.py:840} INFO - DAG(s) 'example_bash_operator' retrieved from /home/airflow/.local/lib/python3.12/site-packages/airflow/example_dags/example_bash_operator.py
[2024-09-22T11:42:17.783+0000] {logging_mixin.py:188} INFO - [2024-09-22T11:42:17.783+0000] {dag.py:3089} INFO - Sync 1 DAGs
[2024-09-22T11:42:17.812+0000] {logging_mixin.py:188} INFO - [2024-09-22T11:42:17.812+0000] {dag.py:3947} INFO - Setting next_dagrun for example_bash_operator to 2024-09-22 00:00:00+00:00, run_after=2024-09-23 00:00:00+00:00
[2024-09-22T11:42:20.682+0000] {processor.py:183} INFO - Processing /home/airflow/.local/lib/python3.12/site-packages/airflow/example_dags/example_bash_operator.py took 3.477 seconds
[2024-09-22T11:42:51.289+0000] {processor.py:161} INFO - Started process (PID=2344) to work on /home/airflow/.local/lib/python3.12/site-packages/airflow/example_dags/example_bash_operator.py
[2024-09-22T11:42:51.331+0000] {processor.py:830} INFO - Processing file /home/airflow/.local/lib/python3.12/site-packages/airflow/example_dags/example_bash_operator.py for tasks to queue
[2024-09-22T11:42:51.336+0000] {logging_mixin.py:188} INFO - [2024-09-22T11:42:51.332+0000] {dagbag.py:545} INFO - Filling up the DagBag from /home/airflow/.local/lib/python3.12/site-packages/airflow/example_dags/example_bash_operator.py
[2024-09-22T11:42:51.391+0000] {processor.py:840} INFO - DAG(s) 'example_bash_operator' retrieved from /home/airflow/.local/lib/python3.12/site-packages/airflow/example_dags/example_bash_operator.py
[2024-09-22T11:42:51.466+0000] {logging_mixin.py:188} INFO - [2024-09-22T11:42:51.465+0000] {dag.py:3089} INFO - Sync 1 DAGs
[2024-09-22T11:42:51.498+0000] {logging_mixin.py:188} INFO - [2024-09-22T11:42:51.498+0000] {dag.py:3947} INFO - Setting next_dagrun for example_bash_operator to 2024-09-22 00:00:00+00:00, run_after=2024-09-23 00:00:00+00:00
[2024-09-22T11:42:53.166+0000] {processor.py:183} INFO - Processing /home/airflow/.local/lib/python3.12/site-packages/airflow/example_dags/example_bash_operator.py took 1.887 seconds
[2024-09-22T11:43:23.775+0000] {processor.py:161} INFO - Started process (PID=2435) to work on /home/airflow/.local/lib/python3.12/site-packages/airflow/example_dags/example_bash_operator.py
[2024-09-22T11:43:23.849+0000] {processor.py:830} INFO - Processing file /home/airflow/.local/lib/python3.12/site-packages/airflow/example_dags/example_bash_operator.py for tasks to queue
[2024-09-22T11:43:23.855+0000] {logging_mixin.py:188} INFO - [2024-09-22T11:43:23.852+0000] {dagbag.py:545} INFO - Filling up the DagBag from /home/airflow/.local/lib/python3.12/site-packages/airflow/example_dags/example_bash_operator.py
[2024-09-22T11:43:23.893+0000] {processor.py:840} INFO - DAG(s) 'example_bash_operator' retrieved from /home/airflow/.local/lib/python3.12/site-packages/airflow/example_dags/example_bash_operator.py
[2024-09-22T11:43:24.001+0000] {logging_mixin.py:188} INFO - [2024-09-22T11:43:24.001+0000] {dag.py:3089} INFO - Sync 1 DAGs
[2024-09-22T11:43:24.079+0000] {logging_mixin.py:188} INFO - [2024-09-22T11:43:24.078+0000] {dag.py:3947} INFO - Setting next_dagrun for example_bash_operator to 2024-09-22 00:00:00+00:00, run_after=2024-09-23 00:00:00+00:00
[2024-09-22T11:43:24.333+0000] {processor.py:183} INFO - Processing /home/airflow/.local/lib/python3.12/site-packages/airflow/example_dags/example_bash_operator.py took 0.582 seconds
[2024-09-22T11:43:54.964+0000] {processor.py:161} INFO - Started process (PID=2527) to work on /home/airflow/.local/lib/python3.12/site-packages/airflow/example_dags/example_bash_operator.py
[2024-09-22T11:43:54.966+0000] {processor.py:830} INFO - Processing file /home/airflow/.local/lib/python3.12/site-packages/airflow/example_dags/example_bash_operator.py for tasks to queue
[2024-09-22T11:43:54.968+0000] {logging_mixin.py:188} INFO - [2024-09-22T11:43:54.967+0000] {dagbag.py:545} INFO - Filling up the DagBag from /home/airflow/.local/lib/python3.12/site-packages/airflow/example_dags/example_bash_operator.py
[2024-09-22T11:43:54.997+0000] {processor.py:840} INFO - DAG(s) 'example_bash_operator' retrieved from /home/airflow/.local/lib/python3.12/site-packages/airflow/example_dags/example_bash_operator.py
[2024-09-22T11:43:55.092+0000] {logging_mixin.py:188} INFO - [2024-09-22T11:43:55.092+0000] {dag.py:3089} INFO - Sync 1 DAGs
[2024-09-22T11:43:55.155+0000] {logging_mixin.py:188} INFO - [2024-09-22T11:43:55.155+0000] {dag.py:3947} INFO - Setting next_dagrun for example_bash_operator to 2024-09-22 00:00:00+00:00, run_after=2024-09-23 00:00:00+00:00
[2024-09-22T11:43:55.263+0000] {processor.py:183} INFO - Processing /home/airflow/.local/lib/python3.12/site-packages/airflow/example_dags/example_bash_operator.py took 0.320 seconds
                                                                                                                                                                                                                                                                                                                                                                                                                                                                                                                                                                                                                                                                                                                                                                                                                                                                                                                                                                                                                                                                                                                                                                                                                                                                                                                                                                                                     