[2024-09-22T11:15:21.726+0000] {processor.py:161} INFO - Started process (PID=85) to work on /home/airflow/.local/lib/python3.12/site-packages/airflow/example_dags/example_trigger_controller_dag.py
[2024-09-22T11:15:21.727+0000] {processor.py:830} INFO - Processing file /home/airflow/.local/lib/python3.12/site-packages/airflow/example_dags/example_trigger_controller_dag.py for tasks to queue
[2024-09-22T11:15:21.730+0000] {logging_mixin.py:188} INFO - [2024-09-22T11:15:21.729+0000] {dagbag.py:545} INFO - Filling up the DagBag from /home/airflow/.local/lib/python3.12/site-packages/airflow/example_dags/example_trigger_controller_dag.py
[2024-09-22T11:15:21.737+0000] {processor.py:840} INFO - DAG(s) 'example_trigger_controller_dag' retrieved from /home/airflow/.local/lib/python3.12/site-packages/airflow/example_dags/example_trigger_controller_dag.py
[2024-09-22T11:15:21.770+0000] {logging_mixin.py:188} INFO - [2024-09-22T11:15:21.770+0000] {dag.py:3089} INFO - Sync 1 DAGs
[2024-09-22T11:15:21.864+0000] {logging_mixin.py:188} INFO - [2024-09-22T11:15:21.863+0000] {dag.py:3947} INFO - Setting next_dagrun for example_trigger_controller_dag to None, run_after=None
[2024-09-22T11:15:22.022+0000] {processor.py:183} INFO - Processing /home/airflow/.local/lib/python3.12/site-packages/airflow/example_dags/example_trigger_controller_dag.py took 0.306 seconds
[2024-09-22T11:15:59.362+0000] {processor.py:161} INFO - Started process (PID=149) to work on /home/airflow/.local/lib/python3.12/site-packages/airflow/example_dags/example_trigger_controller_dag.py
[2024-09-22T11:15:59.440+0000] {processor.py:830} INFO - Processing file /home/airflow/.local/lib/python3.12/site-packages/airflow/example_dags/example_trigger_controller_dag.py for tasks to queue
[2024-09-22T11:15:59.443+0000] {logging_mixin.py:188} INFO - [2024-09-22T11:15:59.442+0000] {dagbag.py:545} INFO - Filling up the DagBag from /home/airflow/.local/lib/python3.12/site-packages/airflow/example_dags/example_trigger_controller_dag.py
[2024-09-22T11:15:59.450+0000] {processor.py:840} INFO - DAG(s) 'example_trigger_controller_dag' retrieved from /home/airflow/.local/lib/python3.12/site-packages/airflow/example_dags/example_trigger_controller_dag.py
[2024-09-22T11:15:59.482+0000] {logging_mixin.py:188} INFO - [2024-09-22T11:15:59.481+0000] {dag.py:3089} INFO - Sync 1 DAGs
[2024-09-22T11:15:59.521+0000] {logging_mixin.py:188} INFO - [2024-09-22T11:15:59.520+0000] {dag.py:3947} INFO - Setting next_dagrun for example_trigger_controller_dag to None, run_after=None
[2024-09-22T11:15:59.658+0000] {processor.py:183} INFO - Processing /home/airflow/.local/lib/python3.12/site-packages/airflow/example_dags/example_trigger_controller_dag.py took 0.306 seconds
[2024-09-22T11:16:50.381+0000] {processor.py:161} INFO - Started process (PID=207) to work on /home/airflow/.local/lib/python3.12/site-packages/airflow/example_dags/example_trigger_controller_dag.py
[2024-09-22T11:16:50.528+0000] {processor.py:830} INFO - Processing file /home/airflow/.local/lib/python3.12/site-packages/airflow/example_dags/example_trigger_controller_dag.py for tasks to queue
[2024-09-22T11:16:50.531+0000] {logging_mixin.py:188} INFO - [2024-09-22T11:16:50.530+0000] {dagbag.py:545} INFO - Filling up the DagBag from /home/airflow/.local/lib/python3.12/site-packages/airflow/example_dags/example_trigger_controller_dag.py
[2024-09-22T11:16:50.537+0000] {processor.py:840} INFO - DAG(s) 'example_trigger_controller_dag' retrieved from /home/airflow/.local/lib/python3.12/site-packages/airflow/example_dags/example_trigger_controller_dag.py
[2024-09-22T11:16:50.569+0000] {logging_mixin.py:188} INFO - [2024-09-22T11:16:50.569+0000] {dag.py:3089} INFO - Sync 1 DAGs
[2024-09-22T11:16:50.614+0000] {logging_mixin.py:188} INFO - [2024-09-22T11:16:50.614+0000] {dag.py:3947} INFO - Setting next_dagrun for example_trigger_controller_dag to None, run_after=None
[2024-09-22T11:16:50.851+0000] {processor.py:183} INFO - Processing /home/airflow/.local/lib/python3.12/site-packages/airflow/example_dags/example_trigger_controller_dag.py took 0.491 seconds
[2024-09-22T11:17:35.489+0000] {processor.py:161} INFO - Started process (PID=299) to work on /home/airflow/.local/lib/python3.12/site-packages/airflow/example_dags/example_trigger_controller_dag.py
[2024-09-22T11:17:35.642+0000] {processor.py:830} INFO - Processing file /home/airflow/.local/lib/python3.12/site-packages/airflow/example_dags/example_trigger_controller_dag.py for tasks to queue
[2024-09-22T11:17:35.644+0000] {logging_mixin.py:188} INFO - [2024-09-22T11:17:35.643+0000] {dagbag.py:545} INFO - Filling up the DagBag from /home/airflow/.local/lib/python3.12/site-packages/airflow/example_dags/example_trigger_controller_dag.py
[2024-09-22T11:17:35.675+0000] {processor.py:840} INFO - DAG(s) 'example_trigger_controller_dag' retrieved from /home/airflow/.local/lib/python3.12/site-packages/airflow/example_dags/example_trigger_controller_dag.py
[2024-09-22T11:17:35.780+0000] {logging_mixin.py:188} INFO - [2024-09-22T11:17:35.780+0000] {dag.py:3089} INFO - Sync 1 DAGs
[2024-09-22T11:17:35.905+0000] {logging_mixin.py:188} INFO - [2024-09-22T11:17:35.904+0000] {dag.py:3947} INFO - Setting next_dagrun for example_trigger_controller_dag to None, run_after=None
[2024-09-22T11:17:36.142+0000] {processor.py:183} INFO - Processing /home/airflow/.local/lib/python3.12/site-packages/airflow/example_dags/example_trigger_controller_dag.py took 0.697 seconds
[2024-09-22T11:18:06.625+0000] {processor.py:161} INFO - Started process (PID=383) to work on /home/airflow/.local/lib/python3.12/site-packages/airflow/example_dags/example_trigger_controller_dag.py
[2024-09-22T11:18:06.788+0000] {processor.py:830} INFO - Processing file /home/airflow/.local/lib/python3.12/site-packages/airflow/example_dags/example_trigger_controller_dag.py for tasks to queue
[2024-09-22T11:18:06.794+0000] {logging_mixin.py:188} INFO - [2024-09-22T11:18:06.792+0000] {dagbag.py:545} INFO - Filling up the DagBag from /home/airflow/.local/lib/python3.12/site-packages/airflow/example_dags/example_trigger_controller_dag.py
[2024-09-22T11:18:06.817+0000] {processor.py:840} INFO - DAG(s) 'example_trigger_controller_dag' retrieved from /home/airflow/.local/lib/python3.12/site-packages/airflow/example_dags/example_trigger_controller_dag.py
[2024-09-22T11:18:06.893+0000] {logging_mixin.py:188} INFO - [2024-09-22T11:18:06.892+0000] {dag.py:3089} INFO - Sync 1 DAGs
[2024-09-22T11:18:06.970+0000] {logging_mixin.py:188} INFO - [2024-09-22T11:18:06.970+0000] {dag.py:3947} INFO - Setting next_dagrun for example_trigger_controller_dag to None, run_after=None
[2024-09-22T11:18:07.282+0000] {processor.py:183} INFO - Processing /home/airflow/.local/lib/python3.12/site-packages/airflow/example_dags/example_trigger_controller_dag.py took 0.758 seconds
[2024-09-22T11:19:05.366+0000] {processor.py:161} INFO - Started process (PID=481) to work on /home/airflow/.local/lib/python3.12/site-packages/airflow/example_dags/example_trigger_controller_dag.py
[2024-09-22T11:19:05.496+0000] {processor.py:830} INFO - Processing file /home/airflow/.local/lib/python3.12/site-packages/airflow/example_dags/example_trigger_controller_dag.py for tasks to queue
[2024-09-22T11:19:05.498+0000] {logging_mixin.py:188} INFO - [2024-09-22T11:19:05.498+0000] {dagbag.py:545} INFO - Filling up the DagBag from /home/airflow/.local/lib/python3.12/site-packages/airflow/example_dags/example_trigger_controller_dag.py
[2024-09-22T11:19:05.510+0000] {processor.py:840} INFO - DAG(s) 'example_trigger_controller_dag' retrieved from /home/airflow/.local/lib/python3.12/site-packages/airflow/example_dags/example_trigger_controller_dag.py
[2024-09-22T11:19:05.569+0000] {logging_mixin.py:188} INFO - [2024-09-22T11:19:05.568+0000] {dag.py:3089} INFO - Sync 1 DAGs
[2024-09-22T11:19:05.628+0000] {logging_mixin.py:188} INFO - [2024-09-22T11:19:05.627+0000] {dag.py:3947} INFO - Setting next_dagrun for example_trigger_controller_dag to None, run_after=None
[2024-09-22T11:19:06.031+0000] {processor.py:183} INFO - Processing /home/airflow/.local/lib/python3.12/site-packages/airflow/example_dags/example_trigger_controller_dag.py took 0.684 seconds
[2024-09-22T11:19:38.714+0000] {processor.py:161} INFO - Started process (PID=549) to work on /home/airflow/.local/lib/python3.12/site-packages/airflow/example_dags/example_trigger_controller_dag.py
[2024-09-22T11:19:38.837+0000] {processor.py:830} INFO - Processing file /home/airflow/.local/lib/python3.12/site-packages/airflow/example_dags/example_trigger_controller_dag.py for tasks to queue
[2024-09-22T11:19:38.984+0000] {logging_mixin.py:188} INFO - [2024-09-22T11:19:38.983+0000] {dagbag.py:545} INFO - Filling up the DagBag from /home/airflow/.local/lib/python3.12/site-packages/airflow/example_dags/example_trigger_controller_dag.py
[2024-09-22T11:19:38.996+0000] {processor.py:840} INFO - DAG(s) 'example_trigger_controller_dag' retrieved from /home/airflow/.local/lib/python3.12/site-packages/airflow/example_dags/example_trigger_controller_dag.py
[2024-09-22T11:19:39.051+0000] {logging_mixin.py:188} INFO - [2024-09-22T11:19:39.050+0000] {dag.py:3089} INFO - Sync 1 DAGs
[2024-09-22T11:19:39.114+0000] {logging_mixin.py:188} INFO - [2024-09-22T11:19:39.113+0000] {dag.py:3947} INFO - Setting next_dagrun for example_trigger_controller_dag to None, run_after=None
[2024-09-22T11:19:39.500+0000] {processor.py:183} INFO - Processing /home/airflow/.local/lib/python3.12/site-packages/airflow/example_dags/example_trigger_controller_dag.py took 0.800 seconds
[2024-09-22T11:20:13.218+0000] {processor.py:161} INFO - Started process (PID=636) to work on /home/airflow/.local/lib/python3.12/site-packages/airflow/example_dags/example_trigger_controller_dag.py
[2024-09-22T11:20:13.315+0000] {processor.py:830} INFO - Processing file /home/airflow/.local/lib/python3.12/site-packages/airflow/example_dags/example_trigger_controller_dag.py for tasks to queue
[2024-09-22T11:20:13.317+0000] {logging_mixin.py:188} INFO - [2024-09-22T11:20:13.316+0000] {dagbag.py:545} INFO - Filling up the DagBag from /home/airflow/.local/lib/python3.12/site-packages/airflow/example_dags/example_trigger_controller_dag.py
[2024-09-22T11:20:13.335+0000] {processor.py:840} INFO - DAG(s) 'example_trigger_controller_dag' retrieved from /home/airflow/.local/lib/python3.12/site-packages/airflow/example_dags/example_trigger_controller_dag.py
[2024-09-22T11:20:13.418+0000] {logging_mixin.py:188} INFO - [2024-09-22T11:20:13.417+0000] {dag.py:3089} INFO - Sync 1 DAGs
[2024-09-22T11:20:13.493+0000] {logging_mixin.py:188} INFO - [2024-09-22T11:20:13.491+0000] {dag.py:3947} INFO - Setting next_dagrun for example_trigger_controller_dag to None, run_after=None
[2024-09-22T11:20:13.800+0000] {processor.py:183} INFO - Processing /home/airflow/.local/lib/python3.12/site-packages/airflow/example_dags/example_trigger_controller_dag.py took 0.620 seconds
[2024-09-22T11:20:59.605+0000] {processor.py:161} INFO - Started process (PID=706) to work on /home/airflow/.local/lib/python3.12/site-packages/airflow/example_dags/example_trigger_controller_dag.py
[2024-09-22T11:20:59.616+0000] {processor.py:830} INFO - Processing file /home/airflow/.local/lib/python3.12/site-packages/airflow/example_dags/example_trigger_controller_dag.py for tasks to queue
[2024-09-22T11:20:59.618+0000] {logging_mixin.py:188} INFO - [2024-09-22T11:20:59.616+0000] {dagbag.py:545} INFO - Filling up the DagBag from /home/airflow/.local/lib/python3.12/site-packages/airflow/example_dags/example_trigger_controller_dag.py
[2024-09-22T11:20:59.639+0000] {processor.py:840} INFO - DAG(s) 'example_trigger_controller_dag' retrieved from /home/airflow/.local/lib/python3.12/site-packages/airflow/example_dags/example_trigger_controller_dag.py
[2024-09-22T11:20:59.712+0000] {logging_mixin.py:188} INFO - [2024-09-22T11:20:59.711+0000] {dag.py:3089} INFO - Sync 1 DAGs
[2024-09-22T11:20:59.790+0000] {logging_mixin.py:188} INFO - [2024-09-22T11:20:59.789+0000] {dag.py:3947} INFO - Setting next_dagrun for example_trigger_controller_dag to None, run_after=None
[2024-09-22T11:21:00.066+0000] {processor.py:183} INFO - Processing /home/airflow/.local/lib/python3.12/site-packages/airflow/example_dags/example_trigger_controller_dag.py took 0.482 seconds
[2024-09-22T11:22:04.132+0000] {processor.py:161} INFO - Started process (PID=791) to work on /home/airflow/.local/lib/python3.12/site-packages/airflow/example_dags/example_trigger_controller_dag.py
[2024-09-22T11:22:04.472+0000] {processor.py:830} INFO - Processing file /home/airflow/.local/lib/python3.12/site-packages/airflow/example_dags/example_trigger_controller_dag.py for tasks to queue
[2024-09-22T11:22:04.473+0000] {logging_mixin.py:188} INFO - [2024-09-22T11:22:04.473+0000] {dagbag.py:545} INFO - Filling up the DagBag from /home/airflow/.local/lib/python3.12/site-packages/airflow/example_dags/example_trigger_controller_dag.py
[2024-09-22T11:22:04.484+0000] {processor.py:840} INFO - DAG(s) 'example_trigger_controller_dag' retrieved from /home/airflow/.local/lib/python3.12/site-packages/airflow/example_dags/example_trigger_controller_dag.py
[2024-09-22T11:22:04.528+0000] {logging_mixin.py:188} INFO - [2024-09-22T11:22:04.528+0000] {dag.py:3089} INFO - Sync 1 DAGs
[2024-09-22T11:22:04.818+0000] {logging_mixin.py:188} INFO - [2024-09-22T11:22:04.818+0000] {dag.py:3947} INFO - Setting next_dagrun for example_trigger_controller_dag to None, run_after=None
[2024-09-22T11:22:05.842+0000] {processor.py:183} INFO - Processing /home/airflow/.local/lib/python3.12/site-packages/airflow/example_dags/example_trigger_controller_dag.py took 1.718 seconds
[2024-09-22T11:22:59.600+0000] {processor.py:161} INFO - Started process (PID=872) to work on /home/airflow/.local/lib/python3.12/site-packages/airflow/example_dags/example_trigger_controller_dag.py
[2024-09-22T11:22:59.728+0000] {processor.py:830} INFO - Processing file /home/airflow/.local/lib/python3.12/site-packages/airflow/example_dags/example_trigger_controller_dag.py for tasks to queue
[2024-09-22T11:22:59.732+0000] {logging_mixin.py:188} INFO - [2024-09-22T11:22:59.730+0000] {dagbag.py:545} INFO - Filling up the DagBag from /home/airflow/.local/lib/python3.12/site-packages/airflow/example_dags/example_trigger_controller_dag.py
[2024-09-22T11:22:59.745+0000] {processor.py:840} INFO - DAG(s) 'example_trigger_controller_dag' retrieved from /home/airflow/.local/lib/python3.12/site-packages/airflow/example_dags/example_trigger_controller_dag.py
[2024-09-22T11:23:00.468+0000] {logging_mixin.py:188} INFO - [2024-09-22T11:23:00.468+0000] {dag.py:3089} INFO - Sync 1 DAGs
[2024-09-22T11:23:00.513+0000] {logging_mixin.py:188} INFO - [2024-09-22T11:23:00.513+0000] {dag.py:3947} INFO - Setting next_dagrun for example_trigger_controller_dag to None, run_after=None
[2024-09-22T11:23:00.883+0000] {processor.py:183} INFO - Processing /home/airflow/.local/lib/python3.12/site-packages/airflow/example_dags/example_trigger_controller_dag.py took 1.289 seconds
[2024-09-22T11:24:36.761+0000] {processor.py:161} INFO - Started process (PID=977) to work on /home/airflow/.local/lib/python3.12/site-packages/airflow/example_dags/example_trigger_controller_dag.py
[2024-09-22T11:24:37.103+0000] {processor.py:830} INFO - Processing file /home/airflow/.local/lib/python3.12/site-packages/airflow/example_dags/example_trigger_controller_dag.py for tasks to queue
[2024-09-22T11:24:37.105+0000] {logging_mixin.py:188} INFO - [2024-09-22T11:24:37.104+0000] {dagbag.py:545} INFO - Filling up the DagBag from /home/airflow/.local/lib/python3.12/site-packages/airflow/example_dags/example_trigger_controller_dag.py
[2024-09-22T11:24:37.164+0000] {processor.py:840} INFO - DAG(s) 'example_trigger_controller_dag' retrieved from /home/airflow/.local/lib/python3.12/site-packages/airflow/example_dags/example_trigger_controller_dag.py
[2024-09-22T11:24:37.216+0000] {logging_mixin.py:188} INFO - [2024-09-22T11:24:37.214+0000] {dag.py:3089} INFO - Sync 1 DAGs
[2024-09-22T11:24:37.269+0000] {logging_mixin.py:188} INFO - [2024-09-22T11:24:37.269+0000] {dag.py:3947} INFO - Setting next_dagrun for example_trigger_controller_dag to None, run_after=None
[2024-09-22T11:24:37.508+0000] {processor.py:183} INFO - Processing /home/airflow/.local/lib/python3.12/site-packages/airflow/example_dags/example_trigger_controller_dag.py took 0.758 seconds
[2024-09-22T11:25:41.677+0000] {processor.py:161} INFO - Started process (PID=1054) to work on /home/airflow/.local/lib/python3.12/site-packages/airflow/example_dags/example_trigger_controller_dag.py
[2024-09-22T11:25:41.808+0000] {processor.py:830} INFO - Processing file /home/airflow/.local/lib/python3.12/site-packages/airflow/example_dags/example_trigger_controller_dag.py for tasks to queue
[2024-09-22T11:25:41.811+0000] {logging_mixin.py:188} INFO - [2024-09-22T11:25:41.810+0000] {dagbag.py:545} INFO - Filling up the DagBag from /home/airflow/.local/lib/python3.12/site-packages/airflow/example_dags/example_trigger_controller_dag.py
[2024-09-22T11:25:41.836+0000] {processor.py:840} INFO - DAG(s) 'example_trigger_controller_dag' retrieved from /home/airflow/.local/lib/python3.12/site-packages/airflow/example_dags/example_trigger_controller_dag.py
[2024-09-22T11:25:41.910+0000] {logging_mixin.py:188} INFO - [2024-09-22T11:25:41.909+0000] {dag.py:3089} INFO - Sync 1 DAGs
[2024-09-22T11:25:42.043+0000] {logging_mixin.py:188} INFO - [2024-09-22T11:25:42.039+0000] {dag.py:3947} INFO - Setting next_dagrun for example_trigger_controller_dag to None, run_after=None
[2024-09-22T11:25:42.387+0000] {processor.py:183} INFO - Processing /home/airflow/.local/lib/python3.12/site-packages/airflow/example_dags/example_trigger_controller_dag.py took 0.717 seconds
[2024-09-22T11:27:16.376+0000] {processor.py:161} INFO - Started process (PID=1122) to work on /home/airflow/.local/lib/python3.12/site-packages/airflow/example_dags/example_trigger_controller_dag.py
[2024-09-22T11:27:16.829+0000] {processor.py:830} INFO - Processing file /home/airflow/.local/lib/python3.12/site-packages/airflow/example_dags/example_trigger_controller_dag.py for tasks to queue
[2024-09-22T11:27:16.831+0000] {logging_mixin.py:188} INFO - [2024-09-22T11:27:16.830+0000] {dagbag.py:545} INFO - Filling up the DagBag from /home/airflow/.local/lib/python3.12/site-packages/airflow/example_dags/example_trigger_controller_dag.py
[2024-09-22T11:27:16.840+0000] {processor.py:840} INFO - DAG(s) 'example_trigger_controller_dag' retrieved from /home/airflow/.local/lib/python3.12/site-packages/airflow/example_dags/example_trigger_controller_dag.py
[2024-09-22T11:27:16.890+0000] {logging_mixin.py:188} INFO - [2024-09-22T11:27:16.890+0000] {dag.py:3089} INFO - Sync 1 DAGs
[2024-09-22T11:27:16.932+0000] {logging_mixin.py:188} INFO - [2024-09-22T11:27:16.932+0000] {dag.py:3947} INFO - Setting next_dagrun for example_trigger_controller_dag to None, run_after=None
[2024-09-22T11:27:17.388+0000] {processor.py:183} INFO - Processing /home/airflow/.local/lib/python3.12/site-packages/airflow/example_dags/example_trigger_controller_dag.py took 1.027 seconds
[2024-09-22T11:28:30.468+0000] {processor.py:161} INFO - Started process (PID=1207) to work on /home/airflow/.local/lib/python3.12/site-packages/airflow/example_dags/example_trigger_controller_dag.py
[2024-09-22T11:28:30.484+0000] {processor.py:830} INFO - Processing file /home/airflow/.local/lib/python3.12/site-packages/airflow/example_dags/example_trigger_controller_dag.py for tasks to queue
[2024-09-22T11:28:30.486+0000] {logging_mixin.py:188} INFO - [2024-09-22T11:28:30.486+0000] {dagbag.py:545} INFO - Filling up the DagBag from /home/airflow/.local/lib/python3.12/site-packages/airflow/example_dags/example_trigger_controller_dag.py
[2024-09-22T11:28:30.496+0000] {processor.py:840} INFO - DAG(s) 'example_trigger_controller_dag' retrieved from /home/airflow/.local/lib/python3.12/site-packages/airflow/example_dags/example_trigger_controller_dag.py
[2024-09-22T11:28:30.542+0000] {logging_mixin.py:188} INFO - [2024-09-22T11:28:30.541+0000] {dag.py:3089} INFO - Sync 1 DAGs
[2024-09-22T11:28:30.599+0000] {logging_mixin.py:188} INFO - [2024-09-22T11:28:30.598+0000] {dag.py:3947} INFO - Setting next_dagrun for example_trigger_controller_dag to None, run_after=None
[2024-09-22T11:28:30.844+0000] {processor.py:183} INFO - Processing /home/airflow/.local/lib/python3.12/site-packages/airflow/example_dags/example_trigger_controller_dag.py took 0.391 seconds
[2024-09-22T11:29:08.435+0000] {processor.py:161} INFO - Started process (PID=1271) to work on /home/airflow/.local/lib/python3.12/site-packages/airflow/example_dags/example_trigger_controller_dag.py
[2024-09-22T11:29:08.507+0000] {processor.py:830} INFO - Processing file /home/airflow/.local/lib/python3.12/site-packages/airflow/example_dags/example_trigger_controller_dag.py for tasks to queue
[2024-09-22T11:29:08.508+0000] {logging_mixin.py:188} INFO - [2024-09-22T11:29:08.508+0000] {dagbag.py:545} INFO - Filling up the DagBag from /home/airflow/.local/lib/python3.12/site-packages/airflow/example_dags/example_trigger_controller_dag.py
[2024-09-22T11:29:08.519+0000] {processor.py:840} INFO - DAG(s) 'example_trigger_controller_dag' retrieved from /home/airflow/.local/lib/python3.12/site-packages/airflow/example_dags/example_trigger_controller_dag.py
[2024-09-22T11:29:08.555+0000] {logging_mixin.py:188} INFO - [2024-09-22T11:29:08.554+0000] {dag.py:3089} INFO - Sync 1 DAGs
[2024-09-22T11:29:08.598+0000] {logging_mixin.py:188} INFO - [2024-09-22T11:29:08.597+0000] {dag.py:3947} INFO - Setting next_dagrun for example_trigger_controller_dag to None, run_after=None
[2024-09-22T11:29:08.834+0000] {processor.py:183} INFO - Processing /home/airflow/.local/lib/python3.12/site-packages/airflow/example_dags/example_trigger_controller_dag.py took 0.411 seconds
[2024-09-22T11:29:39.210+0000] {processor.py:161} INFO - Started process (PID=1337) to work on /home/airflow/.local/lib/python3.12/site-packages/airflow/example_dags/example_trigger_controller_dag.py
[2024-09-22T11:29:39.211+0000] {processor.py:830} INFO - Processing file /home/airflow/.local/lib/python3.12/site-packages/airflow/example_dags/example_trigger_controller_dag.py for tasks to queue
[2024-09-22T11:29:39.213+0000] {logging_mixin.py:188} INFO - [2024-09-22T11:29:39.212+0000] {dagbag.py:545} INFO - Filling up the DagBag from /home/airflow/.local/lib/python3.12/site-packages/airflow/example_dags/example_trigger_controller_dag.py
[2024-09-22T11:29:39.221+0000] {processor.py:840} INFO - DAG(s) 'example_trigger_controller_dag' retrieved from /home/airflow/.local/lib/python3.12/site-packages/airflow/example_dags/example_trigger_controller_dag.py
[2024-09-22T11:29:39.259+0000] {logging_mixin.py:188} INFO - [2024-09-22T11:29:39.259+0000] {dag.py:3089} INFO - Sync 1 DAGs
[2024-09-22T11:29:39.298+0000] {logging_mixin.py:188} INFO - [2024-09-22T11:29:39.298+0000] {dag.py:3947} INFO - Setting next_dagrun for example_trigger_controller_dag to None, run_after=None
[2024-09-22T11:29:39.475+0000] {processor.py:183} INFO - Processing /home/airflow/.local/lib/python3.12/site-packages/airflow/example_dags/example_trigger_controller_dag.py took 0.275 seconds
[2024-09-22T11:30:11.213+0000] {processor.py:161} INFO - Started process (PID=1396) to work on /home/airflow/.local/lib/python3.12/site-packages/airflow/example_dags/example_trigger_controller_dag.py
[2024-09-22T11:30:11.332+0000] {processor.py:830} INFO - Processing file /home/airflow/.local/lib/python3.12/site-packages/airflow/example_dags/example_trigger_controller_dag.py for tasks to queue
[2024-09-22T11:30:11.336+0000] {logging_mixin.py:188} INFO - [2024-09-22T11:30:11.333+0000] {dagbag.py:545} INFO - Filling up the DagBag from /home/airflow/.local/lib/python3.12/site-packages/airflow/example_dags/example_trigger_controller_dag.py
[2024-09-22T11:30:11.359+0000] {processor.py:840} INFO - DAG(s) 'example_trigger_controller_dag' retrieved from /home/airflow/.local/lib/python3.12/site-packages/airflow/example_dags/example_trigger_controller_dag.py
[2024-09-22T11:30:11.428+0000] {logging_mixin.py:188} INFO - [2024-09-22T11:30:11.428+0000] {dag.py:3089} INFO - Sync 1 DAGs
[2024-09-22T11:30:11.544+0000] {logging_mixin.py:188} INFO - [2024-09-22T11:30:11.544+0000] {dag.py:3947} INFO - Setting next_dagrun for example_trigger_controller_dag to None, run_after=None
[2024-09-22T11:30:11.725+0000] {processor.py:183} INFO - Processing /home/airflow/.local/lib/python3.12/site-packages/airflow/example_dags/example_trigger_controller_dag.py took 0.536 seconds
[2024-09-22T11:30:43.528+0000] {processor.py:161} INFO - Started process (PID=1470) to work on /home/airflow/.local/lib/python3.12/site-packages/airflow/example_dags/example_trigger_controller_dag.py
[2024-09-22T11:30:43.529+0000] {processor.py:830} INFO - Processing file /home/airflow/.local/lib/python3.12/site-packages/airflow/example_dags/example_trigger_controller_dag.py for tasks to queue
[2024-09-22T11:30:43.530+0000] {logging_mixin.py:188} INFO - [2024-09-22T11:30:43.530+0000] {dagbag.py:545} INFO - Filling up the DagBag from /home/airflow/.local/lib/python3.12/site-packages/airflow/example_dags/example_trigger_controller_dag.py
[2024-09-22T11:30:43.536+0000] {processor.py:840} INFO - DAG(s) 'example_trigger_controller_dag' retrieved from /home/airflow/.local/lib/python3.12/site-packages/airflow/example_dags/example_trigger_controller_dag.py
[2024-09-22T11:30:43.562+0000] {logging_mixin.py:188} INFO - [2024-09-22T11:30:43.562+0000] {dag.py:3089} INFO - Sync 1 DAGs
[2024-09-22T11:30:43.589+0000] {logging_mixin.py:188} INFO - [2024-09-22T11:30:43.589+0000] {dag.py:3947} INFO - Setting next_dagrun for example_trigger_controller_dag to None, run_after=None
[2024-09-22T11:30:43.794+0000] {processor.py:183} INFO - Processing /home/airflow/.local/lib/python3.12/site-packages/airflow/example_dags/example_trigger_controller_dag.py took 0.275 seconds
[2024-09-22T11:31:19.577+0000] {processor.py:161} INFO - Started process (PID=1530) to work on /home/airflow/.local/lib/python3.12/site-packages/airflow/example_dags/example_trigger_controller_dag.py
[2024-09-22T11:31:19.777+0000] {processor.py:830} INFO - Processing file /home/airflow/.local/lib/python3.12/site-packages/airflow/example_dags/example_trigger_controller_dag.py for tasks to queue
[2024-09-22T11:31:19.779+0000] {logging_mixin.py:188} INFO - [2024-09-22T11:31:19.778+0000] {dagbag.py:545} INFO - Filling up the DagBag from /home/airflow/.local/lib/python3.12/site-packages/airflow/example_dags/example_trigger_controller_dag.py
[2024-09-22T11:31:19.787+0000] {processor.py:840} INFO - DAG(s) 'example_trigger_controller_dag' retrieved from /home/airflow/.local/lib/python3.12/site-packages/airflow/example_dags/example_trigger_controller_dag.py
[2024-09-22T11:31:19.824+0000] {logging_mixin.py:188} INFO - [2024-09-22T11:31:19.824+0000] {dag.py:3089} INFO - Sync 1 DAGs
[2024-09-22T11:31:19.868+0000] {logging_mixin.py:188} INFO - [2024-09-22T11:31:19.868+0000] {dag.py:3947} INFO - Setting next_dagrun for example_trigger_controller_dag to None, run_after=None
[2024-09-22T11:31:20.154+0000] {processor.py:183} INFO - Processing /home/airflow/.local/lib/python3.12/site-packages/airflow/example_dags/example_trigger_controller_dag.py took 0.586 seconds
[2024-09-22T11:33:04.329+0000] {processor.py:161} INFO - Started process (PID=1653) to work on /home/airflow/.local/lib/python3.12/site-packages/airflow/example_dags/example_trigger_controller_dag.py
[2024-09-22T11:33:04.388+0000] {processor.py:830} INFO - Processing file /home/airflow/.local/lib/python3.12/site-packages/airflow/example_dags/example_trigger_controller_dag.py for tasks to queue
[2024-09-22T11:33:04.390+0000] {logging_mixin.py:188} INFO - [2024-09-22T11:33:04.389+0000] {dagbag.py:545} INFO - Filling up the DagBag from /home/airflow/.local/lib/python3.12/site-packages/airflow/example_dags/example_trigger_controller_dag.py
[2024-09-22T11:33:04.403+0000] {processor.py:840} INFO - DAG(s) 'example_trigger_controller_dag' retrieved from /home/airflow/.local/lib/python3.12/site-packages/airflow/example_dags/example_trigger_controller_dag.py
[2024-09-22T11:33:04.447+0000] {logging_mixin.py:188} INFO - [2024-09-22T11:33:04.446+0000] {dag.py:3089} INFO - Sync 1 DAGs
[2024-09-22T11:33:04.504+0000] {logging_mixin.py:188} INFO - [2024-09-22T11:33:04.503+0000] {dag.py:3947} INFO - Setting next_dagrun for example_trigger_controller_dag to None, run_after=None
[2024-09-22T11:33:04.726+0000] {processor.py:183} INFO - Processing /home/airflow/.local/lib/python3.12/site-packages/airflow/example_dags/example_trigger_controller_dag.py took 0.416 seconds
[2024-09-22T11:33:42.829+0000] {processor.py:161} INFO - Started process (PID=1727) to work on /home/airflow/.local/lib/python3.12/site-packages/airflow/example_dags/example_trigger_controller_dag.py
[2024-09-22T11:33:42.910+0000] {processor.py:830} INFO - Processing file /home/airflow/.local/lib/python3.12/site-packages/airflow/example_dags/example_trigger_controller_dag.py for tasks to queue
[2024-09-22T11:33:42.912+0000] {logging_mixin.py:188} INFO - [2024-09-22T11:33:42.911+0000] {dagbag.py:545} INFO - Filling up the DagBag from /home/airflow/.local/lib/python3.12/site-packages/airflow/example_dags/example_trigger_controller_dag.py
[2024-09-22T11:33:42.939+0000] {processor.py:840} INFO - DAG(s) 'example_trigger_controller_dag' retrieved from /home/airflow/.local/lib/python3.12/site-packages/airflow/example_dags/example_trigger_controller_dag.py
[2024-09-22T11:33:42.993+0000] {logging_mixin.py:188} INFO - [2024-09-22T11:33:42.992+0000] {dag.py:3089} INFO - Sync 1 DAGs
[2024-09-22T11:33:43.044+0000] {logging_mixin.py:188} INFO - [2024-09-22T11:33:43.043+0000] {dag.py:3947} INFO - Setting next_dagrun for example_trigger_controller_dag to None, run_after=None
[2024-09-22T11:33:43.256+0000] {processor.py:183} INFO - Processing /home/airflow/.local/lib/python3.12/site-packages/airflow/example_dags/example_trigger_controller_dag.py took 0.452 seconds
[2024-09-22T11:34:16.170+0000] {processor.py:161} INFO - Started process (PID=1795) to work on /home/airflow/.local/lib/python3.12/site-packages/airflow/example_dags/example_trigger_controller_dag.py
[2024-09-22T11:34:16.171+0000] {processor.py:830} INFO - Processing file /home/airflow/.local/lib/python3.12/site-packages/airflow/example_dags/example_trigger_controller_dag.py for tasks to queue
[2024-09-22T11:34:16.173+0000] {logging_mixin.py:188} INFO - [2024-09-22T11:34:16.172+0000] {dagbag.py:545} INFO - Filling up the DagBag from /home/airflow/.local/lib/python3.12/site-packages/airflow/example_dags/example_trigger_controller_dag.py
[2024-09-22T11:34:16.182+0000] {processor.py:840} INFO - DAG(s) 'example_trigger_controller_dag' retrieved from /home/airflow/.local/lib/python3.12/site-packages/airflow/example_dags/example_trigger_controller_dag.py
[2024-09-22T11:34:16.239+0000] {logging_mixin.py:188} INFO - [2024-09-22T11:34:16.239+0000] {dag.py:3089} INFO - Sync 1 DAGs
[2024-09-22T11:34:16.298+0000] {logging_mixin.py:188} INFO - [2024-09-22T11:34:16.297+0000] {dag.py:3947} INFO - Setting next_dagrun for example_trigger_controller_dag to None, run_after=None
[2024-09-22T11:34:16.505+0000] {processor.py:183} INFO - Processing /home/airflow/.local/lib/python3.12/site-packages/airflow/example_dags/example_trigger_controller_dag.py took 0.355 seconds
[2024-09-22T11:34:47.006+0000] {processor.py:161} INFO - Started process (PID=1857) to work on /home/airflow/.local/lib/python3.12/site-packages/airflow/example_dags/example_trigger_controller_dag.py
[2024-09-22T11:34:47.240+0000] {processor.py:830} INFO - Processing file /home/airflow/.local/lib/python3.12/site-packages/airflow/example_dags/example_trigger_controller_dag.py for tasks to queue
[2024-09-22T11:34:47.242+0000] {logging_mixin.py:188} INFO - [2024-09-22T11:34:47.241+0000] {dagbag.py:545} INFO - Filling up the DagBag from /home/airflow/.local/lib/python3.12/site-packages/airflow/example_dags/example_trigger_controller_dag.py
[2024-09-22T11:34:47.249+0000] {processor.py:840} INFO - DAG(s) 'example_trigger_controller_dag' retrieved from /home/airflow/.local/lib/python3.12/site-packages/airflow/example_dags/example_trigger_controller_dag.py
[2024-09-22T11:34:47.281+0000] {logging_mixin.py:188} INFO - [2024-09-22T11:34:47.280+0000] {dag.py:3089} INFO - Sync 1 DAGs
[2024-09-22T11:34:47.495+0000] {logging_mixin.py:188} INFO - [2024-09-22T11:34:47.495+0000] {dag.py:3947} INFO - Setting next_dagrun for example_trigger_controller_dag to None, run_after=None
[2024-09-22T11:34:47.983+0000] {processor.py:183} INFO - Processing /home/airflow/.local/lib/python3.12/site-packages/airflow/example_dags/example_trigger_controller_dag.py took 0.988 seconds
[2024-09-22T11:35:18.150+0000] {processor.py:161} INFO - Started process (PID=1915) to work on /home/airflow/.local/lib/python3.12/site-packages/airflow/example_dags/example_trigger_controller_dag.py
[2024-09-22T11:35:18.151+0000] {processor.py:830} INFO - Processing file /home/airflow/.local/lib/python3.12/site-packages/airflow/example_dags/example_trigger_controller_dag.py for tasks to queue
[2024-09-22T11:35:18.152+0000] {logging_mixin.py:188} INFO - [2024-09-22T11:35:18.152+0000] {dagbag.py:545} INFO - Filling up the DagBag from /home/airflow/.local/lib/python3.12/site-packages/airflow/example_dags/example_trigger_controller_dag.py
[2024-09-22T11:35:18.158+0000] {processor.py:840} INFO - DAG(s) 'example_trigger_controller_dag' retrieved from /home/airflow/.local/lib/python3.12/site-packages/airflow/example_dags/example_trigger_controller_dag.py
[2024-09-22T11:35:18.188+0000] {logging_mixin.py:188} INFO - [2024-09-22T11:35:18.188+0000] {dag.py:3089} INFO - Sync 1 DAGs
[2024-09-22T11:35:18.250+0000] {logging_mixin.py:188} INFO - [2024-09-22T11:35:18.249+0000] {dag.py:3947} INFO - Setting next_dagrun for example_trigger_controller_dag to None, run_after=None
[2024-09-22T11:35:18.648+0000] {processor.py:183} INFO - Processing /home/airflow/.local/lib/python3.12/site-packages/airflow/example_dags/example_trigger_controller_dag.py took 0.505 seconds
[2024-09-22T11:35:53.674+0000] {processor.py:161} INFO - Started process (PID=1982) to work on /home/airflow/.local/lib/python3.12/site-packages/airflow/example_dags/example_trigger_controller_dag.py
[2024-09-22T11:35:53.855+0000] {processor.py:830} INFO - Processing file /home/airflow/.local/lib/python3.12/site-packages/airflow/example_dags/example_trigger_controller_dag.py for tasks to queue
[2024-09-22T11:35:53.857+0000] {logging_mixin.py:188} INFO - [2024-09-22T11:35:53.856+0000] {dagbag.py:545} INFO - Filling up the DagBag from /home/airflow/.local/lib/python3.12/site-packages/airflow/example_dags/example_trigger_controller_dag.py
[2024-09-22T11:35:53.866+0000] {processor.py:840} INFO - DAG(s) 'example_trigger_controller_dag' retrieved from /home/airflow/.local/lib/python3.12/site-packages/airflow/example_dags/example_trigger_controller_dag.py
[2024-09-22T11:35:53.902+0000] {logging_mixin.py:188} INFO - [2024-09-22T11:35:53.902+0000] {dag.py:3089} INFO - Sync 1 DAGs
[2024-09-22T11:35:53.957+0000] {logging_mixin.py:188} INFO - [2024-09-22T11:35:53.957+0000] {dag.py:3947} INFO - Setting next_dagrun for example_trigger_controller_dag to None, run_after=None
[2024-09-22T11:35:54.152+0000] {processor.py:183} INFO - Processing /home/airflow/.local/lib/python3.12/site-packages/airflow/example_dags/example_trigger_controller_dag.py took 0.490 seconds
[2024-09-22T11:41:19.949+0000] {processor.py:161} INFO - Started process (PID=2147) to work on /home/airflow/.local/lib/python3.12/site-packages/airflow/example_dags/example_trigger_controller_dag.py
[2024-09-22T11:41:20.010+0000] {processor.py:830} INFO - Processing file /home/airflow/.local/lib/python3.12/site-packages/airflow/example_dags/example_trigger_controller_dag.py for tasks to queue
[2024-09-22T11:41:20.012+0000] {logging_mixin.py:188} INFO - [2024-09-22T11:41:20.011+0000] {dagbag.py:545} INFO - Filling up the DagBag from /home/airflow/.local/lib/python3.12/site-packages/airflow/example_dags/example_trigger_controller_dag.py
[2024-09-22T11:41:20.020+0000] {processor.py:840} INFO - DAG(s) 'example_trigger_controller_dag' retrieved from /home/airflow/.local/lib/python3.12/site-packages/airflow/example_dags/example_trigger_controller_dag.py
[2024-09-22T11:41:20.047+0000] {logging_mixin.py:188} INFO - [2024-09-22T11:41:20.047+0000] {dag.py:3089} INFO - Sync 1 DAGs
[2024-09-22T11:41:20.075+0000] {logging_mixin.py:188} INFO - [2024-09-22T11:41:20.075+0000] {dag.py:3947} INFO - Setting next_dagrun for example_trigger_controller_dag to None, run_after=None
[2024-09-22T11:41:20.427+0000] {processor.py:183} INFO - Processing /home/airflow/.local/lib/python3.12/site-packages/airflow/example_dags/example_trigger_controller_dag.py took 0.487 seconds
[2024-09-22T11:41:58.824+0000] {processor.py:161} INFO - Started process (PID=2221) to work on /home/airflow/.local/lib/python3.12/site-packages/airflow/example_dags/example_trigger_controller_dag.py
[2024-09-22T11:41:58.978+0000] {processor.py:830} INFO - Processing file /home/airflow/.local/lib/python3.12/site-packages/airflow/example_dags/example_trigger_controller_dag.py for tasks to queue
[2024-09-22T11:41:58.980+0000] {logging_mixin.py:188} INFO - [2024-09-22T11:41:58.979+0000] {dagbag.py:545} INFO - Filling up the DagBag from /home/airflow/.local/lib/python3.12/site-packages/airflow/example_dags/example_trigger_controller_dag.py
[2024-09-22T11:41:59.001+0000] {processor.py:840} INFO - DAG(s) 'example_trigger_controller_dag' retrieved from /home/airflow/.local/lib/python3.12/site-packages/airflow/example_dags/example_trigger_controller_dag.py
[2024-09-22T11:41:59.055+0000] {logging_mixin.py:188} INFO - [2024-09-22T11:41:59.055+0000] {dag.py:3089} INFO - Sync 1 DAGs
[2024-09-22T11:41:59.099+0000] {logging_mixin.py:188} INFO - [2024-09-22T11:41:59.099+0000] {dag.py:3947} INFO - Setting next_dagrun for example_trigger_controller_dag to None, run_after=None
[2024-09-22T11:41:59.698+0000] {processor.py:183} INFO - Processing /home/airflow/.local/lib/python3.12/site-packages/airflow/example_dags/example_trigger_controller_dag.py took 0.891 seconds
[2024-09-22T11:42:30.882+0000] {processor.py:161} INFO - Started process (PID=2294) to work on /home/airflow/.local/lib/python3.12/site-packages/airflow/example_dags/example_trigger_controller_dag.py
[2024-09-22T11:42:30.889+0000] {processor.py:830} INFO - Processing file /home/airflow/.local/lib/python3.12/site-packages/airflow/example_dags/example_trigger_controller_dag.py for tasks to queue
[2024-09-22T11:42:30.897+0000] {logging_mixin.py:188} INFO - [2024-09-22T11:42:30.890+0000] {dagbag.py:545} INFO - Filling up the DagBag from /home/airflow/.local/lib/python3.12/site-packages/airflow/example_dags/example_trigger_controller_dag.py
[2024-09-22T11:42:30.930+0000] {processor.py:840} INFO - DAG(s) 'example_trigger_controller_dag' retrieved from /home/airflow/.local/lib/python3.12/site-packages/airflow/example_dags/example_trigger_controller_dag.py
[2024-09-22T11:42:31.019+0000] {logging_mixin.py:188} INFO - [2024-09-22T11:42:31.018+0000] {dag.py:3089} INFO - Sync 1 DAGs
[2024-09-22T11:42:31.108+0000] {logging_mixin.py:188} INFO - [2024-09-22T11:42:31.103+0000] {dag.py:3947} INFO - Setting next_dagrun for example_trigger_controller_dag to None, run_after=None
[2024-09-22T11:42:31.806+0000] {processor.py:183} INFO - Processing /home/airflow/.local/lib/python3.12/site-packages/airflow/example_dags/example_trigger_controller_dag.py took 0.955 seconds
[2024-09-22T11:43:02.564+0000] {processor.py:161} INFO - Started process (PID=2378) to work on /home/airflow/.local/lib/python3.12/site-packages/airflow/example_dags/example_trigger_controller_dag.py
[2024-09-22T11:43:02.657+0000] {processor.py:830} INFO - Processing file /home/airflow/.local/lib/python3.12/site-packages/airflow/example_dags/example_trigger_controller_dag.py for tasks to queue
[2024-09-22T11:43:02.659+0000] {logging_mixin.py:188} INFO - [2024-09-22T11:43:02.658+0000] {dagbag.py:545} INFO - Filling up the DagBag from /home/airflow/.local/lib/python3.12/site-packages/airflow/example_dags/example_trigger_controller_dag.py
[2024-09-22T11:43:02.675+0000] {processor.py:840} INFO - DAG(s) 'example_trigger_controller_dag' retrieved from /home/airflow/.local/lib/python3.12/site-packages/airflow/example_dags/example_trigger_controller_dag.py
[2024-09-22T11:43:02.745+0000] {logging_mixin.py:188} INFO - [2024-09-22T11:43:02.743+0000] {dag.py:3089} INFO - Sync 1 DAGs
[2024-09-22T11:43:02.843+0000] {logging_mixin.py:188} INFO - [2024-09-22T11:43:02.842+0000] {dag.py:3947} INFO - Setting next_dagrun for example_trigger_controller_dag to None, run_after=None
[2024-09-22T11:43:03.169+0000] {processor.py:183} INFO - Processing /home/airflow/.local/lib/python3.12/site-packages/airflow/example_dags/example_trigger_controller_dag.py took 0.632 seconds
[2024-09-22T11:43:35.399+0000] {processor.py:161} INFO - Started process (PID=2472) to work on /home/airflow/.local/lib/python3.12/site-packages/airflow/example_dags/example_trigger_controller_dag.py
[2024-09-22T11:43:35.554+0000] {processor.py:830} INFO - Processing file /home/airflow/.local/lib/python3.12/site-packages/airflow/example_dags/example_trigger_controller_dag.py for tasks to queue
[2024-09-22T11:43:35.557+0000] {logging_mixin.py:188} INFO - [2024-09-22T11:43:35.557+0000] {dagbag.py:545} INFO - Filling up the DagBag from /home/airflow/.local/lib/python3.12/site-packages/airflow/example_dags/example_trigger_controller_dag.py
[2024-09-22T11:43:35.591+0000] {processor.py:840} INFO - DAG(s) 'example_trigger_controller_dag' retrieved from /home/airflow/.local/lib/python3.12/site-packages/airflow/example_dags/example_trigger_controller_dag.py
[2024-09-22T11:43:35.646+0000] {logging_mixin.py:188} INFO - [2024-09-22T11:43:35.645+0000] {dag.py:3089} INFO - Sync 1 DAGs
[2024-09-22T11:43:35.712+0000] {logging_mixin.py:188} INFO - [2024-09-22T11:43:35.712+0000] {dag.py:3947} INFO - Setting next_dagrun for example_trigger_controller_dag to None, run_after=None
[2024-09-22T11:43:36.289+0000] {processor.py:183} INFO - Processing /home/airflow/.local/lib/python3.12/site-packages/airflow/example_dags/example_trigger_controller_dag.py took 0.954 seconds
                                                                                                                                                                                                                                                                                                                                                                                                                                                                                                                                                                                                                                                                                                                                                                                                                                                                                                                                                                                                                                                                                                                                                                                                                                                                                                                                                                                                                          