[2024-09-22T11:13:31.148+0000] {processor.py:161} INFO - Started process (PID=76) to work on /home/airflow/.local/lib/python3.12/site-packages/airflow/example_dags/example_latest_only.py
[2024-09-22T11:13:31.150+0000] {processor.py:830} INFO - Processing file /home/airflow/.local/lib/python3.12/site-packages/airflow/example_dags/example_latest_only.py for tasks to queue
[2024-09-22T11:13:31.163+0000] {logging_mixin.py:188} INFO - [2024-09-22T11:13:31.163+0000] {dagbag.py:545} INFO - Filling up the DagBag from /home/airflow/.local/lib/python3.12/site-packages/airflow/example_dags/example_latest_only.py
[2024-09-22T11:13:31.208+0000] {processor.py:840} INFO - DAG(s) 'latest_only' retrieved from /home/airflow/.local/lib/python3.12/site-packages/airflow/example_dags/example_latest_only.py
[2024-09-22T11:13:31.288+0000] {logging_mixin.py:188} INFO - [2024-09-22T11:13:31.288+0000] {dag.py:3089} INFO - Sync 1 DAGs
[2024-09-22T11:13:31.324+0000] {logging_mixin.py:188} INFO - [2024-09-22T11:13:31.323+0000] {dag.py:3947} INFO - Setting next_dagrun for latest_only to 2024-09-22 04:00:00+00:00, run_after=2024-09-22 08:00:00+00:00
[2024-09-22T11:13:31.513+0000] {processor.py:183} INFO - Processing /home/airflow/.local/lib/python3.12/site-packages/airflow/example_dags/example_latest_only.py took 0.409 seconds
[2024-09-22T11:15:19.071+0000] {processor.py:161} INFO - Started process (PID=77) to work on /home/airflow/.local/lib/python3.12/site-packages/airflow/example_dags/example_latest_only.py
[2024-09-22T11:15:19.185+0000] {processor.py:830} INFO - Processing file /home/airflow/.local/lib/python3.12/site-packages/airflow/example_dags/example_latest_only.py for tasks to queue
[2024-09-22T11:15:19.198+0000] {logging_mixin.py:188} INFO - [2024-09-22T11:15:19.195+0000] {dagbag.py:545} INFO - Filling up the DagBag from /home/airflow/.local/lib/python3.12/site-packages/airflow/example_dags/example_latest_only.py
[2024-09-22T11:15:19.250+0000] {processor.py:840} INFO - DAG(s) 'latest_only' retrieved from /home/airflow/.local/lib/python3.12/site-packages/airflow/example_dags/example_latest_only.py
[2024-09-22T11:15:19.512+0000] {logging_mixin.py:188} INFO - [2024-09-22T11:15:19.511+0000] {dag.py:3089} INFO - Sync 1 DAGs
[2024-09-22T11:15:19.618+0000] {logging_mixin.py:188} INFO - [2024-09-22T11:15:19.618+0000] {dag.py:3947} INFO - Setting next_dagrun for latest_only to 2024-09-22 08:00:00+00:00, run_after=2024-09-22 12:00:00+00:00
[2024-09-22T11:15:19.788+0000] {processor.py:183} INFO - Processing /home/airflow/.local/lib/python3.12/site-packages/airflow/example_dags/example_latest_only.py took 0.761 seconds
[2024-09-22T11:15:56.121+0000] {processor.py:161} INFO - Started process (PID=136) to work on /home/airflow/.local/lib/python3.12/site-packages/airflow/example_dags/example_latest_only.py
[2024-09-22T11:15:56.207+0000] {processor.py:830} INFO - Processing file /home/airflow/.local/lib/python3.12/site-packages/airflow/example_dags/example_latest_only.py for tasks to queue
[2024-09-22T11:15:56.213+0000] {logging_mixin.py:188} INFO - [2024-09-22T11:15:56.213+0000] {dagbag.py:545} INFO - Filling up the DagBag from /home/airflow/.local/lib/python3.12/site-packages/airflow/example_dags/example_latest_only.py
[2024-09-22T11:15:56.229+0000] {processor.py:840} INFO - DAG(s) 'latest_only' retrieved from /home/airflow/.local/lib/python3.12/site-packages/airflow/example_dags/example_latest_only.py
[2024-09-22T11:15:56.289+0000] {logging_mixin.py:188} INFO - [2024-09-22T11:15:56.289+0000] {dag.py:3089} INFO - Sync 1 DAGs
[2024-09-22T11:15:56.368+0000] {logging_mixin.py:188} INFO - [2024-09-22T11:15:56.364+0000] {dag.py:3947} INFO - Setting next_dagrun for latest_only to 2024-09-22 08:00:00+00:00, run_after=2024-09-22 12:00:00+00:00
[2024-09-22T11:15:56.501+0000] {processor.py:183} INFO - Processing /home/airflow/.local/lib/python3.12/site-packages/airflow/example_dags/example_latest_only.py took 0.400 seconds
[2024-09-22T11:16:44.898+0000] {processor.py:161} INFO - Started process (PID=200) to work on /home/airflow/.local/lib/python3.12/site-packages/airflow/example_dags/example_latest_only.py
[2024-09-22T11:16:45.226+0000] {processor.py:830} INFO - Processing file /home/airflow/.local/lib/python3.12/site-packages/airflow/example_dags/example_latest_only.py for tasks to queue
[2024-09-22T11:16:45.674+0000] {logging_mixin.py:188} INFO - [2024-09-22T11:16:45.673+0000] {dagbag.py:545} INFO - Filling up the DagBag from /home/airflow/.local/lib/python3.12/site-packages/airflow/example_dags/example_latest_only.py
[2024-09-22T11:16:45.688+0000] {processor.py:840} INFO - DAG(s) 'latest_only' retrieved from /home/airflow/.local/lib/python3.12/site-packages/airflow/example_dags/example_latest_only.py
[2024-09-22T11:16:45.742+0000] {logging_mixin.py:188} INFO - [2024-09-22T11:16:45.741+0000] {dag.py:3089} INFO - Sync 1 DAGs
[2024-09-22T11:16:45.804+0000] {logging_mixin.py:188} INFO - [2024-09-22T11:16:45.803+0000] {dag.py:3947} INFO - Setting next_dagrun for latest_only to 2024-09-22 08:00:00+00:00, run_after=2024-09-22 12:00:00+00:00
[2024-09-22T11:16:46.665+0000] {processor.py:183} INFO - Processing /home/airflow/.local/lib/python3.12/site-packages/airflow/example_dags/example_latest_only.py took 1.782 seconds
[2024-09-22T11:17:29.131+0000] {processor.py:161} INFO - Started process (PID=282) to work on /home/airflow/.local/lib/python3.12/site-packages/airflow/example_dags/example_latest_only.py
[2024-09-22T11:17:29.238+0000] {processor.py:830} INFO - Processing file /home/airflow/.local/lib/python3.12/site-packages/airflow/example_dags/example_latest_only.py for tasks to queue
[2024-09-22T11:17:29.240+0000] {logging_mixin.py:188} INFO - [2024-09-22T11:17:29.239+0000] {dagbag.py:545} INFO - Filling up the DagBag from /home/airflow/.local/lib/python3.12/site-packages/airflow/example_dags/example_latest_only.py
[2024-09-22T11:17:29.274+0000] {processor.py:840} INFO - DAG(s) 'latest_only' retrieved from /home/airflow/.local/lib/python3.12/site-packages/airflow/example_dags/example_latest_only.py
[2024-09-22T11:17:29.371+0000] {logging_mixin.py:188} INFO - [2024-09-22T11:17:29.370+0000] {dag.py:3089} INFO - Sync 1 DAGs
[2024-09-22T11:17:29.465+0000] {logging_mixin.py:188} INFO - [2024-09-22T11:17:29.464+0000] {dag.py:3947} INFO - Setting next_dagrun for latest_only to 2024-09-22 08:00:00+00:00, run_after=2024-09-22 12:00:00+00:00
[2024-09-22T11:17:29.974+0000] {processor.py:183} INFO - Processing /home/airflow/.local/lib/python3.12/site-packages/airflow/example_dags/example_latest_only.py took 0.874 seconds
[2024-09-22T11:18:00.116+0000] {processor.py:161} INFO - Started process (PID=361) to work on /home/airflow/.local/lib/python3.12/site-packages/airflow/example_dags/example_latest_only.py
[2024-09-22T11:18:00.117+0000] {processor.py:830} INFO - Processing file /home/airflow/.local/lib/python3.12/site-packages/airflow/example_dags/example_latest_only.py for tasks to queue
[2024-09-22T11:18:00.118+0000] {logging_mixin.py:188} INFO - [2024-09-22T11:18:00.118+0000] {dagbag.py:545} INFO - Filling up the DagBag from /home/airflow/.local/lib/python3.12/site-packages/airflow/example_dags/example_latest_only.py
[2024-09-22T11:18:00.124+0000] {processor.py:840} INFO - DAG(s) 'latest_only' retrieved from /home/airflow/.local/lib/python3.12/site-packages/airflow/example_dags/example_latest_only.py
[2024-09-22T11:18:00.585+0000] {logging_mixin.py:188} INFO - [2024-09-22T11:18:00.585+0000] {dag.py:3089} INFO - Sync 1 DAGs
[2024-09-22T11:18:00.651+0000] {logging_mixin.py:188} INFO - [2024-09-22T11:18:00.650+0000] {dag.py:3947} INFO - Setting next_dagrun for latest_only to 2024-09-22 08:00:00+00:00, run_after=2024-09-22 12:00:00+00:00
[2024-09-22T11:18:00.905+0000] {processor.py:183} INFO - Processing /home/airflow/.local/lib/python3.12/site-packages/airflow/example_dags/example_latest_only.py took 0.796 seconds
[2024-09-22T11:19:00.627+0000] {processor.py:161} INFO - Started process (PID=470) to work on /home/airflow/.local/lib/python3.12/site-packages/airflow/example_dags/example_latest_only.py
[2024-09-22T11:19:00.913+0000] {processor.py:830} INFO - Processing file /home/airflow/.local/lib/python3.12/site-packages/airflow/example_dags/example_latest_only.py for tasks to queue
[2024-09-22T11:19:00.914+0000] {logging_mixin.py:188} INFO - [2024-09-22T11:19:00.914+0000] {dagbag.py:545} INFO - Filling up the DagBag from /home/airflow/.local/lib/python3.12/site-packages/airflow/example_dags/example_latest_only.py
[2024-09-22T11:19:00.944+0000] {processor.py:840} INFO - DAG(s) 'latest_only' retrieved from /home/airflow/.local/lib/python3.12/site-packages/airflow/example_dags/example_latest_only.py
[2024-09-22T11:19:01.010+0000] {logging_mixin.py:188} INFO - [2024-09-22T11:19:01.009+0000] {dag.py:3089} INFO - Sync 1 DAGs
[2024-09-22T11:19:01.091+0000] {logging_mixin.py:188} INFO - [2024-09-22T11:19:01.091+0000] {dag.py:3947} INFO - Setting next_dagrun for latest_only to 2024-09-22 08:00:00+00:00, run_after=2024-09-22 12:00:00+00:00
[2024-09-22T11:19:01.321+0000] {processor.py:183} INFO - Processing /home/airflow/.local/lib/python3.12/site-packages/airflow/example_dags/example_latest_only.py took 0.744 seconds
[2024-09-22T11:19:34.390+0000] {processor.py:161} INFO - Started process (PID=541) to work on /home/airflow/.local/lib/python3.12/site-packages/airflow/example_dags/example_latest_only.py
[2024-09-22T11:19:34.431+0000] {processor.py:830} INFO - Processing file /home/airflow/.local/lib/python3.12/site-packages/airflow/example_dags/example_latest_only.py for tasks to queue
[2024-09-22T11:19:34.432+0000] {logging_mixin.py:188} INFO - [2024-09-22T11:19:34.432+0000] {dagbag.py:545} INFO - Filling up the DagBag from /home/airflow/.local/lib/python3.12/site-packages/airflow/example_dags/example_latest_only.py
[2024-09-22T11:19:34.444+0000] {processor.py:840} INFO - DAG(s) 'latest_only' retrieved from /home/airflow/.local/lib/python3.12/site-packages/airflow/example_dags/example_latest_only.py
[2024-09-22T11:19:34.491+0000] {logging_mixin.py:188} INFO - [2024-09-22T11:19:34.490+0000] {dag.py:3089} INFO - Sync 1 DAGs
[2024-09-22T11:19:34.563+0000] {logging_mixin.py:188} INFO - [2024-09-22T11:19:34.563+0000] {dag.py:3947} INFO - Setting next_dagrun for latest_only to 2024-09-22 08:00:00+00:00, run_after=2024-09-22 12:00:00+00:00
[2024-09-22T11:19:34.940+0000] {processor.py:183} INFO - Processing /home/airflow/.local/lib/python3.12/site-packages/airflow/example_dags/example_latest_only.py took 0.564 seconds
[2024-09-22T11:20:07.236+0000] {processor.py:161} INFO - Started process (PID=616) to work on /home/airflow/.local/lib/python3.12/site-packages/airflow/example_dags/example_latest_only.py
[2024-09-22T11:20:07.376+0000] {processor.py:830} INFO - Processing file /home/airflow/.local/lib/python3.12/site-packages/airflow/example_dags/example_latest_only.py for tasks to queue
[2024-09-22T11:20:07.384+0000] {logging_mixin.py:188} INFO - [2024-09-22T11:20:07.383+0000] {dagbag.py:545} INFO - Filling up the DagBag from /home/airflow/.local/lib/python3.12/site-packages/airflow/example_dags/example_latest_only.py
[2024-09-22T11:20:07.412+0000] {processor.py:840} INFO - DAG(s) 'latest_only' retrieved from /home/airflow/.local/lib/python3.12/site-packages/airflow/example_dags/example_latest_only.py
[2024-09-22T11:20:07.469+0000] {logging_mixin.py:188} INFO - [2024-09-22T11:20:07.469+0000] {dag.py:3089} INFO - Sync 1 DAGs
[2024-09-22T11:20:07.523+0000] {logging_mixin.py:188} INFO - [2024-09-22T11:20:07.522+0000] {dag.py:3947} INFO - Setting next_dagrun for latest_only to 2024-09-22 08:00:00+00:00, run_after=2024-09-22 12:00:00+00:00
[2024-09-22T11:20:07.900+0000] {processor.py:183} INFO - Processing /home/airflow/.local/lib/python3.12/site-packages/airflow/example_dags/example_latest_only.py took 0.678 seconds
[2024-09-22T11:20:54.923+0000] {processor.py:161} INFO - Started process (PID=694) to work on /home/airflow/.local/lib/python3.12/site-packages/airflow/example_dags/example_latest_only.py
[2024-09-22T11:20:55.074+0000] {processor.py:830} INFO - Processing file /home/airflow/.local/lib/python3.12/site-packages/airflow/example_dags/example_latest_only.py for tasks to queue
[2024-09-22T11:20:55.085+0000] {logging_mixin.py:188} INFO - [2024-09-22T11:20:55.084+0000] {dagbag.py:545} INFO - Filling up the DagBag from /home/airflow/.local/lib/python3.12/site-packages/airflow/example_dags/example_latest_only.py
[2024-09-22T11:20:55.103+0000] {processor.py:840} INFO - DAG(s) 'latest_only' retrieved from /home/airflow/.local/lib/python3.12/site-packages/airflow/example_dags/example_latest_only.py
[2024-09-22T11:20:55.183+0000] {logging_mixin.py:188} INFO - [2024-09-22T11:20:55.182+0000] {dag.py:3089} INFO - Sync 1 DAGs
[2024-09-22T11:20:55.304+0000] {logging_mixin.py:188} INFO - [2024-09-22T11:20:55.304+0000] {dag.py:3947} INFO - Setting next_dagrun for latest_only to 2024-09-22 08:00:00+00:00, run_after=2024-09-22 12:00:00+00:00
[2024-09-22T11:20:55.652+0000] {processor.py:183} INFO - Processing /home/airflow/.local/lib/python3.12/site-packages/airflow/example_dags/example_latest_only.py took 0.740 seconds
[2024-09-22T11:21:25.861+0000] {processor.py:161} INFO - Started process (PID=764) to work on /home/airflow/.local/lib/python3.12/site-packages/airflow/example_dags/example_latest_only.py
[2024-09-22T11:21:26.291+0000] {processor.py:830} INFO - Processing file /home/airflow/.local/lib/python3.12/site-packages/airflow/example_dags/example_latest_only.py for tasks to queue
[2024-09-22T11:21:26.293+0000] {logging_mixin.py:188} INFO - [2024-09-22T11:21:26.292+0000] {dagbag.py:545} INFO - Filling up the DagBag from /home/airflow/.local/lib/python3.12/site-packages/airflow/example_dags/example_latest_only.py
[2024-09-22T11:21:26.317+0000] {processor.py:840} INFO - DAG(s) 'latest_only' retrieved from /home/airflow/.local/lib/python3.12/site-packages/airflow/example_dags/example_latest_only.py
[2024-09-22T11:21:26.380+0000] {logging_mixin.py:188} INFO - [2024-09-22T11:21:26.380+0000] {dag.py:3089} INFO - Sync 1 DAGs
[2024-09-22T11:21:26.454+0000] {logging_mixin.py:188} INFO - [2024-09-22T11:21:26.449+0000] {dag.py:3947} INFO - Setting next_dagrun for latest_only to 2024-09-22 08:00:00+00:00, run_after=2024-09-22 12:00:00+00:00
[2024-09-22T11:21:26.779+0000] {processor.py:183} INFO - Processing /home/airflow/.local/lib/python3.12/site-packages/airflow/example_dags/example_latest_only.py took 0.933 seconds
[2024-09-22T11:22:47.145+0000] {processor.py:161} INFO - Started process (PID=844) to work on /home/airflow/.local/lib/python3.12/site-packages/airflow/example_dags/example_latest_only.py
[2024-09-22T11:22:47.362+0000] {processor.py:830} INFO - Processing file /home/airflow/.local/lib/python3.12/site-packages/airflow/example_dags/example_latest_only.py for tasks to queue
[2024-09-22T11:22:47.364+0000] {logging_mixin.py:188} INFO - [2024-09-22T11:22:47.363+0000] {dagbag.py:545} INFO - Filling up the DagBag from /home/airflow/.local/lib/python3.12/site-packages/airflow/example_dags/example_latest_only.py
[2024-09-22T11:22:47.377+0000] {processor.py:840} INFO - DAG(s) 'latest_only' retrieved from /home/airflow/.local/lib/python3.12/site-packages/airflow/example_dags/example_latest_only.py
[2024-09-22T11:22:47.406+0000] {logging_mixin.py:188} INFO - [2024-09-22T11:22:47.406+0000] {dag.py:3089} INFO - Sync 1 DAGs
[2024-09-22T11:22:47.444+0000] {logging_mixin.py:188} INFO - [2024-09-22T11:22:47.443+0000] {dag.py:3947} INFO - Setting next_dagrun for latest_only to 2024-09-22 08:00:00+00:00, run_after=2024-09-22 12:00:00+00:00
[2024-09-22T11:22:47.651+0000] {processor.py:183} INFO - Processing /home/airflow/.local/lib/python3.12/site-packages/airflow/example_dags/example_latest_only.py took 0.513 seconds
[2024-09-22T11:23:18.113+0000] {processor.py:161} INFO - Started process (PID=901) to work on /home/airflow/.local/lib/python3.12/site-packages/airflow/example_dags/example_latest_only.py
[2024-09-22T11:23:18.114+0000] {processor.py:830} INFO - Processing file /home/airflow/.local/lib/python3.12/site-packages/airflow/example_dags/example_latest_only.py for tasks to queue
[2024-09-22T11:23:18.115+0000] {logging_mixin.py:188} INFO - [2024-09-22T11:23:18.115+0000] {dagbag.py:545} INFO - Filling up the DagBag from /home/airflow/.local/lib/python3.12/site-packages/airflow/example_dags/example_latest_only.py
[2024-09-22T11:23:18.124+0000] {processor.py:840} INFO - DAG(s) 'latest_only' retrieved from /home/airflow/.local/lib/python3.12/site-packages/airflow/example_dags/example_latest_only.py
[2024-09-22T11:23:18.160+0000] {logging_mixin.py:188} INFO - [2024-09-22T11:23:18.159+0000] {dag.py:3089} INFO - Sync 1 DAGs
[2024-09-22T11:23:18.210+0000] {logging_mixin.py:188} INFO - [2024-09-22T11:23:18.210+0000] {dag.py:3947} INFO - Setting next_dagrun for latest_only to 2024-09-22 08:00:00+00:00, run_after=2024-09-22 12:00:00+00:00
[2024-09-22T11:23:18.490+0000] {processor.py:183} INFO - Processing /home/airflow/.local/lib/python3.12/site-packages/airflow/example_dags/example_latest_only.py took 0.388 seconds
[2024-09-22T11:24:33.685+0000] {processor.py:161} INFO - Started process (PID=968) to work on /home/airflow/.local/lib/python3.12/site-packages/airflow/example_dags/example_latest_only.py
[2024-09-22T11:24:34.020+0000] {processor.py:830} INFO - Processing file /home/airflow/.local/lib/python3.12/site-packages/airflow/example_dags/example_latest_only.py for tasks to queue
[2024-09-22T11:24:34.022+0000] {logging_mixin.py:188} INFO - [2024-09-22T11:24:34.022+0000] {dagbag.py:545} INFO - Filling up the DagBag from /home/airflow/.local/lib/python3.12/site-packages/airflow/example_dags/example_latest_only.py
[2024-09-22T11:24:34.074+0000] {processor.py:840} INFO - DAG(s) 'latest_only' retrieved from /home/airflow/.local/lib/python3.12/site-packages/airflow/example_dags/example_latest_only.py
[2024-09-22T11:24:34.101+0000] {logging_mixin.py:188} INFO - [2024-09-22T11:24:34.100+0000] {dag.py:3089} INFO - Sync 1 DAGs
[2024-09-22T11:24:34.131+0000] {logging_mixin.py:188} INFO - [2024-09-22T11:24:34.131+0000] {dag.py:3947} INFO - Setting next_dagrun for latest_only to 2024-09-22 08:00:00+00:00, run_after=2024-09-22 12:00:00+00:00
[2024-09-22T11:24:34.413+0000] {processor.py:183} INFO - Processing /home/airflow/.local/lib/python3.12/site-packages/airflow/example_dags/example_latest_only.py took 0.741 seconds
[2024-09-22T11:25:38.005+0000] {processor.py:161} INFO - Started process (PID=1047) to work on /home/airflow/.local/lib/python3.12/site-packages/airflow/example_dags/example_latest_only.py
[2024-09-22T11:25:38.403+0000] {processor.py:830} INFO - Processing file /home/airflow/.local/lib/python3.12/site-packages/airflow/example_dags/example_latest_only.py for tasks to queue
[2024-09-22T11:25:38.404+0000] {logging_mixin.py:188} INFO - [2024-09-22T11:25:38.404+0000] {dagbag.py:545} INFO - Filling up the DagBag from /home/airflow/.local/lib/python3.12/site-packages/airflow/example_dags/example_latest_only.py
[2024-09-22T11:25:38.412+0000] {processor.py:840} INFO - DAG(s) 'latest_only' retrieved from /home/airflow/.local/lib/python3.12/site-packages/airflow/example_dags/example_latest_only.py
[2024-09-22T11:25:38.447+0000] {logging_mixin.py:188} INFO - [2024-09-22T11:25:38.447+0000] {dag.py:3089} INFO - Sync 1 DAGs
[2024-09-22T11:25:38.519+0000] {logging_mixin.py:188} INFO - [2024-09-22T11:25:38.519+0000] {dag.py:3947} INFO - Setting next_dagrun for latest_only to 2024-09-22 08:00:00+00:00, run_after=2024-09-22 12:00:00+00:00
[2024-09-22T11:25:38.786+0000] {processor.py:183} INFO - Processing /home/airflow/.local/lib/python3.12/site-packages/airflow/example_dags/example_latest_only.py took 0.794 seconds
[2024-09-22T11:27:08.053+0000] {processor.py:161} INFO - Started process (PID=1114) to work on /home/airflow/.local/lib/python3.12/site-packages/airflow/example_dags/example_latest_only.py
[2024-09-22T11:27:08.118+0000] {processor.py:830} INFO - Processing file /home/airflow/.local/lib/python3.12/site-packages/airflow/example_dags/example_latest_only.py for tasks to queue
[2024-09-22T11:27:08.121+0000] {logging_mixin.py:188} INFO - [2024-09-22T11:27:08.120+0000] {dagbag.py:545} INFO - Filling up the DagBag from /home/airflow/.local/lib/python3.12/site-packages/airflow/example_dags/example_latest_only.py
[2024-09-22T11:27:08.134+0000] {processor.py:840} INFO - DAG(s) 'latest_only' retrieved from /home/airflow/.local/lib/python3.12/site-packages/airflow/example_dags/example_latest_only.py
[2024-09-22T11:27:08.172+0000] {logging_mixin.py:188} INFO - [2024-09-22T11:27:08.171+0000] {dag.py:3089} INFO - Sync 1 DAGs
[2024-09-22T11:27:08.221+0000] {logging_mixin.py:188} INFO - [2024-09-22T11:27:08.221+0000] {dag.py:3947} INFO - Setting next_dagrun for latest_only to 2024-09-22 08:00:00+00:00, run_after=2024-09-22 12:00:00+00:00
[2024-09-22T11:27:08.456+0000] {processor.py:183} INFO - Processing /home/airflow/.local/lib/python3.12/site-packages/airflow/example_dags/example_latest_only.py took 0.413 seconds
[2024-09-22T11:28:24.355+0000] {processor.py:161} INFO - Started process (PID=1190) to work on /home/airflow/.local/lib/python3.12/site-packages/airflow/example_dags/example_latest_only.py
[2024-09-22T11:28:24.548+0000] {processor.py:830} INFO - Processing file /home/airflow/.local/lib/python3.12/site-packages/airflow/example_dags/example_latest_only.py for tasks to queue
[2024-09-22T11:28:24.550+0000] {logging_mixin.py:188} INFO - [2024-09-22T11:28:24.549+0000] {dagbag.py:545} INFO - Filling up the DagBag from /home/airflow/.local/lib/python3.12/site-packages/airflow/example_dags/example_latest_only.py
[2024-09-22T11:28:24.564+0000] {processor.py:840} INFO - DAG(s) 'latest_only' retrieved from /home/airflow/.local/lib/python3.12/site-packages/airflow/example_dags/example_latest_only.py
[2024-09-22T11:28:24.604+0000] {logging_mixin.py:188} INFO - [2024-09-22T11:28:24.604+0000] {dag.py:3089} INFO - Sync 1 DAGs
[2024-09-22T11:28:24.639+0000] {logging_mixin.py:188} INFO - [2024-09-22T11:28:24.639+0000] {dag.py:3947} INFO - Setting next_dagrun for latest_only to 2024-09-22 08:00:00+00:00, run_after=2024-09-22 12:00:00+00:00
[2024-09-22T11:28:25.149+0000] {processor.py:183} INFO - Processing /home/airflow/.local/lib/python3.12/site-packages/airflow/example_dags/example_latest_only.py took 0.803 seconds
[2024-09-22T11:29:04.697+0000] {processor.py:161} INFO - Started process (PID=1264) to work on /home/airflow/.local/lib/python3.12/site-packages/airflow/example_dags/example_latest_only.py
[2024-09-22T11:29:04.740+0000] {processor.py:830} INFO - Processing file /home/airflow/.local/lib/python3.12/site-packages/airflow/example_dags/example_latest_only.py for tasks to queue
[2024-09-22T11:29:04.742+0000] {logging_mixin.py:188} INFO - [2024-09-22T11:29:04.741+0000] {dagbag.py:545} INFO - Filling up the DagBag from /home/airflow/.local/lib/python3.12/site-packages/airflow/example_dags/example_latest_only.py
[2024-09-22T11:29:04.751+0000] {processor.py:840} INFO - DAG(s) 'latest_only' retrieved from /home/airflow/.local/lib/python3.12/site-packages/airflow/example_dags/example_latest_only.py
[2024-09-22T11:29:04.787+0000] {logging_mixin.py:188} INFO - [2024-09-22T11:29:04.786+0000] {dag.py:3089} INFO - Sync 1 DAGs
[2024-09-22T11:29:04.831+0000] {logging_mixin.py:188} INFO - [2024-09-22T11:29:04.831+0000] {dag.py:3947} INFO - Setting next_dagrun for latest_only to 2024-09-22 08:00:00+00:00, run_after=2024-09-22 12:00:00+00:00
[2024-09-22T11:29:05.043+0000] {processor.py:183} INFO - Processing /home/airflow/.local/lib/python3.12/site-packages/airflow/example_dags/example_latest_only.py took 0.353 seconds
[2024-09-22T11:29:37.408+0000] {processor.py:161} INFO - Started process (PID=1330) to work on /home/airflow/.local/lib/python3.12/site-packages/airflow/example_dags/example_latest_only.py
[2024-09-22T11:29:37.413+0000] {processor.py:830} INFO - Processing file /home/airflow/.local/lib/python3.12/site-packages/airflow/example_dags/example_latest_only.py for tasks to queue
[2024-09-22T11:29:37.420+0000] {logging_mixin.py:188} INFO - [2024-09-22T11:29:37.414+0000] {dagbag.py:545} INFO - Filling up the DagBag from /home/airflow/.local/lib/python3.12/site-packages/airflow/example_dags/example_latest_only.py
[2024-09-22T11:29:37.444+0000] {processor.py:840} INFO - DAG(s) 'latest_only' retrieved from /home/airflow/.local/lib/python3.12/site-packages/airflow/example_dags/example_latest_only.py
[2024-09-22T11:29:37.509+0000] {logging_mixin.py:188} INFO - [2024-09-22T11:29:37.508+0000] {dag.py:3089} INFO - Sync 1 DAGs
[2024-09-22T11:29:37.636+0000] {logging_mixin.py:188} INFO - [2024-09-22T11:29:37.635+0000] {dag.py:3947} INFO - Setting next_dagrun for latest_only to 2024-09-22 08:00:00+00:00, run_after=2024-09-22 12:00:00+00:00
[2024-09-22T11:29:37.901+0000] {processor.py:183} INFO - Processing /home/airflow/.local/lib/python3.12/site-packages/airflow/example_dags/example_latest_only.py took 0.517 seconds
[2024-09-22T11:30:08.562+0000] {processor.py:161} INFO - Started process (PID=1388) to work on /home/airflow/.local/lib/python3.12/site-packages/airflow/example_dags/example_latest_only.py
[2024-09-22T11:30:08.785+0000] {processor.py:830} INFO - Processing file /home/airflow/.local/lib/python3.12/site-packages/airflow/example_dags/example_latest_only.py for tasks to queue
[2024-09-22T11:30:08.787+0000] {logging_mixin.py:188} INFO - [2024-09-22T11:30:08.786+0000] {dagbag.py:545} INFO - Filling up the DagBag from /home/airflow/.local/lib/python3.12/site-packages/airflow/example_dags/example_latest_only.py
[2024-09-22T11:30:08.796+0000] {processor.py:840} INFO - DAG(s) 'latest_only' retrieved from /home/airflow/.local/lib/python3.12/site-packages/airflow/example_dags/example_latest_only.py
[2024-09-22T11:30:08.838+0000] {logging_mixin.py:188} INFO - [2024-09-22T11:30:08.838+0000] {dag.py:3089} INFO - Sync 1 DAGs
[2024-09-22T11:30:08.885+0000] {logging_mixin.py:188} INFO - [2024-09-22T11:30:08.885+0000] {dag.py:3947} INFO - Setting next_dagrun for latest_only to 2024-09-22 08:00:00+00:00, run_after=2024-09-22 12:00:00+00:00
[2024-09-22T11:30:09.082+0000] {processor.py:183} INFO - Processing /home/airflow/.local/lib/python3.12/site-packages/airflow/example_dags/example_latest_only.py took 0.528 seconds
[2024-09-22T11:30:41.315+0000] {processor.py:161} INFO - Started process (PID=1459) to work on /home/airflow/.local/lib/python3.12/site-packages/airflow/example_dags/example_latest_only.py
[2024-09-22T11:30:41.394+0000] {processor.py:830} INFO - Processing file /home/airflow/.local/lib/python3.12/site-packages/airflow/example_dags/example_latest_only.py for tasks to queue
[2024-09-22T11:30:41.396+0000] {logging_mixin.py:188} INFO - [2024-09-22T11:30:41.395+0000] {dagbag.py:545} INFO - Filling up the DagBag from /home/airflow/.local/lib/python3.12/site-packages/airflow/example_dags/example_latest_only.py
[2024-09-22T11:30:41.408+0000] {processor.py:840} INFO - DAG(s) 'latest_only' retrieved from /home/airflow/.local/lib/python3.12/site-packages/airflow/example_dags/example_latest_only.py
[2024-09-22T11:30:41.441+0000] {logging_mixin.py:188} INFO - [2024-09-22T11:30:41.440+0000] {dag.py:3089} INFO - Sync 1 DAGs
[2024-09-22T11:30:41.472+0000] {logging_mixin.py:188} INFO - [2024-09-22T11:30:41.472+0000] {dag.py:3947} INFO - Setting next_dagrun for latest_only to 2024-09-22 08:00:00+00:00, run_after=2024-09-22 12:00:00+00:00
[2024-09-22T11:30:41.753+0000] {processor.py:183} INFO - Processing /home/airflow/.local/lib/python3.12/site-packages/airflow/example_dags/example_latest_only.py took 0.444 seconds
[2024-09-22T11:31:15.250+0000] {processor.py:161} INFO - Started process (PID=1520) to work on /home/airflow/.local/lib/python3.12/site-packages/airflow/example_dags/example_latest_only.py
[2024-09-22T11:31:15.310+0000] {processor.py:830} INFO - Processing file /home/airflow/.local/lib/python3.12/site-packages/airflow/example_dags/example_latest_only.py for tasks to queue
[2024-09-22T11:31:15.312+0000] {logging_mixin.py:188} INFO - [2024-09-22T11:31:15.311+0000] {dagbag.py:545} INFO - Filling up the DagBag from /home/airflow/.local/lib/python3.12/site-packages/airflow/example_dags/example_latest_only.py
[2024-09-22T11:31:15.322+0000] {processor.py:840} INFO - DAG(s) 'latest_only' retrieved from /home/airflow/.local/lib/python3.12/site-packages/airflow/example_dags/example_latest_only.py
[2024-09-22T11:31:15.350+0000] {logging_mixin.py:188} INFO - [2024-09-22T11:31:15.349+0000] {dag.py:3089} INFO - Sync 1 DAGs
[2024-09-22T11:31:15.394+0000] {logging_mixin.py:188} INFO - [2024-09-22T11:31:15.393+0000] {dag.py:3947} INFO - Setting next_dagrun for latest_only to 2024-09-22 08:00:00+00:00, run_after=2024-09-22 12:00:00+00:00
[2024-09-22T11:31:15.550+0000] {processor.py:183} INFO - Processing /home/airflow/.local/lib/python3.12/site-packages/airflow/example_dags/example_latest_only.py took 0.310 seconds
[2024-09-22T11:32:57.518+0000] {processor.py:161} INFO - Started process (PID=1645) to work on /home/airflow/.local/lib/python3.12/site-packages/airflow/example_dags/example_latest_only.py
[2024-09-22T11:32:57.727+0000] {processor.py:830} INFO - Processing file /home/airflow/.local/lib/python3.12/site-packages/airflow/example_dags/example_latest_only.py for tasks to queue
[2024-09-22T11:32:57.730+0000] {logging_mixin.py:188} INFO - [2024-09-22T11:32:57.729+0000] {dagbag.py:545} INFO - Filling up the DagBag from /home/airflow/.local/lib/python3.12/site-packages/airflow/example_dags/example_latest_only.py
[2024-09-22T11:32:57.742+0000] {processor.py:840} INFO - DAG(s) 'latest_only' retrieved from /home/airflow/.local/lib/python3.12/site-packages/airflow/example_dags/example_latest_only.py
[2024-09-22T11:32:57.781+0000] {logging_mixin.py:188} INFO - [2024-09-22T11:32:57.780+0000] {dag.py:3089} INFO - Sync 1 DAGs
[2024-09-22T11:32:57.824+0000] {logging_mixin.py:188} INFO - [2024-09-22T11:32:57.823+0000] {dag.py:3947} INFO - Setting next_dagrun for latest_only to 2024-09-22 08:00:00+00:00, run_after=2024-09-22 12:00:00+00:00
[2024-09-22T11:32:58.456+0000] {processor.py:183} INFO - Processing /home/airflow/.local/lib/python3.12/site-packages/airflow/example_dags/example_latest_only.py took 0.949 seconds
[2024-09-22T11:33:39.065+0000] {processor.py:161} INFO - Started process (PID=1716) to work on /home/airflow/.local/lib/python3.12/site-packages/airflow/example_dags/example_latest_only.py
[2024-09-22T11:33:39.184+0000] {processor.py:830} INFO - Processing file /home/airflow/.local/lib/python3.12/site-packages/airflow/example_dags/example_latest_only.py for tasks to queue
[2024-09-22T11:33:39.189+0000] {logging_mixin.py:188} INFO - [2024-09-22T11:33:39.187+0000] {dagbag.py:545} INFO - Filling up the DagBag from /home/airflow/.local/lib/python3.12/site-packages/airflow/example_dags/example_latest_only.py
[2024-09-22T11:33:39.206+0000] {processor.py:840} INFO - DAG(s) 'latest_only' retrieved from /home/airflow/.local/lib/python3.12/site-packages/airflow/example_dags/example_latest_only.py
[2024-09-22T11:33:39.250+0000] {logging_mixin.py:188} INFO - [2024-09-22T11:33:39.250+0000] {dag.py:3089} INFO - Sync 1 DAGs
[2024-09-22T11:33:39.308+0000] {logging_mixin.py:188} INFO - [2024-09-22T11:33:39.308+0000] {dag.py:3947} INFO - Setting next_dagrun for latest_only to 2024-09-22 08:00:00+00:00, run_after=2024-09-22 12:00:00+00:00
[2024-09-22T11:33:39.673+0000] {processor.py:183} INFO - Processing /home/airflow/.local/lib/python3.12/site-packages/airflow/example_dags/example_latest_only.py took 0.617 seconds
[2024-09-22T11:34:12.547+0000] {processor.py:161} INFO - Started process (PID=1788) to work on /home/airflow/.local/lib/python3.12/site-packages/airflow/example_dags/example_latest_only.py
[2024-09-22T11:34:12.682+0000] {processor.py:830} INFO - Processing file /home/airflow/.local/lib/python3.12/site-packages/airflow/example_dags/example_latest_only.py for tasks to queue
[2024-09-22T11:34:12.684+0000] {logging_mixin.py:188} INFO - [2024-09-22T11:34:12.683+0000] {dagbag.py:545} INFO - Filling up the DagBag from /home/airflow/.local/lib/python3.12/site-packages/airflow/example_dags/example_latest_only.py
[2024-09-22T11:34:12.695+0000] {processor.py:840} INFO - DAG(s) 'latest_only' retrieved from /home/airflow/.local/lib/python3.12/site-packages/airflow/example_dags/example_latest_only.py
[2024-09-22T11:34:12.737+0000] {logging_mixin.py:188} INFO - [2024-09-22T11:34:12.737+0000] {dag.py:3089} INFO - Sync 1 DAGs
[2024-09-22T11:34:12.778+0000] {logging_mixin.py:188} INFO - [2024-09-22T11:34:12.777+0000] {dag.py:3947} INFO - Setting next_dagrun for latest_only to 2024-09-22 08:00:00+00:00, run_after=2024-09-22 12:00:00+00:00
[2024-09-22T11:34:13.754+0000] {processor.py:183} INFO - Processing /home/airflow/.local/lib/python3.12/site-packages/airflow/example_dags/example_latest_only.py took 1.216 seconds
[2024-09-22T11:34:44.466+0000] {processor.py:161} INFO - Started process (PID=1851) to work on /home/airflow/.local/lib/python3.12/site-packages/airflow/example_dags/example_latest_only.py
[2024-09-22T11:34:44.473+0000] {processor.py:830} INFO - Processing file /home/airflow/.local/lib/python3.12/site-packages/airflow/example_dags/example_latest_only.py for tasks to queue
[2024-09-22T11:34:44.481+0000] {logging_mixin.py:188} INFO - [2024-09-22T11:34:44.477+0000] {dagbag.py:545} INFO - Filling up the DagBag from /home/airflow/.local/lib/python3.12/site-packages/airflow/example_dags/example_latest_only.py
[2024-09-22T11:34:44.518+0000] {processor.py:840} INFO - DAG(s) 'latest_only' retrieved from /home/airflow/.local/lib/python3.12/site-packages/airflow/example_dags/example_latest_only.py
[2024-09-22T11:34:44.616+0000] {logging_mixin.py:188} INFO - [2024-09-22T11:34:44.615+0000] {dag.py:3089} INFO - Sync 1 DAGs
[2024-09-22T11:34:44.669+0000] {logging_mixin.py:188} INFO - [2024-09-22T11:34:44.669+0000] {dag.py:3947} INFO - Setting next_dagrun for latest_only to 2024-09-22 08:00:00+00:00, run_after=2024-09-22 12:00:00+00:00
[2024-09-22T11:34:45.107+0000] {processor.py:183} INFO - Processing /home/airflow/.local/lib/python3.12/site-packages/airflow/example_dags/example_latest_only.py took 0.702 seconds
[2024-09-22T11:35:16.035+0000] {processor.py:161} INFO - Started process (PID=1909) to work on /home/airflow/.local/lib/python3.12/site-packages/airflow/example_dags/example_latest_only.py
[2024-09-22T11:35:16.095+0000] {processor.py:830} INFO - Processing file /home/airflow/.local/lib/python3.12/site-packages/airflow/example_dags/example_latest_only.py for tasks to queue
[2024-09-22T11:35:16.097+0000] {logging_mixin.py:188} INFO - [2024-09-22T11:35:16.096+0000] {dagbag.py:545} INFO - Filling up the DagBag from /home/airflow/.local/lib/python3.12/site-packages/airflow/example_dags/example_latest_only.py
[2024-09-22T11:35:16.110+0000] {processor.py:840} INFO - DAG(s) 'latest_only' retrieved from /home/airflow/.local/lib/python3.12/site-packages/airflow/example_dags/example_latest_only.py
[2024-09-22T11:35:16.165+0000] {logging_mixin.py:188} INFO - [2024-09-22T11:35:16.165+0000] {dag.py:3089} INFO - Sync 1 DAGs
[2024-09-22T11:35:16.209+0000] {logging_mixin.py:188} INFO - [2024-09-22T11:35:16.208+0000] {dag.py:3947} INFO - Setting next_dagrun for latest_only to 2024-09-22 08:00:00+00:00, run_after=2024-09-22 12:00:00+00:00
[2024-09-22T11:35:16.439+0000] {processor.py:183} INFO - Processing /home/airflow/.local/lib/python3.12/site-packages/airflow/example_dags/example_latest_only.py took 0.412 seconds
[2024-09-22T11:35:48.581+0000] {processor.py:161} INFO - Started process (PID=1969) to work on /home/airflow/.local/lib/python3.12/site-packages/airflow/example_dags/example_latest_only.py
[2024-09-22T11:35:48.650+0000] {processor.py:830} INFO - Processing file /home/airflow/.local/lib/python3.12/site-packages/airflow/example_dags/example_latest_only.py for tasks to queue
[2024-09-22T11:35:48.652+0000] {logging_mixin.py:188} INFO - [2024-09-22T11:35:48.651+0000] {dagbag.py:545} INFO - Filling up the DagBag from /home/airflow/.local/lib/python3.12/site-packages/airflow/example_dags/example_latest_only.py
[2024-09-22T11:35:48.666+0000] {processor.py:840} INFO - DAG(s) 'latest_only' retrieved from /home/airflow/.local/lib/python3.12/site-packages/airflow/example_dags/example_latest_only.py
[2024-09-22T11:35:48.783+0000] {logging_mixin.py:188} INFO - [2024-09-22T11:35:48.783+0000] {dag.py:3089} INFO - Sync 1 DAGs
[2024-09-22T11:35:49.181+0000] {logging_mixin.py:188} INFO - [2024-09-22T11:35:49.175+0000] {dag.py:3947} INFO - Setting next_dagrun for latest_only to 2024-09-22 08:00:00+00:00, run_after=2024-09-22 12:00:00+00:00
[2024-09-22T11:35:49.888+0000] {processor.py:183} INFO - Processing /home/airflow/.local/lib/python3.12/site-packages/airflow/example_dags/example_latest_only.py took 1.318 seconds
[2024-09-22T11:41:16.415+0000] {processor.py:161} INFO - Started process (PID=2139) to work on /home/airflow/.local/lib/python3.12/site-packages/airflow/example_dags/example_latest_only.py
[2024-09-22T11:41:16.655+0000] {processor.py:830} INFO - Processing file /home/airflow/.local/lib/python3.12/site-packages/airflow/example_dags/example_latest_only.py for tasks to queue
[2024-09-22T11:41:16.657+0000] {logging_mixin.py:188} INFO - [2024-09-22T11:41:16.656+0000] {dagbag.py:545} INFO - Filling up the DagBag from /home/airflow/.local/lib/python3.12/site-packages/airflow/example_dags/example_latest_only.py
[2024-09-22T11:41:16.673+0000] {processor.py:840} INFO - DAG(s) 'latest_only' retrieved from /home/airflow/.local/lib/python3.12/site-packages/airflow/example_dags/example_latest_only.py
[2024-09-22T11:41:16.704+0000] {logging_mixin.py:188} INFO - [2024-09-22T11:41:16.704+0000] {dag.py:3089} INFO - Sync 1 DAGs
[2024-09-22T11:41:16.735+0000] {logging_mixin.py:188} INFO - [2024-09-22T11:41:16.735+0000] {dag.py:3947} INFO - Setting next_dagrun for latest_only to 2024-09-22 08:00:00+00:00, run_after=2024-09-22 12:00:00+00:00
[2024-09-22T11:41:17.112+0000] {processor.py:183} INFO - Processing /home/airflow/.local/lib/python3.12/site-packages/airflow/example_dags/example_latest_only.py took 0.714 seconds
[2024-09-22T11:41:49.669+0000] {processor.py:161} INFO - Started process (PID=2211) to work on /home/airflow/.local/lib/python3.12/site-packages/airflow/example_dags/example_latest_only.py
[2024-09-22T11:41:49.695+0000] {processor.py:830} INFO - Processing file /home/airflow/.local/lib/python3.12/site-packages/airflow/example_dags/example_latest_only.py for tasks to queue
[2024-09-22T11:41:49.700+0000] {logging_mixin.py:188} INFO - [2024-09-22T11:41:49.697+0000] {dagbag.py:545} INFO - Filling up the DagBag from /home/airflow/.local/lib/python3.12/site-packages/airflow/example_dags/example_latest_only.py
[2024-09-22T11:41:49.725+0000] {processor.py:840} INFO - DAG(s) 'latest_only' retrieved from /home/airflow/.local/lib/python3.12/site-packages/airflow/example_dags/example_latest_only.py
[2024-09-22T11:41:51.037+0000] {logging_mixin.py:188} INFO - [2024-09-22T11:41:51.032+0000] {dag.py:3089} INFO - Sync 1 DAGs
[2024-09-22T11:41:51.530+0000] {logging_mixin.py:188} INFO - [2024-09-22T11:41:51.521+0000] {dag.py:3947} INFO - Setting next_dagrun for latest_only to 2024-09-22 08:00:00+00:00, run_after=2024-09-22 12:00:00+00:00
[2024-09-22T11:41:52.285+0000] {processor.py:183} INFO - Processing /home/airflow/.local/lib/python3.12/site-packages/airflow/example_dags/example_latest_only.py took 2.641 seconds
[2024-09-22T11:42:24.878+0000] {processor.py:161} INFO - Started process (PID=2278) to work on /home/airflow/.local/lib/python3.12/site-packages/airflow/example_dags/example_latest_only.py
[2024-09-22T11:42:25.312+0000] {processor.py:830} INFO - Processing file /home/airflow/.local/lib/python3.12/site-packages/airflow/example_dags/example_latest_only.py for tasks to queue
[2024-09-22T11:42:25.313+0000] {logging_mixin.py:188} INFO - [2024-09-22T11:42:25.313+0000] {dagbag.py:545} INFO - Filling up the DagBag from /home/airflow/.local/lib/python3.12/site-packages/airflow/example_dags/example_latest_only.py
[2024-09-22T11:42:25.322+0000] {processor.py:840} INFO - DAG(s) 'latest_only' retrieved from /home/airflow/.local/lib/python3.12/site-packages/airflow/example_dags/example_latest_only.py
[2024-09-22T11:42:25.360+0000] {logging_mixin.py:188} INFO - [2024-09-22T11:42:25.360+0000] {dag.py:3089} INFO - Sync 1 DAGs
[2024-09-22T11:42:25.410+0000] {logging_mixin.py:188} INFO - [2024-09-22T11:42:25.410+0000] {dag.py:3947} INFO - Setting next_dagrun for latest_only to 2024-09-22 08:00:00+00:00, run_after=2024-09-22 12:00:00+00:00
[2024-09-22T11:42:26.767+0000] {processor.py:183} INFO - Processing /home/airflow/.local/lib/python3.12/site-packages/airflow/example_dags/example_latest_only.py took 1.903 seconds
[2024-09-22T11:42:57.121+0000] {processor.py:161} INFO - Started process (PID=2363) to work on /home/airflow/.local/lib/python3.12/site-packages/airflow/example_dags/example_latest_only.py
[2024-09-22T11:42:57.122+0000] {processor.py:830} INFO - Processing file /home/airflow/.local/lib/python3.12/site-packages/airflow/example_dags/example_latest_only.py for tasks to queue
[2024-09-22T11:42:57.124+0000] {logging_mixin.py:188} INFO - [2024-09-22T11:42:57.123+0000] {dagbag.py:545} INFO - Filling up the DagBag from /home/airflow/.local/lib/python3.12/site-packages/airflow/example_dags/example_latest_only.py
[2024-09-22T11:42:57.139+0000] {processor.py:840} INFO - DAG(s) 'latest_only' retrieved from /home/airflow/.local/lib/python3.12/site-packages/airflow/example_dags/example_latest_only.py
[2024-09-22T11:42:57.181+0000] {logging_mixin.py:188} INFO - [2024-09-22T11:42:57.180+0000] {dag.py:3089} INFO - Sync 1 DAGs
[2024-09-22T11:42:57.234+0000] {logging_mixin.py:188} INFO - [2024-09-22T11:42:57.233+0000] {dag.py:3947} INFO - Setting next_dagrun for latest_only to 2024-09-22 08:00:00+00:00, run_after=2024-09-22 12:00:00+00:00
[2024-09-22T11:42:57.800+0000] {processor.py:183} INFO - Processing /home/airflow/.local/lib/python3.12/site-packages/airflow/example_dags/example_latest_only.py took 0.691 seconds
[2024-09-22T11:43:27.952+0000] {processor.py:161} INFO - Started process (PID=2450) to work on /home/airflow/.local/lib/python3.12/site-packages/airflow/example_dags/example_latest_only.py
[2024-09-22T11:43:28.196+0000] {processor.py:830} INFO - Processing file /home/airflow/.local/lib/python3.12/site-packages/airflow/example_dags/example_latest_only.py for tasks to queue
[2024-09-22T11:43:28.197+0000] {logging_mixin.py:188} INFO - [2024-09-22T11:43:28.197+0000] {dagbag.py:545} INFO - Filling up the DagBag from /home/airflow/.local/lib/python3.12/site-packages/airflow/example_dags/example_latest_only.py
[2024-09-22T11:43:28.216+0000] {processor.py:840} INFO - DAG(s) 'latest_only' retrieved from /home/airflow/.local/lib/python3.12/site-packages/airflow/example_dags/example_latest_only.py
[2024-09-22T11:43:28.270+0000] {logging_mixin.py:188} INFO - [2024-09-22T11:43:28.269+0000] {dag.py:3089} INFO - Sync 1 DAGs
[2024-09-22T11:43:28.326+0000] {logging_mixin.py:188} INFO - [2024-09-22T11:43:28.326+0000] {dag.py:3947} INFO - Setting next_dagrun for latest_only to 2024-09-22 08:00:00+00:00, run_after=2024-09-22 12:00:00+00:00
[2024-09-22T11:43:28.624+0000] {processor.py:183} INFO - Processing /home/airflow/.local/lib/python3.12/site-packages/airflow/example_dags/example_latest_only.py took 0.688 seconds
[2024-09-22T11:43:59.857+0000] {processor.py:161} INFO - Started process (PID=2540) to work on /home/airflow/.local/lib/python3.12/site-packages/airflow/example_dags/example_latest_only.py
[2024-09-22T11:43:59.858+0000] {processor.py:830} INFO - Processing file /home/airflow/.local/lib/python3.12/site-packages/airflow/example_dags/example_latest_only.py for tasks to queue
[2024-09-22T11:43:59.860+0000] {logging_mixin.py:188} INFO - [2024-09-22T11:43:59.859+0000] {dagbag.py:545} INFO - Filling up the DagBag from /home/airflow/.local/lib/python3.12/site-packages/airflow/example_dags/example_latest_only.py
[2024-09-22T11:43:59.881+0000] {processor.py:840} INFO - DAG(s) 'latest_only' retrieved from /home/airflow/.local/lib/python3.12/site-packages/airflow/example_dags/example_latest_only.py
[2024-09-22T11:43:59.994+0000] {logging_mixin.py:188} INFO - [2024-09-22T11:43:59.993+0000] {dag.py:3089} INFO - Sync 1 DAGs
[2024-09-22T11:44:00.100+0000] {logging_mixin.py:188} INFO - [2024-09-22T11:44:00.100+0000] {dag.py:3947} INFO - Setting next_dagrun for latest_only to 2024-09-22 08:00:00+00:00, run_after=2024-09-22 12:00:00+00:00
[2024-09-22T11:44:00.321+0000] {processor.py:183} INFO - Processing /home/airflow/.local/lib/python3.12/site-packages/airflow/example_dags/example_latest_only.py took 0.490 seconds
                                                                                                                                                                                                                                  