[2024-09-22T11:15:24.771+0000] {processor.py:161} INFO - Started process (PID=89) to work on /home/airflow/.local/lib/python3.12/site-packages/airflow/example_dags/example_dynamic_task_mapping.py
[2024-09-22T11:15:24.772+0000] {processor.py:830} INFO - Processing file /home/airflow/.local/lib/python3.12/site-packages/airflow/example_dags/example_dynamic_task_mapping.py for tasks to queue
[2024-09-22T11:15:24.776+0000] {logging_mixin.py:188} INFO - [2024-09-22T11:15:24.775+0000] {dagbag.py:545} INFO - Filling up the DagBag from /home/airflow/.local/lib/python3.12/site-packages/airflow/example_dags/example_dynamic_task_mapping.py
[2024-09-22T11:15:24.794+0000] {processor.py:840} INFO - DAG(s) 'example_dynamic_task_mapping' retrieved from /home/airflow/.local/lib/python3.12/site-packages/airflow/example_dags/example_dynamic_task_mapping.py
[2024-09-22T11:15:24.837+0000] {logging_mixin.py:188} INFO - [2024-09-22T11:15:24.836+0000] {dag.py:3089} INFO - Sync 1 DAGs
[2024-09-22T11:15:24.890+0000] {logging_mixin.py:188} INFO - [2024-09-22T11:15:24.889+0000] {dag.py:3947} INFO - Setting next_dagrun for example_dynamic_task_mapping to 2023-06-12 00:00:00+00:00, run_after=2023-06-13 00:00:00+00:00
[2024-09-22T11:15:25.033+0000] {processor.py:183} INFO - Processing /home/airflow/.local/lib/python3.12/site-packages/airflow/example_dags/example_dynamic_task_mapping.py took 0.272 seconds
[2024-09-22T11:16:00.318+0000] {processor.py:161} INFO - Started process (PID=152) to work on /home/airflow/.local/lib/python3.12/site-packages/airflow/example_dags/example_dynamic_task_mapping.py
[2024-09-22T11:16:00.338+0000] {processor.py:830} INFO - Processing file /home/airflow/.local/lib/python3.12/site-packages/airflow/example_dags/example_dynamic_task_mapping.py for tasks to queue
[2024-09-22T11:16:00.340+0000] {logging_mixin.py:188} INFO - [2024-09-22T11:16:00.340+0000] {dagbag.py:545} INFO - Filling up the DagBag from /home/airflow/.local/lib/python3.12/site-packages/airflow/example_dags/example_dynamic_task_mapping.py
[2024-09-22T11:16:00.350+0000] {processor.py:840} INFO - DAG(s) 'example_dynamic_task_mapping' retrieved from /home/airflow/.local/lib/python3.12/site-packages/airflow/example_dags/example_dynamic_task_mapping.py
[2024-09-22T11:16:00.373+0000] {logging_mixin.py:188} INFO - [2024-09-22T11:16:00.373+0000] {dag.py:3089} INFO - Sync 1 DAGs
[2024-09-22T11:16:00.507+0000] {processor.py:183} INFO - Processing /home/airflow/.local/lib/python3.12/site-packages/airflow/example_dags/example_dynamic_task_mapping.py took 0.196 seconds
[2024-09-22T11:16:51.147+0000] {processor.py:161} INFO - Started process (PID=210) to work on /home/airflow/.local/lib/python3.12/site-packages/airflow/example_dags/example_dynamic_task_mapping.py
[2024-09-22T11:16:51.253+0000] {processor.py:830} INFO - Processing file /home/airflow/.local/lib/python3.12/site-packages/airflow/example_dags/example_dynamic_task_mapping.py for tasks to queue
[2024-09-22T11:16:51.256+0000] {logging_mixin.py:188} INFO - [2024-09-22T11:16:51.256+0000] {dagbag.py:545} INFO - Filling up the DagBag from /home/airflow/.local/lib/python3.12/site-packages/airflow/example_dags/example_dynamic_task_mapping.py
[2024-09-22T11:16:51.277+0000] {processor.py:840} INFO - DAG(s) 'example_dynamic_task_mapping' retrieved from /home/airflow/.local/lib/python3.12/site-packages/airflow/example_dags/example_dynamic_task_mapping.py
[2024-09-22T11:16:51.379+0000] {logging_mixin.py:188} INFO - [2024-09-22T11:16:51.379+0000] {dag.py:3089} INFO - Sync 1 DAGs
[2024-09-22T11:16:51.795+0000] {processor.py:183} INFO - Processing /home/airflow/.local/lib/python3.12/site-packages/airflow/example_dags/example_dynamic_task_mapping.py took 0.658 seconds
[2024-09-22T11:17:38.367+0000] {processor.py:161} INFO - Started process (PID=302) to work on /home/airflow/.local/lib/python3.12/site-packages/airflow/example_dags/example_dynamic_task_mapping.py
[2024-09-22T11:17:38.544+0000] {processor.py:830} INFO - Processing file /home/airflow/.local/lib/python3.12/site-packages/airflow/example_dags/example_dynamic_task_mapping.py for tasks to queue
[2024-09-22T11:17:38.548+0000] {logging_mixin.py:188} INFO - [2024-09-22T11:17:38.547+0000] {dagbag.py:545} INFO - Filling up the DagBag from /home/airflow/.local/lib/python3.12/site-packages/airflow/example_dags/example_dynamic_task_mapping.py
[2024-09-22T11:17:38.617+0000] {processor.py:840} INFO - DAG(s) 'example_dynamic_task_mapping' retrieved from /home/airflow/.local/lib/python3.12/site-packages/airflow/example_dags/example_dynamic_task_mapping.py
[2024-09-22T11:17:38.761+0000] {logging_mixin.py:188} INFO - [2024-09-22T11:17:38.760+0000] {dag.py:3089} INFO - Sync 1 DAGs
[2024-09-22T11:17:39.351+0000] {processor.py:183} INFO - Processing /home/airflow/.local/lib/python3.12/site-packages/airflow/example_dags/example_dynamic_task_mapping.py took 1.037 seconds
[2024-09-22T11:18:09.792+0000] {processor.py:161} INFO - Started process (PID=386) to work on /home/airflow/.local/lib/python3.12/site-packages/airflow/example_dags/example_dynamic_task_mapping.py
[2024-09-22T11:18:09.811+0000] {processor.py:830} INFO - Processing file /home/airflow/.local/lib/python3.12/site-packages/airflow/example_dags/example_dynamic_task_mapping.py for tasks to queue
[2024-09-22T11:18:09.813+0000] {logging_mixin.py:188} INFO - [2024-09-22T11:18:09.812+0000] {dagbag.py:545} INFO - Filling up the DagBag from /home/airflow/.local/lib/python3.12/site-packages/airflow/example_dags/example_dynamic_task_mapping.py
[2024-09-22T11:18:09.840+0000] {processor.py:840} INFO - DAG(s) 'example_dynamic_task_mapping' retrieved from /home/airflow/.local/lib/python3.12/site-packages/airflow/example_dags/example_dynamic_task_mapping.py
[2024-09-22T11:18:09.917+0000] {logging_mixin.py:188} INFO - [2024-09-22T11:18:09.916+0000] {dag.py:3089} INFO - Sync 1 DAGs
[2024-09-22T11:18:09.983+0000] {logging_mixin.py:188} INFO - [2024-09-22T11:18:09.982+0000] {dag.py:3947} INFO - Setting next_dagrun for example_dynamic_task_mapping to 2023-06-21 00:00:00+00:00, run_after=2023-06-22 00:00:00+00:00
[2024-09-22T11:18:10.412+0000] {processor.py:183} INFO - Processing /home/airflow/.local/lib/python3.12/site-packages/airflow/example_dags/example_dynamic_task_mapping.py took 0.633 seconds
[2024-09-22T11:19:06.587+0000] {processor.py:161} INFO - Started process (PID=484) to work on /home/airflow/.local/lib/python3.12/site-packages/airflow/example_dags/example_dynamic_task_mapping.py
[2024-09-22T11:19:06.804+0000] {processor.py:830} INFO - Processing file /home/airflow/.local/lib/python3.12/site-packages/airflow/example_dags/example_dynamic_task_mapping.py for tasks to queue
[2024-09-22T11:19:06.812+0000] {logging_mixin.py:188} INFO - [2024-09-22T11:19:06.807+0000] {dagbag.py:545} INFO - Filling up the DagBag from /home/airflow/.local/lib/python3.12/site-packages/airflow/example_dags/example_dynamic_task_mapping.py
[2024-09-22T11:19:06.892+0000] {processor.py:840} INFO - DAG(s) 'example_dynamic_task_mapping' retrieved from /home/airflow/.local/lib/python3.12/site-packages/airflow/example_dags/example_dynamic_task_mapping.py
[2024-09-22T11:19:07.095+0000] {logging_mixin.py:188} INFO - [2024-09-22T11:19:07.090+0000] {dag.py:3089} INFO - Sync 1 DAGs
[2024-09-22T11:19:08.065+0000] {processor.py:183} INFO - Processing /home/airflow/.local/lib/python3.12/site-packages/airflow/example_dags/example_dynamic_task_mapping.py took 1.542 seconds
[2024-09-22T11:19:40.295+0000] {processor.py:161} INFO - Started process (PID=558) to work on /home/airflow/.local/lib/python3.12/site-packages/airflow/example_dags/example_dynamic_task_mapping.py
[2024-09-22T11:19:40.544+0000] {processor.py:830} INFO - Processing file /home/airflow/.local/lib/python3.12/site-packages/airflow/example_dags/example_dynamic_task_mapping.py for tasks to queue
[2024-09-22T11:19:40.546+0000] {logging_mixin.py:188} INFO - [2024-09-22T11:19:40.545+0000] {dagbag.py:545} INFO - Filling up the DagBag from /home/airflow/.local/lib/python3.12/site-packages/airflow/example_dags/example_dynamic_task_mapping.py
[2024-09-22T11:19:40.569+0000] {processor.py:840} INFO - DAG(s) 'example_dynamic_task_mapping' retrieved from /home/airflow/.local/lib/python3.12/site-packages/airflow/example_dags/example_dynamic_task_mapping.py
[2024-09-22T11:19:40.613+0000] {logging_mixin.py:188} INFO - [2024-09-22T11:19:40.613+0000] {dag.py:3089} INFO - Sync 1 DAGs
[2024-09-22T11:19:40.931+0000] {processor.py:183} INFO - Processing /home/airflow/.local/lib/python3.12/site-packages/airflow/example_dags/example_dynamic_task_mapping.py took 0.654 seconds
[2024-09-22T11:20:15.998+0000] {processor.py:161} INFO - Started process (PID=639) to work on /home/airflow/.local/lib/python3.12/site-packages/airflow/example_dags/example_dynamic_task_mapping.py
[2024-09-22T11:20:16.447+0000] {processor.py:830} INFO - Processing file /home/airflow/.local/lib/python3.12/site-packages/airflow/example_dags/example_dynamic_task_mapping.py for tasks to queue
[2024-09-22T11:20:16.449+0000] {logging_mixin.py:188} INFO - [2024-09-22T11:20:16.448+0000] {dagbag.py:545} INFO - Filling up the DagBag from /home/airflow/.local/lib/python3.12/site-packages/airflow/example_dags/example_dynamic_task_mapping.py
[2024-09-22T11:20:16.474+0000] {processor.py:840} INFO - DAG(s) 'example_dynamic_task_mapping' retrieved from /home/airflow/.local/lib/python3.12/site-packages/airflow/example_dags/example_dynamic_task_mapping.py
[2024-09-22T11:20:16.538+0000] {logging_mixin.py:188} INFO - [2024-09-22T11:20:16.538+0000] {dag.py:3089} INFO - Sync 1 DAGs
[2024-09-22T11:20:16.891+0000] {processor.py:183} INFO - Processing /home/airflow/.local/lib/python3.12/site-packages/airflow/example_dags/example_dynamic_task_mapping.py took 0.904 seconds
[2024-09-22T11:21:00.493+0000] {processor.py:161} INFO - Started process (PID=709) to work on /home/airflow/.local/lib/python3.12/site-packages/airflow/example_dags/example_dynamic_task_mapping.py
[2024-09-22T11:21:00.569+0000] {processor.py:830} INFO - Processing file /home/airflow/.local/lib/python3.12/site-packages/airflow/example_dags/example_dynamic_task_mapping.py for tasks to queue
[2024-09-22T11:21:00.579+0000] {logging_mixin.py:188} INFO - [2024-09-22T11:21:00.574+0000] {dagbag.py:545} INFO - Filling up the DagBag from /home/airflow/.local/lib/python3.12/site-packages/airflow/example_dags/example_dynamic_task_mapping.py
[2024-09-22T11:21:00.633+0000] {processor.py:840} INFO - DAG(s) 'example_dynamic_task_mapping' retrieved from /home/airflow/.local/lib/python3.12/site-packages/airflow/example_dags/example_dynamic_task_mapping.py
[2024-09-22T11:21:00.757+0000] {logging_mixin.py:188} INFO - [2024-09-22T11:21:00.756+0000] {dag.py:3089} INFO - Sync 1 DAGs
[2024-09-22T11:21:01.494+0000] {processor.py:183} INFO - Processing /home/airflow/.local/lib/python3.12/site-packages/airflow/example_dags/example_dynamic_task_mapping.py took 1.020 seconds
[2024-09-22T11:22:09.033+0000] {processor.py:161} INFO - Started process (PID=798) to work on /home/airflow/.local/lib/python3.12/site-packages/airflow/example_dags/example_dynamic_task_mapping.py
[2024-09-22T11:22:09.309+0000] {processor.py:830} INFO - Processing file /home/airflow/.local/lib/python3.12/site-packages/airflow/example_dags/example_dynamic_task_mapping.py for tasks to queue
[2024-09-22T11:22:09.327+0000] {logging_mixin.py:188} INFO - [2024-09-22T11:22:09.319+0000] {dagbag.py:545} INFO - Filling up the DagBag from /home/airflow/.local/lib/python3.12/site-packages/airflow/example_dags/example_dynamic_task_mapping.py
[2024-09-22T11:22:09.366+0000] {processor.py:840} INFO - DAG(s) 'example_dynamic_task_mapping' retrieved from /home/airflow/.local/lib/python3.12/site-packages/airflow/example_dags/example_dynamic_task_mapping.py
[2024-09-22T11:22:09.435+0000] {logging_mixin.py:188} INFO - [2024-09-22T11:22:09.434+0000] {dag.py:3089} INFO - Sync 1 DAGs
[2024-09-22T11:22:10.290+0000] {processor.py:183} INFO - Processing /home/airflow/.local/lib/python3.12/site-packages/airflow/example_dags/example_dynamic_task_mapping.py took 1.266 seconds
[2024-09-22T11:23:02.287+0000] {processor.py:161} INFO - Started process (PID=875) to work on /home/airflow/.local/lib/python3.12/site-packages/airflow/example_dags/example_dynamic_task_mapping.py
[2024-09-22T11:23:02.793+0000] {processor.py:830} INFO - Processing file /home/airflow/.local/lib/python3.12/site-packages/airflow/example_dags/example_dynamic_task_mapping.py for tasks to queue
[2024-09-22T11:23:02.795+0000] {logging_mixin.py:188} INFO - [2024-09-22T11:23:02.794+0000] {dagbag.py:545} INFO - Filling up the DagBag from /home/airflow/.local/lib/python3.12/site-packages/airflow/example_dags/example_dynamic_task_mapping.py
[2024-09-22T11:23:02.815+0000] {processor.py:840} INFO - DAG(s) 'example_dynamic_task_mapping' retrieved from /home/airflow/.local/lib/python3.12/site-packages/airflow/example_dags/example_dynamic_task_mapping.py
[2024-09-22T11:23:02.840+0000] {logging_mixin.py:188} INFO - [2024-09-22T11:23:02.840+0000] {dag.py:3089} INFO - Sync 1 DAGs
[2024-09-22T11:23:04.377+0000] {processor.py:183} INFO - Processing /home/airflow/.local/lib/python3.12/site-packages/airflow/example_dags/example_dynamic_task_mapping.py took 2.187 seconds
[2024-09-22T11:24:40.191+0000] {processor.py:161} INFO - Started process (PID=980) to work on /home/airflow/.local/lib/python3.12/site-packages/airflow/example_dags/example_dynamic_task_mapping.py
[2024-09-22T11:24:40.212+0000] {processor.py:830} INFO - Processing file /home/airflow/.local/lib/python3.12/site-packages/airflow/example_dags/example_dynamic_task_mapping.py for tasks to queue
[2024-09-22T11:24:40.213+0000] {logging_mixin.py:188} INFO - [2024-09-22T11:24:40.213+0000] {dagbag.py:545} INFO - Filling up the DagBag from /home/airflow/.local/lib/python3.12/site-packages/airflow/example_dags/example_dynamic_task_mapping.py
[2024-09-22T11:24:40.489+0000] {processor.py:840} INFO - DAG(s) 'example_dynamic_task_mapping' retrieved from /home/airflow/.local/lib/python3.12/site-packages/airflow/example_dags/example_dynamic_task_mapping.py
[2024-09-22T11:24:40.521+0000] {logging_mixin.py:188} INFO - [2024-09-22T11:24:40.521+0000] {dag.py:3089} INFO - Sync 1 DAGs
[2024-09-22T11:24:40.978+0000] {processor.py:183} INFO - Processing /home/airflow/.local/lib/python3.12/site-packages/airflow/example_dags/example_dynamic_task_mapping.py took 0.798 seconds
[2024-09-22T11:25:43.673+0000] {processor.py:161} INFO - Started process (PID=1057) to work on /home/airflow/.local/lib/python3.12/site-packages/airflow/example_dags/example_dynamic_task_mapping.py
[2024-09-22T11:25:43.795+0000] {processor.py:830} INFO - Processing file /home/airflow/.local/lib/python3.12/site-packages/airflow/example_dags/example_dynamic_task_mapping.py for tasks to queue
[2024-09-22T11:25:44.240+0000] {logging_mixin.py:188} INFO - [2024-09-22T11:25:43.797+0000] {dagbag.py:545} INFO - Filling up the DagBag from /home/airflow/.local/lib/python3.12/site-packages/airflow/example_dags/example_dynamic_task_mapping.py
[2024-09-22T11:25:53.288+0000] {processor.py:840} INFO - DAG(s) 'example_dynamic_task_mapping' retrieved from /home/airflow/.local/lib/python3.12/site-packages/airflow/example_dags/example_dynamic_task_mapping.py
[2024-09-22T11:26:01.661+0000] {logging_mixin.py:188} INFO - [2024-09-22T11:26:01.660+0000] {dag.py:3089} INFO - Sync 1 DAGs
[2024-09-22T11:26:10.540+0000] {processor.py:183} INFO - Processing /home/airflow/.local/lib/python3.12/site-packages/airflow/example_dags/example_dynamic_task_mapping.py took 26.875 seconds
[2024-09-22T11:28:16.374+0000] {processor.py:161} INFO - Started process (PID=1174) to work on /home/airflow/.local/lib/python3.12/site-packages/airflow/example_dags/example_dynamic_task_mapping.py
[2024-09-22T11:28:16.474+0000] {processor.py:830} INFO - Processing file /home/airflow/.local/lib/python3.12/site-packages/airflow/example_dags/example_dynamic_task_mapping.py for tasks to queue
[2024-09-22T11:28:16.475+0000] {logging_mixin.py:188} INFO - [2024-09-22T11:28:16.475+0000] {dagbag.py:545} INFO - Filling up the DagBag from /home/airflow/.local/lib/python3.12/site-packages/airflow/example_dags/example_dynamic_task_mapping.py
[2024-09-22T11:28:16.499+0000] {processor.py:840} INFO - DAG(s) 'example_dynamic_task_mapping' retrieved from /home/airflow/.local/lib/python3.12/site-packages/airflow/example_dags/example_dynamic_task_mapping.py
[2024-09-22T11:28:16.551+0000] {logging_mixin.py:188} INFO - [2024-09-22T11:28:16.551+0000] {dag.py:3089} INFO - Sync 1 DAGs
[2024-09-22T11:28:16.932+0000] {processor.py:183} INFO - Processing /home/airflow/.local/lib/python3.12/site-packages/airflow/example_dags/example_dynamic_task_mapping.py took 0.571 seconds
[2024-09-22T11:29:00.270+0000] {processor.py:161} INFO - Started process (PID=1248) to work on /home/airflow/.local/lib/python3.12/site-packages/airflow/example_dags/example_dynamic_task_mapping.py
[2024-09-22T11:29:00.397+0000] {processor.py:830} INFO - Processing file /home/airflow/.local/lib/python3.12/site-packages/airflow/example_dags/example_dynamic_task_mapping.py for tasks to queue
[2024-09-22T11:29:00.399+0000] {logging_mixin.py:188} INFO - [2024-09-22T11:29:00.398+0000] {dagbag.py:545} INFO - Filling up the DagBag from /home/airflow/.local/lib/python3.12/site-packages/airflow/example_dags/example_dynamic_task_mapping.py
[2024-09-22T11:29:00.413+0000] {processor.py:840} INFO - DAG(s) 'example_dynamic_task_mapping' retrieved from /home/airflow/.local/lib/python3.12/site-packages/airflow/example_dags/example_dynamic_task_mapping.py
[2024-09-22T11:29:00.449+0000] {logging_mixin.py:188} INFO - [2024-09-22T11:29:00.449+0000] {dag.py:3089} INFO - Sync 1 DAGs
[2024-09-22T11:29:00.496+0000] {logging_mixin.py:188} INFO - [2024-09-22T11:29:00.495+0000] {dag.py:3947} INFO - Setting next_dagrun for example_dynamic_task_mapping to 2023-06-29 00:00:00+00:00, run_after=2023-06-30 00:00:00+00:00
[2024-09-22T11:29:00.685+0000] {processor.py:183} INFO - Processing /home/airflow/.local/lib/python3.12/site-packages/airflow/example_dags/example_dynamic_task_mapping.py took 0.427 seconds
[2024-09-22T11:29:32.774+0000] {processor.py:161} INFO - Started process (PID=1314) to work on /home/airflow/.local/lib/python3.12/site-packages/airflow/example_dags/example_dynamic_task_mapping.py
[2024-09-22T11:29:32.891+0000] {processor.py:830} INFO - Processing file /home/airflow/.local/lib/python3.12/site-packages/airflow/example_dags/example_dynamic_task_mapping.py for tasks to queue
[2024-09-22T11:29:32.894+0000] {logging_mixin.py:188} INFO - [2024-09-22T11:29:32.893+0000] {dagbag.py:545} INFO - Filling up the DagBag from /home/airflow/.local/lib/python3.12/site-packages/airflow/example_dags/example_dynamic_task_mapping.py
[2024-09-22T11:29:32.912+0000] {processor.py:840} INFO - DAG(s) 'example_dynamic_task_mapping' retrieved from /home/airflow/.local/lib/python3.12/site-packages/airflow/example_dags/example_dynamic_task_mapping.py
[2024-09-22T11:29:32.952+0000] {logging_mixin.py:188} INFO - [2024-09-22T11:29:32.952+0000] {dag.py:3089} INFO - Sync 1 DAGs
[2024-09-22T11:29:33.562+0000] {processor.py:183} INFO - Processing /home/airflow/.local/lib/python3.12/site-packages/airflow/example_dags/example_dynamic_task_mapping.py took 0.800 seconds
[2024-09-22T11:30:07.072+0000] {processor.py:161} INFO - Started process (PID=1383) to work on /home/airflow/.local/lib/python3.12/site-packages/airflow/example_dags/example_dynamic_task_mapping.py
[2024-09-22T11:30:07.207+0000] {processor.py:830} INFO - Processing file /home/airflow/.local/lib/python3.12/site-packages/airflow/example_dags/example_dynamic_task_mapping.py for tasks to queue
[2024-09-22T11:30:07.209+0000] {logging_mixin.py:188} INFO - [2024-09-22T11:30:07.208+0000] {dagbag.py:545} INFO - Filling up the DagBag from /home/airflow/.local/lib/python3.12/site-packages/airflow/example_dags/example_dynamic_task_mapping.py
[2024-09-22T11:30:07.221+0000] {processor.py:840} INFO - DAG(s) 'example_dynamic_task_mapping' retrieved from /home/airflow/.local/lib/python3.12/site-packages/airflow/example_dags/example_dynamic_task_mapping.py
[2024-09-22T11:30:07.251+0000] {logging_mixin.py:188} INFO - [2024-09-22T11:30:07.251+0000] {dag.py:3089} INFO - Sync 1 DAGs
[2024-09-22T11:30:07.288+0000] {logging_mixin.py:188} INFO - [2024-09-22T11:30:07.288+0000] {dag.py:3947} INFO - Setting next_dagrun for example_dynamic_task_mapping to 2023-07-02 00:00:00+00:00, run_after=2023-07-03 00:00:00+00:00
[2024-09-22T11:30:07.455+0000] {processor.py:183} INFO - Processing /home/airflow/.local/lib/python3.12/site-packages/airflow/example_dags/example_dynamic_task_mapping.py took 0.394 seconds
[2024-09-22T11:30:41.817+0000] {processor.py:161} INFO - Started process (PID=1461) to work on /home/airflow/.local/lib/python3.12/site-packages/airflow/example_dags/example_dynamic_task_mapping.py
[2024-09-22T11:30:41.898+0000] {processor.py:830} INFO - Processing file /home/airflow/.local/lib/python3.12/site-packages/airflow/example_dags/example_dynamic_task_mapping.py for tasks to queue
[2024-09-22T11:30:41.900+0000] {logging_mixin.py:188} INFO - [2024-09-22T11:30:41.900+0000] {dagbag.py:545} INFO - Filling up the DagBag from /home/airflow/.local/lib/python3.12/site-packages/airflow/example_dags/example_dynamic_task_mapping.py
[2024-09-22T11:30:41.915+0000] {processor.py:840} INFO - DAG(s) 'example_dynamic_task_mapping' retrieved from /home/airflow/.local/lib/python3.12/site-packages/airflow/example_dags/example_dynamic_task_mapping.py
[2024-09-22T11:30:41.950+0000] {logging_mixin.py:188} INFO - [2024-09-22T11:30:41.949+0000] {dag.py:3089} INFO - Sync 1 DAGs
[2024-09-22T11:30:42.165+0000] {processor.py:183} INFO - Processing /home/airflow/.local/lib/python3.12/site-packages/airflow/example_dags/example_dynamic_task_mapping.py took 0.355 seconds
[2024-09-22T11:31:16.059+0000] {processor.py:161} INFO - Started process (PID=1522) to work on /home/airflow/.local/lib/python3.12/site-packages/airflow/example_dags/example_dynamic_task_mapping.py
[2024-09-22T11:31:16.064+0000] {processor.py:830} INFO - Processing file /home/airflow/.local/lib/python3.12/site-packages/airflow/example_dags/example_dynamic_task_mapping.py for tasks to queue
[2024-09-22T11:31:16.066+0000] {logging_mixin.py:188} INFO - [2024-09-22T11:31:16.065+0000] {dagbag.py:545} INFO - Filling up the DagBag from /home/airflow/.local/lib/python3.12/site-packages/airflow/example_dags/example_dynamic_task_mapping.py
[2024-09-22T11:31:16.095+0000] {processor.py:840} INFO - DAG(s) 'example_dynamic_task_mapping' retrieved from /home/airflow/.local/lib/python3.12/site-packages/airflow/example_dags/example_dynamic_task_mapping.py
[2024-09-22T11:31:16.165+0000] {logging_mixin.py:188} INFO - [2024-09-22T11:31:16.165+0000] {dag.py:3089} INFO - Sync 1 DAGs
[2024-09-22T11:31:16.222+0000] {logging_mixin.py:188} INFO - [2024-09-22T11:31:16.222+0000] {dag.py:3947} INFO - Setting next_dagrun for example_dynamic_task_mapping to 2023-07-03 00:00:00+00:00, run_after=2023-07-04 00:00:00+00:00
[2024-09-22T11:31:16.419+0000] {processor.py:183} INFO - Processing /home/airflow/.local/lib/python3.12/site-packages/airflow/example_dags/example_dynamic_task_mapping.py took 0.373 seconds
[2024-09-22T11:33:06.724+0000] {processor.py:161} INFO - Started process (PID=1661) to work on /home/airflow/.local/lib/python3.12/site-packages/airflow/example_dags/example_dynamic_task_mapping.py
[2024-09-22T11:33:06.994+0000] {processor.py:830} INFO - Processing file /home/airflow/.local/lib/python3.12/site-packages/airflow/example_dags/example_dynamic_task_mapping.py for tasks to queue
[2024-09-22T11:33:06.996+0000] {logging_mixin.py:188} INFO - [2024-09-22T11:33:06.995+0000] {dagbag.py:545} INFO - Filling up the DagBag from /home/airflow/.local/lib/python3.12/site-packages/airflow/example_dags/example_dynamic_task_mapping.py
[2024-09-22T11:33:07.008+0000] {processor.py:840} INFO - DAG(s) 'example_dynamic_task_mapping' retrieved from /home/airflow/.local/lib/python3.12/site-packages/airflow/example_dags/example_dynamic_task_mapping.py
[2024-09-22T11:33:07.043+0000] {logging_mixin.py:188} INFO - [2024-09-22T11:33:07.042+0000] {dag.py:3089} INFO - Sync 1 DAGs
[2024-09-22T11:33:07.088+0000] {logging_mixin.py:188} INFO - [2024-09-22T11:33:07.088+0000] {dag.py:3947} INFO - Setting next_dagrun for example_dynamic_task_mapping to 2023-07-10 00:00:00+00:00, run_after=2023-07-11 00:00:00+00:00
[2024-09-22T11:33:07.360+0000] {processor.py:183} INFO - Processing /home/airflow/.local/lib/python3.12/site-packages/airflow/example_dags/example_dynamic_task_mapping.py took 0.645 seconds
[2024-09-22T11:33:45.276+0000] {processor.py:161} INFO - Started process (PID=1732) to work on /home/airflow/.local/lib/python3.12/site-packages/airflow/example_dags/example_dynamic_task_mapping.py
[2024-09-22T11:33:45.370+0000] {processor.py:830} INFO - Processing file /home/airflow/.local/lib/python3.12/site-packages/airflow/example_dags/example_dynamic_task_mapping.py for tasks to queue
[2024-09-22T11:33:45.376+0000] {logging_mixin.py:188} INFO - [2024-09-22T11:33:45.371+0000] {dagbag.py:545} INFO - Filling up the DagBag from /home/airflow/.local/lib/python3.12/site-packages/airflow/example_dags/example_dynamic_task_mapping.py
[2024-09-22T11:33:45.392+0000] {processor.py:840} INFO - DAG(s) 'example_dynamic_task_mapping' retrieved from /home/airflow/.local/lib/python3.12/site-packages/airflow/example_dags/example_dynamic_task_mapping.py
[2024-09-22T11:33:45.429+0000] {logging_mixin.py:188} INFO - [2024-09-22T11:33:45.429+0000] {dag.py:3089} INFO - Sync 1 DAGs
[2024-09-22T11:33:45.473+0000] {logging_mixin.py:188} INFO - [2024-09-22T11:33:45.473+0000] {dag.py:3947} INFO - Setting next_dagrun for example_dynamic_task_mapping to 2023-07-11 00:00:00+00:00, run_after=2023-07-12 00:00:00+00:00
[2024-09-22T11:33:45.733+0000] {processor.py:183} INFO - Processing /home/airflow/.local/lib/python3.12/site-packages/airflow/example_dags/example_dynamic_task_mapping.py took 0.470 seconds
[2024-09-22T11:34:19.591+0000] {processor.py:161} INFO - Started process (PID=1799) to work on /home/airflow/.local/lib/python3.12/site-packages/airflow/example_dags/example_dynamic_task_mapping.py
[2024-09-22T11:34:19.704+0000] {processor.py:830} INFO - Processing file /home/airflow/.local/lib/python3.12/site-packages/airflow/example_dags/example_dynamic_task_mapping.py for tasks to queue
[2024-09-22T11:34:19.712+0000] {logging_mixin.py:188} INFO - [2024-09-22T11:34:19.706+0000] {dagbag.py:545} INFO - Filling up the DagBag from /home/airflow/.local/lib/python3.12/site-packages/airflow/example_dags/example_dynamic_task_mapping.py
[2024-09-22T11:34:19.743+0000] {processor.py:840} INFO - DAG(s) 'example_dynamic_task_mapping' retrieved from /home/airflow/.local/lib/python3.12/site-packages/airflow/example_dags/example_dynamic_task_mapping.py
[2024-09-22T11:34:19.812+0000] {logging_mixin.py:188} INFO - [2024-09-22T11:34:19.812+0000] {dag.py:3089} INFO - Sync 1 DAGs
[2024-09-22T11:34:19.887+0000] {logging_mixin.py:188} INFO - [2024-09-22T11:34:19.887+0000] {dag.py:3947} INFO - Setting next_dagrun for example_dynamic_task_mapping to 2023-07-12 00:00:00+00:00, run_after=2023-07-13 00:00:00+00:00
[2024-09-22T11:34:20.432+0000] {processor.py:183} INFO - Processing /home/airflow/.local/lib/python3.12/site-packages/airflow/example_dags/example_dynamic_task_mapping.py took 0.876 seconds
[2024-09-22T11:34:50.775+0000] {processor.py:161} INFO - Started process (PID=1862) to work on /home/airflow/.local/lib/python3.12/site-packages/airflow/example_dags/example_dynamic_task_mapping.py
[2024-09-22T11:34:50.776+0000] {processor.py:830} INFO - Processing file /home/airflow/.local/lib/python3.12/site-packages/airflow/example_dags/example_dynamic_task_mapping.py for tasks to queue
[2024-09-22T11:34:50.779+0000] {logging_mixin.py:188} INFO - [2024-09-22T11:34:50.778+0000] {dagbag.py:545} INFO - Filling up the DagBag from /home/airflow/.local/lib/python3.12/site-packages/airflow/example_dags/example_dynamic_task_mapping.py
[2024-09-22T11:34:50.796+0000] {processor.py:840} INFO - DAG(s) 'example_dynamic_task_mapping' retrieved from /home/airflow/.local/lib/python3.12/site-packages/airflow/example_dags/example_dynamic_task_mapping.py
[2024-09-22T11:34:50.839+0000] {logging_mixin.py:188} INFO - [2024-09-22T11:34:50.839+0000] {dag.py:3089} INFO - Sync 1 DAGs
[2024-09-22T11:34:52.332+0000] {processor.py:183} INFO - Processing /home/airflow/.local/lib/python3.12/site-packages/airflow/example_dags/example_dynamic_task_mapping.py took 1.572 seconds
[2024-09-22T11:35:23.506+0000] {processor.py:161} INFO - Started process (PID=1924) to work on /home/airflow/.local/lib/python3.12/site-packages/airflow/example_dags/example_dynamic_task_mapping.py
[2024-09-22T11:35:23.679+0000] {processor.py:830} INFO - Processing file /home/airflow/.local/lib/python3.12/site-packages/airflow/example_dags/example_dynamic_task_mapping.py for tasks to queue
[2024-09-22T11:35:23.680+0000] {logging_mixin.py:188} INFO - [2024-09-22T11:35:23.680+0000] {dagbag.py:545} INFO - Filling up the DagBag from /home/airflow/.local/lib/python3.12/site-packages/airflow/example_dags/example_dynamic_task_mapping.py
[2024-09-22T11:35:23.694+0000] {processor.py:840} INFO - DAG(s) 'example_dynamic_task_mapping' retrieved from /home/airflow/.local/lib/python3.12/site-packages/airflow/example_dags/example_dynamic_task_mapping.py
[2024-09-22T11:35:23.733+0000] {logging_mixin.py:188} INFO - [2024-09-22T11:35:23.732+0000] {dag.py:3089} INFO - Sync 1 DAGs
[2024-09-22T11:35:23.768+0000] {logging_mixin.py:188} INFO - [2024-09-22T11:35:23.768+0000] {dag.py:3947} INFO - Setting next_dagrun for example_dynamic_task_mapping to 2023-07-20 00:00:00+00:00, run_after=2023-07-21 00:00:00+00:00
[2024-09-22T11:35:24.037+0000] {processor.py:183} INFO - Processing /home/airflow/.local/lib/python3.12/site-packages/airflow/example_dags/example_dynamic_task_mapping.py took 0.538 seconds
[2024-09-22T11:35:54.412+0000] {processor.py:161} INFO - Started process (PID=1985) to work on /home/airflow/.local/lib/python3.12/site-packages/airflow/example_dags/example_dynamic_task_mapping.py
[2024-09-22T11:35:54.413+0000] {processor.py:830} INFO - Processing file /home/airflow/.local/lib/python3.12/site-packages/airflow/example_dags/example_dynamic_task_mapping.py for tasks to queue
[2024-09-22T11:35:54.416+0000] {logging_mixin.py:188} INFO - [2024-09-22T11:35:54.415+0000] {dagbag.py:545} INFO - Filling up the DagBag from /home/airflow/.local/lib/python3.12/site-packages/airflow/example_dags/example_dynamic_task_mapping.py
[2024-09-22T11:35:54.433+0000] {processor.py:840} INFO - DAG(s) 'example_dynamic_task_mapping' retrieved from /home/airflow/.local/lib/python3.12/site-packages/airflow/example_dags/example_dynamic_task_mapping.py
[2024-09-22T11:35:54.484+0000] {logging_mixin.py:188} INFO - [2024-09-22T11:35:54.484+0000] {dag.py:3089} INFO - Sync 1 DAGs
[2024-09-22T11:35:54.635+0000] {logging_mixin.py:188} INFO - [2024-09-22T11:35:54.634+0000] {dag.py:3947} INFO - Setting next_dagrun for example_dynamic_task_mapping to 2023-07-21 00:00:00+00:00, run_after=2023-07-22 00:00:00+00:00
[2024-09-22T11:35:54.886+0000] {processor.py:183} INFO - Processing /home/airflow/.local/lib/python3.12/site-packages/airflow/example_dags/example_dynamic_task_mapping.py took 0.491 seconds
[2024-09-22T11:41:20.863+0000] {processor.py:161} INFO - Started process (PID=2150) to work on /home/airflow/.local/lib/python3.12/site-packages/airflow/example_dags/example_dynamic_task_mapping.py
[2024-09-22T11:41:21.221+0000] {processor.py:830} INFO - Processing file /home/airflow/.local/lib/python3.12/site-packages/airflow/example_dags/example_dynamic_task_mapping.py for tasks to queue
[2024-09-22T11:41:21.224+0000] {logging_mixin.py:188} INFO - [2024-09-22T11:41:21.223+0000] {dagbag.py:545} INFO - Filling up the DagBag from /home/airflow/.local/lib/python3.12/site-packages/airflow/example_dags/example_dynamic_task_mapping.py
[2024-09-22T11:41:21.239+0000] {processor.py:840} INFO - DAG(s) 'example_dynamic_task_mapping' retrieved from /home/airflow/.local/lib/python3.12/site-packages/airflow/example_dags/example_dynamic_task_mapping.py
[2024-09-22T11:41:21.277+0000] {logging_mixin.py:188} INFO - [2024-09-22T11:41:21.276+0000] {dag.py:3089} INFO - Sync 1 DAGs
[2024-09-22T11:41:21.308+0000] {logging_mixin.py:188} INFO - [2024-09-22T11:41:21.308+0000] {dag.py:3947} INFO - Setting next_dagrun for example_dynamic_task_mapping to 2023-07-26 00:00:00+00:00, run_after=2023-07-27 00:00:00+00:00
[2024-09-22T11:41:21.643+0000] {processor.py:183} INFO - Processing /home/airflow/.local/lib/python3.12/site-packages/airflow/example_dags/example_dynamic_task_mapping.py took 0.787 seconds
[2024-09-22T11:42:00.680+0000] {processor.py:161} INFO - Started process (PID=2224) to work on /home/airflow/.local/lib/python3.12/site-packages/airflow/example_dags/example_dynamic_task_mapping.py
[2024-09-22T11:42:01.044+0000] {processor.py:830} INFO - Processing file /home/airflow/.local/lib/python3.12/site-packages/airflow/example_dags/example_dynamic_task_mapping.py for tasks to queue
[2024-09-22T11:42:01.046+0000] {logging_mixin.py:188} INFO - [2024-09-22T11:42:01.045+0000] {dagbag.py:545} INFO - Filling up the DagBag from /home/airflow/.local/lib/python3.12/site-packages/airflow/example_dags/example_dynamic_task_mapping.py
[2024-09-22T11:42:01.057+0000] {processor.py:840} INFO - DAG(s) 'example_dynamic_task_mapping' retrieved from /home/airflow/.local/lib/python3.12/site-packages/airflow/example_dags/example_dynamic_task_mapping.py
[2024-09-22T11:42:01.087+0000] {logging_mixin.py:188} INFO - [2024-09-22T11:42:01.087+0000] {dag.py:3089} INFO - Sync 1 DAGs
[2024-09-22T11:42:01.122+0000] {logging_mixin.py:188} INFO - [2024-09-22T11:42:01.122+0000] {dag.py:3947} INFO - Setting next_dagrun for example_dynamic_task_mapping to 2023-07-27 00:00:00+00:00, run_after=2023-07-28 00:00:00+00:00
[2024-09-22T11:42:01.429+0000] {processor.py:183} INFO - Processing /home/airflow/.local/lib/python3.12/site-packages/airflow/example_dags/example_dynamic_task_mapping.py took 0.758 seconds
[2024-09-22T11:42:32.440+0000] {processor.py:161} INFO - Started process (PID=2300) to work on /home/airflow/.local/lib/python3.12/site-packages/airflow/example_dags/example_dynamic_task_mapping.py
[2024-09-22T11:42:32.493+0000] {processor.py:830} INFO - Processing file /home/airflow/.local/lib/python3.12/site-packages/airflow/example_dags/example_dynamic_task_mapping.py for tasks to queue
[2024-09-22T11:42:32.495+0000] {logging_mixin.py:188} INFO - [2024-09-22T11:42:32.494+0000] {dagbag.py:545} INFO - Filling up the DagBag from /home/airflow/.local/lib/python3.12/site-packages/airflow/example_dags/example_dynamic_task_mapping.py
[2024-09-22T11:42:32.537+0000] {processor.py:840} INFO - DAG(s) 'example_dynamic_task_mapping' retrieved from /home/airflow/.local/lib/python3.12/site-packages/airflow/example_dags/example_dynamic_task_mapping.py
[2024-09-22T11:42:32.590+0000] {logging_mixin.py:188} INFO - [2024-09-22T11:42:32.589+0000] {dag.py:3089} INFO - Sync 1 DAGs
[2024-09-22T11:42:32.652+0000] {logging_mixin.py:188} INFO - [2024-09-22T11:42:32.652+0000] {dag.py:3947} INFO - Setting next_dagrun for example_dynamic_task_mapping to 2023-08-03 00:00:00+00:00, run_after=2023-08-04 00:00:00+00:00
[2024-09-22T11:42:32.872+0000] {processor.py:183} INFO - Processing /home/airflow/.local/lib/python3.12/site-packages/airflow/example_dags/example_dynamic_task_mapping.py took 0.446 seconds
[2024-09-22T11:43:03.687+0000] {processor.py:161} INFO - Started process (PID=2385) to work on /home/airflow/.local/lib/python3.12/site-packages/airflow/example_dags/example_dynamic_task_mapping.py
[2024-09-22T11:43:03.689+0000] {processor.py:830} INFO - Processing file /home/airflow/.local/lib/python3.12/site-packages/airflow/example_dags/example_dynamic_task_mapping.py for tasks to queue
[2024-09-22T11:43:03.691+0000] {logging_mixin.py:188} INFO - [2024-09-22T11:43:03.690+0000] {dagbag.py:545} INFO - Filling up the DagBag from /home/airflow/.local/lib/python3.12/site-packages/airflow/example_dags/example_dynamic_task_mapping.py
[2024-09-22T11:43:03.717+0000] {processor.py:840} INFO - DAG(s) 'example_dynamic_task_mapping' retrieved from /home/airflow/.local/lib/python3.12/site-packages/airflow/example_dags/example_dynamic_task_mapping.py
[2024-09-22T11:43:03.789+0000] {logging_mixin.py:188} INFO - [2024-09-22T11:43:03.788+0000] {dag.py:3089} INFO - Sync 1 DAGs
[2024-09-22T11:43:04.150+0000] {logging_mixin.py:188} INFO - [2024-09-22T11:43:04.149+0000] {dag.py:3947} INFO - Setting next_dagrun for example_dynamic_task_mapping to 2023-08-04 00:00:00+00:00, run_after=2023-08-05 00:00:00+00:00
[2024-09-22T11:43:05.231+0000] {processor.py:183} INFO - Processing /home/airflow/.local/lib/python3.12/site-packages/airflow/example_dags/example_dynamic_task_mapping.py took 1.564 seconds
[2024-09-22T11:43:36.494+0000] {processor.py:161} INFO - Started process (PID=2476) to work on /home/airflow/.local/lib/python3.12/site-packages/airflow/example_dags/example_dynamic_task_mapping.py
[2024-09-22T11:43:36.581+0000] {processor.py:830} INFO - Processing file /home/airflow/.local/lib/python3.12/site-packages/airflow/example_dags/example_dynamic_task_mapping.py for tasks to queue
[2024-09-22T11:43:36.585+0000] {logging_mixin.py:188} INFO - [2024-09-22T11:43:36.582+0000] {dagbag.py:545} INFO - Filling up the DagBag from /home/airflow/.local/lib/python3.12/site-packages/airflow/example_dags/example_dynamic_task_mapping.py
[2024-09-22T11:43:36.609+0000] {processor.py:840} INFO - DAG(s) 'example_dynamic_task_mapping' retrieved from /home/airflow/.local/lib/python3.12/site-packages/airflow/example_dags/example_dynamic_task_mapping.py
[2024-09-22T11:43:36.699+0000] {logging_mixin.py:188} INFO - [2024-09-22T11:43:36.698+0000] {dag.py:3089} INFO - Sync 1 DAGs
[2024-09-22T11:43:36.784+0000] {logging_mixin.py:188} INFO - [2024-09-22T11:43:36.783+0000] {dag.py:3947} INFO - Setting next_dagrun for example_dynamic_task_mapping to 2023-08-08 00:00:00+00:00, run_after=2023-08-09 00:00:00+00:00
[2024-09-22T11:43:36.971+0000] {processor.py:183} INFO - Processing /home/airflow/.local/lib/python3.12/site-packages/airflow/example_dags/example_dynamic_task_mapping.py took 0.493 seconds
[2024-09-22T11:44:07.765+0000] {processor.py:161} INFO - Started process (PID=2558) to work on /home/airflow/.local/lib/python3.12/site-packages/airflow/example_dags/example_dynamic_task_mapping.py
[2024-09-22T11:44:07.769+0000] {processor.py:830} INFO - Processing file /home/airflow/.local/lib/python3.12/site-packages/airflow/example_dags/example_dynamic_task_mapping.py for tasks to queue
[2024-09-22T11:44:07.771+0000] {logging_mixin.py:188} INFO - [2024-09-22T11:44:07.770+0000] {dagbag.py:545} INFO - Filling up the DagBag from /home/airflow/.local/lib/python3.12/site-packages/airflow/example_dags/example_dynamic_task_mapping.py
[2024-09-22T11:44:07.795+0000] {processor.py:840} INFO - DAG(s) 'example_dynamic_task_mapping' retrieved from /home/airflow/.local/lib/python3.12/site-packages/airflow/example_dags/example_dynamic_task_mapping.py
[2024-09-22T11:44:07.858+0000] {logging_mixin.py:188} INFO - [2024-09-22T11:44:07.858+0000] {dag.py:3089} INFO - Sync 1 DAGs
[2024-09-22T11:44:07.939+0000] {logging_mixin.py:188} INFO - [2024-09-22T11:44:07.938+0000] {dag.py:3947} INFO - Setting next_dagrun for example_dynamic_task_mapping to 2023-08-10 00:00:00+00:00, run_after=2023-08-11 00:00:00+00:00
[2024-09-22T11:44:08.084+0000] {processor.py:183} INFO - Processing /home/airflow/.local/lib/python3.12/site-packages/airflow/example_dags/example_dynamic_task_mapping.py took 0.340 seconds
