[2024-09-22T11:13:30.747+0000] {processor.py:161} INFO - Started process (PID=75) to work on /home/airflow/.local/lib/python3.12/site-packages/airflow/example_dags/example_complex.py
[2024-09-22T11:13:30.747+0000] {processor.py:830} INFO - Processing file /home/airflow/.local/lib/python3.12/site-packages/airflow/example_dags/example_complex.py for tasks to queue
[2024-09-22T11:13:30.749+0000] {logging_mixin.py:188} INFO - [2024-09-22T11:13:30.749+0000] {dagbag.py:545} INFO - Filling up the DagBag from /home/airflow/.local/lib/python3.12/site-packages/airflow/example_dags/example_complex.py
[2024-09-22T11:13:30.763+0000] {processor.py:840} INFO - DAG(s) 'example_complex' retrieved from /home/airflow/.local/lib/python3.12/site-packages/airflow/example_dags/example_complex.py
[2024-09-22T11:13:30.858+0000] {logging_mixin.py:188} INFO - [2024-09-22T11:13:30.858+0000] {dag.py:3089} INFO - Sync 1 DAGs
[2024-09-22T11:13:30.877+0000] {logging_mixin.py:188} INFO - [2024-09-22T11:13:30.877+0000] {dag.py:3947} INFO - Setting next_dagrun for example_complex to None, run_after=None
[2024-09-22T11:13:31.025+0000] {processor.py:183} INFO - Processing /home/airflow/.local/lib/python3.12/site-packages/airflow/example_dags/example_complex.py took 0.288 seconds
[2024-09-22T11:15:17.635+0000] {processor.py:161} INFO - Started process (PID=76) to work on /home/airflow/.local/lib/python3.12/site-packages/airflow/example_dags/example_complex.py
[2024-09-22T11:15:18.012+0000] {processor.py:830} INFO - Processing file /home/airflow/.local/lib/python3.12/site-packages/airflow/example_dags/example_complex.py for tasks to queue
[2024-09-22T11:15:18.015+0000] {logging_mixin.py:188} INFO - [2024-09-22T11:15:18.014+0000] {dagbag.py:545} INFO - Filling up the DagBag from /home/airflow/.local/lib/python3.12/site-packages/airflow/example_dags/example_complex.py
[2024-09-22T11:15:18.033+0000] {processor.py:840} INFO - DAG(s) 'example_complex' retrieved from /home/airflow/.local/lib/python3.12/site-packages/airflow/example_dags/example_complex.py
[2024-09-22T11:15:18.115+0000] {logging_mixin.py:188} INFO - [2024-09-22T11:15:18.114+0000] {dag.py:3089} INFO - Sync 1 DAGs
[2024-09-22T11:15:18.360+0000] {logging_mixin.py:188} INFO - [2024-09-22T11:15:18.359+0000] {dag.py:3947} INFO - Setting next_dagrun for example_complex to None, run_after=None
[2024-09-22T11:15:18.951+0000] {processor.py:183} INFO - Processing /home/airflow/.local/lib/python3.12/site-packages/airflow/example_dags/example_complex.py took 1.325 seconds
[2024-09-22T11:15:55.705+0000] {processor.py:161} INFO - Started process (PID=135) to work on /home/airflow/.local/lib/python3.12/site-packages/airflow/example_dags/example_complex.py
[2024-09-22T11:15:55.817+0000] {processor.py:830} INFO - Processing file /home/airflow/.local/lib/python3.12/site-packages/airflow/example_dags/example_complex.py for tasks to queue
[2024-09-22T11:15:55.820+0000] {logging_mixin.py:188} INFO - [2024-09-22T11:15:55.819+0000] {dagbag.py:545} INFO - Filling up the DagBag from /home/airflow/.local/lib/python3.12/site-packages/airflow/example_dags/example_complex.py
[2024-09-22T11:15:55.834+0000] {processor.py:840} INFO - DAG(s) 'example_complex' retrieved from /home/airflow/.local/lib/python3.12/site-packages/airflow/example_dags/example_complex.py
[2024-09-22T11:15:55.888+0000] {logging_mixin.py:188} INFO - [2024-09-22T11:15:55.887+0000] {dag.py:3089} INFO - Sync 1 DAGs
[2024-09-22T11:15:55.910+0000] {logging_mixin.py:188} INFO - [2024-09-22T11:15:55.909+0000] {dag.py:3947} INFO - Setting next_dagrun for example_complex to None, run_after=None
[2024-09-22T11:15:56.043+0000] {processor.py:183} INFO - Processing /home/airflow/.local/lib/python3.12/site-packages/airflow/example_dags/example_complex.py took 0.344 seconds
[2024-09-22T11:16:43.187+0000] {processor.py:161} INFO - Started process (PID=199) to work on /home/airflow/.local/lib/python3.12/site-packages/airflow/example_dags/example_complex.py
[2024-09-22T11:16:43.380+0000] {processor.py:830} INFO - Processing file /home/airflow/.local/lib/python3.12/site-packages/airflow/example_dags/example_complex.py for tasks to queue
[2024-09-22T11:16:43.390+0000] {logging_mixin.py:188} INFO - [2024-09-22T11:16:43.390+0000] {dagbag.py:545} INFO - Filling up the DagBag from /home/airflow/.local/lib/python3.12/site-packages/airflow/example_dags/example_complex.py
[2024-09-22T11:16:43.431+0000] {processor.py:840} INFO - DAG(s) 'example_complex' retrieved from /home/airflow/.local/lib/python3.12/site-packages/airflow/example_dags/example_complex.py
[2024-09-22T11:16:43.536+0000] {logging_mixin.py:188} INFO - [2024-09-22T11:16:43.536+0000] {dag.py:3089} INFO - Sync 1 DAGs
[2024-09-22T11:16:43.656+0000] {logging_mixin.py:188} INFO - [2024-09-22T11:16:43.655+0000] {dag.py:3947} INFO - Setting next_dagrun for example_complex to None, run_after=None
[2024-09-22T11:16:45.518+0000] {processor.py:183} INFO - Processing /home/airflow/.local/lib/python3.12/site-packages/airflow/example_dags/example_complex.py took 2.355 seconds
[2024-09-22T11:17:27.397+0000] {processor.py:161} INFO - Started process (PID=277) to work on /home/airflow/.local/lib/python3.12/site-packages/airflow/example_dags/example_complex.py
[2024-09-22T11:17:27.488+0000] {processor.py:830} INFO - Processing file /home/airflow/.local/lib/python3.12/site-packages/airflow/example_dags/example_complex.py for tasks to queue
[2024-09-22T11:17:27.489+0000] {logging_mixin.py:188} INFO - [2024-09-22T11:17:27.489+0000] {dagbag.py:545} INFO - Filling up the DagBag from /home/airflow/.local/lib/python3.12/site-packages/airflow/example_dags/example_complex.py
[2024-09-22T11:17:27.575+0000] {processor.py:840} INFO - DAG(s) 'example_complex' retrieved from /home/airflow/.local/lib/python3.12/site-packages/airflow/example_dags/example_complex.py
[2024-09-22T11:17:27.791+0000] {logging_mixin.py:188} INFO - [2024-09-22T11:17:27.790+0000] {dag.py:3089} INFO - Sync 1 DAGs
[2024-09-22T11:17:27.861+0000] {logging_mixin.py:188} INFO - [2024-09-22T11:17:27.860+0000] {dag.py:3947} INFO - Setting next_dagrun for example_complex to None, run_after=None
[2024-09-22T11:17:28.926+0000] {processor.py:183} INFO - Processing /home/airflow/.local/lib/python3.12/site-packages/airflow/example_dags/example_complex.py took 1.558 seconds
[2024-09-22T11:17:59.446+0000] {processor.py:161} INFO - Started process (PID=360) to work on /home/airflow/.local/lib/python3.12/site-packages/airflow/example_dags/example_complex.py
[2024-09-22T11:17:59.450+0000] {processor.py:830} INFO - Processing file /home/airflow/.local/lib/python3.12/site-packages/airflow/example_dags/example_complex.py for tasks to queue
[2024-09-22T11:17:59.457+0000] {logging_mixin.py:188} INFO - [2024-09-22T11:17:59.452+0000] {dagbag.py:545} INFO - Filling up the DagBag from /home/airflow/.local/lib/python3.12/site-packages/airflow/example_dags/example_complex.py
[2024-09-22T11:17:59.537+0000] {processor.py:840} INFO - DAG(s) 'example_complex' retrieved from /home/airflow/.local/lib/python3.12/site-packages/airflow/example_dags/example_complex.py
[2024-09-22T11:17:59.715+0000] {logging_mixin.py:188} INFO - [2024-09-22T11:17:59.714+0000] {dag.py:3089} INFO - Sync 1 DAGs
[2024-09-22T11:17:59.758+0000] {logging_mixin.py:188} INFO - [2024-09-22T11:17:59.758+0000] {dag.py:3947} INFO - Setting next_dagrun for example_complex to None, run_after=None
[2024-09-22T11:18:00.071+0000] {processor.py:183} INFO - Processing /home/airflow/.local/lib/python3.12/site-packages/airflow/example_dags/example_complex.py took 0.672 seconds
[2024-09-22T11:18:51.227+0000] {processor.py:161} INFO - Started process (PID=454) to work on /home/airflow/.local/lib/python3.12/site-packages/airflow/example_dags/example_complex.py
[2024-09-22T11:18:51.446+0000] {processor.py:830} INFO - Processing file /home/airflow/.local/lib/python3.12/site-packages/airflow/example_dags/example_complex.py for tasks to queue
[2024-09-22T11:18:51.449+0000] {logging_mixin.py:188} INFO - [2024-09-22T11:18:51.447+0000] {dagbag.py:545} INFO - Filling up the DagBag from /home/airflow/.local/lib/python3.12/site-packages/airflow/example_dags/example_complex.py
[2024-09-22T11:18:51.524+0000] {processor.py:840} INFO - DAG(s) 'example_complex' retrieved from /home/airflow/.local/lib/python3.12/site-packages/airflow/example_dags/example_complex.py
[2024-09-22T11:18:51.716+0000] {logging_mixin.py:188} INFO - [2024-09-22T11:18:51.715+0000] {dag.py:3089} INFO - Sync 1 DAGs
[2024-09-22T11:18:51.795+0000] {logging_mixin.py:188} INFO - [2024-09-22T11:18:51.795+0000] {dag.py:3947} INFO - Setting next_dagrun for example_complex to None, run_after=None
[2024-09-22T11:18:52.162+0000] {processor.py:183} INFO - Processing /home/airflow/.local/lib/python3.12/site-packages/airflow/example_dags/example_complex.py took 0.952 seconds
[2024-09-22T11:19:24.155+0000] {processor.py:161} INFO - Started process (PID=529) to work on /home/airflow/.local/lib/python3.12/site-packages/airflow/example_dags/example_complex.py
[2024-09-22T11:19:24.160+0000] {processor.py:830} INFO - Processing file /home/airflow/.local/lib/python3.12/site-packages/airflow/example_dags/example_complex.py for tasks to queue
[2024-09-22T11:19:24.165+0000] {logging_mixin.py:188} INFO - [2024-09-22T11:19:24.164+0000] {dagbag.py:545} INFO - Filling up the DagBag from /home/airflow/.local/lib/python3.12/site-packages/airflow/example_dags/example_complex.py
[2024-09-22T11:19:24.257+0000] {processor.py:840} INFO - DAG(s) 'example_complex' retrieved from /home/airflow/.local/lib/python3.12/site-packages/airflow/example_dags/example_complex.py
[2024-09-22T11:19:24.472+0000] {logging_mixin.py:188} INFO - [2024-09-22T11:19:24.471+0000] {dag.py:3089} INFO - Sync 1 DAGs
[2024-09-22T11:19:24.528+0000] {logging_mixin.py:188} INFO - [2024-09-22T11:19:24.528+0000] {dag.py:3947} INFO - Setting next_dagrun for example_complex to None, run_after=None
[2024-09-22T11:19:24.764+0000] {processor.py:183} INFO - Processing /home/airflow/.local/lib/python3.12/site-packages/airflow/example_dags/example_complex.py took 0.641 seconds
[2024-09-22T11:19:55.119+0000] {processor.py:161} INFO - Started process (PID=592) to work on /home/airflow/.local/lib/python3.12/site-packages/airflow/example_dags/example_complex.py
[2024-09-22T11:19:55.341+0000] {processor.py:830} INFO - Processing file /home/airflow/.local/lib/python3.12/site-packages/airflow/example_dags/example_complex.py for tasks to queue
[2024-09-22T11:19:55.344+0000] {logging_mixin.py:188} INFO - [2024-09-22T11:19:55.343+0000] {dagbag.py:545} INFO - Filling up the DagBag from /home/airflow/.local/lib/python3.12/site-packages/airflow/example_dags/example_complex.py
[2024-09-22T11:19:55.377+0000] {processor.py:840} INFO - DAG(s) 'example_complex' retrieved from /home/airflow/.local/lib/python3.12/site-packages/airflow/example_dags/example_complex.py
[2024-09-22T11:19:55.454+0000] {logging_mixin.py:188} INFO - [2024-09-22T11:19:55.454+0000] {dag.py:3089} INFO - Sync 1 DAGs
[2024-09-22T11:19:55.483+0000] {logging_mixin.py:188} INFO - [2024-09-22T11:19:55.483+0000] {dag.py:3947} INFO - Setting next_dagrun for example_complex to None, run_after=None
[2024-09-22T11:19:55.783+0000] {processor.py:183} INFO - Processing /home/airflow/.local/lib/python3.12/site-packages/airflow/example_dags/example_complex.py took 0.687 seconds
[2024-09-22T11:20:46.267+0000] {processor.py:161} INFO - Started process (PID=678) to work on /home/airflow/.local/lib/python3.12/site-packages/airflow/example_dags/example_complex.py
[2024-09-22T11:20:46.401+0000] {processor.py:830} INFO - Processing file /home/airflow/.local/lib/python3.12/site-packages/airflow/example_dags/example_complex.py for tasks to queue
[2024-09-22T11:20:46.402+0000] {logging_mixin.py:188} INFO - [2024-09-22T11:20:46.401+0000] {dagbag.py:545} INFO - Filling up the DagBag from /home/airflow/.local/lib/python3.12/site-packages/airflow/example_dags/example_complex.py
[2024-09-22T11:20:46.435+0000] {processor.py:840} INFO - DAG(s) 'example_complex' retrieved from /home/airflow/.local/lib/python3.12/site-packages/airflow/example_dags/example_complex.py
[2024-09-22T11:20:46.525+0000] {logging_mixin.py:188} INFO - [2024-09-22T11:20:46.523+0000] {dag.py:3089} INFO - Sync 1 DAGs
[2024-09-22T11:20:46.569+0000] {logging_mixin.py:188} INFO - [2024-09-22T11:20:46.569+0000] {dag.py:3947} INFO - Setting next_dagrun for example_complex to None, run_after=None
[2024-09-22T11:20:46.770+0000] {processor.py:183} INFO - Processing /home/airflow/.local/lib/python3.12/site-packages/airflow/example_dags/example_complex.py took 0.515 seconds
[2024-09-22T11:21:17.053+0000] {processor.py:161} INFO - Started process (PID=753) to work on /home/airflow/.local/lib/python3.12/site-packages/airflow/example_dags/example_complex.py
[2024-09-22T11:21:17.266+0000] {processor.py:830} INFO - Processing file /home/airflow/.local/lib/python3.12/site-packages/airflow/example_dags/example_complex.py for tasks to queue
[2024-09-22T11:21:17.268+0000] {logging_mixin.py:188} INFO - [2024-09-22T11:21:17.267+0000] {dagbag.py:545} INFO - Filling up the DagBag from /home/airflow/.local/lib/python3.12/site-packages/airflow/example_dags/example_complex.py
[2024-09-22T11:21:17.294+0000] {processor.py:840} INFO - DAG(s) 'example_complex' retrieved from /home/airflow/.local/lib/python3.12/site-packages/airflow/example_dags/example_complex.py
[2024-09-22T11:21:17.384+0000] {logging_mixin.py:188} INFO - [2024-09-22T11:21:17.384+0000] {dag.py:3089} INFO - Sync 1 DAGs
[2024-09-22T11:21:17.409+0000] {logging_mixin.py:188} INFO - [2024-09-22T11:21:17.408+0000] {dag.py:3947} INFO - Setting next_dagrun for example_complex to None, run_after=None
[2024-09-22T11:21:17.603+0000] {processor.py:183} INFO - Processing /home/airflow/.local/lib/python3.12/site-packages/airflow/example_dags/example_complex.py took 0.567 seconds
[2024-09-22T11:22:46.327+0000] {processor.py:161} INFO - Started process (PID=843) to work on /home/airflow/.local/lib/python3.12/site-packages/airflow/example_dags/example_complex.py
[2024-09-22T11:22:46.733+0000] {processor.py:830} INFO - Processing file /home/airflow/.local/lib/python3.12/site-packages/airflow/example_dags/example_complex.py for tasks to queue
[2024-09-22T11:22:46.736+0000] {logging_mixin.py:188} INFO - [2024-09-22T11:22:46.735+0000] {dagbag.py:545} INFO - Filling up the DagBag from /home/airflow/.local/lib/python3.12/site-packages/airflow/example_dags/example_complex.py
[2024-09-22T11:22:46.766+0000] {processor.py:840} INFO - DAG(s) 'example_complex' retrieved from /home/airflow/.local/lib/python3.12/site-packages/airflow/example_dags/example_complex.py
[2024-09-22T11:22:46.828+0000] {logging_mixin.py:188} INFO - [2024-09-22T11:22:46.827+0000] {dag.py:3089} INFO - Sync 1 DAGs
[2024-09-22T11:22:46.851+0000] {logging_mixin.py:188} INFO - [2024-09-22T11:22:46.851+0000] {dag.py:3947} INFO - Setting next_dagrun for example_complex to None, run_after=None
[2024-09-22T11:22:47.104+0000] {processor.py:183} INFO - Processing /home/airflow/.local/lib/python3.12/site-packages/airflow/example_dags/example_complex.py took 0.839 seconds
[2024-09-22T11:23:17.669+0000] {processor.py:161} INFO - Started process (PID=900) to work on /home/airflow/.local/lib/python3.12/site-packages/airflow/example_dags/example_complex.py
[2024-09-22T11:23:17.670+0000] {processor.py:830} INFO - Processing file /home/airflow/.local/lib/python3.12/site-packages/airflow/example_dags/example_complex.py for tasks to queue
[2024-09-22T11:23:17.672+0000] {logging_mixin.py:188} INFO - [2024-09-22T11:23:17.671+0000] {dagbag.py:545} INFO - Filling up the DagBag from /home/airflow/.local/lib/python3.12/site-packages/airflow/example_dags/example_complex.py
[2024-09-22T11:23:17.694+0000] {processor.py:840} INFO - DAG(s) 'example_complex' retrieved from /home/airflow/.local/lib/python3.12/site-packages/airflow/example_dags/example_complex.py
[2024-09-22T11:23:17.776+0000] {logging_mixin.py:188} INFO - [2024-09-22T11:23:17.775+0000] {dag.py:3089} INFO - Sync 1 DAGs
[2024-09-22T11:23:17.807+0000] {logging_mixin.py:188} INFO - [2024-09-22T11:23:17.806+0000] {dag.py:3947} INFO - Setting next_dagrun for example_complex to None, run_after=None
[2024-09-22T11:23:18.295+0000] {processor.py:183} INFO - Processing /home/airflow/.local/lib/python3.12/site-packages/airflow/example_dags/example_complex.py took 0.636 seconds
[2024-09-22T11:24:32.842+0000] {processor.py:161} INFO - Started process (PID=967) to work on /home/airflow/.local/lib/python3.12/site-packages/airflow/example_dags/example_complex.py
[2024-09-22T11:24:33.017+0000] {processor.py:830} INFO - Processing file /home/airflow/.local/lib/python3.12/site-packages/airflow/example_dags/example_complex.py for tasks to queue
[2024-09-22T11:24:33.020+0000] {logging_mixin.py:188} INFO - [2024-09-22T11:24:33.019+0000] {dagbag.py:545} INFO - Filling up the DagBag from /home/airflow/.local/lib/python3.12/site-packages/airflow/example_dags/example_complex.py
[2024-09-22T11:24:33.054+0000] {processor.py:840} INFO - DAG(s) 'example_complex' retrieved from /home/airflow/.local/lib/python3.12/site-packages/airflow/example_dags/example_complex.py
[2024-09-22T11:24:33.150+0000] {logging_mixin.py:188} INFO - [2024-09-22T11:24:33.149+0000] {dag.py:3089} INFO - Sync 1 DAGs
[2024-09-22T11:24:33.184+0000] {logging_mixin.py:188} INFO - [2024-09-22T11:24:33.184+0000] {dag.py:3947} INFO - Setting next_dagrun for example_complex to None, run_after=None
[2024-09-22T11:24:33.627+0000] {processor.py:183} INFO - Processing /home/airflow/.local/lib/python3.12/site-packages/airflow/example_dags/example_complex.py took 0.825 seconds
[2024-09-22T11:25:37.736+0000] {processor.py:161} INFO - Started process (PID=1046) to work on /home/airflow/.local/lib/python3.12/site-packages/airflow/example_dags/example_complex.py
[2024-09-22T11:25:38.395+0000] {processor.py:830} INFO - Processing file /home/airflow/.local/lib/python3.12/site-packages/airflow/example_dags/example_complex.py for tasks to queue
[2024-09-22T11:25:38.397+0000] {logging_mixin.py:188} INFO - [2024-09-22T11:25:38.396+0000] {dagbag.py:545} INFO - Filling up the DagBag from /home/airflow/.local/lib/python3.12/site-packages/airflow/example_dags/example_complex.py
[2024-09-22T11:25:38.425+0000] {processor.py:840} INFO - DAG(s) 'example_complex' retrieved from /home/airflow/.local/lib/python3.12/site-packages/airflow/example_dags/example_complex.py
[2024-09-22T11:25:38.498+0000] {logging_mixin.py:188} INFO - [2024-09-22T11:25:38.497+0000] {dag.py:3089} INFO - Sync 1 DAGs
[2024-09-22T11:25:38.528+0000] {logging_mixin.py:188} INFO - [2024-09-22T11:25:38.528+0000] {dag.py:3947} INFO - Setting next_dagrun for example_complex to None, run_after=None
[2024-09-22T11:25:38.993+0000] {processor.py:183} INFO - Processing /home/airflow/.local/lib/python3.12/site-packages/airflow/example_dags/example_complex.py took 1.265 seconds
[2024-09-22T11:27:06.791+0000] {processor.py:161} INFO - Started process (PID=1112) to work on /home/airflow/.local/lib/python3.12/site-packages/airflow/example_dags/example_complex.py
[2024-09-22T11:27:06.968+0000] {processor.py:830} INFO - Processing file /home/airflow/.local/lib/python3.12/site-packages/airflow/example_dags/example_complex.py for tasks to queue
[2024-09-22T11:27:06.969+0000] {logging_mixin.py:188} INFO - [2024-09-22T11:27:06.969+0000] {dagbag.py:545} INFO - Filling up the DagBag from /home/airflow/.local/lib/python3.12/site-packages/airflow/example_dags/example_complex.py
[2024-09-22T11:27:06.990+0000] {processor.py:840} INFO - DAG(s) 'example_complex' retrieved from /home/airflow/.local/lib/python3.12/site-packages/airflow/example_dags/example_complex.py
[2024-09-22T11:27:07.060+0000] {logging_mixin.py:188} INFO - [2024-09-22T11:27:07.060+0000] {dag.py:3089} INFO - Sync 1 DAGs
[2024-09-22T11:27:07.084+0000] {logging_mixin.py:188} INFO - [2024-09-22T11:27:07.084+0000] {dag.py:3947} INFO - Setting next_dagrun for example_complex to None, run_after=None
[2024-09-22T11:27:07.326+0000] {processor.py:183} INFO - Processing /home/airflow/.local/lib/python3.12/site-packages/airflow/example_dags/example_complex.py took 0.543 seconds
[2024-09-22T11:28:23.630+0000] {processor.py:161} INFO - Started process (PID=1189) to work on /home/airflow/.local/lib/python3.12/site-packages/airflow/example_dags/example_complex.py
[2024-09-22T11:28:23.796+0000] {processor.py:830} INFO - Processing file /home/airflow/.local/lib/python3.12/site-packages/airflow/example_dags/example_complex.py for tasks to queue
[2024-09-22T11:28:23.799+0000] {logging_mixin.py:188} INFO - [2024-09-22T11:28:23.798+0000] {dagbag.py:545} INFO - Filling up the DagBag from /home/airflow/.local/lib/python3.12/site-packages/airflow/example_dags/example_complex.py
[2024-09-22T11:28:23.829+0000] {processor.py:840} INFO - DAG(s) 'example_complex' retrieved from /home/airflow/.local/lib/python3.12/site-packages/airflow/example_dags/example_complex.py
[2024-09-22T11:28:24.023+0000] {logging_mixin.py:188} INFO - [2024-09-22T11:28:24.023+0000] {dag.py:3089} INFO - Sync 1 DAGs
[2024-09-22T11:28:24.043+0000] {logging_mixin.py:188} INFO - [2024-09-22T11:28:24.043+0000] {dag.py:3947} INFO - Setting next_dagrun for example_complex to None, run_after=None
[2024-09-22T11:28:24.312+0000] {processor.py:183} INFO - Processing /home/airflow/.local/lib/python3.12/site-packages/airflow/example_dags/example_complex.py took 0.700 seconds
[2024-09-22T11:29:04.235+0000] {processor.py:161} INFO - Started process (PID=1263) to work on /home/airflow/.local/lib/python3.12/site-packages/airflow/example_dags/example_complex.py
[2024-09-22T11:29:04.431+0000] {processor.py:830} INFO - Processing file /home/airflow/.local/lib/python3.12/site-packages/airflow/example_dags/example_complex.py for tasks to queue
[2024-09-22T11:29:04.433+0000] {logging_mixin.py:188} INFO - [2024-09-22T11:29:04.432+0000] {dagbag.py:545} INFO - Filling up the DagBag from /home/airflow/.local/lib/python3.12/site-packages/airflow/example_dags/example_complex.py
[2024-09-22T11:29:04.464+0000] {processor.py:840} INFO - DAG(s) 'example_complex' retrieved from /home/airflow/.local/lib/python3.12/site-packages/airflow/example_dags/example_complex.py
[2024-09-22T11:29:04.555+0000] {logging_mixin.py:188} INFO - [2024-09-22T11:29:04.554+0000] {dag.py:3089} INFO - Sync 1 DAGs
[2024-09-22T11:29:04.590+0000] {logging_mixin.py:188} INFO - [2024-09-22T11:29:04.589+0000] {dag.py:3947} INFO - Setting next_dagrun for example_complex to None, run_after=None
[2024-09-22T11:29:04.892+0000] {processor.py:183} INFO - Processing /home/airflow/.local/lib/python3.12/site-packages/airflow/example_dags/example_complex.py took 0.680 seconds
[2024-09-22T11:29:36.872+0000] {processor.py:161} INFO - Started process (PID=1329) to work on /home/airflow/.local/lib/python3.12/site-packages/airflow/example_dags/example_complex.py
[2024-09-22T11:29:36.873+0000] {processor.py:830} INFO - Processing file /home/airflow/.local/lib/python3.12/site-packages/airflow/example_dags/example_complex.py for tasks to queue
[2024-09-22T11:29:36.875+0000] {logging_mixin.py:188} INFO - [2024-09-22T11:29:36.874+0000] {dagbag.py:545} INFO - Filling up the DagBag from /home/airflow/.local/lib/python3.12/site-packages/airflow/example_dags/example_complex.py
[2024-09-22T11:29:36.904+0000] {processor.py:840} INFO - DAG(s) 'example_complex' retrieved from /home/airflow/.local/lib/python3.12/site-packages/airflow/example_dags/example_complex.py
[2024-09-22T11:29:36.993+0000] {logging_mixin.py:188} INFO - [2024-09-22T11:29:36.992+0000] {dag.py:3089} INFO - Sync 1 DAGs
[2024-09-22T11:29:37.017+0000] {logging_mixin.py:188} INFO - [2024-09-22T11:29:37.016+0000] {dag.py:3947} INFO - Setting next_dagrun for example_complex to None, run_after=None
[2024-09-22T11:29:37.319+0000] {processor.py:183} INFO - Processing /home/airflow/.local/lib/python3.12/site-packages/airflow/example_dags/example_complex.py took 0.462 seconds
[2024-09-22T11:30:08.167+0000] {processor.py:161} INFO - Started process (PID=1387) to work on /home/airflow/.local/lib/python3.12/site-packages/airflow/example_dags/example_complex.py
[2024-09-22T11:30:08.331+0000] {processor.py:830} INFO - Processing file /home/airflow/.local/lib/python3.12/site-packages/airflow/example_dags/example_complex.py for tasks to queue
[2024-09-22T11:30:08.333+0000] {logging_mixin.py:188} INFO - [2024-09-22T11:30:08.332+0000] {dagbag.py:545} INFO - Filling up the DagBag from /home/airflow/.local/lib/python3.12/site-packages/airflow/example_dags/example_complex.py
[2024-09-22T11:30:08.349+0000] {processor.py:840} INFO - DAG(s) 'example_complex' retrieved from /home/airflow/.local/lib/python3.12/site-packages/airflow/example_dags/example_complex.py
[2024-09-22T11:30:08.408+0000] {logging_mixin.py:188} INFO - [2024-09-22T11:30:08.408+0000] {dag.py:3089} INFO - Sync 1 DAGs
[2024-09-22T11:30:08.433+0000] {logging_mixin.py:188} INFO - [2024-09-22T11:30:08.433+0000] {dag.py:3947} INFO - Setting next_dagrun for example_complex to None, run_after=None
[2024-09-22T11:30:08.660+0000] {processor.py:183} INFO - Processing /home/airflow/.local/lib/python3.12/site-packages/airflow/example_dags/example_complex.py took 0.504 seconds
[2024-09-22T11:30:41.017+0000] {processor.py:161} INFO - Started process (PID=1458) to work on /home/airflow/.local/lib/python3.12/site-packages/airflow/example_dags/example_complex.py
[2024-09-22T11:30:41.140+0000] {processor.py:830} INFO - Processing file /home/airflow/.local/lib/python3.12/site-packages/airflow/example_dags/example_complex.py for tasks to queue
[2024-09-22T11:30:41.141+0000] {logging_mixin.py:188} INFO - [2024-09-22T11:30:41.140+0000] {dagbag.py:545} INFO - Filling up the DagBag from /home/airflow/.local/lib/python3.12/site-packages/airflow/example_dags/example_complex.py
[2024-09-22T11:30:41.160+0000] {processor.py:840} INFO - DAG(s) 'example_complex' retrieved from /home/airflow/.local/lib/python3.12/site-packages/airflow/example_dags/example_complex.py
[2024-09-22T11:30:41.204+0000] {logging_mixin.py:188} INFO - [2024-09-22T11:30:41.203+0000] {dag.py:3089} INFO - Sync 1 DAGs
[2024-09-22T11:30:41.220+0000] {logging_mixin.py:188} INFO - [2024-09-22T11:30:41.219+0000] {dag.py:3947} INFO - Setting next_dagrun for example_complex to None, run_after=None
[2024-09-22T11:30:41.409+0000] {processor.py:183} INFO - Processing /home/airflow/.local/lib/python3.12/site-packages/airflow/example_dags/example_complex.py took 0.408 seconds
[2024-09-22T11:31:14.638+0000] {processor.py:161} INFO - Started process (PID=1519) to work on /home/airflow/.local/lib/python3.12/site-packages/airflow/example_dags/example_complex.py
[2024-09-22T11:31:14.641+0000] {processor.py:830} INFO - Processing file /home/airflow/.local/lib/python3.12/site-packages/airflow/example_dags/example_complex.py for tasks to queue
[2024-09-22T11:31:14.644+0000] {logging_mixin.py:188} INFO - [2024-09-22T11:31:14.642+0000] {dagbag.py:545} INFO - Filling up the DagBag from /home/airflow/.local/lib/python3.12/site-packages/airflow/example_dags/example_complex.py
[2024-09-22T11:31:14.691+0000] {processor.py:840} INFO - DAG(s) 'example_complex' retrieved from /home/airflow/.local/lib/python3.12/site-packages/airflow/example_dags/example_complex.py
[2024-09-22T11:31:14.827+0000] {logging_mixin.py:188} INFO - [2024-09-22T11:31:14.826+0000] {dag.py:3089} INFO - Sync 1 DAGs
[2024-09-22T11:31:14.860+0000] {logging_mixin.py:188} INFO - [2024-09-22T11:31:14.860+0000] {dag.py:3947} INFO - Setting next_dagrun for example_complex to None, run_after=None
[2024-09-22T11:31:15.186+0000] {processor.py:183} INFO - Processing /home/airflow/.local/lib/python3.12/site-packages/airflow/example_dags/example_complex.py took 0.570 seconds
[2024-09-22T11:32:56.704+0000] {processor.py:161} INFO - Started process (PID=1644) to work on /home/airflow/.local/lib/python3.12/site-packages/airflow/example_dags/example_complex.py
[2024-09-22T11:32:57.009+0000] {processor.py:830} INFO - Processing file /home/airflow/.local/lib/python3.12/site-packages/airflow/example_dags/example_complex.py for tasks to queue
[2024-09-22T11:32:57.012+0000] {logging_mixin.py:188} INFO - [2024-09-22T11:32:57.011+0000] {dagbag.py:545} INFO - Filling up the DagBag from /home/airflow/.local/lib/python3.12/site-packages/airflow/example_dags/example_complex.py
[2024-09-22T11:32:57.032+0000] {processor.py:840} INFO - DAG(s) 'example_complex' retrieved from /home/airflow/.local/lib/python3.12/site-packages/airflow/example_dags/example_complex.py
[2024-09-22T11:32:57.090+0000] {logging_mixin.py:188} INFO - [2024-09-22T11:32:57.089+0000] {dag.py:3089} INFO - Sync 1 DAGs
[2024-09-22T11:32:57.113+0000] {logging_mixin.py:188} INFO - [2024-09-22T11:32:57.112+0000] {dag.py:3947} INFO - Setting next_dagrun for example_complex to None, run_after=None
[2024-09-22T11:32:57.473+0000] {processor.py:183} INFO - Processing /home/airflow/.local/lib/python3.12/site-packages/airflow/example_dags/example_complex.py took 0.782 seconds
[2024-09-22T11:33:38.913+0000] {processor.py:161} INFO - Started process (PID=1715) to work on /home/airflow/.local/lib/python3.12/site-packages/airflow/example_dags/example_complex.py
[2024-09-22T11:33:39.014+0000] {processor.py:830} INFO - Processing file /home/airflow/.local/lib/python3.12/site-packages/airflow/example_dags/example_complex.py for tasks to queue
[2024-09-22T11:33:39.017+0000] {logging_mixin.py:188} INFO - [2024-09-22T11:33:39.016+0000] {dagbag.py:545} INFO - Filling up the DagBag from /home/airflow/.local/lib/python3.12/site-packages/airflow/example_dags/example_complex.py
[2024-09-22T11:33:39.050+0000] {processor.py:840} INFO - DAG(s) 'example_complex' retrieved from /home/airflow/.local/lib/python3.12/site-packages/airflow/example_dags/example_complex.py
[2024-09-22T11:33:39.099+0000] {logging_mixin.py:188} INFO - [2024-09-22T11:33:39.099+0000] {dag.py:3089} INFO - Sync 1 DAGs
[2024-09-22T11:33:39.138+0000] {logging_mixin.py:188} INFO - [2024-09-22T11:33:39.137+0000] {dag.py:3947} INFO - Setting next_dagrun for example_complex to None, run_after=None
[2024-09-22T11:33:39.355+0000] {processor.py:183} INFO - Processing /home/airflow/.local/lib/python3.12/site-packages/airflow/example_dags/example_complex.py took 0.452 seconds
[2024-09-22T11:34:12.231+0000] {processor.py:161} INFO - Started process (PID=1787) to work on /home/airflow/.local/lib/python3.12/site-packages/airflow/example_dags/example_complex.py
[2024-09-22T11:34:12.305+0000] {processor.py:830} INFO - Processing file /home/airflow/.local/lib/python3.12/site-packages/airflow/example_dags/example_complex.py for tasks to queue
[2024-09-22T11:34:12.307+0000] {logging_mixin.py:188} INFO - [2024-09-22T11:34:12.306+0000] {dagbag.py:545} INFO - Filling up the DagBag from /home/airflow/.local/lib/python3.12/site-packages/airflow/example_dags/example_complex.py
[2024-09-22T11:34:12.328+0000] {processor.py:840} INFO - DAG(s) 'example_complex' retrieved from /home/airflow/.local/lib/python3.12/site-packages/airflow/example_dags/example_complex.py
[2024-09-22T11:34:12.393+0000] {logging_mixin.py:188} INFO - [2024-09-22T11:34:12.393+0000] {dag.py:3089} INFO - Sync 1 DAGs
[2024-09-22T11:34:12.416+0000] {logging_mixin.py:188} INFO - [2024-09-22T11:34:12.415+0000] {dag.py:3947} INFO - Setting next_dagrun for example_complex to None, run_after=None
[2024-09-22T11:34:12.875+0000] {processor.py:183} INFO - Processing /home/airflow/.local/lib/python3.12/site-packages/airflow/example_dags/example_complex.py took 0.653 seconds
[2024-09-22T11:34:43.427+0000] {processor.py:161} INFO - Started process (PID=1850) to work on /home/airflow/.local/lib/python3.12/site-packages/airflow/example_dags/example_complex.py
[2024-09-22T11:34:43.429+0000] {processor.py:830} INFO - Processing file /home/airflow/.local/lib/python3.12/site-packages/airflow/example_dags/example_complex.py for tasks to queue
[2024-09-22T11:34:43.430+0000] {logging_mixin.py:188} INFO - [2024-09-22T11:34:43.430+0000] {dagbag.py:545} INFO - Filling up the DagBag from /home/airflow/.local/lib/python3.12/site-packages/airflow/example_dags/example_complex.py
[2024-09-22T11:34:43.460+0000] {processor.py:840} INFO - DAG(s) 'example_complex' retrieved from /home/airflow/.local/lib/python3.12/site-packages/airflow/example_dags/example_complex.py
[2024-09-22T11:34:43.553+0000] {logging_mixin.py:188} INFO - [2024-09-22T11:34:43.553+0000] {dag.py:3089} INFO - Sync 1 DAGs
[2024-09-22T11:34:43.622+0000] {logging_mixin.py:188} INFO - [2024-09-22T11:34:43.619+0000] {dag.py:3947} INFO - Setting next_dagrun for example_complex to None, run_after=None
[2024-09-22T11:34:44.093+0000] {processor.py:183} INFO - Processing /home/airflow/.local/lib/python3.12/site-packages/airflow/example_dags/example_complex.py took 0.674 seconds
[2024-09-22T11:35:15.564+0000] {processor.py:161} INFO - Started process (PID=1907) to work on /home/airflow/.local/lib/python3.12/site-packages/airflow/example_dags/example_complex.py
[2024-09-22T11:35:15.566+0000] {processor.py:830} INFO - Processing file /home/airflow/.local/lib/python3.12/site-packages/airflow/example_dags/example_complex.py for tasks to queue
[2024-09-22T11:35:15.568+0000] {logging_mixin.py:188} INFO - [2024-09-22T11:35:15.567+0000] {dagbag.py:545} INFO - Filling up the DagBag from /home/airflow/.local/lib/python3.12/site-packages/airflow/example_dags/example_complex.py
[2024-09-22T11:35:15.608+0000] {processor.py:840} INFO - DAG(s) 'example_complex' retrieved from /home/airflow/.local/lib/python3.12/site-packages/airflow/example_dags/example_complex.py
[2024-09-22T11:35:15.732+0000] {logging_mixin.py:188} INFO - [2024-09-22T11:35:15.732+0000] {dag.py:3089} INFO - Sync 1 DAGs
[2024-09-22T11:35:15.762+0000] {logging_mixin.py:188} INFO - [2024-09-22T11:35:15.762+0000] {dag.py:3947} INFO - Setting next_dagrun for example_complex to None, run_after=None
[2024-09-22T11:35:15.993+0000] {processor.py:183} INFO - Processing /home/airflow/.local/lib/python3.12/site-packages/airflow/example_dags/example_complex.py took 0.449 seconds
[2024-09-22T11:35:48.076+0000] {processor.py:161} INFO - Started process (PID=1968) to work on /home/airflow/.local/lib/python3.12/site-packages/airflow/example_dags/example_complex.py
[2024-09-22T11:35:48.156+0000] {processor.py:830} INFO - Processing file /home/airflow/.local/lib/python3.12/site-packages/airflow/example_dags/example_complex.py for tasks to queue
[2024-09-22T11:35:48.159+0000] {logging_mixin.py:188} INFO - [2024-09-22T11:35:48.158+0000] {dagbag.py:545} INFO - Filling up the DagBag from /home/airflow/.local/lib/python3.12/site-packages/airflow/example_dags/example_complex.py
[2024-09-22T11:35:48.189+0000] {processor.py:840} INFO - DAG(s) 'example_complex' retrieved from /home/airflow/.local/lib/python3.12/site-packages/airflow/example_dags/example_complex.py
[2024-09-22T11:35:48.813+0000] {logging_mixin.py:188} INFO - [2024-09-22T11:35:48.811+0000] {dag.py:3089} INFO - Sync 1 DAGs
[2024-09-22T11:35:49.300+0000] {logging_mixin.py:188} INFO - [2024-09-22T11:35:49.280+0000] {dag.py:3947} INFO - Setting next_dagrun for example_complex to None, run_after=None
[2024-09-22T11:35:49.916+0000] {processor.py:183} INFO - Processing /home/airflow/.local/lib/python3.12/site-packages/airflow/example_dags/example_complex.py took 1.850 seconds
[2024-09-22T11:41:15.538+0000] {processor.py:161} INFO - Started process (PID=2134) to work on /home/airflow/.local/lib/python3.12/site-packages/airflow/example_dags/example_complex.py
[2024-09-22T11:41:16.094+0000] {processor.py:830} INFO - Processing file /home/airflow/.local/lib/python3.12/site-packages/airflow/example_dags/example_complex.py for tasks to queue
[2024-09-22T11:41:16.096+0000] {logging_mixin.py:188} INFO - [2024-09-22T11:41:16.095+0000] {dagbag.py:545} INFO - Filling up the DagBag from /home/airflow/.local/lib/python3.12/site-packages/airflow/example_dags/example_complex.py
[2024-09-22T11:41:16.116+0000] {processor.py:840} INFO - DAG(s) 'example_complex' retrieved from /home/airflow/.local/lib/python3.12/site-packages/airflow/example_dags/example_complex.py
[2024-09-22T11:41:16.188+0000] {logging_mixin.py:188} INFO - [2024-09-22T11:41:16.188+0000] {dag.py:3089} INFO - Sync 1 DAGs
[2024-09-22T11:41:16.214+0000] {logging_mixin.py:188} INFO - [2024-09-22T11:41:16.214+0000] {dag.py:3947} INFO - Setting next_dagrun for example_complex to None, run_after=None
[2024-09-22T11:41:16.421+0000] {processor.py:183} INFO - Processing /home/airflow/.local/lib/python3.12/site-packages/airflow/example_dags/example_complex.py took 0.926 seconds
[2024-09-22T11:41:49.592+0000] {processor.py:161} INFO - Started process (PID=2210) to work on /home/airflow/.local/lib/python3.12/site-packages/airflow/example_dags/example_complex.py
[2024-09-22T11:41:49.691+0000] {processor.py:830} INFO - Processing file /home/airflow/.local/lib/python3.12/site-packages/airflow/example_dags/example_complex.py for tasks to queue
[2024-09-22T11:41:49.701+0000] {logging_mixin.py:188} INFO - [2024-09-22T11:41:49.692+0000] {dagbag.py:545} INFO - Filling up the DagBag from /home/airflow/.local/lib/python3.12/site-packages/airflow/example_dags/example_complex.py
[2024-09-22T11:41:51.274+0000] {processor.py:840} INFO - DAG(s) 'example_complex' retrieved from /home/airflow/.local/lib/python3.12/site-packages/airflow/example_dags/example_complex.py
[2024-09-22T11:41:52.308+0000] {logging_mixin.py:188} INFO - [2024-09-22T11:41:52.307+0000] {dag.py:3089} INFO - Sync 1 DAGs
[2024-09-22T11:41:52.360+0000] {logging_mixin.py:188} INFO - [2024-09-22T11:41:52.359+0000] {dag.py:3947} INFO - Setting next_dagrun for example_complex to None, run_after=None
[2024-09-22T11:41:52.782+0000] {processor.py:183} INFO - Processing /home/airflow/.local/lib/python3.12/site-packages/airflow/example_dags/example_complex.py took 3.286 seconds
[2024-09-22T11:42:24.409+0000] {processor.py:161} INFO - Started process (PID=2277) to work on /home/airflow/.local/lib/python3.12/site-packages/airflow/example_dags/example_complex.py
[2024-09-22T11:42:24.526+0000] {processor.py:830} INFO - Processing file /home/airflow/.local/lib/python3.12/site-packages/airflow/example_dags/example_complex.py for tasks to queue
[2024-09-22T11:42:24.527+0000] {logging_mixin.py:188} INFO - [2024-09-22T11:42:24.527+0000] {dagbag.py:545} INFO - Filling up the DagBag from /home/airflow/.local/lib/python3.12/site-packages/airflow/example_dags/example_complex.py
[2024-09-22T11:42:24.545+0000] {processor.py:840} INFO - DAG(s) 'example_complex' retrieved from /home/airflow/.local/lib/python3.12/site-packages/airflow/example_dags/example_complex.py
[2024-09-22T11:42:24.633+0000] {logging_mixin.py:188} INFO - [2024-09-22T11:42:24.633+0000] {dag.py:3089} INFO - Sync 1 DAGs
[2024-09-22T11:42:24.778+0000] {logging_mixin.py:188} INFO - [2024-09-22T11:42:24.777+0000] {dag.py:3947} INFO - Setting next_dagrun for example_complex to None, run_after=None
[2024-09-22T11:42:26.770+0000] {processor.py:183} INFO - Processing /home/airflow/.local/lib/python3.12/site-packages/airflow/example_dags/example_complex.py took 2.370 seconds
[2024-09-22T11:42:57.078+0000] {processor.py:161} INFO - Started process (PID=2362) to work on /home/airflow/.local/lib/python3.12/site-packages/airflow/example_dags/example_complex.py
[2024-09-22T11:42:57.603+0000] {processor.py:830} INFO - Processing file /home/airflow/.local/lib/python3.12/site-packages/airflow/example_dags/example_complex.py for tasks to queue
[2024-09-22T11:42:57.605+0000] {logging_mixin.py:188} INFO - [2024-09-22T11:42:57.604+0000] {dagbag.py:545} INFO - Filling up the DagBag from /home/airflow/.local/lib/python3.12/site-packages/airflow/example_dags/example_complex.py
[2024-09-22T11:42:57.637+0000] {processor.py:840} INFO - DAG(s) 'example_complex' retrieved from /home/airflow/.local/lib/python3.12/site-packages/airflow/example_dags/example_complex.py
[2024-09-22T11:42:57.774+0000] {logging_mixin.py:188} INFO - [2024-09-22T11:42:57.773+0000] {dag.py:3089} INFO - Sync 1 DAGs
[2024-09-22T11:42:57.814+0000] {logging_mixin.py:188} INFO - [2024-09-22T11:42:57.812+0000] {dag.py:3947} INFO - Setting next_dagrun for example_complex to None, run_after=None
[2024-09-22T11:42:58.046+0000] {processor.py:183} INFO - Processing /home/airflow/.local/lib/python3.12/site-packages/airflow/example_dags/example_complex.py took 0.999 seconds
[2024-09-22T11:43:28.703+0000] {processor.py:161} INFO - Started process (PID=2451) to work on /home/airflow/.local/lib/python3.12/site-packages/airflow/example_dags/example_complex.py
[2024-09-22T11:43:28.704+0000] {processor.py:830} INFO - Processing file /home/airflow/.local/lib/python3.12/site-packages/airflow/example_dags/example_complex.py for tasks to queue
[2024-09-22T11:43:28.706+0000] {logging_mixin.py:188} INFO - [2024-09-22T11:43:28.705+0000] {dagbag.py:545} INFO - Filling up the DagBag from /home/airflow/.local/lib/python3.12/site-packages/airflow/example_dags/example_complex.py
[2024-09-22T11:43:28.732+0000] {processor.py:840} INFO - DAG(s) 'example_complex' retrieved from /home/airflow/.local/lib/python3.12/site-packages/airflow/example_dags/example_complex.py
[2024-09-22T11:43:28.872+0000] {logging_mixin.py:188} INFO - [2024-09-22T11:43:28.872+0000] {dag.py:3089} INFO - Sync 1 DAGs
[2024-09-22T11:43:28.907+0000] {logging_mixin.py:188} INFO - [2024-09-22T11:43:28.907+0000] {dag.py:3947} INFO - Setting next_dagrun for example_complex to None, run_after=None
[2024-09-22T11:43:29.169+0000] {processor.py:183} INFO - Processing /home/airflow/.local/lib/python3.12/site-packages/airflow/example_dags/example_complex.py took 0.478 seconds
[2024-09-22T11:43:59.308+0000] {processor.py:161} INFO - Started process (PID=2539) to work on /home/airflow/.local/lib/python3.12/site-packages/airflow/example_dags/example_complex.py
[2024-09-22T11:43:59.309+0000] {processor.py:830} INFO - Processing file /home/airflow/.local/lib/python3.12/site-packages/airflow/example_dags/example_complex.py for tasks to queue
[2024-09-22T11:43:59.311+0000] {logging_mixin.py:188} INFO - [2024-09-22T11:43:59.310+0000] {dagbag.py:545} INFO - Filling up the DagBag from /home/airflow/.local/lib/python3.12/site-packages/airflow/example_dags/example_complex.py
[2024-09-22T11:43:59.350+0000] {processor.py:840} INFO - DAG(s) 'example_complex' retrieved from /home/airflow/.local/lib/python3.12/site-packages/airflow/example_dags/example_complex.py
[2024-09-22T11:43:59.530+0000] {logging_mixin.py:188} INFO - [2024-09-22T11:43:59.526+0000] {dag.py:3089} INFO - Sync 1 DAGs
[2024-09-22T11:43:59.570+0000] {logging_mixin.py:188} INFO - [2024-09-22T11:43:59.570+0000] {dag.py:3947} INFO - Setting next_dagrun for example_complex to None, run_after=None
[2024-09-22T11:43:59.751+0000] {processor.py:183} INFO - Processing /home/airflow/.local/lib/python3.12/site-packages/airflow/example_dags/example_complex.py took 0.459 seconds
                                                                                                                                                                                                                                                                                                                                                                                                                                                                                                                                                                                                                                                                                                                                                                                                                                                                                                                                                                                                                                                                                                                                                                                                                                                                                                                 