[2024-09-22T11:13:22.519+0000] {processor.py:161} INFO - Started process (PID=47) to work on /home/airflow/.local/lib/python3.12/site-packages/airflow/example_dags/example_nested_branch_dag.py
[2024-09-22T11:13:22.532+0000] {processor.py:830} INFO - Processing file /home/airflow/.local/lib/python3.12/site-packages/airflow/example_dags/example_nested_branch_dag.py for tasks to queue
[2024-09-22T11:13:22.541+0000] {logging_mixin.py:188} INFO - [2024-09-22T11:13:22.540+0000] {dagbag.py:545} INFO - Filling up the DagBag from /home/airflow/.local/lib/python3.12/site-packages/airflow/example_dags/example_nested_branch_dag.py
[2024-09-22T11:13:22.612+0000] {processor.py:840} INFO - DAG(s) 'example_nested_branch_dag' retrieved from /home/airflow/.local/lib/python3.12/site-packages/airflow/example_dags/example_nested_branch_dag.py
[2024-09-22T11:13:22.878+0000] {logging_mixin.py:188} INFO - [2024-09-22T11:13:22.877+0000] {dag.py:3089} INFO - Sync 1 DAGs
[2024-09-22T11:13:22.993+0000] {logging_mixin.py:188} INFO - [2024-09-22T11:13:22.991+0000] {dag.py:3947} INFO - Setting next_dagrun for example_nested_branch_dag to 2024-09-21 00:00:00+00:00, run_after=2024-09-22 00:00:00+00:00
[2024-09-22T11:13:23.194+0000] {processor.py:183} INFO - Processing /home/airflow/.local/lib/python3.12/site-packages/airflow/example_dags/example_nested_branch_dag.py took 0.710 seconds
[2024-09-22T11:15:10.641+0000] {processor.py:161} INFO - Started process (PID=43) to work on /home/airflow/.local/lib/python3.12/site-packages/airflow/example_dags/example_nested_branch_dag.py
[2024-09-22T11:15:10.661+0000] {processor.py:830} INFO - Processing file /home/airflow/.local/lib/python3.12/site-packages/airflow/example_dags/example_nested_branch_dag.py for tasks to queue
[2024-09-22T11:15:10.663+0000] {logging_mixin.py:188} INFO - [2024-09-22T11:15:10.663+0000] {dagbag.py:545} INFO - Filling up the DagBag from /home/airflow/.local/lib/python3.12/site-packages/airflow/example_dags/example_nested_branch_dag.py
[2024-09-22T11:15:10.685+0000] {processor.py:840} INFO - DAG(s) 'example_nested_branch_dag' retrieved from /home/airflow/.local/lib/python3.12/site-packages/airflow/example_dags/example_nested_branch_dag.py
[2024-09-22T11:15:10.765+0000] {logging_mixin.py:188} INFO - [2024-09-22T11:15:10.765+0000] {dag.py:3089} INFO - Sync 1 DAGs
[2024-09-22T11:15:10.830+0000] {logging_mixin.py:188} INFO - [2024-09-22T11:15:10.829+0000] {dag.py:3947} INFO - Setting next_dagrun for example_nested_branch_dag to 2024-09-22 00:00:00+00:00, run_after=2024-09-23 00:00:00+00:00
[2024-09-22T11:15:10.962+0000] {processor.py:183} INFO - Processing /home/airflow/.local/lib/python3.12/site-packages/airflow/example_dags/example_nested_branch_dag.py took 0.329 seconds
[2024-09-22T11:15:45.638+0000] {processor.py:161} INFO - Started process (PID=112) to work on /home/airflow/.local/lib/python3.12/site-packages/airflow/example_dags/example_nested_branch_dag.py
[2024-09-22T11:15:45.747+0000] {processor.py:830} INFO - Processing file /home/airflow/.local/lib/python3.12/site-packages/airflow/example_dags/example_nested_branch_dag.py for tasks to queue
[2024-09-22T11:15:45.750+0000] {logging_mixin.py:188} INFO - [2024-09-22T11:15:45.749+0000] {dagbag.py:545} INFO - Filling up the DagBag from /home/airflow/.local/lib/python3.12/site-packages/airflow/example_dags/example_nested_branch_dag.py
[2024-09-22T11:15:45.766+0000] {processor.py:840} INFO - DAG(s) 'example_nested_branch_dag' retrieved from /home/airflow/.local/lib/python3.12/site-packages/airflow/example_dags/example_nested_branch_dag.py
[2024-09-22T11:15:45.815+0000] {logging_mixin.py:188} INFO - [2024-09-22T11:15:45.814+0000] {dag.py:3089} INFO - Sync 1 DAGs
[2024-09-22T11:15:45.871+0000] {logging_mixin.py:188} INFO - [2024-09-22T11:15:45.871+0000] {dag.py:3947} INFO - Setting next_dagrun for example_nested_branch_dag to 2024-09-22 00:00:00+00:00, run_after=2024-09-23 00:00:00+00:00
[2024-09-22T11:15:46.084+0000] {processor.py:183} INFO - Processing /home/airflow/.local/lib/python3.12/site-packages/airflow/example_dags/example_nested_branch_dag.py took 0.454 seconds
[2024-09-22T11:16:25.191+0000] {processor.py:161} INFO - Started process (PID=169) to work on /home/airflow/.local/lib/python3.12/site-packages/airflow/example_dags/example_nested_branch_dag.py
[2024-09-22T11:16:25.493+0000] {processor.py:830} INFO - Processing file /home/airflow/.local/lib/python3.12/site-packages/airflow/example_dags/example_nested_branch_dag.py for tasks to queue
[2024-09-22T11:16:25.496+0000] {logging_mixin.py:188} INFO - [2024-09-22T11:16:25.496+0000] {dagbag.py:545} INFO - Filling up the DagBag from /home/airflow/.local/lib/python3.12/site-packages/airflow/example_dags/example_nested_branch_dag.py
[2024-09-22T11:16:25.516+0000] {processor.py:840} INFO - DAG(s) 'example_nested_branch_dag' retrieved from /home/airflow/.local/lib/python3.12/site-packages/airflow/example_dags/example_nested_branch_dag.py
[2024-09-22T11:16:25.568+0000] {logging_mixin.py:188} INFO - [2024-09-22T11:16:25.568+0000] {dag.py:3089} INFO - Sync 1 DAGs
[2024-09-22T11:16:25.617+0000] {logging_mixin.py:188} INFO - [2024-09-22T11:16:25.617+0000] {dag.py:3947} INFO - Setting next_dagrun for example_nested_branch_dag to 2024-09-22 00:00:00+00:00, run_after=2024-09-23 00:00:00+00:00
[2024-09-22T11:16:26.001+0000] {processor.py:183} INFO - Processing /home/airflow/.local/lib/python3.12/site-packages/airflow/example_dags/example_nested_branch_dag.py took 0.820 seconds
[2024-09-22T11:17:04.606+0000] {processor.py:161} INFO - Started process (PID=241) to work on /home/airflow/.local/lib/python3.12/site-packages/airflow/example_dags/example_nested_branch_dag.py
[2024-09-22T11:17:04.613+0000] {processor.py:830} INFO - Processing file /home/airflow/.local/lib/python3.12/site-packages/airflow/example_dags/example_nested_branch_dag.py for tasks to queue
[2024-09-22T11:17:04.622+0000] {logging_mixin.py:188} INFO - [2024-09-22T11:17:04.621+0000] {dagbag.py:545} INFO - Filling up the DagBag from /home/airflow/.local/lib/python3.12/site-packages/airflow/example_dags/example_nested_branch_dag.py
[2024-09-22T11:17:04.667+0000] {processor.py:840} INFO - DAG(s) 'example_nested_branch_dag' retrieved from /home/airflow/.local/lib/python3.12/site-packages/airflow/example_dags/example_nested_branch_dag.py
[2024-09-22T11:17:04.766+0000] {logging_mixin.py:188} INFO - [2024-09-22T11:17:04.766+0000] {dag.py:3089} INFO - Sync 1 DAGs
[2024-09-22T11:17:05.407+0000] {logging_mixin.py:188} INFO - [2024-09-22T11:17:05.407+0000] {dag.py:3947} INFO - Setting next_dagrun for example_nested_branch_dag to 2024-09-22 00:00:00+00:00, run_after=2024-09-23 00:00:00+00:00
[2024-09-22T11:17:05.852+0000] {processor.py:183} INFO - Processing /home/airflow/.local/lib/python3.12/site-packages/airflow/example_dags/example_nested_branch_dag.py took 1.277 seconds
[2024-09-22T11:17:45.716+0000] {processor.py:161} INFO - Started process (PID=312) to work on /home/airflow/.local/lib/python3.12/site-packages/airflow/example_dags/example_nested_branch_dag.py
[2024-09-22T11:17:45.896+0000] {processor.py:830} INFO - Processing file /home/airflow/.local/lib/python3.12/site-packages/airflow/example_dags/example_nested_branch_dag.py for tasks to queue
[2024-09-22T11:17:45.898+0000] {logging_mixin.py:188} INFO - [2024-09-22T11:17:45.897+0000] {dagbag.py:545} INFO - Filling up the DagBag from /home/airflow/.local/lib/python3.12/site-packages/airflow/example_dags/example_nested_branch_dag.py
[2024-09-22T11:17:45.944+0000] {processor.py:840} INFO - DAG(s) 'example_nested_branch_dag' retrieved from /home/airflow/.local/lib/python3.12/site-packages/airflow/example_dags/example_nested_branch_dag.py
[2024-09-22T11:17:46.063+0000] {logging_mixin.py:188} INFO - [2024-09-22T11:17:46.060+0000] {dag.py:3089} INFO - Sync 1 DAGs
[2024-09-22T11:17:46.179+0000] {logging_mixin.py:188} INFO - [2024-09-22T11:17:46.178+0000] {dag.py:3947} INFO - Setting next_dagrun for example_nested_branch_dag to 2024-09-22 00:00:00+00:00, run_after=2024-09-23 00:00:00+00:00
[2024-09-22T11:17:46.428+0000] {processor.py:183} INFO - Processing /home/airflow/.local/lib/python3.12/site-packages/airflow/example_dags/example_nested_branch_dag.py took 0.731 seconds
[2024-09-22T11:18:29.314+0000] {processor.py:161} INFO - Started process (PID=411) to work on /home/airflow/.local/lib/python3.12/site-packages/airflow/example_dags/example_nested_branch_dag.py
[2024-09-22T11:18:29.493+0000] {processor.py:830} INFO - Processing file /home/airflow/.local/lib/python3.12/site-packages/airflow/example_dags/example_nested_branch_dag.py for tasks to queue
[2024-09-22T11:18:29.495+0000] {logging_mixin.py:188} INFO - [2024-09-22T11:18:29.494+0000] {dagbag.py:545} INFO - Filling up the DagBag from /home/airflow/.local/lib/python3.12/site-packages/airflow/example_dags/example_nested_branch_dag.py
[2024-09-22T11:18:29.514+0000] {processor.py:840} INFO - DAG(s) 'example_nested_branch_dag' retrieved from /home/airflow/.local/lib/python3.12/site-packages/airflow/example_dags/example_nested_branch_dag.py
[2024-09-22T11:18:29.565+0000] {logging_mixin.py:188} INFO - [2024-09-22T11:18:29.564+0000] {dag.py:3089} INFO - Sync 1 DAGs
[2024-09-22T11:18:29.611+0000] {logging_mixin.py:188} INFO - [2024-09-22T11:18:29.610+0000] {dag.py:3947} INFO - Setting next_dagrun for example_nested_branch_dag to 2024-09-22 00:00:00+00:00, run_after=2024-09-23 00:00:00+00:00
[2024-09-22T11:18:29.826+0000] {processor.py:183} INFO - Processing /home/airflow/.local/lib/python3.12/site-packages/airflow/example_dags/example_nested_branch_dag.py took 0.527 seconds
[2024-09-22T11:19:11.652+0000] {processor.py:161} INFO - Started process (PID=501) to work on /home/airflow/.local/lib/python3.12/site-packages/airflow/example_dags/example_nested_branch_dag.py
[2024-09-22T11:19:11.787+0000] {processor.py:830} INFO - Processing file /home/airflow/.local/lib/python3.12/site-packages/airflow/example_dags/example_nested_branch_dag.py for tasks to queue
[2024-09-22T11:19:11.790+0000] {logging_mixin.py:188} INFO - [2024-09-22T11:19:11.789+0000] {dagbag.py:545} INFO - Filling up the DagBag from /home/airflow/.local/lib/python3.12/site-packages/airflow/example_dags/example_nested_branch_dag.py
[2024-09-22T11:19:11.824+0000] {processor.py:840} INFO - DAG(s) 'example_nested_branch_dag' retrieved from /home/airflow/.local/lib/python3.12/site-packages/airflow/example_dags/example_nested_branch_dag.py
[2024-09-22T11:19:11.971+0000] {logging_mixin.py:188} INFO - [2024-09-22T11:19:11.965+0000] {dag.py:3089} INFO - Sync 1 DAGs
[2024-09-22T11:19:12.174+0000] {logging_mixin.py:188} INFO - [2024-09-22T11:19:12.169+0000] {dag.py:3947} INFO - Setting next_dagrun for example_nested_branch_dag to 2024-09-22 00:00:00+00:00, run_after=2024-09-23 00:00:00+00:00
[2024-09-22T11:19:12.703+0000] {processor.py:183} INFO - Processing /home/airflow/.local/lib/python3.12/site-packages/airflow/example_dags/example_nested_branch_dag.py took 1.082 seconds
[2024-09-22T11:19:43.111+0000] {processor.py:161} INFO - Started process (PID=563) to work on /home/airflow/.local/lib/python3.12/site-packages/airflow/example_dags/example_nested_branch_dag.py
[2024-09-22T11:19:43.363+0000] {processor.py:830} INFO - Processing file /home/airflow/.local/lib/python3.12/site-packages/airflow/example_dags/example_nested_branch_dag.py for tasks to queue
[2024-09-22T11:19:43.365+0000] {logging_mixin.py:188} INFO - [2024-09-22T11:19:43.364+0000] {dagbag.py:545} INFO - Filling up the DagBag from /home/airflow/.local/lib/python3.12/site-packages/airflow/example_dags/example_nested_branch_dag.py
[2024-09-22T11:19:43.392+0000] {processor.py:840} INFO - DAG(s) 'example_nested_branch_dag' retrieved from /home/airflow/.local/lib/python3.12/site-packages/airflow/example_dags/example_nested_branch_dag.py
[2024-09-22T11:19:43.474+0000] {logging_mixin.py:188} INFO - [2024-09-22T11:19:43.474+0000] {dag.py:3089} INFO - Sync 1 DAGs
[2024-09-22T11:19:43.609+0000] {logging_mixin.py:188} INFO - [2024-09-22T11:19:43.609+0000] {dag.py:3947} INFO - Setting next_dagrun for example_nested_branch_dag to 2024-09-22 00:00:00+00:00, run_after=2024-09-23 00:00:00+00:00
[2024-09-22T11:19:43.956+0000] {processor.py:183} INFO - Processing /home/airflow/.local/lib/python3.12/site-packages/airflow/example_dags/example_nested_branch_dag.py took 0.867 seconds
[2024-09-22T11:20:23.671+0000] {processor.py:161} INFO - Started process (PID=645) to work on /home/airflow/.local/lib/python3.12/site-packages/airflow/example_dags/example_nested_branch_dag.py
[2024-09-22T11:20:23.979+0000] {processor.py:830} INFO - Processing file /home/airflow/.local/lib/python3.12/site-packages/airflow/example_dags/example_nested_branch_dag.py for tasks to queue
[2024-09-22T11:20:23.981+0000] {logging_mixin.py:188} INFO - [2024-09-22T11:20:23.980+0000] {dagbag.py:545} INFO - Filling up the DagBag from /home/airflow/.local/lib/python3.12/site-packages/airflow/example_dags/example_nested_branch_dag.py
[2024-09-22T11:20:24.017+0000] {processor.py:840} INFO - DAG(s) 'example_nested_branch_dag' retrieved from /home/airflow/.local/lib/python3.12/site-packages/airflow/example_dags/example_nested_branch_dag.py
[2024-09-22T11:20:24.098+0000] {logging_mixin.py:188} INFO - [2024-09-22T11:20:24.098+0000] {dag.py:3089} INFO - Sync 1 DAGs
[2024-09-22T11:20:24.189+0000] {logging_mixin.py:188} INFO - [2024-09-22T11:20:24.186+0000] {dag.py:3947} INFO - Setting next_dagrun for example_nested_branch_dag to 2024-09-22 00:00:00+00:00, run_after=2024-09-23 00:00:00+00:00
[2024-09-22T11:20:24.558+0000] {processor.py:183} INFO - Processing /home/airflow/.local/lib/python3.12/site-packages/airflow/example_dags/example_nested_branch_dag.py took 0.926 seconds
[2024-09-22T11:21:03.180+0000] {processor.py:161} INFO - Started process (PID=718) to work on /home/airflow/.local/lib/python3.12/site-packages/airflow/example_dags/example_nested_branch_dag.py
[2024-09-22T11:21:03.302+0000] {processor.py:830} INFO - Processing file /home/airflow/.local/lib/python3.12/site-packages/airflow/example_dags/example_nested_branch_dag.py for tasks to queue
[2024-09-22T11:21:03.304+0000] {logging_mixin.py:188} INFO - [2024-09-22T11:21:03.303+0000] {dagbag.py:545} INFO - Filling up the DagBag from /home/airflow/.local/lib/python3.12/site-packages/airflow/example_dags/example_nested_branch_dag.py
[2024-09-22T11:21:03.331+0000] {processor.py:840} INFO - DAG(s) 'example_nested_branch_dag' retrieved from /home/airflow/.local/lib/python3.12/site-packages/airflow/example_dags/example_nested_branch_dag.py
[2024-09-22T11:21:03.379+0000] {logging_mixin.py:188} INFO - [2024-09-22T11:21:03.379+0000] {dag.py:3089} INFO - Sync 1 DAGs
[2024-09-22T11:21:03.424+0000] {logging_mixin.py:188} INFO - [2024-09-22T11:21:03.423+0000] {dag.py:3947} INFO - Setting next_dagrun for example_nested_branch_dag to 2024-09-22 00:00:00+00:00, run_after=2024-09-23 00:00:00+00:00
[2024-09-22T11:21:04.034+0000] {processor.py:183} INFO - Processing /home/airflow/.local/lib/python3.12/site-packages/airflow/example_dags/example_nested_branch_dag.py took 0.875 seconds
[2024-09-22T11:21:41.241+0000] {processor.py:161} INFO - Started process (PID=772) to work on /home/airflow/.local/lib/python3.12/site-packages/airflow/example_dags/example_nested_branch_dag.py
[2024-09-22T11:21:41.340+0000] {processor.py:830} INFO - Processing file /home/airflow/.local/lib/python3.12/site-packages/airflow/example_dags/example_nested_branch_dag.py for tasks to queue
[2024-09-22T11:21:41.341+0000] {logging_mixin.py:188} INFO - [2024-09-22T11:21:41.340+0000] {dagbag.py:545} INFO - Filling up the DagBag from /home/airflow/.local/lib/python3.12/site-packages/airflow/example_dags/example_nested_branch_dag.py
[2024-09-22T11:21:41.369+0000] {processor.py:840} INFO - DAG(s) 'example_nested_branch_dag' retrieved from /home/airflow/.local/lib/python3.12/site-packages/airflow/example_dags/example_nested_branch_dag.py
[2024-09-22T11:21:41.418+0000] {logging_mixin.py:188} INFO - [2024-09-22T11:21:41.418+0000] {dag.py:3089} INFO - Sync 1 DAGs
[2024-09-22T11:21:41.469+0000] {logging_mixin.py:188} INFO - [2024-09-22T11:21:41.468+0000] {dag.py:3947} INFO - Setting next_dagrun for example_nested_branch_dag to 2024-09-22 00:00:00+00:00, run_after=2024-09-23 00:00:00+00:00
[2024-09-22T11:21:44.054+0000] {processor.py:183} INFO - Processing /home/airflow/.local/lib/python3.12/site-packages/airflow/example_dags/example_nested_branch_dag.py took 2.839 seconds
[2024-09-22T11:22:55.304+0000] {processor.py:161} INFO - Started process (PID=864) to work on /home/airflow/.local/lib/python3.12/site-packages/airflow/example_dags/example_nested_branch_dag.py
[2024-09-22T11:22:55.540+0000] {processor.py:830} INFO - Processing file /home/airflow/.local/lib/python3.12/site-packages/airflow/example_dags/example_nested_branch_dag.py for tasks to queue
[2024-09-22T11:22:55.541+0000] {logging_mixin.py:188} INFO - [2024-09-22T11:22:55.541+0000] {dagbag.py:545} INFO - Filling up the DagBag from /home/airflow/.local/lib/python3.12/site-packages/airflow/example_dags/example_nested_branch_dag.py
[2024-09-22T11:22:55.554+0000] {processor.py:840} INFO - DAG(s) 'example_nested_branch_dag' retrieved from /home/airflow/.local/lib/python3.12/site-packages/airflow/example_dags/example_nested_branch_dag.py
[2024-09-22T11:22:55.584+0000] {logging_mixin.py:188} INFO - [2024-09-22T11:22:55.584+0000] {dag.py:3089} INFO - Sync 1 DAGs
[2024-09-22T11:22:55.625+0000] {logging_mixin.py:188} INFO - [2024-09-22T11:22:55.625+0000] {dag.py:3947} INFO - Setting next_dagrun for example_nested_branch_dag to 2024-09-22 00:00:00+00:00, run_after=2024-09-23 00:00:00+00:00
[2024-09-22T11:22:56.617+0000] {processor.py:183} INFO - Processing /home/airflow/.local/lib/python3.12/site-packages/airflow/example_dags/example_nested_branch_dag.py took 1.325 seconds
[2024-09-22T11:23:58.818+0000] {processor.py:161} INFO - Started process (PID=930) to work on /home/airflow/.local/lib/python3.12/site-packages/airflow/example_dags/example_nested_branch_dag.py
[2024-09-22T11:23:59.283+0000] {processor.py:830} INFO - Processing file /home/airflow/.local/lib/python3.12/site-packages/airflow/example_dags/example_nested_branch_dag.py for tasks to queue
[2024-09-22T11:23:59.290+0000] {logging_mixin.py:188} INFO - [2024-09-22T11:23:59.287+0000] {dagbag.py:545} INFO - Filling up the DagBag from /home/airflow/.local/lib/python3.12/site-packages/airflow/example_dags/example_nested_branch_dag.py
[2024-09-22T11:23:59.608+0000] {processor.py:840} INFO - DAG(s) 'example_nested_branch_dag' retrieved from /home/airflow/.local/lib/python3.12/site-packages/airflow/example_dags/example_nested_branch_dag.py
[2024-09-22T11:23:59.737+0000] {logging_mixin.py:188} INFO - [2024-09-22T11:23:59.736+0000] {dag.py:3089} INFO - Sync 1 DAGs
[2024-09-22T11:23:59.829+0000] {logging_mixin.py:188} INFO - [2024-09-22T11:23:59.829+0000] {dag.py:3947} INFO - Setting next_dagrun for example_nested_branch_dag to 2024-09-22 00:00:00+00:00, run_after=2024-09-23 00:00:00+00:00
[2024-09-22T11:24:00.143+0000] {processor.py:183} INFO - Processing /home/airflow/.local/lib/python3.12/site-packages/airflow/example_dags/example_nested_branch_dag.py took 1.332 seconds
[2024-09-22T11:24:52.931+0000] {processor.py:161} INFO - Started process (PID=1000) to work on /home/airflow/.local/lib/python3.12/site-packages/airflow/example_dags/example_nested_branch_dag.py
[2024-09-22T11:24:53.049+0000] {processor.py:830} INFO - Processing file /home/airflow/.local/lib/python3.12/site-packages/airflow/example_dags/example_nested_branch_dag.py for tasks to queue
[2024-09-22T11:24:53.052+0000] {logging_mixin.py:188} INFO - [2024-09-22T11:24:53.051+0000] {dagbag.py:545} INFO - Filling up the DagBag from /home/airflow/.local/lib/python3.12/site-packages/airflow/example_dags/example_nested_branch_dag.py
[2024-09-22T11:24:53.067+0000] {processor.py:840} INFO - DAG(s) 'example_nested_branch_dag' retrieved from /home/airflow/.local/lib/python3.12/site-packages/airflow/example_dags/example_nested_branch_dag.py
[2024-09-22T11:24:53.100+0000] {logging_mixin.py:188} INFO - [2024-09-22T11:24:53.100+0000] {dag.py:3089} INFO - Sync 1 DAGs
[2024-09-22T11:24:53.141+0000] {logging_mixin.py:188} INFO - [2024-09-22T11:24:53.140+0000] {dag.py:3947} INFO - Setting next_dagrun for example_nested_branch_dag to 2024-09-22 00:00:00+00:00, run_after=2024-09-23 00:00:00+00:00
[2024-09-22T11:24:53.400+0000] {processor.py:183} INFO - Processing /home/airflow/.local/lib/python3.12/site-packages/airflow/example_dags/example_nested_branch_dag.py took 0.485 seconds
[2024-09-22T11:25:35.448+0000] {processor.py:161} INFO - Started process (PID=1040) to work on /home/airflow/.local/lib/python3.12/site-packages/airflow/example_dags/example_nested_branch_dag.py
[2024-09-22T11:25:35.654+0000] {processor.py:830} INFO - Processing file /home/airflow/.local/lib/python3.12/site-packages/airflow/example_dags/example_nested_branch_dag.py for tasks to queue
[2024-09-22T11:25:35.656+0000] {logging_mixin.py:188} INFO - [2024-09-22T11:25:35.655+0000] {dagbag.py:545} INFO - Filling up the DagBag from /home/airflow/.local/lib/python3.12/site-packages/airflow/example_dags/example_nested_branch_dag.py
[2024-09-22T11:25:35.686+0000] {processor.py:840} INFO - DAG(s) 'example_nested_branch_dag' retrieved from /home/airflow/.local/lib/python3.12/site-packages/airflow/example_dags/example_nested_branch_dag.py
[2024-09-22T11:25:35.734+0000] {logging_mixin.py:188} INFO - [2024-09-22T11:25:35.733+0000] {dag.py:3089} INFO - Sync 1 DAGs
[2024-09-22T11:25:35.800+0000] {logging_mixin.py:188} INFO - [2024-09-22T11:25:35.800+0000] {dag.py:3947} INFO - Setting next_dagrun for example_nested_branch_dag to 2024-09-22 00:00:00+00:00, run_after=2024-09-23 00:00:00+00:00
[2024-09-22T11:25:36.408+0000] {processor.py:183} INFO - Processing /home/airflow/.local/lib/python3.12/site-packages/airflow/example_dags/example_nested_branch_dag.py took 0.967 seconds
[2024-09-22T11:26:23.919+0000] {processor.py:161} INFO - Started process (PID=1078) to work on /home/airflow/.local/lib/python3.12/site-packages/airflow/example_dags/example_nested_branch_dag.py
[2024-09-22T11:26:24.944+0000] {processor.py:830} INFO - Processing file /home/airflow/.local/lib/python3.12/site-packages/airflow/example_dags/example_nested_branch_dag.py for tasks to queue
[2024-09-22T11:26:24.945+0000] {logging_mixin.py:188} INFO - [2024-09-22T11:26:24.945+0000] {dagbag.py:545} INFO - Filling up the DagBag from /home/airflow/.local/lib/python3.12/site-packages/airflow/example_dags/example_nested_branch_dag.py
[2024-09-22T11:26:25.852+0000] {processor.py:840} INFO - DAG(s) 'example_nested_branch_dag' retrieved from /home/airflow/.local/lib/python3.12/site-packages/airflow/example_dags/example_nested_branch_dag.py
[2024-09-22T11:26:25.893+0000] {logging_mixin.py:188} INFO - [2024-09-22T11:26:25.893+0000] {dag.py:3089} INFO - Sync 1 DAGs
[2024-09-22T11:26:25.935+0000] {logging_mixin.py:188} INFO - [2024-09-22T11:26:25.935+0000] {dag.py:3947} INFO - Setting next_dagrun for example_nested_branch_dag to 2024-09-22 00:00:00+00:00, run_after=2024-09-23 00:00:00+00:00
[2024-09-22T11:26:26.270+0000] {processor.py:183} INFO - Processing /home/airflow/.local/lib/python3.12/site-packages/airflow/example_dags/example_nested_branch_dag.py took 2.370 seconds
[2024-09-22T11:28:04.013+0000] {processor.py:161} INFO - Started process (PID=1150) to work on /home/airflow/.local/lib/python3.12/site-packages/airflow/example_dags/example_nested_branch_dag.py
[2024-09-22T11:28:04.106+0000] {processor.py:830} INFO - Processing file /home/airflow/.local/lib/python3.12/site-packages/airflow/example_dags/example_nested_branch_dag.py for tasks to queue
[2024-09-22T11:28:04.107+0000] {logging_mixin.py:188} INFO - [2024-09-22T11:28:04.106+0000] {dagbag.py:545} INFO - Filling up the DagBag from /home/airflow/.local/lib/python3.12/site-packages/airflow/example_dags/example_nested_branch_dag.py
[2024-09-22T11:28:04.125+0000] {processor.py:840} INFO - DAG(s) 'example_nested_branch_dag' retrieved from /home/airflow/.local/lib/python3.12/site-packages/airflow/example_dags/example_nested_branch_dag.py
[2024-09-22T11:28:04.164+0000] {logging_mixin.py:188} INFO - [2024-09-22T11:28:04.164+0000] {dag.py:3089} INFO - Sync 1 DAGs
[2024-09-22T11:28:04.211+0000] {logging_mixin.py:188} INFO - [2024-09-22T11:28:04.211+0000] {dag.py:3947} INFO - Setting next_dagrun for example_nested_branch_dag to 2024-09-22 00:00:00+00:00, run_after=2024-09-23 00:00:00+00:00
[2024-09-22T11:28:04.484+0000] {processor.py:183} INFO - Processing /home/airflow/.local/lib/python3.12/site-packages/airflow/example_dags/example_nested_branch_dag.py took 0.485 seconds
[2024-09-22T11:28:37.622+0000] {processor.py:161} INFO - Started process (PID=1218) to work on /home/airflow/.local/lib/python3.12/site-packages/airflow/example_dags/example_nested_branch_dag.py
[2024-09-22T11:28:37.741+0000] {processor.py:830} INFO - Processing file /home/airflow/.local/lib/python3.12/site-packages/airflow/example_dags/example_nested_branch_dag.py for tasks to queue
[2024-09-22T11:28:37.743+0000] {logging_mixin.py:188} INFO - [2024-09-22T11:28:37.742+0000] {dagbag.py:545} INFO - Filling up the DagBag from /home/airflow/.local/lib/python3.12/site-packages/airflow/example_dags/example_nested_branch_dag.py
[2024-09-22T11:28:37.780+0000] {processor.py:840} INFO - DAG(s) 'example_nested_branch_dag' retrieved from /home/airflow/.local/lib/python3.12/site-packages/airflow/example_dags/example_nested_branch_dag.py
[2024-09-22T11:28:37.821+0000] {logging_mixin.py:188} INFO - [2024-09-22T11:28:37.821+0000] {dag.py:3089} INFO - Sync 1 DAGs
[2024-09-22T11:28:37.865+0000] {logging_mixin.py:188} INFO - [2024-09-22T11:28:37.865+0000] {dag.py:3947} INFO - Setting next_dagrun for example_nested_branch_dag to 2024-09-22 00:00:00+00:00, run_after=2024-09-23 00:00:00+00:00
[2024-09-22T11:28:38.333+0000] {processor.py:183} INFO - Processing /home/airflow/.local/lib/python3.12/site-packages/airflow/example_dags/example_nested_branch_dag.py took 0.720 seconds
[2024-09-22T11:29:13.035+0000] {processor.py:161} INFO - Started process (PID=1285) to work on /home/airflow/.local/lib/python3.12/site-packages/airflow/example_dags/example_nested_branch_dag.py
[2024-09-22T11:29:13.117+0000] {processor.py:830} INFO - Processing file /home/airflow/.local/lib/python3.12/site-packages/airflow/example_dags/example_nested_branch_dag.py for tasks to queue
[2024-09-22T11:29:13.120+0000] {logging_mixin.py:188} INFO - [2024-09-22T11:29:13.119+0000] {dagbag.py:545} INFO - Filling up the DagBag from /home/airflow/.local/lib/python3.12/site-packages/airflow/example_dags/example_nested_branch_dag.py
[2024-09-22T11:29:13.153+0000] {processor.py:840} INFO - DAG(s) 'example_nested_branch_dag' retrieved from /home/airflow/.local/lib/python3.12/site-packages/airflow/example_dags/example_nested_branch_dag.py
[2024-09-22T11:29:13.217+0000] {logging_mixin.py:188} INFO - [2024-09-22T11:29:13.216+0000] {dag.py:3089} INFO - Sync 1 DAGs
[2024-09-22T11:29:13.293+0000] {logging_mixin.py:188} INFO - [2024-09-22T11:29:13.292+0000] {dag.py:3947} INFO - Setting next_dagrun for example_nested_branch_dag to 2024-09-22 00:00:00+00:00, run_after=2024-09-23 00:00:00+00:00
[2024-09-22T11:29:13.607+0000] {processor.py:183} INFO - Processing /home/airflow/.local/lib/python3.12/site-packages/airflow/example_dags/example_nested_branch_dag.py took 0.586 seconds
[2024-09-22T11:29:44.160+0000] {processor.py:161} INFO - Started process (PID=1347) to work on /home/airflow/.local/lib/python3.12/site-packages/airflow/example_dags/example_nested_branch_dag.py
[2024-09-22T11:29:44.180+0000] {processor.py:830} INFO - Processing file /home/airflow/.local/lib/python3.12/site-packages/airflow/example_dags/example_nested_branch_dag.py for tasks to queue
[2024-09-22T11:29:44.182+0000] {logging_mixin.py:188} INFO - [2024-09-22T11:29:44.181+0000] {dagbag.py:545} INFO - Filling up the DagBag from /home/airflow/.local/lib/python3.12/site-packages/airflow/example_dags/example_nested_branch_dag.py
[2024-09-22T11:29:44.210+0000] {processor.py:840} INFO - DAG(s) 'example_nested_branch_dag' retrieved from /home/airflow/.local/lib/python3.12/site-packages/airflow/example_dags/example_nested_branch_dag.py
[2024-09-22T11:29:44.279+0000] {logging_mixin.py:188} INFO - [2024-09-22T11:29:44.278+0000] {dag.py:3089} INFO - Sync 1 DAGs
[2024-09-22T11:29:44.345+0000] {logging_mixin.py:188} INFO - [2024-09-22T11:29:44.344+0000] {dag.py:3947} INFO - Setting next_dagrun for example_nested_branch_dag to 2024-09-22 00:00:00+00:00, run_after=2024-09-23 00:00:00+00:00
[2024-09-22T11:29:44.691+0000] {processor.py:183} INFO - Processing /home/airflow/.local/lib/python3.12/site-packages/airflow/example_dags/example_nested_branch_dag.py took 0.544 seconds
[2024-09-22T11:30:15.952+0000] {processor.py:161} INFO - Started process (PID=1410) to work on /home/airflow/.local/lib/python3.12/site-packages/airflow/example_dags/example_nested_branch_dag.py
[2024-09-22T11:30:15.986+0000] {processor.py:830} INFO - Processing file /home/airflow/.local/lib/python3.12/site-packages/airflow/example_dags/example_nested_branch_dag.py for tasks to queue
[2024-09-22T11:30:15.990+0000] {logging_mixin.py:188} INFO - [2024-09-22T11:30:15.987+0000] {dagbag.py:545} INFO - Filling up the DagBag from /home/airflow/.local/lib/python3.12/site-packages/airflow/example_dags/example_nested_branch_dag.py
[2024-09-22T11:30:16.036+0000] {processor.py:840} INFO - DAG(s) 'example_nested_branch_dag' retrieved from /home/airflow/.local/lib/python3.12/site-packages/airflow/example_dags/example_nested_branch_dag.py
[2024-09-22T11:30:16.110+0000] {logging_mixin.py:188} INFO - [2024-09-22T11:30:16.110+0000] {dag.py:3089} INFO - Sync 1 DAGs
[2024-09-22T11:30:16.186+0000] {logging_mixin.py:188} INFO - [2024-09-22T11:30:16.186+0000] {dag.py:3947} INFO - Setting next_dagrun for example_nested_branch_dag to 2024-09-22 00:00:00+00:00, run_after=2024-09-23 00:00:00+00:00
[2024-09-22T11:30:16.390+0000] {processor.py:183} INFO - Processing /home/airflow/.local/lib/python3.12/site-packages/airflow/example_dags/example_nested_branch_dag.py took 0.452 seconds
[2024-09-22T11:30:46.471+0000] {processor.py:161} INFO - Started process (PID=1480) to work on /home/airflow/.local/lib/python3.12/site-packages/airflow/example_dags/example_nested_branch_dag.py
[2024-09-22T11:30:46.472+0000] {processor.py:830} INFO - Processing file /home/airflow/.local/lib/python3.12/site-packages/airflow/example_dags/example_nested_branch_dag.py for tasks to queue
[2024-09-22T11:30:46.474+0000] {logging_mixin.py:188} INFO - [2024-09-22T11:30:46.473+0000] {dagbag.py:545} INFO - Filling up the DagBag from /home/airflow/.local/lib/python3.12/site-packages/airflow/example_dags/example_nested_branch_dag.py
[2024-09-22T11:30:46.490+0000] {processor.py:840} INFO - DAG(s) 'example_nested_branch_dag' retrieved from /home/airflow/.local/lib/python3.12/site-packages/airflow/example_dags/example_nested_branch_dag.py
[2024-09-22T11:30:46.524+0000] {logging_mixin.py:188} INFO - [2024-09-22T11:30:46.524+0000] {dag.py:3089} INFO - Sync 1 DAGs
[2024-09-22T11:30:46.565+0000] {logging_mixin.py:188} INFO - [2024-09-22T11:30:46.564+0000] {dag.py:3947} INFO - Setting next_dagrun for example_nested_branch_dag to 2024-09-22 00:00:00+00:00, run_after=2024-09-23 00:00:00+00:00
[2024-09-22T11:30:46.866+0000] {processor.py:183} INFO - Processing /home/airflow/.local/lib/python3.12/site-packages/airflow/example_dags/example_nested_branch_dag.py took 0.404 seconds
[2024-09-22T11:31:22.762+0000] {processor.py:161} INFO - Started process (PID=1541) to work on /home/airflow/.local/lib/python3.12/site-packages/airflow/example_dags/example_nested_branch_dag.py
[2024-09-22T11:31:23.199+0000] {processor.py:830} INFO - Processing file /home/airflow/.local/lib/python3.12/site-packages/airflow/example_dags/example_nested_branch_dag.py for tasks to queue
[2024-09-22T11:31:23.204+0000] {logging_mixin.py:188} INFO - [2024-09-22T11:31:23.202+0000] {dagbag.py:545} INFO - Filling up the DagBag from /home/airflow/.local/lib/python3.12/site-packages/airflow/example_dags/example_nested_branch_dag.py
[2024-09-22T11:31:27.748+0000] {processor.py:840} INFO - DAG(s) 'example_nested_branch_dag' retrieved from /home/airflow/.local/lib/python3.12/site-packages/airflow/example_dags/example_nested_branch_dag.py
[2024-09-22T11:31:29.698+0000] {logging_mixin.py:188} INFO - [2024-09-22T11:31:29.696+0000] {dag.py:3089} INFO - Sync 1 DAGs
[2024-09-22T11:31:30.408+0000] {logging_mixin.py:188} INFO - [2024-09-22T11:31:30.407+0000] {dag.py:3947} INFO - Setting next_dagrun for example_nested_branch_dag to 2024-09-22 00:00:00+00:00, run_after=2024-09-23 00:00:00+00:00
[2024-09-22T11:31:30.814+0000] {processor.py:183} INFO - Processing /home/airflow/.local/lib/python3.12/site-packages/airflow/example_dags/example_nested_branch_dag.py took 8.063 seconds
[2024-09-22T11:32:43.811+0000] {processor.py:161} INFO - Started process (PID=1618) to work on /home/airflow/.local/lib/python3.12/site-packages/airflow/example_dags/example_nested_branch_dag.py
[2024-09-22T11:32:44.080+0000] {processor.py:830} INFO - Processing file /home/airflow/.local/lib/python3.12/site-packages/airflow/example_dags/example_nested_branch_dag.py for tasks to queue
[2024-09-22T11:32:44.081+0000] {logging_mixin.py:188} INFO - [2024-09-22T11:32:44.081+0000] {dagbag.py:545} INFO - Filling up the DagBag from /home/airflow/.local/lib/python3.12/site-packages/airflow/example_dags/example_nested_branch_dag.py
[2024-09-22T11:32:45.342+0000] {processor.py:840} INFO - DAG(s) 'example_nested_branch_dag' retrieved from /home/airflow/.local/lib/python3.12/site-packages/airflow/example_dags/example_nested_branch_dag.py
[2024-09-22T11:32:45.383+0000] {logging_mixin.py:188} INFO - [2024-09-22T11:32:45.383+0000] {dag.py:3089} INFO - Sync 1 DAGs
[2024-09-22T11:32:45.420+0000] {logging_mixin.py:188} INFO - [2024-09-22T11:32:45.420+0000] {dag.py:3947} INFO - Setting next_dagrun for example_nested_branch_dag to 2024-09-22 00:00:00+00:00, run_after=2024-09-23 00:00:00+00:00
[2024-09-22T11:32:46.088+0000] {processor.py:183} INFO - Processing /home/airflow/.local/lib/python3.12/site-packages/airflow/example_dags/example_nested_branch_dag.py took 2.286 seconds
[2024-09-22T11:33:21.366+0000] {processor.py:161} INFO - Started process (PID=1689) to work on /home/airflow/.local/lib/python3.12/site-packages/airflow/example_dags/example_nested_branch_dag.py
[2024-09-22T11:33:21.450+0000] {processor.py:830} INFO - Processing file /home/airflow/.local/lib/python3.12/site-packages/airflow/example_dags/example_nested_branch_dag.py for tasks to queue
[2024-09-22T11:33:21.453+0000] {logging_mixin.py:188} INFO - [2024-09-22T11:33:21.452+0000] {dagbag.py:545} INFO - Filling up the DagBag from /home/airflow/.local/lib/python3.12/site-packages/airflow/example_dags/example_nested_branch_dag.py
[2024-09-22T11:33:21.481+0000] {processor.py:840} INFO - DAG(s) 'example_nested_branch_dag' retrieved from /home/airflow/.local/lib/python3.12/site-packages/airflow/example_dags/example_nested_branch_dag.py
[2024-09-22T11:33:21.534+0000] {logging_mixin.py:188} INFO - [2024-09-22T11:33:21.533+0000] {dag.py:3089} INFO - Sync 1 DAGs
[2024-09-22T11:33:21.593+0000] {logging_mixin.py:188} INFO - [2024-09-22T11:33:21.593+0000] {dag.py:3947} INFO - Setting next_dagrun for example_nested_branch_dag to 2024-09-22 00:00:00+00:00, run_after=2024-09-23 00:00:00+00:00
[2024-09-22T11:33:21.828+0000] {processor.py:183} INFO - Processing /home/airflow/.local/lib/python3.12/site-packages/airflow/example_dags/example_nested_branch_dag.py took 0.476 seconds
[2024-09-22T11:33:53.520+0000] {processor.py:161} INFO - Started process (PID=1753) to work on /home/airflow/.local/lib/python3.12/site-packages/airflow/example_dags/example_nested_branch_dag.py
[2024-09-22T11:33:53.522+0000] {processor.py:830} INFO - Processing file /home/airflow/.local/lib/python3.12/site-packages/airflow/example_dags/example_nested_branch_dag.py for tasks to queue
[2024-09-22T11:33:53.527+0000] {logging_mixin.py:188} INFO - [2024-09-22T11:33:53.526+0000] {dagbag.py:545} INFO - Filling up the DagBag from /home/airflow/.local/lib/python3.12/site-packages/airflow/example_dags/example_nested_branch_dag.py
[2024-09-22T11:33:53.599+0000] {processor.py:840} INFO - DAG(s) 'example_nested_branch_dag' retrieved from /home/airflow/.local/lib/python3.12/site-packages/airflow/example_dags/example_nested_branch_dag.py
[2024-09-22T11:33:53.682+0000] {logging_mixin.py:188} INFO - [2024-09-22T11:33:53.681+0000] {dag.py:3089} INFO - Sync 1 DAGs
[2024-09-22T11:33:53.867+0000] {logging_mixin.py:188} INFO - [2024-09-22T11:33:53.865+0000] {dag.py:3947} INFO - Setting next_dagrun for example_nested_branch_dag to 2024-09-22 00:00:00+00:00, run_after=2024-09-23 00:00:00+00:00
[2024-09-22T11:33:54.162+0000] {processor.py:183} INFO - Processing /home/airflow/.local/lib/python3.12/site-packages/airflow/example_dags/example_nested_branch_dag.py took 0.701 seconds
[2024-09-22T11:34:24.932+0000] {processor.py:161} INFO - Started process (PID=1815) to work on /home/airflow/.local/lib/python3.12/site-packages/airflow/example_dags/example_nested_branch_dag.py
[2024-09-22T11:34:25.054+0000] {processor.py:830} INFO - Processing file /home/airflow/.local/lib/python3.12/site-packages/airflow/example_dags/example_nested_branch_dag.py for tasks to queue
[2024-09-22T11:34:25.059+0000] {logging_mixin.py:188} INFO - [2024-09-22T11:34:25.056+0000] {dagbag.py:545} INFO - Filling up the DagBag from /home/airflow/.local/lib/python3.12/site-packages/airflow/example_dags/example_nested_branch_dag.py
[2024-09-22T11:34:25.082+0000] {processor.py:840} INFO - DAG(s) 'example_nested_branch_dag' retrieved from /home/airflow/.local/lib/python3.12/site-packages/airflow/example_dags/example_nested_branch_dag.py
[2024-09-22T11:34:25.115+0000] {logging_mixin.py:188} INFO - [2024-09-22T11:34:25.115+0000] {dag.py:3089} INFO - Sync 1 DAGs
[2024-09-22T11:34:25.151+0000] {logging_mixin.py:188} INFO - [2024-09-22T11:34:25.150+0000] {dag.py:3947} INFO - Setting next_dagrun for example_nested_branch_dag to 2024-09-22 00:00:00+00:00, run_after=2024-09-23 00:00:00+00:00
[2024-09-22T11:34:25.453+0000] {processor.py:183} INFO - Processing /home/airflow/.local/lib/python3.12/site-packages/airflow/example_dags/example_nested_branch_dag.py took 0.532 seconds
[2024-09-22T11:34:59.981+0000] {processor.py:161} INFO - Started process (PID=1882) to work on /home/airflow/.local/lib/python3.12/site-packages/airflow/example_dags/example_nested_branch_dag.py
[2024-09-22T11:35:00.148+0000] {processor.py:830} INFO - Processing file /home/airflow/.local/lib/python3.12/site-packages/airflow/example_dags/example_nested_branch_dag.py for tasks to queue
[2024-09-22T11:35:00.150+0000] {logging_mixin.py:188} INFO - [2024-09-22T11:35:00.149+0000] {dagbag.py:545} INFO - Filling up the DagBag from /home/airflow/.local/lib/python3.12/site-packages/airflow/example_dags/example_nested_branch_dag.py
[2024-09-22T11:35:00.168+0000] {processor.py:840} INFO - DAG(s) 'example_nested_branch_dag' retrieved from /home/airflow/.local/lib/python3.12/site-packages/airflow/example_dags/example_nested_branch_dag.py
[2024-09-22T11:35:00.203+0000] {logging_mixin.py:188} INFO - [2024-09-22T11:35:00.202+0000] {dag.py:3089} INFO - Sync 1 DAGs
[2024-09-22T11:35:00.240+0000] {logging_mixin.py:188} INFO - [2024-09-22T11:35:00.240+0000] {dag.py:3947} INFO - Setting next_dagrun for example_nested_branch_dag to 2024-09-22 00:00:00+00:00, run_after=2024-09-23 00:00:00+00:00
[2024-09-22T11:35:00.473+0000] {processor.py:183} INFO - Processing /home/airflow/.local/lib/python3.12/site-packages/airflow/example_dags/example_nested_branch_dag.py took 0.502 seconds
[2024-09-22T11:35:38.276+0000] {processor.py:161} INFO - Started process (PID=1945) to work on /home/airflow/.local/lib/python3.12/site-packages/airflow/example_dags/example_nested_branch_dag.py
[2024-09-22T11:35:38.345+0000] {processor.py:830} INFO - Processing file /home/airflow/.local/lib/python3.12/site-packages/airflow/example_dags/example_nested_branch_dag.py for tasks to queue
[2024-09-22T11:35:38.349+0000] {logging_mixin.py:188} INFO - [2024-09-22T11:35:38.347+0000] {dagbag.py:545} INFO - Filling up the DagBag from /home/airflow/.local/lib/python3.12/site-packages/airflow/example_dags/example_nested_branch_dag.py
[2024-09-22T11:35:38.368+0000] {processor.py:840} INFO - DAG(s) 'example_nested_branch_dag' retrieved from /home/airflow/.local/lib/python3.12/site-packages/airflow/example_dags/example_nested_branch_dag.py
[2024-09-22T11:35:38.413+0000] {logging_mixin.py:188} INFO - [2024-09-22T11:35:38.413+0000] {dag.py:3089} INFO - Sync 1 DAGs
[2024-09-22T11:35:38.475+0000] {logging_mixin.py:188} INFO - [2024-09-22T11:35:38.474+0000] {dag.py:3947} INFO - Setting next_dagrun for example_nested_branch_dag to 2024-09-22 00:00:00+00:00, run_after=2024-09-23 00:00:00+00:00
[2024-09-22T11:35:38.763+0000] {processor.py:183} INFO - Processing /home/airflow/.local/lib/python3.12/site-packages/airflow/example_dags/example_nested_branch_dag.py took 0.497 seconds
[2024-09-22T11:36:11.715+0000] {processor.py:161} INFO - Started process (PID=2018) to work on /home/airflow/.local/lib/python3.12/site-packages/airflow/example_dags/example_nested_branch_dag.py
[2024-09-22T11:36:11.723+0000] {processor.py:830} INFO - Processing file /home/airflow/.local/lib/python3.12/site-packages/airflow/example_dags/example_nested_branch_dag.py for tasks to queue
[2024-09-22T11:36:11.729+0000] {logging_mixin.py:188} INFO - [2024-09-22T11:36:11.728+0000] {dagbag.py:545} INFO - Filling up the DagBag from /home/airflow/.local/lib/python3.12/site-packages/airflow/example_dags/example_nested_branch_dag.py
[2024-09-22T11:36:11.772+0000] {processor.py:840} INFO - DAG(s) 'example_nested_branch_dag' retrieved from /home/airflow/.local/lib/python3.12/site-packages/airflow/example_dags/example_nested_branch_dag.py
[2024-09-22T11:36:11.814+0000] {logging_mixin.py:188} INFO - [2024-09-22T11:36:11.813+0000] {dag.py:3089} INFO - Sync 1 DAGs
[2024-09-22T11:36:12.345+0000] {logging_mixin.py:188} INFO - [2024-09-22T11:36:12.345+0000] {dag.py:3947} INFO - Setting next_dagrun for example_nested_branch_dag to 2024-09-22 00:00:00+00:00, run_after=2024-09-23 00:00:00+00:00
[2024-09-22T11:36:13.664+0000] {processor.py:183} INFO - Processing /home/airflow/.local/lib/python3.12/site-packages/airflow/example_dags/example_nested_branch_dag.py took 2.000 seconds
[2024-09-22T11:38:53.369+0000] {processor.py:161} INFO - Started process (PID=2081) to work on /home/airflow/.local/lib/python3.12/site-packages/airflow/example_dags/example_nested_branch_dag.py
[2024-09-22T11:38:53.458+0000] {processor.py:830} INFO - Processing file /home/airflow/.local/lib/python3.12/site-packages/airflow/example_dags/example_nested_branch_dag.py for tasks to queue
[2024-09-22T11:38:53.463+0000] {logging_mixin.py:188} INFO - [2024-09-22T11:38:53.461+0000] {dagbag.py:545} INFO - Filling up the DagBag from /home/airflow/.local/lib/python3.12/site-packages/airflow/example_dags/example_nested_branch_dag.py
[2024-09-22T11:38:55.005+0000] {processor.py:840} INFO - DAG(s) 'example_nested_branch_dag' retrieved from /home/airflow/.local/lib/python3.12/site-packages/airflow/example_dags/example_nested_branch_dag.py
[2024-09-22T11:38:55.349+0000] {logging_mixin.py:188} INFO - [2024-09-22T11:38:55.348+0000] {dag.py:3089} INFO - Sync 1 DAGs
[2024-09-22T11:38:55.442+0000] {logging_mixin.py:188} INFO - [2024-09-22T11:38:55.442+0000] {dag.py:3947} INFO - Setting next_dagrun for example_nested_branch_dag to 2024-09-22 00:00:00+00:00, run_after=2024-09-23 00:00:00+00:00
[2024-09-22T11:38:55.647+0000] {processor.py:183} INFO - Processing /home/airflow/.local/lib/python3.12/site-packages/airflow/example_dags/example_nested_branch_dag.py took 2.344 seconds
[2024-09-22T11:41:29.435+0000] {processor.py:161} INFO - Started process (PID=2177) to work on /home/airflow/.local/lib/python3.12/site-packages/airflow/example_dags/example_nested_branch_dag.py
[2024-09-22T11:41:29.529+0000] {processor.py:830} INFO - Processing file /home/airflow/.local/lib/python3.12/site-packages/airflow/example_dags/example_nested_branch_dag.py for tasks to queue
[2024-09-22T11:41:29.532+0000] {logging_mixin.py:188} INFO - [2024-09-22T11:41:29.532+0000] {dagbag.py:545} INFO - Filling up the DagBag from /home/airflow/.local/lib/python3.12/site-packages/airflow/example_dags/example_nested_branch_dag.py
[2024-09-22T11:41:29.556+0000] {processor.py:840} INFO - DAG(s) 'example_nested_branch_dag' retrieved from /home/airflow/.local/lib/python3.12/site-packages/airflow/example_dags/example_nested_branch_dag.py
[2024-09-22T11:41:29.600+0000] {logging_mixin.py:188} INFO - [2024-09-22T11:41:29.600+0000] {dag.py:3089} INFO - Sync 1 DAGs
[2024-09-22T11:41:29.666+0000] {logging_mixin.py:188} INFO - [2024-09-22T11:41:29.666+0000] {dag.py:3947} INFO - Setting next_dagrun for example_nested_branch_dag to 2024-09-22 00:00:00+00:00, run_after=2024-09-23 00:00:00+00:00
[2024-09-22T11:41:30.181+0000] {processor.py:183} INFO - Processing /home/airflow/.local/lib/python3.12/site-packages/airflow/example_dags/example_nested_branch_dag.py took 0.786 seconds
[2024-09-22T11:42:05.504+0000] {processor.py:161} INFO - Started process (PID=2244) to work on /home/airflow/.local/lib/python3.12/site-packages/airflow/example_dags/example_nested_branch_dag.py
[2024-09-22T11:42:05.575+0000] {processor.py:830} INFO - Processing file /home/airflow/.local/lib/python3.12/site-packages/airflow/example_dags/example_nested_branch_dag.py for tasks to queue
[2024-09-22T11:42:05.577+0000] {logging_mixin.py:188} INFO - [2024-09-22T11:42:05.576+0000] {dagbag.py:545} INFO - Filling up the DagBag from /home/airflow/.local/lib/python3.12/site-packages/airflow/example_dags/example_nested_branch_dag.py
[2024-09-22T11:42:05.598+0000] {processor.py:840} INFO - DAG(s) 'example_nested_branch_dag' retrieved from /home/airflow/.local/lib/python3.12/site-packages/airflow/example_dags/example_nested_branch_dag.py
[2024-09-22T11:42:05.666+0000] {logging_mixin.py:188} INFO - [2024-09-22T11:42:05.665+0000] {dag.py:3089} INFO - Sync 1 DAGs
[2024-09-22T11:42:05.715+0000] {logging_mixin.py:188} INFO - [2024-09-22T11:42:05.715+0000] {dag.py:3947} INFO - Setting next_dagrun for example_nested_branch_dag to 2024-09-22 00:00:00+00:00, run_after=2024-09-23 00:00:00+00:00
[2024-09-22T11:42:05.919+0000] {processor.py:183} INFO - Processing /home/airflow/.local/lib/python3.12/site-packages/airflow/example_dags/example_nested_branch_dag.py took 0.426 seconds
[2024-09-22T11:42:38.289+0000] {processor.py:161} INFO - Started process (PID=2319) to work on /home/airflow/.local/lib/python3.12/site-packages/airflow/example_dags/example_nested_branch_dag.py
[2024-09-22T11:42:38.579+0000] {processor.py:830} INFO - Processing file /home/airflow/.local/lib/python3.12/site-packages/airflow/example_dags/example_nested_branch_dag.py for tasks to queue
[2024-09-22T11:42:38.581+0000] {logging_mixin.py:188} INFO - [2024-09-22T11:42:38.580+0000] {dagbag.py:545} INFO - Filling up the DagBag from /home/airflow/.local/lib/python3.12/site-packages/airflow/example_dags/example_nested_branch_dag.py
[2024-09-22T11:42:38.628+0000] {processor.py:840} INFO - DAG(s) 'example_nested_branch_dag' retrieved from /home/airflow/.local/lib/python3.12/site-packages/airflow/example_dags/example_nested_branch_dag.py
[2024-09-22T11:42:38.739+0000] {logging_mixin.py:188} INFO - [2024-09-22T11:42:38.739+0000] {dag.py:3089} INFO - Sync 1 DAGs
[2024-09-22T11:42:38.797+0000] {logging_mixin.py:188} INFO - [2024-09-22T11:42:38.797+0000] {dag.py:3947} INFO - Setting next_dagrun for example_nested_branch_dag to 2024-09-22 00:00:00+00:00, run_after=2024-09-23 00:00:00+00:00
[2024-09-22T11:42:39.999+0000] {processor.py:183} INFO - Processing /home/airflow/.local/lib/python3.12/site-packages/airflow/example_dags/example_nested_branch_dag.py took 1.726 seconds
[2024-09-22T11:43:10.421+0000] {processor.py:161} INFO - Started process (PID=2410) to work on /home/airflow/.local/lib/python3.12/site-packages/airflow/example_dags/example_nested_branch_dag.py
[2024-09-22T11:43:10.433+0000] {processor.py:830} INFO - Processing file /home/airflow/.local/lib/python3.12/site-packages/airflow/example_dags/example_nested_branch_dag.py for tasks to queue
[2024-09-22T11:43:10.443+0000] {logging_mixin.py:188} INFO - [2024-09-22T11:43:10.442+0000] {dagbag.py:545} INFO - Filling up the DagBag from /home/airflow/.local/lib/python3.12/site-packages/airflow/example_dags/example_nested_branch_dag.py
[2024-09-22T11:43:10.512+0000] {processor.py:840} INFO - DAG(s) 'example_nested_branch_dag' retrieved from /home/airflow/.local/lib/python3.12/site-packages/airflow/example_dags/example_nested_branch_dag.py
[2024-09-22T11:43:10.893+0000] {logging_mixin.py:188} INFO - [2024-09-22T11:43:10.892+0000] {dag.py:3089} INFO - Sync 1 DAGs
[2024-09-22T11:43:11.046+0000] {logging_mixin.py:188} INFO - [2024-09-22T11:43:11.038+0000] {dag.py:3947} INFO - Setting next_dagrun for example_nested_branch_dag to 2024-09-22 00:00:00+00:00, run_after=2024-09-23 00:00:00+00:00
[2024-09-22T11:43:11.291+0000] {processor.py:183} INFO - Processing /home/airflow/.local/lib/python3.12/site-packages/airflow/example_dags/example_nested_branch_dag.py took 0.906 seconds
[2024-09-22T11:43:42.457+0000] {processor.py:161} INFO - Started process (PID=2497) to work on /home/airflow/.local/lib/python3.12/site-packages/airflow/example_dags/example_nested_branch_dag.py
[2024-09-22T11:43:42.458+0000] {processor.py:830} INFO - Processing file /home/airflow/.local/lib/python3.12/site-packages/airflow/example_dags/example_nested_branch_dag.py for tasks to queue
[2024-09-22T11:43:42.459+0000] {logging_mixin.py:188} INFO - [2024-09-22T11:43:42.459+0000] {dagbag.py:545} INFO - Filling up the DagBag from /home/airflow/.local/lib/python3.12/site-packages/airflow/example_dags/example_nested_branch_dag.py
[2024-09-22T11:43:42.485+0000] {processor.py:840} INFO - DAG(s) 'example_nested_branch_dag' retrieved from /home/airflow/.local/lib/python3.12/site-packages/airflow/example_dags/example_nested_branch_dag.py
[2024-09-22T11:43:42.529+0000] {logging_mixin.py:188} INFO - [2024-09-22T11:43:42.528+0000] {dag.py:3089} INFO - Sync 1 DAGs
[2024-09-22T11:43:42.603+0000] {logging_mixin.py:188} INFO - [2024-09-22T11:43:42.603+0000] {dag.py:3947} INFO - Setting next_dagrun for example_nested_branch_dag to 2024-09-22 00:00:00+00:00, run_after=2024-09-23 00:00:00+00:00
[2024-09-22T11:43:43.013+0000] {processor.py:183} INFO - Processing /home/airflow/.local/lib/python3.12/site-packages/airflow/example_dags/example_nested_branch_dag.py took 0.573 seconds
                                                                                                                                                                                                                                                                                                                                                                                                                                                                                                                                                                                                                                                                                                                                                                                                                                                                                                                                                                                                                                                                                                                                                                                                                                                                                                                                                                                                                                 