[2024-09-22T11:13:34.178+0000] {processor.py:161} INFO - Started process (PID=87) to work on /home/airflow/.local/lib/python3.12/site-packages/airflow/example_dags/example_python_decorator.py
[2024-09-22T11:13:34.188+0000] {processor.py:830} INFO - Processing file /home/airflow/.local/lib/python3.12/site-packages/airflow/example_dags/example_python_decorator.py for tasks to queue
[2024-09-22T11:13:34.201+0000] {logging_mixin.py:188} INFO - [2024-09-22T11:13:34.198+0000] {dagbag.py:545} INFO - Filling up the DagBag from /home/airflow/.local/lib/python3.12/site-packages/airflow/example_dags/example_python_decorator.py
[2024-09-22T11:13:34.305+0000] {processor.py:840} INFO - DAG(s) 'example_python_decorator' retrieved from /home/airflow/.local/lib/python3.12/site-packages/airflow/example_dags/example_python_decorator.py
[2024-09-22T11:13:34.616+0000] {logging_mixin.py:188} INFO - [2024-09-22T11:13:34.615+0000] {dag.py:3089} INFO - Sync 1 DAGs
[2024-09-22T11:13:36.443+0000] {logging_mixin.py:188} INFO - [2024-09-22T11:13:36.442+0000] {process_utils.py:263} INFO - Waiting up to 5 seconds for processes to exit...
[2024-09-22T11:13:36.696+0000] {logging_mixin.py:188} INFO - [2024-09-22T11:13:36.695+0000] {process_utils.py:263} INFO - Waiting up to 5 seconds for processes to exit...
[2024-09-22T11:15:20.439+0000] {processor.py:161} INFO - Started process (PID=82) to work on /home/airflow/.local/lib/python3.12/site-packages/airflow/example_dags/example_python_decorator.py
[2024-09-22T11:15:20.507+0000] {processor.py:830} INFO - Processing file /home/airflow/.local/lib/python3.12/site-packages/airflow/example_dags/example_python_decorator.py for tasks to queue
[2024-09-22T11:15:20.509+0000] {logging_mixin.py:188} INFO - [2024-09-22T11:15:20.509+0000] {dagbag.py:545} INFO - Filling up the DagBag from /home/airflow/.local/lib/python3.12/site-packages/airflow/example_dags/example_python_decorator.py
[2024-09-22T11:15:20.525+0000] {processor.py:840} INFO - DAG(s) 'example_python_decorator' retrieved from /home/airflow/.local/lib/python3.12/site-packages/airflow/example_dags/example_python_decorator.py
[2024-09-22T11:15:20.690+0000] {logging_mixin.py:188} INFO - [2024-09-22T11:15:20.689+0000] {dag.py:3089} INFO - Sync 1 DAGs
[2024-09-22T11:15:20.703+0000] {logging_mixin.py:188} INFO - [2024-09-22T11:15:20.703+0000] {dag.py:3947} INFO - Setting next_dagrun for example_python_decorator to None, run_after=None
[2024-09-22T11:15:20.987+0000] {processor.py:183} INFO - Processing /home/airflow/.local/lib/python3.12/site-packages/airflow/example_dags/example_python_decorator.py took 0.557 seconds
[2024-09-22T11:15:58.133+0000] {processor.py:161} INFO - Started process (PID=146) to work on /home/airflow/.local/lib/python3.12/site-packages/airflow/example_dags/example_python_decorator.py
[2024-09-22T11:15:58.244+0000] {processor.py:830} INFO - Processing file /home/airflow/.local/lib/python3.12/site-packages/airflow/example_dags/example_python_decorator.py for tasks to queue
[2024-09-22T11:15:58.248+0000] {logging_mixin.py:188} INFO - [2024-09-22T11:15:58.248+0000] {dagbag.py:545} INFO - Filling up the DagBag from /home/airflow/.local/lib/python3.12/site-packages/airflow/example_dags/example_python_decorator.py
[2024-09-22T11:15:58.266+0000] {processor.py:840} INFO - DAG(s) 'example_python_decorator' retrieved from /home/airflow/.local/lib/python3.12/site-packages/airflow/example_dags/example_python_decorator.py
[2024-09-22T11:15:58.304+0000] {logging_mixin.py:188} INFO - [2024-09-22T11:15:58.304+0000] {dag.py:3089} INFO - Sync 1 DAGs
[2024-09-22T11:15:58.329+0000] {logging_mixin.py:188} INFO - [2024-09-22T11:15:58.328+0000] {dag.py:3947} INFO - Setting next_dagrun for example_python_decorator to None, run_after=None
[2024-09-22T11:15:58.569+0000] {processor.py:183} INFO - Processing /home/airflow/.local/lib/python3.12/site-packages/airflow/example_dags/example_python_decorator.py took 0.448 seconds
[2024-09-22T11:16:47.969+0000] {processor.py:161} INFO - Started process (PID=204) to work on /home/airflow/.local/lib/python3.12/site-packages/airflow/example_dags/example_python_decorator.py
[2024-09-22T11:16:48.026+0000] {processor.py:830} INFO - Processing file /home/airflow/.local/lib/python3.12/site-packages/airflow/example_dags/example_python_decorator.py for tasks to queue
[2024-09-22T11:16:48.028+0000] {logging_mixin.py:188} INFO - [2024-09-22T11:16:48.028+0000] {dagbag.py:545} INFO - Filling up the DagBag from /home/airflow/.local/lib/python3.12/site-packages/airflow/example_dags/example_python_decorator.py
[2024-09-22T11:16:48.043+0000] {processor.py:840} INFO - DAG(s) 'example_python_decorator' retrieved from /home/airflow/.local/lib/python3.12/site-packages/airflow/example_dags/example_python_decorator.py
[2024-09-22T11:16:48.072+0000] {logging_mixin.py:188} INFO - [2024-09-22T11:16:48.072+0000] {dag.py:3089} INFO - Sync 1 DAGs
[2024-09-22T11:16:48.165+0000] {logging_mixin.py:188} INFO - [2024-09-22T11:16:48.165+0000] {dag.py:3947} INFO - Setting next_dagrun for example_python_decorator to None, run_after=None
[2024-09-22T11:16:48.561+0000] {processor.py:183} INFO - Processing /home/airflow/.local/lib/python3.12/site-packages/airflow/example_dags/example_python_decorator.py took 0.601 seconds
[2024-09-22T11:17:32.009+0000] {processor.py:161} INFO - Started process (PID=286) to work on /home/airflow/.local/lib/python3.12/site-packages/airflow/example_dags/example_python_decorator.py
[2024-09-22T11:17:32.016+0000] {processor.py:830} INFO - Processing file /home/airflow/.local/lib/python3.12/site-packages/airflow/example_dags/example_python_decorator.py for tasks to queue
[2024-09-22T11:17:32.017+0000] {logging_mixin.py:188} INFO - [2024-09-22T11:17:32.017+0000] {dagbag.py:545} INFO - Filling up the DagBag from /home/airflow/.local/lib/python3.12/site-packages/airflow/example_dags/example_python_decorator.py
[2024-09-22T11:17:32.074+0000] {processor.py:840} INFO - DAG(s) 'example_python_decorator' retrieved from /home/airflow/.local/lib/python3.12/site-packages/airflow/example_dags/example_python_decorator.py
[2024-09-22T11:17:32.156+0000] {logging_mixin.py:188} INFO - [2024-09-22T11:17:32.154+0000] {dag.py:3089} INFO - Sync 1 DAGs
[2024-09-22T11:17:32.216+0000] {logging_mixin.py:188} INFO - [2024-09-22T11:17:32.215+0000] {dag.py:3947} INFO - Setting next_dagrun for example_python_decorator to None, run_after=None
[2024-09-22T11:17:32.969+0000] {processor.py:183} INFO - Processing /home/airflow/.local/lib/python3.12/site-packages/airflow/example_dags/example_python_decorator.py took 1.000 seconds
[2024-09-22T11:18:03.442+0000] {processor.py:161} INFO - Started process (PID=370) to work on /home/airflow/.local/lib/python3.12/site-packages/airflow/example_dags/example_python_decorator.py
[2024-09-22T11:18:03.443+0000] {processor.py:830} INFO - Processing file /home/airflow/.local/lib/python3.12/site-packages/airflow/example_dags/example_python_decorator.py for tasks to queue
[2024-09-22T11:18:03.448+0000] {logging_mixin.py:188} INFO - [2024-09-22T11:18:03.447+0000] {dagbag.py:545} INFO - Filling up the DagBag from /home/airflow/.local/lib/python3.12/site-packages/airflow/example_dags/example_python_decorator.py
[2024-09-22T11:18:03.479+0000] {processor.py:840} INFO - DAG(s) 'example_python_decorator' retrieved from /home/airflow/.local/lib/python3.12/site-packages/airflow/example_dags/example_python_decorator.py
[2024-09-22T11:18:03.538+0000] {logging_mixin.py:188} INFO - [2024-09-22T11:18:03.537+0000] {dag.py:3089} INFO - Sync 1 DAGs
[2024-09-22T11:18:03.574+0000] {logging_mixin.py:188} INFO - [2024-09-22T11:18:03.573+0000] {dag.py:3947} INFO - Setting next_dagrun for example_python_decorator to None, run_after=None
[2024-09-22T11:18:03.879+0000] {processor.py:183} INFO - Processing /home/airflow/.local/lib/python3.12/site-packages/airflow/example_dags/example_python_decorator.py took 0.448 seconds
[2024-09-22T11:19:04.287+0000] {processor.py:161} INFO - Started process (PID=474) to work on /home/airflow/.local/lib/python3.12/site-packages/airflow/example_dags/example_python_decorator.py
[2024-09-22T11:19:04.333+0000] {processor.py:830} INFO - Processing file /home/airflow/.local/lib/python3.12/site-packages/airflow/example_dags/example_python_decorator.py for tasks to queue
[2024-09-22T11:19:04.335+0000] {logging_mixin.py:188} INFO - [2024-09-22T11:19:04.334+0000] {dagbag.py:545} INFO - Filling up the DagBag from /home/airflow/.local/lib/python3.12/site-packages/airflow/example_dags/example_python_decorator.py
[2024-09-22T11:19:04.419+0000] {processor.py:840} INFO - DAG(s) 'example_python_decorator' retrieved from /home/airflow/.local/lib/python3.12/site-packages/airflow/example_dags/example_python_decorator.py
[2024-09-22T11:19:04.497+0000] {logging_mixin.py:188} INFO - [2024-09-22T11:19:04.496+0000] {dag.py:3089} INFO - Sync 1 DAGs
[2024-09-22T11:19:04.534+0000] {logging_mixin.py:188} INFO - [2024-09-22T11:19:04.533+0000] {dag.py:3947} INFO - Setting next_dagrun for example_python_decorator to None, run_after=None
[2024-09-22T11:19:04.888+0000] {processor.py:183} INFO - Processing /home/airflow/.local/lib/python3.12/site-packages/airflow/example_dags/example_python_decorator.py took 0.642 seconds
[2024-09-22T11:19:37.255+0000] {processor.py:161} INFO - Started process (PID=546) to work on /home/airflow/.local/lib/python3.12/site-packages/airflow/example_dags/example_python_decorator.py
[2024-09-22T11:19:37.345+0000] {processor.py:830} INFO - Processing file /home/airflow/.local/lib/python3.12/site-packages/airflow/example_dags/example_python_decorator.py for tasks to queue
[2024-09-22T11:19:37.347+0000] {logging_mixin.py:188} INFO - [2024-09-22T11:19:37.346+0000] {dagbag.py:545} INFO - Filling up the DagBag from /home/airflow/.local/lib/python3.12/site-packages/airflow/example_dags/example_python_decorator.py
[2024-09-22T11:19:37.394+0000] {processor.py:840} INFO - DAG(s) 'example_python_decorator' retrieved from /home/airflow/.local/lib/python3.12/site-packages/airflow/example_dags/example_python_decorator.py
[2024-09-22T11:19:37.474+0000] {logging_mixin.py:188} INFO - [2024-09-22T11:19:37.474+0000] {dag.py:3089} INFO - Sync 1 DAGs
[2024-09-22T11:19:37.514+0000] {logging_mixin.py:188} INFO - [2024-09-22T11:19:37.514+0000] {dag.py:3947} INFO - Setting next_dagrun for example_python_decorator to None, run_after=None
[2024-09-22T11:19:38.010+0000] {processor.py:183} INFO - Processing /home/airflow/.local/lib/python3.12/site-packages/airflow/example_dags/example_python_decorator.py took 0.765 seconds
[2024-09-22T11:20:09.574+0000] {processor.py:161} INFO - Started process (PID=626) to work on /home/airflow/.local/lib/python3.12/site-packages/airflow/example_dags/example_python_decorator.py
[2024-09-22T11:20:09.733+0000] {processor.py:830} INFO - Processing file /home/airflow/.local/lib/python3.12/site-packages/airflow/example_dags/example_python_decorator.py for tasks to queue
[2024-09-22T11:20:09.735+0000] {logging_mixin.py:188} INFO - [2024-09-22T11:20:09.734+0000] {dagbag.py:545} INFO - Filling up the DagBag from /home/airflow/.local/lib/python3.12/site-packages/airflow/example_dags/example_python_decorator.py
[2024-09-22T11:20:10.029+0000] {processor.py:840} INFO - DAG(s) 'example_python_decorator' retrieved from /home/airflow/.local/lib/python3.12/site-packages/airflow/example_dags/example_python_decorator.py
[2024-09-22T11:20:10.219+0000] {logging_mixin.py:188} INFO - [2024-09-22T11:20:10.214+0000] {dag.py:3089} INFO - Sync 1 DAGs
[2024-09-22T11:20:10.374+0000] {logging_mixin.py:188} INFO - [2024-09-22T11:20:10.372+0000] {dag.py:3947} INFO - Setting next_dagrun for example_python_decorator to None, run_after=None
[2024-09-22T11:20:10.660+0000] {processor.py:183} INFO - Processing /home/airflow/.local/lib/python3.12/site-packages/airflow/example_dags/example_python_decorator.py took 1.124 seconds
[2024-09-22T11:20:58.615+0000] {processor.py:161} INFO - Started process (PID=703) to work on /home/airflow/.local/lib/python3.12/site-packages/airflow/example_dags/example_python_decorator.py
[2024-09-22T11:20:58.835+0000] {processor.py:830} INFO - Processing file /home/airflow/.local/lib/python3.12/site-packages/airflow/example_dags/example_python_decorator.py for tasks to queue
[2024-09-22T11:20:58.836+0000] {logging_mixin.py:188} INFO - [2024-09-22T11:20:58.836+0000] {dagbag.py:545} INFO - Filling up the DagBag from /home/airflow/.local/lib/python3.12/site-packages/airflow/example_dags/example_python_decorator.py
[2024-09-22T11:20:58.881+0000] {processor.py:840} INFO - DAG(s) 'example_python_decorator' retrieved from /home/airflow/.local/lib/python3.12/site-packages/airflow/example_dags/example_python_decorator.py
[2024-09-22T11:20:58.943+0000] {logging_mixin.py:188} INFO - [2024-09-22T11:20:58.943+0000] {dag.py:3089} INFO - Sync 1 DAGs
[2024-09-22T11:20:58.983+0000] {logging_mixin.py:188} INFO - [2024-09-22T11:20:58.982+0000] {dag.py:3947} INFO - Setting next_dagrun for example_python_decorator to None, run_after=None
[2024-09-22T11:20:59.180+0000] {processor.py:183} INFO - Processing /home/airflow/.local/lib/python3.12/site-packages/airflow/example_dags/example_python_decorator.py took 0.611 seconds
[2024-09-22T11:21:58.521+0000] {processor.py:161} INFO - Started process (PID=783) to work on /home/airflow/.local/lib/python3.12/site-packages/airflow/example_dags/example_python_decorator.py
[2024-09-22T11:21:59.371+0000] {processor.py:830} INFO - Processing file /home/airflow/.local/lib/python3.12/site-packages/airflow/example_dags/example_python_decorator.py for tasks to queue
[2024-09-22T11:21:59.372+0000] {logging_mixin.py:188} INFO - [2024-09-22T11:21:59.372+0000] {dagbag.py:545} INFO - Filling up the DagBag from /home/airflow/.local/lib/python3.12/site-packages/airflow/example_dags/example_python_decorator.py
[2024-09-22T11:21:59.396+0000] {processor.py:840} INFO - DAG(s) 'example_python_decorator' retrieved from /home/airflow/.local/lib/python3.12/site-packages/airflow/example_dags/example_python_decorator.py
[2024-09-22T11:21:59.434+0000] {logging_mixin.py:188} INFO - [2024-09-22T11:21:59.434+0000] {dag.py:3089} INFO - Sync 1 DAGs
[2024-09-22T11:22:00.044+0000] {logging_mixin.py:188} INFO - [2024-09-22T11:22:00.044+0000] {dag.py:3947} INFO - Setting next_dagrun for example_python_decorator to None, run_after=None
[2024-09-22T11:22:00.645+0000] {processor.py:183} INFO - Processing /home/airflow/.local/lib/python3.12/site-packages/airflow/example_dags/example_python_decorator.py took 2.134 seconds
[2024-09-22T11:22:58.597+0000] {processor.py:161} INFO - Started process (PID=869) to work on /home/airflow/.local/lib/python3.12/site-packages/airflow/example_dags/example_python_decorator.py
[2024-09-22T11:22:58.817+0000] {processor.py:830} INFO - Processing file /home/airflow/.local/lib/python3.12/site-packages/airflow/example_dags/example_python_decorator.py for tasks to queue
[2024-09-22T11:22:58.819+0000] {logging_mixin.py:188} INFO - [2024-09-22T11:22:58.819+0000] {dagbag.py:545} INFO - Filling up the DagBag from /home/airflow/.local/lib/python3.12/site-packages/airflow/example_dags/example_python_decorator.py
[2024-09-22T11:22:58.850+0000] {processor.py:840} INFO - DAG(s) 'example_python_decorator' retrieved from /home/airflow/.local/lib/python3.12/site-packages/airflow/example_dags/example_python_decorator.py
[2024-09-22T11:22:58.893+0000] {logging_mixin.py:188} INFO - [2024-09-22T11:22:58.892+0000] {dag.py:3089} INFO - Sync 1 DAGs
[2024-09-22T11:22:58.949+0000] {logging_mixin.py:188} INFO - [2024-09-22T11:22:58.949+0000] {dag.py:3947} INFO - Setting next_dagrun for example_python_decorator to None, run_after=None
[2024-09-22T11:22:59.221+0000] {processor.py:183} INFO - Processing /home/airflow/.local/lib/python3.12/site-packages/airflow/example_dags/example_python_decorator.py took 0.633 seconds
[2024-09-22T11:24:05.886+0000] {processor.py:161} INFO - Started process (PID=941) to work on /home/airflow/.local/lib/python3.12/site-packages/airflow/example_dags/example_python_decorator.py
[2024-09-22T11:24:06.250+0000] {processor.py:830} INFO - Processing file /home/airflow/.local/lib/python3.12/site-packages/airflow/example_dags/example_python_decorator.py for tasks to queue
[2024-09-22T11:24:06.252+0000] {logging_mixin.py:188} INFO - [2024-09-22T11:24:06.251+0000] {dagbag.py:545} INFO - Filling up the DagBag from /home/airflow/.local/lib/python3.12/site-packages/airflow/example_dags/example_python_decorator.py
[2024-09-22T11:24:06.480+0000] {processor.py:840} INFO - DAG(s) 'example_python_decorator' retrieved from /home/airflow/.local/lib/python3.12/site-packages/airflow/example_dags/example_python_decorator.py
[2024-09-22T11:24:06.515+0000] {logging_mixin.py:188} INFO - [2024-09-22T11:24:06.514+0000] {dag.py:3089} INFO - Sync 1 DAGs
[2024-09-22T11:24:06.530+0000] {logging_mixin.py:188} INFO - [2024-09-22T11:24:06.530+0000] {dag.py:3947} INFO - Setting next_dagrun for example_python_decorator to None, run_after=None
[2024-09-22T11:24:06.864+0000] {processor.py:183} INFO - Processing /home/airflow/.local/lib/python3.12/site-packages/airflow/example_dags/example_python_decorator.py took 0.987 seconds
[2024-09-22T11:24:58.104+0000] {processor.py:161} INFO - Started process (PID=1009) to work on /home/airflow/.local/lib/python3.12/site-packages/airflow/example_dags/example_python_decorator.py
[2024-09-22T11:24:58.614+0000] {processor.py:830} INFO - Processing file /home/airflow/.local/lib/python3.12/site-packages/airflow/example_dags/example_python_decorator.py for tasks to queue
[2024-09-22T11:24:58.617+0000] {logging_mixin.py:188} INFO - [2024-09-22T11:24:58.617+0000] {dagbag.py:545} INFO - Filling up the DagBag from /home/airflow/.local/lib/python3.12/site-packages/airflow/example_dags/example_python_decorator.py
[2024-09-22T11:24:58.641+0000] {processor.py:840} INFO - DAG(s) 'example_python_decorator' retrieved from /home/airflow/.local/lib/python3.12/site-packages/airflow/example_dags/example_python_decorator.py
[2024-09-22T11:24:58.675+0000] {logging_mixin.py:188} INFO - [2024-09-22T11:24:58.674+0000] {dag.py:3089} INFO - Sync 1 DAGs
[2024-09-22T11:24:58.692+0000] {logging_mixin.py:188} INFO - [2024-09-22T11:24:58.692+0000] {dag.py:3947} INFO - Setting next_dagrun for example_python_decorator to None, run_after=None
[2024-09-22T11:24:59.915+0000] {processor.py:183} INFO - Processing /home/airflow/.local/lib/python3.12/site-packages/airflow/example_dags/example_python_decorator.py took 1.819 seconds
[2024-09-22T11:25:39.916+0000] {processor.py:161} INFO - Started process (PID=1051) to work on /home/airflow/.local/lib/python3.12/site-packages/airflow/example_dags/example_python_decorator.py
[2024-09-22T11:25:40.001+0000] {processor.py:830} INFO - Processing file /home/airflow/.local/lib/python3.12/site-packages/airflow/example_dags/example_python_decorator.py for tasks to queue
[2024-09-22T11:25:40.010+0000] {logging_mixin.py:188} INFO - [2024-09-22T11:25:40.004+0000] {dagbag.py:545} INFO - Filling up the DagBag from /home/airflow/.local/lib/python3.12/site-packages/airflow/example_dags/example_python_decorator.py
[2024-09-22T11:25:40.062+0000] {processor.py:840} INFO - DAG(s) 'example_python_decorator' retrieved from /home/airflow/.local/lib/python3.12/site-packages/airflow/example_dags/example_python_decorator.py
[2024-09-22T11:25:40.139+0000] {logging_mixin.py:188} INFO - [2024-09-22T11:25:40.138+0000] {dag.py:3089} INFO - Sync 1 DAGs
[2024-09-22T11:25:40.254+0000] {logging_mixin.py:188} INFO - [2024-09-22T11:25:40.253+0000] {dag.py:3947} INFO - Setting next_dagrun for example_python_decorator to None, run_after=None
[2024-09-22T11:25:40.548+0000] {processor.py:183} INFO - Processing /home/airflow/.local/lib/python3.12/site-packages/airflow/example_dags/example_python_decorator.py took 0.642 seconds
[2024-09-22T11:27:12.634+0000] {processor.py:161} INFO - Started process (PID=1119) to work on /home/airflow/.local/lib/python3.12/site-packages/airflow/example_dags/example_python_decorator.py
[2024-09-22T11:27:13.477+0000] {processor.py:830} INFO - Processing file /home/airflow/.local/lib/python3.12/site-packages/airflow/example_dags/example_python_decorator.py for tasks to queue
[2024-09-22T11:27:13.479+0000] {logging_mixin.py:188} INFO - [2024-09-22T11:27:13.478+0000] {dagbag.py:545} INFO - Filling up the DagBag from /home/airflow/.local/lib/python3.12/site-packages/airflow/example_dags/example_python_decorator.py
[2024-09-22T11:27:13.513+0000] {processor.py:840} INFO - DAG(s) 'example_python_decorator' retrieved from /home/airflow/.local/lib/python3.12/site-packages/airflow/example_dags/example_python_decorator.py
[2024-09-22T11:27:13.555+0000] {logging_mixin.py:188} INFO - [2024-09-22T11:27:13.555+0000] {dag.py:3089} INFO - Sync 1 DAGs
[2024-09-22T11:27:13.581+0000] {logging_mixin.py:188} INFO - [2024-09-22T11:27:13.580+0000] {dag.py:3947} INFO - Setting next_dagrun for example_python_decorator to None, run_after=None
[2024-09-22T11:27:13.811+0000] {processor.py:183} INFO - Processing /home/airflow/.local/lib/python3.12/site-packages/airflow/example_dags/example_python_decorator.py took 1.187 seconds
[2024-09-22T11:28:27.902+0000] {processor.py:161} INFO - Started process (PID=1194) to work on /home/airflow/.local/lib/python3.12/site-packages/airflow/example_dags/example_python_decorator.py
[2024-09-22T11:28:28.118+0000] {processor.py:830} INFO - Processing file /home/airflow/.local/lib/python3.12/site-packages/airflow/example_dags/example_python_decorator.py for tasks to queue
[2024-09-22T11:28:28.120+0000] {logging_mixin.py:188} INFO - [2024-09-22T11:28:28.119+0000] {dagbag.py:545} INFO - Filling up the DagBag from /home/airflow/.local/lib/python3.12/site-packages/airflow/example_dags/example_python_decorator.py
[2024-09-22T11:28:28.143+0000] {processor.py:840} INFO - DAG(s) 'example_python_decorator' retrieved from /home/airflow/.local/lib/python3.12/site-packages/airflow/example_dags/example_python_decorator.py
[2024-09-22T11:28:28.217+0000] {logging_mixin.py:188} INFO - [2024-09-22T11:28:28.217+0000] {dag.py:3089} INFO - Sync 1 DAGs
[2024-09-22T11:28:28.246+0000] {logging_mixin.py:188} INFO - [2024-09-22T11:28:28.246+0000] {dag.py:3947} INFO - Setting next_dagrun for example_python_decorator to None, run_after=None
[2024-09-22T11:28:28.580+0000] {processor.py:183} INFO - Processing /home/airflow/.local/lib/python3.12/site-packages/airflow/example_dags/example_python_decorator.py took 0.693 seconds
[2024-09-22T11:29:06.597+0000] {processor.py:161} INFO - Started process (PID=1268) to work on /home/airflow/.local/lib/python3.12/site-packages/airflow/example_dags/example_python_decorator.py
[2024-09-22T11:29:06.750+0000] {processor.py:830} INFO - Processing file /home/airflow/.local/lib/python3.12/site-packages/airflow/example_dags/example_python_decorator.py for tasks to queue
[2024-09-22T11:29:06.751+0000] {logging_mixin.py:188} INFO - [2024-09-22T11:29:06.751+0000] {dagbag.py:545} INFO - Filling up the DagBag from /home/airflow/.local/lib/python3.12/site-packages/airflow/example_dags/example_python_decorator.py
[2024-09-22T11:29:06.820+0000] {processor.py:840} INFO - DAG(s) 'example_python_decorator' retrieved from /home/airflow/.local/lib/python3.12/site-packages/airflow/example_dags/example_python_decorator.py
[2024-09-22T11:29:06.863+0000] {logging_mixin.py:188} INFO - [2024-09-22T11:29:06.862+0000] {dag.py:3089} INFO - Sync 1 DAGs
[2024-09-22T11:29:06.889+0000] {logging_mixin.py:188} INFO - [2024-09-22T11:29:06.889+0000] {dag.py:3947} INFO - Setting next_dagrun for example_python_decorator to None, run_after=None
[2024-09-22T11:29:07.175+0000] {processor.py:183} INFO - Processing /home/airflow/.local/lib/python3.12/site-packages/airflow/example_dags/example_python_decorator.py took 0.596 seconds
[2024-09-22T11:29:38.314+0000] {processor.py:161} INFO - Started process (PID=1334) to work on /home/airflow/.local/lib/python3.12/site-packages/airflow/example_dags/example_python_decorator.py
[2024-09-22T11:29:38.427+0000] {processor.py:830} INFO - Processing file /home/airflow/.local/lib/python3.12/site-packages/airflow/example_dags/example_python_decorator.py for tasks to queue
[2024-09-22T11:29:38.429+0000] {logging_mixin.py:188} INFO - [2024-09-22T11:29:38.428+0000] {dagbag.py:545} INFO - Filling up the DagBag from /home/airflow/.local/lib/python3.12/site-packages/airflow/example_dags/example_python_decorator.py
[2024-09-22T11:29:38.451+0000] {processor.py:840} INFO - DAG(s) 'example_python_decorator' retrieved from /home/airflow/.local/lib/python3.12/site-packages/airflow/example_dags/example_python_decorator.py
[2024-09-22T11:29:38.482+0000] {logging_mixin.py:188} INFO - [2024-09-22T11:29:38.482+0000] {dag.py:3089} INFO - Sync 1 DAGs
[2024-09-22T11:29:38.500+0000] {logging_mixin.py:188} INFO - [2024-09-22T11:29:38.500+0000] {dag.py:3947} INFO - Setting next_dagrun for example_python_decorator to None, run_after=None
[2024-09-22T11:29:38.782+0000] {processor.py:183} INFO - Processing /home/airflow/.local/lib/python3.12/site-packages/airflow/example_dags/example_python_decorator.py took 0.478 seconds
[2024-09-22T11:30:10.392+0000] {processor.py:161} INFO - Started process (PID=1393) to work on /home/airflow/.local/lib/python3.12/site-packages/airflow/example_dags/example_python_decorator.py
[2024-09-22T11:30:10.426+0000] {processor.py:830} INFO - Processing file /home/airflow/.local/lib/python3.12/site-packages/airflow/example_dags/example_python_decorator.py for tasks to queue
[2024-09-22T11:30:10.427+0000] {logging_mixin.py:188} INFO - [2024-09-22T11:30:10.427+0000] {dagbag.py:545} INFO - Filling up the DagBag from /home/airflow/.local/lib/python3.12/site-packages/airflow/example_dags/example_python_decorator.py
[2024-09-22T11:30:10.483+0000] {processor.py:840} INFO - DAG(s) 'example_python_decorator' retrieved from /home/airflow/.local/lib/python3.12/site-packages/airflow/example_dags/example_python_decorator.py
[2024-09-22T11:30:10.579+0000] {logging_mixin.py:188} INFO - [2024-09-22T11:30:10.578+0000] {dag.py:3089} INFO - Sync 1 DAGs
[2024-09-22T11:30:10.605+0000] {logging_mixin.py:188} INFO - [2024-09-22T11:30:10.604+0000] {dag.py:3947} INFO - Setting next_dagrun for example_python_decorator to None, run_after=None
[2024-09-22T11:30:10.791+0000] {processor.py:183} INFO - Processing /home/airflow/.local/lib/python3.12/site-packages/airflow/example_dags/example_python_decorator.py took 0.413 seconds
[2024-09-22T11:30:43.053+0000] {processor.py:161} INFO - Started process (PID=1467) to work on /home/airflow/.local/lib/python3.12/site-packages/airflow/example_dags/example_python_decorator.py
[2024-09-22T11:30:43.054+0000] {processor.py:830} INFO - Processing file /home/airflow/.local/lib/python3.12/site-packages/airflow/example_dags/example_python_decorator.py for tasks to queue
[2024-09-22T11:30:43.056+0000] {logging_mixin.py:188} INFO - [2024-09-22T11:30:43.055+0000] {dagbag.py:545} INFO - Filling up the DagBag from /home/airflow/.local/lib/python3.12/site-packages/airflow/example_dags/example_python_decorator.py
[2024-09-22T11:30:43.072+0000] {processor.py:840} INFO - DAG(s) 'example_python_decorator' retrieved from /home/airflow/.local/lib/python3.12/site-packages/airflow/example_dags/example_python_decorator.py
[2024-09-22T11:30:43.107+0000] {logging_mixin.py:188} INFO - [2024-09-22T11:30:43.106+0000] {dag.py:3089} INFO - Sync 1 DAGs
[2024-09-22T11:30:43.129+0000] {logging_mixin.py:188} INFO - [2024-09-22T11:30:43.129+0000] {dag.py:3947} INFO - Setting next_dagrun for example_python_decorator to None, run_after=None
[2024-09-22T11:30:43.316+0000] {processor.py:183} INFO - Processing /home/airflow/.local/lib/python3.12/site-packages/airflow/example_dags/example_python_decorator.py took 0.270 seconds
[2024-09-22T11:31:18.819+0000] {processor.py:161} INFO - Started process (PID=1527) to work on /home/airflow/.local/lib/python3.12/site-packages/airflow/example_dags/example_python_decorator.py
[2024-09-22T11:31:18.912+0000] {processor.py:830} INFO - Processing file /home/airflow/.local/lib/python3.12/site-packages/airflow/example_dags/example_python_decorator.py for tasks to queue
[2024-09-22T11:31:18.915+0000] {logging_mixin.py:188} INFO - [2024-09-22T11:31:18.913+0000] {dagbag.py:545} INFO - Filling up the DagBag from /home/airflow/.local/lib/python3.12/site-packages/airflow/example_dags/example_python_decorator.py
[2024-09-22T11:31:18.968+0000] {processor.py:840} INFO - DAG(s) 'example_python_decorator' retrieved from /home/airflow/.local/lib/python3.12/site-packages/airflow/example_dags/example_python_decorator.py
[2024-09-22T11:31:19.047+0000] {logging_mixin.py:188} INFO - [2024-09-22T11:31:19.046+0000] {dag.py:3089} INFO - Sync 1 DAGs
[2024-09-22T11:31:19.075+0000] {logging_mixin.py:188} INFO - [2024-09-22T11:31:19.074+0000] {dag.py:3947} INFO - Setting next_dagrun for example_python_decorator to None, run_after=None
[2024-09-22T11:31:19.381+0000] {processor.py:183} INFO - Processing /home/airflow/.local/lib/python3.12/site-packages/airflow/example_dags/example_python_decorator.py took 0.589 seconds
[2024-09-22T11:33:00.993+0000] {processor.py:161} INFO - Started process (PID=1650) to work on /home/airflow/.local/lib/python3.12/site-packages/airflow/example_dags/example_python_decorator.py
[2024-09-22T11:33:01.212+0000] {processor.py:830} INFO - Processing file /home/airflow/.local/lib/python3.12/site-packages/airflow/example_dags/example_python_decorator.py for tasks to queue
[2024-09-22T11:33:01.214+0000] {logging_mixin.py:188} INFO - [2024-09-22T11:33:01.213+0000] {dagbag.py:545} INFO - Filling up the DagBag from /home/airflow/.local/lib/python3.12/site-packages/airflow/example_dags/example_python_decorator.py
[2024-09-22T11:33:01.240+0000] {processor.py:840} INFO - DAG(s) 'example_python_decorator' retrieved from /home/airflow/.local/lib/python3.12/site-packages/airflow/example_dags/example_python_decorator.py
[2024-09-22T11:33:01.282+0000] {logging_mixin.py:188} INFO - [2024-09-22T11:33:01.281+0000] {dag.py:3089} INFO - Sync 1 DAGs
[2024-09-22T11:33:01.305+0000] {logging_mixin.py:188} INFO - [2024-09-22T11:33:01.305+0000] {dag.py:3947} INFO - Setting next_dagrun for example_python_decorator to None, run_after=None
[2024-09-22T11:33:01.894+0000] {processor.py:183} INFO - Processing /home/airflow/.local/lib/python3.12/site-packages/airflow/example_dags/example_python_decorator.py took 0.915 seconds
[2024-09-22T11:33:40.320+0000] {processor.py:161} INFO - Started process (PID=1720) to work on /home/airflow/.local/lib/python3.12/site-packages/airflow/example_dags/example_python_decorator.py
[2024-09-22T11:33:40.451+0000] {processor.py:830} INFO - Processing file /home/airflow/.local/lib/python3.12/site-packages/airflow/example_dags/example_python_decorator.py for tasks to queue
[2024-09-22T11:33:40.453+0000] {logging_mixin.py:188} INFO - [2024-09-22T11:33:40.452+0000] {dagbag.py:545} INFO - Filling up the DagBag from /home/airflow/.local/lib/python3.12/site-packages/airflow/example_dags/example_python_decorator.py
[2024-09-22T11:33:40.484+0000] {processor.py:840} INFO - DAG(s) 'example_python_decorator' retrieved from /home/airflow/.local/lib/python3.12/site-packages/airflow/example_dags/example_python_decorator.py
[2024-09-22T11:33:40.529+0000] {logging_mixin.py:188} INFO - [2024-09-22T11:33:40.528+0000] {dag.py:3089} INFO - Sync 1 DAGs
[2024-09-22T11:33:40.553+0000] {logging_mixin.py:188} INFO - [2024-09-22T11:33:40.552+0000] {dag.py:3947} INFO - Setting next_dagrun for example_python_decorator to None, run_after=None
[2024-09-22T11:33:41.024+0000] {processor.py:183} INFO - Processing /home/airflow/.local/lib/python3.12/site-packages/airflow/example_dags/example_python_decorator.py took 0.718 seconds
[2024-09-22T11:34:15.160+0000] {processor.py:161} INFO - Started process (PID=1792) to work on /home/airflow/.local/lib/python3.12/site-packages/airflow/example_dags/example_python_decorator.py
[2024-09-22T11:34:15.295+0000] {processor.py:830} INFO - Processing file /home/airflow/.local/lib/python3.12/site-packages/airflow/example_dags/example_python_decorator.py for tasks to queue
[2024-09-22T11:34:15.296+0000] {logging_mixin.py:188} INFO - [2024-09-22T11:34:15.296+0000] {dagbag.py:545} INFO - Filling up the DagBag from /home/airflow/.local/lib/python3.12/site-packages/airflow/example_dags/example_python_decorator.py
[2024-09-22T11:34:15.330+0000] {processor.py:840} INFO - DAG(s) 'example_python_decorator' retrieved from /home/airflow/.local/lib/python3.12/site-packages/airflow/example_dags/example_python_decorator.py
[2024-09-22T11:34:15.388+0000] {logging_mixin.py:188} INFO - [2024-09-22T11:34:15.387+0000] {dag.py:3089} INFO - Sync 1 DAGs
[2024-09-22T11:34:15.420+0000] {logging_mixin.py:188} INFO - [2024-09-22T11:34:15.420+0000] {dag.py:3947} INFO - Setting next_dagrun for example_python_decorator to None, run_after=None
[2024-09-22T11:34:15.966+0000] {processor.py:183} INFO - Processing /home/airflow/.local/lib/python3.12/site-packages/airflow/example_dags/example_python_decorator.py took 0.817 seconds
[2024-09-22T11:34:46.628+0000] {processor.py:161} INFO - Started process (PID=1855) to work on /home/airflow/.local/lib/python3.12/site-packages/airflow/example_dags/example_python_decorator.py
[2024-09-22T11:34:46.629+0000] {processor.py:830} INFO - Processing file /home/airflow/.local/lib/python3.12/site-packages/airflow/example_dags/example_python_decorator.py for tasks to queue
[2024-09-22T11:34:46.630+0000] {logging_mixin.py:188} INFO - [2024-09-22T11:34:46.630+0000] {dagbag.py:545} INFO - Filling up the DagBag from /home/airflow/.local/lib/python3.12/site-packages/airflow/example_dags/example_python_decorator.py
[2024-09-22T11:34:46.653+0000] {processor.py:840} INFO - DAG(s) 'example_python_decorator' retrieved from /home/airflow/.local/lib/python3.12/site-packages/airflow/example_dags/example_python_decorator.py
[2024-09-22T11:34:46.701+0000] {logging_mixin.py:188} INFO - [2024-09-22T11:34:46.700+0000] {dag.py:3089} INFO - Sync 1 DAGs
[2024-09-22T11:34:46.726+0000] {logging_mixin.py:188} INFO - [2024-09-22T11:34:46.726+0000] {dag.py:3947} INFO - Setting next_dagrun for example_python_decorator to None, run_after=None
[2024-09-22T11:34:46.944+0000] {processor.py:183} INFO - Processing /home/airflow/.local/lib/python3.12/site-packages/airflow/example_dags/example_python_decorator.py took 0.327 seconds
[2024-09-22T11:35:17.641+0000] {processor.py:161} INFO - Started process (PID=1913) to work on /home/airflow/.local/lib/python3.12/site-packages/airflow/example_dags/example_python_decorator.py
[2024-09-22T11:35:17.802+0000] {processor.py:830} INFO - Processing file /home/airflow/.local/lib/python3.12/site-packages/airflow/example_dags/example_python_decorator.py for tasks to queue
[2024-09-22T11:35:17.803+0000] {logging_mixin.py:188} INFO - [2024-09-22T11:35:17.802+0000] {dagbag.py:545} INFO - Filling up the DagBag from /home/airflow/.local/lib/python3.12/site-packages/airflow/example_dags/example_python_decorator.py
[2024-09-22T11:35:17.823+0000] {processor.py:840} INFO - DAG(s) 'example_python_decorator' retrieved from /home/airflow/.local/lib/python3.12/site-packages/airflow/example_dags/example_python_decorator.py
[2024-09-22T11:35:17.864+0000] {logging_mixin.py:188} INFO - [2024-09-22T11:35:17.864+0000] {dag.py:3089} INFO - Sync 1 DAGs
[2024-09-22T11:35:17.887+0000] {logging_mixin.py:188} INFO - [2024-09-22T11:35:17.887+0000] {dag.py:3947} INFO - Setting next_dagrun for example_python_decorator to None, run_after=None
[2024-09-22T11:35:18.113+0000] {processor.py:183} INFO - Processing /home/airflow/.local/lib/python3.12/site-packages/airflow/example_dags/example_python_decorator.py took 0.480 seconds
[2024-09-22T11:35:52.655+0000] {processor.py:161} INFO - Started process (PID=1979) to work on /home/airflow/.local/lib/python3.12/site-packages/airflow/example_dags/example_python_decorator.py
[2024-09-22T11:35:52.736+0000] {processor.py:830} INFO - Processing file /home/airflow/.local/lib/python3.12/site-packages/airflow/example_dags/example_python_decorator.py for tasks to queue
[2024-09-22T11:35:52.738+0000] {logging_mixin.py:188} INFO - [2024-09-22T11:35:52.737+0000] {dagbag.py:545} INFO - Filling up the DagBag from /home/airflow/.local/lib/python3.12/site-packages/airflow/example_dags/example_python_decorator.py
[2024-09-22T11:35:52.758+0000] {processor.py:840} INFO - DAG(s) 'example_python_decorator' retrieved from /home/airflow/.local/lib/python3.12/site-packages/airflow/example_dags/example_python_decorator.py
[2024-09-22T11:35:52.788+0000] {logging_mixin.py:188} INFO - [2024-09-22T11:35:52.787+0000] {dag.py:3089} INFO - Sync 1 DAGs
[2024-09-22T11:35:52.804+0000] {logging_mixin.py:188} INFO - [2024-09-22T11:35:52.804+0000] {dag.py:3947} INFO - Setting next_dagrun for example_python_decorator to None, run_after=None
[2024-09-22T11:35:53.072+0000] {processor.py:183} INFO - Processing /home/airflow/.local/lib/python3.12/site-packages/airflow/example_dags/example_python_decorator.py took 0.438 seconds
[2024-09-22T11:41:18.128+0000] {processor.py:161} INFO - Started process (PID=2144) to work on /home/airflow/.local/lib/python3.12/site-packages/airflow/example_dags/example_python_decorator.py
[2024-09-22T11:41:18.252+0000] {processor.py:830} INFO - Processing file /home/airflow/.local/lib/python3.12/site-packages/airflow/example_dags/example_python_decorator.py for tasks to queue
[2024-09-22T11:41:18.254+0000] {logging_mixin.py:188} INFO - [2024-09-22T11:41:18.254+0000] {dagbag.py:545} INFO - Filling up the DagBag from /home/airflow/.local/lib/python3.12/site-packages/airflow/example_dags/example_python_decorator.py
[2024-09-22T11:41:18.279+0000] {processor.py:840} INFO - DAG(s) 'example_python_decorator' retrieved from /home/airflow/.local/lib/python3.12/site-packages/airflow/example_dags/example_python_decorator.py
[2024-09-22T11:41:18.336+0000] {logging_mixin.py:188} INFO - [2024-09-22T11:41:18.335+0000] {dag.py:3089} INFO - Sync 1 DAGs
[2024-09-22T11:41:18.358+0000] {logging_mixin.py:188} INFO - [2024-09-22T11:41:18.358+0000] {dag.py:3947} INFO - Setting next_dagrun for example_python_decorator to None, run_after=None
[2024-09-22T11:41:18.680+0000] {processor.py:183} INFO - Processing /home/airflow/.local/lib/python3.12/site-packages/airflow/example_dags/example_python_decorator.py took 0.561 seconds
[2024-09-22T11:41:55.994+0000] {processor.py:161} INFO - Started process (PID=2216) to work on /home/airflow/.local/lib/python3.12/site-packages/airflow/example_dags/example_python_decorator.py
[2024-09-22T11:41:56.043+0000] {processor.py:830} INFO - Processing file /home/airflow/.local/lib/python3.12/site-packages/airflow/example_dags/example_python_decorator.py for tasks to queue
[2024-09-22T11:41:56.045+0000] {logging_mixin.py:188} INFO - [2024-09-22T11:41:56.044+0000] {dagbag.py:545} INFO - Filling up the DagBag from /home/airflow/.local/lib/python3.12/site-packages/airflow/example_dags/example_python_decorator.py
[2024-09-22T11:41:56.087+0000] {processor.py:840} INFO - DAG(s) 'example_python_decorator' retrieved from /home/airflow/.local/lib/python3.12/site-packages/airflow/example_dags/example_python_decorator.py
[2024-09-22T11:41:56.164+0000] {logging_mixin.py:188} INFO - [2024-09-22T11:41:56.164+0000] {dag.py:3089} INFO - Sync 1 DAGs
[2024-09-22T11:41:56.209+0000] {logging_mixin.py:188} INFO - [2024-09-22T11:41:56.208+0000] {dag.py:3947} INFO - Setting next_dagrun for example_python_decorator to None, run_after=None
[2024-09-22T11:41:56.854+0000] {processor.py:183} INFO - Processing /home/airflow/.local/lib/python3.12/site-packages/airflow/example_dags/example_python_decorator.py took 0.874 seconds
[2024-09-22T11:42:28.120+0000] {processor.py:161} INFO - Started process (PID=2287) to work on /home/airflow/.local/lib/python3.12/site-packages/airflow/example_dags/example_python_decorator.py
[2024-09-22T11:42:28.138+0000] {processor.py:830} INFO - Processing file /home/airflow/.local/lib/python3.12/site-packages/airflow/example_dags/example_python_decorator.py for tasks to queue
[2024-09-22T11:42:28.140+0000] {logging_mixin.py:188} INFO - [2024-09-22T11:42:28.139+0000] {dagbag.py:545} INFO - Filling up the DagBag from /home/airflow/.local/lib/python3.12/site-packages/airflow/example_dags/example_python_decorator.py
[2024-09-22T11:42:28.222+0000] {processor.py:840} INFO - DAG(s) 'example_python_decorator' retrieved from /home/airflow/.local/lib/python3.12/site-packages/airflow/example_dags/example_python_decorator.py
[2024-09-22T11:42:28.314+0000] {logging_mixin.py:188} INFO - [2024-09-22T11:42:28.313+0000] {dag.py:3089} INFO - Sync 1 DAGs
[2024-09-22T11:42:28.344+0000] {logging_mixin.py:188} INFO - [2024-09-22T11:42:28.344+0000] {dag.py:3947} INFO - Setting next_dagrun for example_python_decorator to None, run_after=None
[2024-09-22T11:42:28.999+0000] {processor.py:183} INFO - Processing /home/airflow/.local/lib/python3.12/site-packages/airflow/example_dags/example_python_decorator.py took 0.892 seconds
[2024-09-22T11:42:59.845+0000] {processor.py:161} INFO - Started process (PID=2372) to work on /home/airflow/.local/lib/python3.12/site-packages/airflow/example_dags/example_python_decorator.py
[2024-09-22T11:42:59.847+0000] {processor.py:830} INFO - Processing file /home/airflow/.local/lib/python3.12/site-packages/airflow/example_dags/example_python_decorator.py for tasks to queue
[2024-09-22T11:42:59.849+0000] {logging_mixin.py:188} INFO - [2024-09-22T11:42:59.848+0000] {dagbag.py:545} INFO - Filling up the DagBag from /home/airflow/.local/lib/python3.12/site-packages/airflow/example_dags/example_python_decorator.py
[2024-09-22T11:42:59.887+0000] {processor.py:840} INFO - DAG(s) 'example_python_decorator' retrieved from /home/airflow/.local/lib/python3.12/site-packages/airflow/example_dags/example_python_decorator.py
[2024-09-22T11:42:59.944+0000] {logging_mixin.py:188} INFO - [2024-09-22T11:42:59.944+0000] {dag.py:3089} INFO - Sync 1 DAGs
[2024-09-22T11:43:00.011+0000] {logging_mixin.py:188} INFO - [2024-09-22T11:43:00.011+0000] {dag.py:3947} INFO - Setting next_dagrun for example_python_decorator to None, run_after=None
[2024-09-22T11:43:00.328+0000] {processor.py:183} INFO - Processing /home/airflow/.local/lib/python3.12/site-packages/airflow/example_dags/example_python_decorator.py took 0.502 seconds
[2024-09-22T11:43:30.793+0000] {processor.py:161} INFO - Started process (PID=2459) to work on /home/airflow/.local/lib/python3.12/site-packages/airflow/example_dags/example_python_decorator.py
[2024-09-22T11:43:30.794+0000] {processor.py:830} INFO - Processing file /home/airflow/.local/lib/python3.12/site-packages/airflow/example_dags/example_python_decorator.py for tasks to queue
[2024-09-22T11:43:30.796+0000] {logging_mixin.py:188} INFO - [2024-09-22T11:43:30.795+0000] {dagbag.py:545} INFO - Filling up the DagBag from /home/airflow/.local/lib/python3.12/site-packages/airflow/example_dags/example_python_decorator.py
[2024-09-22T11:43:30.835+0000] {processor.py:840} INFO - DAG(s) 'example_python_decorator' retrieved from /home/airflow/.local/lib/python3.12/site-packages/airflow/example_dags/example_python_decorator.py
[2024-09-22T11:43:30.906+0000] {logging_mixin.py:188} INFO - [2024-09-22T11:43:30.906+0000] {dag.py:3089} INFO - Sync 1 DAGs
[2024-09-22T11:43:30.945+0000] {logging_mixin.py:188} INFO - [2024-09-22T11:43:30.945+0000] {dag.py:3947} INFO - Setting next_dagrun for example_python_decorator to None, run_after=None
[2024-09-22T11:43:32.008+0000] {processor.py:183} INFO - Processing /home/airflow/.local/lib/python3.12/site-packages/airflow/example_dags/example_python_decorator.py took 1.239 seconds
[2024-09-22T11:44:02.155+0000] {processor.py:161} INFO - Started process (PID=2544) to work on /home/airflow/.local/lib/python3.12/site-packages/airflow/example_dags/example_python_decorator.py
[2024-09-22T11:44:02.269+0000] {processor.py:830} INFO - Processing file /home/airflow/.local/lib/python3.12/site-packages/airflow/example_dags/example_python_decorator.py for tasks to queue
[2024-09-22T11:44:02.271+0000] {logging_mixin.py:188} INFO - [2024-09-22T11:44:02.270+0000] {dagbag.py:545} INFO - Filling up the DagBag from /home/airflow/.local/lib/python3.12/site-packages/airflow/example_dags/example_python_decorator.py
[2024-09-22T11:44:02.312+0000] {processor.py:840} INFO - DAG(s) 'example_python_decorator' retrieved from /home/airflow/.local/lib/python3.12/site-packages/airflow/example_dags/example_python_decorator.py
[2024-09-22T11:44:02.373+0000] {logging_mixin.py:188} INFO - [2024-09-22T11:44:02.372+0000] {dag.py:3089} INFO - Sync 1 DAGs
[2024-09-22T11:44:02.415+0000] {logging_mixin.py:188} INFO - [2024-09-22T11:44:02.415+0000] {dag.py:3947} INFO - Setting next_dagrun for example_python_decorator to None, run_after=None
[2024-09-22T11:44:02.577+0000] {processor.py:183} INFO - Processing /home/airflow/.local/lib/python3.12/site-packages/airflow/example_dags/example_python_decorator.py took 0.438 seconds
                                                                                                                                                                                                                                                                                                                                                                                                                                                                                                                                                                                                                                                                                                                                                                                                                                                                                                                                                                                                                                                                                                                                                                                                                                                                                                                                                                                