[2024-09-22T11:13:23.233+0000] {processor.py:161} INFO - Started process (PID=48) to work on /home/airflow/.local/lib/python3.12/site-packages/airflow/example_dags/example_trigger_target_dag.py
[2024-09-22T11:13:23.234+0000] {processor.py:830} INFO - Processing file /home/airflow/.local/lib/python3.12/site-packages/airflow/example_dags/example_trigger_target_dag.py for tasks to queue
[2024-09-22T11:13:23.237+0000] {logging_mixin.py:188} INFO - [2024-09-22T11:13:23.236+0000] {dagbag.py:545} INFO - Filling up the DagBag from /home/airflow/.local/lib/python3.12/site-packages/airflow/example_dags/example_trigger_target_dag.py
[2024-09-22T11:13:23.248+0000] {processor.py:840} INFO - DAG(s) 'example_trigger_target_dag' retrieved from /home/airflow/.local/lib/python3.12/site-packages/airflow/example_dags/example_trigger_target_dag.py
[2024-09-22T11:13:23.297+0000] {logging_mixin.py:188} INFO - [2024-09-22T11:13:23.297+0000] {dag.py:3089} INFO - Sync 1 DAGs
[2024-09-22T11:13:23.322+0000] {logging_mixin.py:188} INFO - [2024-09-22T11:13:23.322+0000] {dag.py:3947} INFO - Setting next_dagrun for example_trigger_target_dag to None, run_after=None
[2024-09-22T11:13:23.430+0000] {processor.py:183} INFO - Processing /home/airflow/.local/lib/python3.12/site-packages/airflow/example_dags/example_trigger_target_dag.py took 0.204 seconds
[2024-09-22T11:15:11.028+0000] {processor.py:161} INFO - Started process (PID=49) to work on /home/airflow/.local/lib/python3.12/site-packages/airflow/example_dags/example_trigger_target_dag.py
[2024-09-22T11:15:11.081+0000] {processor.py:830} INFO - Processing file /home/airflow/.local/lib/python3.12/site-packages/airflow/example_dags/example_trigger_target_dag.py for tasks to queue
[2024-09-22T11:15:11.085+0000] {logging_mixin.py:188} INFO - [2024-09-22T11:15:11.084+0000] {dagbag.py:545} INFO - Filling up the DagBag from /home/airflow/.local/lib/python3.12/site-packages/airflow/example_dags/example_trigger_target_dag.py
[2024-09-22T11:15:11.099+0000] {processor.py:840} INFO - DAG(s) 'example_trigger_target_dag' retrieved from /home/airflow/.local/lib/python3.12/site-packages/airflow/example_dags/example_trigger_target_dag.py
[2024-09-22T11:15:11.156+0000] {logging_mixin.py:188} INFO - [2024-09-22T11:15:11.155+0000] {dag.py:3089} INFO - Sync 1 DAGs
[2024-09-22T11:15:11.184+0000] {logging_mixin.py:188} INFO - [2024-09-22T11:15:11.183+0000] {dag.py:3947} INFO - Setting next_dagrun for example_trigger_target_dag to None, run_after=None
[2024-09-22T11:15:11.266+0000] {processor.py:183} INFO - Processing /home/airflow/.local/lib/python3.12/site-packages/airflow/example_dags/example_trigger_target_dag.py took 0.251 seconds
[2024-09-22T11:15:46.145+0000] {processor.py:161} INFO - Started process (PID=113) to work on /home/airflow/.local/lib/python3.12/site-packages/airflow/example_dags/example_trigger_target_dag.py
[2024-09-22T11:15:46.335+0000] {processor.py:830} INFO - Processing file /home/airflow/.local/lib/python3.12/site-packages/airflow/example_dags/example_trigger_target_dag.py for tasks to queue
[2024-09-22T11:15:46.343+0000] {logging_mixin.py:188} INFO - [2024-09-22T11:15:46.342+0000] {dagbag.py:545} INFO - Filling up the DagBag from /home/airflow/.local/lib/python3.12/site-packages/airflow/example_dags/example_trigger_target_dag.py
[2024-09-22T11:15:46.364+0000] {processor.py:840} INFO - DAG(s) 'example_trigger_target_dag' retrieved from /home/airflow/.local/lib/python3.12/site-packages/airflow/example_dags/example_trigger_target_dag.py
[2024-09-22T11:15:46.418+0000] {logging_mixin.py:188} INFO - [2024-09-22T11:15:46.416+0000] {dag.py:3089} INFO - Sync 1 DAGs
[2024-09-22T11:15:46.459+0000] {logging_mixin.py:188} INFO - [2024-09-22T11:15:46.459+0000] {dag.py:3947} INFO - Setting next_dagrun for example_trigger_target_dag to None, run_after=None
[2024-09-22T11:15:46.580+0000] {processor.py:183} INFO - Processing /home/airflow/.local/lib/python3.12/site-packages/airflow/example_dags/example_trigger_target_dag.py took 0.449 seconds
[2024-09-22T11:16:25.706+0000] {processor.py:161} INFO - Started process (PID=170) to work on /home/airflow/.local/lib/python3.12/site-packages/airflow/example_dags/example_trigger_target_dag.py
[2024-09-22T11:16:25.738+0000] {processor.py:830} INFO - Processing file /home/airflow/.local/lib/python3.12/site-packages/airflow/example_dags/example_trigger_target_dag.py for tasks to queue
[2024-09-22T11:16:25.741+0000] {logging_mixin.py:188} INFO - [2024-09-22T11:16:25.740+0000] {dagbag.py:545} INFO - Filling up the DagBag from /home/airflow/.local/lib/python3.12/site-packages/airflow/example_dags/example_trigger_target_dag.py
[2024-09-22T11:16:25.755+0000] {processor.py:840} INFO - DAG(s) 'example_trigger_target_dag' retrieved from /home/airflow/.local/lib/python3.12/site-packages/airflow/example_dags/example_trigger_target_dag.py
[2024-09-22T11:16:25.807+0000] {logging_mixin.py:188} INFO - [2024-09-22T11:16:25.807+0000] {dag.py:3089} INFO - Sync 1 DAGs
[2024-09-22T11:16:25.833+0000] {logging_mixin.py:188} INFO - [2024-09-22T11:16:25.832+0000] {dag.py:3947} INFO - Setting next_dagrun for example_trigger_target_dag to None, run_after=None
[2024-09-22T11:16:26.386+0000] {processor.py:183} INFO - Processing /home/airflow/.local/lib/python3.12/site-packages/airflow/example_dags/example_trigger_target_dag.py took 0.690 seconds
[2024-09-22T11:17:05.949+0000] {processor.py:161} INFO - Started process (PID=242) to work on /home/airflow/.local/lib/python3.12/site-packages/airflow/example_dags/example_trigger_target_dag.py
[2024-09-22T11:17:06.016+0000] {processor.py:830} INFO - Processing file /home/airflow/.local/lib/python3.12/site-packages/airflow/example_dags/example_trigger_target_dag.py for tasks to queue
[2024-09-22T11:17:06.024+0000] {logging_mixin.py:188} INFO - [2024-09-22T11:17:06.023+0000] {dagbag.py:545} INFO - Filling up the DagBag from /home/airflow/.local/lib/python3.12/site-packages/airflow/example_dags/example_trigger_target_dag.py
[2024-09-22T11:17:06.038+0000] {processor.py:840} INFO - DAG(s) 'example_trigger_target_dag' retrieved from /home/airflow/.local/lib/python3.12/site-packages/airflow/example_dags/example_trigger_target_dag.py
[2024-09-22T11:17:06.074+0000] {logging_mixin.py:188} INFO - [2024-09-22T11:17:06.074+0000] {dag.py:3089} INFO - Sync 1 DAGs
[2024-09-22T11:17:06.138+0000] {logging_mixin.py:188} INFO - [2024-09-22T11:17:06.137+0000] {dag.py:3947} INFO - Setting next_dagrun for example_trigger_target_dag to None, run_after=None
[2024-09-22T11:17:06.581+0000] {processor.py:183} INFO - Processing /home/airflow/.local/lib/python3.12/site-packages/airflow/example_dags/example_trigger_target_dag.py took 0.656 seconds
[2024-09-22T11:17:46.551+0000] {processor.py:161} INFO - Started process (PID=313) to work on /home/airflow/.local/lib/python3.12/site-packages/airflow/example_dags/example_trigger_target_dag.py
[2024-09-22T11:17:46.750+0000] {processor.py:830} INFO - Processing file /home/airflow/.local/lib/python3.12/site-packages/airflow/example_dags/example_trigger_target_dag.py for tasks to queue
[2024-09-22T11:17:46.752+0000] {logging_mixin.py:188} INFO - [2024-09-22T11:17:46.751+0000] {dagbag.py:545} INFO - Filling up the DagBag from /home/airflow/.local/lib/python3.12/site-packages/airflow/example_dags/example_trigger_target_dag.py
[2024-09-22T11:17:46.770+0000] {processor.py:840} INFO - DAG(s) 'example_trigger_target_dag' retrieved from /home/airflow/.local/lib/python3.12/site-packages/airflow/example_dags/example_trigger_target_dag.py
[2024-09-22T11:17:46.831+0000] {logging_mixin.py:188} INFO - [2024-09-22T11:17:46.830+0000] {dag.py:3089} INFO - Sync 1 DAGs
[2024-09-22T11:17:46.863+0000] {logging_mixin.py:188} INFO - [2024-09-22T11:17:46.863+0000] {dag.py:3947} INFO - Setting next_dagrun for example_trigger_target_dag to None, run_after=None
[2024-09-22T11:17:47.081+0000] {processor.py:183} INFO - Processing /home/airflow/.local/lib/python3.12/site-packages/airflow/example_dags/example_trigger_target_dag.py took 0.549 seconds
[2024-09-22T11:18:29.878+0000] {processor.py:161} INFO - Started process (PID=412) to work on /home/airflow/.local/lib/python3.12/site-packages/airflow/example_dags/example_trigger_target_dag.py
[2024-09-22T11:18:30.080+0000] {processor.py:830} INFO - Processing file /home/airflow/.local/lib/python3.12/site-packages/airflow/example_dags/example_trigger_target_dag.py for tasks to queue
[2024-09-22T11:18:30.081+0000] {logging_mixin.py:188} INFO - [2024-09-22T11:18:30.081+0000] {dagbag.py:545} INFO - Filling up the DagBag from /home/airflow/.local/lib/python3.12/site-packages/airflow/example_dags/example_trigger_target_dag.py
[2024-09-22T11:18:30.124+0000] {processor.py:840} INFO - DAG(s) 'example_trigger_target_dag' retrieved from /home/airflow/.local/lib/python3.12/site-packages/airflow/example_dags/example_trigger_target_dag.py
[2024-09-22T11:18:30.223+0000] {logging_mixin.py:188} INFO - [2024-09-22T11:18:30.222+0000] {dag.py:3089} INFO - Sync 1 DAGs
[2024-09-22T11:18:30.300+0000] {logging_mixin.py:188} INFO - [2024-09-22T11:18:30.300+0000] {dag.py:3947} INFO - Setting next_dagrun for example_trigger_target_dag to None, run_after=None
[2024-09-22T11:18:30.579+0000] {processor.py:183} INFO - Processing /home/airflow/.local/lib/python3.12/site-packages/airflow/example_dags/example_trigger_target_dag.py took 0.708 seconds
[2024-09-22T11:19:12.860+0000] {processor.py:161} INFO - Started process (PID=502) to work on /home/airflow/.local/lib/python3.12/site-packages/airflow/example_dags/example_trigger_target_dag.py
[2024-09-22T11:19:12.867+0000] {processor.py:830} INFO - Processing file /home/airflow/.local/lib/python3.12/site-packages/airflow/example_dags/example_trigger_target_dag.py for tasks to queue
[2024-09-22T11:19:12.873+0000] {logging_mixin.py:188} INFO - [2024-09-22T11:19:12.870+0000] {dagbag.py:545} INFO - Filling up the DagBag from /home/airflow/.local/lib/python3.12/site-packages/airflow/example_dags/example_trigger_target_dag.py
[2024-09-22T11:19:12.905+0000] {processor.py:840} INFO - DAG(s) 'example_trigger_target_dag' retrieved from /home/airflow/.local/lib/python3.12/site-packages/airflow/example_dags/example_trigger_target_dag.py
[2024-09-22T11:19:12.986+0000] {logging_mixin.py:188} INFO - [2024-09-22T11:19:12.985+0000] {dag.py:3089} INFO - Sync 1 DAGs
[2024-09-22T11:19:13.023+0000] {logging_mixin.py:188} INFO - [2024-09-22T11:19:13.023+0000] {dag.py:3947} INFO - Setting next_dagrun for example_trigger_target_dag to None, run_after=None
[2024-09-22T11:19:13.272+0000] {processor.py:183} INFO - Processing /home/airflow/.local/lib/python3.12/site-packages/airflow/example_dags/example_trigger_target_dag.py took 0.458 seconds
[2024-09-22T11:19:44.168+0000] {processor.py:161} INFO - Started process (PID=570) to work on /home/airflow/.local/lib/python3.12/site-packages/airflow/example_dags/example_trigger_target_dag.py
[2024-09-22T11:19:44.350+0000] {processor.py:830} INFO - Processing file /home/airflow/.local/lib/python3.12/site-packages/airflow/example_dags/example_trigger_target_dag.py for tasks to queue
[2024-09-22T11:19:44.352+0000] {logging_mixin.py:188} INFO - [2024-09-22T11:19:44.351+0000] {dagbag.py:545} INFO - Filling up the DagBag from /home/airflow/.local/lib/python3.12/site-packages/airflow/example_dags/example_trigger_target_dag.py
[2024-09-22T11:19:44.395+0000] {processor.py:840} INFO - DAG(s) 'example_trigger_target_dag' retrieved from /home/airflow/.local/lib/python3.12/site-packages/airflow/example_dags/example_trigger_target_dag.py
[2024-09-22T11:19:44.540+0000] {logging_mixin.py:188} INFO - [2024-09-22T11:19:44.539+0000] {dag.py:3089} INFO - Sync 1 DAGs
[2024-09-22T11:19:44.635+0000] {logging_mixin.py:188} INFO - [2024-09-22T11:19:44.634+0000] {dag.py:3947} INFO - Setting next_dagrun for example_trigger_target_dag to None, run_after=None
[2024-09-22T11:19:45.103+0000] {processor.py:183} INFO - Processing /home/airflow/.local/lib/python3.12/site-packages/airflow/example_dags/example_trigger_target_dag.py took 0.965 seconds
[2024-09-22T11:20:24.702+0000] {processor.py:161} INFO - Started process (PID=646) to work on /home/airflow/.local/lib/python3.12/site-packages/airflow/example_dags/example_trigger_target_dag.py
[2024-09-22T11:20:24.786+0000] {processor.py:830} INFO - Processing file /home/airflow/.local/lib/python3.12/site-packages/airflow/example_dags/example_trigger_target_dag.py for tasks to queue
[2024-09-22T11:20:24.788+0000] {logging_mixin.py:188} INFO - [2024-09-22T11:20:24.787+0000] {dagbag.py:545} INFO - Filling up the DagBag from /home/airflow/.local/lib/python3.12/site-packages/airflow/example_dags/example_trigger_target_dag.py
[2024-09-22T11:20:24.825+0000] {processor.py:840} INFO - DAG(s) 'example_trigger_target_dag' retrieved from /home/airflow/.local/lib/python3.12/site-packages/airflow/example_dags/example_trigger_target_dag.py
[2024-09-22T11:20:24.950+0000] {logging_mixin.py:188} INFO - [2024-09-22T11:20:24.949+0000] {dag.py:3089} INFO - Sync 1 DAGs
[2024-09-22T11:20:25.046+0000] {logging_mixin.py:188} INFO - [2024-09-22T11:20:25.046+0000] {dag.py:3947} INFO - Setting next_dagrun for example_trigger_target_dag to None, run_after=None
[2024-09-22T11:20:25.389+0000] {processor.py:183} INFO - Processing /home/airflow/.local/lib/python3.12/site-packages/airflow/example_dags/example_trigger_target_dag.py took 0.722 seconds
[2024-09-22T11:21:04.155+0000] {processor.py:161} INFO - Started process (PID=719) to work on /home/airflow/.local/lib/python3.12/site-packages/airflow/example_dags/example_trigger_target_dag.py
[2024-09-22T11:21:04.270+0000] {processor.py:830} INFO - Processing file /home/airflow/.local/lib/python3.12/site-packages/airflow/example_dags/example_trigger_target_dag.py for tasks to queue
[2024-09-22T11:21:04.279+0000] {logging_mixin.py:188} INFO - [2024-09-22T11:21:04.275+0000] {dagbag.py:545} INFO - Filling up the DagBag from /home/airflow/.local/lib/python3.12/site-packages/airflow/example_dags/example_trigger_target_dag.py
[2024-09-22T11:21:04.328+0000] {processor.py:840} INFO - DAG(s) 'example_trigger_target_dag' retrieved from /home/airflow/.local/lib/python3.12/site-packages/airflow/example_dags/example_trigger_target_dag.py
[2024-09-22T11:21:04.452+0000] {logging_mixin.py:188} INFO - [2024-09-22T11:21:04.451+0000] {dag.py:3089} INFO - Sync 1 DAGs
[2024-09-22T11:21:04.476+0000] {logging_mixin.py:188} INFO - [2024-09-22T11:21:04.476+0000] {dag.py:3947} INFO - Setting next_dagrun for example_trigger_target_dag to None, run_after=None
[2024-09-22T11:21:05.005+0000] {processor.py:183} INFO - Processing /home/airflow/.local/lib/python3.12/site-packages/airflow/example_dags/example_trigger_target_dag.py took 0.884 seconds
[2024-09-22T11:21:44.176+0000] {processor.py:161} INFO - Started process (PID=779) to work on /home/airflow/.local/lib/python3.12/site-packages/airflow/example_dags/example_trigger_target_dag.py
[2024-09-22T11:21:44.218+0000] {processor.py:830} INFO - Processing file /home/airflow/.local/lib/python3.12/site-packages/airflow/example_dags/example_trigger_target_dag.py for tasks to queue
[2024-09-22T11:21:44.219+0000] {logging_mixin.py:188} INFO - [2024-09-22T11:21:44.219+0000] {dagbag.py:545} INFO - Filling up the DagBag from /home/airflow/.local/lib/python3.12/site-packages/airflow/example_dags/example_trigger_target_dag.py
[2024-09-22T11:21:44.237+0000] {processor.py:840} INFO - DAG(s) 'example_trigger_target_dag' retrieved from /home/airflow/.local/lib/python3.12/site-packages/airflow/example_dags/example_trigger_target_dag.py
[2024-09-22T11:21:44.491+0000] {logging_mixin.py:188} INFO - [2024-09-22T11:21:44.490+0000] {dag.py:3089} INFO - Sync 1 DAGs
[2024-09-22T11:21:53.496+0000] {logging_mixin.py:188} INFO - [2024-09-22T11:21:53.496+0000] {dag.py:3947} INFO - Setting next_dagrun for example_trigger_target_dag to None, run_after=None
[2024-09-22T11:21:54.640+0000] {processor.py:183} INFO - Processing /home/airflow/.local/lib/python3.12/site-packages/airflow/example_dags/example_trigger_target_dag.py took 10.483 seconds
[2024-09-22T11:22:56.661+0000] {processor.py:161} INFO - Started process (PID=865) to work on /home/airflow/.local/lib/python3.12/site-packages/airflow/example_dags/example_trigger_target_dag.py
[2024-09-22T11:22:57.067+0000] {processor.py:830} INFO - Processing file /home/airflow/.local/lib/python3.12/site-packages/airflow/example_dags/example_trigger_target_dag.py for tasks to queue
[2024-09-22T11:22:57.069+0000] {logging_mixin.py:188} INFO - [2024-09-22T11:22:57.068+0000] {dagbag.py:545} INFO - Filling up the DagBag from /home/airflow/.local/lib/python3.12/site-packages/airflow/example_dags/example_trigger_target_dag.py
[2024-09-22T11:22:57.086+0000] {processor.py:840} INFO - DAG(s) 'example_trigger_target_dag' retrieved from /home/airflow/.local/lib/python3.12/site-packages/airflow/example_dags/example_trigger_target_dag.py
[2024-09-22T11:22:57.125+0000] {logging_mixin.py:188} INFO - [2024-09-22T11:22:57.124+0000] {dag.py:3089} INFO - Sync 1 DAGs
[2024-09-22T11:22:57.146+0000] {logging_mixin.py:188} INFO - [2024-09-22T11:22:57.146+0000] {dag.py:3947} INFO - Setting next_dagrun for example_trigger_target_dag to None, run_after=None
[2024-09-22T11:22:57.526+0000] {processor.py:183} INFO - Processing /home/airflow/.local/lib/python3.12/site-packages/airflow/example_dags/example_trigger_target_dag.py took 0.874 seconds
[2024-09-22T11:24:00.202+0000] {processor.py:161} INFO - Started process (PID=931) to work on /home/airflow/.local/lib/python3.12/site-packages/airflow/example_dags/example_trigger_target_dag.py
[2024-09-22T11:24:00.390+0000] {processor.py:830} INFO - Processing file /home/airflow/.local/lib/python3.12/site-packages/airflow/example_dags/example_trigger_target_dag.py for tasks to queue
[2024-09-22T11:24:00.391+0000] {logging_mixin.py:188} INFO - [2024-09-22T11:24:00.391+0000] {dagbag.py:545} INFO - Filling up the DagBag from /home/airflow/.local/lib/python3.12/site-packages/airflow/example_dags/example_trigger_target_dag.py
[2024-09-22T11:24:00.642+0000] {processor.py:840} INFO - DAG(s) 'example_trigger_target_dag' retrieved from /home/airflow/.local/lib/python3.12/site-packages/airflow/example_dags/example_trigger_target_dag.py
[2024-09-22T11:24:00.668+0000] {logging_mixin.py:188} INFO - [2024-09-22T11:24:00.668+0000] {dag.py:3089} INFO - Sync 1 DAGs
[2024-09-22T11:24:00.684+0000] {logging_mixin.py:188} INFO - [2024-09-22T11:24:00.684+0000] {dag.py:3947} INFO - Setting next_dagrun for example_trigger_target_dag to None, run_after=None
[2024-09-22T11:24:01.174+0000] {processor.py:183} INFO - Processing /home/airflow/.local/lib/python3.12/site-packages/airflow/example_dags/example_trigger_target_dag.py took 0.987 seconds
[2024-09-22T11:24:53.908+0000] {processor.py:161} INFO - Started process (PID=1001) to work on /home/airflow/.local/lib/python3.12/site-packages/airflow/example_dags/example_trigger_target_dag.py
[2024-09-22T11:24:54.332+0000] {processor.py:830} INFO - Processing file /home/airflow/.local/lib/python3.12/site-packages/airflow/example_dags/example_trigger_target_dag.py for tasks to queue
[2024-09-22T11:24:54.334+0000] {logging_mixin.py:188} INFO - [2024-09-22T11:24:54.333+0000] {dagbag.py:545} INFO - Filling up the DagBag from /home/airflow/.local/lib/python3.12/site-packages/airflow/example_dags/example_trigger_target_dag.py
[2024-09-22T11:24:54.349+0000] {processor.py:840} INFO - DAG(s) 'example_trigger_target_dag' retrieved from /home/airflow/.local/lib/python3.12/site-packages/airflow/example_dags/example_trigger_target_dag.py
[2024-09-22T11:24:54.401+0000] {logging_mixin.py:188} INFO - [2024-09-22T11:24:54.400+0000] {dag.py:3089} INFO - Sync 1 DAGs
[2024-09-22T11:24:54.438+0000] {logging_mixin.py:188} INFO - [2024-09-22T11:24:54.438+0000] {dag.py:3947} INFO - Setting next_dagrun for example_trigger_target_dag to None, run_after=None
[2024-09-22T11:24:55.059+0000] {processor.py:183} INFO - Processing /home/airflow/.local/lib/python3.12/site-packages/airflow/example_dags/example_trigger_target_dag.py took 1.163 seconds
[2024-09-22T11:25:35.463+0000] {processor.py:161} INFO - Started process (PID=1041) to work on /home/airflow/.local/lib/python3.12/site-packages/airflow/example_dags/example_trigger_target_dag.py
[2024-09-22T11:25:35.652+0000] {processor.py:830} INFO - Processing file /home/airflow/.local/lib/python3.12/site-packages/airflow/example_dags/example_trigger_target_dag.py for tasks to queue
[2024-09-22T11:25:35.659+0000] {logging_mixin.py:188} INFO - [2024-09-22T11:25:35.653+0000] {dagbag.py:545} INFO - Filling up the DagBag from /home/airflow/.local/lib/python3.12/site-packages/airflow/example_dags/example_trigger_target_dag.py
[2024-09-22T11:25:35.676+0000] {processor.py:840} INFO - DAG(s) 'example_trigger_target_dag' retrieved from /home/airflow/.local/lib/python3.12/site-packages/airflow/example_dags/example_trigger_target_dag.py
[2024-09-22T11:25:35.709+0000] {logging_mixin.py:188} INFO - [2024-09-22T11:25:35.709+0000] {dag.py:3089} INFO - Sync 1 DAGs
[2024-09-22T11:25:35.729+0000] {logging_mixin.py:188} INFO - [2024-09-22T11:25:35.728+0000] {dag.py:3947} INFO - Setting next_dagrun for example_trigger_target_dag to None, run_after=None
[2024-09-22T11:25:35.976+0000] {processor.py:183} INFO - Processing /home/airflow/.local/lib/python3.12/site-packages/airflow/example_dags/example_trigger_target_dag.py took 0.519 seconds
[2024-09-22T11:26:26.508+0000] {processor.py:161} INFO - Started process (PID=1084) to work on /home/airflow/.local/lib/python3.12/site-packages/airflow/example_dags/example_trigger_target_dag.py
[2024-09-22T11:26:26.628+0000] {processor.py:830} INFO - Processing file /home/airflow/.local/lib/python3.12/site-packages/airflow/example_dags/example_trigger_target_dag.py for tasks to queue
[2024-09-22T11:26:26.635+0000] {logging_mixin.py:188} INFO - [2024-09-22T11:26:26.632+0000] {dagbag.py:545} INFO - Filling up the DagBag from /home/airflow/.local/lib/python3.12/site-packages/airflow/example_dags/example_trigger_target_dag.py
[2024-09-22T11:26:26.699+0000] {processor.py:840} INFO - DAG(s) 'example_trigger_target_dag' retrieved from /home/airflow/.local/lib/python3.12/site-packages/airflow/example_dags/example_trigger_target_dag.py
[2024-09-22T11:26:26.888+0000] {logging_mixin.py:188} INFO - [2024-09-22T11:26:26.885+0000] {dag.py:3089} INFO - Sync 1 DAGs
[2024-09-22T11:26:26.967+0000] {logging_mixin.py:188} INFO - [2024-09-22T11:26:26.965+0000] {dag.py:3947} INFO - Setting next_dagrun for example_trigger_target_dag to None, run_after=None
[2024-09-22T11:26:27.544+0000] {processor.py:183} INFO - Processing /home/airflow/.local/lib/python3.12/site-packages/airflow/example_dags/example_trigger_target_dag.py took 1.087 seconds
[2024-09-22T11:28:04.534+0000] {processor.py:161} INFO - Started process (PID=1151) to work on /home/airflow/.local/lib/python3.12/site-packages/airflow/example_dags/example_trigger_target_dag.py
[2024-09-22T11:28:04.596+0000] {processor.py:830} INFO - Processing file /home/airflow/.local/lib/python3.12/site-packages/airflow/example_dags/example_trigger_target_dag.py for tasks to queue
[2024-09-22T11:28:04.597+0000] {logging_mixin.py:188} INFO - [2024-09-22T11:28:04.597+0000] {dagbag.py:545} INFO - Filling up the DagBag from /home/airflow/.local/lib/python3.12/site-packages/airflow/example_dags/example_trigger_target_dag.py
[2024-09-22T11:28:04.609+0000] {processor.py:840} INFO - DAG(s) 'example_trigger_target_dag' retrieved from /home/airflow/.local/lib/python3.12/site-packages/airflow/example_dags/example_trigger_target_dag.py
[2024-09-22T11:28:04.640+0000] {logging_mixin.py:188} INFO - [2024-09-22T11:28:04.640+0000] {dag.py:3089} INFO - Sync 1 DAGs
[2024-09-22T11:28:04.659+0000] {logging_mixin.py:188} INFO - [2024-09-22T11:28:04.659+0000] {dag.py:3947} INFO - Setting next_dagrun for example_trigger_target_dag to None, run_after=None
[2024-09-22T11:28:04.869+0000] {processor.py:183} INFO - Processing /home/airflow/.local/lib/python3.12/site-packages/airflow/example_dags/example_trigger_target_dag.py took 0.347 seconds
[2024-09-22T11:28:38.385+0000] {processor.py:161} INFO - Started process (PID=1219) to work on /home/airflow/.local/lib/python3.12/site-packages/airflow/example_dags/example_trigger_target_dag.py
[2024-09-22T11:28:38.596+0000] {processor.py:830} INFO - Processing file /home/airflow/.local/lib/python3.12/site-packages/airflow/example_dags/example_trigger_target_dag.py for tasks to queue
[2024-09-22T11:28:38.598+0000] {logging_mixin.py:188} INFO - [2024-09-22T11:28:38.597+0000] {dagbag.py:545} INFO - Filling up the DagBag from /home/airflow/.local/lib/python3.12/site-packages/airflow/example_dags/example_trigger_target_dag.py
[2024-09-22T11:28:38.609+0000] {processor.py:840} INFO - DAG(s) 'example_trigger_target_dag' retrieved from /home/airflow/.local/lib/python3.12/site-packages/airflow/example_dags/example_trigger_target_dag.py
[2024-09-22T11:28:38.641+0000] {logging_mixin.py:188} INFO - [2024-09-22T11:28:38.640+0000] {dag.py:3089} INFO - Sync 1 DAGs
[2024-09-22T11:28:38.664+0000] {logging_mixin.py:188} INFO - [2024-09-22T11:28:38.664+0000] {dag.py:3947} INFO - Setting next_dagrun for example_trigger_target_dag to None, run_after=None
[2024-09-22T11:28:39.143+0000] {processor.py:183} INFO - Processing /home/airflow/.local/lib/python3.12/site-packages/airflow/example_dags/example_trigger_target_dag.py took 0.769 seconds
[2024-09-22T11:29:13.359+0000] {processor.py:161} INFO - Started process (PID=1286) to work on /home/airflow/.local/lib/python3.12/site-packages/airflow/example_dags/example_trigger_target_dag.py
[2024-09-22T11:29:13.400+0000] {processor.py:830} INFO - Processing file /home/airflow/.local/lib/python3.12/site-packages/airflow/example_dags/example_trigger_target_dag.py for tasks to queue
[2024-09-22T11:29:13.403+0000] {logging_mixin.py:188} INFO - [2024-09-22T11:29:13.402+0000] {dagbag.py:545} INFO - Filling up the DagBag from /home/airflow/.local/lib/python3.12/site-packages/airflow/example_dags/example_trigger_target_dag.py
[2024-09-22T11:29:13.420+0000] {processor.py:840} INFO - DAG(s) 'example_trigger_target_dag' retrieved from /home/airflow/.local/lib/python3.12/site-packages/airflow/example_dags/example_trigger_target_dag.py
[2024-09-22T11:29:13.485+0000] {logging_mixin.py:188} INFO - [2024-09-22T11:29:13.485+0000] {dag.py:3089} INFO - Sync 1 DAGs
[2024-09-22T11:29:13.516+0000] {logging_mixin.py:188} INFO - [2024-09-22T11:29:13.516+0000] {dag.py:3947} INFO - Setting next_dagrun for example_trigger_target_dag to None, run_after=None
[2024-09-22T11:29:13.778+0000] {processor.py:183} INFO - Processing /home/airflow/.local/lib/python3.12/site-packages/airflow/example_dags/example_trigger_target_dag.py took 0.433 seconds
[2024-09-22T11:29:44.610+0000] {processor.py:161} INFO - Started process (PID=1348) to work on /home/airflow/.local/lib/python3.12/site-packages/airflow/example_dags/example_trigger_target_dag.py
[2024-09-22T11:29:44.611+0000] {processor.py:830} INFO - Processing file /home/airflow/.local/lib/python3.12/site-packages/airflow/example_dags/example_trigger_target_dag.py for tasks to queue
[2024-09-22T11:29:44.613+0000] {logging_mixin.py:188} INFO - [2024-09-22T11:29:44.612+0000] {dagbag.py:545} INFO - Filling up the DagBag from /home/airflow/.local/lib/python3.12/site-packages/airflow/example_dags/example_trigger_target_dag.py
[2024-09-22T11:29:44.621+0000] {processor.py:840} INFO - DAG(s) 'example_trigger_target_dag' retrieved from /home/airflow/.local/lib/python3.12/site-packages/airflow/example_dags/example_trigger_target_dag.py
[2024-09-22T11:29:44.654+0000] {logging_mixin.py:188} INFO - [2024-09-22T11:29:44.654+0000] {dag.py:3089} INFO - Sync 1 DAGs
[2024-09-22T11:29:44.676+0000] {logging_mixin.py:188} INFO - [2024-09-22T11:29:44.676+0000] {dag.py:3947} INFO - Setting next_dagrun for example_trigger_target_dag to None, run_after=None
[2024-09-22T11:29:44.869+0000] {processor.py:183} INFO - Processing /home/airflow/.local/lib/python3.12/site-packages/airflow/example_dags/example_trigger_target_dag.py took 0.267 seconds
[2024-09-22T11:30:16.446+0000] {processor.py:161} INFO - Started process (PID=1411) to work on /home/airflow/.local/lib/python3.12/site-packages/airflow/example_dags/example_trigger_target_dag.py
[2024-09-22T11:30:16.617+0000] {processor.py:830} INFO - Processing file /home/airflow/.local/lib/python3.12/site-packages/airflow/example_dags/example_trigger_target_dag.py for tasks to queue
[2024-09-22T11:30:16.620+0000] {logging_mixin.py:188} INFO - [2024-09-22T11:30:16.619+0000] {dagbag.py:545} INFO - Filling up the DagBag from /home/airflow/.local/lib/python3.12/site-packages/airflow/example_dags/example_trigger_target_dag.py
[2024-09-22T11:30:16.636+0000] {processor.py:840} INFO - DAG(s) 'example_trigger_target_dag' retrieved from /home/airflow/.local/lib/python3.12/site-packages/airflow/example_dags/example_trigger_target_dag.py
[2024-09-22T11:30:16.692+0000] {logging_mixin.py:188} INFO - [2024-09-22T11:30:16.692+0000] {dag.py:3089} INFO - Sync 1 DAGs
[2024-09-22T11:30:16.757+0000] {logging_mixin.py:188} INFO - [2024-09-22T11:30:16.756+0000] {dag.py:3947} INFO - Setting next_dagrun for example_trigger_target_dag to None, run_after=None
[2024-09-22T11:30:17.431+0000] {processor.py:183} INFO - Processing /home/airflow/.local/lib/python3.12/site-packages/airflow/example_dags/example_trigger_target_dag.py took 0.993 seconds
[2024-09-22T11:30:47.759+0000] {processor.py:161} INFO - Started process (PID=1481) to work on /home/airflow/.local/lib/python3.12/site-packages/airflow/example_dags/example_trigger_target_dag.py
[2024-09-22T11:30:47.760+0000] {processor.py:830} INFO - Processing file /home/airflow/.local/lib/python3.12/site-packages/airflow/example_dags/example_trigger_target_dag.py for tasks to queue
[2024-09-22T11:30:47.761+0000] {logging_mixin.py:188} INFO - [2024-09-22T11:30:47.761+0000] {dagbag.py:545} INFO - Filling up the DagBag from /home/airflow/.local/lib/python3.12/site-packages/airflow/example_dags/example_trigger_target_dag.py
[2024-09-22T11:30:47.773+0000] {processor.py:840} INFO - DAG(s) 'example_trigger_target_dag' retrieved from /home/airflow/.local/lib/python3.12/site-packages/airflow/example_dags/example_trigger_target_dag.py
[2024-09-22T11:30:47.819+0000] {logging_mixin.py:188} INFO - [2024-09-22T11:30:47.819+0000] {dag.py:3089} INFO - Sync 1 DAGs
[2024-09-22T11:30:47.869+0000] {logging_mixin.py:188} INFO - [2024-09-22T11:30:47.868+0000] {dag.py:3947} INFO - Setting next_dagrun for example_trigger_target_dag to None, run_after=None
[2024-09-22T11:30:48.192+0000] {processor.py:183} INFO - Processing /home/airflow/.local/lib/python3.12/site-packages/airflow/example_dags/example_trigger_target_dag.py took 0.441 seconds
[2024-09-22T11:31:28.377+0000] {processor.py:161} INFO - Started process (PID=1546) to work on /home/airflow/.local/lib/python3.12/site-packages/airflow/example_dags/example_trigger_target_dag.py
[2024-09-22T11:31:28.486+0000] {processor.py:830} INFO - Processing file /home/airflow/.local/lib/python3.12/site-packages/airflow/example_dags/example_trigger_target_dag.py for tasks to queue
[2024-09-22T11:31:28.488+0000] {logging_mixin.py:188} INFO - [2024-09-22T11:31:28.488+0000] {dagbag.py:545} INFO - Filling up the DagBag from /home/airflow/.local/lib/python3.12/site-packages/airflow/example_dags/example_trigger_target_dag.py
[2024-09-22T11:31:28.500+0000] {processor.py:840} INFO - DAG(s) 'example_trigger_target_dag' retrieved from /home/airflow/.local/lib/python3.12/site-packages/airflow/example_dags/example_trigger_target_dag.py
[2024-09-22T11:31:29.691+0000] {logging_mixin.py:188} INFO - [2024-09-22T11:31:29.686+0000] {dag.py:3089} INFO - Sync 1 DAGs
[2024-09-22T11:31:29.796+0000] {logging_mixin.py:188} INFO - [2024-09-22T11:31:29.795+0000] {dag.py:3947} INFO - Setting next_dagrun for example_trigger_target_dag to None, run_after=None
[2024-09-22T11:31:30.212+0000] {processor.py:183} INFO - Processing /home/airflow/.local/lib/python3.12/site-packages/airflow/example_dags/example_trigger_target_dag.py took 1.848 seconds
[2024-09-22T11:32:44.881+0000] {processor.py:161} INFO - Started process (PID=1619) to work on /home/airflow/.local/lib/python3.12/site-packages/airflow/example_dags/example_trigger_target_dag.py
[2024-09-22T11:32:45.173+0000] {processor.py:830} INFO - Processing file /home/airflow/.local/lib/python3.12/site-packages/airflow/example_dags/example_trigger_target_dag.py for tasks to queue
[2024-09-22T11:32:45.175+0000] {logging_mixin.py:188} INFO - [2024-09-22T11:32:45.174+0000] {dagbag.py:545} INFO - Filling up the DagBag from /home/airflow/.local/lib/python3.12/site-packages/airflow/example_dags/example_trigger_target_dag.py
[2024-09-22T11:32:45.199+0000] {processor.py:840} INFO - DAG(s) 'example_trigger_target_dag' retrieved from /home/airflow/.local/lib/python3.12/site-packages/airflow/example_dags/example_trigger_target_dag.py
[2024-09-22T11:32:45.228+0000] {logging_mixin.py:188} INFO - [2024-09-22T11:32:45.227+0000] {dag.py:3089} INFO - Sync 1 DAGs
[2024-09-22T11:32:45.243+0000] {logging_mixin.py:188} INFO - [2024-09-22T11:32:45.243+0000] {dag.py:3947} INFO - Setting next_dagrun for example_trigger_target_dag to None, run_after=None
[2024-09-22T11:32:45.630+0000] {processor.py:183} INFO - Processing /home/airflow/.local/lib/python3.12/site-packages/airflow/example_dags/example_trigger_target_dag.py took 0.770 seconds
[2024-09-22T11:33:21.874+0000] {processor.py:161} INFO - Started process (PID=1690) to work on /home/airflow/.local/lib/python3.12/site-packages/airflow/example_dags/example_trigger_target_dag.py
[2024-09-22T11:33:22.044+0000] {processor.py:830} INFO - Processing file /home/airflow/.local/lib/python3.12/site-packages/airflow/example_dags/example_trigger_target_dag.py for tasks to queue
[2024-09-22T11:33:22.045+0000] {logging_mixin.py:188} INFO - [2024-09-22T11:33:22.045+0000] {dagbag.py:545} INFO - Filling up the DagBag from /home/airflow/.local/lib/python3.12/site-packages/airflow/example_dags/example_trigger_target_dag.py
[2024-09-22T11:33:22.056+0000] {processor.py:840} INFO - DAG(s) 'example_trigger_target_dag' retrieved from /home/airflow/.local/lib/python3.12/site-packages/airflow/example_dags/example_trigger_target_dag.py
[2024-09-22T11:33:22.090+0000] {logging_mixin.py:188} INFO - [2024-09-22T11:33:22.090+0000] {dag.py:3089} INFO - Sync 1 DAGs
[2024-09-22T11:33:22.115+0000] {logging_mixin.py:188} INFO - [2024-09-22T11:33:22.115+0000] {dag.py:3947} INFO - Setting next_dagrun for example_trigger_target_dag to None, run_after=None
[2024-09-22T11:33:22.441+0000] {processor.py:183} INFO - Processing /home/airflow/.local/lib/python3.12/site-packages/airflow/example_dags/example_trigger_target_dag.py took 0.577 seconds
[2024-09-22T11:33:54.208+0000] {processor.py:161} INFO - Started process (PID=1754) to work on /home/airflow/.local/lib/python3.12/site-packages/airflow/example_dags/example_trigger_target_dag.py
[2024-09-22T11:33:54.213+0000] {processor.py:830} INFO - Processing file /home/airflow/.local/lib/python3.12/site-packages/airflow/example_dags/example_trigger_target_dag.py for tasks to queue
[2024-09-22T11:33:54.219+0000] {logging_mixin.py:188} INFO - [2024-09-22T11:33:54.215+0000] {dagbag.py:545} INFO - Filling up the DagBag from /home/airflow/.local/lib/python3.12/site-packages/airflow/example_dags/example_trigger_target_dag.py
[2024-09-22T11:33:54.240+0000] {processor.py:840} INFO - DAG(s) 'example_trigger_target_dag' retrieved from /home/airflow/.local/lib/python3.12/site-packages/airflow/example_dags/example_trigger_target_dag.py
[2024-09-22T11:33:54.308+0000] {logging_mixin.py:188} INFO - [2024-09-22T11:33:54.308+0000] {dag.py:3089} INFO - Sync 1 DAGs
[2024-09-22T11:33:54.392+0000] {logging_mixin.py:188} INFO - [2024-09-22T11:33:54.392+0000] {dag.py:3947} INFO - Setting next_dagrun for example_trigger_target_dag to None, run_after=None
[2024-09-22T11:33:54.728+0000] {processor.py:183} INFO - Processing /home/airflow/.local/lib/python3.12/site-packages/airflow/example_dags/example_trigger_target_dag.py took 0.564 seconds
[2024-09-22T11:34:25.497+0000] {processor.py:161} INFO - Started process (PID=1817) to work on /home/airflow/.local/lib/python3.12/site-packages/airflow/example_dags/example_trigger_target_dag.py
[2024-09-22T11:34:25.722+0000] {processor.py:830} INFO - Processing file /home/airflow/.local/lib/python3.12/site-packages/airflow/example_dags/example_trigger_target_dag.py for tasks to queue
[2024-09-22T11:34:25.724+0000] {logging_mixin.py:188} INFO - [2024-09-22T11:34:25.723+0000] {dagbag.py:545} INFO - Filling up the DagBag from /home/airflow/.local/lib/python3.12/site-packages/airflow/example_dags/example_trigger_target_dag.py
[2024-09-22T11:34:25.736+0000] {processor.py:840} INFO - DAG(s) 'example_trigger_target_dag' retrieved from /home/airflow/.local/lib/python3.12/site-packages/airflow/example_dags/example_trigger_target_dag.py
[2024-09-22T11:34:25.771+0000] {logging_mixin.py:188} INFO - [2024-09-22T11:34:25.770+0000] {dag.py:3089} INFO - Sync 1 DAGs
[2024-09-22T11:34:25.794+0000] {logging_mixin.py:188} INFO - [2024-09-22T11:34:25.793+0000] {dag.py:3947} INFO - Setting next_dagrun for example_trigger_target_dag to None, run_after=None
[2024-09-22T11:34:26.672+0000] {processor.py:183} INFO - Processing /home/airflow/.local/lib/python3.12/site-packages/airflow/example_dags/example_trigger_target_dag.py took 1.184 seconds
[2024-09-22T11:35:00.404+0000] {processor.py:161} INFO - Started process (PID=1883) to work on /home/airflow/.local/lib/python3.12/site-packages/airflow/example_dags/example_trigger_target_dag.py
[2024-09-22T11:35:00.460+0000] {processor.py:830} INFO - Processing file /home/airflow/.local/lib/python3.12/site-packages/airflow/example_dags/example_trigger_target_dag.py for tasks to queue
[2024-09-22T11:35:00.462+0000] {logging_mixin.py:188} INFO - [2024-09-22T11:35:00.461+0000] {dagbag.py:545} INFO - Filling up the DagBag from /home/airflow/.local/lib/python3.12/site-packages/airflow/example_dags/example_trigger_target_dag.py
[2024-09-22T11:35:00.474+0000] {processor.py:840} INFO - DAG(s) 'example_trigger_target_dag' retrieved from /home/airflow/.local/lib/python3.12/site-packages/airflow/example_dags/example_trigger_target_dag.py
[2024-09-22T11:35:00.512+0000] {logging_mixin.py:188} INFO - [2024-09-22T11:35:00.511+0000] {dag.py:3089} INFO - Sync 1 DAGs
[2024-09-22T11:35:00.536+0000] {logging_mixin.py:188} INFO - [2024-09-22T11:35:00.535+0000] {dag.py:3947} INFO - Setting next_dagrun for example_trigger_target_dag to None, run_after=None
[2024-09-22T11:35:00.898+0000] {processor.py:183} INFO - Processing /home/airflow/.local/lib/python3.12/site-packages/airflow/example_dags/example_trigger_target_dag.py took 0.504 seconds
[2024-09-22T11:35:38.873+0000] {processor.py:161} INFO - Started process (PID=1946) to work on /home/airflow/.local/lib/python3.12/site-packages/airflow/example_dags/example_trigger_target_dag.py
[2024-09-22T11:35:38.916+0000] {processor.py:830} INFO - Processing file /home/airflow/.local/lib/python3.12/site-packages/airflow/example_dags/example_trigger_target_dag.py for tasks to queue
[2024-09-22T11:35:38.918+0000] {logging_mixin.py:188} INFO - [2024-09-22T11:35:38.917+0000] {dagbag.py:545} INFO - Filling up the DagBag from /home/airflow/.local/lib/python3.12/site-packages/airflow/example_dags/example_trigger_target_dag.py
[2024-09-22T11:35:38.959+0000] {processor.py:840} INFO - DAG(s) 'example_trigger_target_dag' retrieved from /home/airflow/.local/lib/python3.12/site-packages/airflow/example_dags/example_trigger_target_dag.py
[2024-09-22T11:35:39.040+0000] {logging_mixin.py:188} INFO - [2024-09-22T11:35:39.039+0000] {dag.py:3089} INFO - Sync 1 DAGs
[2024-09-22T11:35:39.095+0000] {logging_mixin.py:188} INFO - [2024-09-22T11:35:39.094+0000] {dag.py:3947} INFO - Setting next_dagrun for example_trigger_target_dag to None, run_after=None
[2024-09-22T11:35:39.397+0000] {processor.py:183} INFO - Processing /home/airflow/.local/lib/python3.12/site-packages/airflow/example_dags/example_trigger_target_dag.py took 0.555 seconds
[2024-09-22T11:36:13.339+0000] {processor.py:161} INFO - Started process (PID=2019) to work on /home/airflow/.local/lib/python3.12/site-packages/airflow/example_dags/example_trigger_target_dag.py
[2024-09-22T11:36:13.341+0000] {processor.py:830} INFO - Processing file /home/airflow/.local/lib/python3.12/site-packages/airflow/example_dags/example_trigger_target_dag.py for tasks to queue
[2024-09-22T11:36:13.342+0000] {logging_mixin.py:188} INFO - [2024-09-22T11:36:13.341+0000] {dagbag.py:545} INFO - Filling up the DagBag from /home/airflow/.local/lib/python3.12/site-packages/airflow/example_dags/example_trigger_target_dag.py
[2024-09-22T11:36:13.354+0000] {processor.py:840} INFO - DAG(s) 'example_trigger_target_dag' retrieved from /home/airflow/.local/lib/python3.12/site-packages/airflow/example_dags/example_trigger_target_dag.py
[2024-09-22T11:36:20.256+0000] {logging_mixin.py:188} INFO - [2024-09-22T11:36:20.246+0000] {dag.py:3089} INFO - Sync 1 DAGs
[2024-09-22T11:36:22.259+0000] {logging_mixin.py:188} INFO - [2024-09-22T11:36:22.258+0000] {dag.py:3947} INFO - Setting next_dagrun for example_trigger_target_dag to None, run_after=None
[2024-09-22T11:41:30.246+0000] {processor.py:161} INFO - Started process (PID=2178) to work on /home/airflow/.local/lib/python3.12/site-packages/airflow/example_dags/example_trigger_target_dag.py
[2024-09-22T11:41:30.715+0000] {processor.py:830} INFO - Processing file /home/airflow/.local/lib/python3.12/site-packages/airflow/example_dags/example_trigger_target_dag.py for tasks to queue
[2024-09-22T11:41:30.723+0000] {logging_mixin.py:188} INFO - [2024-09-22T11:41:30.720+0000] {dagbag.py:545} INFO - Filling up the DagBag from /home/airflow/.local/lib/python3.12/site-packages/airflow/example_dags/example_trigger_target_dag.py
[2024-09-22T11:41:30.782+0000] {processor.py:840} INFO - DAG(s) 'example_trigger_target_dag' retrieved from /home/airflow/.local/lib/python3.12/site-packages/airflow/example_dags/example_trigger_target_dag.py
[2024-09-22T11:41:32.004+0000] {logging_mixin.py:188} INFO - [2024-09-22T11:41:32.003+0000] {dag.py:3089} INFO - Sync 1 DAGs
[2024-09-22T11:41:32.022+0000] {logging_mixin.py:188} INFO - [2024-09-22T11:41:32.022+0000] {dag.py:3947} INFO - Setting next_dagrun for example_trigger_target_dag to None, run_after=None
[2024-09-22T11:41:33.878+0000] {processor.py:183} INFO - Processing /home/airflow/.local/lib/python3.12/site-packages/airflow/example_dags/example_trigger_target_dag.py took 3.642 seconds
[2024-09-22T11:42:05.968+0000] {processor.py:161} INFO - Started process (PID=2245) to work on /home/airflow/.local/lib/python3.12/site-packages/airflow/example_dags/example_trigger_target_dag.py
[2024-09-22T11:42:06.041+0000] {processor.py:830} INFO - Processing file /home/airflow/.local/lib/python3.12/site-packages/airflow/example_dags/example_trigger_target_dag.py for tasks to queue
[2024-09-22T11:42:06.044+0000] {logging_mixin.py:188} INFO - [2024-09-22T11:42:06.042+0000] {dagbag.py:545} INFO - Filling up the DagBag from /home/airflow/.local/lib/python3.12/site-packages/airflow/example_dags/example_trigger_target_dag.py
[2024-09-22T11:42:06.055+0000] {processor.py:840} INFO - DAG(s) 'example_trigger_target_dag' retrieved from /home/airflow/.local/lib/python3.12/site-packages/airflow/example_dags/example_trigger_target_dag.py
[2024-09-22T11:42:06.094+0000] {logging_mixin.py:188} INFO - [2024-09-22T11:42:06.093+0000] {dag.py:3089} INFO - Sync 1 DAGs
[2024-09-22T11:42:06.119+0000] {logging_mixin.py:188} INFO - [2024-09-22T11:42:06.118+0000] {dag.py:3947} INFO - Setting next_dagrun for example_trigger_target_dag to None, run_after=None
[2024-09-22T11:42:06.373+0000] {processor.py:183} INFO - Processing /home/airflow/.local/lib/python3.12/site-packages/airflow/example_dags/example_trigger_target_dag.py took 0.414 seconds
[2024-09-22T11:42:38.322+0000] {processor.py:161} INFO - Started process (PID=2320) to work on /home/airflow/.local/lib/python3.12/site-packages/airflow/example_dags/example_trigger_target_dag.py
[2024-09-22T11:42:38.582+0000] {processor.py:830} INFO - Processing file /home/airflow/.local/lib/python3.12/site-packages/airflow/example_dags/example_trigger_target_dag.py for tasks to queue
[2024-09-22T11:42:38.584+0000] {logging_mixin.py:188} INFO - [2024-09-22T11:42:38.583+0000] {dagbag.py:545} INFO - Filling up the DagBag from /home/airflow/.local/lib/python3.12/site-packages/airflow/example_dags/example_trigger_target_dag.py
[2024-09-22T11:42:38.613+0000] {processor.py:840} INFO - DAG(s) 'example_trigger_target_dag' retrieved from /home/airflow/.local/lib/python3.12/site-packages/airflow/example_dags/example_trigger_target_dag.py
[2024-09-22T11:42:38.656+0000] {logging_mixin.py:188} INFO - [2024-09-22T11:42:38.656+0000] {dag.py:3089} INFO - Sync 1 DAGs
[2024-09-22T11:42:38.689+0000] {logging_mixin.py:188} INFO - [2024-09-22T11:42:38.688+0000] {dag.py:3947} INFO - Setting next_dagrun for example_trigger_target_dag to None, run_after=None
[2024-09-22T11:42:39.996+0000] {processor.py:183} INFO - Processing /home/airflow/.local/lib/python3.12/site-packages/airflow/example_dags/example_trigger_target_dag.py took 1.694 seconds
[2024-09-22T11:43:10.715+0000] {processor.py:161} INFO - Started process (PID=2411) to work on /home/airflow/.local/lib/python3.12/site-packages/airflow/example_dags/example_trigger_target_dag.py
[2024-09-22T11:43:10.716+0000] {processor.py:830} INFO - Processing file /home/airflow/.local/lib/python3.12/site-packages/airflow/example_dags/example_trigger_target_dag.py for tasks to queue
[2024-09-22T11:43:10.719+0000] {logging_mixin.py:188} INFO - [2024-09-22T11:43:10.717+0000] {dagbag.py:545} INFO - Filling up the DagBag from /home/airflow/.local/lib/python3.12/site-packages/airflow/example_dags/example_trigger_target_dag.py
[2024-09-22T11:43:10.737+0000] {processor.py:840} INFO - DAG(s) 'example_trigger_target_dag' retrieved from /home/airflow/.local/lib/python3.12/site-packages/airflow/example_dags/example_trigger_target_dag.py
[2024-09-22T11:43:10.783+0000] {logging_mixin.py:188} INFO - [2024-09-22T11:43:10.782+0000] {dag.py:3089} INFO - Sync 1 DAGs
[2024-09-22T11:43:10.818+0000] {logging_mixin.py:188} INFO - [2024-09-22T11:43:10.818+0000] {dag.py:3947} INFO - Setting next_dagrun for example_trigger_target_dag to None, run_after=None
[2024-09-22T11:43:11.144+0000] {processor.py:183} INFO - Processing /home/airflow/.local/lib/python3.12/site-packages/airflow/example_dags/example_trigger_target_dag.py took 0.448 seconds
[2024-09-22T11:43:41.424+0000] {processor.py:161} INFO - Started process (PID=2496) to work on /home/airflow/.local/lib/python3.12/site-packages/airflow/example_dags/example_trigger_target_dag.py
[2024-09-22T11:43:41.565+0000] {processor.py:830} INFO - Processing file /home/airflow/.local/lib/python3.12/site-packages/airflow/example_dags/example_trigger_target_dag.py for tasks to queue
[2024-09-22T11:43:41.566+0000] {logging_mixin.py:188} INFO - [2024-09-22T11:43:41.566+0000] {dagbag.py:545} INFO - Filling up the DagBag from /home/airflow/.local/lib/python3.12/site-packages/airflow/example_dags/example_trigger_target_dag.py
[2024-09-22T11:43:41.578+0000] {processor.py:840} INFO - DAG(s) 'example_trigger_target_dag' retrieved from /home/airflow/.local/lib/python3.12/site-packages/airflow/example_dags/example_trigger_target_dag.py
[2024-09-22T11:43:41.623+0000] {logging_mixin.py:188} INFO - [2024-09-22T11:43:41.623+0000] {dag.py:3089} INFO - Sync 1 DAGs
[2024-09-22T11:43:41.651+0000] {logging_mixin.py:188} INFO - [2024-09-22T11:43:41.651+0000] {dag.py:3947} INFO - Setting next_dagrun for example_trigger_target_dag to None, run_after=None
[2024-09-22T11:43:42.374+0000] {processor.py:183} INFO - Processing /home/airflow/.local/lib/python3.12/site-packages/airflow/example_dags/example_trigger_target_dag.py took 0.973 seconds
[2024-09-22T11:44:12.555+0000] {processor.py:161} INFO - Started process (PID=2578) to work on /home/airflow/.local/lib/python3.12/site-packages/airflow/example_dags/example_trigger_target_dag.py
[2024-09-22T11:44:12.557+0000] {processor.py:830} INFO - Processing file /home/airflow/.local/lib/python3.12/site-packages/airflow/example_dags/example_trigger_target_dag.py for tasks to queue
[2024-09-22T11:44:12.559+0000] {logging_mixin.py:188} INFO - [2024-09-22T11:44:12.558+0000] {dagbag.py:545} INFO - Filling up the DagBag from /home/airflow/.local/lib/python3.12/site-packages/airflow/example_dags/example_trigger_target_dag.py
[2024-09-22T11:44:12.574+0000] {processor.py:840} INFO - DAG(s) 'example_trigger_target_dag' retrieved from /home/airflow/.local/lib/python3.12/site-packages/airflow/example_dags/example_trigger_target_dag.py
[2024-09-22T11:44:12.647+0000] {logging_mixin.py:188} INFO - [2024-09-22T11:44:12.646+0000] {dag.py:3089} INFO - Sync 1 DAGs
[2024-09-22T11:44:12.696+0000] {logging_mixin.py:188} INFO - [2024-09-22T11:44:12.696+0000] {dag.py:3947} INFO - Setting next_dagrun for example_trigger_target_dag to None, run_after=None
[2024-09-22T11:44:13.629+0000] {processor.py:183} INFO - Processing /home/airflow/.local/lib/python3.12/site-packages/airflow/example_dags/example_trigger_target_dag.py took 1.088 seconds
