[2024-09-22T11:13:23.710+0000] {processor.py:161} INFO - Started process (PID=50) to work on /home/airflow/.local/lib/python3.12/site-packages/airflow/example_dags/example_latest_only_with_trigger.py
[2024-09-22T11:13:23.711+0000] {processor.py:830} INFO - Processing file /home/airflow/.local/lib/python3.12/site-packages/airflow/example_dags/example_latest_only_with_trigger.py for tasks to queue
[2024-09-22T11:13:23.713+0000] {logging_mixin.py:188} INFO - [2024-09-22T11:13:23.713+0000] {dagbag.py:545} INFO - Filling up the DagBag from /home/airflow/.local/lib/python3.12/site-packages/airflow/example_dags/example_latest_only_with_trigger.py
[2024-09-22T11:13:23.724+0000] {processor.py:840} INFO - DAG(s) 'latest_only_with_trigger' retrieved from /home/airflow/.local/lib/python3.12/site-packages/airflow/example_dags/example_latest_only_with_trigger.py
[2024-09-22T11:13:23.768+0000] {logging_mixin.py:188} INFO - [2024-09-22T11:13:23.767+0000] {dag.py:3089} INFO - Sync 1 DAGs
[2024-09-22T11:13:23.803+0000] {logging_mixin.py:188} INFO - [2024-09-22T11:13:23.802+0000] {dag.py:3947} INFO - Setting next_dagrun for latest_only_with_trigger to 2024-09-22 04:00:00+00:00, run_after=2024-09-22 08:00:00+00:00
[2024-09-22T11:13:23.922+0000] {processor.py:183} INFO - Processing /home/airflow/.local/lib/python3.12/site-packages/airflow/example_dags/example_latest_only_with_trigger.py took 0.221 seconds
[2024-09-22T11:15:11.727+0000] {processor.py:161} INFO - Started process (PID=51) to work on /home/airflow/.local/lib/python3.12/site-packages/airflow/example_dags/example_latest_only_with_trigger.py
[2024-09-22T11:15:11.745+0000] {processor.py:830} INFO - Processing file /home/airflow/.local/lib/python3.12/site-packages/airflow/example_dags/example_latest_only_with_trigger.py for tasks to queue
[2024-09-22T11:15:11.748+0000] {logging_mixin.py:188} INFO - [2024-09-22T11:15:11.748+0000] {dagbag.py:545} INFO - Filling up the DagBag from /home/airflow/.local/lib/python3.12/site-packages/airflow/example_dags/example_latest_only_with_trigger.py
[2024-09-22T11:15:11.762+0000] {processor.py:840} INFO - DAG(s) 'latest_only_with_trigger' retrieved from /home/airflow/.local/lib/python3.12/site-packages/airflow/example_dags/example_latest_only_with_trigger.py
[2024-09-22T11:15:11.816+0000] {logging_mixin.py:188} INFO - [2024-09-22T11:15:11.816+0000] {dag.py:3089} INFO - Sync 1 DAGs
[2024-09-22T11:15:11.863+0000] {logging_mixin.py:188} INFO - [2024-09-22T11:15:11.863+0000] {dag.py:3947} INFO - Setting next_dagrun for latest_only_with_trigger to 2024-09-22 04:00:00+00:00, run_after=2024-09-22 08:00:00+00:00
[2024-09-22T11:15:11.998+0000] {processor.py:183} INFO - Processing /home/airflow/.local/lib/python3.12/site-packages/airflow/example_dags/example_latest_only_with_trigger.py took 0.282 seconds
[2024-09-22T11:15:47.046+0000] {processor.py:161} INFO - Started process (PID=115) to work on /home/airflow/.local/lib/python3.12/site-packages/airflow/example_dags/example_latest_only_with_trigger.py
[2024-09-22T11:15:47.155+0000] {processor.py:830} INFO - Processing file /home/airflow/.local/lib/python3.12/site-packages/airflow/example_dags/example_latest_only_with_trigger.py for tasks to queue
[2024-09-22T11:15:47.158+0000] {logging_mixin.py:188} INFO - [2024-09-22T11:15:47.157+0000] {dagbag.py:545} INFO - Filling up the DagBag from /home/airflow/.local/lib/python3.12/site-packages/airflow/example_dags/example_latest_only_with_trigger.py
[2024-09-22T11:15:47.166+0000] {processor.py:840} INFO - DAG(s) 'latest_only_with_trigger' retrieved from /home/airflow/.local/lib/python3.12/site-packages/airflow/example_dags/example_latest_only_with_trigger.py
[2024-09-22T11:15:47.195+0000] {logging_mixin.py:188} INFO - [2024-09-22T11:15:47.195+0000] {dag.py:3089} INFO - Sync 1 DAGs
[2024-09-22T11:15:47.234+0000] {logging_mixin.py:188} INFO - [2024-09-22T11:15:47.234+0000] {dag.py:3947} INFO - Setting next_dagrun for latest_only_with_trigger to 2024-09-22 08:00:00+00:00, run_after=2024-09-22 12:00:00+00:00
[2024-09-22T11:15:47.354+0000] {processor.py:183} INFO - Processing /home/airflow/.local/lib/python3.12/site-packages/airflow/example_dags/example_latest_only_with_trigger.py took 0.319 seconds
[2024-09-22T11:16:26.425+0000] {processor.py:161} INFO - Started process (PID=172) to work on /home/airflow/.local/lib/python3.12/site-packages/airflow/example_dags/example_latest_only_with_trigger.py
[2024-09-22T11:16:26.497+0000] {processor.py:830} INFO - Processing file /home/airflow/.local/lib/python3.12/site-packages/airflow/example_dags/example_latest_only_with_trigger.py for tasks to queue
[2024-09-22T11:16:26.503+0000] {logging_mixin.py:188} INFO - [2024-09-22T11:16:26.501+0000] {dagbag.py:545} INFO - Filling up the DagBag from /home/airflow/.local/lib/python3.12/site-packages/airflow/example_dags/example_latest_only_with_trigger.py
[2024-09-22T11:16:26.520+0000] {processor.py:840} INFO - DAG(s) 'latest_only_with_trigger' retrieved from /home/airflow/.local/lib/python3.12/site-packages/airflow/example_dags/example_latest_only_with_trigger.py
[2024-09-22T11:16:26.554+0000] {logging_mixin.py:188} INFO - [2024-09-22T11:16:26.554+0000] {dag.py:3089} INFO - Sync 1 DAGs
[2024-09-22T11:16:26.591+0000] {logging_mixin.py:188} INFO - [2024-09-22T11:16:26.591+0000] {dag.py:3947} INFO - Setting next_dagrun for latest_only_with_trigger to 2024-09-22 08:00:00+00:00, run_after=2024-09-22 12:00:00+00:00
[2024-09-22T11:16:26.713+0000] {processor.py:183} INFO - Processing /home/airflow/.local/lib/python3.12/site-packages/airflow/example_dags/example_latest_only_with_trigger.py took 0.296 seconds
[2024-09-22T11:17:07.408+0000] {processor.py:161} INFO - Started process (PID=244) to work on /home/airflow/.local/lib/python3.12/site-packages/airflow/example_dags/example_latest_only_with_trigger.py
[2024-09-22T11:17:07.471+0000] {processor.py:830} INFO - Processing file /home/airflow/.local/lib/python3.12/site-packages/airflow/example_dags/example_latest_only_with_trigger.py for tasks to queue
[2024-09-22T11:17:07.472+0000] {logging_mixin.py:188} INFO - [2024-09-22T11:17:07.472+0000] {dagbag.py:545} INFO - Filling up the DagBag from /home/airflow/.local/lib/python3.12/site-packages/airflow/example_dags/example_latest_only_with_trigger.py
[2024-09-22T11:17:07.502+0000] {processor.py:840} INFO - DAG(s) 'latest_only_with_trigger' retrieved from /home/airflow/.local/lib/python3.12/site-packages/airflow/example_dags/example_latest_only_with_trigger.py
[2024-09-22T11:17:07.546+0000] {logging_mixin.py:188} INFO - [2024-09-22T11:17:07.546+0000] {dag.py:3089} INFO - Sync 1 DAGs
[2024-09-22T11:17:07.589+0000] {logging_mixin.py:188} INFO - [2024-09-22T11:17:07.589+0000] {dag.py:3947} INFO - Setting next_dagrun for latest_only_with_trigger to 2024-09-22 08:00:00+00:00, run_after=2024-09-22 12:00:00+00:00
[2024-09-22T11:17:07.873+0000] {processor.py:183} INFO - Processing /home/airflow/.local/lib/python3.12/site-packages/airflow/example_dags/example_latest_only_with_trigger.py took 0.475 seconds
[2024-09-22T11:17:47.201+0000] {processor.py:161} INFO - Started process (PID=315) to work on /home/airflow/.local/lib/python3.12/site-packages/airflow/example_dags/example_latest_only_with_trigger.py
[2024-09-22T11:17:47.209+0000] {processor.py:830} INFO - Processing file /home/airflow/.local/lib/python3.12/site-packages/airflow/example_dags/example_latest_only_with_trigger.py for tasks to queue
[2024-09-22T11:17:47.210+0000] {logging_mixin.py:188} INFO - [2024-09-22T11:17:47.210+0000] {dagbag.py:545} INFO - Filling up the DagBag from /home/airflow/.local/lib/python3.12/site-packages/airflow/example_dags/example_latest_only_with_trigger.py
[2024-09-22T11:17:47.231+0000] {processor.py:840} INFO - DAG(s) 'latest_only_with_trigger' retrieved from /home/airflow/.local/lib/python3.12/site-packages/airflow/example_dags/example_latest_only_with_trigger.py
[2024-09-22T11:17:47.299+0000] {logging_mixin.py:188} INFO - [2024-09-22T11:17:47.299+0000] {dag.py:3089} INFO - Sync 1 DAGs
[2024-09-22T11:17:47.401+0000] {logging_mixin.py:188} INFO - [2024-09-22T11:17:47.400+0000] {dag.py:3947} INFO - Setting next_dagrun for latest_only_with_trigger to 2024-09-22 08:00:00+00:00, run_after=2024-09-22 12:00:00+00:00
[2024-09-22T11:17:47.736+0000] {processor.py:183} INFO - Processing /home/airflow/.local/lib/python3.12/site-packages/airflow/example_dags/example_latest_only_with_trigger.py took 0.545 seconds
[2024-09-22T11:18:31.176+0000] {processor.py:161} INFO - Started process (PID=414) to work on /home/airflow/.local/lib/python3.12/site-packages/airflow/example_dags/example_latest_only_with_trigger.py
[2024-09-22T11:18:31.296+0000] {processor.py:830} INFO - Processing file /home/airflow/.local/lib/python3.12/site-packages/airflow/example_dags/example_latest_only_with_trigger.py for tasks to queue
[2024-09-22T11:18:31.298+0000] {logging_mixin.py:188} INFO - [2024-09-22T11:18:31.297+0000] {dagbag.py:545} INFO - Filling up the DagBag from /home/airflow/.local/lib/python3.12/site-packages/airflow/example_dags/example_latest_only_with_trigger.py
[2024-09-22T11:18:31.313+0000] {processor.py:840} INFO - DAG(s) 'latest_only_with_trigger' retrieved from /home/airflow/.local/lib/python3.12/site-packages/airflow/example_dags/example_latest_only_with_trigger.py
[2024-09-22T11:18:31.395+0000] {logging_mixin.py:188} INFO - [2024-09-22T11:18:31.395+0000] {dag.py:3089} INFO - Sync 1 DAGs
[2024-09-22T11:18:31.437+0000] {logging_mixin.py:188} INFO - [2024-09-22T11:18:31.436+0000] {dag.py:3947} INFO - Setting next_dagrun for latest_only_with_trigger to 2024-09-22 08:00:00+00:00, run_after=2024-09-22 12:00:00+00:00
[2024-09-22T11:18:31.765+0000] {processor.py:183} INFO - Processing /home/airflow/.local/lib/python3.12/site-packages/airflow/example_dags/example_latest_only_with_trigger.py took 0.605 seconds
[2024-09-22T11:19:13.445+0000] {processor.py:161} INFO - Started process (PID=504) to work on /home/airflow/.local/lib/python3.12/site-packages/airflow/example_dags/example_latest_only_with_trigger.py
[2024-09-22T11:19:13.505+0000] {processor.py:830} INFO - Processing file /home/airflow/.local/lib/python3.12/site-packages/airflow/example_dags/example_latest_only_with_trigger.py for tasks to queue
[2024-09-22T11:19:13.517+0000] {logging_mixin.py:188} INFO - [2024-09-22T11:19:13.513+0000] {dagbag.py:545} INFO - Filling up the DagBag from /home/airflow/.local/lib/python3.12/site-packages/airflow/example_dags/example_latest_only_with_trigger.py
[2024-09-22T11:19:13.558+0000] {processor.py:840} INFO - DAG(s) 'latest_only_with_trigger' retrieved from /home/airflow/.local/lib/python3.12/site-packages/airflow/example_dags/example_latest_only_with_trigger.py
[2024-09-22T11:19:13.639+0000] {logging_mixin.py:188} INFO - [2024-09-22T11:19:13.638+0000] {dag.py:3089} INFO - Sync 1 DAGs
[2024-09-22T11:19:13.795+0000] {logging_mixin.py:188} INFO - [2024-09-22T11:19:13.795+0000] {dag.py:3947} INFO - Setting next_dagrun for latest_only_with_trigger to 2024-09-22 08:00:00+00:00, run_after=2024-09-22 12:00:00+00:00
[2024-09-22T11:19:14.109+0000] {processor.py:183} INFO - Processing /home/airflow/.local/lib/python3.12/site-packages/airflow/example_dags/example_latest_only_with_trigger.py took 0.701 seconds
[2024-09-22T11:19:45.778+0000] {processor.py:161} INFO - Started process (PID=572) to work on /home/airflow/.local/lib/python3.12/site-packages/airflow/example_dags/example_latest_only_with_trigger.py
[2024-09-22T11:19:45.863+0000] {processor.py:830} INFO - Processing file /home/airflow/.local/lib/python3.12/site-packages/airflow/example_dags/example_latest_only_with_trigger.py for tasks to queue
[2024-09-22T11:19:45.865+0000] {logging_mixin.py:188} INFO - [2024-09-22T11:19:45.864+0000] {dagbag.py:545} INFO - Filling up the DagBag from /home/airflow/.local/lib/python3.12/site-packages/airflow/example_dags/example_latest_only_with_trigger.py
[2024-09-22T11:19:45.895+0000] {processor.py:840} INFO - DAG(s) 'latest_only_with_trigger' retrieved from /home/airflow/.local/lib/python3.12/site-packages/airflow/example_dags/example_latest_only_with_trigger.py
[2024-09-22T11:19:46.049+0000] {logging_mixin.py:188} INFO - [2024-09-22T11:19:46.049+0000] {dag.py:3089} INFO - Sync 1 DAGs
[2024-09-22T11:19:46.162+0000] {logging_mixin.py:188} INFO - [2024-09-22T11:19:46.154+0000] {dag.py:3947} INFO - Setting next_dagrun for latest_only_with_trigger to 2024-09-22 08:00:00+00:00, run_after=2024-09-22 12:00:00+00:00
[2024-09-22T11:19:46.370+0000] {processor.py:183} INFO - Processing /home/airflow/.local/lib/python3.12/site-packages/airflow/example_dags/example_latest_only_with_trigger.py took 0.622 seconds
[2024-09-22T11:20:26.452+0000] {processor.py:161} INFO - Started process (PID=648) to work on /home/airflow/.local/lib/python3.12/site-packages/airflow/example_dags/example_latest_only_with_trigger.py
[2024-09-22T11:20:26.757+0000] {processor.py:830} INFO - Processing file /home/airflow/.local/lib/python3.12/site-packages/airflow/example_dags/example_latest_only_with_trigger.py for tasks to queue
[2024-09-22T11:20:26.758+0000] {logging_mixin.py:188} INFO - [2024-09-22T11:20:26.758+0000] {dagbag.py:545} INFO - Filling up the DagBag from /home/airflow/.local/lib/python3.12/site-packages/airflow/example_dags/example_latest_only_with_trigger.py
[2024-09-22T11:20:26.774+0000] {processor.py:840} INFO - DAG(s) 'latest_only_with_trigger' retrieved from /home/airflow/.local/lib/python3.12/site-packages/airflow/example_dags/example_latest_only_with_trigger.py
[2024-09-22T11:20:26.935+0000] {logging_mixin.py:188} INFO - [2024-09-22T11:20:26.931+0000] {dag.py:3089} INFO - Sync 1 DAGs
[2024-09-22T11:20:27.082+0000] {logging_mixin.py:188} INFO - [2024-09-22T11:20:27.082+0000] {dag.py:3947} INFO - Setting next_dagrun for latest_only_with_trigger to 2024-09-22 08:00:00+00:00, run_after=2024-09-22 12:00:00+00:00
[2024-09-22T11:20:27.402+0000] {processor.py:183} INFO - Processing /home/airflow/.local/lib/python3.12/site-packages/airflow/example_dags/example_latest_only_with_trigger.py took 0.971 seconds
[2024-09-22T11:21:05.160+0000] {processor.py:161} INFO - Started process (PID=721) to work on /home/airflow/.local/lib/python3.12/site-packages/airflow/example_dags/example_latest_only_with_trigger.py
[2024-09-22T11:21:05.441+0000] {processor.py:830} INFO - Processing file /home/airflow/.local/lib/python3.12/site-packages/airflow/example_dags/example_latest_only_with_trigger.py for tasks to queue
[2024-09-22T11:21:05.443+0000] {logging_mixin.py:188} INFO - [2024-09-22T11:21:05.442+0000] {dagbag.py:545} INFO - Filling up the DagBag from /home/airflow/.local/lib/python3.12/site-packages/airflow/example_dags/example_latest_only_with_trigger.py
[2024-09-22T11:21:05.465+0000] {processor.py:840} INFO - DAG(s) 'latest_only_with_trigger' retrieved from /home/airflow/.local/lib/python3.12/site-packages/airflow/example_dags/example_latest_only_with_trigger.py
[2024-09-22T11:21:05.545+0000] {logging_mixin.py:188} INFO - [2024-09-22T11:21:05.544+0000] {dag.py:3089} INFO - Sync 1 DAGs
[2024-09-22T11:21:05.601+0000] {logging_mixin.py:188} INFO - [2024-09-22T11:21:05.600+0000] {dag.py:3947} INFO - Setting next_dagrun for latest_only_with_trigger to 2024-09-22 08:00:00+00:00, run_after=2024-09-22 12:00:00+00:00
[2024-09-22T11:21:06.017+0000] {processor.py:183} INFO - Processing /home/airflow/.local/lib/python3.12/site-packages/airflow/example_dags/example_latest_only_with_trigger.py took 0.879 seconds
[2024-09-22T11:22:22.749+0000] {processor.py:161} INFO - Started process (PID=823) to work on /home/airflow/.local/lib/python3.12/site-packages/airflow/example_dags/example_latest_only_with_trigger.py
[2024-09-22T11:22:22.880+0000] {processor.py:830} INFO - Processing file /home/airflow/.local/lib/python3.12/site-packages/airflow/example_dags/example_latest_only_with_trigger.py for tasks to queue
[2024-09-22T11:22:22.883+0000] {logging_mixin.py:188} INFO - [2024-09-22T11:22:22.882+0000] {dagbag.py:545} INFO - Filling up the DagBag from /home/airflow/.local/lib/python3.12/site-packages/airflow/example_dags/example_latest_only_with_trigger.py
[2024-09-22T11:22:22.910+0000] {processor.py:840} INFO - DAG(s) 'latest_only_with_trigger' retrieved from /home/airflow/.local/lib/python3.12/site-packages/airflow/example_dags/example_latest_only_with_trigger.py
[2024-09-22T11:22:22.995+0000] {logging_mixin.py:188} INFO - [2024-09-22T11:22:22.995+0000] {dag.py:3089} INFO - Sync 1 DAGs
[2024-09-22T11:22:23.260+0000] {logging_mixin.py:188} INFO - [2024-09-22T11:22:23.259+0000] {dag.py:3947} INFO - Setting next_dagrun for latest_only_with_trigger to 2024-09-22 08:00:00+00:00, run_after=2024-09-22 12:00:00+00:00
[2024-09-22T11:22:23.824+0000] {processor.py:183} INFO - Processing /home/airflow/.local/lib/python3.12/site-packages/airflow/example_dags/example_latest_only_with_trigger.py took 1.089 seconds
[2024-09-22T11:23:07.199+0000] {processor.py:161} INFO - Started process (PID=880) to work on /home/airflow/.local/lib/python3.12/site-packages/airflow/example_dags/example_latest_only_with_trigger.py
[2024-09-22T11:23:07.357+0000] {processor.py:830} INFO - Processing file /home/airflow/.local/lib/python3.12/site-packages/airflow/example_dags/example_latest_only_with_trigger.py for tasks to queue
[2024-09-22T11:23:07.371+0000] {logging_mixin.py:188} INFO - [2024-09-22T11:23:07.366+0000] {dagbag.py:545} INFO - Filling up the DagBag from /home/airflow/.local/lib/python3.12/site-packages/airflow/example_dags/example_latest_only_with_trigger.py
[2024-09-22T11:23:07.441+0000] {processor.py:840} INFO - DAG(s) 'latest_only_with_trigger' retrieved from /home/airflow/.local/lib/python3.12/site-packages/airflow/example_dags/example_latest_only_with_trigger.py
[2024-09-22T11:23:07.713+0000] {logging_mixin.py:188} INFO - [2024-09-22T11:23:07.711+0000] {dag.py:3089} INFO - Sync 1 DAGs
[2024-09-22T11:23:07.864+0000] {logging_mixin.py:188} INFO - [2024-09-22T11:23:07.863+0000] {dag.py:3947} INFO - Setting next_dagrun for latest_only_with_trigger to 2024-09-22 08:00:00+00:00, run_after=2024-09-22 12:00:00+00:00
[2024-09-22T11:23:09.349+0000] {processor.py:183} INFO - Processing /home/airflow/.local/lib/python3.12/site-packages/airflow/example_dags/example_latest_only_with_trigger.py took 2.185 seconds
[2024-09-22T11:24:17.526+0000] {processor.py:161} INFO - Started process (PID=947) to work on /home/airflow/.local/lib/python3.12/site-packages/airflow/example_dags/example_latest_only_with_trigger.py
[2024-09-22T11:24:17.844+0000] {processor.py:830} INFO - Processing file /home/airflow/.local/lib/python3.12/site-packages/airflow/example_dags/example_latest_only_with_trigger.py for tasks to queue
[2024-09-22T11:24:17.847+0000] {logging_mixin.py:188} INFO - [2024-09-22T11:24:17.846+0000] {dagbag.py:545} INFO - Filling up the DagBag from /home/airflow/.local/lib/python3.12/site-packages/airflow/example_dags/example_latest_only_with_trigger.py
[2024-09-22T11:24:17.923+0000] {processor.py:840} INFO - DAG(s) 'latest_only_with_trigger' retrieved from /home/airflow/.local/lib/python3.12/site-packages/airflow/example_dags/example_latest_only_with_trigger.py
[2024-09-22T11:24:17.992+0000] {logging_mixin.py:188} INFO - [2024-09-22T11:24:17.991+0000] {dag.py:3089} INFO - Sync 1 DAGs
[2024-09-22T11:24:18.082+0000] {logging_mixin.py:188} INFO - [2024-09-22T11:24:18.082+0000] {dag.py:3947} INFO - Setting next_dagrun for latest_only_with_trigger to 2024-09-22 08:00:00+00:00, run_after=2024-09-22 12:00:00+00:00
[2024-09-22T11:24:18.558+0000] {processor.py:183} INFO - Processing /home/airflow/.local/lib/python3.12/site-packages/airflow/example_dags/example_latest_only_with_trigger.py took 1.039 seconds
[2024-09-22T11:25:25.125+0000] {processor.py:161} INFO - Started process (PID=1020) to work on /home/airflow/.local/lib/python3.12/site-packages/airflow/example_dags/example_latest_only_with_trigger.py
[2024-09-22T11:25:25.476+0000] {processor.py:830} INFO - Processing file /home/airflow/.local/lib/python3.12/site-packages/airflow/example_dags/example_latest_only_with_trigger.py for tasks to queue
[2024-09-22T11:25:25.479+0000] {logging_mixin.py:188} INFO - [2024-09-22T11:25:25.478+0000] {dagbag.py:545} INFO - Filling up the DagBag from /home/airflow/.local/lib/python3.12/site-packages/airflow/example_dags/example_latest_only_with_trigger.py
[2024-09-22T11:25:25.498+0000] {processor.py:840} INFO - DAG(s) 'latest_only_with_trigger' retrieved from /home/airflow/.local/lib/python3.12/site-packages/airflow/example_dags/example_latest_only_with_trigger.py
[2024-09-22T11:25:25.532+0000] {logging_mixin.py:188} INFO - [2024-09-22T11:25:25.532+0000] {dag.py:3089} INFO - Sync 1 DAGs
[2024-09-22T11:25:25.570+0000] {logging_mixin.py:188} INFO - [2024-09-22T11:25:25.570+0000] {dag.py:3947} INFO - Setting next_dagrun for latest_only_with_trigger to 2024-09-22 08:00:00+00:00, run_after=2024-09-22 12:00:00+00:00
[2024-09-22T11:25:26.198+0000] {processor.py:183} INFO - Processing /home/airflow/.local/lib/python3.12/site-packages/airflow/example_dags/example_latest_only_with_trigger.py took 1.083 seconds
[2024-09-22T11:26:28.662+0000] {processor.py:161} INFO - Started process (PID=1086) to work on /home/airflow/.local/lib/python3.12/site-packages/airflow/example_dags/example_latest_only_with_trigger.py
[2024-09-22T11:26:29.076+0000] {processor.py:830} INFO - Processing file /home/airflow/.local/lib/python3.12/site-packages/airflow/example_dags/example_latest_only_with_trigger.py for tasks to queue
[2024-09-22T11:26:29.077+0000] {logging_mixin.py:188} INFO - [2024-09-22T11:26:29.077+0000] {dagbag.py:545} INFO - Filling up the DagBag from /home/airflow/.local/lib/python3.12/site-packages/airflow/example_dags/example_latest_only_with_trigger.py
[2024-09-22T11:26:29.088+0000] {processor.py:840} INFO - DAG(s) 'latest_only_with_trigger' retrieved from /home/airflow/.local/lib/python3.12/site-packages/airflow/example_dags/example_latest_only_with_trigger.py
[2024-09-22T11:26:29.121+0000] {logging_mixin.py:188} INFO - [2024-09-22T11:26:29.121+0000] {dag.py:3089} INFO - Sync 1 DAGs
[2024-09-22T11:26:29.152+0000] {logging_mixin.py:188} INFO - [2024-09-22T11:26:29.151+0000] {dag.py:3947} INFO - Setting next_dagrun for latest_only_with_trigger to 2024-09-22 08:00:00+00:00, run_after=2024-09-22 12:00:00+00:00
[2024-09-22T11:26:29.352+0000] {processor.py:183} INFO - Processing /home/airflow/.local/lib/python3.12/site-packages/airflow/example_dags/example_latest_only_with_trigger.py took 0.802 seconds
[2024-09-22T11:28:05.469+0000] {processor.py:161} INFO - Started process (PID=1153) to work on /home/airflow/.local/lib/python3.12/site-packages/airflow/example_dags/example_latest_only_with_trigger.py
[2024-09-22T11:28:05.634+0000] {processor.py:830} INFO - Processing file /home/airflow/.local/lib/python3.12/site-packages/airflow/example_dags/example_latest_only_with_trigger.py for tasks to queue
[2024-09-22T11:28:05.636+0000] {logging_mixin.py:188} INFO - [2024-09-22T11:28:05.635+0000] {dagbag.py:545} INFO - Filling up the DagBag from /home/airflow/.local/lib/python3.12/site-packages/airflow/example_dags/example_latest_only_with_trigger.py
[2024-09-22T11:28:05.650+0000] {processor.py:840} INFO - DAG(s) 'latest_only_with_trigger' retrieved from /home/airflow/.local/lib/python3.12/site-packages/airflow/example_dags/example_latest_only_with_trigger.py
[2024-09-22T11:28:05.694+0000] {logging_mixin.py:188} INFO - [2024-09-22T11:28:05.693+0000] {dag.py:3089} INFO - Sync 1 DAGs
[2024-09-22T11:28:05.764+0000] {logging_mixin.py:188} INFO - [2024-09-22T11:28:05.764+0000] {dag.py:3947} INFO - Setting next_dagrun for latest_only_with_trigger to 2024-09-22 08:00:00+00:00, run_after=2024-09-22 12:00:00+00:00
[2024-09-22T11:28:06.014+0000] {processor.py:183} INFO - Processing /home/airflow/.local/lib/python3.12/site-packages/airflow/example_dags/example_latest_only_with_trigger.py took 0.557 seconds
[2024-09-22T11:28:39.961+0000] {processor.py:161} INFO - Started process (PID=1221) to work on /home/airflow/.local/lib/python3.12/site-packages/airflow/example_dags/example_latest_only_with_trigger.py
[2024-09-22T11:28:39.961+0000] {processor.py:830} INFO - Processing file /home/airflow/.local/lib/python3.12/site-packages/airflow/example_dags/example_latest_only_with_trigger.py for tasks to queue
[2024-09-22T11:28:39.963+0000] {logging_mixin.py:188} INFO - [2024-09-22T11:28:39.962+0000] {dagbag.py:545} INFO - Filling up the DagBag from /home/airflow/.local/lib/python3.12/site-packages/airflow/example_dags/example_latest_only_with_trigger.py
[2024-09-22T11:28:39.971+0000] {processor.py:840} INFO - DAG(s) 'latest_only_with_trigger' retrieved from /home/airflow/.local/lib/python3.12/site-packages/airflow/example_dags/example_latest_only_with_trigger.py
[2024-09-22T11:28:40.020+0000] {logging_mixin.py:188} INFO - [2024-09-22T11:28:40.019+0000] {dag.py:3089} INFO - Sync 1 DAGs
[2024-09-22T11:28:40.075+0000] {logging_mixin.py:188} INFO - [2024-09-22T11:28:40.074+0000] {dag.py:3947} INFO - Setting next_dagrun for latest_only_with_trigger to 2024-09-22 08:00:00+00:00, run_after=2024-09-22 12:00:00+00:00
[2024-09-22T11:28:40.709+0000] {processor.py:183} INFO - Processing /home/airflow/.local/lib/python3.12/site-packages/airflow/example_dags/example_latest_only_with_trigger.py took 0.756 seconds
[2024-09-22T11:29:13.828+0000] {processor.py:161} INFO - Started process (PID=1288) to work on /home/airflow/.local/lib/python3.12/site-packages/airflow/example_dags/example_latest_only_with_trigger.py
[2024-09-22T11:29:13.830+0000] {processor.py:830} INFO - Processing file /home/airflow/.local/lib/python3.12/site-packages/airflow/example_dags/example_latest_only_with_trigger.py for tasks to queue
[2024-09-22T11:29:13.832+0000] {logging_mixin.py:188} INFO - [2024-09-22T11:29:13.831+0000] {dagbag.py:545} INFO - Filling up the DagBag from /home/airflow/.local/lib/python3.12/site-packages/airflow/example_dags/example_latest_only_with_trigger.py
[2024-09-22T11:29:13.844+0000] {processor.py:840} INFO - DAG(s) 'latest_only_with_trigger' retrieved from /home/airflow/.local/lib/python3.12/site-packages/airflow/example_dags/example_latest_only_with_trigger.py
[2024-09-22T11:29:13.874+0000] {logging_mixin.py:188} INFO - [2024-09-22T11:29:13.874+0000] {dag.py:3089} INFO - Sync 1 DAGs
[2024-09-22T11:29:13.909+0000] {logging_mixin.py:188} INFO - [2024-09-22T11:29:13.908+0000] {dag.py:3947} INFO - Setting next_dagrun for latest_only_with_trigger to 2024-09-22 08:00:00+00:00, run_after=2024-09-22 12:00:00+00:00
[2024-09-22T11:29:14.191+0000] {processor.py:183} INFO - Processing /home/airflow/.local/lib/python3.12/site-packages/airflow/example_dags/example_latest_only_with_trigger.py took 0.374 seconds
[2024-09-22T11:29:44.921+0000] {processor.py:161} INFO - Started process (PID=1350) to work on /home/airflow/.local/lib/python3.12/site-packages/airflow/example_dags/example_latest_only_with_trigger.py
[2024-09-22T11:29:44.922+0000] {processor.py:830} INFO - Processing file /home/airflow/.local/lib/python3.12/site-packages/airflow/example_dags/example_latest_only_with_trigger.py for tasks to queue
[2024-09-22T11:29:44.924+0000] {logging_mixin.py:188} INFO - [2024-09-22T11:29:44.923+0000] {dagbag.py:545} INFO - Filling up the DagBag from /home/airflow/.local/lib/python3.12/site-packages/airflow/example_dags/example_latest_only_with_trigger.py
[2024-09-22T11:29:44.936+0000] {processor.py:840} INFO - DAG(s) 'latest_only_with_trigger' retrieved from /home/airflow/.local/lib/python3.12/site-packages/airflow/example_dags/example_latest_only_with_trigger.py
[2024-09-22T11:29:44.974+0000] {logging_mixin.py:188} INFO - [2024-09-22T11:29:44.974+0000] {dag.py:3089} INFO - Sync 1 DAGs
[2024-09-22T11:29:45.005+0000] {logging_mixin.py:188} INFO - [2024-09-22T11:29:45.004+0000] {dag.py:3947} INFO - Setting next_dagrun for latest_only_with_trigger to 2024-09-22 08:00:00+00:00, run_after=2024-09-22 12:00:00+00:00
[2024-09-22T11:29:45.200+0000] {processor.py:183} INFO - Processing /home/airflow/.local/lib/python3.12/site-packages/airflow/example_dags/example_latest_only_with_trigger.py took 0.291 seconds
[2024-09-22T11:30:17.689+0000] {processor.py:161} INFO - Started process (PID=1413) to work on /home/airflow/.local/lib/python3.12/site-packages/airflow/example_dags/example_latest_only_with_trigger.py
[2024-09-22T11:30:17.867+0000] {processor.py:830} INFO - Processing file /home/airflow/.local/lib/python3.12/site-packages/airflow/example_dags/example_latest_only_with_trigger.py for tasks to queue
[2024-09-22T11:30:17.871+0000] {logging_mixin.py:188} INFO - [2024-09-22T11:30:17.869+0000] {dagbag.py:545} INFO - Filling up the DagBag from /home/airflow/.local/lib/python3.12/site-packages/airflow/example_dags/example_latest_only_with_trigger.py
[2024-09-22T11:30:17.904+0000] {processor.py:840} INFO - DAG(s) 'latest_only_with_trigger' retrieved from /home/airflow/.local/lib/python3.12/site-packages/airflow/example_dags/example_latest_only_with_trigger.py
[2024-09-22T11:30:18.007+0000] {logging_mixin.py:188} INFO - [2024-09-22T11:30:18.006+0000] {dag.py:3089} INFO - Sync 1 DAGs
[2024-09-22T11:30:18.099+0000] {logging_mixin.py:188} INFO - [2024-09-22T11:30:18.099+0000] {dag.py:3947} INFO - Setting next_dagrun for latest_only_with_trigger to 2024-09-22 08:00:00+00:00, run_after=2024-09-22 12:00:00+00:00
[2024-09-22T11:30:18.331+0000] {processor.py:183} INFO - Processing /home/airflow/.local/lib/python3.12/site-packages/airflow/example_dags/example_latest_only_with_trigger.py took 0.660 seconds
[2024-09-22T11:30:48.963+0000] {processor.py:161} INFO - Started process (PID=1483) to work on /home/airflow/.local/lib/python3.12/site-packages/airflow/example_dags/example_latest_only_with_trigger.py
[2024-09-22T11:30:48.965+0000] {processor.py:830} INFO - Processing file /home/airflow/.local/lib/python3.12/site-packages/airflow/example_dags/example_latest_only_with_trigger.py for tasks to queue
[2024-09-22T11:30:48.968+0000] {logging_mixin.py:188} INFO - [2024-09-22T11:30:48.967+0000] {dagbag.py:545} INFO - Filling up the DagBag from /home/airflow/.local/lib/python3.12/site-packages/airflow/example_dags/example_latest_only_with_trigger.py
[2024-09-22T11:30:48.984+0000] {processor.py:840} INFO - DAG(s) 'latest_only_with_trigger' retrieved from /home/airflow/.local/lib/python3.12/site-packages/airflow/example_dags/example_latest_only_with_trigger.py
[2024-09-22T11:30:49.035+0000] {logging_mixin.py:188} INFO - [2024-09-22T11:30:49.035+0000] {dag.py:3089} INFO - Sync 1 DAGs
[2024-09-22T11:30:49.087+0000] {logging_mixin.py:188} INFO - [2024-09-22T11:30:49.086+0000] {dag.py:3947} INFO - Setting next_dagrun for latest_only_with_trigger to 2024-09-22 08:00:00+00:00, run_after=2024-09-22 12:00:00+00:00
[2024-09-22T11:30:49.442+0000] {processor.py:183} INFO - Processing /home/airflow/.local/lib/python3.12/site-packages/airflow/example_dags/example_latest_only_with_trigger.py took 0.497 seconds
[2024-09-22T11:31:31.335+0000] {processor.py:161} INFO - Started process (PID=1548) to work on /home/airflow/.local/lib/python3.12/site-packages/airflow/example_dags/example_latest_only_with_trigger.py
[2024-09-22T11:31:31.516+0000] {processor.py:830} INFO - Processing file /home/airflow/.local/lib/python3.12/site-packages/airflow/example_dags/example_latest_only_with_trigger.py for tasks to queue
[2024-09-22T11:31:31.519+0000] {logging_mixin.py:188} INFO - [2024-09-22T11:31:31.518+0000] {dagbag.py:545} INFO - Filling up the DagBag from /home/airflow/.local/lib/python3.12/site-packages/airflow/example_dags/example_latest_only_with_trigger.py
[2024-09-22T11:31:31.537+0000] {processor.py:840} INFO - DAG(s) 'latest_only_with_trigger' retrieved from /home/airflow/.local/lib/python3.12/site-packages/airflow/example_dags/example_latest_only_with_trigger.py
[2024-09-22T11:31:31.579+0000] {logging_mixin.py:188} INFO - [2024-09-22T11:31:31.579+0000] {dag.py:3089} INFO - Sync 1 DAGs
[2024-09-22T11:31:31.609+0000] {logging_mixin.py:188} INFO - [2024-09-22T11:31:31.609+0000] {dag.py:3947} INFO - Setting next_dagrun for latest_only_with_trigger to 2024-09-22 08:00:00+00:00, run_after=2024-09-22 12:00:00+00:00
[2024-09-22T11:31:31.823+0000] {processor.py:183} INFO - Processing /home/airflow/.local/lib/python3.12/site-packages/airflow/example_dags/example_latest_only_with_trigger.py took 0.581 seconds
[2024-09-22T11:32:46.141+0000] {processor.py:161} INFO - Started process (PID=1627) to work on /home/airflow/.local/lib/python3.12/site-packages/airflow/example_dags/example_latest_only_with_trigger.py
[2024-09-22T11:32:46.468+0000] {processor.py:830} INFO - Processing file /home/airflow/.local/lib/python3.12/site-packages/airflow/example_dags/example_latest_only_with_trigger.py for tasks to queue
[2024-09-22T11:32:46.469+0000] {logging_mixin.py:188} INFO - [2024-09-22T11:32:46.468+0000] {dagbag.py:545} INFO - Filling up the DagBag from /home/airflow/.local/lib/python3.12/site-packages/airflow/example_dags/example_latest_only_with_trigger.py
[2024-09-22T11:32:46.477+0000] {processor.py:840} INFO - DAG(s) 'latest_only_with_trigger' retrieved from /home/airflow/.local/lib/python3.12/site-packages/airflow/example_dags/example_latest_only_with_trigger.py
[2024-09-22T11:32:46.514+0000] {logging_mixin.py:188} INFO - [2024-09-22T11:32:46.513+0000] {dag.py:3089} INFO - Sync 1 DAGs
[2024-09-22T11:32:46.549+0000] {logging_mixin.py:188} INFO - [2024-09-22T11:32:46.549+0000] {dag.py:3947} INFO - Setting next_dagrun for latest_only_with_trigger to 2024-09-22 08:00:00+00:00, run_after=2024-09-22 12:00:00+00:00
[2024-09-22T11:32:46.876+0000] {processor.py:183} INFO - Processing /home/airflow/.local/lib/python3.12/site-packages/airflow/example_dags/example_latest_only_with_trigger.py took 0.747 seconds
[2024-09-22T11:33:24.743+0000] {processor.py:161} INFO - Started process (PID=1698) to work on /home/airflow/.local/lib/python3.12/site-packages/airflow/example_dags/example_latest_only_with_trigger.py
[2024-09-22T11:33:24.993+0000] {processor.py:830} INFO - Processing file /home/airflow/.local/lib/python3.12/site-packages/airflow/example_dags/example_latest_only_with_trigger.py for tasks to queue
[2024-09-22T11:33:24.995+0000] {logging_mixin.py:188} INFO - [2024-09-22T11:33:24.994+0000] {dagbag.py:545} INFO - Filling up the DagBag from /home/airflow/.local/lib/python3.12/site-packages/airflow/example_dags/example_latest_only_with_trigger.py
[2024-09-22T11:33:25.006+0000] {processor.py:840} INFO - DAG(s) 'latest_only_with_trigger' retrieved from /home/airflow/.local/lib/python3.12/site-packages/airflow/example_dags/example_latest_only_with_trigger.py
[2024-09-22T11:33:25.043+0000] {logging_mixin.py:188} INFO - [2024-09-22T11:33:25.042+0000] {dag.py:3089} INFO - Sync 1 DAGs
[2024-09-22T11:33:25.086+0000] {logging_mixin.py:188} INFO - [2024-09-22T11:33:25.086+0000] {dag.py:3947} INFO - Setting next_dagrun for latest_only_with_trigger to 2024-09-22 08:00:00+00:00, run_after=2024-09-22 12:00:00+00:00
[2024-09-22T11:33:25.561+0000] {processor.py:183} INFO - Processing /home/airflow/.local/lib/python3.12/site-packages/airflow/example_dags/example_latest_only_with_trigger.py took 0.826 seconds
[2024-09-22T11:33:56.327+0000] {processor.py:161} INFO - Started process (PID=1767) to work on /home/airflow/.local/lib/python3.12/site-packages/airflow/example_dags/example_latest_only_with_trigger.py
[2024-09-22T11:33:56.396+0000] {processor.py:830} INFO - Processing file /home/airflow/.local/lib/python3.12/site-packages/airflow/example_dags/example_latest_only_with_trigger.py for tasks to queue
[2024-09-22T11:33:56.401+0000] {logging_mixin.py:188} INFO - [2024-09-22T11:33:56.400+0000] {dagbag.py:545} INFO - Filling up the DagBag from /home/airflow/.local/lib/python3.12/site-packages/airflow/example_dags/example_latest_only_with_trigger.py
[2024-09-22T11:33:56.431+0000] {processor.py:840} INFO - DAG(s) 'latest_only_with_trigger' retrieved from /home/airflow/.local/lib/python3.12/site-packages/airflow/example_dags/example_latest_only_with_trigger.py
[2024-09-22T11:33:56.557+0000] {logging_mixin.py:188} INFO - [2024-09-22T11:33:56.556+0000] {dag.py:3089} INFO - Sync 1 DAGs
[2024-09-22T11:33:56.699+0000] {logging_mixin.py:188} INFO - [2024-09-22T11:33:56.699+0000] {dag.py:3947} INFO - Setting next_dagrun for latest_only_with_trigger to 2024-09-22 08:00:00+00:00, run_after=2024-09-22 12:00:00+00:00
[2024-09-22T11:33:57.248+0000] {processor.py:183} INFO - Processing /home/airflow/.local/lib/python3.12/site-packages/airflow/example_dags/example_latest_only_with_trigger.py took 0.954 seconds
[2024-09-22T11:34:27.730+0000] {processor.py:161} INFO - Started process (PID=1830) to work on /home/airflow/.local/lib/python3.12/site-packages/airflow/example_dags/example_latest_only_with_trigger.py
[2024-09-22T11:34:27.732+0000] {processor.py:830} INFO - Processing file /home/airflow/.local/lib/python3.12/site-packages/airflow/example_dags/example_latest_only_with_trigger.py for tasks to queue
[2024-09-22T11:34:27.733+0000] {logging_mixin.py:188} INFO - [2024-09-22T11:34:27.732+0000] {dagbag.py:545} INFO - Filling up the DagBag from /home/airflow/.local/lib/python3.12/site-packages/airflow/example_dags/example_latest_only_with_trigger.py
[2024-09-22T11:34:27.744+0000] {processor.py:840} INFO - DAG(s) 'latest_only_with_trigger' retrieved from /home/airflow/.local/lib/python3.12/site-packages/airflow/example_dags/example_latest_only_with_trigger.py
[2024-09-22T11:34:27.779+0000] {logging_mixin.py:188} INFO - [2024-09-22T11:34:27.779+0000] {dag.py:3089} INFO - Sync 1 DAGs
[2024-09-22T11:34:27.823+0000] {logging_mixin.py:188} INFO - [2024-09-22T11:34:27.822+0000] {dag.py:3947} INFO - Setting next_dagrun for latest_only_with_trigger to 2024-09-22 08:00:00+00:00, run_after=2024-09-22 12:00:00+00:00
[2024-09-22T11:34:28.150+0000] {processor.py:183} INFO - Processing /home/airflow/.local/lib/python3.12/site-packages/airflow/example_dags/example_latest_only_with_trigger.py took 0.433 seconds
[2024-09-22T11:35:01.788+0000] {processor.py:161} INFO - Started process (PID=1888) to work on /home/airflow/.local/lib/python3.12/site-packages/airflow/example_dags/example_latest_only_with_trigger.py
[2024-09-22T11:35:01.927+0000] {processor.py:830} INFO - Processing file /home/airflow/.local/lib/python3.12/site-packages/airflow/example_dags/example_latest_only_with_trigger.py for tasks to queue
[2024-09-22T11:35:01.929+0000] {logging_mixin.py:188} INFO - [2024-09-22T11:35:01.928+0000] {dagbag.py:545} INFO - Filling up the DagBag from /home/airflow/.local/lib/python3.12/site-packages/airflow/example_dags/example_latest_only_with_trigger.py
[2024-09-22T11:35:01.938+0000] {processor.py:840} INFO - DAG(s) 'latest_only_with_trigger' retrieved from /home/airflow/.local/lib/python3.12/site-packages/airflow/example_dags/example_latest_only_with_trigger.py
[2024-09-22T11:35:01.966+0000] {logging_mixin.py:188} INFO - [2024-09-22T11:35:01.965+0000] {dag.py:3089} INFO - Sync 1 DAGs
[2024-09-22T11:35:01.997+0000] {logging_mixin.py:188} INFO - [2024-09-22T11:35:01.997+0000] {dag.py:3947} INFO - Setting next_dagrun for latest_only_with_trigger to 2024-09-22 08:00:00+00:00, run_after=2024-09-22 12:00:00+00:00
[2024-09-22T11:35:02.299+0000] {processor.py:183} INFO - Processing /home/airflow/.local/lib/python3.12/site-packages/airflow/example_dags/example_latest_only_with_trigger.py took 0.519 seconds
[2024-09-22T11:35:39.696+0000] {processor.py:161} INFO - Started process (PID=1948) to work on /home/airflow/.local/lib/python3.12/site-packages/airflow/example_dags/example_latest_only_with_trigger.py
[2024-09-22T11:35:39.830+0000] {processor.py:830} INFO - Processing file /home/airflow/.local/lib/python3.12/site-packages/airflow/example_dags/example_latest_only_with_trigger.py for tasks to queue
[2024-09-22T11:35:39.834+0000] {logging_mixin.py:188} INFO - [2024-09-22T11:35:39.833+0000] {dagbag.py:545} INFO - Filling up the DagBag from /home/airflow/.local/lib/python3.12/site-packages/airflow/example_dags/example_latest_only_with_trigger.py
[2024-09-22T11:35:39.848+0000] {processor.py:840} INFO - DAG(s) 'latest_only_with_trigger' retrieved from /home/airflow/.local/lib/python3.12/site-packages/airflow/example_dags/example_latest_only_with_trigger.py
[2024-09-22T11:35:39.939+0000] {logging_mixin.py:188} INFO - [2024-09-22T11:35:39.939+0000] {dag.py:3089} INFO - Sync 1 DAGs
[2024-09-22T11:35:39.996+0000] {logging_mixin.py:188} INFO - [2024-09-22T11:35:39.996+0000] {dag.py:3947} INFO - Setting next_dagrun for latest_only_with_trigger to 2024-09-22 08:00:00+00:00, run_after=2024-09-22 12:00:00+00:00
[2024-09-22T11:35:40.644+0000] {processor.py:183} INFO - Processing /home/airflow/.local/lib/python3.12/site-packages/airflow/example_dags/example_latest_only_with_trigger.py took 0.966 seconds
[2024-09-22T11:37:16.134+0000] {processor.py:161} INFO - Started process (PID=2044) to work on /home/airflow/.local/lib/python3.12/site-packages/airflow/example_dags/example_latest_only_with_trigger.py
[2024-09-22T11:37:16.807+0000] {processor.py:830} INFO - Processing file /home/airflow/.local/lib/python3.12/site-packages/airflow/example_dags/example_latest_only_with_trigger.py for tasks to queue
[2024-09-22T11:37:18.393+0000] {logging_mixin.py:188} INFO - [2024-09-22T11:37:17.594+0000] {dagbag.py:545} INFO - Filling up the DagBag from /home/airflow/.local/lib/python3.12/site-packages/airflow/example_dags/example_latest_only_with_trigger.py
[2024-09-22T11:37:27.643+0000] {processor.py:840} INFO - DAG(s) 'latest_only_with_trigger' retrieved from /home/airflow/.local/lib/python3.12/site-packages/airflow/example_dags/example_latest_only_with_trigger.py
[2024-09-22T11:37:39.243+0000] {logging_mixin.py:188} INFO - [2024-09-22T11:37:39.242+0000] {dag.py:3089} INFO - Sync 1 DAGs
[2024-09-22T11:37:49.951+0000] {logging_mixin.py:188} INFO - [2024-09-22T11:37:49.951+0000] {dag.py:3947} INFO - Setting next_dagrun for latest_only_with_trigger to 2024-09-22 08:00:00+00:00, run_after=2024-09-22 12:00:00+00:00
[2024-09-22T11:41:33.977+0000] {processor.py:161} INFO - Started process (PID=2180) to work on /home/airflow/.local/lib/python3.12/site-packages/airflow/example_dags/example_latest_only_with_trigger.py
[2024-09-22T11:41:34.099+0000] {processor.py:830} INFO - Processing file /home/airflow/.local/lib/python3.12/site-packages/airflow/example_dags/example_latest_only_with_trigger.py for tasks to queue
[2024-09-22T11:41:34.101+0000] {logging_mixin.py:188} INFO - [2024-09-22T11:41:34.100+0000] {dagbag.py:545} INFO - Filling up the DagBag from /home/airflow/.local/lib/python3.12/site-packages/airflow/example_dags/example_latest_only_with_trigger.py
[2024-09-22T11:41:34.116+0000] {processor.py:840} INFO - DAG(s) 'latest_only_with_trigger' retrieved from /home/airflow/.local/lib/python3.12/site-packages/airflow/example_dags/example_latest_only_with_trigger.py
[2024-09-22T11:41:34.152+0000] {logging_mixin.py:188} INFO - [2024-09-22T11:41:34.152+0000] {dag.py:3089} INFO - Sync 1 DAGs
[2024-09-22T11:41:34.188+0000] {logging_mixin.py:188} INFO - [2024-09-22T11:41:34.187+0000] {dag.py:3947} INFO - Setting next_dagrun for latest_only_with_trigger to 2024-09-22 08:00:00+00:00, run_after=2024-09-22 12:00:00+00:00
[2024-09-22T11:41:34.553+0000] {processor.py:183} INFO - Processing /home/airflow/.local/lib/python3.12/site-packages/airflow/example_dags/example_latest_only_with_trigger.py took 0.595 seconds
[2024-09-22T11:42:06.539+0000] {processor.py:161} INFO - Started process (PID=2247) to work on /home/airflow/.local/lib/python3.12/site-packages/airflow/example_dags/example_latest_only_with_trigger.py
[2024-09-22T11:42:06.540+0000] {processor.py:830} INFO - Processing file /home/airflow/.local/lib/python3.12/site-packages/airflow/example_dags/example_latest_only_with_trigger.py for tasks to queue
[2024-09-22T11:42:06.542+0000] {logging_mixin.py:188} INFO - [2024-09-22T11:42:06.541+0000] {dagbag.py:545} INFO - Filling up the DagBag from /home/airflow/.local/lib/python3.12/site-packages/airflow/example_dags/example_latest_only_with_trigger.py
[2024-09-22T11:42:06.563+0000] {processor.py:840} INFO - DAG(s) 'latest_only_with_trigger' retrieved from /home/airflow/.local/lib/python3.12/site-packages/airflow/example_dags/example_latest_only_with_trigger.py
[2024-09-22T11:42:06.626+0000] {logging_mixin.py:188} INFO - [2024-09-22T11:42:06.624+0000] {dag.py:3089} INFO - Sync 1 DAGs
[2024-09-22T11:42:06.669+0000] {logging_mixin.py:188} INFO - [2024-09-22T11:42:06.668+0000] {dag.py:3947} INFO - Setting next_dagrun for latest_only_with_trigger to 2024-09-22 08:00:00+00:00, run_after=2024-09-22 12:00:00+00:00
[2024-09-22T11:42:07.027+0000] {processor.py:183} INFO - Processing /home/airflow/.local/lib/python3.12/site-packages/airflow/example_dags/example_latest_only_with_trigger.py took 0.498 seconds
[2024-09-22T11:42:40.719+0000] {processor.py:161} INFO - Started process (PID=2326) to work on /home/airflow/.local/lib/python3.12/site-packages/airflow/example_dags/example_latest_only_with_trigger.py
[2024-09-22T11:42:40.905+0000] {processor.py:830} INFO - Processing file /home/airflow/.local/lib/python3.12/site-packages/airflow/example_dags/example_latest_only_with_trigger.py for tasks to queue
[2024-09-22T11:42:40.909+0000] {logging_mixin.py:188} INFO - [2024-09-22T11:42:40.908+0000] {dagbag.py:545} INFO - Filling up the DagBag from /home/airflow/.local/lib/python3.12/site-packages/airflow/example_dags/example_latest_only_with_trigger.py
[2024-09-22T11:42:40.951+0000] {processor.py:840} INFO - DAG(s) 'latest_only_with_trigger' retrieved from /home/airflow/.local/lib/python3.12/site-packages/airflow/example_dags/example_latest_only_with_trigger.py
[2024-09-22T11:42:41.050+0000] {logging_mixin.py:188} INFO - [2024-09-22T11:42:41.049+0000] {dag.py:3089} INFO - Sync 1 DAGs
[2024-09-22T11:42:41.163+0000] {logging_mixin.py:188} INFO - [2024-09-22T11:42:41.162+0000] {dag.py:3947} INFO - Setting next_dagrun for latest_only_with_trigger to 2024-09-22 08:00:00+00:00, run_after=2024-09-22 12:00:00+00:00
[2024-09-22T11:42:41.588+0000] {processor.py:183} INFO - Processing /home/airflow/.local/lib/python3.12/site-packages/airflow/example_dags/example_latest_only_with_trigger.py took 0.886 seconds
[2024-09-22T11:43:11.829+0000] {processor.py:161} INFO - Started process (PID=2413) to work on /home/airflow/.local/lib/python3.12/site-packages/airflow/example_dags/example_latest_only_with_trigger.py
[2024-09-22T11:43:11.863+0000] {processor.py:830} INFO - Processing file /home/airflow/.local/lib/python3.12/site-packages/airflow/example_dags/example_latest_only_with_trigger.py for tasks to queue
[2024-09-22T11:43:11.864+0000] {logging_mixin.py:188} INFO - [2024-09-22T11:43:11.864+0000] {dagbag.py:545} INFO - Filling up the DagBag from /home/airflow/.local/lib/python3.12/site-packages/airflow/example_dags/example_latest_only_with_trigger.py
[2024-09-22T11:43:11.884+0000] {processor.py:840} INFO - DAG(s) 'latest_only_with_trigger' retrieved from /home/airflow/.local/lib/python3.12/site-packages/airflow/example_dags/example_latest_only_with_trigger.py
[2024-09-22T11:43:11.949+0000] {logging_mixin.py:188} INFO - [2024-09-22T11:43:11.949+0000] {dag.py:3089} INFO - Sync 1 DAGs
[2024-09-22T11:43:12.045+0000] {logging_mixin.py:188} INFO - [2024-09-22T11:43:12.040+0000] {dag.py:3947} INFO - Setting next_dagrun for latest_only_with_trigger to 2024-09-22 08:00:00+00:00, run_after=2024-09-22 12:00:00+00:00
[2024-09-22T11:43:12.221+0000] {processor.py:183} INFO - Processing /home/airflow/.local/lib/python3.12/site-packages/airflow/example_dags/example_latest_only_with_trigger.py took 0.412 seconds
[2024-09-22T11:43:43.110+0000] {processor.py:161} INFO - Started process (PID=2504) to work on /home/airflow/.local/lib/python3.12/site-packages/airflow/example_dags/example_latest_only_with_trigger.py
[2024-09-22T11:43:43.114+0000] {processor.py:830} INFO - Processing file /home/airflow/.local/lib/python3.12/site-packages/airflow/example_dags/example_latest_only_with_trigger.py for tasks to queue
[2024-09-22T11:43:43.115+0000] {logging_mixin.py:188} INFO - [2024-09-22T11:43:43.114+0000] {dagbag.py:545} INFO - Filling up the DagBag from /home/airflow/.local/lib/python3.12/site-packages/airflow/example_dags/example_latest_only_with_trigger.py
[2024-09-22T11:43:43.126+0000] {processor.py:840} INFO - DAG(s) 'latest_only_with_trigger' retrieved from /home/airflow/.local/lib/python3.12/site-packages/airflow/example_dags/example_latest_only_with_trigger.py
[2024-09-22T11:43:43.198+0000] {logging_mixin.py:188} INFO - [2024-09-22T11:43:43.197+0000] {dag.py:3089} INFO - Sync 1 DAGs
[2024-09-22T11:43:43.262+0000] {logging_mixin.py:188} INFO - [2024-09-22T11:43:43.262+0000] {dag.py:3947} INFO - Setting next_dagrun for latest_only_with_trigger to 2024-09-22 08:00:00+00:00, run_after=2024-09-22 12:00:00+00:00
[2024-09-22T11:43:43.595+0000] {processor.py:183} INFO - Processing /home/airflow/.local/lib/python3.12/site-packages/airflow/example_dags/example_latest_only_with_trigger.py took 0.503 seconds
            