[2024-09-22T11:13:29.677+0000] {processor.py:161} INFO - Started process (PID=72) to work on /home/airflow/.local/lib/python3.12/site-packages/airflow/example_dags/example_short_circuit_decorator.py
[2024-09-22T11:13:29.680+0000] {processor.py:830} INFO - Processing file /home/airflow/.local/lib/python3.12/site-packages/airflow/example_dags/example_short_circuit_decorator.py for tasks to queue
[2024-09-22T11:13:29.687+0000] {logging_mixin.py:188} INFO - [2024-09-22T11:13:29.686+0000] {dagbag.py:545} INFO - Filling up the DagBag from /home/airflow/.local/lib/python3.12/site-packages/airflow/example_dags/example_short_circuit_decorator.py
[2024-09-22T11:13:29.732+0000] {processor.py:840} INFO - DAG(s) 'example_short_circuit_decorator' retrieved from /home/airflow/.local/lib/python3.12/site-packages/airflow/example_dags/example_short_circuit_decorator.py
[2024-09-22T11:13:29.891+0000] {logging_mixin.py:188} INFO - [2024-09-22T11:13:29.890+0000] {dag.py:3089} INFO - Sync 1 DAGs
[2024-09-22T11:13:30.482+0000] {logging_mixin.py:188} INFO - [2024-09-22T11:13:30.481+0000] {dag.py:3947} INFO - Setting next_dagrun for example_short_circuit_decorator to 2024-09-21 00:00:00+00:00, run_after=2024-09-22 00:00:00+00:00
[2024-09-22T11:13:30.680+0000] {processor.py:183} INFO - Processing /home/airflow/.local/lib/python3.12/site-packages/airflow/example_dags/example_short_circuit_decorator.py took 1.051 seconds
[2024-09-22T11:15:17.138+0000] {processor.py:161} INFO - Started process (PID=73) to work on /home/airflow/.local/lib/python3.12/site-packages/airflow/example_dags/example_short_circuit_decorator.py
[2024-09-22T11:15:17.204+0000] {processor.py:830} INFO - Processing file /home/airflow/.local/lib/python3.12/site-packages/airflow/example_dags/example_short_circuit_decorator.py for tasks to queue
[2024-09-22T11:15:17.207+0000] {logging_mixin.py:188} INFO - [2024-09-22T11:15:17.207+0000] {dagbag.py:545} INFO - Filling up the DagBag from /home/airflow/.local/lib/python3.12/site-packages/airflow/example_dags/example_short_circuit_decorator.py
[2024-09-22T11:15:17.238+0000] {processor.py:840} INFO - DAG(s) 'example_short_circuit_decorator' retrieved from /home/airflow/.local/lib/python3.12/site-packages/airflow/example_dags/example_short_circuit_decorator.py
[2024-09-22T11:15:17.320+0000] {logging_mixin.py:188} INFO - [2024-09-22T11:15:17.319+0000] {dag.py:3089} INFO - Sync 1 DAGs
[2024-09-22T11:15:17.378+0000] {logging_mixin.py:188} INFO - [2024-09-22T11:15:17.377+0000] {dag.py:3947} INFO - Setting next_dagrun for example_short_circuit_decorator to 2024-09-21 00:00:00+00:00, run_after=2024-09-22 00:00:00+00:00
[2024-09-22T11:15:17.513+0000] {processor.py:183} INFO - Processing /home/airflow/.local/lib/python3.12/site-packages/airflow/example_dags/example_short_circuit_decorator.py took 0.388 seconds
[2024-09-22T11:15:54.612+0000] {processor.py:161} INFO - Started process (PID=132) to work on /home/airflow/.local/lib/python3.12/site-packages/airflow/example_dags/example_short_circuit_decorator.py
[2024-09-22T11:15:54.665+0000] {processor.py:830} INFO - Processing file /home/airflow/.local/lib/python3.12/site-packages/airflow/example_dags/example_short_circuit_decorator.py for tasks to queue
[2024-09-22T11:15:54.668+0000] {logging_mixin.py:188} INFO - [2024-09-22T11:15:54.667+0000] {dagbag.py:545} INFO - Filling up the DagBag from /home/airflow/.local/lib/python3.12/site-packages/airflow/example_dags/example_short_circuit_decorator.py
[2024-09-22T11:15:54.681+0000] {processor.py:840} INFO - DAG(s) 'example_short_circuit_decorator' retrieved from /home/airflow/.local/lib/python3.12/site-packages/airflow/example_dags/example_short_circuit_decorator.py
[2024-09-22T11:15:54.713+0000] {logging_mixin.py:188} INFO - [2024-09-22T11:15:54.712+0000] {dag.py:3089} INFO - Sync 1 DAGs
[2024-09-22T11:15:54.742+0000] {logging_mixin.py:188} INFO - [2024-09-22T11:15:54.742+0000] {dag.py:3947} INFO - Setting next_dagrun for example_short_circuit_decorator to 2024-09-22 00:00:00+00:00, run_after=2024-09-23 00:00:00+00:00
[2024-09-22T11:15:54.855+0000] {processor.py:183} INFO - Processing /home/airflow/.local/lib/python3.12/site-packages/airflow/example_dags/example_short_circuit_decorator.py took 0.250 seconds
[2024-09-22T11:16:36.873+0000] {processor.py:161} INFO - Started process (PID=196) to work on /home/airflow/.local/lib/python3.12/site-packages/airflow/example_dags/example_short_circuit_decorator.py
[2024-09-22T11:16:36.932+0000] {processor.py:830} INFO - Processing file /home/airflow/.local/lib/python3.12/site-packages/airflow/example_dags/example_short_circuit_decorator.py for tasks to queue
[2024-09-22T11:16:36.941+0000] {logging_mixin.py:188} INFO - [2024-09-22T11:16:36.939+0000] {dagbag.py:545} INFO - Filling up the DagBag from /home/airflow/.local/lib/python3.12/site-packages/airflow/example_dags/example_short_circuit_decorator.py
[2024-09-22T11:16:36.993+0000] {processor.py:840} INFO - DAG(s) 'example_short_circuit_decorator' retrieved from /home/airflow/.local/lib/python3.12/site-packages/airflow/example_dags/example_short_circuit_decorator.py
[2024-09-22T11:16:42.194+0000] {logging_mixin.py:188} INFO - [2024-09-22T11:16:42.194+0000] {dag.py:3089} INFO - Sync 1 DAGs
[2024-09-22T11:16:42.254+0000] {logging_mixin.py:188} INFO - [2024-09-22T11:16:42.253+0000] {dag.py:3947} INFO - Setting next_dagrun for example_short_circuit_decorator to 2024-09-22 00:00:00+00:00, run_after=2024-09-23 00:00:00+00:00
[2024-09-22T11:16:42.886+0000] {processor.py:183} INFO - Processing /home/airflow/.local/lib/python3.12/site-packages/airflow/example_dags/example_short_circuit_decorator.py took 6.069 seconds
[2024-09-22T11:17:25.349+0000] {processor.py:161} INFO - Started process (PID=269) to work on /home/airflow/.local/lib/python3.12/site-packages/airflow/example_dags/example_short_circuit_decorator.py
[2024-09-22T11:17:25.418+0000] {processor.py:830} INFO - Processing file /home/airflow/.local/lib/python3.12/site-packages/airflow/example_dags/example_short_circuit_decorator.py for tasks to queue
[2024-09-22T11:17:25.430+0000] {logging_mixin.py:188} INFO - [2024-09-22T11:17:25.428+0000] {dagbag.py:545} INFO - Filling up the DagBag from /home/airflow/.local/lib/python3.12/site-packages/airflow/example_dags/example_short_circuit_decorator.py
[2024-09-22T11:17:25.479+0000] {processor.py:840} INFO - DAG(s) 'example_short_circuit_decorator' retrieved from /home/airflow/.local/lib/python3.12/site-packages/airflow/example_dags/example_short_circuit_decorator.py
[2024-09-22T11:17:25.605+0000] {logging_mixin.py:188} INFO - [2024-09-22T11:17:25.604+0000] {dag.py:3089} INFO - Sync 1 DAGs
[2024-09-22T11:17:25.677+0000] {logging_mixin.py:188} INFO - [2024-09-22T11:17:25.673+0000] {dag.py:3947} INFO - Setting next_dagrun for example_short_circuit_decorator to 2024-09-22 00:00:00+00:00, run_after=2024-09-23 00:00:00+00:00
[2024-09-22T11:17:25.997+0000] {processor.py:183} INFO - Processing /home/airflow/.local/lib/python3.12/site-packages/airflow/example_dags/example_short_circuit_decorator.py took 0.667 seconds
[2024-09-22T11:17:56.335+0000] {processor.py:161} INFO - Started process (PID=353) to work on /home/airflow/.local/lib/python3.12/site-packages/airflow/example_dags/example_short_circuit_decorator.py
[2024-09-22T11:17:56.339+0000] {processor.py:830} INFO - Processing file /home/airflow/.local/lib/python3.12/site-packages/airflow/example_dags/example_short_circuit_decorator.py for tasks to queue
[2024-09-22T11:17:56.341+0000] {logging_mixin.py:188} INFO - [2024-09-22T11:17:56.340+0000] {dagbag.py:545} INFO - Filling up the DagBag from /home/airflow/.local/lib/python3.12/site-packages/airflow/example_dags/example_short_circuit_decorator.py
[2024-09-22T11:17:56.371+0000] {processor.py:840} INFO - DAG(s) 'example_short_circuit_decorator' retrieved from /home/airflow/.local/lib/python3.12/site-packages/airflow/example_dags/example_short_circuit_decorator.py
[2024-09-22T11:17:56.431+0000] {logging_mixin.py:188} INFO - [2024-09-22T11:17:56.430+0000] {dag.py:3089} INFO - Sync 1 DAGs
[2024-09-22T11:17:56.490+0000] {logging_mixin.py:188} INFO - [2024-09-22T11:17:56.490+0000] {dag.py:3947} INFO - Setting next_dagrun for example_short_circuit_decorator to 2024-09-22 00:00:00+00:00, run_after=2024-09-23 00:00:00+00:00
[2024-09-22T11:17:56.885+0000] {processor.py:183} INFO - Processing /home/airflow/.local/lib/python3.12/site-packages/airflow/example_dags/example_short_circuit_decorator.py took 0.570 seconds
[2024-09-22T11:18:47.476+0000] {processor.py:161} INFO - Started process (PID=446) to work on /home/airflow/.local/lib/python3.12/site-packages/airflow/example_dags/example_short_circuit_decorator.py
[2024-09-22T11:18:47.675+0000] {processor.py:830} INFO - Processing file /home/airflow/.local/lib/python3.12/site-packages/airflow/example_dags/example_short_circuit_decorator.py for tasks to queue
[2024-09-22T11:18:47.679+0000] {logging_mixin.py:188} INFO - [2024-09-22T11:18:47.676+0000] {dagbag.py:545} INFO - Filling up the DagBag from /home/airflow/.local/lib/python3.12/site-packages/airflow/example_dags/example_short_circuit_decorator.py
[2024-09-22T11:18:47.725+0000] {processor.py:840} INFO - DAG(s) 'example_short_circuit_decorator' retrieved from /home/airflow/.local/lib/python3.12/site-packages/airflow/example_dags/example_short_circuit_decorator.py
[2024-09-22T11:18:47.814+0000] {logging_mixin.py:188} INFO - [2024-09-22T11:18:47.813+0000] {dag.py:3089} INFO - Sync 1 DAGs
[2024-09-22T11:18:47.905+0000] {logging_mixin.py:188} INFO - [2024-09-22T11:18:47.904+0000] {dag.py:3947} INFO - Setting next_dagrun for example_short_circuit_decorator to 2024-09-22 00:00:00+00:00, run_after=2024-09-23 00:00:00+00:00
[2024-09-22T11:18:48.957+0000] {processor.py:183} INFO - Processing /home/airflow/.local/lib/python3.12/site-packages/airflow/example_dags/example_short_circuit_decorator.py took 1.505 seconds
[2024-09-22T11:19:23.119+0000] {processor.py:161} INFO - Started process (PID=521) to work on /home/airflow/.local/lib/python3.12/site-packages/airflow/example_dags/example_short_circuit_decorator.py
[2024-09-22T11:19:23.177+0000] {processor.py:830} INFO - Processing file /home/airflow/.local/lib/python3.12/site-packages/airflow/example_dags/example_short_circuit_decorator.py for tasks to queue
[2024-09-22T11:19:23.181+0000] {logging_mixin.py:188} INFO - [2024-09-22T11:19:23.178+0000] {dagbag.py:545} INFO - Filling up the DagBag from /home/airflow/.local/lib/python3.12/site-packages/airflow/example_dags/example_short_circuit_decorator.py
[2024-09-22T11:19:23.220+0000] {processor.py:840} INFO - DAG(s) 'example_short_circuit_decorator' retrieved from /home/airflow/.local/lib/python3.12/site-packages/airflow/example_dags/example_short_circuit_decorator.py
[2024-09-22T11:19:23.328+0000] {logging_mixin.py:188} INFO - [2024-09-22T11:19:23.328+0000] {dag.py:3089} INFO - Sync 1 DAGs
[2024-09-22T11:19:23.460+0000] {logging_mixin.py:188} INFO - [2024-09-22T11:19:23.459+0000] {dag.py:3947} INFO - Setting next_dagrun for example_short_circuit_decorator to 2024-09-22 00:00:00+00:00, run_after=2024-09-23 00:00:00+00:00
[2024-09-22T11:19:23.655+0000] {processor.py:183} INFO - Processing /home/airflow/.local/lib/python3.12/site-packages/airflow/example_dags/example_short_circuit_decorator.py took 0.553 seconds
[2024-09-22T11:19:54.095+0000] {processor.py:161} INFO - Started process (PID=589) to work on /home/airflow/.local/lib/python3.12/site-packages/airflow/example_dags/example_short_circuit_decorator.py
[2024-09-22T11:19:54.315+0000] {processor.py:830} INFO - Processing file /home/airflow/.local/lib/python3.12/site-packages/airflow/example_dags/example_short_circuit_decorator.py for tasks to queue
[2024-09-22T11:19:54.318+0000] {logging_mixin.py:188} INFO - [2024-09-22T11:19:54.316+0000] {dagbag.py:545} INFO - Filling up the DagBag from /home/airflow/.local/lib/python3.12/site-packages/airflow/example_dags/example_short_circuit_decorator.py
[2024-09-22T11:19:54.359+0000] {processor.py:840} INFO - DAG(s) 'example_short_circuit_decorator' retrieved from /home/airflow/.local/lib/python3.12/site-packages/airflow/example_dags/example_short_circuit_decorator.py
[2024-09-22T11:19:54.440+0000] {logging_mixin.py:188} INFO - [2024-09-22T11:19:54.439+0000] {dag.py:3089} INFO - Sync 1 DAGs
[2024-09-22T11:19:54.544+0000] {logging_mixin.py:188} INFO - [2024-09-22T11:19:54.544+0000] {dag.py:3947} INFO - Setting next_dagrun for example_short_circuit_decorator to 2024-09-22 00:00:00+00:00, run_after=2024-09-23 00:00:00+00:00
[2024-09-22T11:19:54.726+0000] {processor.py:183} INFO - Processing /home/airflow/.local/lib/python3.12/site-packages/airflow/example_dags/example_short_circuit_decorator.py took 0.650 seconds
[2024-09-22T11:20:44.023+0000] {processor.py:161} INFO - Started process (PID=675) to work on /home/airflow/.local/lib/python3.12/site-packages/airflow/example_dags/example_short_circuit_decorator.py
[2024-09-22T11:20:44.315+0000] {processor.py:830} INFO - Processing file /home/airflow/.local/lib/python3.12/site-packages/airflow/example_dags/example_short_circuit_decorator.py for tasks to queue
[2024-09-22T11:20:44.317+0000] {logging_mixin.py:188} INFO - [2024-09-22T11:20:44.316+0000] {dagbag.py:545} INFO - Filling up the DagBag from /home/airflow/.local/lib/python3.12/site-packages/airflow/example_dags/example_short_circuit_decorator.py
[2024-09-22T11:20:44.360+0000] {processor.py:840} INFO - DAG(s) 'example_short_circuit_decorator' retrieved from /home/airflow/.local/lib/python3.12/site-packages/airflow/example_dags/example_short_circuit_decorator.py
[2024-09-22T11:20:44.442+0000] {logging_mixin.py:188} INFO - [2024-09-22T11:20:44.442+0000] {dag.py:3089} INFO - Sync 1 DAGs
[2024-09-22T11:20:44.515+0000] {logging_mixin.py:188} INFO - [2024-09-22T11:20:44.514+0000] {dag.py:3947} INFO - Setting next_dagrun for example_short_circuit_decorator to 2024-09-22 00:00:00+00:00, run_after=2024-09-23 00:00:00+00:00
[2024-09-22T11:20:44.798+0000] {processor.py:183} INFO - Processing /home/airflow/.local/lib/python3.12/site-packages/airflow/example_dags/example_short_circuit_decorator.py took 0.791 seconds
[2024-09-22T11:21:15.454+0000] {processor.py:161} INFO - Started process (PID=750) to work on /home/airflow/.local/lib/python3.12/site-packages/airflow/example_dags/example_short_circuit_decorator.py
[2024-09-22T11:21:15.900+0000] {processor.py:830} INFO - Processing file /home/airflow/.local/lib/python3.12/site-packages/airflow/example_dags/example_short_circuit_decorator.py for tasks to queue
[2024-09-22T11:21:15.902+0000] {logging_mixin.py:188} INFO - [2024-09-22T11:21:15.901+0000] {dagbag.py:545} INFO - Filling up the DagBag from /home/airflow/.local/lib/python3.12/site-packages/airflow/example_dags/example_short_circuit_decorator.py
[2024-09-22T11:21:15.927+0000] {processor.py:840} INFO - DAG(s) 'example_short_circuit_decorator' retrieved from /home/airflow/.local/lib/python3.12/site-packages/airflow/example_dags/example_short_circuit_decorator.py
[2024-09-22T11:21:15.986+0000] {logging_mixin.py:188} INFO - [2024-09-22T11:21:15.985+0000] {dag.py:3089} INFO - Sync 1 DAGs
[2024-09-22T11:21:16.065+0000] {logging_mixin.py:188} INFO - [2024-09-22T11:21:16.065+0000] {dag.py:3947} INFO - Setting next_dagrun for example_short_circuit_decorator to 2024-09-22 00:00:00+00:00, run_after=2024-09-23 00:00:00+00:00
[2024-09-22T11:21:16.398+0000] {processor.py:183} INFO - Processing /home/airflow/.local/lib/python3.12/site-packages/airflow/example_dags/example_short_circuit_decorator.py took 0.976 seconds
[2024-09-22T11:22:42.749+0000] {processor.py:161} INFO - Started process (PID=840) to work on /home/airflow/.local/lib/python3.12/site-packages/airflow/example_dags/example_short_circuit_decorator.py
[2024-09-22T11:22:42.960+0000] {processor.py:830} INFO - Processing file /home/airflow/.local/lib/python3.12/site-packages/airflow/example_dags/example_short_circuit_decorator.py for tasks to queue
[2024-09-22T11:22:42.962+0000] {logging_mixin.py:188} INFO - [2024-09-22T11:22:42.961+0000] {dagbag.py:545} INFO - Filling up the DagBag from /home/airflow/.local/lib/python3.12/site-packages/airflow/example_dags/example_short_circuit_decorator.py
[2024-09-22T11:22:42.975+0000] {processor.py:840} INFO - DAG(s) 'example_short_circuit_decorator' retrieved from /home/airflow/.local/lib/python3.12/site-packages/airflow/example_dags/example_short_circuit_decorator.py
[2024-09-22T11:22:43.007+0000] {logging_mixin.py:188} INFO - [2024-09-22T11:22:43.006+0000] {dag.py:3089} INFO - Sync 1 DAGs
[2024-09-22T11:22:43.049+0000] {logging_mixin.py:188} INFO - [2024-09-22T11:22:43.049+0000] {dag.py:3947} INFO - Setting next_dagrun for example_short_circuit_decorator to 2024-09-22 00:00:00+00:00, run_after=2024-09-23 00:00:00+00:00
[2024-09-22T11:22:43.380+0000] {processor.py:183} INFO - Processing /home/airflow/.local/lib/python3.12/site-packages/airflow/example_dags/example_short_circuit_decorator.py took 0.654 seconds
[2024-09-22T11:23:16.708+0000] {processor.py:161} INFO - Started process (PID=897) to work on /home/airflow/.local/lib/python3.12/site-packages/airflow/example_dags/example_short_circuit_decorator.py
[2024-09-22T11:23:16.757+0000] {processor.py:830} INFO - Processing file /home/airflow/.local/lib/python3.12/site-packages/airflow/example_dags/example_short_circuit_decorator.py for tasks to queue
[2024-09-22T11:23:16.759+0000] {logging_mixin.py:188} INFO - [2024-09-22T11:23:16.758+0000] {dagbag.py:545} INFO - Filling up the DagBag from /home/airflow/.local/lib/python3.12/site-packages/airflow/example_dags/example_short_circuit_decorator.py
[2024-09-22T11:23:16.797+0000] {processor.py:840} INFO - DAG(s) 'example_short_circuit_decorator' retrieved from /home/airflow/.local/lib/python3.12/site-packages/airflow/example_dags/example_short_circuit_decorator.py
[2024-09-22T11:23:16.860+0000] {logging_mixin.py:188} INFO - [2024-09-22T11:23:16.859+0000] {dag.py:3089} INFO - Sync 1 DAGs
[2024-09-22T11:23:16.919+0000] {logging_mixin.py:188} INFO - [2024-09-22T11:23:16.918+0000] {dag.py:3947} INFO - Setting next_dagrun for example_short_circuit_decorator to 2024-09-22 00:00:00+00:00, run_after=2024-09-23 00:00:00+00:00
[2024-09-22T11:23:17.258+0000] {processor.py:183} INFO - Processing /home/airflow/.local/lib/python3.12/site-packages/airflow/example_dags/example_short_circuit_decorator.py took 0.568 seconds
[2024-09-22T11:24:30.488+0000] {processor.py:161} INFO - Started process (PID=964) to work on /home/airflow/.local/lib/python3.12/site-packages/airflow/example_dags/example_short_circuit_decorator.py
[2024-09-22T11:24:30.821+0000] {processor.py:830} INFO - Processing file /home/airflow/.local/lib/python3.12/site-packages/airflow/example_dags/example_short_circuit_decorator.py for tasks to queue
[2024-09-22T11:24:30.823+0000] {logging_mixin.py:188} INFO - [2024-09-22T11:24:30.822+0000] {dagbag.py:545} INFO - Filling up the DagBag from /home/airflow/.local/lib/python3.12/site-packages/airflow/example_dags/example_short_circuit_decorator.py
[2024-09-22T11:24:31.037+0000] {processor.py:840} INFO - DAG(s) 'example_short_circuit_decorator' retrieved from /home/airflow/.local/lib/python3.12/site-packages/airflow/example_dags/example_short_circuit_decorator.py
[2024-09-22T11:24:31.085+0000] {logging_mixin.py:188} INFO - [2024-09-22T11:24:31.085+0000] {dag.py:3089} INFO - Sync 1 DAGs
[2024-09-22T11:24:31.125+0000] {logging_mixin.py:188} INFO - [2024-09-22T11:24:31.125+0000] {dag.py:3947} INFO - Setting next_dagrun for example_short_circuit_decorator to 2024-09-22 00:00:00+00:00, run_after=2024-09-23 00:00:00+00:00
[2024-09-22T11:24:31.903+0000] {processor.py:183} INFO - Processing /home/airflow/.local/lib/python3.12/site-packages/airflow/example_dags/example_short_circuit_decorator.py took 1.433 seconds
[2024-09-22T11:25:36.635+0000] {processor.py:161} INFO - Started process (PID=1043) to work on /home/airflow/.local/lib/python3.12/site-packages/airflow/example_dags/example_short_circuit_decorator.py
[2024-09-22T11:25:36.813+0000] {processor.py:830} INFO - Processing file /home/airflow/.local/lib/python3.12/site-packages/airflow/example_dags/example_short_circuit_decorator.py for tasks to queue
[2024-09-22T11:25:36.816+0000] {logging_mixin.py:188} INFO - [2024-09-22T11:25:36.815+0000] {dagbag.py:545} INFO - Filling up the DagBag from /home/airflow/.local/lib/python3.12/site-packages/airflow/example_dags/example_short_circuit_decorator.py
[2024-09-22T11:25:36.847+0000] {processor.py:840} INFO - DAG(s) 'example_short_circuit_decorator' retrieved from /home/airflow/.local/lib/python3.12/site-packages/airflow/example_dags/example_short_circuit_decorator.py
[2024-09-22T11:25:36.916+0000] {logging_mixin.py:188} INFO - [2024-09-22T11:25:36.916+0000] {dag.py:3089} INFO - Sync 1 DAGs
[2024-09-22T11:25:36.986+0000] {logging_mixin.py:188} INFO - [2024-09-22T11:25:36.985+0000] {dag.py:3947} INFO - Setting next_dagrun for example_short_circuit_decorator to 2024-09-22 00:00:00+00:00, run_after=2024-09-23 00:00:00+00:00
[2024-09-22T11:25:37.224+0000] {processor.py:183} INFO - Processing /home/airflow/.local/lib/python3.12/site-packages/airflow/example_dags/example_short_circuit_decorator.py took 0.621 seconds
[2024-09-22T11:26:52.805+0000] {processor.py:161} INFO - Started process (PID=1103) to work on /home/airflow/.local/lib/python3.12/site-packages/airflow/example_dags/example_short_circuit_decorator.py
[2024-09-22T11:26:52.997+0000] {processor.py:830} INFO - Processing file /home/airflow/.local/lib/python3.12/site-packages/airflow/example_dags/example_short_circuit_decorator.py for tasks to queue
[2024-09-22T11:26:52.999+0000] {logging_mixin.py:188} INFO - [2024-09-22T11:26:52.998+0000] {dagbag.py:545} INFO - Filling up the DagBag from /home/airflow/.local/lib/python3.12/site-packages/airflow/example_dags/example_short_circuit_decorator.py
[2024-09-22T11:26:53.014+0000] {processor.py:840} INFO - DAG(s) 'example_short_circuit_decorator' retrieved from /home/airflow/.local/lib/python3.12/site-packages/airflow/example_dags/example_short_circuit_decorator.py
[2024-09-22T11:26:53.060+0000] {logging_mixin.py:188} INFO - [2024-09-22T11:26:53.059+0000] {dag.py:3089} INFO - Sync 1 DAGs
[2024-09-22T11:26:53.256+0000] {logging_mixin.py:188} INFO - [2024-09-22T11:26:53.256+0000] {dag.py:3947} INFO - Setting next_dagrun for example_short_circuit_decorator to 2024-09-22 00:00:00+00:00, run_after=2024-09-23 00:00:00+00:00
[2024-09-22T11:26:53.690+0000] {processor.py:183} INFO - Processing /home/airflow/.local/lib/python3.12/site-packages/airflow/example_dags/example_short_circuit_decorator.py took 0.893 seconds
[2024-09-22T11:28:20.410+0000] {processor.py:161} INFO - Started process (PID=1186) to work on /home/airflow/.local/lib/python3.12/site-packages/airflow/example_dags/example_short_circuit_decorator.py
[2024-09-22T11:28:20.611+0000] {processor.py:830} INFO - Processing file /home/airflow/.local/lib/python3.12/site-packages/airflow/example_dags/example_short_circuit_decorator.py for tasks to queue
[2024-09-22T11:28:20.613+0000] {logging_mixin.py:188} INFO - [2024-09-22T11:28:20.612+0000] {dagbag.py:545} INFO - Filling up the DagBag from /home/airflow/.local/lib/python3.12/site-packages/airflow/example_dags/example_short_circuit_decorator.py
[2024-09-22T11:28:20.633+0000] {processor.py:840} INFO - DAG(s) 'example_short_circuit_decorator' retrieved from /home/airflow/.local/lib/python3.12/site-packages/airflow/example_dags/example_short_circuit_decorator.py
[2024-09-22T11:28:20.698+0000] {logging_mixin.py:188} INFO - [2024-09-22T11:28:20.698+0000] {dag.py:3089} INFO - Sync 1 DAGs
[2024-09-22T11:28:20.761+0000] {logging_mixin.py:188} INFO - [2024-09-22T11:28:20.760+0000] {dag.py:3947} INFO - Setting next_dagrun for example_short_circuit_decorator to 2024-09-22 00:00:00+00:00, run_after=2024-09-23 00:00:00+00:00
[2024-09-22T11:28:21.041+0000] {processor.py:183} INFO - Processing /home/airflow/.local/lib/python3.12/site-packages/airflow/example_dags/example_short_circuit_decorator.py took 0.641 seconds
[2024-09-22T11:29:02.790+0000] {processor.py:161} INFO - Started process (PID=1259) to work on /home/airflow/.local/lib/python3.12/site-packages/airflow/example_dags/example_short_circuit_decorator.py
[2024-09-22T11:29:02.969+0000] {processor.py:830} INFO - Processing file /home/airflow/.local/lib/python3.12/site-packages/airflow/example_dags/example_short_circuit_decorator.py for tasks to queue
[2024-09-22T11:29:02.973+0000] {logging_mixin.py:188} INFO - [2024-09-22T11:29:02.972+0000] {dagbag.py:545} INFO - Filling up the DagBag from /home/airflow/.local/lib/python3.12/site-packages/airflow/example_dags/example_short_circuit_decorator.py
[2024-09-22T11:29:03.019+0000] {processor.py:840} INFO - DAG(s) 'example_short_circuit_decorator' retrieved from /home/airflow/.local/lib/python3.12/site-packages/airflow/example_dags/example_short_circuit_decorator.py
[2024-09-22T11:29:03.087+0000] {logging_mixin.py:188} INFO - [2024-09-22T11:29:03.087+0000] {dag.py:3089} INFO - Sync 1 DAGs
[2024-09-22T11:29:03.140+0000] {logging_mixin.py:188} INFO - [2024-09-22T11:29:03.140+0000] {dag.py:3947} INFO - Setting next_dagrun for example_short_circuit_decorator to 2024-09-22 00:00:00+00:00, run_after=2024-09-23 00:00:00+00:00
[2024-09-22T11:29:03.602+0000] {processor.py:183} INFO - Processing /home/airflow/.local/lib/python3.12/site-packages/airflow/example_dags/example_short_circuit_decorator.py took 0.821 seconds
[2024-09-22T11:29:34.487+0000] {processor.py:161} INFO - Started process (PID=1324) to work on /home/airflow/.local/lib/python3.12/site-packages/airflow/example_dags/example_short_circuit_decorator.py
[2024-09-22T11:29:34.489+0000] {processor.py:830} INFO - Processing file /home/airflow/.local/lib/python3.12/site-packages/airflow/example_dags/example_short_circuit_decorator.py for tasks to queue
[2024-09-22T11:29:34.490+0000] {logging_mixin.py:188} INFO - [2024-09-22T11:29:34.489+0000] {dagbag.py:545} INFO - Filling up the DagBag from /home/airflow/.local/lib/python3.12/site-packages/airflow/example_dags/example_short_circuit_decorator.py
[2024-09-22T11:29:34.510+0000] {processor.py:840} INFO - DAG(s) 'example_short_circuit_decorator' retrieved from /home/airflow/.local/lib/python3.12/site-packages/airflow/example_dags/example_short_circuit_decorator.py
[2024-09-22T11:29:34.571+0000] {logging_mixin.py:188} INFO - [2024-09-22T11:29:34.570+0000] {dag.py:3089} INFO - Sync 1 DAGs
[2024-09-22T11:29:34.621+0000] {logging_mixin.py:188} INFO - [2024-09-22T11:29:34.620+0000] {dag.py:3947} INFO - Setting next_dagrun for example_short_circuit_decorator to 2024-09-22 00:00:00+00:00, run_after=2024-09-23 00:00:00+00:00
[2024-09-22T11:29:35.337+0000] {processor.py:183} INFO - Processing /home/airflow/.local/lib/python3.12/site-packages/airflow/example_dags/example_short_circuit_decorator.py took 0.857 seconds
[2024-09-22T11:30:06.536+0000] {processor.py:161} INFO - Started process (PID=1380) to work on /home/airflow/.local/lib/python3.12/site-packages/airflow/example_dags/example_short_circuit_decorator.py
[2024-09-22T11:30:06.595+0000] {processor.py:830} INFO - Processing file /home/airflow/.local/lib/python3.12/site-packages/airflow/example_dags/example_short_circuit_decorator.py for tasks to queue
[2024-09-22T11:30:06.597+0000] {logging_mixin.py:188} INFO - [2024-09-22T11:30:06.596+0000] {dagbag.py:545} INFO - Filling up the DagBag from /home/airflow/.local/lib/python3.12/site-packages/airflow/example_dags/example_short_circuit_decorator.py
[2024-09-22T11:30:06.614+0000] {processor.py:840} INFO - DAG(s) 'example_short_circuit_decorator' retrieved from /home/airflow/.local/lib/python3.12/site-packages/airflow/example_dags/example_short_circuit_decorator.py
[2024-09-22T11:30:06.666+0000] {logging_mixin.py:188} INFO - [2024-09-22T11:30:06.666+0000] {dag.py:3089} INFO - Sync 1 DAGs
[2024-09-22T11:30:06.711+0000] {logging_mixin.py:188} INFO - [2024-09-22T11:30:06.711+0000] {dag.py:3947} INFO - Setting next_dagrun for example_short_circuit_decorator to 2024-09-22 00:00:00+00:00, run_after=2024-09-23 00:00:00+00:00
[2024-09-22T11:30:07.016+0000] {processor.py:183} INFO - Processing /home/airflow/.local/lib/python3.12/site-packages/airflow/example_dags/example_short_circuit_decorator.py took 0.488 seconds
[2024-09-22T11:30:40.393+0000] {processor.py:161} INFO - Started process (PID=1455) to work on /home/airflow/.local/lib/python3.12/site-packages/airflow/example_dags/example_short_circuit_decorator.py
[2024-09-22T11:30:40.476+0000] {processor.py:830} INFO - Processing file /home/airflow/.local/lib/python3.12/site-packages/airflow/example_dags/example_short_circuit_decorator.py for tasks to queue
[2024-09-22T11:30:40.479+0000] {logging_mixin.py:188} INFO - [2024-09-22T11:30:40.478+0000] {dagbag.py:545} INFO - Filling up the DagBag from /home/airflow/.local/lib/python3.12/site-packages/airflow/example_dags/example_short_circuit_decorator.py
[2024-09-22T11:30:40.505+0000] {processor.py:840} INFO - DAG(s) 'example_short_circuit_decorator' retrieved from /home/airflow/.local/lib/python3.12/site-packages/airflow/example_dags/example_short_circuit_decorator.py
[2024-09-22T11:30:40.553+0000] {logging_mixin.py:188} INFO - [2024-09-22T11:30:40.552+0000] {dag.py:3089} INFO - Sync 1 DAGs
[2024-09-22T11:30:40.593+0000] {logging_mixin.py:188} INFO - [2024-09-22T11:30:40.592+0000] {dag.py:3947} INFO - Setting next_dagrun for example_short_circuit_decorator to 2024-09-22 00:00:00+00:00, run_after=2024-09-23 00:00:00+00:00
[2024-09-22T11:30:40.794+0000] {processor.py:183} INFO - Processing /home/airflow/.local/lib/python3.12/site-packages/airflow/example_dags/example_short_circuit_decorator.py took 0.415 seconds
[2024-09-22T11:31:12.559+0000] {processor.py:161} INFO - Started process (PID=1516) to work on /home/airflow/.local/lib/python3.12/site-packages/airflow/example_dags/example_short_circuit_decorator.py
[2024-09-22T11:31:12.610+0000] {processor.py:830} INFO - Processing file /home/airflow/.local/lib/python3.12/site-packages/airflow/example_dags/example_short_circuit_decorator.py for tasks to queue
[2024-09-22T11:31:12.612+0000] {logging_mixin.py:188} INFO - [2024-09-22T11:31:12.611+0000] {dagbag.py:545} INFO - Filling up the DagBag from /home/airflow/.local/lib/python3.12/site-packages/airflow/example_dags/example_short_circuit_decorator.py
[2024-09-22T11:31:12.626+0000] {processor.py:840} INFO - DAG(s) 'example_short_circuit_decorator' retrieved from /home/airflow/.local/lib/python3.12/site-packages/airflow/example_dags/example_short_circuit_decorator.py
[2024-09-22T11:31:12.664+0000] {logging_mixin.py:188} INFO - [2024-09-22T11:31:12.664+0000] {dag.py:3089} INFO - Sync 1 DAGs
[2024-09-22T11:31:12.704+0000] {logging_mixin.py:188} INFO - [2024-09-22T11:31:12.703+0000] {dag.py:3947} INFO - Setting next_dagrun for example_short_circuit_decorator to 2024-09-22 00:00:00+00:00, run_after=2024-09-23 00:00:00+00:00
[2024-09-22T11:31:12.879+0000] {processor.py:183} INFO - Processing /home/airflow/.local/lib/python3.12/site-packages/airflow/example_dags/example_short_circuit_decorator.py took 0.331 seconds
[2024-09-22T11:32:55.451+0000] {processor.py:161} INFO - Started process (PID=1641) to work on /home/airflow/.local/lib/python3.12/site-packages/airflow/example_dags/example_short_circuit_decorator.py
[2024-09-22T11:32:55.749+0000] {processor.py:830} INFO - Processing file /home/airflow/.local/lib/python3.12/site-packages/airflow/example_dags/example_short_circuit_decorator.py for tasks to queue
[2024-09-22T11:32:55.751+0000] {logging_mixin.py:188} INFO - [2024-09-22T11:32:55.750+0000] {dagbag.py:545} INFO - Filling up the DagBag from /home/airflow/.local/lib/python3.12/site-packages/airflow/example_dags/example_short_circuit_decorator.py
[2024-09-22T11:32:55.791+0000] {processor.py:840} INFO - DAG(s) 'example_short_circuit_decorator' retrieved from /home/airflow/.local/lib/python3.12/site-packages/airflow/example_dags/example_short_circuit_decorator.py
[2024-09-22T11:32:55.855+0000] {logging_mixin.py:188} INFO - [2024-09-22T11:32:55.854+0000] {dag.py:3089} INFO - Sync 1 DAGs
[2024-09-22T11:32:55.914+0000] {logging_mixin.py:188} INFO - [2024-09-22T11:32:55.913+0000] {dag.py:3947} INFO - Setting next_dagrun for example_short_circuit_decorator to 2024-09-22 00:00:00+00:00, run_after=2024-09-23 00:00:00+00:00
[2024-09-22T11:32:56.195+0000] {processor.py:183} INFO - Processing /home/airflow/.local/lib/python3.12/site-packages/airflow/example_dags/example_short_circuit_decorator.py took 0.754 seconds
[2024-09-22T11:33:37.947+0000] {processor.py:161} INFO - Started process (PID=1712) to work on /home/airflow/.local/lib/python3.12/site-packages/airflow/example_dags/example_short_circuit_decorator.py
[2024-09-22T11:33:38.107+0000] {processor.py:830} INFO - Processing file /home/airflow/.local/lib/python3.12/site-packages/airflow/example_dags/example_short_circuit_decorator.py for tasks to queue
[2024-09-22T11:33:38.109+0000] {logging_mixin.py:188} INFO - [2024-09-22T11:33:38.108+0000] {dagbag.py:545} INFO - Filling up the DagBag from /home/airflow/.local/lib/python3.12/site-packages/airflow/example_dags/example_short_circuit_decorator.py
[2024-09-22T11:33:38.134+0000] {processor.py:840} INFO - DAG(s) 'example_short_circuit_decorator' retrieved from /home/airflow/.local/lib/python3.12/site-packages/airflow/example_dags/example_short_circuit_decorator.py
[2024-09-22T11:33:38.173+0000] {logging_mixin.py:188} INFO - [2024-09-22T11:33:38.172+0000] {dag.py:3089} INFO - Sync 1 DAGs
[2024-09-22T11:33:38.208+0000] {logging_mixin.py:188} INFO - [2024-09-22T11:33:38.208+0000] {dag.py:3947} INFO - Setting next_dagrun for example_short_circuit_decorator to 2024-09-22 00:00:00+00:00, run_after=2024-09-23 00:00:00+00:00
[2024-09-22T11:33:38.513+0000] {processor.py:183} INFO - Processing /home/airflow/.local/lib/python3.12/site-packages/airflow/example_dags/example_short_circuit_decorator.py took 0.577 seconds
[2024-09-22T11:34:10.764+0000] {processor.py:161} INFO - Started process (PID=1784) to work on /home/airflow/.local/lib/python3.12/site-packages/airflow/example_dags/example_short_circuit_decorator.py
[2024-09-22T11:34:10.766+0000] {processor.py:830} INFO - Processing file /home/airflow/.local/lib/python3.12/site-packages/airflow/example_dags/example_short_circuit_decorator.py for tasks to queue
[2024-09-22T11:34:10.768+0000] {logging_mixin.py:188} INFO - [2024-09-22T11:34:10.767+0000] {dagbag.py:545} INFO - Filling up the DagBag from /home/airflow/.local/lib/python3.12/site-packages/airflow/example_dags/example_short_circuit_decorator.py
[2024-09-22T11:34:10.790+0000] {processor.py:840} INFO - DAG(s) 'example_short_circuit_decorator' retrieved from /home/airflow/.local/lib/python3.12/site-packages/airflow/example_dags/example_short_circuit_decorator.py
[2024-09-22T11:34:10.833+0000] {logging_mixin.py:188} INFO - [2024-09-22T11:34:10.833+0000] {dag.py:3089} INFO - Sync 1 DAGs
[2024-09-22T11:34:10.886+0000] {logging_mixin.py:188} INFO - [2024-09-22T11:34:10.884+0000] {dag.py:3947} INFO - Setting next_dagrun for example_short_circuit_decorator to 2024-09-22 00:00:00+00:00, run_after=2024-09-23 00:00:00+00:00
[2024-09-22T11:34:11.337+0000] {processor.py:183} INFO - Processing /home/airflow/.local/lib/python3.12/site-packages/airflow/example_dags/example_short_circuit_decorator.py took 0.585 seconds
[2024-09-22T11:34:41.885+0000] {processor.py:161} INFO - Started process (PID=1845) to work on /home/airflow/.local/lib/python3.12/site-packages/airflow/example_dags/example_short_circuit_decorator.py
[2024-09-22T11:34:42.051+0000] {processor.py:830} INFO - Processing file /home/airflow/.local/lib/python3.12/site-packages/airflow/example_dags/example_short_circuit_decorator.py for tasks to queue
[2024-09-22T11:34:42.053+0000] {logging_mixin.py:188} INFO - [2024-09-22T11:34:42.052+0000] {dagbag.py:545} INFO - Filling up the DagBag from /home/airflow/.local/lib/python3.12/site-packages/airflow/example_dags/example_short_circuit_decorator.py
[2024-09-22T11:34:42.071+0000] {processor.py:840} INFO - DAG(s) 'example_short_circuit_decorator' retrieved from /home/airflow/.local/lib/python3.12/site-packages/airflow/example_dags/example_short_circuit_decorator.py
[2024-09-22T11:34:42.108+0000] {logging_mixin.py:188} INFO - [2024-09-22T11:34:42.108+0000] {dag.py:3089} INFO - Sync 1 DAGs
[2024-09-22T11:34:42.148+0000] {logging_mixin.py:188} INFO - [2024-09-22T11:34:42.148+0000] {dag.py:3947} INFO - Setting next_dagrun for example_short_circuit_decorator to 2024-09-22 00:00:00+00:00, run_after=2024-09-23 00:00:00+00:00
[2024-09-22T11:34:42.346+0000] {processor.py:183} INFO - Processing /home/airflow/.local/lib/python3.12/site-packages/airflow/example_dags/example_short_circuit_decorator.py took 0.472 seconds
[2024-09-22T11:35:13.164+0000] {processor.py:161} INFO - Started process (PID=1903) to work on /home/airflow/.local/lib/python3.12/site-packages/airflow/example_dags/example_short_circuit_decorator.py
[2024-09-22T11:35:13.165+0000] {processor.py:830} INFO - Processing file /home/airflow/.local/lib/python3.12/site-packages/airflow/example_dags/example_short_circuit_decorator.py for tasks to queue
[2024-09-22T11:35:13.167+0000] {logging_mixin.py:188} INFO - [2024-09-22T11:35:13.166+0000] {dagbag.py:545} INFO - Filling up the DagBag from /home/airflow/.local/lib/python3.12/site-packages/airflow/example_dags/example_short_circuit_decorator.py
[2024-09-22T11:35:13.188+0000] {processor.py:840} INFO - DAG(s) 'example_short_circuit_decorator' retrieved from /home/airflow/.local/lib/python3.12/site-packages/airflow/example_dags/example_short_circuit_decorator.py
[2024-09-22T11:35:13.238+0000] {logging_mixin.py:188} INFO - [2024-09-22T11:35:13.238+0000] {dag.py:3089} INFO - Sync 1 DAGs
[2024-09-22T11:35:13.284+0000] {logging_mixin.py:188} INFO - [2024-09-22T11:35:13.284+0000] {dag.py:3947} INFO - Setting next_dagrun for example_short_circuit_decorator to 2024-09-22 00:00:00+00:00, run_after=2024-09-23 00:00:00+00:00
[2024-09-22T11:35:13.767+0000] {processor.py:183} INFO - Processing /home/airflow/.local/lib/python3.12/site-packages/airflow/example_dags/example_short_circuit_decorator.py took 0.613 seconds
[2024-09-22T11:35:46.880+0000] {processor.py:161} INFO - Started process (PID=1965) to work on /home/airflow/.local/lib/python3.12/site-packages/airflow/example_dags/example_short_circuit_decorator.py
[2024-09-22T11:35:46.946+0000] {processor.py:830} INFO - Processing file /home/airflow/.local/lib/python3.12/site-packages/airflow/example_dags/example_short_circuit_decorator.py for tasks to queue
[2024-09-22T11:35:46.949+0000] {logging_mixin.py:188} INFO - [2024-09-22T11:35:46.948+0000] {dagbag.py:545} INFO - Filling up the DagBag from /home/airflow/.local/lib/python3.12/site-packages/airflow/example_dags/example_short_circuit_decorator.py
[2024-09-22T11:35:46.986+0000] {processor.py:840} INFO - DAG(s) 'example_short_circuit_decorator' retrieved from /home/airflow/.local/lib/python3.12/site-packages/airflow/example_dags/example_short_circuit_decorator.py
[2024-09-22T11:35:47.101+0000] {logging_mixin.py:188} INFO - [2024-09-22T11:35:47.100+0000] {dag.py:3089} INFO - Sync 1 DAGs
[2024-09-22T11:35:47.222+0000] {logging_mixin.py:188} INFO - [2024-09-22T11:35:47.221+0000] {dag.py:3947} INFO - Setting next_dagrun for example_short_circuit_decorator to 2024-09-22 00:00:00+00:00, run_after=2024-09-23 00:00:00+00:00
[2024-09-22T11:35:47.510+0000] {processor.py:183} INFO - Processing /home/airflow/.local/lib/python3.12/site-packages/airflow/example_dags/example_short_circuit_decorator.py took 0.654 seconds
[2024-09-22T11:40:53.755+0000] {processor.py:161} INFO - Started process (PID=2131) to work on /home/airflow/.local/lib/python3.12/site-packages/airflow/example_dags/example_short_circuit_decorator.py
[2024-09-22T11:40:54.104+0000] {processor.py:830} INFO - Processing file /home/airflow/.local/lib/python3.12/site-packages/airflow/example_dags/example_short_circuit_decorator.py for tasks to queue
[2024-09-22T11:40:54.107+0000] {logging_mixin.py:188} INFO - [2024-09-22T11:40:54.106+0000] {dagbag.py:545} INFO - Filling up the DagBag from /home/airflow/.local/lib/python3.12/site-packages/airflow/example_dags/example_short_circuit_decorator.py
[2024-09-22T11:40:54.161+0000] {processor.py:840} INFO - DAG(s) 'example_short_circuit_decorator' retrieved from /home/airflow/.local/lib/python3.12/site-packages/airflow/example_dags/example_short_circuit_decorator.py
[2024-09-22T11:40:54.405+0000] {logging_mixin.py:188} INFO - [2024-09-22T11:40:54.401+0000] {dag.py:3089} INFO - Sync 1 DAGs
[2024-09-22T11:40:54.614+0000] {logging_mixin.py:188} INFO - [2024-09-22T11:40:54.613+0000] {dag.py:3947} INFO - Setting next_dagrun for example_short_circuit_decorator to 2024-09-22 00:00:00+00:00, run_after=2024-09-23 00:00:00+00:00
[2024-09-22T11:40:54.972+0000] {processor.py:183} INFO - Processing /home/airflow/.local/lib/python3.12/site-packages/airflow/example_dags/example_short_circuit_decorator.py took 1.226 seconds
[2024-09-22T11:41:47.232+0000] {processor.py:161} INFO - Started process (PID=2207) to work on /home/airflow/.local/lib/python3.12/site-packages/airflow/example_dags/example_short_circuit_decorator.py
[2024-09-22T11:41:47.315+0000] {processor.py:830} INFO - Processing file /home/airflow/.local/lib/python3.12/site-packages/airflow/example_dags/example_short_circuit_decorator.py for tasks to queue
[2024-09-22T11:41:47.317+0000] {logging_mixin.py:188} INFO - [2024-09-22T11:41:47.316+0000] {dagbag.py:545} INFO - Filling up the DagBag from /home/airflow/.local/lib/python3.12/site-packages/airflow/example_dags/example_short_circuit_decorator.py
[2024-09-22T11:41:47.372+0000] {processor.py:840} INFO - DAG(s) 'example_short_circuit_decorator' retrieved from /home/airflow/.local/lib/python3.12/site-packages/airflow/example_dags/example_short_circuit_decorator.py
[2024-09-22T11:41:48.113+0000] {logging_mixin.py:188} INFO - [2024-09-22T11:41:48.112+0000] {dag.py:3089} INFO - Sync 1 DAGs
[2024-09-22T11:41:48.269+0000] {logging_mixin.py:188} INFO - [2024-09-22T11:41:48.268+0000] {dag.py:3947} INFO - Setting next_dagrun for example_short_circuit_decorator to 2024-09-22 00:00:00+00:00, run_after=2024-09-23 00:00:00+00:00
[2024-09-22T11:41:48.473+0000] {processor.py:183} INFO - Processing /home/airflow/.local/lib/python3.12/site-packages/airflow/example_dags/example_short_circuit_decorator.py took 1.268 seconds
[2024-09-22T11:42:22.610+0000] {processor.py:161} INFO - Started process (PID=2274) to work on /home/airflow/.local/lib/python3.12/site-packages/airflow/example_dags/example_short_circuit_decorator.py
[2024-09-22T11:42:22.614+0000] {processor.py:830} INFO - Processing file /home/airflow/.local/lib/python3.12/site-packages/airflow/example_dags/example_short_circuit_decorator.py for tasks to queue
[2024-09-22T11:42:22.615+0000] {logging_mixin.py:188} INFO - [2024-09-22T11:42:22.615+0000] {dagbag.py:545} INFO - Filling up the DagBag from /home/airflow/.local/lib/python3.12/site-packages/airflow/example_dags/example_short_circuit_decorator.py
[2024-09-22T11:42:22.633+0000] {processor.py:840} INFO - DAG(s) 'example_short_circuit_decorator' retrieved from /home/airflow/.local/lib/python3.12/site-packages/airflow/example_dags/example_short_circuit_decorator.py
[2024-09-22T11:42:22.666+0000] {logging_mixin.py:188} INFO - [2024-09-22T11:42:22.665+0000] {dag.py:3089} INFO - Sync 1 DAGs
[2024-09-22T11:42:22.694+0000] {logging_mixin.py:188} INFO - [2024-09-22T11:42:22.694+0000] {dag.py:3947} INFO - Setting next_dagrun for example_short_circuit_decorator to 2024-09-22 00:00:00+00:00, run_after=2024-09-23 00:00:00+00:00
[2024-09-22T11:42:23.121+0000] {processor.py:183} INFO - Processing /home/airflow/.local/lib/python3.12/site-packages/airflow/example_dags/example_short_circuit_decorator.py took 0.520 seconds
[2024-09-22T11:42:55.172+0000] {processor.py:161} INFO - Started process (PID=2359) to work on /home/airflow/.local/lib/python3.12/site-packages/airflow/example_dags/example_short_circuit_decorator.py
[2024-09-22T11:42:55.322+0000] {processor.py:830} INFO - Processing file /home/airflow/.local/lib/python3.12/site-packages/airflow/example_dags/example_short_circuit_decorator.py for tasks to queue
[2024-09-22T11:42:55.325+0000] {logging_mixin.py:188} INFO - [2024-09-22T11:42:55.324+0000] {dagbag.py:545} INFO - Filling up the DagBag from /home/airflow/.local/lib/python3.12/site-packages/airflow/example_dags/example_short_circuit_decorator.py
[2024-09-22T11:42:55.359+0000] {processor.py:840} INFO - DAG(s) 'example_short_circuit_decorator' retrieved from /home/airflow/.local/lib/python3.12/site-packages/airflow/example_dags/example_short_circuit_decorator.py
[2024-09-22T11:42:55.437+0000] {logging_mixin.py:188} INFO - [2024-09-22T11:42:55.436+0000] {dag.py:3089} INFO - Sync 1 DAGs
[2024-09-22T11:42:55.547+0000] {logging_mixin.py:188} INFO - [2024-09-22T11:42:55.546+0000] {dag.py:3947} INFO - Setting next_dagrun for example_short_circuit_decorator to 2024-09-22 00:00:00+00:00, run_after=2024-09-23 00:00:00+00:00
[2024-09-22T11:42:55.926+0000] {processor.py:183} INFO - Processing /home/airflow/.local/lib/python3.12/site-packages/airflow/example_dags/example_short_circuit_decorator.py took 0.781 seconds
[2024-09-22T11:43:26.102+0000] {processor.py:161} INFO - Started process (PID=2447) to work on /home/airflow/.local/lib/python3.12/site-packages/airflow/example_dags/example_short_circuit_decorator.py
[2024-09-22T11:43:26.104+0000] {processor.py:830} INFO - Processing file /home/airflow/.local/lib/python3.12/site-packages/airflow/example_dags/example_short_circuit_decorator.py for tasks to queue
[2024-09-22T11:43:26.105+0000] {logging_mixin.py:188} INFO - [2024-09-22T11:43:26.105+0000] {dagbag.py:545} INFO - Filling up the DagBag from /home/airflow/.local/lib/python3.12/site-packages/airflow/example_dags/example_short_circuit_decorator.py
[2024-09-22T11:43:26.127+0000] {processor.py:840} INFO - DAG(s) 'example_short_circuit_decorator' retrieved from /home/airflow/.local/lib/python3.12/site-packages/airflow/example_dags/example_short_circuit_decorator.py
[2024-09-22T11:43:26.202+0000] {logging_mixin.py:188} INFO - [2024-09-22T11:43:26.201+0000] {dag.py:3089} INFO - Sync 1 DAGs
[2024-09-22T11:43:26.262+0000] {logging_mixin.py:188} INFO - [2024-09-22T11:43:26.261+0000] {dag.py:3947} INFO - Setting next_dagrun for example_short_circuit_decorator to 2024-09-22 00:00:00+00:00, run_after=2024-09-23 00:00:00+00:00
[2024-09-22T11:43:26.852+0000] {processor.py:183} INFO - Processing /home/airflow/.local/lib/python3.12/site-packages/airflow/example_dags/example_short_circuit_decorator.py took 0.763 seconds
[2024-09-22T11:43:57.083+0000] {processor.py:161} INFO - Started process (PID=2536) to work on /home/airflow/.local/lib/python3.12/site-packages/airflow/example_dags/example_short_circuit_decorator.py
[2024-09-22T11:43:57.166+0000] {processor.py:830} INFO - Processing file /home/airflow/.local/lib/python3.12/site-packages/airflow/example_dags/example_short_circuit_decorator.py for tasks to queue
[2024-09-22T11:43:57.175+0000] {logging_mixin.py:188} INFO - [2024-09-22T11:43:57.168+0000] {dagbag.py:545} INFO - Filling up the DagBag from /home/airflow/.local/lib/python3.12/site-packages/airflow/example_dags/example_short_circuit_decorator.py
[2024-09-22T11:43:57.228+0000] {processor.py:840} INFO - DAG(s) 'example_short_circuit_decorator' retrieved from /home/airflow/.local/lib/python3.12/site-packages/airflow/example_dags/example_short_circuit_decorator.py
[2024-09-22T11:43:57.318+0000] {logging_mixin.py:188} INFO - [2024-09-22T11:43:57.317+0000] {dag.py:3089} INFO - Sync 1 DAGs
[2024-09-22T11:43:57.399+0000] {logging_mixin.py:188} INFO - [2024-09-22T11:43:57.396+0000] {dag.py:3947} INFO - Setting next_dagrun for example_short_circuit_decorator to 2024-09-22 00:00:00+00:00, run_after=2024-09-23 00:00:00+00:00
[2024-09-22T11:43:57.877+0000] {processor.py:183} INFO - Processing /home/airflow/.local/lib/python3.12/site-packages/airflow/example_dags/example_short_circuit_decorator.py took 0.815 seconds
[2024-09-22T11:44:29.053+0000] {processor.py:161} INFO - Started process (PID=2614) to work on /home/airflow/.local/lib/python3.12/site-packages/airflow/example_dags/example_short_circuit_decorator.py
[2024-09-22T11:44:29.054+0000] {processor.py:830} INFO - Processing file /home/airflow/.local/lib/python3.12/site-packages/airflow/example_dags/example_short_circuit_decorator.py for tasks to queue
[2024-09-22T11:44:29.057+0000] {logging_mixin.py:188} INFO - [2024-09-22T11:44:29.056+0000] {dagbag.py:545} INFO - Filling up the DagBag from /home/airflow/.local/lib/python3.12/site-packages/airflow/example_dags/example_short_circuit_decorator.py
[2024-09-22T11:44:29.076+0000] {processor.py:840} INFO - DAG(s) 'example_short_circuit_decorator' retrieved from /home/airflow/.local/lib/python3.12/site-packages/airflow/example_dags/example_short_circuit_decorator.py
[2024-09-22T11:44:29.132+0000] {logging_mixin.py:188} INFO - [2024-09-22T11:44:29.132+0000] {dag.py:3089} INFO - Sync 1 DAGs
[2024-09-22T11:44:29.192+0000] {logging_mixin.py:188} INFO - [2024-09-22T11:44:29.191+0000] {dag.py:3947} INFO - Setting next_dagrun for example_short_circuit_decorator to 2024-09-22 00:00:00+00:00, run_after=2024-09-23 00:00:00+00:00
[2024-09-22T11:44:29.351+0000] {processor.py:183} INFO - Processing /home/airflow/.local/lib/python3.12/site-packages/airflow/example_dags/example_short_circuit_decorator.py took 0.309 seconds
