[2024-09-22T11:15:26.035+0000] {processor.py:161} INFO - Started process (PID=92) to work on /home/airflow/.local/lib/python3.12/site-packages/airflow/example_dags/example_branch_operator.py
[2024-09-22T11:15:26.037+0000] {processor.py:830} INFO - Processing file /home/airflow/.local/lib/python3.12/site-packages/airflow/example_dags/example_branch_operator.py for tasks to queue
[2024-09-22T11:15:26.042+0000] {logging_mixin.py:188} INFO - [2024-09-22T11:15:26.041+0000] {dagbag.py:545} INFO - Filling up the DagBag from /home/airflow/.local/lib/python3.12/site-packages/airflow/example_dags/example_branch_operator.py
[2024-09-22T11:15:26.074+0000] {processor.py:840} INFO - DAG(s) 'example_branch_operator' retrieved from /home/airflow/.local/lib/python3.12/site-packages/airflow/example_dags/example_branch_operator.py
[2024-09-22T11:15:26.362+0000] {logging_mixin.py:188} INFO - [2024-09-22T11:15:26.361+0000] {dag.py:3089} INFO - Sync 1 DAGs
[2024-09-22T11:15:26.414+0000] {logging_mixin.py:188} INFO - [2024-09-22T11:15:26.414+0000] {dag.py:3947} INFO - Setting next_dagrun for example_branch_operator to 2024-09-22 00:00:00+00:00, run_after=2024-09-23 00:00:00+00:00
[2024-09-22T11:15:26.724+0000] {processor.py:183} INFO - Processing /home/airflow/.local/lib/python3.12/site-packages/airflow/example_dags/example_branch_operator.py took 0.703 seconds
[2024-09-22T11:16:03.531+0000] {processor.py:161} INFO - Started process (PID=156) to work on /home/airflow/.local/lib/python3.12/site-packages/airflow/example_dags/example_branch_operator.py
[2024-09-22T11:16:03.609+0000] {processor.py:830} INFO - Processing file /home/airflow/.local/lib/python3.12/site-packages/airflow/example_dags/example_branch_operator.py for tasks to queue
[2024-09-22T11:16:03.627+0000] {logging_mixin.py:188} INFO - [2024-09-22T11:16:03.621+0000] {dagbag.py:545} INFO - Filling up the DagBag from /home/airflow/.local/lib/python3.12/site-packages/airflow/example_dags/example_branch_operator.py
[2024-09-22T11:16:03.774+0000] {processor.py:840} INFO - DAG(s) 'example_branch_operator' retrieved from /home/airflow/.local/lib/python3.12/site-packages/airflow/example_dags/example_branch_operator.py
[2024-09-22T11:16:03.949+0000] {logging_mixin.py:188} INFO - [2024-09-22T11:16:03.949+0000] {dag.py:3089} INFO - Sync 1 DAGs
[2024-09-22T11:16:04.024+0000] {logging_mixin.py:188} INFO - [2024-09-22T11:16:04.020+0000] {dag.py:3947} INFO - Setting next_dagrun for example_branch_operator to 2024-09-22 00:00:00+00:00, run_after=2024-09-23 00:00:00+00:00
[2024-09-22T11:16:04.315+0000] {processor.py:183} INFO - Processing /home/airflow/.local/lib/python3.12/site-packages/airflow/example_dags/example_branch_operator.py took 0.844 seconds
[2024-09-22T11:16:54.593+0000] {processor.py:161} INFO - Started process (PID=214) to work on /home/airflow/.local/lib/python3.12/site-packages/airflow/example_dags/example_branch_operator.py
[2024-09-22T11:16:54.802+0000] {processor.py:830} INFO - Processing file /home/airflow/.local/lib/python3.12/site-packages/airflow/example_dags/example_branch_operator.py for tasks to queue
[2024-09-22T11:16:54.809+0000] {logging_mixin.py:188} INFO - [2024-09-22T11:16:54.808+0000] {dagbag.py:545} INFO - Filling up the DagBag from /home/airflow/.local/lib/python3.12/site-packages/airflow/example_dags/example_branch_operator.py
[2024-09-22T11:16:54.913+0000] {processor.py:840} INFO - DAG(s) 'example_branch_operator' retrieved from /home/airflow/.local/lib/python3.12/site-packages/airflow/example_dags/example_branch_operator.py
[2024-09-22T11:16:54.985+0000] {logging_mixin.py:188} INFO - [2024-09-22T11:16:54.984+0000] {dag.py:3089} INFO - Sync 1 DAGs
[2024-09-22T11:16:55.023+0000] {logging_mixin.py:188} INFO - [2024-09-22T11:16:55.023+0000] {dag.py:3947} INFO - Setting next_dagrun for example_branch_operator to 2024-09-22 00:00:00+00:00, run_after=2024-09-23 00:00:00+00:00
[2024-09-22T11:16:55.178+0000] {processor.py:183} INFO - Processing /home/airflow/.local/lib/python3.12/site-packages/airflow/example_dags/example_branch_operator.py took 0.597 seconds
[2024-09-22T11:17:41.520+0000] {processor.py:161} INFO - Started process (PID=305) to work on /home/airflow/.local/lib/python3.12/site-packages/airflow/example_dags/example_branch_operator.py
[2024-09-22T11:17:41.686+0000] {processor.py:830} INFO - Processing file /home/airflow/.local/lib/python3.12/site-packages/airflow/example_dags/example_branch_operator.py for tasks to queue
[2024-09-22T11:17:41.688+0000] {logging_mixin.py:188} INFO - [2024-09-22T11:17:41.687+0000] {dagbag.py:545} INFO - Filling up the DagBag from /home/airflow/.local/lib/python3.12/site-packages/airflow/example_dags/example_branch_operator.py
[2024-09-22T11:17:41.738+0000] {processor.py:840} INFO - DAG(s) 'example_branch_operator' retrieved from /home/airflow/.local/lib/python3.12/site-packages/airflow/example_dags/example_branch_operator.py
[2024-09-22T11:17:41.852+0000] {logging_mixin.py:188} INFO - [2024-09-22T11:17:41.851+0000] {dag.py:3089} INFO - Sync 1 DAGs
[2024-09-22T11:17:41.943+0000] {logging_mixin.py:188} INFO - [2024-09-22T11:17:41.943+0000] {dag.py:3947} INFO - Setting next_dagrun for example_branch_operator to 2024-09-22 00:00:00+00:00, run_after=2024-09-23 00:00:00+00:00
[2024-09-22T11:17:42.293+0000] {processor.py:183} INFO - Processing /home/airflow/.local/lib/python3.12/site-packages/airflow/example_dags/example_branch_operator.py took 0.791 seconds
[2024-09-22T11:18:12.721+0000] {processor.py:161} INFO - Started process (PID=390) to work on /home/airflow/.local/lib/python3.12/site-packages/airflow/example_dags/example_branch_operator.py
[2024-09-22T11:18:12.846+0000] {processor.py:830} INFO - Processing file /home/airflow/.local/lib/python3.12/site-packages/airflow/example_dags/example_branch_operator.py for tasks to queue
[2024-09-22T11:18:12.848+0000] {logging_mixin.py:188} INFO - [2024-09-22T11:18:12.847+0000] {dagbag.py:545} INFO - Filling up the DagBag from /home/airflow/.local/lib/python3.12/site-packages/airflow/example_dags/example_branch_operator.py
[2024-09-22T11:18:12.933+0000] {processor.py:840} INFO - DAG(s) 'example_branch_operator' retrieved from /home/airflow/.local/lib/python3.12/site-packages/airflow/example_dags/example_branch_operator.py
[2024-09-22T11:18:13.129+0000] {logging_mixin.py:188} INFO - [2024-09-22T11:18:13.129+0000] {dag.py:3089} INFO - Sync 1 DAGs
[2024-09-22T11:18:13.215+0000] {logging_mixin.py:188} INFO - [2024-09-22T11:18:13.215+0000] {dag.py:3947} INFO - Setting next_dagrun for example_branch_operator to 2024-09-22 00:00:00+00:00, run_after=2024-09-23 00:00:00+00:00
[2024-09-22T11:18:13.649+0000] {processor.py:183} INFO - Processing /home/airflow/.local/lib/python3.12/site-packages/airflow/example_dags/example_branch_operator.py took 0.957 seconds
[2024-09-22T11:19:09.231+0000] {processor.py:161} INFO - Started process (PID=497) to work on /home/airflow/.local/lib/python3.12/site-packages/airflow/example_dags/example_branch_operator.py
[2024-09-22T11:19:09.347+0000] {processor.py:830} INFO - Processing file /home/airflow/.local/lib/python3.12/site-packages/airflow/example_dags/example_branch_operator.py for tasks to queue
[2024-09-22T11:19:09.349+0000] {logging_mixin.py:188} INFO - [2024-09-22T11:19:09.348+0000] {dagbag.py:545} INFO - Filling up the DagBag from /home/airflow/.local/lib/python3.12/site-packages/airflow/example_dags/example_branch_operator.py
[2024-09-22T11:19:09.394+0000] {processor.py:840} INFO - DAG(s) 'example_branch_operator' retrieved from /home/airflow/.local/lib/python3.12/site-packages/airflow/example_dags/example_branch_operator.py
[2024-09-22T11:19:09.462+0000] {logging_mixin.py:188} INFO - [2024-09-22T11:19:09.461+0000] {dag.py:3089} INFO - Sync 1 DAGs
[2024-09-22T11:19:09.561+0000] {logging_mixin.py:188} INFO - [2024-09-22T11:19:09.554+0000] {dag.py:3947} INFO - Setting next_dagrun for example_branch_operator to 2024-09-22 00:00:00+00:00, run_after=2024-09-23 00:00:00+00:00
[2024-09-22T11:19:10.026+0000] {processor.py:183} INFO - Processing /home/airflow/.local/lib/python3.12/site-packages/airflow/example_dags/example_branch_operator.py took 0.838 seconds
[2024-09-22T11:19:42.094+0000] {processor.py:161} INFO - Started process (PID=561) to work on /home/airflow/.local/lib/python3.12/site-packages/airflow/example_dags/example_branch_operator.py
[2024-09-22T11:19:42.507+0000] {processor.py:830} INFO - Processing file /home/airflow/.local/lib/python3.12/site-packages/airflow/example_dags/example_branch_operator.py for tasks to queue
[2024-09-22T11:19:42.510+0000] {logging_mixin.py:188} INFO - [2024-09-22T11:19:42.509+0000] {dagbag.py:545} INFO - Filling up the DagBag from /home/airflow/.local/lib/python3.12/site-packages/airflow/example_dags/example_branch_operator.py
[2024-09-22T11:19:42.575+0000] {processor.py:840} INFO - DAG(s) 'example_branch_operator' retrieved from /home/airflow/.local/lib/python3.12/site-packages/airflow/example_dags/example_branch_operator.py
[2024-09-22T11:19:42.649+0000] {logging_mixin.py:188} INFO - [2024-09-22T11:19:42.648+0000] {dag.py:3089} INFO - Sync 1 DAGs
[2024-09-22T11:19:42.699+0000] {logging_mixin.py:188} INFO - [2024-09-22T11:19:42.699+0000] {dag.py:3947} INFO - Setting next_dagrun for example_branch_operator to 2024-09-22 00:00:00+00:00, run_after=2024-09-23 00:00:00+00:00
[2024-09-22T11:19:42.948+0000] {processor.py:183} INFO - Processing /home/airflow/.local/lib/python3.12/site-packages/airflow/example_dags/example_branch_operator.py took 0.871 seconds
[2024-09-22T11:20:18.932+0000] {processor.py:161} INFO - Started process (PID=642) to work on /home/airflow/.local/lib/python3.12/site-packages/airflow/example_dags/example_branch_operator.py
[2024-09-22T11:20:19.245+0000] {processor.py:830} INFO - Processing file /home/airflow/.local/lib/python3.12/site-packages/airflow/example_dags/example_branch_operator.py for tasks to queue
[2024-09-22T11:20:19.247+0000] {logging_mixin.py:188} INFO - [2024-09-22T11:20:19.246+0000] {dagbag.py:545} INFO - Filling up the DagBag from /home/airflow/.local/lib/python3.12/site-packages/airflow/example_dags/example_branch_operator.py
[2024-09-22T11:20:19.325+0000] {processor.py:840} INFO - DAG(s) 'example_branch_operator' retrieved from /home/airflow/.local/lib/python3.12/site-packages/airflow/example_dags/example_branch_operator.py
[2024-09-22T11:20:19.523+0000] {logging_mixin.py:188} INFO - [2024-09-22T11:20:19.519+0000] {dag.py:3089} INFO - Sync 1 DAGs
[2024-09-22T11:20:19.674+0000] {logging_mixin.py:188} INFO - [2024-09-22T11:20:19.674+0000] {dag.py:3947} INFO - Setting next_dagrun for example_branch_operator to 2024-09-22 00:00:00+00:00, run_after=2024-09-23 00:00:00+00:00
[2024-09-22T11:20:19.972+0000] {processor.py:183} INFO - Processing /home/airflow/.local/lib/python3.12/site-packages/airflow/example_dags/example_branch_operator.py took 1.059 seconds
[2024-09-22T11:21:02.646+0000] {processor.py:161} INFO - Started process (PID=716) to work on /home/airflow/.local/lib/python3.12/site-packages/airflow/example_dags/example_branch_operator.py
[2024-09-22T11:21:02.707+0000] {processor.py:830} INFO - Processing file /home/airflow/.local/lib/python3.12/site-packages/airflow/example_dags/example_branch_operator.py for tasks to queue
[2024-09-22T11:21:02.709+0000] {logging_mixin.py:188} INFO - [2024-09-22T11:21:02.708+0000] {dagbag.py:545} INFO - Filling up the DagBag from /home/airflow/.local/lib/python3.12/site-packages/airflow/example_dags/example_branch_operator.py
[2024-09-22T11:21:02.742+0000] {processor.py:840} INFO - DAG(s) 'example_branch_operator' retrieved from /home/airflow/.local/lib/python3.12/site-packages/airflow/example_dags/example_branch_operator.py
[2024-09-22T11:21:02.784+0000] {logging_mixin.py:188} INFO - [2024-09-22T11:21:02.784+0000] {dag.py:3089} INFO - Sync 1 DAGs
[2024-09-22T11:21:02.821+0000] {logging_mixin.py:188} INFO - [2024-09-22T11:21:02.821+0000] {dag.py:3947} INFO - Setting next_dagrun for example_branch_operator to 2024-09-22 00:00:00+00:00, run_after=2024-09-23 00:00:00+00:00
[2024-09-22T11:21:03.059+0000] {processor.py:183} INFO - Processing /home/airflow/.local/lib/python3.12/site-packages/airflow/example_dags/example_branch_operator.py took 0.428 seconds
[2024-09-22T11:22:13.288+0000] {processor.py:161} INFO - Started process (PID=801) to work on /home/airflow/.local/lib/python3.12/site-packages/airflow/example_dags/example_branch_operator.py
[2024-09-22T11:22:13.560+0000] {processor.py:830} INFO - Processing file /home/airflow/.local/lib/python3.12/site-packages/airflow/example_dags/example_branch_operator.py for tasks to queue
[2024-09-22T11:22:13.562+0000] {logging_mixin.py:188} INFO - [2024-09-22T11:22:13.561+0000] {dagbag.py:545} INFO - Filling up the DagBag from /home/airflow/.local/lib/python3.12/site-packages/airflow/example_dags/example_branch_operator.py
[2024-09-22T11:22:13.635+0000] {processor.py:840} INFO - DAG(s) 'example_branch_operator' retrieved from /home/airflow/.local/lib/python3.12/site-packages/airflow/example_dags/example_branch_operator.py
[2024-09-22T11:22:13.706+0000] {logging_mixin.py:188} INFO - [2024-09-22T11:22:13.706+0000] {dag.py:3089} INFO - Sync 1 DAGs
[2024-09-22T11:22:13.754+0000] {logging_mixin.py:188} INFO - [2024-09-22T11:22:13.753+0000] {dag.py:3947} INFO - Setting next_dagrun for example_branch_operator to 2024-09-22 00:00:00+00:00, run_after=2024-09-23 00:00:00+00:00
[2024-09-22T11:22:14.227+0000] {processor.py:183} INFO - Processing /home/airflow/.local/lib/python3.12/site-packages/airflow/example_dags/example_branch_operator.py took 0.947 seconds
[2024-09-22T11:23:05.575+0000] {processor.py:161} INFO - Started process (PID=879) to work on /home/airflow/.local/lib/python3.12/site-packages/airflow/example_dags/example_branch_operator.py
[2024-09-22T11:23:06.138+0000] {processor.py:830} INFO - Processing file /home/airflow/.local/lib/python3.12/site-packages/airflow/example_dags/example_branch_operator.py for tasks to queue
[2024-09-22T11:23:06.139+0000] {logging_mixin.py:188} INFO - [2024-09-22T11:23:06.139+0000] {dagbag.py:545} INFO - Filling up the DagBag from /home/airflow/.local/lib/python3.12/site-packages/airflow/example_dags/example_branch_operator.py
[2024-09-22T11:23:06.183+0000] {processor.py:840} INFO - DAG(s) 'example_branch_operator' retrieved from /home/airflow/.local/lib/python3.12/site-packages/airflow/example_dags/example_branch_operator.py
[2024-09-22T11:23:06.260+0000] {logging_mixin.py:188} INFO - [2024-09-22T11:23:06.259+0000] {dag.py:3089} INFO - Sync 1 DAGs
[2024-09-22T11:23:06.322+0000] {logging_mixin.py:188} INFO - [2024-09-22T11:23:06.321+0000] {dag.py:3947} INFO - Setting next_dagrun for example_branch_operator to 2024-09-22 00:00:00+00:00, run_after=2024-09-23 00:00:00+00:00
[2024-09-22T11:23:07.093+0000] {processor.py:183} INFO - Processing /home/airflow/.local/lib/python3.12/site-packages/airflow/example_dags/example_branch_operator.py took 1.527 seconds
[2024-09-22T11:24:44.494+0000] {processor.py:161} INFO - Started process (PID=983) to work on /home/airflow/.local/lib/python3.12/site-packages/airflow/example_dags/example_branch_operator.py
[2024-09-22T11:24:44.633+0000] {processor.py:830} INFO - Processing file /home/airflow/.local/lib/python3.12/site-packages/airflow/example_dags/example_branch_operator.py for tasks to queue
[2024-09-22T11:24:44.635+0000] {logging_mixin.py:188} INFO - [2024-09-22T11:24:44.634+0000] {dagbag.py:545} INFO - Filling up the DagBag from /home/airflow/.local/lib/python3.12/site-packages/airflow/example_dags/example_branch_operator.py
[2024-09-22T11:24:44.853+0000] {processor.py:840} INFO - DAG(s) 'example_branch_operator' retrieved from /home/airflow/.local/lib/python3.12/site-packages/airflow/example_dags/example_branch_operator.py
[2024-09-22T11:24:44.917+0000] {logging_mixin.py:188} INFO - [2024-09-22T11:24:44.917+0000] {dag.py:3089} INFO - Sync 1 DAGs
[2024-09-22T11:24:44.992+0000] {logging_mixin.py:188} INFO - [2024-09-22T11:24:44.992+0000] {dag.py:3947} INFO - Setting next_dagrun for example_branch_operator to 2024-09-22 00:00:00+00:00, run_after=2024-09-23 00:00:00+00:00
[2024-09-22T11:24:45.246+0000] {processor.py:183} INFO - Processing /home/airflow/.local/lib/python3.12/site-packages/airflow/example_dags/example_branch_operator.py took 0.767 seconds
[2024-09-22T11:26:14.238+0000] {processor.py:161} INFO - Started process (PID=1067) to work on /home/airflow/.local/lib/python3.12/site-packages/airflow/example_dags/example_branch_operator.py
[2024-09-22T11:26:14.345+0000] {processor.py:830} INFO - Processing file /home/airflow/.local/lib/python3.12/site-packages/airflow/example_dags/example_branch_operator.py for tasks to queue
[2024-09-22T11:26:14.347+0000] {logging_mixin.py:188} INFO - [2024-09-22T11:26:14.346+0000] {dagbag.py:545} INFO - Filling up the DagBag from /home/airflow/.local/lib/python3.12/site-packages/airflow/example_dags/example_branch_operator.py
[2024-09-22T11:26:18.569+0000] {processor.py:840} INFO - DAG(s) 'example_branch_operator' retrieved from /home/airflow/.local/lib/python3.12/site-packages/airflow/example_dags/example_branch_operator.py
[2024-09-22T11:26:18.636+0000] {logging_mixin.py:188} INFO - [2024-09-22T11:26:18.636+0000] {dag.py:3089} INFO - Sync 1 DAGs
[2024-09-22T11:26:18.666+0000] {logging_mixin.py:188} INFO - [2024-09-22T11:26:18.666+0000] {dag.py:3947} INFO - Setting next_dagrun for example_branch_operator to 2024-09-22 00:00:00+00:00, run_after=2024-09-23 00:00:00+00:00
[2024-09-22T11:26:18.902+0000] {processor.py:183} INFO - Processing /home/airflow/.local/lib/python3.12/site-packages/airflow/example_dags/example_branch_operator.py took 4.673 seconds
[2024-09-22T11:28:17.514+0000] {processor.py:161} INFO - Started process (PID=1177) to work on /home/airflow/.local/lib/python3.12/site-packages/airflow/example_dags/example_branch_operator.py
[2024-09-22T11:28:17.825+0000] {processor.py:830} INFO - Processing file /home/airflow/.local/lib/python3.12/site-packages/airflow/example_dags/example_branch_operator.py for tasks to queue
[2024-09-22T11:28:17.827+0000] {logging_mixin.py:188} INFO - [2024-09-22T11:28:17.826+0000] {dagbag.py:545} INFO - Filling up the DagBag from /home/airflow/.local/lib/python3.12/site-packages/airflow/example_dags/example_branch_operator.py
[2024-09-22T11:28:17.894+0000] {processor.py:840} INFO - DAG(s) 'example_branch_operator' retrieved from /home/airflow/.local/lib/python3.12/site-packages/airflow/example_dags/example_branch_operator.py
[2024-09-22T11:28:18.028+0000] {logging_mixin.py:188} INFO - [2024-09-22T11:28:18.028+0000] {dag.py:3089} INFO - Sync 1 DAGs
[2024-09-22T11:28:18.088+0000] {logging_mixin.py:188} INFO - [2024-09-22T11:28:18.088+0000] {dag.py:3947} INFO - Setting next_dagrun for example_branch_operator to 2024-09-22 00:00:00+00:00, run_after=2024-09-23 00:00:00+00:00
[2024-09-22T11:28:18.305+0000] {processor.py:183} INFO - Processing /home/airflow/.local/lib/python3.12/site-packages/airflow/example_dags/example_branch_operator.py took 0.803 seconds
[2024-09-22T11:29:01.260+0000] {processor.py:161} INFO - Started process (PID=1251) to work on /home/airflow/.local/lib/python3.12/site-packages/airflow/example_dags/example_branch_operator.py
[2024-09-22T11:29:01.467+0000] {processor.py:830} INFO - Processing file /home/airflow/.local/lib/python3.12/site-packages/airflow/example_dags/example_branch_operator.py for tasks to queue
[2024-09-22T11:29:01.469+0000] {logging_mixin.py:188} INFO - [2024-09-22T11:29:01.468+0000] {dagbag.py:545} INFO - Filling up the DagBag from /home/airflow/.local/lib/python3.12/site-packages/airflow/example_dags/example_branch_operator.py
[2024-09-22T11:29:01.545+0000] {processor.py:840} INFO - DAG(s) 'example_branch_operator' retrieved from /home/airflow/.local/lib/python3.12/site-packages/airflow/example_dags/example_branch_operator.py
[2024-09-22T11:29:01.694+0000] {logging_mixin.py:188} INFO - [2024-09-22T11:29:01.693+0000] {dag.py:3089} INFO - Sync 1 DAGs
[2024-09-22T11:29:02.344+0000] {logging_mixin.py:188} INFO - [2024-09-22T11:29:02.337+0000] {dag.py:3947} INFO - Setting next_dagrun for example_branch_operator to 2024-09-22 00:00:00+00:00, run_after=2024-09-23 00:00:00+00:00
[2024-09-22T11:29:02.744+0000] {processor.py:183} INFO - Processing /home/airflow/.local/lib/python3.12/site-packages/airflow/example_dags/example_branch_operator.py took 1.499 seconds
[2024-09-22T11:29:35.072+0000] {processor.py:161} INFO - Started process (PID=1326) to work on /home/airflow/.local/lib/python3.12/site-packages/airflow/example_dags/example_branch_operator.py
[2024-09-22T11:29:35.122+0000] {processor.py:830} INFO - Processing file /home/airflow/.local/lib/python3.12/site-packages/airflow/example_dags/example_branch_operator.py for tasks to queue
[2024-09-22T11:29:35.124+0000] {logging_mixin.py:188} INFO - [2024-09-22T11:29:35.123+0000] {dagbag.py:545} INFO - Filling up the DagBag from /home/airflow/.local/lib/python3.12/site-packages/airflow/example_dags/example_branch_operator.py
[2024-09-22T11:29:35.188+0000] {processor.py:840} INFO - DAG(s) 'example_branch_operator' retrieved from /home/airflow/.local/lib/python3.12/site-packages/airflow/example_dags/example_branch_operator.py
[2024-09-22T11:29:35.255+0000] {logging_mixin.py:188} INFO - [2024-09-22T11:29:35.255+0000] {dag.py:3089} INFO - Sync 1 DAGs
[2024-09-22T11:29:35.306+0000] {logging_mixin.py:188} INFO - [2024-09-22T11:29:35.305+0000] {dag.py:3947} INFO - Setting next_dagrun for example_branch_operator to 2024-09-22 00:00:00+00:00, run_after=2024-09-23 00:00:00+00:00
[2024-09-22T11:29:36.211+0000] {processor.py:183} INFO - Processing /home/airflow/.local/lib/python3.12/site-packages/airflow/example_dags/example_branch_operator.py took 1.155 seconds
[2024-09-22T11:30:08.718+0000] {processor.py:161} INFO - Started process (PID=1389) to work on /home/airflow/.local/lib/python3.12/site-packages/airflow/example_dags/example_branch_operator.py
[2024-09-22T11:30:08.720+0000] {processor.py:830} INFO - Processing file /home/airflow/.local/lib/python3.12/site-packages/airflow/example_dags/example_branch_operator.py for tasks to queue
[2024-09-22T11:30:08.721+0000] {logging_mixin.py:188} INFO - [2024-09-22T11:30:08.721+0000] {dagbag.py:545} INFO - Filling up the DagBag from /home/airflow/.local/lib/python3.12/site-packages/airflow/example_dags/example_branch_operator.py
[2024-09-22T11:30:08.755+0000] {processor.py:840} INFO - DAG(s) 'example_branch_operator' retrieved from /home/airflow/.local/lib/python3.12/site-packages/airflow/example_dags/example_branch_operator.py
[2024-09-22T11:30:08.834+0000] {logging_mixin.py:188} INFO - [2024-09-22T11:30:08.833+0000] {dag.py:3089} INFO - Sync 1 DAGs
[2024-09-22T11:30:08.883+0000] {logging_mixin.py:188} INFO - [2024-09-22T11:30:08.882+0000] {dag.py:3947} INFO - Setting next_dagrun for example_branch_operator to 2024-09-22 00:00:00+00:00, run_after=2024-09-23 00:00:00+00:00
[2024-09-22T11:30:09.077+0000] {processor.py:183} INFO - Processing /home/airflow/.local/lib/python3.12/site-packages/airflow/example_dags/example_branch_operator.py took 0.369 seconds
[2024-09-22T11:30:42.396+0000] {processor.py:161} INFO - Started process (PID=1464) to work on /home/airflow/.local/lib/python3.12/site-packages/airflow/example_dags/example_branch_operator.py
[2024-09-22T11:30:42.413+0000] {processor.py:830} INFO - Processing file /home/airflow/.local/lib/python3.12/site-packages/airflow/example_dags/example_branch_operator.py for tasks to queue
[2024-09-22T11:30:42.415+0000] {logging_mixin.py:188} INFO - [2024-09-22T11:30:42.414+0000] {dagbag.py:545} INFO - Filling up the DagBag from /home/airflow/.local/lib/python3.12/site-packages/airflow/example_dags/example_branch_operator.py
[2024-09-22T11:30:42.448+0000] {processor.py:840} INFO - DAG(s) 'example_branch_operator' retrieved from /home/airflow/.local/lib/python3.12/site-packages/airflow/example_dags/example_branch_operator.py
[2024-09-22T11:30:42.492+0000] {logging_mixin.py:188} INFO - [2024-09-22T11:30:42.492+0000] {dag.py:3089} INFO - Sync 1 DAGs
[2024-09-22T11:30:42.524+0000] {logging_mixin.py:188} INFO - [2024-09-22T11:30:42.524+0000] {dag.py:3947} INFO - Setting next_dagrun for example_branch_operator to 2024-09-22 00:00:00+00:00, run_after=2024-09-23 00:00:00+00:00
[2024-09-22T11:30:42.759+0000] {processor.py:183} INFO - Processing /home/airflow/.local/lib/python3.12/site-packages/airflow/example_dags/example_branch_operator.py took 0.374 seconds
[2024-09-22T11:31:20.450+0000] {processor.py:161} INFO - Started process (PID=1533) to work on /home/airflow/.local/lib/python3.12/site-packages/airflow/example_dags/example_branch_operator.py
[2024-09-22T11:31:20.547+0000] {processor.py:830} INFO - Processing file /home/airflow/.local/lib/python3.12/site-packages/airflow/example_dags/example_branch_operator.py for tasks to queue
[2024-09-22T11:31:20.549+0000] {logging_mixin.py:188} INFO - [2024-09-22T11:31:20.549+0000] {dagbag.py:545} INFO - Filling up the DagBag from /home/airflow/.local/lib/python3.12/site-packages/airflow/example_dags/example_branch_operator.py
[2024-09-22T11:31:20.595+0000] {processor.py:840} INFO - DAG(s) 'example_branch_operator' retrieved from /home/airflow/.local/lib/python3.12/site-packages/airflow/example_dags/example_branch_operator.py
[2024-09-22T11:31:20.699+0000] {logging_mixin.py:188} INFO - [2024-09-22T11:31:20.698+0000] {dag.py:3089} INFO - Sync 1 DAGs
[2024-09-22T11:31:20.835+0000] {logging_mixin.py:188} INFO - [2024-09-22T11:31:20.834+0000] {dag.py:3947} INFO - Setting next_dagrun for example_branch_operator to 2024-09-22 00:00:00+00:00, run_after=2024-09-23 00:00:00+00:00
[2024-09-22T11:31:21.389+0000] {processor.py:183} INFO - Processing /home/airflow/.local/lib/python3.12/site-packages/airflow/example_dags/example_branch_operator.py took 0.948 seconds
[2024-09-22T11:33:09.755+0000] {processor.py:161} INFO - Started process (PID=1664) to work on /home/airflow/.local/lib/python3.12/site-packages/airflow/example_dags/example_branch_operator.py
[2024-09-22T11:33:10.000+0000] {processor.py:830} INFO - Processing file /home/airflow/.local/lib/python3.12/site-packages/airflow/example_dags/example_branch_operator.py for tasks to queue
[2024-09-22T11:33:10.002+0000] {logging_mixin.py:188} INFO - [2024-09-22T11:33:10.001+0000] {dagbag.py:545} INFO - Filling up the DagBag from /home/airflow/.local/lib/python3.12/site-packages/airflow/example_dags/example_branch_operator.py
[2024-09-22T11:33:10.070+0000] {processor.py:840} INFO - DAG(s) 'example_branch_operator' retrieved from /home/airflow/.local/lib/python3.12/site-packages/airflow/example_dags/example_branch_operator.py
[2024-09-22T11:33:10.137+0000] {logging_mixin.py:188} INFO - [2024-09-22T11:33:10.137+0000] {dag.py:3089} INFO - Sync 1 DAGs
[2024-09-22T11:33:10.190+0000] {logging_mixin.py:188} INFO - [2024-09-22T11:33:10.190+0000] {dag.py:3947} INFO - Setting next_dagrun for example_branch_operator to 2024-09-22 00:00:00+00:00, run_after=2024-09-23 00:00:00+00:00
[2024-09-22T11:33:10.451+0000] {processor.py:183} INFO - Processing /home/airflow/.local/lib/python3.12/site-packages/airflow/example_dags/example_branch_operator.py took 0.743 seconds
[2024-09-22T11:33:47.793+0000] {processor.py:161} INFO - Started process (PID=1735) to work on /home/airflow/.local/lib/python3.12/site-packages/airflow/example_dags/example_branch_operator.py
[2024-09-22T11:33:47.826+0000] {processor.py:830} INFO - Processing file /home/airflow/.local/lib/python3.12/site-packages/airflow/example_dags/example_branch_operator.py for tasks to queue
[2024-09-22T11:33:47.836+0000] {logging_mixin.py:188} INFO - [2024-09-22T11:33:47.835+0000] {dagbag.py:545} INFO - Filling up the DagBag from /home/airflow/.local/lib/python3.12/site-packages/airflow/example_dags/example_branch_operator.py
[2024-09-22T11:33:47.976+0000] {processor.py:840} INFO - DAG(s) 'example_branch_operator' retrieved from /home/airflow/.local/lib/python3.12/site-packages/airflow/example_dags/example_branch_operator.py
[2024-09-22T11:33:48.713+0000] {logging_mixin.py:188} INFO - [2024-09-22T11:33:48.712+0000] {dag.py:3089} INFO - Sync 1 DAGs
[2024-09-22T11:33:48.839+0000] {logging_mixin.py:188} INFO - [2024-09-22T11:33:48.834+0000] {dag.py:3947} INFO - Setting next_dagrun for example_branch_operator to 2024-09-22 00:00:00+00:00, run_after=2024-09-23 00:00:00+00:00
[2024-09-22T11:33:49.344+0000] {processor.py:183} INFO - Processing /home/airflow/.local/lib/python3.12/site-packages/airflow/example_dags/example_branch_operator.py took 1.597 seconds
[2024-09-22T11:34:21.026+0000] {processor.py:161} INFO - Started process (PID=1802) to work on /home/airflow/.local/lib/python3.12/site-packages/airflow/example_dags/example_branch_operator.py
[2024-09-22T11:34:21.028+0000] {processor.py:830} INFO - Processing file /home/airflow/.local/lib/python3.12/site-packages/airflow/example_dags/example_branch_operator.py for tasks to queue
[2024-09-22T11:34:21.030+0000] {logging_mixin.py:188} INFO - [2024-09-22T11:34:21.029+0000] {dagbag.py:545} INFO - Filling up the DagBag from /home/airflow/.local/lib/python3.12/site-packages/airflow/example_dags/example_branch_operator.py
[2024-09-22T11:34:21.073+0000] {processor.py:840} INFO - DAG(s) 'example_branch_operator' retrieved from /home/airflow/.local/lib/python3.12/site-packages/airflow/example_dags/example_branch_operator.py
[2024-09-22T11:34:21.135+0000] {logging_mixin.py:188} INFO - [2024-09-22T11:34:21.135+0000] {dag.py:3089} INFO - Sync 1 DAGs
[2024-09-22T11:34:21.164+0000] {logging_mixin.py:188} INFO - [2024-09-22T11:34:21.163+0000] {dag.py:3947} INFO - Setting next_dagrun for example_branch_operator to 2024-09-22 00:00:00+00:00, run_after=2024-09-23 00:00:00+00:00
[2024-09-22T11:34:21.774+0000] {processor.py:183} INFO - Processing /home/airflow/.local/lib/python3.12/site-packages/airflow/example_dags/example_branch_operator.py took 0.767 seconds
[2024-09-22T11:34:53.979+0000] {processor.py:161} INFO - Started process (PID=1866) to work on /home/airflow/.local/lib/python3.12/site-packages/airflow/example_dags/example_branch_operator.py
[2024-09-22T11:34:54.192+0000] {processor.py:830} INFO - Processing file /home/airflow/.local/lib/python3.12/site-packages/airflow/example_dags/example_branch_operator.py for tasks to queue
[2024-09-22T11:34:54.194+0000] {logging_mixin.py:188} INFO - [2024-09-22T11:34:54.193+0000] {dagbag.py:545} INFO - Filling up the DagBag from /home/airflow/.local/lib/python3.12/site-packages/airflow/example_dags/example_branch_operator.py
[2024-09-22T11:34:54.235+0000] {processor.py:840} INFO - DAG(s) 'example_branch_operator' retrieved from /home/airflow/.local/lib/python3.12/site-packages/airflow/example_dags/example_branch_operator.py
[2024-09-22T11:34:54.323+0000] {logging_mixin.py:188} INFO - [2024-09-22T11:34:54.322+0000] {dag.py:3089} INFO - Sync 1 DAGs
[2024-09-22T11:34:54.414+0000] {logging_mixin.py:188} INFO - [2024-09-22T11:34:54.414+0000] {dag.py:3947} INFO - Setting next_dagrun for example_branch_operator to 2024-09-22 00:00:00+00:00, run_after=2024-09-23 00:00:00+00:00
[2024-09-22T11:34:54.857+0000] {processor.py:183} INFO - Processing /home/airflow/.local/lib/python3.12/site-packages/airflow/example_dags/example_branch_operator.py took 0.892 seconds
[2024-09-22T11:35:25.825+0000] {processor.py:161} INFO - Started process (PID=1928) to work on /home/airflow/.local/lib/python3.12/site-packages/airflow/example_dags/example_branch_operator.py
[2024-09-22T11:35:25.826+0000] {processor.py:830} INFO - Processing file /home/airflow/.local/lib/python3.12/site-packages/airflow/example_dags/example_branch_operator.py for tasks to queue
[2024-09-22T11:35:25.828+0000] {logging_mixin.py:188} INFO - [2024-09-22T11:35:25.827+0000] {dagbag.py:545} INFO - Filling up the DagBag from /home/airflow/.local/lib/python3.12/site-packages/airflow/example_dags/example_branch_operator.py
[2024-09-22T11:35:25.854+0000] {processor.py:840} INFO - DAG(s) 'example_branch_operator' retrieved from /home/airflow/.local/lib/python3.12/site-packages/airflow/example_dags/example_branch_operator.py
[2024-09-22T11:35:25.923+0000] {logging_mixin.py:188} INFO - [2024-09-22T11:35:25.922+0000] {dag.py:3089} INFO - Sync 1 DAGs
[2024-09-22T11:35:25.974+0000] {logging_mixin.py:188} INFO - [2024-09-22T11:35:25.974+0000] {dag.py:3947} INFO - Setting next_dagrun for example_branch_operator to 2024-09-22 00:00:00+00:00, run_after=2024-09-23 00:00:00+00:00
[2024-09-22T11:35:26.967+0000] {processor.py:183} INFO - Processing /home/airflow/.local/lib/python3.12/site-packages/airflow/example_dags/example_branch_operator.py took 1.152 seconds
[2024-09-22T11:35:57.125+0000] {processor.py:161} INFO - Started process (PID=1994) to work on /home/airflow/.local/lib/python3.12/site-packages/airflow/example_dags/example_branch_operator.py
[2024-09-22T11:35:57.127+0000] {processor.py:830} INFO - Processing file /home/airflow/.local/lib/python3.12/site-packages/airflow/example_dags/example_branch_operator.py for tasks to queue
[2024-09-22T11:35:57.130+0000] {logging_mixin.py:188} INFO - [2024-09-22T11:35:57.129+0000] {dagbag.py:545} INFO - Filling up the DagBag from /home/airflow/.local/lib/python3.12/site-packages/airflow/example_dags/example_branch_operator.py
[2024-09-22T11:35:57.180+0000] {processor.py:840} INFO - DAG(s) 'example_branch_operator' retrieved from /home/airflow/.local/lib/python3.12/site-packages/airflow/example_dags/example_branch_operator.py
[2024-09-22T11:35:58.216+0000] {logging_mixin.py:188} INFO - [2024-09-22T11:35:58.215+0000] {dag.py:3089} INFO - Sync 1 DAGs
[2024-09-22T11:35:58.309+0000] {logging_mixin.py:188} INFO - [2024-09-22T11:35:58.308+0000] {dag.py:3947} INFO - Setting next_dagrun for example_branch_operator to 2024-09-22 00:00:00+00:00, run_after=2024-09-23 00:00:00+00:00
[2024-09-22T11:35:59.128+0000] {processor.py:183} INFO - Processing /home/airflow/.local/lib/python3.12/site-packages/airflow/example_dags/example_branch_operator.py took 2.022 seconds
[2024-09-22T11:41:21.793+0000] {processor.py:161} INFO - Started process (PID=2153) to work on /home/airflow/.local/lib/python3.12/site-packages/airflow/example_dags/example_branch_operator.py
[2024-09-22T11:41:21.973+0000] {processor.py:830} INFO - Processing file /home/airflow/.local/lib/python3.12/site-packages/airflow/example_dags/example_branch_operator.py for tasks to queue
[2024-09-22T11:41:21.974+0000] {logging_mixin.py:188} INFO - [2024-09-22T11:41:21.974+0000] {dagbag.py:545} INFO - Filling up the DagBag from /home/airflow/.local/lib/python3.12/site-packages/airflow/example_dags/example_branch_operator.py
[2024-09-22T11:41:21.999+0000] {processor.py:840} INFO - DAG(s) 'example_branch_operator' retrieved from /home/airflow/.local/lib/python3.12/site-packages/airflow/example_dags/example_branch_operator.py
[2024-09-22T11:41:22.048+0000] {logging_mixin.py:188} INFO - [2024-09-22T11:41:22.048+0000] {dag.py:3089} INFO - Sync 1 DAGs
[2024-09-22T11:41:22.089+0000] {logging_mixin.py:188} INFO - [2024-09-22T11:41:22.088+0000] {dag.py:3947} INFO - Setting next_dagrun for example_branch_operator to 2024-09-22 00:00:00+00:00, run_after=2024-09-23 00:00:00+00:00
[2024-09-22T11:41:22.330+0000] {processor.py:183} INFO - Processing /home/airflow/.local/lib/python3.12/site-packages/airflow/example_dags/example_branch_operator.py took 0.547 seconds
[2024-09-22T11:42:01.981+0000] {processor.py:161} INFO - Started process (PID=2227) to work on /home/airflow/.local/lib/python3.12/site-packages/airflow/example_dags/example_branch_operator.py
[2024-09-22T11:42:02.051+0000] {processor.py:830} INFO - Processing file /home/airflow/.local/lib/python3.12/site-packages/airflow/example_dags/example_branch_operator.py for tasks to queue
[2024-09-22T11:42:02.053+0000] {logging_mixin.py:188} INFO - [2024-09-22T11:42:02.052+0000] {dagbag.py:545} INFO - Filling up the DagBag from /home/airflow/.local/lib/python3.12/site-packages/airflow/example_dags/example_branch_operator.py
[2024-09-22T11:42:02.111+0000] {processor.py:840} INFO - DAG(s) 'example_branch_operator' retrieved from /home/airflow/.local/lib/python3.12/site-packages/airflow/example_dags/example_branch_operator.py
[2024-09-22T11:42:02.174+0000] {logging_mixin.py:188} INFO - [2024-09-22T11:42:02.174+0000] {dag.py:3089} INFO - Sync 1 DAGs
[2024-09-22T11:42:02.224+0000] {logging_mixin.py:188} INFO - [2024-09-22T11:42:02.223+0000] {dag.py:3947} INFO - Setting next_dagrun for example_branch_operator to 2024-09-22 00:00:00+00:00, run_after=2024-09-23 00:00:00+00:00
[2024-09-22T11:42:02.443+0000] {processor.py:183} INFO - Processing /home/airflow/.local/lib/python3.12/site-packages/airflow/example_dags/example_branch_operator.py took 0.474 seconds
[2024-09-22T11:42:33.828+0000] {processor.py:161} INFO - Started process (PID=2303) to work on /home/airflow/.local/lib/python3.12/site-packages/airflow/example_dags/example_branch_operator.py
[2024-09-22T11:42:34.041+0000] {processor.py:830} INFO - Processing file /home/airflow/.local/lib/python3.12/site-packages/airflow/example_dags/example_branch_operator.py for tasks to queue
[2024-09-22T11:42:34.045+0000] {logging_mixin.py:188} INFO - [2024-09-22T11:42:34.044+0000] {dagbag.py:545} INFO - Filling up the DagBag from /home/airflow/.local/lib/python3.12/site-packages/airflow/example_dags/example_branch_operator.py
[2024-09-22T11:42:34.096+0000] {processor.py:840} INFO - DAG(s) 'example_branch_operator' retrieved from /home/airflow/.local/lib/python3.12/site-packages/airflow/example_dags/example_branch_operator.py
[2024-09-22T11:42:34.256+0000] {logging_mixin.py:188} INFO - [2024-09-22T11:42:34.255+0000] {dag.py:3089} INFO - Sync 1 DAGs
[2024-09-22T11:42:34.364+0000] {logging_mixin.py:188} INFO - [2024-09-22T11:42:34.364+0000] {dag.py:3947} INFO - Setting next_dagrun for example_branch_operator to 2024-09-22 00:00:00+00:00, run_after=2024-09-23 00:00:00+00:00
[2024-09-22T11:42:34.912+0000] {processor.py:183} INFO - Processing /home/airflow/.local/lib/python3.12/site-packages/airflow/example_dags/example_branch_operator.py took 1.102 seconds
[2024-09-22T11:43:05.984+0000] {processor.py:161} INFO - Started process (PID=2388) to work on /home/airflow/.local/lib/python3.12/site-packages/airflow/example_dags/example_branch_operator.py
[2024-09-22T11:43:05.985+0000] {processor.py:830} INFO - Processing file /home/airflow/.local/lib/python3.12/site-packages/airflow/example_dags/example_branch_operator.py for tasks to queue
[2024-09-22T11:43:05.986+0000] {logging_mixin.py:188} INFO - [2024-09-22T11:43:05.986+0000] {dagbag.py:545} INFO - Filling up the DagBag from /home/airflow/.local/lib/python3.12/site-packages/airflow/example_dags/example_branch_operator.py
[2024-09-22T11:43:06.009+0000] {processor.py:840} INFO - DAG(s) 'example_branch_operator' retrieved from /home/airflow/.local/lib/python3.12/site-packages/airflow/example_dags/example_branch_operator.py
[2024-09-22T11:43:06.051+0000] {logging_mixin.py:188} INFO - [2024-09-22T11:43:06.050+0000] {dag.py:3089} INFO - Sync 1 DAGs
[2024-09-22T11:43:06.108+0000] {logging_mixin.py:188} INFO - [2024-09-22T11:43:06.108+0000] {dag.py:3947} INFO - Setting next_dagrun for example_branch_operator to 2024-09-22 00:00:00+00:00, run_after=2024-09-23 00:00:00+00:00
[2024-09-22T11:43:06.419+0000] {processor.py:183} INFO - Processing /home/airflow/.local/lib/python3.12/site-packages/airflow/example_dags/example_branch_operator.py took 0.446 seconds
[2024-09-22T11:43:37.609+0000] {processor.py:161} INFO - Started process (PID=2479) to work on /home/airflow/.local/lib/python3.12/site-packages/airflow/example_dags/example_branch_operator.py
[2024-09-22T11:43:37.610+0000] {processor.py:830} INFO - Processing file /home/airflow/.local/lib/python3.12/site-packages/airflow/example_dags/example_branch_operator.py for tasks to queue
[2024-09-22T11:43:37.613+0000] {logging_mixin.py:188} INFO - [2024-09-22T11:43:37.611+0000] {dagbag.py:545} INFO - Filling up the DagBag from /home/airflow/.local/lib/python3.12/site-packages/airflow/example_dags/example_branch_operator.py
[2024-09-22T11:43:37.657+0000] {processor.py:840} INFO - DAG(s) 'example_branch_operator' retrieved from /home/airflow/.local/lib/python3.12/site-packages/airflow/example_dags/example_branch_operator.py
[2024-09-22T11:43:37.737+0000] {logging_mixin.py:188} INFO - [2024-09-22T11:43:37.737+0000] {dag.py:3089} INFO - Sync 1 DAGs
[2024-09-22T11:43:37.800+0000] {logging_mixin.py:188} INFO - [2024-09-22T11:43:37.795+0000] {dag.py:3947} INFO - Setting next_dagrun for example_branch_operator to 2024-09-22 00:00:00+00:00, run_after=2024-09-23 00:00:00+00:00
[2024-09-22T11:43:38.056+0000] {processor.py:183} INFO - Processing /home/airflow/.local/lib/python3.12/site-packages/airflow/example_dags/example_branch_operator.py took 0.464 seconds
                                                                                   