[2024-09-22T11:13:31.430+0000] {processor.py:161} INFO - Started process (PID=77) to work on /home/airflow/.local/lib/python3.12/site-packages/airflow/example_dags/example_task_group_decorator.py
[2024-09-22T11:13:31.431+0000] {processor.py:830} INFO - Processing file /home/airflow/.local/lib/python3.12/site-packages/airflow/example_dags/example_task_group_decorator.py for tasks to queue
[2024-09-22T11:13:31.435+0000] {logging_mixin.py:188} INFO - [2024-09-22T11:13:31.434+0000] {dagbag.py:545} INFO - Filling up the DagBag from /home/airflow/.local/lib/python3.12/site-packages/airflow/example_dags/example_task_group_decorator.py
[2024-09-22T11:13:31.480+0000] {processor.py:840} INFO - DAG(s) 'example_task_group_decorator' retrieved from /home/airflow/.local/lib/python3.12/site-packages/airflow/example_dags/example_task_group_decorator.py
[2024-09-22T11:13:32.366+0000] {logging_mixin.py:188} INFO - [2024-09-22T11:13:32.341+0000] {dag.py:3089} INFO - Sync 1 DAGs
[2024-09-22T11:13:32.677+0000] {logging_mixin.py:188} INFO - [2024-09-22T11:13:32.673+0000] {dag.py:3947} INFO - Setting next_dagrun for example_task_group_decorator to 2024-09-21 00:00:00+00:00, run_after=2024-09-22 00:00:00+00:00
[2024-09-22T11:13:32.867+0000] {processor.py:183} INFO - Processing /home/airflow/.local/lib/python3.12/site-packages/airflow/example_dags/example_task_group_decorator.py took 1.449 seconds
[2024-09-22T11:15:19.557+0000] {processor.py:161} INFO - Started process (PID=78) to work on /home/airflow/.local/lib/python3.12/site-packages/airflow/example_dags/example_task_group_decorator.py
[2024-09-22T11:15:19.615+0000] {processor.py:830} INFO - Processing file /home/airflow/.local/lib/python3.12/site-packages/airflow/example_dags/example_task_group_decorator.py for tasks to queue
[2024-09-22T11:15:19.620+0000] {logging_mixin.py:188} INFO - [2024-09-22T11:15:19.619+0000] {dagbag.py:545} INFO - Filling up the DagBag from /home/airflow/.local/lib/python3.12/site-packages/airflow/example_dags/example_task_group_decorator.py
[2024-09-22T11:15:19.665+0000] {processor.py:840} INFO - DAG(s) 'example_task_group_decorator' retrieved from /home/airflow/.local/lib/python3.12/site-packages/airflow/example_dags/example_task_group_decorator.py
[2024-09-22T11:15:19.767+0000] {logging_mixin.py:188} INFO - [2024-09-22T11:15:19.766+0000] {dag.py:3089} INFO - Sync 1 DAGs
[2024-09-22T11:15:19.852+0000] {logging_mixin.py:188} INFO - [2024-09-22T11:15:19.851+0000] {dag.py:3947} INFO - Setting next_dagrun for example_task_group_decorator to 2024-09-22 00:00:00+00:00, run_after=2024-09-23 00:00:00+00:00
[2024-09-22T11:15:20.004+0000] {processor.py:183} INFO - Processing /home/airflow/.local/lib/python3.12/site-packages/airflow/example_dags/example_task_group_decorator.py took 0.500 seconds
[2024-09-22T11:15:56.561+0000] {processor.py:161} INFO - Started process (PID=137) to work on /home/airflow/.local/lib/python3.12/site-packages/airflow/example_dags/example_task_group_decorator.py
[2024-09-22T11:15:56.638+0000] {processor.py:830} INFO - Processing file /home/airflow/.local/lib/python3.12/site-packages/airflow/example_dags/example_task_group_decorator.py for tasks to queue
[2024-09-22T11:15:56.644+0000] {logging_mixin.py:188} INFO - [2024-09-22T11:15:56.641+0000] {dagbag.py:545} INFO - Filling up the DagBag from /home/airflow/.local/lib/python3.12/site-packages/airflow/example_dags/example_task_group_decorator.py
[2024-09-22T11:15:56.688+0000] {processor.py:840} INFO - DAG(s) 'example_task_group_decorator' retrieved from /home/airflow/.local/lib/python3.12/site-packages/airflow/example_dags/example_task_group_decorator.py
[2024-09-22T11:15:56.770+0000] {logging_mixin.py:188} INFO - [2024-09-22T11:15:56.769+0000] {dag.py:3089} INFO - Sync 1 DAGs
[2024-09-22T11:15:56.838+0000] {logging_mixin.py:188} INFO - [2024-09-22T11:15:56.834+0000] {dag.py:3947} INFO - Setting next_dagrun for example_task_group_decorator to 2024-09-22 00:00:00+00:00, run_after=2024-09-23 00:00:00+00:00
[2024-09-22T11:15:57.004+0000] {processor.py:183} INFO - Processing /home/airflow/.local/lib/python3.12/site-packages/airflow/example_dags/example_task_group_decorator.py took 0.456 seconds
[2024-09-22T11:16:45.757+0000] {processor.py:161} INFO - Started process (PID=201) to work on /home/airflow/.local/lib/python3.12/site-packages/airflow/example_dags/example_task_group_decorator.py
[2024-09-22T11:16:45.934+0000] {processor.py:830} INFO - Processing file /home/airflow/.local/lib/python3.12/site-packages/airflow/example_dags/example_task_group_decorator.py for tasks to queue
[2024-09-22T11:16:45.968+0000] {logging_mixin.py:188} INFO - [2024-09-22T11:16:45.961+0000] {dagbag.py:545} INFO - Filling up the DagBag from /home/airflow/.local/lib/python3.12/site-packages/airflow/example_dags/example_task_group_decorator.py
[2024-09-22T11:16:46.146+0000] {processor.py:840} INFO - DAG(s) 'example_task_group_decorator' retrieved from /home/airflow/.local/lib/python3.12/site-packages/airflow/example_dags/example_task_group_decorator.py
[2024-09-22T11:16:46.395+0000] {logging_mixin.py:188} INFO - [2024-09-22T11:16:46.394+0000] {dag.py:3089} INFO - Sync 1 DAGs
[2024-09-22T11:16:46.651+0000] {logging_mixin.py:188} INFO - [2024-09-22T11:16:46.649+0000] {dag.py:3947} INFO - Setting next_dagrun for example_task_group_decorator to 2024-09-22 00:00:00+00:00, run_after=2024-09-23 00:00:00+00:00
[2024-09-22T11:16:47.555+0000] {processor.py:183} INFO - Processing /home/airflow/.local/lib/python3.12/site-packages/airflow/example_dags/example_task_group_decorator.py took 1.815 seconds
[2024-09-22T11:17:30.093+0000] {processor.py:161} INFO - Started process (PID=283) to work on /home/airflow/.local/lib/python3.12/site-packages/airflow/example_dags/example_task_group_decorator.py
[2024-09-22T11:17:30.155+0000] {processor.py:830} INFO - Processing file /home/airflow/.local/lib/python3.12/site-packages/airflow/example_dags/example_task_group_decorator.py for tasks to queue
[2024-09-22T11:17:30.157+0000] {logging_mixin.py:188} INFO - [2024-09-22T11:17:30.157+0000] {dagbag.py:545} INFO - Filling up the DagBag from /home/airflow/.local/lib/python3.12/site-packages/airflow/example_dags/example_task_group_decorator.py
[2024-09-22T11:17:30.226+0000] {processor.py:840} INFO - DAG(s) 'example_task_group_decorator' retrieved from /home/airflow/.local/lib/python3.12/site-packages/airflow/example_dags/example_task_group_decorator.py
[2024-09-22T11:17:30.337+0000] {logging_mixin.py:188} INFO - [2024-09-22T11:17:30.337+0000] {dag.py:3089} INFO - Sync 1 DAGs
[2024-09-22T11:17:30.411+0000] {logging_mixin.py:188} INFO - [2024-09-22T11:17:30.410+0000] {dag.py:3947} INFO - Setting next_dagrun for example_task_group_decorator to 2024-09-22 00:00:00+00:00, run_after=2024-09-23 00:00:00+00:00
[2024-09-22T11:17:30.575+0000] {processor.py:183} INFO - Processing /home/airflow/.local/lib/python3.12/site-packages/airflow/example_dags/example_task_group_decorator.py took 0.507 seconds
[2024-09-22T11:18:00.973+0000] {processor.py:161} INFO - Started process (PID=362) to work on /home/airflow/.local/lib/python3.12/site-packages/airflow/example_dags/example_task_group_decorator.py
[2024-09-22T11:18:01.054+0000] {processor.py:830} INFO - Processing file /home/airflow/.local/lib/python3.12/site-packages/airflow/example_dags/example_task_group_decorator.py for tasks to queue
[2024-09-22T11:18:01.056+0000] {logging_mixin.py:188} INFO - [2024-09-22T11:18:01.055+0000] {dagbag.py:545} INFO - Filling up the DagBag from /home/airflow/.local/lib/python3.12/site-packages/airflow/example_dags/example_task_group_decorator.py
[2024-09-22T11:18:01.115+0000] {processor.py:840} INFO - DAG(s) 'example_task_group_decorator' retrieved from /home/airflow/.local/lib/python3.12/site-packages/airflow/example_dags/example_task_group_decorator.py
[2024-09-22T11:18:01.205+0000] {logging_mixin.py:188} INFO - [2024-09-22T11:18:01.204+0000] {dag.py:3089} INFO - Sync 1 DAGs
[2024-09-22T11:18:01.266+0000] {logging_mixin.py:188} INFO - [2024-09-22T11:18:01.266+0000] {dag.py:3947} INFO - Setting next_dagrun for example_task_group_decorator to 2024-09-22 00:00:00+00:00, run_after=2024-09-23 00:00:00+00:00
[2024-09-22T11:18:01.493+0000] {processor.py:183} INFO - Processing /home/airflow/.local/lib/python3.12/site-packages/airflow/example_dags/example_task_group_decorator.py took 0.529 seconds
[2024-09-22T11:19:01.522+0000] {processor.py:161} INFO - Started process (PID=471) to work on /home/airflow/.local/lib/python3.12/site-packages/airflow/example_dags/example_task_group_decorator.py
[2024-09-22T11:19:01.824+0000] {processor.py:830} INFO - Processing file /home/airflow/.local/lib/python3.12/site-packages/airflow/example_dags/example_task_group_decorator.py for tasks to queue
[2024-09-22T11:19:01.827+0000] {logging_mixin.py:188} INFO - [2024-09-22T11:19:01.826+0000] {dagbag.py:545} INFO - Filling up the DagBag from /home/airflow/.local/lib/python3.12/site-packages/airflow/example_dags/example_task_group_decorator.py
[2024-09-22T11:19:01.972+0000] {processor.py:840} INFO - DAG(s) 'example_task_group_decorator' retrieved from /home/airflow/.local/lib/python3.12/site-packages/airflow/example_dags/example_task_group_decorator.py
[2024-09-22T11:19:02.145+0000] {logging_mixin.py:188} INFO - [2024-09-22T11:19:02.144+0000] {dag.py:3089} INFO - Sync 1 DAGs
[2024-09-22T11:19:02.266+0000] {logging_mixin.py:188} INFO - [2024-09-22T11:19:02.265+0000] {dag.py:3947} INFO - Setting next_dagrun for example_task_group_decorator to 2024-09-22 00:00:00+00:00, run_after=2024-09-23 00:00:00+00:00
[2024-09-22T11:19:02.960+0000] {processor.py:183} INFO - Processing /home/airflow/.local/lib/python3.12/site-packages/airflow/example_dags/example_task_group_decorator.py took 1.487 seconds
[2024-09-22T11:19:34.627+0000] {processor.py:161} INFO - Started process (PID=542) to work on /home/airflow/.local/lib/python3.12/site-packages/airflow/example_dags/example_task_group_decorator.py
[2024-09-22T11:19:34.629+0000] {processor.py:830} INFO - Processing file /home/airflow/.local/lib/python3.12/site-packages/airflow/example_dags/example_task_group_decorator.py for tasks to queue
[2024-09-22T11:19:34.631+0000] {logging_mixin.py:188} INFO - [2024-09-22T11:19:34.630+0000] {dagbag.py:545} INFO - Filling up the DagBag from /home/airflow/.local/lib/python3.12/site-packages/airflow/example_dags/example_task_group_decorator.py
[2024-09-22T11:19:34.662+0000] {processor.py:840} INFO - DAG(s) 'example_task_group_decorator' retrieved from /home/airflow/.local/lib/python3.12/site-packages/airflow/example_dags/example_task_group_decorator.py
[2024-09-22T11:19:34.699+0000] {logging_mixin.py:188} INFO - [2024-09-22T11:19:34.699+0000] {dag.py:3089} INFO - Sync 1 DAGs
[2024-09-22T11:19:34.762+0000] {logging_mixin.py:188} INFO - [2024-09-22T11:19:34.762+0000] {dag.py:3947} INFO - Setting next_dagrun for example_task_group_decorator to 2024-09-22 00:00:00+00:00, run_after=2024-09-23 00:00:00+00:00
[2024-09-22T11:19:35.365+0000] {processor.py:183} INFO - Processing /home/airflow/.local/lib/python3.12/site-packages/airflow/example_dags/example_task_group_decorator.py took 0.749 seconds
[2024-09-22T11:20:07.622+0000] {processor.py:161} INFO - Started process (PID=617) to work on /home/airflow/.local/lib/python3.12/site-packages/airflow/example_dags/example_task_group_decorator.py
[2024-09-22T11:20:07.849+0000] {processor.py:830} INFO - Processing file /home/airflow/.local/lib/python3.12/site-packages/airflow/example_dags/example_task_group_decorator.py for tasks to queue
[2024-09-22T11:20:07.851+0000] {logging_mixin.py:188} INFO - [2024-09-22T11:20:07.850+0000] {dagbag.py:545} INFO - Filling up the DagBag from /home/airflow/.local/lib/python3.12/site-packages/airflow/example_dags/example_task_group_decorator.py
[2024-09-22T11:20:07.915+0000] {processor.py:840} INFO - DAG(s) 'example_task_group_decorator' retrieved from /home/airflow/.local/lib/python3.12/site-packages/airflow/example_dags/example_task_group_decorator.py
[2024-09-22T11:20:07.999+0000] {logging_mixin.py:188} INFO - [2024-09-22T11:20:07.999+0000] {dag.py:3089} INFO - Sync 1 DAGs
[2024-09-22T11:20:08.163+0000] {logging_mixin.py:188} INFO - [2024-09-22T11:20:08.163+0000] {dag.py:3947} INFO - Setting next_dagrun for example_task_group_decorator to 2024-09-22 00:00:00+00:00, run_after=2024-09-23 00:00:00+00:00
[2024-09-22T11:20:08.542+0000] {processor.py:183} INFO - Processing /home/airflow/.local/lib/python3.12/site-packages/airflow/example_dags/example_task_group_decorator.py took 0.936 seconds
[2024-09-22T11:20:55.754+0000] {processor.py:161} INFO - Started process (PID=695) to work on /home/airflow/.local/lib/python3.12/site-packages/airflow/example_dags/example_task_group_decorator.py
[2024-09-22T11:20:55.759+0000] {processor.py:830} INFO - Processing file /home/airflow/.local/lib/python3.12/site-packages/airflow/example_dags/example_task_group_decorator.py for tasks to queue
[2024-09-22T11:20:55.761+0000] {logging_mixin.py:188} INFO - [2024-09-22T11:20:55.760+0000] {dagbag.py:545} INFO - Filling up the DagBag from /home/airflow/.local/lib/python3.12/site-packages/airflow/example_dags/example_task_group_decorator.py
[2024-09-22T11:20:55.822+0000] {processor.py:840} INFO - DAG(s) 'example_task_group_decorator' retrieved from /home/airflow/.local/lib/python3.12/site-packages/airflow/example_dags/example_task_group_decorator.py
[2024-09-22T11:20:55.965+0000] {logging_mixin.py:188} INFO - [2024-09-22T11:20:55.964+0000] {dag.py:3089} INFO - Sync 1 DAGs
[2024-09-22T11:20:56.290+0000] {logging_mixin.py:188} INFO - [2024-09-22T11:20:56.288+0000] {dag.py:3947} INFO - Setting next_dagrun for example_task_group_decorator to 2024-09-22 00:00:00+00:00, run_after=2024-09-23 00:00:00+00:00
[2024-09-22T11:20:56.956+0000] {processor.py:183} INFO - Processing /home/airflow/.local/lib/python3.12/site-packages/airflow/example_dags/example_task_group_decorator.py took 1.224 seconds
[2024-09-22T11:21:27.182+0000] {processor.py:161} INFO - Started process (PID=765) to work on /home/airflow/.local/lib/python3.12/site-packages/airflow/example_dags/example_task_group_decorator.py
[2024-09-22T11:21:27.346+0000] {processor.py:830} INFO - Processing file /home/airflow/.local/lib/python3.12/site-packages/airflow/example_dags/example_task_group_decorator.py for tasks to queue
[2024-09-22T11:21:27.348+0000] {logging_mixin.py:188} INFO - [2024-09-22T11:21:27.347+0000] {dagbag.py:545} INFO - Filling up the DagBag from /home/airflow/.local/lib/python3.12/site-packages/airflow/example_dags/example_task_group_decorator.py
[2024-09-22T11:21:27.421+0000] {processor.py:840} INFO - DAG(s) 'example_task_group_decorator' retrieved from /home/airflow/.local/lib/python3.12/site-packages/airflow/example_dags/example_task_group_decorator.py
[2024-09-22T11:21:27.653+0000] {logging_mixin.py:188} INFO - [2024-09-22T11:21:27.652+0000] {dag.py:3089} INFO - Sync 1 DAGs
[2024-09-22T11:21:35.130+0000] {logging_mixin.py:188} INFO - [2024-09-22T11:21:35.120+0000] {dag.py:3947} INFO - Setting next_dagrun for example_task_group_decorator to 2024-09-22 00:00:00+00:00, run_after=2024-09-23 00:00:00+00:00
[2024-09-22T11:21:41.112+0000] {processor.py:183} INFO - Processing /home/airflow/.local/lib/python3.12/site-packages/airflow/example_dags/example_task_group_decorator.py took 13.952 seconds
[2024-09-22T11:22:47.724+0000] {processor.py:161} INFO - Started process (PID=845) to work on /home/airflow/.local/lib/python3.12/site-packages/airflow/example_dags/example_task_group_decorator.py
[2024-09-22T11:22:48.369+0000] {processor.py:830} INFO - Processing file /home/airflow/.local/lib/python3.12/site-packages/airflow/example_dags/example_task_group_decorator.py for tasks to queue
[2024-09-22T11:22:48.370+0000] {logging_mixin.py:188} INFO - [2024-09-22T11:22:48.370+0000] {dagbag.py:545} INFO - Filling up the DagBag from /home/airflow/.local/lib/python3.12/site-packages/airflow/example_dags/example_task_group_decorator.py
[2024-09-22T11:22:48.409+0000] {processor.py:840} INFO - DAG(s) 'example_task_group_decorator' retrieved from /home/airflow/.local/lib/python3.12/site-packages/airflow/example_dags/example_task_group_decorator.py
[2024-09-22T11:22:48.508+0000] {logging_mixin.py:188} INFO - [2024-09-22T11:22:48.507+0000] {dag.py:3089} INFO - Sync 1 DAGs
[2024-09-22T11:22:48.569+0000] {logging_mixin.py:188} INFO - [2024-09-22T11:22:48.569+0000] {dag.py:3947} INFO - Setting next_dagrun for example_task_group_decorator to 2024-09-22 00:00:00+00:00, run_after=2024-09-23 00:00:00+00:00
[2024-09-22T11:22:49.690+0000] {processor.py:183} INFO - Processing /home/airflow/.local/lib/python3.12/site-packages/airflow/example_dags/example_task_group_decorator.py took 1.973 seconds
[2024-09-22T11:23:20.913+0000] {processor.py:161} INFO - Started process (PID=903) to work on /home/airflow/.local/lib/python3.12/site-packages/airflow/example_dags/example_task_group_decorator.py
[2024-09-22T11:23:20.916+0000] {processor.py:830} INFO - Processing file /home/airflow/.local/lib/python3.12/site-packages/airflow/example_dags/example_task_group_decorator.py for tasks to queue
[2024-09-22T11:23:20.918+0000] {logging_mixin.py:188} INFO - [2024-09-22T11:23:20.917+0000] {dagbag.py:545} INFO - Filling up the DagBag from /home/airflow/.local/lib/python3.12/site-packages/airflow/example_dags/example_task_group_decorator.py
[2024-09-22T11:23:20.961+0000] {processor.py:840} INFO - DAG(s) 'example_task_group_decorator' retrieved from /home/airflow/.local/lib/python3.12/site-packages/airflow/example_dags/example_task_group_decorator.py
[2024-09-22T11:23:21.034+0000] {logging_mixin.py:188} INFO - [2024-09-22T11:23:21.034+0000] {dag.py:3089} INFO - Sync 1 DAGs
[2024-09-22T11:23:21.290+0000] {logging_mixin.py:188} INFO - [2024-09-22T11:23:21.290+0000] {dag.py:3947} INFO - Setting next_dagrun for example_task_group_decorator to 2024-09-22 00:00:00+00:00, run_after=2024-09-23 00:00:00+00:00
[2024-09-22T11:23:22.182+0000] {processor.py:183} INFO - Processing /home/airflow/.local/lib/python3.12/site-packages/airflow/example_dags/example_task_group_decorator.py took 1.294 seconds
[2024-09-22T11:24:34.457+0000] {processor.py:161} INFO - Started process (PID=969) to work on /home/airflow/.local/lib/python3.12/site-packages/airflow/example_dags/example_task_group_decorator.py
[2024-09-22T11:24:34.727+0000] {processor.py:830} INFO - Processing file /home/airflow/.local/lib/python3.12/site-packages/airflow/example_dags/example_task_group_decorator.py for tasks to queue
[2024-09-22T11:24:34.729+0000] {logging_mixin.py:188} INFO - [2024-09-22T11:24:34.728+0000] {dagbag.py:545} INFO - Filling up the DagBag from /home/airflow/.local/lib/python3.12/site-packages/airflow/example_dags/example_task_group_decorator.py
[2024-09-22T11:24:34.775+0000] {processor.py:840} INFO - DAG(s) 'example_task_group_decorator' retrieved from /home/airflow/.local/lib/python3.12/site-packages/airflow/example_dags/example_task_group_decorator.py
[2024-09-22T11:24:34.817+0000] {logging_mixin.py:188} INFO - [2024-09-22T11:24:34.817+0000] {dag.py:3089} INFO - Sync 1 DAGs
[2024-09-22T11:24:34.867+0000] {logging_mixin.py:188} INFO - [2024-09-22T11:24:34.866+0000] {dag.py:3947} INFO - Setting next_dagrun for example_task_group_decorator to 2024-09-22 00:00:00+00:00, run_after=2024-09-23 00:00:00+00:00
[2024-09-22T11:24:35.189+0000] {processor.py:183} INFO - Processing /home/airflow/.local/lib/python3.12/site-packages/airflow/example_dags/example_task_group_decorator.py took 0.741 seconds
[2024-09-22T11:25:38.840+0000] {processor.py:161} INFO - Started process (PID=1048) to work on /home/airflow/.local/lib/python3.12/site-packages/airflow/example_dags/example_task_group_decorator.py
[2024-09-22T11:25:39.055+0000] {processor.py:830} INFO - Processing file /home/airflow/.local/lib/python3.12/site-packages/airflow/example_dags/example_task_group_decorator.py for tasks to queue
[2024-09-22T11:25:39.058+0000] {logging_mixin.py:188} INFO - [2024-09-22T11:25:39.057+0000] {dagbag.py:545} INFO - Filling up the DagBag from /home/airflow/.local/lib/python3.12/site-packages/airflow/example_dags/example_task_group_decorator.py
[2024-09-22T11:25:39.097+0000] {processor.py:840} INFO - DAG(s) 'example_task_group_decorator' retrieved from /home/airflow/.local/lib/python3.12/site-packages/airflow/example_dags/example_task_group_decorator.py
[2024-09-22T11:25:39.182+0000] {logging_mixin.py:188} INFO - [2024-09-22T11:25:39.181+0000] {dag.py:3089} INFO - Sync 1 DAGs
[2024-09-22T11:25:39.261+0000] {logging_mixin.py:188} INFO - [2024-09-22T11:25:39.261+0000] {dag.py:3947} INFO - Setting next_dagrun for example_task_group_decorator to 2024-09-22 00:00:00+00:00, run_after=2024-09-23 00:00:00+00:00
[2024-09-22T11:25:39.860+0000] {processor.py:183} INFO - Processing /home/airflow/.local/lib/python3.12/site-packages/airflow/example_dags/example_task_group_decorator.py took 1.030 seconds
[2024-09-22T11:27:08.516+0000] {processor.py:161} INFO - Started process (PID=1115) to work on /home/airflow/.local/lib/python3.12/site-packages/airflow/example_dags/example_task_group_decorator.py
[2024-09-22T11:27:08.782+0000] {processor.py:830} INFO - Processing file /home/airflow/.local/lib/python3.12/site-packages/airflow/example_dags/example_task_group_decorator.py for tasks to queue
[2024-09-22T11:27:08.785+0000] {logging_mixin.py:188} INFO - [2024-09-22T11:27:08.784+0000] {dagbag.py:545} INFO - Filling up the DagBag from /home/airflow/.local/lib/python3.12/site-packages/airflow/example_dags/example_task_group_decorator.py
[2024-09-22T11:27:09.546+0000] {processor.py:840} INFO - DAG(s) 'example_task_group_decorator' retrieved from /home/airflow/.local/lib/python3.12/site-packages/airflow/example_dags/example_task_group_decorator.py
[2024-09-22T11:27:09.622+0000] {logging_mixin.py:188} INFO - [2024-09-22T11:27:09.622+0000] {dag.py:3089} INFO - Sync 1 DAGs
[2024-09-22T11:27:09.681+0000] {logging_mixin.py:188} INFO - [2024-09-22T11:27:09.681+0000] {dag.py:3947} INFO - Setting next_dagrun for example_task_group_decorator to 2024-09-22 00:00:00+00:00, run_after=2024-09-23 00:00:00+00:00
[2024-09-22T11:27:10.063+0000] {processor.py:183} INFO - Processing /home/airflow/.local/lib/python3.12/site-packages/airflow/example_dags/example_task_group_decorator.py took 1.560 seconds
[2024-09-22T11:28:25.204+0000] {processor.py:161} INFO - Started process (PID=1191) to work on /home/airflow/.local/lib/python3.12/site-packages/airflow/example_dags/example_task_group_decorator.py
[2024-09-22T11:28:25.702+0000] {processor.py:830} INFO - Processing file /home/airflow/.local/lib/python3.12/site-packages/airflow/example_dags/example_task_group_decorator.py for tasks to queue
[2024-09-22T11:28:25.704+0000] {logging_mixin.py:188} INFO - [2024-09-22T11:28:25.703+0000] {dagbag.py:545} INFO - Filling up the DagBag from /home/airflow/.local/lib/python3.12/site-packages/airflow/example_dags/example_task_group_decorator.py
[2024-09-22T11:28:25.737+0000] {processor.py:840} INFO - DAG(s) 'example_task_group_decorator' retrieved from /home/airflow/.local/lib/python3.12/site-packages/airflow/example_dags/example_task_group_decorator.py
[2024-09-22T11:28:25.807+0000] {logging_mixin.py:188} INFO - [2024-09-22T11:28:25.806+0000] {dag.py:3089} INFO - Sync 1 DAGs
[2024-09-22T11:28:26.435+0000] {logging_mixin.py:188} INFO - [2024-09-22T11:28:26.433+0000] {dag.py:3947} INFO - Setting next_dagrun for example_task_group_decorator to 2024-09-22 00:00:00+00:00, run_after=2024-09-23 00:00:00+00:00
[2024-09-22T11:28:26.774+0000] {processor.py:183} INFO - Processing /home/airflow/.local/lib/python3.12/site-packages/airflow/example_dags/example_task_group_decorator.py took 1.580 seconds
[2024-09-22T11:29:04.945+0000] {processor.py:161} INFO - Started process (PID=1265) to work on /home/airflow/.local/lib/python3.12/site-packages/airflow/example_dags/example_task_group_decorator.py
[2024-09-22T11:29:05.032+0000] {processor.py:830} INFO - Processing file /home/airflow/.local/lib/python3.12/site-packages/airflow/example_dags/example_task_group_decorator.py for tasks to queue
[2024-09-22T11:29:05.036+0000] {logging_mixin.py:188} INFO - [2024-09-22T11:29:05.035+0000] {dagbag.py:545} INFO - Filling up the DagBag from /home/airflow/.local/lib/python3.12/site-packages/airflow/example_dags/example_task_group_decorator.py
[2024-09-22T11:29:05.113+0000] {processor.py:840} INFO - DAG(s) 'example_task_group_decorator' retrieved from /home/airflow/.local/lib/python3.12/site-packages/airflow/example_dags/example_task_group_decorator.py
[2024-09-22T11:29:05.202+0000] {logging_mixin.py:188} INFO - [2024-09-22T11:29:05.201+0000] {dag.py:3089} INFO - Sync 1 DAGs
[2024-09-22T11:29:05.285+0000] {logging_mixin.py:188} INFO - [2024-09-22T11:29:05.285+0000] {dag.py:3947} INFO - Setting next_dagrun for example_task_group_decorator to 2024-09-22 00:00:00+00:00, run_after=2024-09-23 00:00:00+00:00
[2024-09-22T11:29:05.708+0000] {processor.py:183} INFO - Processing /home/airflow/.local/lib/python3.12/site-packages/airflow/example_dags/example_task_group_decorator.py took 0.773 seconds
[2024-09-22T11:29:37.495+0000] {processor.py:161} INFO - Started process (PID=1331) to work on /home/airflow/.local/lib/python3.12/site-packages/airflow/example_dags/example_task_group_decorator.py
[2024-09-22T11:29:37.497+0000] {processor.py:830} INFO - Processing file /home/airflow/.local/lib/python3.12/site-packages/airflow/example_dags/example_task_group_decorator.py for tasks to queue
[2024-09-22T11:29:37.499+0000] {logging_mixin.py:188} INFO - [2024-09-22T11:29:37.498+0000] {dagbag.py:545} INFO - Filling up the DagBag from /home/airflow/.local/lib/python3.12/site-packages/airflow/example_dags/example_task_group_decorator.py
[2024-09-22T11:29:37.558+0000] {processor.py:840} INFO - DAG(s) 'example_task_group_decorator' retrieved from /home/airflow/.local/lib/python3.12/site-packages/airflow/example_dags/example_task_group_decorator.py
[2024-09-22T11:29:37.679+0000] {logging_mixin.py:188} INFO - [2024-09-22T11:29:37.679+0000] {dag.py:3089} INFO - Sync 1 DAGs
[2024-09-22T11:29:37.723+0000] {logging_mixin.py:188} INFO - [2024-09-22T11:29:37.722+0000] {dag.py:3947} INFO - Setting next_dagrun for example_task_group_decorator to 2024-09-22 00:00:00+00:00, run_after=2024-09-23 00:00:00+00:00
[2024-09-22T11:29:38.126+0000] {processor.py:183} INFO - Processing /home/airflow/.local/lib/python3.12/site-packages/airflow/example_dags/example_task_group_decorator.py took 0.649 seconds
[2024-09-22T11:30:09.134+0000] {processor.py:161} INFO - Started process (PID=1390) to work on /home/airflow/.local/lib/python3.12/site-packages/airflow/example_dags/example_task_group_decorator.py
[2024-09-22T11:30:09.305+0000] {processor.py:830} INFO - Processing file /home/airflow/.local/lib/python3.12/site-packages/airflow/example_dags/example_task_group_decorator.py for tasks to queue
[2024-09-22T11:30:09.306+0000] {logging_mixin.py:188} INFO - [2024-09-22T11:30:09.306+0000] {dagbag.py:545} INFO - Filling up the DagBag from /home/airflow/.local/lib/python3.12/site-packages/airflow/example_dags/example_task_group_decorator.py
[2024-09-22T11:30:09.337+0000] {processor.py:840} INFO - DAG(s) 'example_task_group_decorator' retrieved from /home/airflow/.local/lib/python3.12/site-packages/airflow/example_dags/example_task_group_decorator.py
[2024-09-22T11:30:09.396+0000] {logging_mixin.py:188} INFO - [2024-09-22T11:30:09.395+0000] {dag.py:3089} INFO - Sync 1 DAGs
[2024-09-22T11:30:09.447+0000] {logging_mixin.py:188} INFO - [2024-09-22T11:30:09.446+0000] {dag.py:3947} INFO - Setting next_dagrun for example_task_group_decorator to 2024-09-22 00:00:00+00:00, run_after=2024-09-23 00:00:00+00:00
[2024-09-22T11:30:09.685+0000] {processor.py:183} INFO - Processing /home/airflow/.local/lib/python3.12/site-packages/airflow/example_dags/example_task_group_decorator.py took 0.561 seconds
[2024-09-22T11:30:41.461+0000] {processor.py:161} INFO - Started process (PID=1460) to work on /home/airflow/.local/lib/python3.12/site-packages/airflow/example_dags/example_task_group_decorator.py
[2024-09-22T11:30:41.522+0000] {processor.py:830} INFO - Processing file /home/airflow/.local/lib/python3.12/site-packages/airflow/example_dags/example_task_group_decorator.py for tasks to queue
[2024-09-22T11:30:41.524+0000] {logging_mixin.py:188} INFO - [2024-09-22T11:30:41.523+0000] {dagbag.py:545} INFO - Filling up the DagBag from /home/airflow/.local/lib/python3.12/site-packages/airflow/example_dags/example_task_group_decorator.py
[2024-09-22T11:30:41.545+0000] {processor.py:840} INFO - DAG(s) 'example_task_group_decorator' retrieved from /home/airflow/.local/lib/python3.12/site-packages/airflow/example_dags/example_task_group_decorator.py
[2024-09-22T11:30:41.591+0000] {logging_mixin.py:188} INFO - [2024-09-22T11:30:41.590+0000] {dag.py:3089} INFO - Sync 1 DAGs
[2024-09-22T11:30:41.620+0000] {logging_mixin.py:188} INFO - [2024-09-22T11:30:41.620+0000] {dag.py:3947} INFO - Setting next_dagrun for example_task_group_decorator to 2024-09-22 00:00:00+00:00, run_after=2024-09-23 00:00:00+00:00
[2024-09-22T11:30:41.910+0000] {processor.py:183} INFO - Processing /home/airflow/.local/lib/python3.12/site-packages/airflow/example_dags/example_task_group_decorator.py took 0.461 seconds
[2024-09-22T11:31:15.602+0000] {processor.py:161} INFO - Started process (PID=1521) to work on /home/airflow/.local/lib/python3.12/site-packages/airflow/example_dags/example_task_group_decorator.py
[2024-09-22T11:31:15.607+0000] {processor.py:830} INFO - Processing file /home/airflow/.local/lib/python3.12/site-packages/airflow/example_dags/example_task_group_decorator.py for tasks to queue
[2024-09-22T11:31:15.612+0000] {logging_mixin.py:188} INFO - [2024-09-22T11:31:15.609+0000] {dagbag.py:545} INFO - Filling up the DagBag from /home/airflow/.local/lib/python3.12/site-packages/airflow/example_dags/example_task_group_decorator.py
[2024-09-22T11:31:15.651+0000] {processor.py:840} INFO - DAG(s) 'example_task_group_decorator' retrieved from /home/airflow/.local/lib/python3.12/site-packages/airflow/example_dags/example_task_group_decorator.py
[2024-09-22T11:31:15.701+0000] {logging_mixin.py:188} INFO - [2024-09-22T11:31:15.701+0000] {dag.py:3089} INFO - Sync 1 DAGs
[2024-09-22T11:31:15.747+0000] {logging_mixin.py:188} INFO - [2024-09-22T11:31:15.747+0000] {dag.py:3947} INFO - Setting next_dagrun for example_task_group_decorator to 2024-09-22 00:00:00+00:00, run_after=2024-09-23 00:00:00+00:00
[2024-09-22T11:31:15.978+0000] {processor.py:183} INFO - Processing /home/airflow/.local/lib/python3.12/site-packages/airflow/example_dags/example_task_group_decorator.py took 0.391 seconds
[2024-09-22T11:32:58.507+0000] {processor.py:161} INFO - Started process (PID=1646) to work on /home/airflow/.local/lib/python3.12/site-packages/airflow/example_dags/example_task_group_decorator.py
[2024-09-22T11:32:58.970+0000] {processor.py:830} INFO - Processing file /home/airflow/.local/lib/python3.12/site-packages/airflow/example_dags/example_task_group_decorator.py for tasks to queue
[2024-09-22T11:32:58.982+0000] {logging_mixin.py:188} INFO - [2024-09-22T11:32:58.977+0000] {dagbag.py:545} INFO - Filling up the DagBag from /home/airflow/.local/lib/python3.12/site-packages/airflow/example_dags/example_task_group_decorator.py
[2024-09-22T11:32:59.612+0000] {processor.py:840} INFO - DAG(s) 'example_task_group_decorator' retrieved from /home/airflow/.local/lib/python3.12/site-packages/airflow/example_dags/example_task_group_decorator.py
[2024-09-22T11:32:59.839+0000] {logging_mixin.py:188} INFO - [2024-09-22T11:32:59.838+0000] {dag.py:3089} INFO - Sync 1 DAGs
[2024-09-22T11:32:59.906+0000] {logging_mixin.py:188} INFO - [2024-09-22T11:32:59.905+0000] {dag.py:3947} INFO - Setting next_dagrun for example_task_group_decorator to 2024-09-22 00:00:00+00:00, run_after=2024-09-23 00:00:00+00:00
[2024-09-22T11:33:00.294+0000] {processor.py:183} INFO - Processing /home/airflow/.local/lib/python3.12/site-packages/airflow/example_dags/example_task_group_decorator.py took 1.796 seconds
[2024-09-22T11:33:39.409+0000] {processor.py:161} INFO - Started process (PID=1717) to work on /home/airflow/.local/lib/python3.12/site-packages/airflow/example_dags/example_task_group_decorator.py
[2024-09-22T11:33:39.488+0000] {processor.py:830} INFO - Processing file /home/airflow/.local/lib/python3.12/site-packages/airflow/example_dags/example_task_group_decorator.py for tasks to queue
[2024-09-22T11:33:39.489+0000] {logging_mixin.py:188} INFO - [2024-09-22T11:33:39.489+0000] {dagbag.py:545} INFO - Filling up the DagBag from /home/airflow/.local/lib/python3.12/site-packages/airflow/example_dags/example_task_group_decorator.py
[2024-09-22T11:33:39.522+0000] {processor.py:840} INFO - DAG(s) 'example_task_group_decorator' retrieved from /home/airflow/.local/lib/python3.12/site-packages/airflow/example_dags/example_task_group_decorator.py
[2024-09-22T11:33:39.573+0000] {logging_mixin.py:188} INFO - [2024-09-22T11:33:39.572+0000] {dag.py:3089} INFO - Sync 1 DAGs
[2024-09-22T11:33:39.614+0000] {logging_mixin.py:188} INFO - [2024-09-22T11:33:39.613+0000] {dag.py:3947} INFO - Setting next_dagrun for example_task_group_decorator to 2024-09-22 00:00:00+00:00, run_after=2024-09-23 00:00:00+00:00
[2024-09-22T11:33:39.852+0000] {processor.py:183} INFO - Processing /home/airflow/.local/lib/python3.12/site-packages/airflow/example_dags/example_task_group_decorator.py took 0.454 seconds
[2024-09-22T11:34:13.172+0000] {processor.py:161} INFO - Started process (PID=1789) to work on /home/airflow/.local/lib/python3.12/site-packages/airflow/example_dags/example_task_group_decorator.py
[2024-09-22T11:34:13.348+0000] {processor.py:830} INFO - Processing file /home/airflow/.local/lib/python3.12/site-packages/airflow/example_dags/example_task_group_decorator.py for tasks to queue
[2024-09-22T11:34:13.351+0000] {logging_mixin.py:188} INFO - [2024-09-22T11:34:13.350+0000] {dagbag.py:545} INFO - Filling up the DagBag from /home/airflow/.local/lib/python3.12/site-packages/airflow/example_dags/example_task_group_decorator.py
[2024-09-22T11:34:13.395+0000] {processor.py:840} INFO - DAG(s) 'example_task_group_decorator' retrieved from /home/airflow/.local/lib/python3.12/site-packages/airflow/example_dags/example_task_group_decorator.py
[2024-09-22T11:34:13.460+0000] {logging_mixin.py:188} INFO - [2024-09-22T11:34:13.459+0000] {dag.py:3089} INFO - Sync 1 DAGs
[2024-09-22T11:34:13.513+0000] {logging_mixin.py:188} INFO - [2024-09-22T11:34:13.512+0000] {dag.py:3947} INFO - Setting next_dagrun for example_task_group_decorator to 2024-09-22 00:00:00+00:00, run_after=2024-09-23 00:00:00+00:00
[2024-09-22T11:34:14.413+0000] {processor.py:183} INFO - Processing /home/airflow/.local/lib/python3.12/site-packages/airflow/example_dags/example_task_group_decorator.py took 1.259 seconds
[2024-09-22T11:34:44.803+0000] {processor.py:161} INFO - Started process (PID=1852) to work on /home/airflow/.local/lib/python3.12/site-packages/airflow/example_dags/example_task_group_decorator.py
[2024-09-22T11:34:44.944+0000] {processor.py:830} INFO - Processing file /home/airflow/.local/lib/python3.12/site-packages/airflow/example_dags/example_task_group_decorator.py for tasks to queue
[2024-09-22T11:34:44.945+0000] {logging_mixin.py:188} INFO - [2024-09-22T11:34:44.945+0000] {dagbag.py:545} INFO - Filling up the DagBag from /home/airflow/.local/lib/python3.12/site-packages/airflow/example_dags/example_task_group_decorator.py
[2024-09-22T11:34:44.969+0000] {processor.py:840} INFO - DAG(s) 'example_task_group_decorator' retrieved from /home/airflow/.local/lib/python3.12/site-packages/airflow/example_dags/example_task_group_decorator.py
[2024-09-22T11:34:45.013+0000] {logging_mixin.py:188} INFO - [2024-09-22T11:34:45.012+0000] {dag.py:3089} INFO - Sync 1 DAGs
[2024-09-22T11:34:45.046+0000] {logging_mixin.py:188} INFO - [2024-09-22T11:34:45.046+0000] {dag.py:3947} INFO - Setting next_dagrun for example_task_group_decorator to 2024-09-22 00:00:00+00:00, run_after=2024-09-23 00:00:00+00:00
[2024-09-22T11:34:45.491+0000] {processor.py:183} INFO - Processing /home/airflow/.local/lib/python3.12/site-packages/airflow/example_dags/example_task_group_decorator.py took 0.700 seconds
[2024-09-22T11:35:16.456+0000] {processor.py:161} INFO - Started process (PID=1910) to work on /home/airflow/.local/lib/python3.12/site-packages/airflow/example_dags/example_task_group_decorator.py
[2024-09-22T11:35:16.544+0000] {processor.py:830} INFO - Processing file /home/airflow/.local/lib/python3.12/site-packages/airflow/example_dags/example_task_group_decorator.py for tasks to queue
[2024-09-22T11:35:16.547+0000] {logging_mixin.py:188} INFO - [2024-09-22T11:35:16.546+0000] {dagbag.py:545} INFO - Filling up the DagBag from /home/airflow/.local/lib/python3.12/site-packages/airflow/example_dags/example_task_group_decorator.py
[2024-09-22T11:35:16.595+0000] {processor.py:840} INFO - DAG(s) 'example_task_group_decorator' retrieved from /home/airflow/.local/lib/python3.12/site-packages/airflow/example_dags/example_task_group_decorator.py
[2024-09-22T11:35:16.663+0000] {logging_mixin.py:188} INFO - [2024-09-22T11:35:16.662+0000] {dag.py:3089} INFO - Sync 1 DAGs
[2024-09-22T11:35:16.717+0000] {logging_mixin.py:188} INFO - [2024-09-22T11:35:16.716+0000] {dag.py:3947} INFO - Setting next_dagrun for example_task_group_decorator to 2024-09-22 00:00:00+00:00, run_after=2024-09-23 00:00:00+00:00
[2024-09-22T11:35:17.044+0000] {processor.py:183} INFO - Processing /home/airflow/.local/lib/python3.12/site-packages/airflow/example_dags/example_task_group_decorator.py took 0.612 seconds
[2024-09-22T11:35:49.991+0000] {processor.py:161} INFO - Started process (PID=1970) to work on /home/airflow/.local/lib/python3.12/site-packages/airflow/example_dags/example_task_group_decorator.py
[2024-09-22T11:35:49.996+0000] {processor.py:830} INFO - Processing file /home/airflow/.local/lib/python3.12/site-packages/airflow/example_dags/example_task_group_decorator.py for tasks to queue
[2024-09-22T11:35:49.998+0000] {logging_mixin.py:188} INFO - [2024-09-22T11:35:49.997+0000] {dagbag.py:545} INFO - Filling up the DagBag from /home/airflow/.local/lib/python3.12/site-packages/airflow/example_dags/example_task_group_decorator.py
[2024-09-22T11:35:50.062+0000] {processor.py:840} INFO - DAG(s) 'example_task_group_decorator' retrieved from /home/airflow/.local/lib/python3.12/site-packages/airflow/example_dags/example_task_group_decorator.py
[2024-09-22T11:35:50.134+0000] {logging_mixin.py:188} INFO - [2024-09-22T11:35:50.134+0000] {dag.py:3089} INFO - Sync 1 DAGs
[2024-09-22T11:35:50.176+0000] {logging_mixin.py:188} INFO - [2024-09-22T11:35:50.175+0000] {dag.py:3947} INFO - Setting next_dagrun for example_task_group_decorator to 2024-09-22 00:00:00+00:00, run_after=2024-09-23 00:00:00+00:00
[2024-09-22T11:35:50.387+0000] {processor.py:183} INFO - Processing /home/airflow/.local/lib/python3.12/site-packages/airflow/example_dags/example_task_group_decorator.py took 0.416 seconds
[2024-09-22T11:41:16.476+0000] {processor.py:161} INFO - Started process (PID=2140) to work on /home/airflow/.local/lib/python3.12/site-packages/airflow/example_dags/example_task_group_decorator.py
[2024-09-22T11:41:16.659+0000] {processor.py:830} INFO - Processing file /home/airflow/.local/lib/python3.12/site-packages/airflow/example_dags/example_task_group_decorator.py for tasks to queue
[2024-09-22T11:41:16.661+0000] {logging_mixin.py:188} INFO - [2024-09-22T11:41:16.661+0000] {dagbag.py:545} INFO - Filling up the DagBag from /home/airflow/.local/lib/python3.12/site-packages/airflow/example_dags/example_task_group_decorator.py
[2024-09-22T11:41:16.684+0000] {processor.py:840} INFO - DAG(s) 'example_task_group_decorator' retrieved from /home/airflow/.local/lib/python3.12/site-packages/airflow/example_dags/example_task_group_decorator.py
[2024-09-22T11:41:16.723+0000] {logging_mixin.py:188} INFO - [2024-09-22T11:41:16.723+0000] {dag.py:3089} INFO - Sync 1 DAGs
[2024-09-22T11:41:16.756+0000] {logging_mixin.py:188} INFO - [2024-09-22T11:41:16.756+0000] {dag.py:3947} INFO - Setting next_dagrun for example_task_group_decorator to 2024-09-22 00:00:00+00:00, run_after=2024-09-23 00:00:00+00:00
[2024-09-22T11:41:17.133+0000] {processor.py:183} INFO - Processing /home/airflow/.local/lib/python3.12/site-packages/airflow/example_dags/example_task_group_decorator.py took 0.668 seconds
[2024-09-22T11:41:52.435+0000] {processor.py:161} INFO - Started process (PID=2212) to work on /home/airflow/.local/lib/python3.12/site-packages/airflow/example_dags/example_task_group_decorator.py
[2024-09-22T11:41:52.520+0000] {processor.py:830} INFO - Processing file /home/airflow/.local/lib/python3.12/site-packages/airflow/example_dags/example_task_group_decorator.py for tasks to queue
[2024-09-22T11:41:52.521+0000] {logging_mixin.py:188} INFO - [2024-09-22T11:41:52.521+0000] {dagbag.py:545} INFO - Filling up the DagBag from /home/airflow/.local/lib/python3.12/site-packages/airflow/example_dags/example_task_group_decorator.py
[2024-09-22T11:41:52.991+0000] {processor.py:840} INFO - DAG(s) 'example_task_group_decorator' retrieved from /home/airflow/.local/lib/python3.12/site-packages/airflow/example_dags/example_task_group_decorator.py
[2024-09-22T11:41:53.747+0000] {logging_mixin.py:188} INFO - [2024-09-22T11:41:53.731+0000] {dag.py:3089} INFO - Sync 1 DAGs
[2024-09-22T11:41:54.056+0000] {logging_mixin.py:188} INFO - [2024-09-22T11:41:54.056+0000] {dag.py:3947} INFO - Setting next_dagrun for example_task_group_decorator to 2024-09-22 00:00:00+00:00, run_after=2024-09-23 00:00:00+00:00
[2024-09-22T11:41:54.277+0000] {processor.py:183} INFO - Processing /home/airflow/.local/lib/python3.12/site-packages/airflow/example_dags/example_task_group_decorator.py took 1.866 seconds
[2024-09-22T11:42:26.973+0000] {processor.py:161} INFO - Started process (PID=2283) to work on /home/airflow/.local/lib/python3.12/site-packages/airflow/example_dags/example_task_group_decorator.py
[2024-09-22T11:42:27.026+0000] {processor.py:830} INFO - Processing file /home/airflow/.local/lib/python3.12/site-packages/airflow/example_dags/example_task_group_decorator.py for tasks to queue
[2024-09-22T11:42:27.028+0000] {logging_mixin.py:188} INFO - [2024-09-22T11:42:27.027+0000] {dagbag.py:545} INFO - Filling up the DagBag from /home/airflow/.local/lib/python3.12/site-packages/airflow/example_dags/example_task_group_decorator.py
[2024-09-22T11:42:27.100+0000] {processor.py:840} INFO - DAG(s) 'example_task_group_decorator' retrieved from /home/airflow/.local/lib/python3.12/site-packages/airflow/example_dags/example_task_group_decorator.py
[2024-09-22T11:42:27.211+0000] {logging_mixin.py:188} INFO - [2024-09-22T11:42:27.211+0000] {dag.py:3089} INFO - Sync 1 DAGs
[2024-09-22T11:42:27.259+0000] {logging_mixin.py:188} INFO - [2024-09-22T11:42:27.259+0000] {dag.py:3947} INFO - Setting next_dagrun for example_task_group_decorator to 2024-09-22 00:00:00+00:00, run_after=2024-09-23 00:00:00+00:00
[2024-09-22T11:42:27.557+0000] {processor.py:183} INFO - Processing /home/airflow/.local/lib/python3.12/site-packages/airflow/example_dags/example_task_group_decorator.py took 0.606 seconds
[2024-09-22T11:42:57.882+0000] {processor.py:161} INFO - Started process (PID=2369) to work on /home/airflow/.local/lib/python3.12/site-packages/airflow/example_dags/example_task_group_decorator.py
[2024-09-22T11:42:57.883+0000] {processor.py:830} INFO - Processing file /home/airflow/.local/lib/python3.12/site-packages/airflow/example_dags/example_task_group_decorator.py for tasks to queue
[2024-09-22T11:42:57.887+0000] {logging_mixin.py:188} INFO - [2024-09-22T11:42:57.884+0000] {dagbag.py:545} INFO - Filling up the DagBag from /home/airflow/.local/lib/python3.12/site-packages/airflow/example_dags/example_task_group_decorator.py
[2024-09-22T11:42:57.934+0000] {processor.py:840} INFO - DAG(s) 'example_task_group_decorator' retrieved from /home/airflow/.local/lib/python3.12/site-packages/airflow/example_dags/example_task_group_decorator.py
[2024-09-22T11:42:58.037+0000] {logging_mixin.py:188} INFO - [2024-09-22T11:42:58.036+0000] {dag.py:3089} INFO - Sync 1 DAGs
[2024-09-22T11:42:58.080+0000] {logging_mixin.py:188} INFO - [2024-09-22T11:42:58.080+0000] {dag.py:3947} INFO - Setting next_dagrun for example_task_group_decorator to 2024-09-22 00:00:00+00:00, run_after=2024-09-23 00:00:00+00:00
[2024-09-22T11:42:58.366+0000] {processor.py:183} INFO - Processing /home/airflow/.local/lib/python3.12/site-packages/airflow/example_dags/example_task_group_decorator.py took 0.498 seconds
[2024-09-22T11:43:29.005+0000] {processor.py:161} INFO - Started process (PID=2456) to work on /home/airflow/.local/lib/python3.12/site-packages/airflow/example_dags/example_task_group_decorator.py
[2024-09-22T11:43:29.215+0000] {processor.py:830} INFO - Processing file /home/airflow/.local/lib/python3.12/site-packages/airflow/example_dags/example_task_group_decorator.py for tasks to queue
[2024-09-22T11:43:29.217+0000] {logging_mixin.py:188} INFO - [2024-09-22T11:43:29.216+0000] {dagbag.py:545} INFO - Filling up the DagBag from /home/airflow/.local/lib/python3.12/site-packages/airflow/example_dags/example_task_group_decorator.py
[2024-09-22T11:43:29.278+0000] {processor.py:840} INFO - DAG(s) 'example_task_group_decorator' retrieved from /home/airflow/.local/lib/python3.12/site-packages/airflow/example_dags/example_task_group_decorator.py
[2024-09-22T11:43:29.355+0000] {logging_mixin.py:188} INFO - [2024-09-22T11:43:29.354+0000] {dag.py:3089} INFO - Sync 1 DAGs
[2024-09-22T11:43:29.403+0000] {logging_mixin.py:188} INFO - [2024-09-22T11:43:29.403+0000] {dag.py:3947} INFO - Setting next_dagrun for example_task_group_decorator to 2024-09-22 00:00:00+00:00, run_after=2024-09-23 00:00:00+00:00
[2024-09-22T11:43:29.700+0000] {processor.py:183} INFO - Processing /home/airflow/.local/lib/python3.12/site-packages/airflow/example_dags/example_task_group_decorator.py took 0.710 seconds
[2024-09-22T11:43:59.948+0000] {processor.py:161} INFO - Started process (PID=2541) to work on /home/airflow/.local/lib/python3.12/site-packages/airflow/example_dags/example_task_group_decorator.py
[2024-09-22T11:43:59.953+0000] {processor.py:830} INFO - Processing file /home/airflow/.local/lib/python3.12/site-packages/airflow/example_dags/example_task_group_decorator.py for tasks to queue
[2024-09-22T11:43:59.958+0000] {logging_mixin.py:188} INFO - [2024-09-22T11:43:59.954+0000] {dagbag.py:545} INFO - Filling up the DagBag from /home/airflow/.local/lib/python3.12/site-packages/airflow/example_dags/example_task_group_decorator.py
[2024-09-22T11:44:00.045+0000] {processor.py:840} INFO - DAG(s) 'example_task_group_decorator' retrieved from /home/airflow/.local/lib/python3.12/site-packages/airflow/example_dags/example_task_group_decorator.py
[2024-09-22T11:44:00.148+0000] {logging_mixin.py:188} INFO - [2024-09-22T11:44:00.147+0000] {dag.py:3089} INFO - Sync 1 DAGs
[2024-09-22T11:44:00.233+0000] {logging_mixin.py:188} INFO - [2024-09-22T11:44:00.230+0000] {dag.py:3947} INFO - Setting next_dagrun for example_task_group_decorator to 2024-09-22 00:00:00+00:00, run_after=2024-09-23 00:00:00+00:00
[2024-09-22T11:44:00.417+0000] {processor.py:183} INFO - Processing /home/airflow/.local/lib/python3.12/site-packages/airflow/example_dags/example_task_group_decorator.py took 0.493 seconds
                                                                                                                                                                                                                                                                                                                                                                                                                                                                                                                                                                                                                                                                                                                                                                                                                                                                                                                                                                                                                                                                                                                                                                                                                                                                                                                                                                                                                                                      