[2024-09-22T11:15:25.100+0000] {processor.py:161} INFO - Started process (PID=90) to work on /home/airflow/.local/lib/python3.12/site-packages/airflow/example_dags/example_branch_labels.py
[2024-09-22T11:15:25.101+0000] {processor.py:830} INFO - Processing file /home/airflow/.local/lib/python3.12/site-packages/airflow/example_dags/example_branch_labels.py for tasks to queue
[2024-09-22T11:15:25.105+0000] {logging_mixin.py:188} INFO - [2024-09-22T11:15:25.104+0000] {dagbag.py:545} INFO - Filling up the DagBag from /home/airflow/.local/lib/python3.12/site-packages/airflow/example_dags/example_branch_labels.py
[2024-09-22T11:15:25.120+0000] {processor.py:840} INFO - DAG(s) 'example_branch_labels' retrieved from /home/airflow/.local/lib/python3.12/site-packages/airflow/example_dags/example_branch_labels.py
[2024-09-22T11:15:25.163+0000] {logging_mixin.py:188} INFO - [2024-09-22T11:15:25.163+0000] {dag.py:3089} INFO - Sync 1 DAGs
[2024-09-22T11:15:25.213+0000] {logging_mixin.py:188} INFO - [2024-09-22T11:15:25.213+0000] {dag.py:3947} INFO - Setting next_dagrun for example_branch_labels to 2024-09-22 00:00:00+00:00, run_after=2024-09-23 00:00:00+00:00
[2024-09-22T11:15:25.335+0000] {processor.py:183} INFO - Processing /home/airflow/.local/lib/python3.12/site-packages/airflow/example_dags/example_branch_labels.py took 0.245 seconds
[2024-09-22T11:16:01.095+0000] {processor.py:161} INFO - Started process (PID=154) to work on /home/airflow/.local/lib/python3.12/site-packages/airflow/example_dags/example_branch_labels.py
[2024-09-22T11:16:01.213+0000] {processor.py:830} INFO - Processing file /home/airflow/.local/lib/python3.12/site-packages/airflow/example_dags/example_branch_labels.py for tasks to queue
[2024-09-22T11:16:01.216+0000] {logging_mixin.py:188} INFO - [2024-09-22T11:16:01.216+0000] {dagbag.py:545} INFO - Filling up the DagBag from /home/airflow/.local/lib/python3.12/site-packages/airflow/example_dags/example_branch_labels.py
[2024-09-22T11:16:01.229+0000] {processor.py:840} INFO - DAG(s) 'example_branch_labels' retrieved from /home/airflow/.local/lib/python3.12/site-packages/airflow/example_dags/example_branch_labels.py
[2024-09-22T11:16:01.269+0000] {logging_mixin.py:188} INFO - [2024-09-22T11:16:01.269+0000] {dag.py:3089} INFO - Sync 1 DAGs
[2024-09-22T11:16:01.363+0000] {logging_mixin.py:188} INFO - [2024-09-22T11:16:01.363+0000] {dag.py:3947} INFO - Setting next_dagrun for example_branch_labels to 2024-09-22 00:00:00+00:00, run_after=2024-09-23 00:00:00+00:00
[2024-09-22T11:16:01.544+0000] {processor.py:183} INFO - Processing /home/airflow/.local/lib/python3.12/site-packages/airflow/example_dags/example_branch_labels.py took 0.458 seconds
[2024-09-22T11:16:51.461+0000] {processor.py:161} INFO - Started process (PID=211) to work on /home/airflow/.local/lib/python3.12/site-packages/airflow/example_dags/example_branch_labels.py
[2024-09-22T11:16:51.646+0000] {processor.py:830} INFO - Processing file /home/airflow/.local/lib/python3.12/site-packages/airflow/example_dags/example_branch_labels.py for tasks to queue
[2024-09-22T11:16:51.652+0000] {logging_mixin.py:188} INFO - [2024-09-22T11:16:51.652+0000] {dagbag.py:545} INFO - Filling up the DagBag from /home/airflow/.local/lib/python3.12/site-packages/airflow/example_dags/example_branch_labels.py
[2024-09-22T11:16:51.677+0000] {processor.py:840} INFO - DAG(s) 'example_branch_labels' retrieved from /home/airflow/.local/lib/python3.12/site-packages/airflow/example_dags/example_branch_labels.py
[2024-09-22T11:16:51.793+0000] {logging_mixin.py:188} INFO - [2024-09-22T11:16:51.793+0000] {dag.py:3089} INFO - Sync 1 DAGs
[2024-09-22T11:16:51.928+0000] {logging_mixin.py:188} INFO - [2024-09-22T11:16:51.925+0000] {dag.py:3947} INFO - Setting next_dagrun for example_branch_labels to 2024-09-22 00:00:00+00:00, run_after=2024-09-23 00:00:00+00:00
[2024-09-22T11:16:52.668+0000] {processor.py:183} INFO - Processing /home/airflow/.local/lib/python3.12/site-packages/airflow/example_dags/example_branch_labels.py took 1.223 seconds
[2024-09-22T11:17:39.543+0000] {processor.py:161} INFO - Started process (PID=303) to work on /home/airflow/.local/lib/python3.12/site-packages/airflow/example_dags/example_branch_labels.py
[2024-09-22T11:17:39.772+0000] {processor.py:830} INFO - Processing file /home/airflow/.local/lib/python3.12/site-packages/airflow/example_dags/example_branch_labels.py for tasks to queue
[2024-09-22T11:17:39.774+0000] {logging_mixin.py:188} INFO - [2024-09-22T11:17:39.773+0000] {dagbag.py:545} INFO - Filling up the DagBag from /home/airflow/.local/lib/python3.12/site-packages/airflow/example_dags/example_branch_labels.py
[2024-09-22T11:17:39.809+0000] {processor.py:840} INFO - DAG(s) 'example_branch_labels' retrieved from /home/airflow/.local/lib/python3.12/site-packages/airflow/example_dags/example_branch_labels.py
[2024-09-22T11:17:39.918+0000] {logging_mixin.py:188} INFO - [2024-09-22T11:17:39.917+0000] {dag.py:3089} INFO - Sync 1 DAGs
[2024-09-22T11:17:40.020+0000] {logging_mixin.py:188} INFO - [2024-09-22T11:17:40.016+0000] {dag.py:3947} INFO - Setting next_dagrun for example_branch_labels to 2024-09-22 00:00:00+00:00, run_after=2024-09-23 00:00:00+00:00
[2024-09-22T11:17:40.616+0000] {processor.py:183} INFO - Processing /home/airflow/.local/lib/python3.12/site-packages/airflow/example_dags/example_branch_labels.py took 1.126 seconds
[2024-09-22T11:18:10.967+0000] {processor.py:161} INFO - Started process (PID=387) to work on /home/airflow/.local/lib/python3.12/site-packages/airflow/example_dags/example_branch_labels.py
[2024-09-22T11:18:11.000+0000] {processor.py:830} INFO - Processing file /home/airflow/.local/lib/python3.12/site-packages/airflow/example_dags/example_branch_labels.py for tasks to queue
[2024-09-22T11:18:11.002+0000] {logging_mixin.py:188} INFO - [2024-09-22T11:18:11.001+0000] {dagbag.py:545} INFO - Filling up the DagBag from /home/airflow/.local/lib/python3.12/site-packages/airflow/example_dags/example_branch_labels.py
[2024-09-22T11:18:11.020+0000] {processor.py:840} INFO - DAG(s) 'example_branch_labels' retrieved from /home/airflow/.local/lib/python3.12/site-packages/airflow/example_dags/example_branch_labels.py
[2024-09-22T11:18:11.074+0000] {logging_mixin.py:188} INFO - [2024-09-22T11:18:11.074+0000] {dag.py:3089} INFO - Sync 1 DAGs
[2024-09-22T11:18:11.133+0000] {logging_mixin.py:188} INFO - [2024-09-22T11:18:11.132+0000] {dag.py:3947} INFO - Setting next_dagrun for example_branch_labels to 2024-09-22 00:00:00+00:00, run_after=2024-09-23 00:00:00+00:00
[2024-09-22T11:18:11.542+0000] {processor.py:183} INFO - Processing /home/airflow/.local/lib/python3.12/site-packages/airflow/example_dags/example_branch_labels.py took 0.596 seconds
[2024-09-22T11:19:07.827+0000] {processor.py:161} INFO - Started process (PID=491) to work on /home/airflow/.local/lib/python3.12/site-packages/airflow/example_dags/example_branch_labels.py
[2024-09-22T11:19:07.965+0000] {processor.py:830} INFO - Processing file /home/airflow/.local/lib/python3.12/site-packages/airflow/example_dags/example_branch_labels.py for tasks to queue
[2024-09-22T11:19:07.967+0000] {logging_mixin.py:188} INFO - [2024-09-22T11:19:07.966+0000] {dagbag.py:545} INFO - Filling up the DagBag from /home/airflow/.local/lib/python3.12/site-packages/airflow/example_dags/example_branch_labels.py
[2024-09-22T11:19:08.027+0000] {processor.py:840} INFO - DAG(s) 'example_branch_labels' retrieved from /home/airflow/.local/lib/python3.12/site-packages/airflow/example_dags/example_branch_labels.py
[2024-09-22T11:19:08.379+0000] {logging_mixin.py:188} INFO - [2024-09-22T11:19:08.378+0000] {dag.py:3089} INFO - Sync 1 DAGs
[2024-09-22T11:19:08.514+0000] {logging_mixin.py:188} INFO - [2024-09-22T11:19:08.511+0000] {dag.py:3947} INFO - Setting next_dagrun for example_branch_labels to 2024-09-22 00:00:00+00:00, run_after=2024-09-23 00:00:00+00:00
[2024-09-22T11:19:09.019+0000] {processor.py:183} INFO - Processing /home/airflow/.local/lib/python3.12/site-packages/airflow/example_dags/example_branch_labels.py took 1.225 seconds
[2024-09-22T11:19:40.600+0000] {processor.py:161} INFO - Started process (PID=559) to work on /home/airflow/.local/lib/python3.12/site-packages/airflow/example_dags/example_branch_labels.py
[2024-09-22T11:19:40.816+0000] {processor.py:830} INFO - Processing file /home/airflow/.local/lib/python3.12/site-packages/airflow/example_dags/example_branch_labels.py for tasks to queue
[2024-09-22T11:19:40.826+0000] {logging_mixin.py:188} INFO - [2024-09-22T11:19:40.818+0000] {dagbag.py:545} INFO - Filling up the DagBag from /home/airflow/.local/lib/python3.12/site-packages/airflow/example_dags/example_branch_labels.py
[2024-09-22T11:19:40.865+0000] {processor.py:840} INFO - DAG(s) 'example_branch_labels' retrieved from /home/airflow/.local/lib/python3.12/site-packages/airflow/example_dags/example_branch_labels.py
[2024-09-22T11:19:40.941+0000] {logging_mixin.py:188} INFO - [2024-09-22T11:19:40.941+0000] {dag.py:3089} INFO - Sync 1 DAGs
[2024-09-22T11:19:41.027+0000] {logging_mixin.py:188} INFO - [2024-09-22T11:19:41.026+0000] {dag.py:3947} INFO - Setting next_dagrun for example_branch_labels to 2024-09-22 00:00:00+00:00, run_after=2024-09-23 00:00:00+00:00
[2024-09-22T11:19:41.764+0000] {processor.py:183} INFO - Processing /home/airflow/.local/lib/python3.12/site-packages/airflow/example_dags/example_branch_labels.py took 1.179 seconds
[2024-09-22T11:20:16.961+0000] {processor.py:161} INFO - Started process (PID=640) to work on /home/airflow/.local/lib/python3.12/site-packages/airflow/example_dags/example_branch_labels.py
[2024-09-22T11:20:17.310+0000] {processor.py:830} INFO - Processing file /home/airflow/.local/lib/python3.12/site-packages/airflow/example_dags/example_branch_labels.py for tasks to queue
[2024-09-22T11:20:17.311+0000] {logging_mixin.py:188} INFO - [2024-09-22T11:20:17.311+0000] {dagbag.py:545} INFO - Filling up the DagBag from /home/airflow/.local/lib/python3.12/site-packages/airflow/example_dags/example_branch_labels.py
[2024-09-22T11:20:17.343+0000] {processor.py:840} INFO - DAG(s) 'example_branch_labels' retrieved from /home/airflow/.local/lib/python3.12/site-packages/airflow/example_dags/example_branch_labels.py
[2024-09-22T11:20:17.398+0000] {logging_mixin.py:188} INFO - [2024-09-22T11:20:17.398+0000] {dag.py:3089} INFO - Sync 1 DAGs
[2024-09-22T11:20:17.455+0000] {logging_mixin.py:188} INFO - [2024-09-22T11:20:17.454+0000] {dag.py:3947} INFO - Setting next_dagrun for example_branch_labels to 2024-09-22 00:00:00+00:00, run_after=2024-09-23 00:00:00+00:00
[2024-09-22T11:20:17.711+0000] {processor.py:183} INFO - Processing /home/airflow/.local/lib/python3.12/site-packages/airflow/example_dags/example_branch_labels.py took 0.769 seconds
[2024-09-22T11:21:01.169+0000] {processor.py:161} INFO - Started process (PID=710) to work on /home/airflow/.local/lib/python3.12/site-packages/airflow/example_dags/example_branch_labels.py
[2024-09-22T11:21:01.412+0000] {processor.py:830} INFO - Processing file /home/airflow/.local/lib/python3.12/site-packages/airflow/example_dags/example_branch_labels.py for tasks to queue
[2024-09-22T11:21:01.415+0000] {logging_mixin.py:188} INFO - [2024-09-22T11:21:01.413+0000] {dagbag.py:545} INFO - Filling up the DagBag from /home/airflow/.local/lib/python3.12/site-packages/airflow/example_dags/example_branch_labels.py
[2024-09-22T11:21:01.460+0000] {processor.py:840} INFO - DAG(s) 'example_branch_labels' retrieved from /home/airflow/.local/lib/python3.12/site-packages/airflow/example_dags/example_branch_labels.py
[2024-09-22T11:21:01.632+0000] {logging_mixin.py:188} INFO - [2024-09-22T11:21:01.632+0000] {dag.py:3089} INFO - Sync 1 DAGs
[2024-09-22T11:21:01.723+0000] {logging_mixin.py:188} INFO - [2024-09-22T11:21:01.722+0000] {dag.py:3947} INFO - Setting next_dagrun for example_branch_labels to 2024-09-22 00:00:00+00:00, run_after=2024-09-23 00:00:00+00:00
[2024-09-22T11:21:02.572+0000] {processor.py:183} INFO - Processing /home/airflow/.local/lib/python3.12/site-packages/airflow/example_dags/example_branch_labels.py took 1.418 seconds
[2024-09-22T11:22:10.349+0000] {processor.py:161} INFO - Started process (PID=799) to work on /home/airflow/.local/lib/python3.12/site-packages/airflow/example_dags/example_branch_labels.py
[2024-09-22T11:22:10.641+0000] {processor.py:830} INFO - Processing file /home/airflow/.local/lib/python3.12/site-packages/airflow/example_dags/example_branch_labels.py for tasks to queue
[2024-09-22T11:22:10.644+0000] {logging_mixin.py:188} INFO - [2024-09-22T11:22:10.643+0000] {dagbag.py:545} INFO - Filling up the DagBag from /home/airflow/.local/lib/python3.12/site-packages/airflow/example_dags/example_branch_labels.py
[2024-09-22T11:22:10.663+0000] {processor.py:840} INFO - DAG(s) 'example_branch_labels' retrieved from /home/airflow/.local/lib/python3.12/site-packages/airflow/example_dags/example_branch_labels.py
[2024-09-22T11:22:10.725+0000] {logging_mixin.py:188} INFO - [2024-09-22T11:22:10.724+0000] {dag.py:3089} INFO - Sync 1 DAGs
[2024-09-22T11:22:10.800+0000] {logging_mixin.py:188} INFO - [2024-09-22T11:22:10.799+0000] {dag.py:3947} INFO - Setting next_dagrun for example_branch_labels to 2024-09-22 00:00:00+00:00, run_after=2024-09-23 00:00:00+00:00
[2024-09-22T11:22:11.353+0000] {processor.py:183} INFO - Processing /home/airflow/.local/lib/python3.12/site-packages/airflow/example_dags/example_branch_labels.py took 1.016 seconds
[2024-09-22T11:23:02.439+0000] {processor.py:161} INFO - Started process (PID=876) to work on /home/airflow/.local/lib/python3.12/site-packages/airflow/example_dags/example_branch_labels.py
[2024-09-22T11:23:02.446+0000] {processor.py:830} INFO - Processing file /home/airflow/.local/lib/python3.12/site-packages/airflow/example_dags/example_branch_labels.py for tasks to queue
[2024-09-22T11:23:02.450+0000] {logging_mixin.py:188} INFO - [2024-09-22T11:23:02.448+0000] {dagbag.py:545} INFO - Filling up the DagBag from /home/airflow/.local/lib/python3.12/site-packages/airflow/example_dags/example_branch_labels.py
[2024-09-22T11:23:02.487+0000] {processor.py:840} INFO - DAG(s) 'example_branch_labels' retrieved from /home/airflow/.local/lib/python3.12/site-packages/airflow/example_dags/example_branch_labels.py
[2024-09-22T11:23:02.727+0000] {logging_mixin.py:188} INFO - [2024-09-22T11:23:02.726+0000] {dag.py:3089} INFO - Sync 1 DAGs
[2024-09-22T11:23:02.795+0000] {logging_mixin.py:188} INFO - [2024-09-22T11:23:02.795+0000] {dag.py:3947} INFO - Setting next_dagrun for example_branch_labels to 2024-09-22 00:00:00+00:00, run_after=2024-09-23 00:00:00+00:00
[2024-09-22T11:23:04.400+0000] {processor.py:183} INFO - Processing /home/airflow/.local/lib/python3.12/site-packages/airflow/example_dags/example_branch_labels.py took 2.114 seconds
[2024-09-22T11:24:41.062+0000] {processor.py:161} INFO - Started process (PID=981) to work on /home/airflow/.local/lib/python3.12/site-packages/airflow/example_dags/example_branch_labels.py
[2024-09-22T11:24:41.264+0000] {processor.py:830} INFO - Processing file /home/airflow/.local/lib/python3.12/site-packages/airflow/example_dags/example_branch_labels.py for tasks to queue
[2024-09-22T11:24:41.279+0000] {logging_mixin.py:188} INFO - [2024-09-22T11:24:41.268+0000] {dagbag.py:545} INFO - Filling up the DagBag from /home/airflow/.local/lib/python3.12/site-packages/airflow/example_dags/example_branch_labels.py
[2024-09-22T11:24:41.546+0000] {processor.py:840} INFO - DAG(s) 'example_branch_labels' retrieved from /home/airflow/.local/lib/python3.12/site-packages/airflow/example_dags/example_branch_labels.py
[2024-09-22T11:24:41.950+0000] {logging_mixin.py:188} INFO - [2024-09-22T11:24:41.950+0000] {dag.py:3089} INFO - Sync 1 DAGs
[2024-09-22T11:24:42.040+0000] {logging_mixin.py:188} INFO - [2024-09-22T11:24:42.039+0000] {dag.py:3947} INFO - Setting next_dagrun for example_branch_labels to 2024-09-22 00:00:00+00:00, run_after=2024-09-23 00:00:00+00:00
[2024-09-22T11:24:42.575+0000] {processor.py:183} INFO - Processing /home/airflow/.local/lib/python3.12/site-packages/airflow/example_dags/example_branch_labels.py took 1.532 seconds
[2024-09-22T11:25:46.631+0000] {processor.py:161} INFO - Started process (PID=1058) to work on /home/airflow/.local/lib/python3.12/site-packages/airflow/example_dags/example_branch_labels.py
[2024-09-22T11:25:47.125+0000] {processor.py:830} INFO - Processing file /home/airflow/.local/lib/python3.12/site-packages/airflow/example_dags/example_branch_labels.py for tasks to queue
[2024-09-22T11:25:47.225+0000] {logging_mixin.py:188} INFO - [2024-09-22T11:25:47.224+0000] {dagbag.py:545} INFO - Filling up the DagBag from /home/airflow/.local/lib/python3.12/site-packages/airflow/example_dags/example_branch_labels.py
[2024-09-22T11:25:53.030+0000] {processor.py:840} INFO - DAG(s) 'example_branch_labels' retrieved from /home/airflow/.local/lib/python3.12/site-packages/airflow/example_dags/example_branch_labels.py
[2024-09-22T11:26:01.661+0000] {logging_mixin.py:188} INFO - [2024-09-22T11:26:01.660+0000] {dag.py:3089} INFO - Sync 1 DAGs
[2024-09-22T11:26:12.264+0000] {logging_mixin.py:188} INFO - [2024-09-22T11:26:12.249+0000] {dag.py:3947} INFO - Setting next_dagrun for example_branch_labels to 2024-09-22 00:00:00+00:00, run_after=2024-09-23 00:00:00+00:00
[2024-09-22T11:26:12.694+0000] {processor.py:183} INFO - Processing /home/airflow/.local/lib/python3.12/site-packages/airflow/example_dags/example_branch_labels.py took 26.077 seconds
[2024-09-22T11:28:16.861+0000] {processor.py:161} INFO - Started process (PID=1175) to work on /home/airflow/.local/lib/python3.12/site-packages/airflow/example_dags/example_branch_labels.py
[2024-09-22T11:28:17.105+0000] {processor.py:830} INFO - Processing file /home/airflow/.local/lib/python3.12/site-packages/airflow/example_dags/example_branch_labels.py for tasks to queue
[2024-09-22T11:28:17.107+0000] {logging_mixin.py:188} INFO - [2024-09-22T11:28:17.106+0000] {dagbag.py:545} INFO - Filling up the DagBag from /home/airflow/.local/lib/python3.12/site-packages/airflow/example_dags/example_branch_labels.py
[2024-09-22T11:28:17.118+0000] {processor.py:840} INFO - DAG(s) 'example_branch_labels' retrieved from /home/airflow/.local/lib/python3.12/site-packages/airflow/example_dags/example_branch_labels.py
[2024-09-22T11:28:17.152+0000] {logging_mixin.py:188} INFO - [2024-09-22T11:28:17.152+0000] {dag.py:3089} INFO - Sync 1 DAGs
[2024-09-22T11:28:17.206+0000] {logging_mixin.py:188} INFO - [2024-09-22T11:28:17.205+0000] {dag.py:3947} INFO - Setting next_dagrun for example_branch_labels to 2024-09-22 00:00:00+00:00, run_after=2024-09-23 00:00:00+00:00
[2024-09-22T11:28:17.459+0000] {processor.py:183} INFO - Processing /home/airflow/.local/lib/python3.12/site-packages/airflow/example_dags/example_branch_labels.py took 0.608 seconds
[2024-09-22T11:29:00.735+0000] {processor.py:161} INFO - Started process (PID=1249) to work on /home/airflow/.local/lib/python3.12/site-packages/airflow/example_dags/example_branch_labels.py
[2024-09-22T11:29:00.802+0000] {processor.py:830} INFO - Processing file /home/airflow/.local/lib/python3.12/site-packages/airflow/example_dags/example_branch_labels.py for tasks to queue
[2024-09-22T11:29:00.804+0000] {logging_mixin.py:188} INFO - [2024-09-22T11:29:00.803+0000] {dagbag.py:545} INFO - Filling up the DagBag from /home/airflow/.local/lib/python3.12/site-packages/airflow/example_dags/example_branch_labels.py
[2024-09-22T11:29:00.818+0000] {processor.py:840} INFO - DAG(s) 'example_branch_labels' retrieved from /home/airflow/.local/lib/python3.12/site-packages/airflow/example_dags/example_branch_labels.py
[2024-09-22T11:29:00.864+0000] {logging_mixin.py:188} INFO - [2024-09-22T11:29:00.864+0000] {dag.py:3089} INFO - Sync 1 DAGs
[2024-09-22T11:29:00.907+0000] {logging_mixin.py:188} INFO - [2024-09-22T11:29:00.906+0000] {dag.py:3947} INFO - Setting next_dagrun for example_branch_labels to 2024-09-22 00:00:00+00:00, run_after=2024-09-23 00:00:00+00:00
[2024-09-22T11:29:01.203+0000] {processor.py:183} INFO - Processing /home/airflow/.local/lib/python3.12/site-packages/airflow/example_dags/example_branch_labels.py took 0.478 seconds
[2024-09-22T11:29:32.954+0000] {processor.py:161} INFO - Started process (PID=1315) to work on /home/airflow/.local/lib/python3.12/site-packages/airflow/example_dags/example_branch_labels.py
[2024-09-22T11:29:33.084+0000] {processor.py:830} INFO - Processing file /home/airflow/.local/lib/python3.12/site-packages/airflow/example_dags/example_branch_labels.py for tasks to queue
[2024-09-22T11:29:33.086+0000] {logging_mixin.py:188} INFO - [2024-09-22T11:29:33.085+0000] {dagbag.py:545} INFO - Filling up the DagBag from /home/airflow/.local/lib/python3.12/site-packages/airflow/example_dags/example_branch_labels.py
[2024-09-22T11:29:33.101+0000] {processor.py:840} INFO - DAG(s) 'example_branch_labels' retrieved from /home/airflow/.local/lib/python3.12/site-packages/airflow/example_dags/example_branch_labels.py
[2024-09-22T11:29:33.133+0000] {logging_mixin.py:188} INFO - [2024-09-22T11:29:33.133+0000] {dag.py:3089} INFO - Sync 1 DAGs
[2024-09-22T11:29:33.166+0000] {logging_mixin.py:188} INFO - [2024-09-22T11:29:33.166+0000] {dag.py:3947} INFO - Setting next_dagrun for example_branch_labels to 2024-09-22 00:00:00+00:00, run_after=2024-09-23 00:00:00+00:00
[2024-09-22T11:29:33.578+0000] {processor.py:183} INFO - Processing /home/airflow/.local/lib/python3.12/site-packages/airflow/example_dags/example_branch_labels.py took 0.635 seconds
[2024-09-22T11:30:07.402+0000] {processor.py:161} INFO - Started process (PID=1384) to work on /home/airflow/.local/lib/python3.12/site-packages/airflow/example_dags/example_branch_labels.py
[2024-09-22T11:30:07.588+0000] {processor.py:830} INFO - Processing file /home/airflow/.local/lib/python3.12/site-packages/airflow/example_dags/example_branch_labels.py for tasks to queue
[2024-09-22T11:30:07.590+0000] {logging_mixin.py:188} INFO - [2024-09-22T11:30:07.589+0000] {dagbag.py:545} INFO - Filling up the DagBag from /home/airflow/.local/lib/python3.12/site-packages/airflow/example_dags/example_branch_labels.py
[2024-09-22T11:30:07.601+0000] {processor.py:840} INFO - DAG(s) 'example_branch_labels' retrieved from /home/airflow/.local/lib/python3.12/site-packages/airflow/example_dags/example_branch_labels.py
[2024-09-22T11:30:07.643+0000] {logging_mixin.py:188} INFO - [2024-09-22T11:30:07.642+0000] {dag.py:3089} INFO - Sync 1 DAGs
[2024-09-22T11:30:07.693+0000] {logging_mixin.py:188} INFO - [2024-09-22T11:30:07.693+0000] {dag.py:3947} INFO - Setting next_dagrun for example_branch_labels to 2024-09-22 00:00:00+00:00, run_after=2024-09-23 00:00:00+00:00
[2024-09-22T11:30:07.979+0000] {processor.py:183} INFO - Processing /home/airflow/.local/lib/python3.12/site-packages/airflow/example_dags/example_branch_labels.py took 0.589 seconds
[2024-09-22T11:30:41.959+0000] {processor.py:161} INFO - Started process (PID=1462) to work on /home/airflow/.local/lib/python3.12/site-packages/airflow/example_dags/example_branch_labels.py
[2024-09-22T11:30:41.961+0000] {processor.py:830} INFO - Processing file /home/airflow/.local/lib/python3.12/site-packages/airflow/example_dags/example_branch_labels.py for tasks to queue
[2024-09-22T11:30:41.963+0000] {logging_mixin.py:188} INFO - [2024-09-22T11:30:41.962+0000] {dagbag.py:545} INFO - Filling up the DagBag from /home/airflow/.local/lib/python3.12/site-packages/airflow/example_dags/example_branch_labels.py
[2024-09-22T11:30:41.978+0000] {processor.py:840} INFO - DAG(s) 'example_branch_labels' retrieved from /home/airflow/.local/lib/python3.12/site-packages/airflow/example_dags/example_branch_labels.py
[2024-09-22T11:30:42.015+0000] {logging_mixin.py:188} INFO - [2024-09-22T11:30:42.014+0000] {dag.py:3089} INFO - Sync 1 DAGs
[2024-09-22T11:30:42.050+0000] {logging_mixin.py:188} INFO - [2024-09-22T11:30:42.050+0000] {dag.py:3947} INFO - Setting next_dagrun for example_branch_labels to 2024-09-22 00:00:00+00:00, run_after=2024-09-23 00:00:00+00:00
[2024-09-22T11:30:42.332+0000] {processor.py:183} INFO - Processing /home/airflow/.local/lib/python3.12/site-packages/airflow/example_dags/example_branch_labels.py took 0.384 seconds
[2024-09-22T11:31:20.052+0000] {processor.py:161} INFO - Started process (PID=1531) to work on /home/airflow/.local/lib/python3.12/site-packages/airflow/example_dags/example_branch_labels.py
[2024-09-22T11:31:20.128+0000] {processor.py:830} INFO - Processing file /home/airflow/.local/lib/python3.12/site-packages/airflow/example_dags/example_branch_labels.py for tasks to queue
[2024-09-22T11:31:20.129+0000] {logging_mixin.py:188} INFO - [2024-09-22T11:31:20.129+0000] {dagbag.py:545} INFO - Filling up the DagBag from /home/airflow/.local/lib/python3.12/site-packages/airflow/example_dags/example_branch_labels.py
[2024-09-22T11:31:20.153+0000] {processor.py:840} INFO - DAG(s) 'example_branch_labels' retrieved from /home/airflow/.local/lib/python3.12/site-packages/airflow/example_dags/example_branch_labels.py
[2024-09-22T11:31:20.204+0000] {logging_mixin.py:188} INFO - [2024-09-22T11:31:20.204+0000] {dag.py:3089} INFO - Sync 1 DAGs
[2024-09-22T11:31:20.256+0000] {logging_mixin.py:188} INFO - [2024-09-22T11:31:20.256+0000] {dag.py:3947} INFO - Setting next_dagrun for example_branch_labels to 2024-09-22 00:00:00+00:00, run_after=2024-09-23 00:00:00+00:00
[2024-09-22T11:31:20.405+0000] {processor.py:183} INFO - Processing /home/airflow/.local/lib/python3.12/site-packages/airflow/example_dags/example_branch_labels.py took 0.364 seconds
[2024-09-22T11:33:07.416+0000] {processor.py:161} INFO - Started process (PID=1662) to work on /home/airflow/.local/lib/python3.12/site-packages/airflow/example_dags/example_branch_labels.py
[2024-09-22T11:33:07.674+0000] {processor.py:830} INFO - Processing file /home/airflow/.local/lib/python3.12/site-packages/airflow/example_dags/example_branch_labels.py for tasks to queue
[2024-09-22T11:33:07.676+0000] {logging_mixin.py:188} INFO - [2024-09-22T11:33:07.675+0000] {dagbag.py:545} INFO - Filling up the DagBag from /home/airflow/.local/lib/python3.12/site-packages/airflow/example_dags/example_branch_labels.py
[2024-09-22T11:33:07.692+0000] {processor.py:840} INFO - DAG(s) 'example_branch_labels' retrieved from /home/airflow/.local/lib/python3.12/site-packages/airflow/example_dags/example_branch_labels.py
[2024-09-22T11:33:07.745+0000] {logging_mixin.py:188} INFO - [2024-09-22T11:33:07.744+0000] {dag.py:3089} INFO - Sync 1 DAGs
[2024-09-22T11:33:07.800+0000] {logging_mixin.py:188} INFO - [2024-09-22T11:33:07.799+0000] {dag.py:3947} INFO - Setting next_dagrun for example_branch_labels to 2024-09-22 00:00:00+00:00, run_after=2024-09-23 00:00:00+00:00
[2024-09-22T11:33:08.005+0000] {processor.py:183} INFO - Processing /home/airflow/.local/lib/python3.12/site-packages/airflow/example_dags/example_branch_labels.py took 0.601 seconds
[2024-09-22T11:33:45.820+0000] {processor.py:161} INFO - Started process (PID=1733) to work on /home/airflow/.local/lib/python3.12/site-packages/airflow/example_dags/example_branch_labels.py
[2024-09-22T11:33:46.132+0000] {processor.py:830} INFO - Processing file /home/airflow/.local/lib/python3.12/site-packages/airflow/example_dags/example_branch_labels.py for tasks to queue
[2024-09-22T11:33:46.134+0000] {logging_mixin.py:188} INFO - [2024-09-22T11:33:46.134+0000] {dagbag.py:545} INFO - Filling up the DagBag from /home/airflow/.local/lib/python3.12/site-packages/airflow/example_dags/example_branch_labels.py
[2024-09-22T11:33:46.153+0000] {processor.py:840} INFO - DAG(s) 'example_branch_labels' retrieved from /home/airflow/.local/lib/python3.12/site-packages/airflow/example_dags/example_branch_labels.py
[2024-09-22T11:33:46.193+0000] {logging_mixin.py:188} INFO - [2024-09-22T11:33:46.193+0000] {dag.py:3089} INFO - Sync 1 DAGs
[2024-09-22T11:33:46.257+0000] {logging_mixin.py:188} INFO - [2024-09-22T11:33:46.257+0000] {dag.py:3947} INFO - Setting next_dagrun for example_branch_labels to 2024-09-22 00:00:00+00:00, run_after=2024-09-23 00:00:00+00:00
[2024-09-22T11:33:47.084+0000] {processor.py:183} INFO - Processing /home/airflow/.local/lib/python3.12/site-packages/airflow/example_dags/example_branch_labels.py took 1.289 seconds
[2024-09-22T11:34:20.505+0000] {processor.py:161} INFO - Started process (PID=1800) to work on /home/airflow/.local/lib/python3.12/site-packages/airflow/example_dags/example_branch_labels.py
[2024-09-22T11:34:20.559+0000] {processor.py:830} INFO - Processing file /home/airflow/.local/lib/python3.12/site-packages/airflow/example_dags/example_branch_labels.py for tasks to queue
[2024-09-22T11:34:20.561+0000] {logging_mixin.py:188} INFO - [2024-09-22T11:34:20.560+0000] {dagbag.py:545} INFO - Filling up the DagBag from /home/airflow/.local/lib/python3.12/site-packages/airflow/example_dags/example_branch_labels.py
[2024-09-22T11:34:20.580+0000] {processor.py:840} INFO - DAG(s) 'example_branch_labels' retrieved from /home/airflow/.local/lib/python3.12/site-packages/airflow/example_dags/example_branch_labels.py
[2024-09-22T11:34:20.633+0000] {logging_mixin.py:188} INFO - [2024-09-22T11:34:20.633+0000] {dag.py:3089} INFO - Sync 1 DAGs
[2024-09-22T11:34:20.694+0000] {logging_mixin.py:188} INFO - [2024-09-22T11:34:20.693+0000] {dag.py:3947} INFO - Setting next_dagrun for example_branch_labels to 2024-09-22 00:00:00+00:00, run_after=2024-09-23 00:00:00+00:00
[2024-09-22T11:34:20.937+0000] {processor.py:183} INFO - Processing /home/airflow/.local/lib/python3.12/site-packages/airflow/example_dags/example_branch_labels.py took 0.446 seconds
[2024-09-22T11:34:52.797+0000] {processor.py:161} INFO - Started process (PID=1863) to work on /home/airflow/.local/lib/python3.12/site-packages/airflow/example_dags/example_branch_labels.py
[2024-09-22T11:34:52.800+0000] {processor.py:830} INFO - Processing file /home/airflow/.local/lib/python3.12/site-packages/airflow/example_dags/example_branch_labels.py for tasks to queue
[2024-09-22T11:34:52.810+0000] {logging_mixin.py:188} INFO - [2024-09-22T11:34:52.805+0000] {dagbag.py:545} INFO - Filling up the DagBag from /home/airflow/.local/lib/python3.12/site-packages/airflow/example_dags/example_branch_labels.py
[2024-09-22T11:34:52.857+0000] {processor.py:840} INFO - DAG(s) 'example_branch_labels' retrieved from /home/airflow/.local/lib/python3.12/site-packages/airflow/example_dags/example_branch_labels.py
[2024-09-22T11:34:52.975+0000] {logging_mixin.py:188} INFO - [2024-09-22T11:34:52.974+0000] {dag.py:3089} INFO - Sync 1 DAGs
[2024-09-22T11:34:53.067+0000] {logging_mixin.py:188} INFO - [2024-09-22T11:34:53.067+0000] {dag.py:3947} INFO - Setting next_dagrun for example_branch_labels to 2024-09-22 00:00:00+00:00, run_after=2024-09-23 00:00:00+00:00
[2024-09-22T11:34:53.581+0000] {processor.py:183} INFO - Processing /home/airflow/.local/lib/python3.12/site-packages/airflow/example_dags/example_branch_labels.py took 0.829 seconds
[2024-09-22T11:35:24.919+0000] {processor.py:161} INFO - Started process (PID=1926) to work on /home/airflow/.local/lib/python3.12/site-packages/airflow/example_dags/example_branch_labels.py
[2024-09-22T11:35:25.046+0000] {processor.py:830} INFO - Processing file /home/airflow/.local/lib/python3.12/site-packages/airflow/example_dags/example_branch_labels.py for tasks to queue
[2024-09-22T11:35:25.049+0000] {logging_mixin.py:188} INFO - [2024-09-22T11:35:25.048+0000] {dagbag.py:545} INFO - Filling up the DagBag from /home/airflow/.local/lib/python3.12/site-packages/airflow/example_dags/example_branch_labels.py
[2024-09-22T11:35:25.073+0000] {processor.py:840} INFO - DAG(s) 'example_branch_labels' retrieved from /home/airflow/.local/lib/python3.12/site-packages/airflow/example_dags/example_branch_labels.py
[2024-09-22T11:35:25.140+0000] {logging_mixin.py:188} INFO - [2024-09-22T11:35:25.139+0000] {dag.py:3089} INFO - Sync 1 DAGs
[2024-09-22T11:35:25.204+0000] {logging_mixin.py:188} INFO - [2024-09-22T11:35:25.204+0000] {dag.py:3947} INFO - Setting next_dagrun for example_branch_labels to 2024-09-22 00:00:00+00:00, run_after=2024-09-23 00:00:00+00:00
[2024-09-22T11:35:25.538+0000] {processor.py:183} INFO - Processing /home/airflow/.local/lib/python3.12/site-packages/airflow/example_dags/example_branch_labels.py took 0.658 seconds
[2024-09-22T11:35:56.155+0000] {processor.py:161} INFO - Started process (PID=1992) to work on /home/airflow/.local/lib/python3.12/site-packages/airflow/example_dags/example_branch_labels.py
[2024-09-22T11:35:56.156+0000] {processor.py:830} INFO - Processing file /home/airflow/.local/lib/python3.12/site-packages/airflow/example_dags/example_branch_labels.py for tasks to queue
[2024-09-22T11:35:56.158+0000] {logging_mixin.py:188} INFO - [2024-09-22T11:35:56.157+0000] {dagbag.py:545} INFO - Filling up the DagBag from /home/airflow/.local/lib/python3.12/site-packages/airflow/example_dags/example_branch_labels.py
[2024-09-22T11:35:56.179+0000] {processor.py:840} INFO - DAG(s) 'example_branch_labels' retrieved from /home/airflow/.local/lib/python3.12/site-packages/airflow/example_dags/example_branch_labels.py
[2024-09-22T11:35:56.239+0000] {logging_mixin.py:188} INFO - [2024-09-22T11:35:56.239+0000] {dag.py:3089} INFO - Sync 1 DAGs
[2024-09-22T11:35:56.309+0000] {logging_mixin.py:188} INFO - [2024-09-22T11:35:56.308+0000] {dag.py:3947} INFO - Setting next_dagrun for example_branch_labels to 2024-09-22 00:00:00+00:00, run_after=2024-09-23 00:00:00+00:00
[2024-09-22T11:35:56.563+0000] {processor.py:183} INFO - Processing /home/airflow/.local/lib/python3.12/site-packages/airflow/example_dags/example_branch_labels.py took 0.421 seconds
[2024-09-22T11:41:21.274+0000] {processor.py:161} INFO - Started process (PID=2151) to work on /home/airflow/.local/lib/python3.12/site-packages/airflow/example_dags/example_branch_labels.py
[2024-09-22T11:41:21.398+0000] {processor.py:830} INFO - Processing file /home/airflow/.local/lib/python3.12/site-packages/airflow/example_dags/example_branch_labels.py for tasks to queue
[2024-09-22T11:41:21.400+0000] {logging_mixin.py:188} INFO - [2024-09-22T11:41:21.399+0000] {dagbag.py:545} INFO - Filling up the DagBag from /home/airflow/.local/lib/python3.12/site-packages/airflow/example_dags/example_branch_labels.py
[2024-09-22T11:41:21.424+0000] {processor.py:840} INFO - DAG(s) 'example_branch_labels' retrieved from /home/airflow/.local/lib/python3.12/site-packages/airflow/example_dags/example_branch_labels.py
[2024-09-22T11:41:21.460+0000] {logging_mixin.py:188} INFO - [2024-09-22T11:41:21.460+0000] {dag.py:3089} INFO - Sync 1 DAGs
[2024-09-22T11:41:21.490+0000] {logging_mixin.py:188} INFO - [2024-09-22T11:41:21.489+0000] {dag.py:3947} INFO - Setting next_dagrun for example_branch_labels to 2024-09-22 00:00:00+00:00, run_after=2024-09-23 00:00:00+00:00
[2024-09-22T11:41:21.745+0000] {processor.py:183} INFO - Processing /home/airflow/.local/lib/python3.12/site-packages/airflow/example_dags/example_branch_labels.py took 0.484 seconds
[2024-09-22T11:42:01.295+0000] {processor.py:161} INFO - Started process (PID=2225) to work on /home/airflow/.local/lib/python3.12/site-packages/airflow/example_dags/example_branch_labels.py
[2024-09-22T11:42:01.508+0000] {processor.py:830} INFO - Processing file /home/airflow/.local/lib/python3.12/site-packages/airflow/example_dags/example_branch_labels.py for tasks to queue
[2024-09-22T11:42:01.510+0000] {logging_mixin.py:188} INFO - [2024-09-22T11:42:01.509+0000] {dagbag.py:545} INFO - Filling up the DagBag from /home/airflow/.local/lib/python3.12/site-packages/airflow/example_dags/example_branch_labels.py
[2024-09-22T11:42:01.528+0000] {processor.py:840} INFO - DAG(s) 'example_branch_labels' retrieved from /home/airflow/.local/lib/python3.12/site-packages/airflow/example_dags/example_branch_labels.py
[2024-09-22T11:42:01.589+0000] {logging_mixin.py:188} INFO - [2024-09-22T11:42:01.589+0000] {dag.py:3089} INFO - Sync 1 DAGs
[2024-09-22T11:42:01.668+0000] {logging_mixin.py:188} INFO - [2024-09-22T11:42:01.667+0000] {dag.py:3947} INFO - Setting next_dagrun for example_branch_labels to 2024-09-22 00:00:00+00:00, run_after=2024-09-23 00:00:00+00:00
[2024-09-22T11:42:01.918+0000] {processor.py:183} INFO - Processing /home/airflow/.local/lib/python3.12/site-packages/airflow/example_dags/example_branch_labels.py took 0.637 seconds
[2024-09-22T11:42:32.997+0000] {processor.py:161} INFO - Started process (PID=2301) to work on /home/airflow/.local/lib/python3.12/site-packages/airflow/example_dags/example_branch_labels.py
[2024-09-22T11:42:33.020+0000] {processor.py:830} INFO - Processing file /home/airflow/.local/lib/python3.12/site-packages/airflow/example_dags/example_branch_labels.py for tasks to queue
[2024-09-22T11:42:33.024+0000] {logging_mixin.py:188} INFO - [2024-09-22T11:42:33.021+0000] {dagbag.py:545} INFO - Filling up the DagBag from /home/airflow/.local/lib/python3.12/site-packages/airflow/example_dags/example_branch_labels.py
[2024-09-22T11:42:33.067+0000] {processor.py:840} INFO - DAG(s) 'example_branch_labels' retrieved from /home/airflow/.local/lib/python3.12/site-packages/airflow/example_dags/example_branch_labels.py
[2024-09-22T11:42:33.191+0000] {logging_mixin.py:188} INFO - [2024-09-22T11:42:33.191+0000] {dag.py:3089} INFO - Sync 1 DAGs
[2024-09-22T11:42:33.336+0000] {logging_mixin.py:188} INFO - [2024-09-22T11:42:33.329+0000] {dag.py:3947} INFO - Setting next_dagrun for example_branch_labels to 2024-09-22 00:00:00+00:00, run_after=2024-09-23 00:00:00+00:00
[2024-09-22T11:42:33.722+0000] {processor.py:183} INFO - Processing /home/airflow/.local/lib/python3.12/site-packages/airflow/example_dags/example_branch_labels.py took 0.755 seconds
[2024-09-22T11:43:03.888+0000] {processor.py:161} INFO - Started process (PID=2386) to work on /home/airflow/.local/lib/python3.12/site-packages/airflow/example_dags/example_branch_labels.py
[2024-09-22T11:43:03.890+0000] {processor.py:830} INFO - Processing file /home/airflow/.local/lib/python3.12/site-packages/airflow/example_dags/example_branch_labels.py for tasks to queue
[2024-09-22T11:43:03.892+0000] {logging_mixin.py:188} INFO - [2024-09-22T11:43:03.891+0000] {dagbag.py:545} INFO - Filling up the DagBag from /home/airflow/.local/lib/python3.12/site-packages/airflow/example_dags/example_branch_labels.py
[2024-09-22T11:43:03.910+0000] {processor.py:840} INFO - DAG(s) 'example_branch_labels' retrieved from /home/airflow/.local/lib/python3.12/site-packages/airflow/example_dags/example_branch_labels.py
[2024-09-22T11:43:04.001+0000] {logging_mixin.py:188} INFO - [2024-09-22T11:43:04.001+0000] {dag.py:3089} INFO - Sync 1 DAGs
[2024-09-22T11:43:04.131+0000] {logging_mixin.py:188} INFO - [2024-09-22T11:43:04.131+0000] {dag.py:3947} INFO - Setting next_dagrun for example_branch_labels to 2024-09-22 00:00:00+00:00, run_after=2024-09-23 00:00:00+00:00
[2024-09-22T11:43:05.258+0000] {processor.py:183} INFO - Processing /home/airflow/.local/lib/python3.12/site-packages/airflow/example_dags/example_branch_labels.py took 1.386 seconds
[2024-09-22T11:43:37.088+0000] {processor.py:161} INFO - Started process (PID=2477) to work on /home/airflow/.local/lib/python3.12/site-packages/airflow/example_dags/example_branch_labels.py
[2024-09-22T11:43:37.310+0000] {processor.py:830} INFO - Processing file /home/airflow/.local/lib/python3.12/site-packages/airflow/example_dags/example_branch_labels.py for tasks to queue
[2024-09-22T11:43:37.314+0000] {logging_mixin.py:188} INFO - [2024-09-22T11:43:37.312+0000] {dagbag.py:545} INFO - Filling up the DagBag from /home/airflow/.local/lib/python3.12/site-packages/airflow/example_dags/example_branch_labels.py
[2024-09-22T11:43:37.355+0000] {processor.py:840} INFO - DAG(s) 'example_branch_labels' retrieved from /home/airflow/.local/lib/python3.12/site-packages/airflow/example_dags/example_branch_labels.py
[2024-09-22T11:43:37.415+0000] {logging_mixin.py:188} INFO - [2024-09-22T11:43:37.415+0000] {dag.py:3089} INFO - Sync 1 DAGs
[2024-09-22T11:43:37.480+0000] {logging_mixin.py:188} INFO - [2024-09-22T11:43:37.480+0000] {dag.py:3947} INFO - Setting next_dagrun for example_branch_labels to 2024-09-22 00:00:00+00:00, run_after=2024-09-23 00:00:00+00:00
[2024-09-22T11:43:37.726+0000] {processor.py:183} INFO - Processing /home/airflow/.local/lib/python3.12/site-packages/airflow/example_dags/example_branch_labels.py took 0.674 seconds
[2024-09-22T11:44:08.182+0000] {processor.py:161} INFO - Started process (PID=2560) to work on /home/airflow/.local/lib/python3.12/site-packages/airflow/example_dags/example_branch_labels.py
[2024-09-22T11:44:08.188+0000] {processor.py:830} INFO - Processing file /home/airflow/.local/lib/python3.12/site-packages/airflow/example_dags/example_branch_labels.py for tasks to queue
[2024-09-22T11:44:08.192+0000] {logging_mixin.py:188} INFO - [2024-09-22T11:44:08.191+0000] {dagbag.py:545} INFO - Filling up the DagBag from /home/airflow/.local/lib/python3.12/site-packages/airflow/example_dags/example_branch_labels.py
[2024-09-22T11:44:08.220+0000] {processor.py:840} INFO - DAG(s) 'example_branch_labels' retrieved from /home/airflow/.local/lib/python3.12/site-packages/airflow/example_dags/example_branch_labels.py
[2024-09-22T11:44:08.295+0000] {logging_mixin.py:188} INFO - [2024-09-22T11:44:08.294+0000] {dag.py:3089} INFO - Sync 1 DAGs
[2024-09-22T11:44:08.379+0000] {logging_mixin.py:188} INFO - [2024-09-22T11:44:08.378+0000] {dag.py:3947} INFO - Setting next_dagrun for example_branch_labels to 2024-09-22 00:00:00+00:00, run_after=2024-09-23 00:00:00+00:00
[2024-09-22T11:44:08.561+0000] {processor.py:183} INFO - Processing /home/airflow/.local/lib/python3.12/site-packages/airflow/example_dags/example_branch_labels.py took 0.397 seconds
