[2024-09-22T11:13:17.118+0000] {processor.py:161} INFO - Started process (PID=43) to work on /home/airflow/.local/lib/python3.12/site-packages/airflow/example_dags/example_branch_day_of_week_operator.py
[2024-09-22T11:13:17.126+0000] {processor.py:830} INFO - Processing file /home/airflow/.local/lib/python3.12/site-packages/airflow/example_dags/example_branch_day_of_week_operator.py for tasks to queue
[2024-09-22T11:13:17.131+0000] {logging_mixin.py:188} INFO - [2024-09-22T11:13:17.130+0000] {dagbag.py:545} INFO - Filling up the DagBag from /home/airflow/.local/lib/python3.12/site-packages/airflow/example_dags/example_branch_day_of_week_operator.py
[2024-09-22T11:13:17.588+0000] {processor.py:840} INFO - DAG(s) 'example_weekday_branch_operator' retrieved from /home/airflow/.local/lib/python3.12/site-packages/airflow/example_dags/example_branch_day_of_week_operator.py
[2024-09-22T11:13:18.127+0000] {logging_mixin.py:188} INFO - [2024-09-22T11:13:18.126+0000] {dag.py:3089} INFO - Sync 1 DAGs
[2024-09-22T11:13:18.747+0000] {logging_mixin.py:188} INFO - [2024-09-22T11:13:18.728+0000] {dag.py:3947} INFO - Setting next_dagrun for example_weekday_branch_operator to 2024-09-21 00:00:00+00:00, run_after=2024-09-22 00:00:00+00:00
[2024-09-22T11:13:19.453+0000] {processor.py:183} INFO - Processing /home/airflow/.local/lib/python3.12/site-packages/airflow/example_dags/example_branch_day_of_week_operator.py took 2.376 seconds
[2024-09-22T11:15:06.901+0000] {processor.py:161} INFO - Started process (PID=39) to work on /home/airflow/.local/lib/python3.12/site-packages/airflow/example_dags/example_branch_day_of_week_operator.py
[2024-09-22T11:15:06.923+0000] {processor.py:830} INFO - Processing file /home/airflow/.local/lib/python3.12/site-packages/airflow/example_dags/example_branch_day_of_week_operator.py for tasks to queue
[2024-09-22T11:15:06.929+0000] {logging_mixin.py:188} INFO - [2024-09-22T11:15:06.928+0000] {dagbag.py:545} INFO - Filling up the DagBag from /home/airflow/.local/lib/python3.12/site-packages/airflow/example_dags/example_branch_day_of_week_operator.py
[2024-09-22T11:15:07.274+0000] {processor.py:840} INFO - DAG(s) 'example_weekday_branch_operator' retrieved from /home/airflow/.local/lib/python3.12/site-packages/airflow/example_dags/example_branch_day_of_week_operator.py
[2024-09-22T11:15:07.704+0000] {logging_mixin.py:188} INFO - [2024-09-22T11:15:07.704+0000] {dag.py:3089} INFO - Sync 1 DAGs
[2024-09-22T11:15:09.346+0000] {logging_mixin.py:188} INFO - [2024-09-22T11:15:09.345+0000] {dag.py:3947} INFO - Setting next_dagrun for example_weekday_branch_operator to 2024-09-22 00:00:00+00:00, run_after=2024-09-23 00:00:00+00:00
[2024-09-22T11:15:09.456+0000] {processor.py:183} INFO - Processing /home/airflow/.local/lib/python3.12/site-packages/airflow/example_dags/example_branch_day_of_week_operator.py took 2.569 seconds
[2024-09-22T11:15:43.674+0000] {processor.py:161} INFO - Started process (PID=109) to work on /home/airflow/.local/lib/python3.12/site-packages/airflow/example_dags/example_branch_day_of_week_operator.py
[2024-09-22T11:15:43.799+0000] {processor.py:830} INFO - Processing file /home/airflow/.local/lib/python3.12/site-packages/airflow/example_dags/example_branch_day_of_week_operator.py for tasks to queue
[2024-09-22T11:15:43.805+0000] {logging_mixin.py:188} INFO - [2024-09-22T11:15:43.804+0000] {dagbag.py:545} INFO - Filling up the DagBag from /home/airflow/.local/lib/python3.12/site-packages/airflow/example_dags/example_branch_day_of_week_operator.py
[2024-09-22T11:15:43.827+0000] {processor.py:840} INFO - DAG(s) 'example_weekday_branch_operator' retrieved from /home/airflow/.local/lib/python3.12/site-packages/airflow/example_dags/example_branch_day_of_week_operator.py
[2024-09-22T11:15:43.884+0000] {logging_mixin.py:188} INFO - [2024-09-22T11:15:43.883+0000] {dag.py:3089} INFO - Sync 1 DAGs
[2024-09-22T11:15:43.950+0000] {logging_mixin.py:188} INFO - [2024-09-22T11:15:43.949+0000] {dag.py:3947} INFO - Setting next_dagrun for example_weekday_branch_operator to 2024-09-22 00:00:00+00:00, run_after=2024-09-23 00:00:00+00:00
[2024-09-22T11:15:44.091+0000] {processor.py:183} INFO - Processing /home/airflow/.local/lib/python3.12/site-packages/airflow/example_dags/example_branch_day_of_week_operator.py took 0.425 seconds
[2024-09-22T11:16:22.895+0000] {processor.py:161} INFO - Started process (PID=166) to work on /home/airflow/.local/lib/python3.12/site-packages/airflow/example_dags/example_branch_day_of_week_operator.py
[2024-09-22T11:16:22.912+0000] {processor.py:830} INFO - Processing file /home/airflow/.local/lib/python3.12/site-packages/airflow/example_dags/example_branch_day_of_week_operator.py for tasks to queue
[2024-09-22T11:16:22.918+0000] {logging_mixin.py:188} INFO - [2024-09-22T11:16:22.918+0000] {dagbag.py:545} INFO - Filling up the DagBag from /home/airflow/.local/lib/python3.12/site-packages/airflow/example_dags/example_branch_day_of_week_operator.py
[2024-09-22T11:16:22.964+0000] {processor.py:840} INFO - DAG(s) 'example_weekday_branch_operator' retrieved from /home/airflow/.local/lib/python3.12/site-packages/airflow/example_dags/example_branch_day_of_week_operator.py
[2024-09-22T11:16:23.124+0000] {logging_mixin.py:188} INFO - [2024-09-22T11:16:23.124+0000] {dag.py:3089} INFO - Sync 1 DAGs
[2024-09-22T11:16:23.274+0000] {logging_mixin.py:188} INFO - [2024-09-22T11:16:23.274+0000] {dag.py:3947} INFO - Setting next_dagrun for example_weekday_branch_operator to 2024-09-22 00:00:00+00:00, run_after=2024-09-23 00:00:00+00:00
[2024-09-22T11:16:23.480+0000] {processor.py:183} INFO - Processing /home/airflow/.local/lib/python3.12/site-packages/airflow/example_dags/example_branch_day_of_week_operator.py took 0.633 seconds
[2024-09-22T11:17:00.186+0000] {processor.py:161} INFO - Started process (PID=227) to work on /home/airflow/.local/lib/python3.12/site-packages/airflow/example_dags/example_branch_day_of_week_operator.py
[2024-09-22T11:17:00.196+0000] {processor.py:830} INFO - Processing file /home/airflow/.local/lib/python3.12/site-packages/airflow/example_dags/example_branch_day_of_week_operator.py for tasks to queue
[2024-09-22T11:17:00.201+0000] {logging_mixin.py:188} INFO - [2024-09-22T11:17:00.200+0000] {dagbag.py:545} INFO - Filling up the DagBag from /home/airflow/.local/lib/python3.12/site-packages/airflow/example_dags/example_branch_day_of_week_operator.py
[2024-09-22T11:17:00.227+0000] {processor.py:840} INFO - DAG(s) 'example_weekday_branch_operator' retrieved from /home/airflow/.local/lib/python3.12/site-packages/airflow/example_dags/example_branch_day_of_week_operator.py
[2024-09-22T11:17:00.275+0000] {logging_mixin.py:188} INFO - [2024-09-22T11:17:00.275+0000] {dag.py:3089} INFO - Sync 1 DAGs
[2024-09-22T11:17:00.343+0000] {logging_mixin.py:188} INFO - [2024-09-22T11:17:00.343+0000] {dag.py:3947} INFO - Setting next_dagrun for example_weekday_branch_operator to 2024-09-22 00:00:00+00:00, run_after=2024-09-23 00:00:00+00:00
[2024-09-22T11:17:00.779+0000] {processor.py:183} INFO - Processing /home/airflow/.local/lib/python3.12/site-packages/airflow/example_dags/example_branch_day_of_week_operator.py took 0.611 seconds
[2024-09-22T11:17:43.339+0000] {processor.py:161} INFO - Started process (PID=308) to work on /home/airflow/.local/lib/python3.12/site-packages/airflow/example_dags/example_branch_day_of_week_operator.py
[2024-09-22T11:17:43.472+0000] {processor.py:830} INFO - Processing file /home/airflow/.local/lib/python3.12/site-packages/airflow/example_dags/example_branch_day_of_week_operator.py for tasks to queue
[2024-09-22T11:17:43.479+0000] {logging_mixin.py:188} INFO - [2024-09-22T11:17:43.473+0000] {dagbag.py:545} INFO - Filling up the DagBag from /home/airflow/.local/lib/python3.12/site-packages/airflow/example_dags/example_branch_day_of_week_operator.py
[2024-09-22T11:17:43.516+0000] {processor.py:840} INFO - DAG(s) 'example_weekday_branch_operator' retrieved from /home/airflow/.local/lib/python3.12/site-packages/airflow/example_dags/example_branch_day_of_week_operator.py
[2024-09-22T11:17:43.612+0000] {logging_mixin.py:188} INFO - [2024-09-22T11:17:43.611+0000] {dag.py:3089} INFO - Sync 1 DAGs
[2024-09-22T11:17:43.680+0000] {logging_mixin.py:188} INFO - [2024-09-22T11:17:43.679+0000] {dag.py:3947} INFO - Setting next_dagrun for example_weekday_branch_operator to 2024-09-22 00:00:00+00:00, run_after=2024-09-23 00:00:00+00:00
[2024-09-22T11:17:43.904+0000] {processor.py:183} INFO - Processing /home/airflow/.local/lib/python3.12/site-packages/airflow/example_dags/example_branch_day_of_week_operator.py took 0.594 seconds
[2024-09-22T11:18:16.564+0000] {processor.py:161} INFO - Started process (PID=398) to work on /home/airflow/.local/lib/python3.12/site-packages/airflow/example_dags/example_branch_day_of_week_operator.py
[2024-09-22T11:18:16.690+0000] {processor.py:830} INFO - Processing file /home/airflow/.local/lib/python3.12/site-packages/airflow/example_dags/example_branch_day_of_week_operator.py for tasks to queue
[2024-09-22T11:18:16.691+0000] {logging_mixin.py:188} INFO - [2024-09-22T11:18:16.691+0000] {dagbag.py:545} INFO - Filling up the DagBag from /home/airflow/.local/lib/python3.12/site-packages/airflow/example_dags/example_branch_day_of_week_operator.py
[2024-09-22T11:18:16.757+0000] {processor.py:840} INFO - DAG(s) 'example_weekday_branch_operator' retrieved from /home/airflow/.local/lib/python3.12/site-packages/airflow/example_dags/example_branch_day_of_week_operator.py
[2024-09-22T11:18:16.824+0000] {logging_mixin.py:188} INFO - [2024-09-22T11:18:16.824+0000] {dag.py:3089} INFO - Sync 1 DAGs
[2024-09-22T11:18:16.890+0000] {logging_mixin.py:188} INFO - [2024-09-22T11:18:16.889+0000] {dag.py:3947} INFO - Setting next_dagrun for example_weekday_branch_operator to 2024-09-22 00:00:00+00:00, run_after=2024-09-23 00:00:00+00:00
[2024-09-22T11:18:17.479+0000] {processor.py:183} INFO - Processing /home/airflow/.local/lib/python3.12/site-packages/airflow/example_dags/example_branch_day_of_week_operator.py took 0.945 seconds
[2024-09-22T11:18:58.834+0000] {processor.py:161} INFO - Started process (PID=468) to work on /home/airflow/.local/lib/python3.12/site-packages/airflow/example_dags/example_branch_day_of_week_operator.py
[2024-09-22T11:18:59.091+0000] {processor.py:830} INFO - Processing file /home/airflow/.local/lib/python3.12/site-packages/airflow/example_dags/example_branch_day_of_week_operator.py for tasks to queue
[2024-09-22T11:18:59.092+0000] {logging_mixin.py:188} INFO - [2024-09-22T11:18:59.092+0000] {dagbag.py:545} INFO - Filling up the DagBag from /home/airflow/.local/lib/python3.12/site-packages/airflow/example_dags/example_branch_day_of_week_operator.py
[2024-09-22T11:18:59.120+0000] {processor.py:840} INFO - DAG(s) 'example_weekday_branch_operator' retrieved from /home/airflow/.local/lib/python3.12/site-packages/airflow/example_dags/example_branch_day_of_week_operator.py
[2024-09-22T11:18:59.241+0000] {logging_mixin.py:188} INFO - [2024-09-22T11:18:59.239+0000] {dag.py:3089} INFO - Sync 1 DAGs
[2024-09-22T11:18:59.394+0000] {logging_mixin.py:188} INFO - [2024-09-22T11:18:59.393+0000] {dag.py:3947} INFO - Setting next_dagrun for example_weekday_branch_operator to 2024-09-22 00:00:00+00:00, run_after=2024-09-23 00:00:00+00:00
[2024-09-22T11:18:59.721+0000] {processor.py:183} INFO - Processing /home/airflow/.local/lib/python3.12/site-packages/airflow/example_dags/example_branch_day_of_week_operator.py took 0.897 seconds
[2024-09-22T11:19:31.470+0000] {processor.py:161} INFO - Started process (PID=539) to work on /home/airflow/.local/lib/python3.12/site-packages/airflow/example_dags/example_branch_day_of_week_operator.py
[2024-09-22T11:19:31.858+0000] {processor.py:830} INFO - Processing file /home/airflow/.local/lib/python3.12/site-packages/airflow/example_dags/example_branch_day_of_week_operator.py for tasks to queue
[2024-09-22T11:19:31.860+0000] {logging_mixin.py:188} INFO - [2024-09-22T11:19:31.859+0000] {dagbag.py:545} INFO - Filling up the DagBag from /home/airflow/.local/lib/python3.12/site-packages/airflow/example_dags/example_branch_day_of_week_operator.py
[2024-09-22T11:19:31.878+0000] {processor.py:840} INFO - DAG(s) 'example_weekday_branch_operator' retrieved from /home/airflow/.local/lib/python3.12/site-packages/airflow/example_dags/example_branch_day_of_week_operator.py
[2024-09-22T11:19:31.923+0000] {logging_mixin.py:188} INFO - [2024-09-22T11:19:31.922+0000] {dag.py:3089} INFO - Sync 1 DAGs
[2024-09-22T11:19:31.961+0000] {logging_mixin.py:188} INFO - [2024-09-22T11:19:31.961+0000] {dag.py:3947} INFO - Setting next_dagrun for example_weekday_branch_operator to 2024-09-22 00:00:00+00:00, run_after=2024-09-23 00:00:00+00:00
[2024-09-22T11:19:34.025+0000] {processor.py:183} INFO - Processing /home/airflow/.local/lib/python3.12/site-packages/airflow/example_dags/example_branch_day_of_week_operator.py took 2.563 seconds
[2024-09-22T11:20:05.939+0000] {processor.py:161} INFO - Started process (PID=614) to work on /home/airflow/.local/lib/python3.12/site-packages/airflow/example_dags/example_branch_day_of_week_operator.py
[2024-09-22T11:20:06.177+0000] {processor.py:830} INFO - Processing file /home/airflow/.local/lib/python3.12/site-packages/airflow/example_dags/example_branch_day_of_week_operator.py for tasks to queue
[2024-09-22T11:20:06.179+0000] {logging_mixin.py:188} INFO - [2024-09-22T11:20:06.178+0000] {dagbag.py:545} INFO - Filling up the DagBag from /home/airflow/.local/lib/python3.12/site-packages/airflow/example_dags/example_branch_day_of_week_operator.py
[2024-09-22T11:20:06.228+0000] {processor.py:840} INFO - DAG(s) 'example_weekday_branch_operator' retrieved from /home/airflow/.local/lib/python3.12/site-packages/airflow/example_dags/example_branch_day_of_week_operator.py
[2024-09-22T11:20:06.318+0000] {logging_mixin.py:188} INFO - [2024-09-22T11:20:06.315+0000] {dag.py:3089} INFO - Sync 1 DAGs
[2024-09-22T11:20:06.407+0000] {logging_mixin.py:188} INFO - [2024-09-22T11:20:06.407+0000] {dag.py:3947} INFO - Setting next_dagrun for example_weekday_branch_operator to 2024-09-22 00:00:00+00:00, run_after=2024-09-23 00:00:00+00:00
[2024-09-22T11:20:06.750+0000] {processor.py:183} INFO - Processing /home/airflow/.local/lib/python3.12/site-packages/airflow/example_dags/example_branch_day_of_week_operator.py took 0.836 seconds
[2024-09-22T11:20:52.533+0000] {processor.py:161} INFO - Started process (PID=691) to work on /home/airflow/.local/lib/python3.12/site-packages/airflow/example_dags/example_branch_day_of_week_operator.py
[2024-09-22T11:20:52.793+0000] {processor.py:830} INFO - Processing file /home/airflow/.local/lib/python3.12/site-packages/airflow/example_dags/example_branch_day_of_week_operator.py for tasks to queue
[2024-09-22T11:20:52.796+0000] {logging_mixin.py:188} INFO - [2024-09-22T11:20:52.795+0000] {dagbag.py:545} INFO - Filling up the DagBag from /home/airflow/.local/lib/python3.12/site-packages/airflow/example_dags/example_branch_day_of_week_operator.py
[2024-09-22T11:20:52.818+0000] {processor.py:840} INFO - DAG(s) 'example_weekday_branch_operator' retrieved from /home/airflow/.local/lib/python3.12/site-packages/airflow/example_dags/example_branch_day_of_week_operator.py
[2024-09-22T11:20:52.863+0000] {logging_mixin.py:188} INFO - [2024-09-22T11:20:52.862+0000] {dag.py:3089} INFO - Sync 1 DAGs
[2024-09-22T11:20:52.908+0000] {logging_mixin.py:188} INFO - [2024-09-22T11:20:52.908+0000] {dag.py:3947} INFO - Setting next_dagrun for example_weekday_branch_operator to 2024-09-22 00:00:00+00:00, run_after=2024-09-23 00:00:00+00:00
[2024-09-22T11:20:53.488+0000] {processor.py:183} INFO - Processing /home/airflow/.local/lib/python3.12/site-packages/airflow/example_dags/example_branch_day_of_week_operator.py took 0.969 seconds
[2024-09-22T11:21:24.485+0000] {processor.py:161} INFO - Started process (PID=762) to work on /home/airflow/.local/lib/python3.12/site-packages/airflow/example_dags/example_branch_day_of_week_operator.py
[2024-09-22T11:21:24.629+0000] {processor.py:830} INFO - Processing file /home/airflow/.local/lib/python3.12/site-packages/airflow/example_dags/example_branch_day_of_week_operator.py for tasks to queue
[2024-09-22T11:21:24.630+0000] {logging_mixin.py:188} INFO - [2024-09-22T11:21:24.630+0000] {dagbag.py:545} INFO - Filling up the DagBag from /home/airflow/.local/lib/python3.12/site-packages/airflow/example_dags/example_branch_day_of_week_operator.py
[2024-09-22T11:21:24.655+0000] {processor.py:840} INFO - DAG(s) 'example_weekday_branch_operator' retrieved from /home/airflow/.local/lib/python3.12/site-packages/airflow/example_dags/example_branch_day_of_week_operator.py
[2024-09-22T11:21:24.793+0000] {logging_mixin.py:188} INFO - [2024-09-22T11:21:24.793+0000] {dag.py:3089} INFO - Sync 1 DAGs
[2024-09-22T11:21:24.893+0000] {logging_mixin.py:188} INFO - [2024-09-22T11:21:24.893+0000] {dag.py:3947} INFO - Setting next_dagrun for example_weekday_branch_operator to 2024-09-22 00:00:00+00:00, run_after=2024-09-23 00:00:00+00:00
[2024-09-22T11:21:25.218+0000] {processor.py:183} INFO - Processing /home/airflow/.local/lib/python3.12/site-packages/airflow/example_dags/example_branch_day_of_week_operator.py took 0.758 seconds
[2024-09-22T11:22:15.386+0000] {processor.py:161} INFO - Started process (PID=808) to work on /home/airflow/.local/lib/python3.12/site-packages/airflow/example_dags/example_branch_day_of_week_operator.py
[2024-09-22T11:22:15.594+0000] {processor.py:830} INFO - Processing file /home/airflow/.local/lib/python3.12/site-packages/airflow/example_dags/example_branch_day_of_week_operator.py for tasks to queue
[2024-09-22T11:22:15.596+0000] {logging_mixin.py:188} INFO - [2024-09-22T11:22:15.595+0000] {dagbag.py:545} INFO - Filling up the DagBag from /home/airflow/.local/lib/python3.12/site-packages/airflow/example_dags/example_branch_day_of_week_operator.py
[2024-09-22T11:22:15.609+0000] {processor.py:840} INFO - DAG(s) 'example_weekday_branch_operator' retrieved from /home/airflow/.local/lib/python3.12/site-packages/airflow/example_dags/example_branch_day_of_week_operator.py
[2024-09-22T11:22:15.656+0000] {logging_mixin.py:188} INFO - [2024-09-22T11:22:15.656+0000] {dag.py:3089} INFO - Sync 1 DAGs
[2024-09-22T11:22:15.703+0000] {logging_mixin.py:188} INFO - [2024-09-22T11:22:15.702+0000] {dag.py:3947} INFO - Setting next_dagrun for example_weekday_branch_operator to 2024-09-22 00:00:00+00:00, run_after=2024-09-23 00:00:00+00:00
[2024-09-22T11:22:16.231+0000] {processor.py:183} INFO - Processing /home/airflow/.local/lib/python3.12/site-packages/airflow/example_dags/example_branch_day_of_week_operator.py took 0.856 seconds
[2024-09-22T11:22:52.264+0000] {processor.py:161} INFO - Started process (PID=855) to work on /home/airflow/.local/lib/python3.12/site-packages/airflow/example_dags/example_branch_day_of_week_operator.py
[2024-09-22T11:22:52.311+0000] {processor.py:830} INFO - Processing file /home/airflow/.local/lib/python3.12/site-packages/airflow/example_dags/example_branch_day_of_week_operator.py for tasks to queue
[2024-09-22T11:22:52.313+0000] {logging_mixin.py:188} INFO - [2024-09-22T11:22:52.312+0000] {dagbag.py:545} INFO - Filling up the DagBag from /home/airflow/.local/lib/python3.12/site-packages/airflow/example_dags/example_branch_day_of_week_operator.py
[2024-09-22T11:22:52.339+0000] {processor.py:840} INFO - DAG(s) 'example_weekday_branch_operator' retrieved from /home/airflow/.local/lib/python3.12/site-packages/airflow/example_dags/example_branch_day_of_week_operator.py
[2024-09-22T11:22:52.390+0000] {logging_mixin.py:188} INFO - [2024-09-22T11:22:52.390+0000] {dag.py:3089} INFO - Sync 1 DAGs
[2024-09-22T11:22:52.436+0000] {logging_mixin.py:188} INFO - [2024-09-22T11:22:52.436+0000] {dag.py:3947} INFO - Setting next_dagrun for example_weekday_branch_operator to 2024-09-22 00:00:00+00:00, run_after=2024-09-23 00:00:00+00:00
[2024-09-22T11:22:53.650+0000] {processor.py:183} INFO - Processing /home/airflow/.local/lib/python3.12/site-packages/airflow/example_dags/example_branch_day_of_week_operator.py took 1.394 seconds
[2024-09-22T11:23:23.733+0000] {processor.py:161} INFO - Started process (PID=908) to work on /home/airflow/.local/lib/python3.12/site-packages/airflow/example_dags/example_branch_day_of_week_operator.py
[2024-09-22T11:23:23.734+0000] {processor.py:830} INFO - Processing file /home/airflow/.local/lib/python3.12/site-packages/airflow/example_dags/example_branch_day_of_week_operator.py for tasks to queue
[2024-09-22T11:23:23.736+0000] {logging_mixin.py:188} INFO - [2024-09-22T11:23:23.735+0000] {dagbag.py:545} INFO - Filling up the DagBag from /home/airflow/.local/lib/python3.12/site-packages/airflow/example_dags/example_branch_day_of_week_operator.py
[2024-09-22T11:23:23.966+0000] {processor.py:840} INFO - DAG(s) 'example_weekday_branch_operator' retrieved from /home/airflow/.local/lib/python3.12/site-packages/airflow/example_dags/example_branch_day_of_week_operator.py
[2024-09-22T11:23:24.023+0000] {logging_mixin.py:188} INFO - [2024-09-22T11:23:24.023+0000] {dag.py:3089} INFO - Sync 1 DAGs
[2024-09-22T11:23:24.101+0000] {logging_mixin.py:188} INFO - [2024-09-22T11:23:24.100+0000] {dag.py:3947} INFO - Setting next_dagrun for example_weekday_branch_operator to 2024-09-22 00:00:00+00:00, run_after=2024-09-23 00:00:00+00:00
[2024-09-22T11:23:24.656+0000] {processor.py:183} INFO - Processing /home/airflow/.local/lib/python3.12/site-packages/airflow/example_dags/example_branch_day_of_week_operator.py took 0.937 seconds
[2024-09-22T11:24:08.722+0000] {processor.py:161} INFO - Started process (PID=943) to work on /home/airflow/.local/lib/python3.12/site-packages/airflow/example_dags/example_branch_day_of_week_operator.py
[2024-09-22T11:24:09.083+0000] {processor.py:830} INFO - Processing file /home/airflow/.local/lib/python3.12/site-packages/airflow/example_dags/example_branch_day_of_week_operator.py for tasks to queue
[2024-09-22T11:24:09.085+0000] {logging_mixin.py:188} INFO - [2024-09-22T11:24:09.084+0000] {dagbag.py:545} INFO - Filling up the DagBag from /home/airflow/.local/lib/python3.12/site-packages/airflow/example_dags/example_branch_day_of_week_operator.py
[2024-09-22T11:24:09.096+0000] {processor.py:840} INFO - DAG(s) 'example_weekday_branch_operator' retrieved from /home/airflow/.local/lib/python3.12/site-packages/airflow/example_dags/example_branch_day_of_week_operator.py
[2024-09-22T11:24:09.125+0000] {logging_mixin.py:188} INFO - [2024-09-22T11:24:09.125+0000] {dag.py:3089} INFO - Sync 1 DAGs
[2024-09-22T11:24:09.153+0000] {logging_mixin.py:188} INFO - [2024-09-22T11:24:09.153+0000] {dag.py:3947} INFO - Setting next_dagrun for example_weekday_branch_operator to 2024-09-22 00:00:00+00:00, run_after=2024-09-23 00:00:00+00:00
[2024-09-22T11:24:09.642+0000] {processor.py:183} INFO - Processing /home/airflow/.local/lib/python3.12/site-packages/airflow/example_dags/example_branch_day_of_week_operator.py took 0.933 seconds
[2024-09-22T11:24:49.433+0000] {processor.py:161} INFO - Started process (PID=997) to work on /home/airflow/.local/lib/python3.12/site-packages/airflow/example_dags/example_branch_day_of_week_operator.py
[2024-09-22T11:24:49.944+0000] {processor.py:830} INFO - Processing file /home/airflow/.local/lib/python3.12/site-packages/airflow/example_dags/example_branch_day_of_week_operator.py for tasks to queue
[2024-09-22T11:24:49.946+0000] {logging_mixin.py:188} INFO - [2024-09-22T11:24:49.945+0000] {dagbag.py:545} INFO - Filling up the DagBag from /home/airflow/.local/lib/python3.12/site-packages/airflow/example_dags/example_branch_day_of_week_operator.py
[2024-09-22T11:24:49.969+0000] {processor.py:840} INFO - DAG(s) 'example_weekday_branch_operator' retrieved from /home/airflow/.local/lib/python3.12/site-packages/airflow/example_dags/example_branch_day_of_week_operator.py
[2024-09-22T11:24:50.045+0000] {logging_mixin.py:188} INFO - [2024-09-22T11:24:50.044+0000] {dag.py:3089} INFO - Sync 1 DAGs
[2024-09-22T11:24:50.101+0000] {logging_mixin.py:188} INFO - [2024-09-22T11:24:50.100+0000] {dag.py:3947} INFO - Setting next_dagrun for example_weekday_branch_operator to 2024-09-22 00:00:00+00:00, run_after=2024-09-23 00:00:00+00:00
[2024-09-22T11:24:50.548+0000] {processor.py:183} INFO - Processing /home/airflow/.local/lib/python3.12/site-packages/airflow/example_dags/example_branch_day_of_week_operator.py took 1.133 seconds
[2024-09-22T11:25:33.905+0000] {processor.py:161} INFO - Started process (PID=1038) to work on /home/airflow/.local/lib/python3.12/site-packages/airflow/example_dags/example_branch_day_of_week_operator.py
[2024-09-22T11:25:34.467+0000] {processor.py:830} INFO - Processing file /home/airflow/.local/lib/python3.12/site-packages/airflow/example_dags/example_branch_day_of_week_operator.py for tasks to queue
[2024-09-22T11:25:34.470+0000] {logging_mixin.py:188} INFO - [2024-09-22T11:25:34.469+0000] {dagbag.py:545} INFO - Filling up the DagBag from /home/airflow/.local/lib/python3.12/site-packages/airflow/example_dags/example_branch_day_of_week_operator.py
[2024-09-22T11:25:34.494+0000] {processor.py:840} INFO - DAG(s) 'example_weekday_branch_operator' retrieved from /home/airflow/.local/lib/python3.12/site-packages/airflow/example_dags/example_branch_day_of_week_operator.py
[2024-09-22T11:25:34.541+0000] {logging_mixin.py:188} INFO - [2024-09-22T11:25:34.540+0000] {dag.py:3089} INFO - Sync 1 DAGs
[2024-09-22T11:25:34.594+0000] {logging_mixin.py:188} INFO - [2024-09-22T11:25:34.594+0000] {dag.py:3947} INFO - Setting next_dagrun for example_weekday_branch_operator to 2024-09-22 00:00:00+00:00, run_after=2024-09-23 00:00:00+00:00
[2024-09-22T11:25:34.922+0000] {processor.py:183} INFO - Processing /home/airflow/.local/lib/python3.12/site-packages/airflow/example_dags/example_branch_day_of_week_operator.py took 1.029 seconds
[2024-09-22T11:26:21.482+0000] {processor.py:161} INFO - Started process (PID=1075) to work on /home/airflow/.local/lib/python3.12/site-packages/airflow/example_dags/example_branch_day_of_week_operator.py
[2024-09-22T11:26:21.594+0000] {processor.py:830} INFO - Processing file /home/airflow/.local/lib/python3.12/site-packages/airflow/example_dags/example_branch_day_of_week_operator.py for tasks to queue
[2024-09-22T11:26:21.597+0000] {logging_mixin.py:188} INFO - [2024-09-22T11:26:21.596+0000] {dagbag.py:545} INFO - Filling up the DagBag from /home/airflow/.local/lib/python3.12/site-packages/airflow/example_dags/example_branch_day_of_week_operator.py
[2024-09-22T11:26:21.617+0000] {processor.py:840} INFO - DAG(s) 'example_weekday_branch_operator' retrieved from /home/airflow/.local/lib/python3.12/site-packages/airflow/example_dags/example_branch_day_of_week_operator.py
[2024-09-22T11:26:21.665+0000] {logging_mixin.py:188} INFO - [2024-09-22T11:26:21.664+0000] {dag.py:3089} INFO - Sync 1 DAGs
[2024-09-22T11:26:21.708+0000] {logging_mixin.py:188} INFO - [2024-09-22T11:26:21.708+0000] {dag.py:3947} INFO - Setting next_dagrun for example_weekday_branch_operator to 2024-09-22 00:00:00+00:00, run_after=2024-09-23 00:00:00+00:00
[2024-09-22T11:26:21.919+0000] {processor.py:183} INFO - Processing /home/airflow/.local/lib/python3.12/site-packages/airflow/example_dags/example_branch_day_of_week_operator.py took 0.452 seconds
[2024-09-22T11:28:02.772+0000] {processor.py:161} INFO - Started process (PID=1144) to work on /home/airflow/.local/lib/python3.12/site-packages/airflow/example_dags/example_branch_day_of_week_operator.py
[2024-09-22T11:28:02.900+0000] {processor.py:830} INFO - Processing file /home/airflow/.local/lib/python3.12/site-packages/airflow/example_dags/example_branch_day_of_week_operator.py for tasks to queue
[2024-09-22T11:28:02.902+0000] {logging_mixin.py:188} INFO - [2024-09-22T11:28:02.901+0000] {dagbag.py:545} INFO - Filling up the DagBag from /home/airflow/.local/lib/python3.12/site-packages/airflow/example_dags/example_branch_day_of_week_operator.py
[2024-09-22T11:28:02.939+0000] {processor.py:840} INFO - DAG(s) 'example_weekday_branch_operator' retrieved from /home/airflow/.local/lib/python3.12/site-packages/airflow/example_dags/example_branch_day_of_week_operator.py
[2024-09-22T11:28:03.000+0000] {logging_mixin.py:188} INFO - [2024-09-22T11:28:02.999+0000] {dag.py:3089} INFO - Sync 1 DAGs
[2024-09-22T11:28:03.068+0000] {logging_mixin.py:188} INFO - [2024-09-22T11:28:03.067+0000] {dag.py:3947} INFO - Setting next_dagrun for example_weekday_branch_operator to 2024-09-22 00:00:00+00:00, run_after=2024-09-23 00:00:00+00:00
[2024-09-22T11:28:03.340+0000] {processor.py:183} INFO - Processing /home/airflow/.local/lib/python3.12/site-packages/airflow/example_dags/example_branch_day_of_week_operator.py took 0.578 seconds
[2024-09-22T11:28:35.776+0000] {processor.py:161} INFO - Started process (PID=1216) to work on /home/airflow/.local/lib/python3.12/site-packages/airflow/example_dags/example_branch_day_of_week_operator.py
[2024-09-22T11:28:36.019+0000] {processor.py:830} INFO - Processing file /home/airflow/.local/lib/python3.12/site-packages/airflow/example_dags/example_branch_day_of_week_operator.py for tasks to queue
[2024-09-22T11:28:36.021+0000] {logging_mixin.py:188} INFO - [2024-09-22T11:28:36.020+0000] {dagbag.py:545} INFO - Filling up the DagBag from /home/airflow/.local/lib/python3.12/site-packages/airflow/example_dags/example_branch_day_of_week_operator.py
[2024-09-22T11:28:36.034+0000] {processor.py:840} INFO - DAG(s) 'example_weekday_branch_operator' retrieved from /home/airflow/.local/lib/python3.12/site-packages/airflow/example_dags/example_branch_day_of_week_operator.py
[2024-09-22T11:28:36.069+0000] {logging_mixin.py:188} INFO - [2024-09-22T11:28:36.069+0000] {dag.py:3089} INFO - Sync 1 DAGs
[2024-09-22T11:28:36.107+0000] {logging_mixin.py:188} INFO - [2024-09-22T11:28:36.107+0000] {dag.py:3947} INFO - Setting next_dagrun for example_weekday_branch_operator to 2024-09-22 00:00:00+00:00, run_after=2024-09-23 00:00:00+00:00
[2024-09-22T11:28:37.029+0000] {processor.py:183} INFO - Processing /home/airflow/.local/lib/python3.12/site-packages/airflow/example_dags/example_branch_day_of_week_operator.py took 1.270 seconds
[2024-09-22T11:29:12.000+0000] {processor.py:161} INFO - Started process (PID=1279) to work on /home/airflow/.local/lib/python3.12/site-packages/airflow/example_dags/example_branch_day_of_week_operator.py
[2024-09-22T11:29:12.120+0000] {processor.py:830} INFO - Processing file /home/airflow/.local/lib/python3.12/site-packages/airflow/example_dags/example_branch_day_of_week_operator.py for tasks to queue
[2024-09-22T11:29:12.122+0000] {logging_mixin.py:188} INFO - [2024-09-22T11:29:12.121+0000] {dagbag.py:545} INFO - Filling up the DagBag from /home/airflow/.local/lib/python3.12/site-packages/airflow/example_dags/example_branch_day_of_week_operator.py
[2024-09-22T11:29:12.156+0000] {processor.py:840} INFO - DAG(s) 'example_weekday_branch_operator' retrieved from /home/airflow/.local/lib/python3.12/site-packages/airflow/example_dags/example_branch_day_of_week_operator.py
[2024-09-22T11:29:12.201+0000] {logging_mixin.py:188} INFO - [2024-09-22T11:29:12.201+0000] {dag.py:3089} INFO - Sync 1 DAGs
[2024-09-22T11:29:12.287+0000] {logging_mixin.py:188} INFO - [2024-09-22T11:29:12.284+0000] {dag.py:3947} INFO - Setting next_dagrun for example_weekday_branch_operator to 2024-09-22 00:00:00+00:00, run_after=2024-09-23 00:00:00+00:00
[2024-09-22T11:29:12.720+0000] {processor.py:183} INFO - Processing /home/airflow/.local/lib/python3.12/site-packages/airflow/example_dags/example_branch_day_of_week_operator.py took 0.730 seconds
[2024-09-22T11:29:43.387+0000] {processor.py:161} INFO - Started process (PID=1345) to work on /home/airflow/.local/lib/python3.12/site-packages/airflow/example_dags/example_branch_day_of_week_operator.py
[2024-09-22T11:29:43.470+0000] {processor.py:830} INFO - Processing file /home/airflow/.local/lib/python3.12/site-packages/airflow/example_dags/example_branch_day_of_week_operator.py for tasks to queue
[2024-09-22T11:29:43.471+0000] {logging_mixin.py:188} INFO - [2024-09-22T11:29:43.470+0000] {dagbag.py:545} INFO - Filling up the DagBag from /home/airflow/.local/lib/python3.12/site-packages/airflow/example_dags/example_branch_day_of_week_operator.py
[2024-09-22T11:29:43.491+0000] {processor.py:840} INFO - DAG(s) 'example_weekday_branch_operator' retrieved from /home/airflow/.local/lib/python3.12/site-packages/airflow/example_dags/example_branch_day_of_week_operator.py
[2024-09-22T11:29:43.533+0000] {logging_mixin.py:188} INFO - [2024-09-22T11:29:43.532+0000] {dag.py:3089} INFO - Sync 1 DAGs
[2024-09-22T11:29:43.589+0000] {logging_mixin.py:188} INFO - [2024-09-22T11:29:43.589+0000] {dag.py:3947} INFO - Setting next_dagrun for example_weekday_branch_operator to 2024-09-22 00:00:00+00:00, run_after=2024-09-23 00:00:00+00:00
[2024-09-22T11:29:43.833+0000] {processor.py:183} INFO - Processing /home/airflow/.local/lib/python3.12/site-packages/airflow/example_dags/example_branch_day_of_week_operator.py took 0.486 seconds
[2024-09-22T11:30:14.021+0000] {processor.py:161} INFO - Started process (PID=1407) to work on /home/airflow/.local/lib/python3.12/site-packages/airflow/example_dags/example_branch_day_of_week_operator.py
[2024-09-22T11:30:14.023+0000] {processor.py:830} INFO - Processing file /home/airflow/.local/lib/python3.12/site-packages/airflow/example_dags/example_branch_day_of_week_operator.py for tasks to queue
[2024-09-22T11:30:14.025+0000] {logging_mixin.py:188} INFO - [2024-09-22T11:30:14.024+0000] {dagbag.py:545} INFO - Filling up the DagBag from /home/airflow/.local/lib/python3.12/site-packages/airflow/example_dags/example_branch_day_of_week_operator.py
[2024-09-22T11:30:14.042+0000] {processor.py:840} INFO - DAG(s) 'example_weekday_branch_operator' retrieved from /home/airflow/.local/lib/python3.12/site-packages/airflow/example_dags/example_branch_day_of_week_operator.py
[2024-09-22T11:30:14.090+0000] {logging_mixin.py:188} INFO - [2024-09-22T11:30:14.089+0000] {dag.py:3089} INFO - Sync 1 DAGs
[2024-09-22T11:30:14.140+0000] {logging_mixin.py:188} INFO - [2024-09-22T11:30:14.140+0000] {dag.py:3947} INFO - Setting next_dagrun for example_weekday_branch_operator to 2024-09-22 00:00:00+00:00, run_after=2024-09-23 00:00:00+00:00
[2024-09-22T11:30:14.814+0000] {processor.py:183} INFO - Processing /home/airflow/.local/lib/python3.12/site-packages/airflow/example_dags/example_branch_day_of_week_operator.py took 0.807 seconds
[2024-09-22T11:30:45.791+0000] {processor.py:161} INFO - Started process (PID=1477) to work on /home/airflow/.local/lib/python3.12/site-packages/airflow/example_dags/example_branch_day_of_week_operator.py
[2024-09-22T11:30:45.793+0000] {processor.py:830} INFO - Processing file /home/airflow/.local/lib/python3.12/site-packages/airflow/example_dags/example_branch_day_of_week_operator.py for tasks to queue
[2024-09-22T11:30:45.794+0000] {logging_mixin.py:188} INFO - [2024-09-22T11:30:45.793+0000] {dagbag.py:545} INFO - Filling up the DagBag from /home/airflow/.local/lib/python3.12/site-packages/airflow/example_dags/example_branch_day_of_week_operator.py
[2024-09-22T11:30:45.811+0000] {processor.py:840} INFO - DAG(s) 'example_weekday_branch_operator' retrieved from /home/airflow/.local/lib/python3.12/site-packages/airflow/example_dags/example_branch_day_of_week_operator.py
[2024-09-22T11:30:45.850+0000] {logging_mixin.py:188} INFO - [2024-09-22T11:30:45.850+0000] {dag.py:3089} INFO - Sync 1 DAGs
[2024-09-22T11:30:45.890+0000] {logging_mixin.py:188} INFO - [2024-09-22T11:30:45.890+0000] {dag.py:3947} INFO - Setting next_dagrun for example_weekday_branch_operator to 2024-09-22 00:00:00+00:00, run_after=2024-09-23 00:00:00+00:00
[2024-09-22T11:30:46.082+0000] {processor.py:183} INFO - Processing /home/airflow/.local/lib/python3.12/site-packages/airflow/example_dags/example_branch_day_of_week_operator.py took 0.312 seconds
[2024-09-22T11:31:17.163+0000] {processor.py:161} INFO - Started process (PID=1524) to work on /home/airflow/.local/lib/python3.12/site-packages/airflow/example_dags/example_branch_day_of_week_operator.py
[2024-09-22T11:31:17.167+0000] {processor.py:830} INFO - Processing file /home/airflow/.local/lib/python3.12/site-packages/airflow/example_dags/example_branch_day_of_week_operator.py for tasks to queue
[2024-09-22T11:31:17.173+0000] {logging_mixin.py:188} INFO - [2024-09-22T11:31:17.171+0000] {dagbag.py:545} INFO - Filling up the DagBag from /home/airflow/.local/lib/python3.12/site-packages/airflow/example_dags/example_branch_day_of_week_operator.py
[2024-09-22T11:31:17.276+0000] {processor.py:840} INFO - DAG(s) 'example_weekday_branch_operator' retrieved from /home/airflow/.local/lib/python3.12/site-packages/airflow/example_dags/example_branch_day_of_week_operator.py
[2024-09-22T11:31:17.673+0000] {logging_mixin.py:188} INFO - [2024-09-22T11:31:17.668+0000] {dag.py:3089} INFO - Sync 1 DAGs
[2024-09-22T11:31:17.944+0000] {logging_mixin.py:188} INFO - [2024-09-22T11:31:17.943+0000] {dag.py:3947} INFO - Setting next_dagrun for example_weekday_branch_operator to 2024-09-22 00:00:00+00:00, run_after=2024-09-23 00:00:00+00:00
[2024-09-22T11:31:18.166+0000] {processor.py:183} INFO - Processing /home/airflow/.local/lib/python3.12/site-packages/airflow/example_dags/example_branch_day_of_week_operator.py took 1.034 seconds
[2024-09-22T11:32:37.854+0000] {processor.py:161} INFO - Started process (PID=1607) to work on /home/airflow/.local/lib/python3.12/site-packages/airflow/example_dags/example_branch_day_of_week_operator.py
[2024-09-22T11:32:38.041+0000] {processor.py:830} INFO - Processing file /home/airflow/.local/lib/python3.12/site-packages/airflow/example_dags/example_branch_day_of_week_operator.py for tasks to queue
[2024-09-22T11:32:38.235+0000] {logging_mixin.py:188} INFO - [2024-09-22T11:32:38.042+0000] {dagbag.py:545} INFO - Filling up the DagBag from /home/airflow/.local/lib/python3.12/site-packages/airflow/example_dags/example_branch_day_of_week_operator.py
[2024-09-22T11:32:40.283+0000] {processor.py:840} INFO - DAG(s) 'example_weekday_branch_operator' retrieved from /home/airflow/.local/lib/python3.12/site-packages/airflow/example_dags/example_branch_day_of_week_operator.py
[2024-09-22T11:32:42.629+0000] {logging_mixin.py:188} INFO - [2024-09-22T11:32:42.628+0000] {dag.py:3089} INFO - Sync 1 DAGs
[2024-09-22T11:32:44.571+0000] {logging_mixin.py:188} INFO - [2024-09-22T11:32:44.570+0000] {dag.py:3947} INFO - Setting next_dagrun for example_weekday_branch_operator to 2024-09-22 00:00:00+00:00, run_after=2024-09-23 00:00:00+00:00
[2024-09-22T11:32:44.802+0000] {processor.py:183} INFO - Processing /home/airflow/.local/lib/python3.12/site-packages/airflow/example_dags/example_branch_day_of_week_operator.py took 8.577 seconds
[2024-09-22T11:33:18.462+0000] {processor.py:161} INFO - Started process (PID=1682) to work on /home/airflow/.local/lib/python3.12/site-packages/airflow/example_dags/example_branch_day_of_week_operator.py
[2024-09-22T11:33:18.624+0000] {processor.py:830} INFO - Processing file /home/airflow/.local/lib/python3.12/site-packages/airflow/example_dags/example_branch_day_of_week_operator.py for tasks to queue
[2024-09-22T11:33:18.628+0000] {logging_mixin.py:188} INFO - [2024-09-22T11:33:18.626+0000] {dagbag.py:545} INFO - Filling up the DagBag from /home/airflow/.local/lib/python3.12/site-packages/airflow/example_dags/example_branch_day_of_week_operator.py
[2024-09-22T11:33:18.670+0000] {processor.py:840} INFO - DAG(s) 'example_weekday_branch_operator' retrieved from /home/airflow/.local/lib/python3.12/site-packages/airflow/example_dags/example_branch_day_of_week_operator.py
[2024-09-22T11:33:19.158+0000] {logging_mixin.py:188} INFO - [2024-09-22T11:33:19.155+0000] {dag.py:3089} INFO - Sync 1 DAGs
[2024-09-22T11:33:19.702+0000] {logging_mixin.py:188} INFO - [2024-09-22T11:33:19.700+0000] {dag.py:3947} INFO - Setting next_dagrun for example_weekday_branch_operator to 2024-09-22 00:00:00+00:00, run_after=2024-09-23 00:00:00+00:00
[2024-09-22T11:33:20.255+0000] {processor.py:183} INFO - Processing /home/airflow/.local/lib/python3.12/site-packages/airflow/example_dags/example_branch_day_of_week_operator.py took 1.803 seconds
[2024-09-22T11:33:50.991+0000] {processor.py:161} INFO - Started process (PID=1747) to work on /home/airflow/.local/lib/python3.12/site-packages/airflow/example_dags/example_branch_day_of_week_operator.py
[2024-09-22T11:33:51.104+0000] {processor.py:830} INFO - Processing file /home/airflow/.local/lib/python3.12/site-packages/airflow/example_dags/example_branch_day_of_week_operator.py for tasks to queue
[2024-09-22T11:33:51.105+0000] {logging_mixin.py:188} INFO - [2024-09-22T11:33:51.105+0000] {dagbag.py:545} INFO - Filling up the DagBag from /home/airflow/.local/lib/python3.12/site-packages/airflow/example_dags/example_branch_day_of_week_operator.py
[2024-09-22T11:33:51.120+0000] {processor.py:840} INFO - DAG(s) 'example_weekday_branch_operator' retrieved from /home/airflow/.local/lib/python3.12/site-packages/airflow/example_dags/example_branch_day_of_week_operator.py
[2024-09-22T11:33:51.155+0000] {logging_mixin.py:188} INFO - [2024-09-22T11:33:51.155+0000] {dag.py:3089} INFO - Sync 1 DAGs
[2024-09-22T11:33:51.191+0000] {logging_mixin.py:188} INFO - [2024-09-22T11:33:51.190+0000] {dag.py:3947} INFO - Setting next_dagrun for example_weekday_branch_operator to 2024-09-22 00:00:00+00:00, run_after=2024-09-23 00:00:00+00:00
[2024-09-22T11:33:51.504+0000] {processor.py:183} INFO - Processing /home/airflow/.local/lib/python3.12/site-packages/airflow/example_dags/example_branch_day_of_week_operator.py took 0.523 seconds
[2024-09-22T11:34:22.868+0000] {processor.py:161} INFO - Started process (PID=1808) to work on /home/airflow/.local/lib/python3.12/site-packages/airflow/example_dags/example_branch_day_of_week_operator.py
[2024-09-22T11:34:22.870+0000] {processor.py:830} INFO - Processing file /home/airflow/.local/lib/python3.12/site-packages/airflow/example_dags/example_branch_day_of_week_operator.py for tasks to queue
[2024-09-22T11:34:22.872+0000] {logging_mixin.py:188} INFO - [2024-09-22T11:34:22.871+0000] {dagbag.py:545} INFO - Filling up the DagBag from /home/airflow/.local/lib/python3.12/site-packages/airflow/example_dags/example_branch_day_of_week_operator.py
[2024-09-22T11:34:22.893+0000] {processor.py:840} INFO - DAG(s) 'example_weekday_branch_operator' retrieved from /home/airflow/.local/lib/python3.12/site-packages/airflow/example_dags/example_branch_day_of_week_operator.py
[2024-09-22T11:34:22.957+0000] {logging_mixin.py:188} INFO - [2024-09-22T11:34:22.956+0000] {dag.py:3089} INFO - Sync 1 DAGs
[2024-09-22T11:34:23.034+0000] {logging_mixin.py:188} INFO - [2024-09-22T11:34:23.034+0000] {dag.py:3947} INFO - Setting next_dagrun for example_weekday_branch_operator to 2024-09-22 00:00:00+00:00, run_after=2024-09-23 00:00:00+00:00
[2024-09-22T11:34:23.550+0000] {processor.py:183} INFO - Processing /home/airflow/.local/lib/python3.12/site-packages/airflow/example_dags/example_branch_day_of_week_operator.py took 0.698 seconds
[2024-09-22T11:34:57.962+0000] {processor.py:161} INFO - Started process (PID=1873) to work on /home/airflow/.local/lib/python3.12/site-packages/airflow/example_dags/example_branch_day_of_week_operator.py
[2024-09-22T11:34:58.643+0000] {processor.py:830} INFO - Processing file /home/airflow/.local/lib/python3.12/site-packages/airflow/example_dags/example_branch_day_of_week_operator.py for tasks to queue
[2024-09-22T11:34:58.647+0000] {logging_mixin.py:188} INFO - [2024-09-22T11:34:58.645+0000] {dagbag.py:545} INFO - Filling up the DagBag from /home/airflow/.local/lib/python3.12/site-packages/airflow/example_dags/example_branch_day_of_week_operator.py
[2024-09-22T11:34:58.684+0000] {processor.py:840} INFO - DAG(s) 'example_weekday_branch_operator' retrieved from /home/airflow/.local/lib/python3.12/site-packages/airflow/example_dags/example_branch_day_of_week_operator.py
[2024-09-22T11:34:58.769+0000] {logging_mixin.py:188} INFO - [2024-09-22T11:34:58.768+0000] {dag.py:3089} INFO - Sync 1 DAGs
[2024-09-22T11:34:58.835+0000] {logging_mixin.py:188} INFO - [2024-09-22T11:34:58.834+0000] {dag.py:3947} INFO - Setting next_dagrun for example_weekday_branch_operator to 2024-09-22 00:00:00+00:00, run_after=2024-09-23 00:00:00+00:00
[2024-09-22T11:34:59.169+0000] {processor.py:183} INFO - Processing /home/airflow/.local/lib/python3.12/site-packages/airflow/example_dags/example_branch_day_of_week_operator.py took 1.221 seconds
[2024-09-22T11:35:35.878+0000] {processor.py:161} INFO - Started process (PID=1936) to work on /home/airflow/.local/lib/python3.12/site-packages/airflow/example_dags/example_branch_day_of_week_operator.py
[2024-09-22T11:35:35.881+0000] {processor.py:830} INFO - Processing file /home/airflow/.local/lib/python3.12/site-packages/airflow/example_dags/example_branch_day_of_week_operator.py for tasks to queue
[2024-09-22T11:35:35.889+0000] {logging_mixin.py:188} INFO - [2024-09-22T11:35:35.888+0000] {dagbag.py:545} INFO - Filling up the DagBag from /home/airflow/.local/lib/python3.12/site-packages/airflow/example_dags/example_branch_day_of_week_operator.py
[2024-09-22T11:35:36.032+0000] {processor.py:840} INFO - DAG(s) 'example_weekday_branch_operator' retrieved from /home/airflow/.local/lib/python3.12/site-packages/airflow/example_dags/example_branch_day_of_week_operator.py
[2024-09-22T11:35:36.411+0000] {logging_mixin.py:188} INFO - [2024-09-22T11:35:36.407+0000] {dag.py:3089} INFO - Sync 1 DAGs
[2024-09-22T11:35:36.714+0000] {logging_mixin.py:188} INFO - [2024-09-22T11:35:36.712+0000] {dag.py:3947} INFO - Setting next_dagrun for example_weekday_branch_operator to 2024-09-22 00:00:00+00:00, run_after=2024-09-23 00:00:00+00:00
[2024-09-22T11:35:37.480+0000] {processor.py:183} INFO - Processing /home/airflow/.local/lib/python3.12/site-packages/airflow/example_dags/example_branch_day_of_week_operator.py took 1.666 seconds
[2024-09-22T11:36:08.971+0000] {processor.py:161} INFO - Started process (PID=2015) to work on /home/airflow/.local/lib/python3.12/site-packages/airflow/example_dags/example_branch_day_of_week_operator.py
[2024-09-22T11:36:08.981+0000] {processor.py:830} INFO - Processing file /home/airflow/.local/lib/python3.12/site-packages/airflow/example_dags/example_branch_day_of_week_operator.py for tasks to queue
[2024-09-22T11:36:08.997+0000] {logging_mixin.py:188} INFO - [2024-09-22T11:36:08.991+0000] {dagbag.py:545} INFO - Filling up the DagBag from /home/airflow/.local/lib/python3.12/site-packages/airflow/example_dags/example_branch_day_of_week_operator.py
[2024-09-22T11:36:09.092+0000] {processor.py:840} INFO - DAG(s) 'example_weekday_branch_operator' retrieved from /home/airflow/.local/lib/python3.12/site-packages/airflow/example_dags/example_branch_day_of_week_operator.py
[2024-09-22T11:36:09.258+0000] {logging_mixin.py:188} INFO - [2024-09-22T11:36:09.258+0000] {dag.py:3089} INFO - Sync 1 DAGs
[2024-09-22T11:36:09.392+0000] {logging_mixin.py:188} INFO - [2024-09-22T11:36:09.392+0000] {dag.py:3947} INFO - Setting next_dagrun for example_weekday_branch_operator to 2024-09-22 00:00:00+00:00, run_after=2024-09-23 00:00:00+00:00
[2024-09-22T11:36:09.945+0000] {processor.py:183} INFO - Processing /home/airflow/.local/lib/python3.12/site-packages/airflow/example_dags/example_branch_day_of_week_operator.py took 1.389 seconds
[2024-09-22T11:37:54.485+0000] {processor.py:161} INFO - Started process (PID=2067) to work on /home/airflow/.local/lib/python3.12/site-packages/airflow/example_dags/example_branch_day_of_week_operator.py
[2024-09-22T11:37:54.580+0000] {processor.py:830} INFO - Processing file /home/airflow/.local/lib/python3.12/site-packages/airflow/example_dags/example_branch_day_of_week_operator.py for tasks to queue
[2024-09-22T11:37:54.582+0000] {logging_mixin.py:188} INFO - [2024-09-22T11:37:54.581+0000] {dagbag.py:545} INFO - Filling up the DagBag from /home/airflow/.local/lib/python3.12/site-packages/airflow/example_dags/example_branch_day_of_week_operator.py
[2024-09-22T11:37:54.976+0000] {processor.py:840} INFO - DAG(s) 'example_weekday_branch_operator' retrieved from /home/airflow/.local/lib/python3.12/site-packages/airflow/example_dags/example_branch_day_of_week_operator.py
[2024-09-22T11:37:55.016+0000] {logging_mixin.py:188} INFO - [2024-09-22T11:37:55.015+0000] {dag.py:3089} INFO - Sync 1 DAGs
[2024-09-22T11:37:55.062+0000] {logging_mixin.py:188} INFO - [2024-09-22T11:37:55.061+0000] {dag.py:3947} INFO - Setting next_dagrun for example_weekday_branch_operator to 2024-09-22 00:00:00+00:00, run_after=2024-09-23 00:00:00+00:00
[2024-09-22T11:41:26.043+0000] {processor.py:161} INFO - Started process (PID=2174) to work on /home/airflow/.local/lib/python3.12/site-packages/airflow/example_dags/example_branch_day_of_week_operator.py
[2024-09-22T11:41:26.256+0000] {processor.py:830} INFO - Processing file /home/airflow/.local/lib/python3.12/site-packages/airflow/example_dags/example_branch_day_of_week_operator.py for tasks to queue
[2024-09-22T11:41:26.258+0000] {logging_mixin.py:188} INFO - [2024-09-22T11:41:26.257+0000] {dagbag.py:545} INFO - Filling up the DagBag from /home/airflow/.local/lib/python3.12/site-packages/airflow/example_dags/example_branch_day_of_week_operator.py
[2024-09-22T11:41:26.281+0000] {processor.py:840} INFO - DAG(s) 'example_weekday_branch_operator' retrieved from /home/airflow/.local/lib/python3.12/site-packages/airflow/example_dags/example_branch_day_of_week_operator.py
[2024-09-22T11:41:27.783+0000] {logging_mixin.py:188} INFO - [2024-09-22T11:41:27.783+0000] {dag.py:3089} INFO - Sync 1 DAGs
[2024-09-22T11:41:27.807+0000] {logging_mixin.py:188} INFO - [2024-09-22T11:41:27.807+0000] {dag.py:3947} INFO - Setting next_dagrun for example_weekday_branch_operator to 2024-09-22 00:00:00+00:00, run_after=2024-09-23 00:00:00+00:00
[2024-09-22T11:41:29.261+0000] {processor.py:183} INFO - Processing /home/airflow/.local/lib/python3.12/site-packages/airflow/example_dags/example_branch_day_of_week_operator.py took 3.226 seconds
[2024-09-22T11:42:04.879+0000] {processor.py:161} INFO - Started process (PID=2236) to work on /home/airflow/.local/lib/python3.12/site-packages/airflow/example_dags/example_branch_day_of_week_operator.py
[2024-09-22T11:42:04.917+0000] {processor.py:830} INFO - Processing file /home/airflow/.local/lib/python3.12/site-packages/airflow/example_dags/example_branch_day_of_week_operator.py for tasks to queue
[2024-09-22T11:42:04.918+0000] {logging_mixin.py:188} INFO - [2024-09-22T11:42:04.918+0000] {dagbag.py:545} INFO - Filling up the DagBag from /home/airflow/.local/lib/python3.12/site-packages/airflow/example_dags/example_branch_day_of_week_operator.py
[2024-09-22T11:42:04.934+0000] {processor.py:840} INFO - DAG(s) 'example_weekday_branch_operator' retrieved from /home/airflow/.local/lib/python3.12/site-packages/airflow/example_dags/example_branch_day_of_week_operator.py
[2024-09-22T11:42:04.973+0000] {logging_mixin.py:188} INFO - [2024-09-22T11:42:04.973+0000] {dag.py:3089} INFO - Sync 1 DAGs
[2024-09-22T11:42:05.013+0000] {logging_mixin.py:188} INFO - [2024-09-22T11:42:05.012+0000] {dag.py:3947} INFO - Setting next_dagrun for example_weekday_branch_operator to 2024-09-22 00:00:00+00:00, run_after=2024-09-23 00:00:00+00:00
[2024-09-22T11:42:05.228+0000] {processor.py:183} INFO - Processing /home/airflow/.local/lib/python3.12/site-packages/airflow/example_dags/example_branch_day_of_week_operator.py took 0.361 seconds
[2024-09-22T11:42:35.995+0000] {processor.py:161} INFO - Started process (PID=2315) to work on /home/airflow/.local/lib/python3.12/site-packages/airflow/example_dags/example_branch_day_of_week_operator.py
[2024-09-22T11:42:35.997+0000] {processor.py:830} INFO - Processing file /home/airflow/.local/lib/python3.12/site-packages/airflow/example_dags/example_branch_day_of_week_operator.py for tasks to queue
[2024-09-22T11:42:35.999+0000] {logging_mixin.py:188} INFO - [2024-09-22T11:42:35.998+0000] {dagbag.py:545} INFO - Filling up the DagBag from /home/airflow/.local/lib/python3.12/site-packages/airflow/example_dags/example_branch_day_of_week_operator.py
[2024-09-22T11:42:36.024+0000] {processor.py:840} INFO - DAG(s) 'example_weekday_branch_operator' retrieved from /home/airflow/.local/lib/python3.12/site-packages/airflow/example_dags/example_branch_day_of_week_operator.py
[2024-09-22T11:42:36.085+0000] {logging_mixin.py:188} INFO - [2024-09-22T11:42:36.084+0000] {dag.py:3089} INFO - Sync 1 DAGs
[2024-09-22T11:42:36.148+0000] {logging_mixin.py:188} INFO - [2024-09-22T11:42:36.147+0000] {dag.py:3947} INFO - Setting next_dagrun for example_weekday_branch_operator to 2024-09-22 00:00:00+00:00, run_after=2024-09-23 00:00:00+00:00
[2024-09-22T11:42:36.466+0000] {processor.py:183} INFO - Processing /home/airflow/.local/lib/python3.12/site-packages/airflow/example_dags/example_branch_day_of_week_operator.py took 0.495 seconds
[2024-09-22T11:43:07.544+0000] {processor.py:161} INFO - Started process (PID=2398) to work on /home/airflow/.local/lib/python3.12/site-packages/airflow/example_dags/example_branch_day_of_week_operator.py
[2024-09-22T11:43:07.793+0000] {processor.py:830} INFO - Processing file /home/airflow/.local/lib/python3.12/site-packages/airflow/example_dags/example_branch_day_of_week_operator.py for tasks to queue
[2024-09-22T11:43:07.795+0000] {logging_mixin.py:188} INFO - [2024-09-22T11:43:07.794+0000] {dagbag.py:545} INFO - Filling up the DagBag from /home/airflow/.local/lib/python3.12/site-packages/airflow/example_dags/example_branch_day_of_week_operator.py
[2024-09-22T11:43:07.815+0000] {processor.py:840} INFO - DAG(s) 'example_weekday_branch_operator' retrieved from /home/airflow/.local/lib/python3.12/site-packages/airflow/example_dags/example_branch_day_of_week_operator.py
[2024-09-22T11:43:07.865+0000] {logging_mixin.py:188} INFO - [2024-09-22T11:43:07.865+0000] {dag.py:3089} INFO - Sync 1 DAGs
[2024-09-22T11:43:07.926+0000] {logging_mixin.py:188} INFO - [2024-09-22T11:43:07.925+0000] {dag.py:3947} INFO - Setting next_dagrun for example_weekday_branch_operator to 2024-09-22 00:00:00+00:00, run_after=2024-09-23 00:00:00+00:00
[2024-09-22T11:43:08.240+0000] {processor.py:183} INFO - Processing /home/airflow/.local/lib/python3.12/site-packages/airflow/example_dags/example_branch_day_of_week_operator.py took 0.714 seconds
[2024-09-22T11:43:38.792+0000] {processor.py:161} INFO - Started process (PID=2489) to work on /home/airflow/.local/lib/python3.12/site-packages/airflow/example_dags/example_branch_day_of_week_operator.py
[2024-09-22T11:43:38.802+0000] {processor.py:830} INFO - Processing file /home/airflow/.local/lib/python3.12/site-packages/airflow/example_dags/example_branch_day_of_week_operator.py for tasks to queue
[2024-09-22T11:43:38.804+0000] {logging_mixin.py:188} INFO - [2024-09-22T11:43:38.803+0000] {dagbag.py:545} INFO - Filling up the DagBag from /home/airflow/.local/lib/python3.12/site-packages/airflow/example_dags/example_branch_day_of_week_operator.py
[2024-09-22T11:43:38.835+0000] {processor.py:840} INFO - DAG(s) 'example_weekday_branch_operator' retrieved from /home/airflow/.local/lib/python3.12/site-packages/airflow/example_dags/example_branch_day_of_week_operator.py
[2024-09-22T11:43:38.947+0000] {logging_mixin.py:188} INFO - [2024-09-22T11:43:38.943+0000] {dag.py:3089} INFO - Sync 1 DAGs
[2024-09-22T11:43:39.076+0000] {logging_mixin.py:188} INFO - [2024-09-22T11:43:39.075+0000] {dag.py:3947} INFO - Setting next_dagrun for example_weekday_branch_operator to 2024-09-22 00:00:00+00:00, run_after=2024-09-23 00:00:00+00:00
[2024-09-22T11:43:39.495+0000] {processor.py:183} INFO - Processing /home/airflow/.local/lib/python3.12/site-packages/airflow/example_dags/example_branch_day_of_week_operator.py took 0.729 seconds
[2024-09-22T11:44:09.697+0000] {processor.py:161} INFO - Started process (PID=2565) to work on /home/airflow/.local/lib/python3.12/site-packages/airflow/example_dags/example_branch_day_of_week_operator.py
[2024-09-22T11:44:09.699+0000] {processor.py:830} INFO - Processing file /home/airflow/.local/lib/python3.12/site-packages/airflow/example_dags/example_branch_day_of_week_operator.py for tasks to queue
[2024-09-22T11:44:09.702+0000] {logging_mixin.py:188} INFO - [2024-09-22T11:44:09.700+0000] {dagbag.py:545} INFO - Filling up the DagBag from /home/airflow/.local/lib/python3.12/site-packages/airflow/example_dags/example_branch_day_of_week_operator.py
[2024-09-22T11:44:09.729+0000] {processor.py:840} INFO - DAG(s) 'example_weekday_branch_operator' retrieved from /home/airflow/.local/lib/python3.12/site-packages/airflow/example_dags/example_branch_day_of_week_operator.py
[2024-09-22T11:44:09.801+0000] {logging_mixin.py:188} INFO - [2024-09-22T11:44:09.800+0000] {dag.py:3089} INFO - Sync 1 DAGs
[2024-09-22T11:44:09.878+0000] {logging_mixin.py:188} INFO - [2024-09-22T11:44:09.878+0000] {dag.py:3947} INFO - Setting next_dagrun for example_weekday_branch_operator to 2024-09-22 00:00:00+00:00, run_after=2024-09-23 00:00:00+00:00
[2024-09-22T11:44:10.027+0000] {processor.py:183} INFO - Processing /home/airflow/.local/lib/python3.12/site-packages/airflow/example_dags/example_branch_day_of_week_operator.py took 0.357 seconds
