[2024-09-22T11:13:29.265+0000] {processor.py:161} INFO - Started process (PID=70) to work on /home/airflow/.local/lib/python3.12/site-packages/airflow/example_dags/tutorial_dag.py
[2024-09-22T11:13:29.266+0000] {processor.py:830} INFO - Processing file /home/airflow/.local/lib/python3.12/site-packages/airflow/example_dags/tutorial_dag.py for tasks to queue
[2024-09-22T11:13:29.270+0000] {logging_mixin.py:188} INFO - [2024-09-22T11:13:29.269+0000] {dagbag.py:545} INFO - Filling up the DagBag from /home/airflow/.local/lib/python3.12/site-packages/airflow/example_dags/tutorial_dag.py
[2024-09-22T11:13:29.276+0000] {processor.py:840} INFO - DAG(s) 'tutorial_dag' retrieved from /home/airflow/.local/lib/python3.12/site-packages/airflow/example_dags/tutorial_dag.py
[2024-09-22T11:13:29.327+0000] {logging_mixin.py:188} INFO - [2024-09-22T11:13:29.326+0000] {dag.py:3089} INFO - Sync 1 DAGs
[2024-09-22T11:13:29.354+0000] {logging_mixin.py:188} INFO - [2024-09-22T11:13:29.354+0000] {dag.py:3947} INFO - Setting next_dagrun for tutorial_dag to None, run_after=None
[2024-09-22T11:13:29.512+0000] {processor.py:183} INFO - Processing /home/airflow/.local/lib/python3.12/site-packages/airflow/example_dags/tutorial_dag.py took 0.257 seconds
[2024-09-22T11:15:16.545+0000] {processor.py:161} INFO - Started process (PID=66) to work on /home/airflow/.local/lib/python3.12/site-packages/airflow/example_dags/tutorial_dag.py
[2024-09-22T11:15:16.751+0000] {processor.py:830} INFO - Processing file /home/airflow/.local/lib/python3.12/site-packages/airflow/example_dags/tutorial_dag.py for tasks to queue
[2024-09-22T11:15:16.753+0000] {logging_mixin.py:188} INFO - [2024-09-22T11:15:16.753+0000] {dagbag.py:545} INFO - Filling up the DagBag from /home/airflow/.local/lib/python3.12/site-packages/airflow/example_dags/tutorial_dag.py
[2024-09-22T11:15:16.760+0000] {processor.py:840} INFO - DAG(s) 'tutorial_dag' retrieved from /home/airflow/.local/lib/python3.12/site-packages/airflow/example_dags/tutorial_dag.py
[2024-09-22T11:15:16.810+0000] {logging_mixin.py:188} INFO - [2024-09-22T11:15:16.809+0000] {dag.py:3089} INFO - Sync 1 DAGs
[2024-09-22T11:15:16.832+0000] {logging_mixin.py:188} INFO - [2024-09-22T11:15:16.832+0000] {dag.py:3947} INFO - Setting next_dagrun for tutorial_dag to None, run_after=None
[2024-09-22T11:15:17.065+0000] {processor.py:183} INFO - Processing /home/airflow/.local/lib/python3.12/site-packages/airflow/example_dags/tutorial_dag.py took 0.529 seconds
[2024-09-22T11:15:53.396+0000] {processor.py:161} INFO - Started process (PID=130) to work on /home/airflow/.local/lib/python3.12/site-packages/airflow/example_dags/tutorial_dag.py
[2024-09-22T11:15:53.468+0000] {processor.py:830} INFO - Processing file /home/airflow/.local/lib/python3.12/site-packages/airflow/example_dags/tutorial_dag.py for tasks to queue
[2024-09-22T11:15:53.482+0000] {logging_mixin.py:188} INFO - [2024-09-22T11:15:53.482+0000] {dagbag.py:545} INFO - Filling up the DagBag from /home/airflow/.local/lib/python3.12/site-packages/airflow/example_dags/tutorial_dag.py
[2024-09-22T11:15:53.489+0000] {processor.py:840} INFO - DAG(s) 'tutorial_dag' retrieved from /home/airflow/.local/lib/python3.12/site-packages/airflow/example_dags/tutorial_dag.py
[2024-09-22T11:15:53.519+0000] {logging_mixin.py:188} INFO - [2024-09-22T11:15:53.518+0000] {dag.py:3089} INFO - Sync 1 DAGs
[2024-09-22T11:15:53.549+0000] {logging_mixin.py:188} INFO - [2024-09-22T11:15:53.548+0000] {dag.py:3947} INFO - Setting next_dagrun for tutorial_dag to None, run_after=None
[2024-09-22T11:15:54.177+0000] {processor.py:183} INFO - Processing /home/airflow/.local/lib/python3.12/site-packages/airflow/example_dags/tutorial_dag.py took 0.791 seconds
[2024-09-22T11:16:34.414+0000] {processor.py:161} INFO - Started process (PID=194) to work on /home/airflow/.local/lib/python3.12/site-packages/airflow/example_dags/tutorial_dag.py
[2024-09-22T11:16:34.444+0000] {processor.py:830} INFO - Processing file /home/airflow/.local/lib/python3.12/site-packages/airflow/example_dags/tutorial_dag.py for tasks to queue
[2024-09-22T11:16:34.448+0000] {logging_mixin.py:188} INFO - [2024-09-22T11:16:34.447+0000] {dagbag.py:545} INFO - Filling up the DagBag from /home/airflow/.local/lib/python3.12/site-packages/airflow/example_dags/tutorial_dag.py
[2024-09-22T11:16:34.459+0000] {processor.py:840} INFO - DAG(s) 'tutorial_dag' retrieved from /home/airflow/.local/lib/python3.12/site-packages/airflow/example_dags/tutorial_dag.py
[2024-09-22T11:16:34.505+0000] {logging_mixin.py:188} INFO - [2024-09-22T11:16:34.504+0000] {dag.py:3089} INFO - Sync 1 DAGs
[2024-09-22T11:16:34.535+0000] {logging_mixin.py:188} INFO - [2024-09-22T11:16:34.534+0000] {dag.py:3947} INFO - Setting next_dagrun for tutorial_dag to None, run_after=None
[2024-09-22T11:16:35.399+0000] {processor.py:183} INFO - Processing /home/airflow/.local/lib/python3.12/site-packages/airflow/example_dags/tutorial_dag.py took 0.994 seconds
[2024-09-22T11:17:23.537+0000] {processor.py:161} INFO - Started process (PID=267) to work on /home/airflow/.local/lib/python3.12/site-packages/airflow/example_dags/tutorial_dag.py
[2024-09-22T11:17:23.616+0000] {processor.py:830} INFO - Processing file /home/airflow/.local/lib/python3.12/site-packages/airflow/example_dags/tutorial_dag.py for tasks to queue
[2024-09-22T11:17:23.618+0000] {logging_mixin.py:188} INFO - [2024-09-22T11:17:23.617+0000] {dagbag.py:545} INFO - Filling up the DagBag from /home/airflow/.local/lib/python3.12/site-packages/airflow/example_dags/tutorial_dag.py
[2024-09-22T11:17:23.649+0000] {processor.py:840} INFO - DAG(s) 'tutorial_dag' retrieved from /home/airflow/.local/lib/python3.12/site-packages/airflow/example_dags/tutorial_dag.py
[2024-09-22T11:17:23.727+0000] {logging_mixin.py:188} INFO - [2024-09-22T11:17:23.727+0000] {dag.py:3089} INFO - Sync 1 DAGs
[2024-09-22T11:17:23.780+0000] {logging_mixin.py:188} INFO - [2024-09-22T11:17:23.780+0000] {dag.py:3947} INFO - Setting next_dagrun for tutorial_dag to None, run_after=None
[2024-09-22T11:17:24.147+0000] {processor.py:183} INFO - Processing /home/airflow/.local/lib/python3.12/site-packages/airflow/example_dags/tutorial_dag.py took 0.631 seconds
[2024-09-22T11:17:55.350+0000] {processor.py:161} INFO - Started process (PID=351) to work on /home/airflow/.local/lib/python3.12/site-packages/airflow/example_dags/tutorial_dag.py
[2024-09-22T11:17:55.477+0000] {processor.py:830} INFO - Processing file /home/airflow/.local/lib/python3.12/site-packages/airflow/example_dags/tutorial_dag.py for tasks to queue
[2024-09-22T11:17:55.481+0000] {logging_mixin.py:188} INFO - [2024-09-22T11:17:55.479+0000] {dagbag.py:545} INFO - Filling up the DagBag from /home/airflow/.local/lib/python3.12/site-packages/airflow/example_dags/tutorial_dag.py
[2024-09-22T11:17:55.503+0000] {processor.py:840} INFO - DAG(s) 'tutorial_dag' retrieved from /home/airflow/.local/lib/python3.12/site-packages/airflow/example_dags/tutorial_dag.py
[2024-09-22T11:17:55.556+0000] {logging_mixin.py:188} INFO - [2024-09-22T11:17:55.555+0000] {dag.py:3089} INFO - Sync 1 DAGs
[2024-09-22T11:17:55.588+0000] {logging_mixin.py:188} INFO - [2024-09-22T11:17:55.587+0000] {dag.py:3947} INFO - Setting next_dagrun for tutorial_dag to None, run_after=None
[2024-09-22T11:17:55.961+0000] {processor.py:183} INFO - Processing /home/airflow/.local/lib/python3.12/site-packages/airflow/example_dags/tutorial_dag.py took 0.624 seconds
[2024-09-22T11:18:45.769+0000] {processor.py:161} INFO - Started process (PID=444) to work on /home/airflow/.local/lib/python3.12/site-packages/airflow/example_dags/tutorial_dag.py
[2024-09-22T11:18:45.883+0000] {processor.py:830} INFO - Processing file /home/airflow/.local/lib/python3.12/site-packages/airflow/example_dags/tutorial_dag.py for tasks to queue
[2024-09-22T11:18:45.889+0000] {logging_mixin.py:188} INFO - [2024-09-22T11:18:45.888+0000] {dagbag.py:545} INFO - Filling up the DagBag from /home/airflow/.local/lib/python3.12/site-packages/airflow/example_dags/tutorial_dag.py
[2024-09-22T11:18:45.912+0000] {processor.py:840} INFO - DAG(s) 'tutorial_dag' retrieved from /home/airflow/.local/lib/python3.12/site-packages/airflow/example_dags/tutorial_dag.py
[2024-09-22T11:18:46.008+0000] {logging_mixin.py:188} INFO - [2024-09-22T11:18:46.006+0000] {dag.py:3089} INFO - Sync 1 DAGs
[2024-09-22T11:18:46.036+0000] {logging_mixin.py:188} INFO - [2024-09-22T11:18:46.035+0000] {dag.py:3947} INFO - Setting next_dagrun for tutorial_dag to None, run_after=None
[2024-09-22T11:18:46.450+0000] {processor.py:183} INFO - Processing /home/airflow/.local/lib/python3.12/site-packages/airflow/example_dags/tutorial_dag.py took 0.692 seconds
[2024-09-22T11:19:22.059+0000] {processor.py:161} INFO - Started process (PID=519) to work on /home/airflow/.local/lib/python3.12/site-packages/airflow/example_dags/tutorial_dag.py
[2024-09-22T11:19:22.071+0000] {processor.py:830} INFO - Processing file /home/airflow/.local/lib/python3.12/site-packages/airflow/example_dags/tutorial_dag.py for tasks to queue
[2024-09-22T11:19:22.072+0000] {logging_mixin.py:188} INFO - [2024-09-22T11:19:22.072+0000] {dagbag.py:545} INFO - Filling up the DagBag from /home/airflow/.local/lib/python3.12/site-packages/airflow/example_dags/tutorial_dag.py
[2024-09-22T11:19:22.096+0000] {processor.py:840} INFO - DAG(s) 'tutorial_dag' retrieved from /home/airflow/.local/lib/python3.12/site-packages/airflow/example_dags/tutorial_dag.py
[2024-09-22T11:19:22.167+0000] {logging_mixin.py:188} INFO - [2024-09-22T11:19:22.165+0000] {dag.py:3089} INFO - Sync 1 DAGs
[2024-09-22T11:19:22.257+0000] {logging_mixin.py:188} INFO - [2024-09-22T11:19:22.256+0000] {dag.py:3947} INFO - Setting next_dagrun for tutorial_dag to None, run_after=None
[2024-09-22T11:19:22.519+0000] {processor.py:183} INFO - Processing /home/airflow/.local/lib/python3.12/site-packages/airflow/example_dags/tutorial_dag.py took 0.470 seconds
[2024-09-22T11:19:53.306+0000] {processor.py:161} INFO - Started process (PID=586) to work on /home/airflow/.local/lib/python3.12/site-packages/airflow/example_dags/tutorial_dag.py
[2024-09-22T11:19:53.416+0000] {processor.py:830} INFO - Processing file /home/airflow/.local/lib/python3.12/site-packages/airflow/example_dags/tutorial_dag.py for tasks to queue
[2024-09-22T11:19:53.418+0000] {logging_mixin.py:188} INFO - [2024-09-22T11:19:53.417+0000] {dagbag.py:545} INFO - Filling up the DagBag from /home/airflow/.local/lib/python3.12/site-packages/airflow/example_dags/tutorial_dag.py
[2024-09-22T11:19:53.433+0000] {processor.py:840} INFO - DAG(s) 'tutorial_dag' retrieved from /home/airflow/.local/lib/python3.12/site-packages/airflow/example_dags/tutorial_dag.py
[2024-09-22T11:19:53.502+0000] {logging_mixin.py:188} INFO - [2024-09-22T11:19:53.502+0000] {dag.py:3089} INFO - Sync 1 DAGs
[2024-09-22T11:19:53.535+0000] {logging_mixin.py:188} INFO - [2024-09-22T11:19:53.535+0000] {dag.py:3947} INFO - Setting next_dagrun for tutorial_dag to None, run_after=None
[2024-09-22T11:19:53.745+0000] {processor.py:183} INFO - Processing /home/airflow/.local/lib/python3.12/site-packages/airflow/example_dags/tutorial_dag.py took 0.463 seconds
[2024-09-22T11:20:42.434+0000] {processor.py:161} INFO - Started process (PID=673) to work on /home/airflow/.local/lib/python3.12/site-packages/airflow/example_dags/tutorial_dag.py
[2024-09-22T11:20:42.640+0000] {processor.py:830} INFO - Processing file /home/airflow/.local/lib/python3.12/site-packages/airflow/example_dags/tutorial_dag.py for tasks to queue
[2024-09-22T11:20:42.642+0000] {logging_mixin.py:188} INFO - [2024-09-22T11:20:42.641+0000] {dagbag.py:545} INFO - Filling up the DagBag from /home/airflow/.local/lib/python3.12/site-packages/airflow/example_dags/tutorial_dag.py
[2024-09-22T11:20:42.661+0000] {processor.py:840} INFO - DAG(s) 'tutorial_dag' retrieved from /home/airflow/.local/lib/python3.12/site-packages/airflow/example_dags/tutorial_dag.py
[2024-09-22T11:20:42.735+0000] {logging_mixin.py:188} INFO - [2024-09-22T11:20:42.734+0000] {dag.py:3089} INFO - Sync 1 DAGs
[2024-09-22T11:20:42.799+0000] {logging_mixin.py:188} INFO - [2024-09-22T11:20:42.799+0000] {dag.py:3947} INFO - Setting next_dagrun for tutorial_dag to None, run_after=None
[2024-09-22T11:20:43.201+0000] {processor.py:183} INFO - Processing /home/airflow/.local/lib/python3.12/site-packages/airflow/example_dags/tutorial_dag.py took 0.792 seconds
[2024-09-22T11:21:13.939+0000] {processor.py:161} INFO - Started process (PID=747) to work on /home/airflow/.local/lib/python3.12/site-packages/airflow/example_dags/tutorial_dag.py
[2024-09-22T11:21:14.115+0000] {processor.py:830} INFO - Processing file /home/airflow/.local/lib/python3.12/site-packages/airflow/example_dags/tutorial_dag.py for tasks to queue
[2024-09-22T11:21:14.117+0000] {logging_mixin.py:188} INFO - [2024-09-22T11:21:14.117+0000] {dagbag.py:545} INFO - Filling up the DagBag from /home/airflow/.local/lib/python3.12/site-packages/airflow/example_dags/tutorial_dag.py
[2024-09-22T11:21:14.148+0000] {processor.py:840} INFO - DAG(s) 'tutorial_dag' retrieved from /home/airflow/.local/lib/python3.12/site-packages/airflow/example_dags/tutorial_dag.py
[2024-09-22T11:21:14.240+0000] {logging_mixin.py:188} INFO - [2024-09-22T11:21:14.240+0000] {dag.py:3089} INFO - Sync 1 DAGs
[2024-09-22T11:21:14.287+0000] {logging_mixin.py:188} INFO - [2024-09-22T11:21:14.286+0000] {dag.py:3947} INFO - Setting next_dagrun for tutorial_dag to None, run_after=None
[2024-09-22T11:21:14.468+0000] {processor.py:183} INFO - Processing /home/airflow/.local/lib/python3.12/site-packages/airflow/example_dags/tutorial_dag.py took 0.556 seconds
[2024-09-22T11:22:40.927+0000] {processor.py:161} INFO - Started process (PID=838) to work on /home/airflow/.local/lib/python3.12/site-packages/airflow/example_dags/tutorial_dag.py
[2024-09-22T11:22:41.479+0000] {processor.py:830} INFO - Processing file /home/airflow/.local/lib/python3.12/site-packages/airflow/example_dags/tutorial_dag.py for tasks to queue
[2024-09-22T11:22:41.481+0000] {logging_mixin.py:188} INFO - [2024-09-22T11:22:41.480+0000] {dagbag.py:545} INFO - Filling up the DagBag from /home/airflow/.local/lib/python3.12/site-packages/airflow/example_dags/tutorial_dag.py
[2024-09-22T11:22:41.489+0000] {processor.py:840} INFO - DAG(s) 'tutorial_dag' retrieved from /home/airflow/.local/lib/python3.12/site-packages/airflow/example_dags/tutorial_dag.py
[2024-09-22T11:22:41.521+0000] {logging_mixin.py:188} INFO - [2024-09-22T11:22:41.521+0000] {dag.py:3089} INFO - Sync 1 DAGs
[2024-09-22T11:22:41.544+0000] {logging_mixin.py:188} INFO - [2024-09-22T11:22:41.544+0000] {dag.py:3947} INFO - Setting next_dagrun for tutorial_dag to None, run_after=None
[2024-09-22T11:22:41.918+0000] {processor.py:183} INFO - Processing /home/airflow/.local/lib/python3.12/site-packages/airflow/example_dags/tutorial_dag.py took 1.004 seconds
[2024-09-22T11:23:16.148+0000] {processor.py:161} INFO - Started process (PID=895) to work on /home/airflow/.local/lib/python3.12/site-packages/airflow/example_dags/tutorial_dag.py
[2024-09-22T11:23:16.260+0000] {processor.py:830} INFO - Processing file /home/airflow/.local/lib/python3.12/site-packages/airflow/example_dags/tutorial_dag.py for tasks to queue
[2024-09-22T11:23:16.274+0000] {logging_mixin.py:188} INFO - [2024-09-22T11:23:16.262+0000] {dagbag.py:545} INFO - Filling up the DagBag from /home/airflow/.local/lib/python3.12/site-packages/airflow/example_dags/tutorial_dag.py
[2024-09-22T11:23:16.311+0000] {processor.py:840} INFO - DAG(s) 'tutorial_dag' retrieved from /home/airflow/.local/lib/python3.12/site-packages/airflow/example_dags/tutorial_dag.py
[2024-09-22T11:23:16.382+0000] {logging_mixin.py:188} INFO - [2024-09-22T11:23:16.381+0000] {dag.py:3089} INFO - Sync 1 DAGs
[2024-09-22T11:23:16.421+0000] {logging_mixin.py:188} INFO - [2024-09-22T11:23:16.421+0000] {dag.py:3947} INFO - Setting next_dagrun for tutorial_dag to None, run_after=None
[2024-09-22T11:23:16.602+0000] {processor.py:183} INFO - Processing /home/airflow/.local/lib/python3.12/site-packages/airflow/example_dags/tutorial_dag.py took 0.472 seconds
[2024-09-22T11:24:29.186+0000] {processor.py:161} INFO - Started process (PID=962) to work on /home/airflow/.local/lib/python3.12/site-packages/airflow/example_dags/tutorial_dag.py
[2024-09-22T11:24:29.472+0000] {processor.py:830} INFO - Processing file /home/airflow/.local/lib/python3.12/site-packages/airflow/example_dags/tutorial_dag.py for tasks to queue
[2024-09-22T11:24:29.474+0000] {logging_mixin.py:188} INFO - [2024-09-22T11:24:29.474+0000] {dagbag.py:545} INFO - Filling up the DagBag from /home/airflow/.local/lib/python3.12/site-packages/airflow/example_dags/tutorial_dag.py
[2024-09-22T11:24:29.721+0000] {processor.py:840} INFO - DAG(s) 'tutorial_dag' retrieved from /home/airflow/.local/lib/python3.12/site-packages/airflow/example_dags/tutorial_dag.py
[2024-09-22T11:24:29.757+0000] {logging_mixin.py:188} INFO - [2024-09-22T11:24:29.757+0000] {dag.py:3089} INFO - Sync 1 DAGs
[2024-09-22T11:24:29.788+0000] {logging_mixin.py:188} INFO - [2024-09-22T11:24:29.788+0000] {dag.py:3947} INFO - Setting next_dagrun for tutorial_dag to None, run_after=None
[2024-09-22T11:24:30.245+0000] {processor.py:183} INFO - Processing /home/airflow/.local/lib/python3.12/site-packages/airflow/example_dags/tutorial_dag.py took 1.073 seconds
[2024-09-22T11:25:32.300+0000] {processor.py:161} INFO - Started process (PID=1035) to work on /home/airflow/.local/lib/python3.12/site-packages/airflow/example_dags/tutorial_dag.py
[2024-09-22T11:25:32.577+0000] {processor.py:830} INFO - Processing file /home/airflow/.local/lib/python3.12/site-packages/airflow/example_dags/tutorial_dag.py for tasks to queue
[2024-09-22T11:25:32.578+0000] {logging_mixin.py:188} INFO - [2024-09-22T11:25:32.578+0000] {dagbag.py:545} INFO - Filling up the DagBag from /home/airflow/.local/lib/python3.12/site-packages/airflow/example_dags/tutorial_dag.py
[2024-09-22T11:25:32.590+0000] {processor.py:840} INFO - DAG(s) 'tutorial_dag' retrieved from /home/airflow/.local/lib/python3.12/site-packages/airflow/example_dags/tutorial_dag.py
[2024-09-22T11:25:32.622+0000] {logging_mixin.py:188} INFO - [2024-09-22T11:25:32.622+0000] {dag.py:3089} INFO - Sync 1 DAGs
[2024-09-22T11:25:32.643+0000] {logging_mixin.py:188} INFO - [2024-09-22T11:25:32.643+0000] {dag.py:3947} INFO - Setting next_dagrun for tutorial_dag to None, run_after=None
[2024-09-22T11:25:33.169+0000] {processor.py:183} INFO - Processing /home/airflow/.local/lib/python3.12/site-packages/airflow/example_dags/tutorial_dag.py took 0.877 seconds
[2024-09-22T11:26:48.312+0000] {processor.py:161} INFO - Started process (PID=1101) to work on /home/airflow/.local/lib/python3.12/site-packages/airflow/example_dags/tutorial_dag.py
[2024-09-22T11:26:48.577+0000] {processor.py:830} INFO - Processing file /home/airflow/.local/lib/python3.12/site-packages/airflow/example_dags/tutorial_dag.py for tasks to queue
[2024-09-22T11:26:48.579+0000] {logging_mixin.py:188} INFO - [2024-09-22T11:26:48.578+0000] {dagbag.py:545} INFO - Filling up the DagBag from /home/airflow/.local/lib/python3.12/site-packages/airflow/example_dags/tutorial_dag.py
[2024-09-22T11:26:48.592+0000] {processor.py:840} INFO - DAG(s) 'tutorial_dag' retrieved from /home/airflow/.local/lib/python3.12/site-packages/airflow/example_dags/tutorial_dag.py
[2024-09-22T11:26:48.621+0000] {logging_mixin.py:188} INFO - [2024-09-22T11:26:48.620+0000] {dag.py:3089} INFO - Sync 1 DAGs
[2024-09-22T11:26:48.642+0000] {logging_mixin.py:188} INFO - [2024-09-22T11:26:48.642+0000] {dag.py:3947} INFO - Setting next_dagrun for tutorial_dag to None, run_after=None
[2024-09-22T11:26:49.136+0000] {processor.py:183} INFO - Processing /home/airflow/.local/lib/python3.12/site-packages/airflow/example_dags/tutorial_dag.py took 0.832 seconds
[2024-09-22T11:28:16.035+0000] {processor.py:161} INFO - Started process (PID=1173) to work on /home/airflow/.local/lib/python3.12/site-packages/airflow/example_dags/tutorial_dag.py
[2024-09-22T11:28:16.254+0000] {processor.py:830} INFO - Processing file /home/airflow/.local/lib/python3.12/site-packages/airflow/example_dags/tutorial_dag.py for tasks to queue
[2024-09-22T11:28:16.256+0000] {logging_mixin.py:188} INFO - [2024-09-22T11:28:16.256+0000] {dagbag.py:545} INFO - Filling up the DagBag from /home/airflow/.local/lib/python3.12/site-packages/airflow/example_dags/tutorial_dag.py
[2024-09-22T11:28:16.264+0000] {processor.py:840} INFO - DAG(s) 'tutorial_dag' retrieved from /home/airflow/.local/lib/python3.12/site-packages/airflow/example_dags/tutorial_dag.py
[2024-09-22T11:28:16.298+0000] {logging_mixin.py:188} INFO - [2024-09-22T11:28:16.298+0000] {dag.py:3089} INFO - Sync 1 DAGs
[2024-09-22T11:28:16.330+0000] {logging_mixin.py:188} INFO - [2024-09-22T11:28:16.329+0000] {dag.py:3947} INFO - Setting next_dagrun for tutorial_dag to None, run_after=None
[2024-09-22T11:28:16.804+0000] {processor.py:183} INFO - Processing /home/airflow/.local/lib/python3.12/site-packages/airflow/example_dags/tutorial_dag.py took 0.780 seconds
[2024-09-22T11:29:00.035+0000] {processor.py:161} INFO - Started process (PID=1247) to work on /home/airflow/.local/lib/python3.12/site-packages/airflow/example_dags/tutorial_dag.py
[2024-09-22T11:29:00.190+0000] {processor.py:830} INFO - Processing file /home/airflow/.local/lib/python3.12/site-packages/airflow/example_dags/tutorial_dag.py for tasks to queue
[2024-09-22T11:29:00.195+0000] {logging_mixin.py:188} INFO - [2024-09-22T11:29:00.191+0000] {dagbag.py:545} INFO - Filling up the DagBag from /home/airflow/.local/lib/python3.12/site-packages/airflow/example_dags/tutorial_dag.py
[2024-09-22T11:29:00.209+0000] {processor.py:840} INFO - DAG(s) 'tutorial_dag' retrieved from /home/airflow/.local/lib/python3.12/site-packages/airflow/example_dags/tutorial_dag.py
[2024-09-22T11:29:00.259+0000] {logging_mixin.py:188} INFO - [2024-09-22T11:29:00.258+0000] {dag.py:3089} INFO - Sync 1 DAGs
[2024-09-22T11:29:00.285+0000] {logging_mixin.py:188} INFO - [2024-09-22T11:29:00.285+0000] {dag.py:3947} INFO - Setting next_dagrun for tutorial_dag to None, run_after=None
[2024-09-22T11:29:00.546+0000] {processor.py:183} INFO - Processing /home/airflow/.local/lib/python3.12/site-packages/airflow/example_dags/tutorial_dag.py took 0.530 seconds
[2024-09-22T11:29:32.577+0000] {processor.py:161} INFO - Started process (PID=1313) to work on /home/airflow/.local/lib/python3.12/site-packages/airflow/example_dags/tutorial_dag.py
[2024-09-22T11:29:32.578+0000] {processor.py:830} INFO - Processing file /home/airflow/.local/lib/python3.12/site-packages/airflow/example_dags/tutorial_dag.py for tasks to queue
[2024-09-22T11:29:32.579+0000] {logging_mixin.py:188} INFO - [2024-09-22T11:29:32.579+0000] {dagbag.py:545} INFO - Filling up the DagBag from /home/airflow/.local/lib/python3.12/site-packages/airflow/example_dags/tutorial_dag.py
[2024-09-22T11:29:32.586+0000] {processor.py:840} INFO - DAG(s) 'tutorial_dag' retrieved from /home/airflow/.local/lib/python3.12/site-packages/airflow/example_dags/tutorial_dag.py
[2024-09-22T11:29:32.621+0000] {logging_mixin.py:188} INFO - [2024-09-22T11:29:32.620+0000] {dag.py:3089} INFO - Sync 1 DAGs
[2024-09-22T11:29:32.642+0000] {logging_mixin.py:188} INFO - [2024-09-22T11:29:32.642+0000] {dag.py:3947} INFO - Setting next_dagrun for tutorial_dag to None, run_after=None
[2024-09-22T11:29:32.905+0000] {processor.py:183} INFO - Processing /home/airflow/.local/lib/python3.12/site-packages/airflow/example_dags/tutorial_dag.py took 0.336 seconds
[2024-09-22T11:30:05.247+0000] {processor.py:161} INFO - Started process (PID=1371) to work on /home/airflow/.local/lib/python3.12/site-packages/airflow/example_dags/tutorial_dag.py
[2024-09-22T11:30:05.407+0000] {processor.py:830} INFO - Processing file /home/airflow/.local/lib/python3.12/site-packages/airflow/example_dags/tutorial_dag.py for tasks to queue
[2024-09-22T11:30:05.411+0000] {logging_mixin.py:188} INFO - [2024-09-22T11:30:05.410+0000] {dagbag.py:545} INFO - Filling up the DagBag from /home/airflow/.local/lib/python3.12/site-packages/airflow/example_dags/tutorial_dag.py
[2024-09-22T11:30:05.429+0000] {processor.py:840} INFO - DAG(s) 'tutorial_dag' retrieved from /home/airflow/.local/lib/python3.12/site-packages/airflow/example_dags/tutorial_dag.py
[2024-09-22T11:30:05.529+0000] {logging_mixin.py:188} INFO - [2024-09-22T11:30:05.528+0000] {dag.py:3089} INFO - Sync 1 DAGs
[2024-09-22T11:30:05.576+0000] {logging_mixin.py:188} INFO - [2024-09-22T11:30:05.576+0000] {dag.py:3947} INFO - Setting next_dagrun for tutorial_dag to None, run_after=None
[2024-09-22T11:30:06.082+0000] {processor.py:183} INFO - Processing /home/airflow/.local/lib/python3.12/site-packages/airflow/example_dags/tutorial_dag.py took 0.875 seconds
[2024-09-22T11:30:39.595+0000] {processor.py:161} INFO - Started process (PID=1452) to work on /home/airflow/.local/lib/python3.12/site-packages/airflow/example_dags/tutorial_dag.py
[2024-09-22T11:30:39.596+0000] {processor.py:830} INFO - Processing file /home/airflow/.local/lib/python3.12/site-packages/airflow/example_dags/tutorial_dag.py for tasks to queue
[2024-09-22T11:30:39.597+0000] {logging_mixin.py:188} INFO - [2024-09-22T11:30:39.597+0000] {dagbag.py:545} INFO - Filling up the DagBag from /home/airflow/.local/lib/python3.12/site-packages/airflow/example_dags/tutorial_dag.py
[2024-09-22T11:30:39.604+0000] {processor.py:840} INFO - DAG(s) 'tutorial_dag' retrieved from /home/airflow/.local/lib/python3.12/site-packages/airflow/example_dags/tutorial_dag.py
[2024-09-22T11:30:39.638+0000] {logging_mixin.py:188} INFO - [2024-09-22T11:30:39.638+0000] {dag.py:3089} INFO - Sync 1 DAGs
[2024-09-22T11:30:39.658+0000] {logging_mixin.py:188} INFO - [2024-09-22T11:30:39.658+0000] {dag.py:3947} INFO - Setting next_dagrun for tutorial_dag to None, run_after=None
[2024-09-22T11:30:40.003+0000] {processor.py:183} INFO - Processing /home/airflow/.local/lib/python3.12/site-packages/airflow/example_dags/tutorial_dag.py took 0.414 seconds
[2024-09-22T11:31:10.665+0000] {processor.py:161} INFO - Started process (PID=1513) to work on /home/airflow/.local/lib/python3.12/site-packages/airflow/example_dags/tutorial_dag.py
[2024-09-22T11:31:10.699+0000] {processor.py:830} INFO - Processing file /home/airflow/.local/lib/python3.12/site-packages/airflow/example_dags/tutorial_dag.py for tasks to queue
[2024-09-22T11:31:10.701+0000] {logging_mixin.py:188} INFO - [2024-09-22T11:31:10.700+0000] {dagbag.py:545} INFO - Filling up the DagBag from /home/airflow/.local/lib/python3.12/site-packages/airflow/example_dags/tutorial_dag.py
[2024-09-22T11:31:10.713+0000] {processor.py:840} INFO - DAG(s) 'tutorial_dag' retrieved from /home/airflow/.local/lib/python3.12/site-packages/airflow/example_dags/tutorial_dag.py
[2024-09-22T11:31:10.756+0000] {logging_mixin.py:188} INFO - [2024-09-22T11:31:10.755+0000] {dag.py:3089} INFO - Sync 1 DAGs
[2024-09-22T11:31:10.780+0000] {logging_mixin.py:188} INFO - [2024-09-22T11:31:10.779+0000] {dag.py:3947} INFO - Setting next_dagrun for tutorial_dag to None, run_after=None
[2024-09-22T11:31:11.626+0000] {processor.py:183} INFO - Processing /home/airflow/.local/lib/python3.12/site-packages/airflow/example_dags/tutorial_dag.py took 0.987 seconds
[2024-09-22T11:32:54.711+0000] {processor.py:161} INFO - Started process (PID=1639) to work on /home/airflow/.local/lib/python3.12/site-packages/airflow/example_dags/tutorial_dag.py
[2024-09-22T11:32:54.941+0000] {processor.py:830} INFO - Processing file /home/airflow/.local/lib/python3.12/site-packages/airflow/example_dags/tutorial_dag.py for tasks to queue
[2024-09-22T11:32:54.942+0000] {logging_mixin.py:188} INFO - [2024-09-22T11:32:54.942+0000] {dagbag.py:545} INFO - Filling up the DagBag from /home/airflow/.local/lib/python3.12/site-packages/airflow/example_dags/tutorial_dag.py
[2024-09-22T11:32:54.950+0000] {processor.py:840} INFO - DAG(s) 'tutorial_dag' retrieved from /home/airflow/.local/lib/python3.12/site-packages/airflow/example_dags/tutorial_dag.py
[2024-09-22T11:32:54.984+0000] {logging_mixin.py:188} INFO - [2024-09-22T11:32:54.984+0000] {dag.py:3089} INFO - Sync 1 DAGs
[2024-09-22T11:32:55.006+0000] {logging_mixin.py:188} INFO - [2024-09-22T11:32:55.006+0000] {dag.py:3947} INFO - Setting next_dagrun for tutorial_dag to None, run_after=None
[2024-09-22T11:32:55.381+0000] {processor.py:183} INFO - Processing /home/airflow/.local/lib/python3.12/site-packages/airflow/example_dags/tutorial_dag.py took 0.682 seconds
[2024-09-22T11:33:37.251+0000] {processor.py:161} INFO - Started process (PID=1710) to work on /home/airflow/.local/lib/python3.12/site-packages/airflow/example_dags/tutorial_dag.py
[2024-09-22T11:33:37.290+0000] {processor.py:830} INFO - Processing file /home/airflow/.local/lib/python3.12/site-packages/airflow/example_dags/tutorial_dag.py for tasks to queue
[2024-09-22T11:33:37.292+0000] {logging_mixin.py:188} INFO - [2024-09-22T11:33:37.292+0000] {dagbag.py:545} INFO - Filling up the DagBag from /home/airflow/.local/lib/python3.12/site-packages/airflow/example_dags/tutorial_dag.py
[2024-09-22T11:33:37.305+0000] {processor.py:840} INFO - DAG(s) 'tutorial_dag' retrieved from /home/airflow/.local/lib/python3.12/site-packages/airflow/example_dags/tutorial_dag.py
[2024-09-22T11:33:37.348+0000] {logging_mixin.py:188} INFO - [2024-09-22T11:33:37.347+0000] {dag.py:3089} INFO - Sync 1 DAGs
[2024-09-22T11:33:37.373+0000] {logging_mixin.py:188} INFO - [2024-09-22T11:33:37.371+0000] {dag.py:3947} INFO - Setting next_dagrun for tutorial_dag to None, run_after=None
[2024-09-22T11:33:37.810+0000] {processor.py:183} INFO - Processing /home/airflow/.local/lib/python3.12/site-packages/airflow/example_dags/tutorial_dag.py took 0.574 seconds
[2024-09-22T11:34:09.683+0000] {processor.py:161} INFO - Started process (PID=1780) to work on /home/airflow/.local/lib/python3.12/site-packages/airflow/example_dags/tutorial_dag.py
[2024-09-22T11:34:09.684+0000] {processor.py:830} INFO - Processing file /home/airflow/.local/lib/python3.12/site-packages/airflow/example_dags/tutorial_dag.py for tasks to queue
[2024-09-22T11:34:09.685+0000] {logging_mixin.py:188} INFO - [2024-09-22T11:34:09.685+0000] {dagbag.py:545} INFO - Filling up the DagBag from /home/airflow/.local/lib/python3.12/site-packages/airflow/example_dags/tutorial_dag.py
[2024-09-22T11:34:09.691+0000] {processor.py:840} INFO - DAG(s) 'tutorial_dag' retrieved from /home/airflow/.local/lib/python3.12/site-packages/airflow/example_dags/tutorial_dag.py
[2024-09-22T11:34:09.717+0000] {logging_mixin.py:188} INFO - [2024-09-22T11:34:09.717+0000] {dag.py:3089} INFO - Sync 1 DAGs
[2024-09-22T11:34:09.735+0000] {logging_mixin.py:188} INFO - [2024-09-22T11:34:09.735+0000] {dag.py:3947} INFO - Setting next_dagrun for tutorial_dag to None, run_after=None
[2024-09-22T11:34:10.143+0000] {processor.py:183} INFO - Processing /home/airflow/.local/lib/python3.12/site-packages/airflow/example_dags/tutorial_dag.py took 0.468 seconds
[2024-09-22T11:34:41.099+0000] {processor.py:161} INFO - Started process (PID=1843) to work on /home/airflow/.local/lib/python3.12/site-packages/airflow/example_dags/tutorial_dag.py
[2024-09-22T11:34:41.364+0000] {processor.py:830} INFO - Processing file /home/airflow/.local/lib/python3.12/site-packages/airflow/example_dags/tutorial_dag.py for tasks to queue
[2024-09-22T11:34:41.366+0000] {logging_mixin.py:188} INFO - [2024-09-22T11:34:41.365+0000] {dagbag.py:545} INFO - Filling up the DagBag from /home/airflow/.local/lib/python3.12/site-packages/airflow/example_dags/tutorial_dag.py
[2024-09-22T11:34:41.373+0000] {processor.py:840} INFO - DAG(s) 'tutorial_dag' retrieved from /home/airflow/.local/lib/python3.12/site-packages/airflow/example_dags/tutorial_dag.py
[2024-09-22T11:34:41.399+0000] {logging_mixin.py:188} INFO - [2024-09-22T11:34:41.398+0000] {dag.py:3089} INFO - Sync 1 DAGs
[2024-09-22T11:34:41.415+0000] {logging_mixin.py:188} INFO - [2024-09-22T11:34:41.415+0000] {dag.py:3947} INFO - Setting next_dagrun for tutorial_dag to None, run_after=None
[2024-09-22T11:34:41.836+0000] {processor.py:183} INFO - Processing /home/airflow/.local/lib/python3.12/site-packages/airflow/example_dags/tutorial_dag.py took 0.746 seconds
[2024-09-22T11:35:12.432+0000] {processor.py:161} INFO - Started process (PID=1901) to work on /home/airflow/.local/lib/python3.12/site-packages/airflow/example_dags/tutorial_dag.py
[2024-09-22T11:35:12.433+0000] {processor.py:830} INFO - Processing file /home/airflow/.local/lib/python3.12/site-packages/airflow/example_dags/tutorial_dag.py for tasks to queue
[2024-09-22T11:35:12.434+0000] {logging_mixin.py:188} INFO - [2024-09-22T11:35:12.433+0000] {dagbag.py:545} INFO - Filling up the DagBag from /home/airflow/.local/lib/python3.12/site-packages/airflow/example_dags/tutorial_dag.py
[2024-09-22T11:35:12.441+0000] {processor.py:840} INFO - DAG(s) 'tutorial_dag' retrieved from /home/airflow/.local/lib/python3.12/site-packages/airflow/example_dags/tutorial_dag.py
[2024-09-22T11:35:12.474+0000] {logging_mixin.py:188} INFO - [2024-09-22T11:35:12.473+0000] {dag.py:3089} INFO - Sync 1 DAGs
[2024-09-22T11:35:12.494+0000] {logging_mixin.py:188} INFO - [2024-09-22T11:35:12.494+0000] {dag.py:3947} INFO - Setting next_dagrun for tutorial_dag to None, run_after=None
[2024-09-22T11:35:12.789+0000] {processor.py:183} INFO - Processing /home/airflow/.local/lib/python3.12/site-packages/airflow/example_dags/tutorial_dag.py took 0.367 seconds
[2024-09-22T11:35:46.039+0000] {processor.py:161} INFO - Started process (PID=1963) to work on /home/airflow/.local/lib/python3.12/site-packages/airflow/example_dags/tutorial_dag.py
[2024-09-22T11:35:46.156+0000] {processor.py:830} INFO - Processing file /home/airflow/.local/lib/python3.12/site-packages/airflow/example_dags/tutorial_dag.py for tasks to queue
[2024-09-22T11:35:46.158+0000] {logging_mixin.py:188} INFO - [2024-09-22T11:35:46.157+0000] {dagbag.py:545} INFO - Filling up the DagBag from /home/airflow/.local/lib/python3.12/site-packages/airflow/example_dags/tutorial_dag.py
[2024-09-22T11:35:46.166+0000] {processor.py:840} INFO - DAG(s) 'tutorial_dag' retrieved from /home/airflow/.local/lib/python3.12/site-packages/airflow/example_dags/tutorial_dag.py
[2024-09-22T11:35:46.205+0000] {logging_mixin.py:188} INFO - [2024-09-22T11:35:46.205+0000] {dag.py:3089} INFO - Sync 1 DAGs
[2024-09-22T11:35:46.238+0000] {logging_mixin.py:188} INFO - [2024-09-22T11:35:46.237+0000] {dag.py:3947} INFO - Setting next_dagrun for tutorial_dag to None, run_after=None
[2024-09-22T11:35:46.601+0000] {processor.py:183} INFO - Processing /home/airflow/.local/lib/python3.12/site-packages/airflow/example_dags/tutorial_dag.py took 0.574 seconds
[2024-09-22T11:40:52.111+0000] {processor.py:161} INFO - Started process (PID=2129) to work on /home/airflow/.local/lib/python3.12/site-packages/airflow/example_dags/tutorial_dag.py
[2024-09-22T11:40:52.434+0000] {processor.py:830} INFO - Processing file /home/airflow/.local/lib/python3.12/site-packages/airflow/example_dags/tutorial_dag.py for tasks to queue
[2024-09-22T11:40:52.436+0000] {logging_mixin.py:188} INFO - [2024-09-22T11:40:52.435+0000] {dagbag.py:545} INFO - Filling up the DagBag from /home/airflow/.local/lib/python3.12/site-packages/airflow/example_dags/tutorial_dag.py
[2024-09-22T11:40:52.445+0000] {processor.py:840} INFO - DAG(s) 'tutorial_dag' retrieved from /home/airflow/.local/lib/python3.12/site-packages/airflow/example_dags/tutorial_dag.py
[2024-09-22T11:40:52.501+0000] {logging_mixin.py:188} INFO - [2024-09-22T11:40:52.498+0000] {dag.py:3089} INFO - Sync 1 DAGs
[2024-09-22T11:40:52.528+0000] {logging_mixin.py:188} INFO - [2024-09-22T11:40:52.528+0000] {dag.py:3947} INFO - Setting next_dagrun for tutorial_dag to None, run_after=None
[2024-09-22T11:40:53.713+0000] {processor.py:183} INFO - Processing /home/airflow/.local/lib/python3.12/site-packages/airflow/example_dags/tutorial_dag.py took 1.613 seconds
[2024-09-22T11:41:46.251+0000] {processor.py:161} INFO - Started process (PID=2205) to work on /home/airflow/.local/lib/python3.12/site-packages/airflow/example_dags/tutorial_dag.py
[2024-09-22T11:41:46.365+0000] {processor.py:830} INFO - Processing file /home/airflow/.local/lib/python3.12/site-packages/airflow/example_dags/tutorial_dag.py for tasks to queue
[2024-09-22T11:41:46.368+0000] {logging_mixin.py:188} INFO - [2024-09-22T11:41:46.367+0000] {dagbag.py:545} INFO - Filling up the DagBag from /home/airflow/.local/lib/python3.12/site-packages/airflow/example_dags/tutorial_dag.py
[2024-09-22T11:41:46.386+0000] {processor.py:840} INFO - DAG(s) 'tutorial_dag' retrieved from /home/airflow/.local/lib/python3.12/site-packages/airflow/example_dags/tutorial_dag.py
[2024-09-22T11:41:46.522+0000] {logging_mixin.py:188} INFO - [2024-09-22T11:41:46.522+0000] {dag.py:3089} INFO - Sync 1 DAGs
[2024-09-22T11:41:46.826+0000] {logging_mixin.py:188} INFO - [2024-09-22T11:41:46.825+0000] {dag.py:3947} INFO - Setting next_dagrun for tutorial_dag to None, run_after=None
[2024-09-22T11:41:47.092+0000] {processor.py:183} INFO - Processing /home/airflow/.local/lib/python3.12/site-packages/airflow/example_dags/tutorial_dag.py took 0.880 seconds
[2024-09-22T11:42:20.721+0000] {processor.py:161} INFO - Started process (PID=2272) to work on /home/airflow/.local/lib/python3.12/site-packages/airflow/example_dags/tutorial_dag.py
[2024-09-22T11:42:21.295+0000] {processor.py:830} INFO - Processing file /home/airflow/.local/lib/python3.12/site-packages/airflow/example_dags/tutorial_dag.py for tasks to queue
[2024-09-22T11:42:21.297+0000] {logging_mixin.py:188} INFO - [2024-09-22T11:42:21.297+0000] {dagbag.py:545} INFO - Filling up the DagBag from /home/airflow/.local/lib/python3.12/site-packages/airflow/example_dags/tutorial_dag.py
[2024-09-22T11:42:21.311+0000] {processor.py:840} INFO - DAG(s) 'tutorial_dag' retrieved from /home/airflow/.local/lib/python3.12/site-packages/airflow/example_dags/tutorial_dag.py
[2024-09-22T11:42:21.341+0000] {logging_mixin.py:188} INFO - [2024-09-22T11:42:21.341+0000] {dag.py:3089} INFO - Sync 1 DAGs
[2024-09-22T11:42:21.362+0000] {logging_mixin.py:188} INFO - [2024-09-22T11:42:21.362+0000] {dag.py:3947} INFO - Setting next_dagrun for tutorial_dag to None, run_after=None
[2024-09-22T11:42:22.549+0000] {processor.py:183} INFO - Processing /home/airflow/.local/lib/python3.12/site-packages/airflow/example_dags/tutorial_dag.py took 1.837 seconds
[2024-09-22T11:42:53.264+0000] {processor.py:161} INFO - Started process (PID=2357) to work on /home/airflow/.local/lib/python3.12/site-packages/airflow/example_dags/tutorial_dag.py
[2024-09-22T11:42:53.268+0000] {processor.py:830} INFO - Processing file /home/airflow/.local/lib/python3.12/site-packages/airflow/example_dags/tutorial_dag.py for tasks to queue
[2024-09-22T11:42:53.270+0000] {logging_mixin.py:188} INFO - [2024-09-22T11:42:53.269+0000] {dagbag.py:545} INFO - Filling up the DagBag from /home/airflow/.local/lib/python3.12/site-packages/airflow/example_dags/tutorial_dag.py
[2024-09-22T11:42:53.284+0000] {processor.py:840} INFO - DAG(s) 'tutorial_dag' retrieved from /home/airflow/.local/lib/python3.12/site-packages/airflow/example_dags/tutorial_dag.py
[2024-09-22T11:42:53.366+0000] {logging_mixin.py:188} INFO - [2024-09-22T11:42:53.365+0000] {dag.py:3089} INFO - Sync 1 DAGs
[2024-09-22T11:42:53.404+0000] {logging_mixin.py:188} INFO - [2024-09-22T11:42:53.402+0000] {dag.py:3947} INFO - Setting next_dagrun for tutorial_dag to None, run_after=None
[2024-09-22T11:42:54.994+0000] {processor.py:183} INFO - Processing /home/airflow/.local/lib/python3.12/site-packages/airflow/example_dags/tutorial_dag.py took 1.743 seconds
[2024-09-22T11:43:25.432+0000] {processor.py:161} INFO - Started process (PID=2445) to work on /home/airflow/.local/lib/python3.12/site-packages/airflow/example_dags/tutorial_dag.py
[2024-09-22T11:43:25.433+0000] {processor.py:830} INFO - Processing file /home/airflow/.local/lib/python3.12/site-packages/airflow/example_dags/tutorial_dag.py for tasks to queue
[2024-09-22T11:43:25.435+0000] {logging_mixin.py:188} INFO - [2024-09-22T11:43:25.434+0000] {dagbag.py:545} INFO - Filling up the DagBag from /home/airflow/.local/lib/python3.12/site-packages/airflow/example_dags/tutorial_dag.py
[2024-09-22T11:43:25.447+0000] {processor.py:840} INFO - DAG(s) 'tutorial_dag' retrieved from /home/airflow/.local/lib/python3.12/site-packages/airflow/example_dags/tutorial_dag.py
[2024-09-22T11:43:25.530+0000] {logging_mixin.py:188} INFO - [2024-09-22T11:43:25.530+0000] {dag.py:3089} INFO - Sync 1 DAGs
[2024-09-22T11:43:25.572+0000] {logging_mixin.py:188} INFO - [2024-09-22T11:43:25.571+0000] {dag.py:3947} INFO - Setting next_dagrun for tutorial_dag to None, run_after=None
[2024-09-22T11:43:26.025+0000] {processor.py:183} INFO - Processing /home/airflow/.local/lib/python3.12/site-packages/airflow/example_dags/tutorial_dag.py took 0.606 seconds
[2024-09-22T11:43:56.336+0000] {processor.py:161} INFO - Started process (PID=2534) to work on /home/airflow/.local/lib/python3.12/site-packages/airflow/example_dags/tutorial_dag.py
[2024-09-22T11:43:56.490+0000] {processor.py:830} INFO - Processing file /home/airflow/.local/lib/python3.12/site-packages/airflow/example_dags/tutorial_dag.py for tasks to queue
[2024-09-22T11:43:56.493+0000] {logging_mixin.py:188} INFO - [2024-09-22T11:43:56.492+0000] {dagbag.py:545} INFO - Filling up the DagBag from /home/airflow/.local/lib/python3.12/site-packages/airflow/example_dags/tutorial_dag.py
[2024-09-22T11:43:56.512+0000] {processor.py:840} INFO - DAG(s) 'tutorial_dag' retrieved from /home/airflow/.local/lib/python3.12/site-packages/airflow/example_dags/tutorial_dag.py
[2024-09-22T11:43:56.569+0000] {logging_mixin.py:188} INFO - [2024-09-22T11:43:56.569+0000] {dag.py:3089} INFO - Sync 1 DAGs
[2024-09-22T11:43:56.619+0000] {logging_mixin.py:188} INFO - [2024-09-22T11:43:56.619+0000] {dag.py:3947} INFO - Setting next_dagrun for tutorial_dag to None, run_after=None
[2024-09-22T11:43:57.013+0000] {processor.py:183} INFO - Processing /home/airflow/.local/lib/python3.12/site-packages/airflow/example_dags/tutorial_dag.py took 0.750 seconds
                                                                                                                                                                                                                                                                                                                                                                                                                                                                                                                                                                                                                                                                                                                                                                                                                                                                                                                                                                                                                                                                                                                                                                                                                                                                                            