[2024-09-22T11:13:29.041+0000] {processor.py:161} INFO - Started process (PID=69) to work on /home/airflow/.local/lib/python3.12/site-packages/airflow/example_dags/tutorial.py
[2024-09-22T11:13:29.042+0000] {processor.py:830} INFO - Processing file /home/airflow/.local/lib/python3.12/site-packages/airflow/example_dags/tutorial.py for tasks to queue
[2024-09-22T11:13:29.045+0000] {logging_mixin.py:188} INFO - [2024-09-22T11:13:29.044+0000] {dagbag.py:545} INFO - Filling up the DagBag from /home/airflow/.local/lib/python3.12/site-packages/airflow/example_dags/tutorial.py
[2024-09-22T11:13:29.053+0000] {processor.py:840} INFO - DAG(s) 'tutorial' retrieved from /home/airflow/.local/lib/python3.12/site-packages/airflow/example_dags/tutorial.py
[2024-09-22T11:13:29.105+0000] {logging_mixin.py:188} INFO - [2024-09-22T11:13:29.100+0000] {dag.py:3089} INFO - Sync 1 DAGs
[2024-09-22T11:13:29.228+0000] {logging_mixin.py:188} INFO - [2024-09-22T11:13:29.228+0000] {dag.py:3947} INFO - Setting next_dagrun for tutorial to 2024-09-21 00:00:00+00:00, run_after=2024-09-22 00:00:00+00:00
[2024-09-22T11:13:29.299+0000] {processor.py:183} INFO - Processing /home/airflow/.local/lib/python3.12/site-packages/airflow/example_dags/tutorial.py took 0.268 seconds
[2024-09-22T11:15:16.276+0000] {processor.py:161} INFO - Started process (PID=65) to work on /home/airflow/.local/lib/python3.12/site-packages/airflow/example_dags/tutorial.py
[2024-09-22T11:15:16.341+0000] {processor.py:830} INFO - Processing file /home/airflow/.local/lib/python3.12/site-packages/airflow/example_dags/tutorial.py for tasks to queue
[2024-09-22T11:15:16.344+0000] {logging_mixin.py:188} INFO - [2024-09-22T11:15:16.343+0000] {dagbag.py:545} INFO - Filling up the DagBag from /home/airflow/.local/lib/python3.12/site-packages/airflow/example_dags/tutorial.py
[2024-09-22T11:15:16.351+0000] {processor.py:840} INFO - DAG(s) 'tutorial' retrieved from /home/airflow/.local/lib/python3.12/site-packages/airflow/example_dags/tutorial.py
[2024-09-22T11:15:16.393+0000] {logging_mixin.py:188} INFO - [2024-09-22T11:15:16.393+0000] {dag.py:3089} INFO - Sync 1 DAGs
[2024-09-22T11:15:16.429+0000] {logging_mixin.py:188} INFO - [2024-09-22T11:15:16.428+0000] {dag.py:3947} INFO - Setting next_dagrun for tutorial to 2024-09-22 00:00:00+00:00, run_after=2024-09-23 00:00:00+00:00
[2024-09-22T11:15:16.503+0000] {processor.py:183} INFO - Processing /home/airflow/.local/lib/python3.12/site-packages/airflow/example_dags/tutorial.py took 0.235 seconds
[2024-09-22T11:15:52.853+0000] {processor.py:161} INFO - Started process (PID=129) to work on /home/airflow/.local/lib/python3.12/site-packages/airflow/example_dags/tutorial.py
[2024-09-22T11:15:52.914+0000] {processor.py:830} INFO - Processing file /home/airflow/.local/lib/python3.12/site-packages/airflow/example_dags/tutorial.py for tasks to queue
[2024-09-22T11:15:52.920+0000] {logging_mixin.py:188} INFO - [2024-09-22T11:15:52.916+0000] {dagbag.py:545} INFO - Filling up the DagBag from /home/airflow/.local/lib/python3.12/site-packages/airflow/example_dags/tutorial.py
[2024-09-22T11:15:52.950+0000] {processor.py:840} INFO - DAG(s) 'tutorial' retrieved from /home/airflow/.local/lib/python3.12/site-packages/airflow/example_dags/tutorial.py
[2024-09-22T11:15:53.021+0000] {logging_mixin.py:188} INFO - [2024-09-22T11:15:53.021+0000] {dag.py:3089} INFO - Sync 1 DAGs
[2024-09-22T11:15:53.063+0000] {logging_mixin.py:188} INFO - [2024-09-22T11:15:53.062+0000] {dag.py:3947} INFO - Setting next_dagrun for tutorial to 2024-09-22 00:00:00+00:00, run_after=2024-09-23 00:00:00+00:00
[2024-09-22T11:15:53.348+0000] {processor.py:183} INFO - Processing /home/airflow/.local/lib/python3.12/site-packages/airflow/example_dags/tutorial.py took 0.511 seconds
[2024-09-22T11:16:31.608+0000] {processor.py:161} INFO - Started process (PID=192) to work on /home/airflow/.local/lib/python3.12/site-packages/airflow/example_dags/tutorial.py
[2024-09-22T11:16:31.722+0000] {processor.py:830} INFO - Processing file /home/airflow/.local/lib/python3.12/site-packages/airflow/example_dags/tutorial.py for tasks to queue
[2024-09-22T11:16:31.725+0000] {logging_mixin.py:188} INFO - [2024-09-22T11:16:31.725+0000] {dagbag.py:545} INFO - Filling up the DagBag from /home/airflow/.local/lib/python3.12/site-packages/airflow/example_dags/tutorial.py
[2024-09-22T11:16:31.733+0000] {processor.py:840} INFO - DAG(s) 'tutorial' retrieved from /home/airflow/.local/lib/python3.12/site-packages/airflow/example_dags/tutorial.py
[2024-09-22T11:16:31.775+0000] {logging_mixin.py:188} INFO - [2024-09-22T11:16:31.774+0000] {dag.py:3089} INFO - Sync 1 DAGs
[2024-09-22T11:16:35.309+0000] {logging_mixin.py:188} INFO - [2024-09-22T11:16:35.308+0000] {dag.py:3947} INFO - Setting next_dagrun for tutorial to 2024-09-22 00:00:00+00:00, run_after=2024-09-23 00:00:00+00:00
[2024-09-22T11:16:36.538+0000] {processor.py:183} INFO - Processing /home/airflow/.local/lib/python3.12/site-packages/airflow/example_dags/tutorial.py took 4.943 seconds
[2024-09-22T11:17:22.808+0000] {processor.py:161} INFO - Started process (PID=266) to work on /home/airflow/.local/lib/python3.12/site-packages/airflow/example_dags/tutorial.py
[2024-09-22T11:17:22.891+0000] {processor.py:830} INFO - Processing file /home/airflow/.local/lib/python3.12/site-packages/airflow/example_dags/tutorial.py for tasks to queue
[2024-09-22T11:17:22.893+0000] {logging_mixin.py:188} INFO - [2024-09-22T11:17:22.892+0000] {dagbag.py:545} INFO - Filling up the DagBag from /home/airflow/.local/lib/python3.12/site-packages/airflow/example_dags/tutorial.py
[2024-09-22T11:17:22.934+0000] {processor.py:840} INFO - DAG(s) 'tutorial' retrieved from /home/airflow/.local/lib/python3.12/site-packages/airflow/example_dags/tutorial.py
[2024-09-22T11:17:23.047+0000] {logging_mixin.py:188} INFO - [2024-09-22T11:17:23.046+0000] {dag.py:3089} INFO - Sync 1 DAGs
[2024-09-22T11:17:23.114+0000] {logging_mixin.py:188} INFO - [2024-09-22T11:17:23.113+0000] {dag.py:3947} INFO - Setting next_dagrun for tutorial to 2024-09-22 00:00:00+00:00, run_after=2024-09-23 00:00:00+00:00
[2024-09-22T11:17:23.401+0000] {processor.py:183} INFO - Processing /home/airflow/.local/lib/python3.12/site-packages/airflow/example_dags/tutorial.py took 0.640 seconds
[2024-09-22T11:17:55.174+0000] {processor.py:161} INFO - Started process (PID=350) to work on /home/airflow/.local/lib/python3.12/site-packages/airflow/example_dags/tutorial.py
[2024-09-22T11:17:55.224+0000] {processor.py:830} INFO - Processing file /home/airflow/.local/lib/python3.12/site-packages/airflow/example_dags/tutorial.py for tasks to queue
[2024-09-22T11:17:55.225+0000] {logging_mixin.py:188} INFO - [2024-09-22T11:17:55.224+0000] {dagbag.py:545} INFO - Filling up the DagBag from /home/airflow/.local/lib/python3.12/site-packages/airflow/example_dags/tutorial.py
[2024-09-22T11:17:55.246+0000] {processor.py:840} INFO - DAG(s) 'tutorial' retrieved from /home/airflow/.local/lib/python3.12/site-packages/airflow/example_dags/tutorial.py
[2024-09-22T11:17:55.321+0000] {logging_mixin.py:188} INFO - [2024-09-22T11:17:55.320+0000] {dag.py:3089} INFO - Sync 1 DAGs
[2024-09-22T11:17:55.435+0000] {logging_mixin.py:188} INFO - [2024-09-22T11:17:55.434+0000] {dag.py:3947} INFO - Setting next_dagrun for tutorial to 2024-09-22 00:00:00+00:00, run_after=2024-09-23 00:00:00+00:00
[2024-09-22T11:17:55.639+0000] {processor.py:183} INFO - Processing /home/airflow/.local/lib/python3.12/site-packages/airflow/example_dags/tutorial.py took 0.477 seconds
[2024-09-22T11:18:43.832+0000] {processor.py:161} INFO - Started process (PID=443) to work on /home/airflow/.local/lib/python3.12/site-packages/airflow/example_dags/tutorial.py
[2024-09-22T11:18:43.990+0000] {processor.py:830} INFO - Processing file /home/airflow/.local/lib/python3.12/site-packages/airflow/example_dags/tutorial.py for tasks to queue
[2024-09-22T11:18:43.992+0000] {logging_mixin.py:188} INFO - [2024-09-22T11:18:43.991+0000] {dagbag.py:545} INFO - Filling up the DagBag from /home/airflow/.local/lib/python3.12/site-packages/airflow/example_dags/tutorial.py
[2024-09-22T11:18:44.002+0000] {processor.py:840} INFO - DAG(s) 'tutorial' retrieved from /home/airflow/.local/lib/python3.12/site-packages/airflow/example_dags/tutorial.py
[2024-09-22T11:18:44.800+0000] {logging_mixin.py:188} INFO - [2024-09-22T11:18:44.797+0000] {dag.py:3089} INFO - Sync 1 DAGs
[2024-09-22T11:18:44.877+0000] {logging_mixin.py:188} INFO - [2024-09-22T11:18:44.876+0000] {dag.py:3947} INFO - Setting next_dagrun for tutorial to 2024-09-22 00:00:00+00:00, run_after=2024-09-23 00:00:00+00:00
[2024-09-22T11:18:45.690+0000] {processor.py:183} INFO - Processing /home/airflow/.local/lib/python3.12/site-packages/airflow/example_dags/tutorial.py took 1.868 seconds
[2024-09-22T11:19:21.867+0000] {processor.py:161} INFO - Started process (PID=518) to work on /home/airflow/.local/lib/python3.12/site-packages/airflow/example_dags/tutorial.py
[2024-09-22T11:19:21.878+0000] {processor.py:830} INFO - Processing file /home/airflow/.local/lib/python3.12/site-packages/airflow/example_dags/tutorial.py for tasks to queue
[2024-09-22T11:19:21.880+0000] {logging_mixin.py:188} INFO - [2024-09-22T11:19:21.880+0000] {dagbag.py:545} INFO - Filling up the DagBag from /home/airflow/.local/lib/python3.12/site-packages/airflow/example_dags/tutorial.py
[2024-09-22T11:19:21.896+0000] {processor.py:840} INFO - DAG(s) 'tutorial' retrieved from /home/airflow/.local/lib/python3.12/site-packages/airflow/example_dags/tutorial.py
[2024-09-22T11:19:22.011+0000] {logging_mixin.py:188} INFO - [2024-09-22T11:19:22.011+0000] {dag.py:3089} INFO - Sync 1 DAGs
[2024-09-22T11:19:22.180+0000] {logging_mixin.py:188} INFO - [2024-09-22T11:19:22.180+0000] {dag.py:3947} INFO - Setting next_dagrun for tutorial to 2024-09-22 00:00:00+00:00, run_after=2024-09-23 00:00:00+00:00
[2024-09-22T11:19:22.521+0000] {processor.py:183} INFO - Processing /home/airflow/.local/lib/python3.12/site-packages/airflow/example_dags/tutorial.py took 0.674 seconds
[2024-09-22T11:19:53.417+0000] {processor.py:161} INFO - Started process (PID=587) to work on /home/airflow/.local/lib/python3.12/site-packages/airflow/example_dags/tutorial.py
[2024-09-22T11:19:53.549+0000] {processor.py:830} INFO - Processing file /home/airflow/.local/lib/python3.12/site-packages/airflow/example_dags/tutorial.py for tasks to queue
[2024-09-22T11:19:53.551+0000] {logging_mixin.py:188} INFO - [2024-09-22T11:19:53.550+0000] {dagbag.py:545} INFO - Filling up the DagBag from /home/airflow/.local/lib/python3.12/site-packages/airflow/example_dags/tutorial.py
[2024-09-22T11:19:53.584+0000] {processor.py:840} INFO - DAG(s) 'tutorial' retrieved from /home/airflow/.local/lib/python3.12/site-packages/airflow/example_dags/tutorial.py
[2024-09-22T11:19:53.669+0000] {logging_mixin.py:188} INFO - [2024-09-22T11:19:53.667+0000] {dag.py:3089} INFO - Sync 1 DAGs
[2024-09-22T11:19:53.737+0000] {logging_mixin.py:188} INFO - [2024-09-22T11:19:53.736+0000] {dag.py:3947} INFO - Setting next_dagrun for tutorial to 2024-09-22 00:00:00+00:00, run_after=2024-09-23 00:00:00+00:00
[2024-09-22T11:19:54.002+0000] {processor.py:183} INFO - Processing /home/airflow/.local/lib/python3.12/site-packages/airflow/example_dags/tutorial.py took 0.598 seconds
[2024-09-22T11:20:41.617+0000] {processor.py:161} INFO - Started process (PID=672) to work on /home/airflow/.local/lib/python3.12/site-packages/airflow/example_dags/tutorial.py
[2024-09-22T11:20:41.788+0000] {processor.py:830} INFO - Processing file /home/airflow/.local/lib/python3.12/site-packages/airflow/example_dags/tutorial.py for tasks to queue
[2024-09-22T11:20:41.792+0000] {logging_mixin.py:188} INFO - [2024-09-22T11:20:41.789+0000] {dagbag.py:545} INFO - Filling up the DagBag from /home/airflow/.local/lib/python3.12/site-packages/airflow/example_dags/tutorial.py
[2024-09-22T11:20:41.821+0000] {processor.py:840} INFO - DAG(s) 'tutorial' retrieved from /home/airflow/.local/lib/python3.12/site-packages/airflow/example_dags/tutorial.py
[2024-09-22T11:20:41.910+0000] {logging_mixin.py:188} INFO - [2024-09-22T11:20:41.910+0000] {dag.py:3089} INFO - Sync 1 DAGs
[2024-09-22T11:20:42.021+0000] {logging_mixin.py:188} INFO - [2024-09-22T11:20:42.021+0000] {dag.py:3947} INFO - Setting next_dagrun for tutorial to 2024-09-22 00:00:00+00:00, run_after=2024-09-23 00:00:00+00:00
[2024-09-22T11:20:42.322+0000] {processor.py:183} INFO - Processing /home/airflow/.local/lib/python3.12/site-packages/airflow/example_dags/tutorial.py took 0.728 seconds
[2024-09-22T11:21:13.179+0000] {processor.py:161} INFO - Started process (PID=746) to work on /home/airflow/.local/lib/python3.12/site-packages/airflow/example_dags/tutorial.py
[2024-09-22T11:21:13.395+0000] {processor.py:830} INFO - Processing file /home/airflow/.local/lib/python3.12/site-packages/airflow/example_dags/tutorial.py for tasks to queue
[2024-09-22T11:21:13.397+0000] {logging_mixin.py:188} INFO - [2024-09-22T11:21:13.396+0000] {dagbag.py:545} INFO - Filling up the DagBag from /home/airflow/.local/lib/python3.12/site-packages/airflow/example_dags/tutorial.py
[2024-09-22T11:21:13.411+0000] {processor.py:840} INFO - DAG(s) 'tutorial' retrieved from /home/airflow/.local/lib/python3.12/site-packages/airflow/example_dags/tutorial.py
[2024-09-22T11:21:13.457+0000] {logging_mixin.py:188} INFO - [2024-09-22T11:21:13.456+0000] {dag.py:3089} INFO - Sync 1 DAGs
[2024-09-22T11:21:13.516+0000] {logging_mixin.py:188} INFO - [2024-09-22T11:21:13.515+0000] {dag.py:3947} INFO - Setting next_dagrun for tutorial to 2024-09-22 00:00:00+00:00, run_after=2024-09-23 00:00:00+00:00
[2024-09-22T11:21:13.954+0000] {processor.py:183} INFO - Processing /home/airflow/.local/lib/python3.12/site-packages/airflow/example_dags/tutorial.py took 0.802 seconds
[2024-09-22T11:22:39.882+0000] {processor.py:161} INFO - Started process (PID=837) to work on /home/airflow/.local/lib/python3.12/site-packages/airflow/example_dags/tutorial.py
[2024-09-22T11:22:40.262+0000] {processor.py:830} INFO - Processing file /home/airflow/.local/lib/python3.12/site-packages/airflow/example_dags/tutorial.py for tasks to queue
[2024-09-22T11:22:40.264+0000] {logging_mixin.py:188} INFO - [2024-09-22T11:22:40.263+0000] {dagbag.py:545} INFO - Filling up the DagBag from /home/airflow/.local/lib/python3.12/site-packages/airflow/example_dags/tutorial.py
[2024-09-22T11:22:40.275+0000] {processor.py:840} INFO - DAG(s) 'tutorial' retrieved from /home/airflow/.local/lib/python3.12/site-packages/airflow/example_dags/tutorial.py
[2024-09-22T11:22:40.308+0000] {logging_mixin.py:188} INFO - [2024-09-22T11:22:40.308+0000] {dag.py:3089} INFO - Sync 1 DAGs
[2024-09-22T11:22:40.347+0000] {logging_mixin.py:188} INFO - [2024-09-22T11:22:40.347+0000] {dag.py:3947} INFO - Setting next_dagrun for tutorial to 2024-09-22 00:00:00+00:00, run_after=2024-09-23 00:00:00+00:00
[2024-09-22T11:22:40.876+0000] {processor.py:183} INFO - Processing /home/airflow/.local/lib/python3.12/site-packages/airflow/example_dags/tutorial.py took 1.009 seconds
[2024-09-22T11:23:15.830+0000] {processor.py:161} INFO - Started process (PID=894) to work on /home/airflow/.local/lib/python3.12/site-packages/airflow/example_dags/tutorial.py
[2024-09-22T11:23:15.935+0000] {processor.py:830} INFO - Processing file /home/airflow/.local/lib/python3.12/site-packages/airflow/example_dags/tutorial.py for tasks to queue
[2024-09-22T11:23:15.937+0000] {logging_mixin.py:188} INFO - [2024-09-22T11:23:15.936+0000] {dagbag.py:545} INFO - Filling up the DagBag from /home/airflow/.local/lib/python3.12/site-packages/airflow/example_dags/tutorial.py
[2024-09-22T11:23:15.977+0000] {processor.py:840} INFO - DAG(s) 'tutorial' retrieved from /home/airflow/.local/lib/python3.12/site-packages/airflow/example_dags/tutorial.py
[2024-09-22T11:23:16.121+0000] {logging_mixin.py:188} INFO - [2024-09-22T11:23:16.120+0000] {dag.py:3089} INFO - Sync 1 DAGs
[2024-09-22T11:23:16.182+0000] {logging_mixin.py:188} INFO - [2024-09-22T11:23:16.182+0000] {dag.py:3947} INFO - Setting next_dagrun for tutorial to 2024-09-22 00:00:00+00:00, run_after=2024-09-23 00:00:00+00:00
[2024-09-22T11:23:16.446+0000] {processor.py:183} INFO - Processing /home/airflow/.local/lib/python3.12/site-packages/airflow/example_dags/tutorial.py took 0.627 seconds
[2024-09-22T11:24:27.170+0000] {processor.py:161} INFO - Started process (PID=961) to work on /home/airflow/.local/lib/python3.12/site-packages/airflow/example_dags/tutorial.py
[2024-09-22T11:24:28.157+0000] {processor.py:830} INFO - Processing file /home/airflow/.local/lib/python3.12/site-packages/airflow/example_dags/tutorial.py for tasks to queue
[2024-09-22T11:24:28.167+0000] {logging_mixin.py:188} INFO - [2024-09-22T11:24:28.163+0000] {dagbag.py:545} INFO - Filling up the DagBag from /home/airflow/.local/lib/python3.12/site-packages/airflow/example_dags/tutorial.py
[2024-09-22T11:24:28.610+0000] {processor.py:840} INFO - DAG(s) 'tutorial' retrieved from /home/airflow/.local/lib/python3.12/site-packages/airflow/example_dags/tutorial.py
[2024-09-22T11:24:28.810+0000] {logging_mixin.py:188} INFO - [2024-09-22T11:24:28.807+0000] {dag.py:3089} INFO - Sync 1 DAGs
[2024-09-22T11:24:29.035+0000] {logging_mixin.py:188} INFO - [2024-09-22T11:24:29.034+0000] {dag.py:3947} INFO - Setting next_dagrun for tutorial to 2024-09-22 00:00:00+00:00, run_after=2024-09-23 00:00:00+00:00
[2024-09-22T11:24:29.458+0000] {processor.py:183} INFO - Processing /home/airflow/.local/lib/python3.12/site-packages/airflow/example_dags/tutorial.py took 2.298 seconds
[2024-09-22T11:25:31.880+0000] {processor.py:161} INFO - Started process (PID=1034) to work on /home/airflow/.local/lib/python3.12/site-packages/airflow/example_dags/tutorial.py
[2024-09-22T11:25:32.207+0000] {processor.py:830} INFO - Processing file /home/airflow/.local/lib/python3.12/site-packages/airflow/example_dags/tutorial.py for tasks to queue
[2024-09-22T11:25:32.209+0000] {logging_mixin.py:188} INFO - [2024-09-22T11:25:32.208+0000] {dagbag.py:545} INFO - Filling up the DagBag from /home/airflow/.local/lib/python3.12/site-packages/airflow/example_dags/tutorial.py
[2024-09-22T11:25:32.224+0000] {processor.py:840} INFO - DAG(s) 'tutorial' retrieved from /home/airflow/.local/lib/python3.12/site-packages/airflow/example_dags/tutorial.py
[2024-09-22T11:25:32.261+0000] {logging_mixin.py:188} INFO - [2024-09-22T11:25:32.260+0000] {dag.py:3089} INFO - Sync 1 DAGs
[2024-09-22T11:25:32.297+0000] {logging_mixin.py:188} INFO - [2024-09-22T11:25:32.297+0000] {dag.py:3947} INFO - Setting next_dagrun for tutorial to 2024-09-22 00:00:00+00:00, run_after=2024-09-23 00:00:00+00:00
[2024-09-22T11:25:32.620+0000] {processor.py:183} INFO - Processing /home/airflow/.local/lib/python3.12/site-packages/airflow/example_dags/tutorial.py took 0.758 seconds
[2024-09-22T11:26:47.539+0000] {processor.py:161} INFO - Started process (PID=1100) to work on /home/airflow/.local/lib/python3.12/site-packages/airflow/example_dags/tutorial.py
[2024-09-22T11:26:47.847+0000] {processor.py:830} INFO - Processing file /home/airflow/.local/lib/python3.12/site-packages/airflow/example_dags/tutorial.py for tasks to queue
[2024-09-22T11:26:47.849+0000] {logging_mixin.py:188} INFO - [2024-09-22T11:26:47.849+0000] {dagbag.py:545} INFO - Filling up the DagBag from /home/airflow/.local/lib/python3.12/site-packages/airflow/example_dags/tutorial.py
[2024-09-22T11:26:47.865+0000] {processor.py:840} INFO - DAG(s) 'tutorial' retrieved from /home/airflow/.local/lib/python3.12/site-packages/airflow/example_dags/tutorial.py
[2024-09-22T11:26:47.919+0000] {logging_mixin.py:188} INFO - [2024-09-22T11:26:47.918+0000] {dag.py:3089} INFO - Sync 1 DAGs
[2024-09-22T11:26:47.981+0000] {logging_mixin.py:188} INFO - [2024-09-22T11:26:47.980+0000] {dag.py:3947} INFO - Setting next_dagrun for tutorial to 2024-09-22 00:00:00+00:00, run_after=2024-09-23 00:00:00+00:00
[2024-09-22T11:26:48.271+0000] {processor.py:183} INFO - Processing /home/airflow/.local/lib/python3.12/site-packages/airflow/example_dags/tutorial.py took 0.740 seconds
[2024-09-22T11:28:15.756+0000] {processor.py:161} INFO - Started process (PID=1172) to work on /home/airflow/.local/lib/python3.12/site-packages/airflow/example_dags/tutorial.py
[2024-09-22T11:28:15.834+0000] {processor.py:830} INFO - Processing file /home/airflow/.local/lib/python3.12/site-packages/airflow/example_dags/tutorial.py for tasks to queue
[2024-09-22T11:28:15.836+0000] {logging_mixin.py:188} INFO - [2024-09-22T11:28:15.835+0000] {dagbag.py:545} INFO - Filling up the DagBag from /home/airflow/.local/lib/python3.12/site-packages/airflow/example_dags/tutorial.py
[2024-09-22T11:28:15.848+0000] {processor.py:840} INFO - DAG(s) 'tutorial' retrieved from /home/airflow/.local/lib/python3.12/site-packages/airflow/example_dags/tutorial.py
[2024-09-22T11:28:15.892+0000] {logging_mixin.py:188} INFO - [2024-09-22T11:28:15.891+0000] {dag.py:3089} INFO - Sync 1 DAGs
[2024-09-22T11:28:15.956+0000] {logging_mixin.py:188} INFO - [2024-09-22T11:28:15.955+0000] {dag.py:3947} INFO - Setting next_dagrun for tutorial to 2024-09-22 00:00:00+00:00, run_after=2024-09-23 00:00:00+00:00
[2024-09-22T11:28:16.311+0000] {processor.py:183} INFO - Processing /home/airflow/.local/lib/python3.12/site-packages/airflow/example_dags/tutorial.py took 0.579 seconds
[2024-09-22T11:28:58.994+0000] {processor.py:161} INFO - Started process (PID=1246) to work on /home/airflow/.local/lib/python3.12/site-packages/airflow/example_dags/tutorial.py
[2024-09-22T11:28:59.214+0000] {processor.py:830} INFO - Processing file /home/airflow/.local/lib/python3.12/site-packages/airflow/example_dags/tutorial.py for tasks to queue
[2024-09-22T11:28:59.218+0000] {logging_mixin.py:188} INFO - [2024-09-22T11:28:59.216+0000] {dagbag.py:545} INFO - Filling up the DagBag from /home/airflow/.local/lib/python3.12/site-packages/airflow/example_dags/tutorial.py
[2024-09-22T11:28:59.249+0000] {processor.py:840} INFO - DAG(s) 'tutorial' retrieved from /home/airflow/.local/lib/python3.12/site-packages/airflow/example_dags/tutorial.py
[2024-09-22T11:28:59.463+0000] {logging_mixin.py:188} INFO - [2024-09-22T11:28:59.461+0000] {dag.py:3089} INFO - Sync 1 DAGs
[2024-09-22T11:28:59.776+0000] {logging_mixin.py:188} INFO - [2024-09-22T11:28:59.774+0000] {dag.py:3947} INFO - Setting next_dagrun for tutorial to 2024-09-22 00:00:00+00:00, run_after=2024-09-23 00:00:00+00:00
[2024-09-22T11:29:00.197+0000] {processor.py:183} INFO - Processing /home/airflow/.local/lib/python3.12/site-packages/airflow/example_dags/tutorial.py took 1.210 seconds
[2024-09-22T11:29:32.445+0000] {processor.py:161} INFO - Started process (PID=1312) to work on /home/airflow/.local/lib/python3.12/site-packages/airflow/example_dags/tutorial.py
[2024-09-22T11:29:32.447+0000] {processor.py:830} INFO - Processing file /home/airflow/.local/lib/python3.12/site-packages/airflow/example_dags/tutorial.py for tasks to queue
[2024-09-22T11:29:32.448+0000] {logging_mixin.py:188} INFO - [2024-09-22T11:29:32.447+0000] {dagbag.py:545} INFO - Filling up the DagBag from /home/airflow/.local/lib/python3.12/site-packages/airflow/example_dags/tutorial.py
[2024-09-22T11:29:32.458+0000] {processor.py:840} INFO - DAG(s) 'tutorial' retrieved from /home/airflow/.local/lib/python3.12/site-packages/airflow/example_dags/tutorial.py
[2024-09-22T11:29:32.484+0000] {logging_mixin.py:188} INFO - [2024-09-22T11:29:32.484+0000] {dag.py:3089} INFO - Sync 1 DAGs
[2024-09-22T11:29:32.513+0000] {logging_mixin.py:188} INFO - [2024-09-22T11:29:32.512+0000] {dag.py:3947} INFO - Setting next_dagrun for tutorial to 2024-09-22 00:00:00+00:00, run_after=2024-09-23 00:00:00+00:00
[2024-09-22T11:29:32.715+0000] {processor.py:183} INFO - Processing /home/airflow/.local/lib/python3.12/site-packages/airflow/example_dags/tutorial.py took 0.278 seconds
[2024-09-22T11:30:04.506+0000] {processor.py:161} INFO - Started process (PID=1370) to work on /home/airflow/.local/lib/python3.12/site-packages/airflow/example_dags/tutorial.py
[2024-09-22T11:30:04.617+0000] {processor.py:830} INFO - Processing file /home/airflow/.local/lib/python3.12/site-packages/airflow/example_dags/tutorial.py for tasks to queue
[2024-09-22T11:30:04.620+0000] {logging_mixin.py:188} INFO - [2024-09-22T11:30:04.619+0000] {dagbag.py:545} INFO - Filling up the DagBag from /home/airflow/.local/lib/python3.12/site-packages/airflow/example_dags/tutorial.py
[2024-09-22T11:30:04.638+0000] {processor.py:840} INFO - DAG(s) 'tutorial' retrieved from /home/airflow/.local/lib/python3.12/site-packages/airflow/example_dags/tutorial.py
[2024-09-22T11:30:04.702+0000] {logging_mixin.py:188} INFO - [2024-09-22T11:30:04.701+0000] {dag.py:3089} INFO - Sync 1 DAGs
[2024-09-22T11:30:04.821+0000] {logging_mixin.py:188} INFO - [2024-09-22T11:30:04.819+0000] {dag.py:3947} INFO - Setting next_dagrun for tutorial to 2024-09-22 00:00:00+00:00, run_after=2024-09-23 00:00:00+00:00
[2024-09-22T11:30:05.426+0000] {processor.py:183} INFO - Processing /home/airflow/.local/lib/python3.12/site-packages/airflow/example_dags/tutorial.py took 0.932 seconds
[2024-09-22T11:30:37.856+0000] {processor.py:161} INFO - Started process (PID=1451) to work on /home/airflow/.local/lib/python3.12/site-packages/airflow/example_dags/tutorial.py
[2024-09-22T11:30:38.045+0000] {processor.py:830} INFO - Processing file /home/airflow/.local/lib/python3.12/site-packages/airflow/example_dags/tutorial.py for tasks to queue
[2024-09-22T11:30:38.048+0000] {logging_mixin.py:188} INFO - [2024-09-22T11:30:38.047+0000] {dagbag.py:545} INFO - Filling up the DagBag from /home/airflow/.local/lib/python3.12/site-packages/airflow/example_dags/tutorial.py
[2024-09-22T11:30:38.065+0000] {processor.py:840} INFO - DAG(s) 'tutorial' retrieved from /home/airflow/.local/lib/python3.12/site-packages/airflow/example_dags/tutorial.py
[2024-09-22T11:30:38.138+0000] {logging_mixin.py:188} INFO - [2024-09-22T11:30:38.138+0000] {dag.py:3089} INFO - Sync 1 DAGs
[2024-09-22T11:30:38.228+0000] {logging_mixin.py:188} INFO - [2024-09-22T11:30:38.227+0000] {dag.py:3947} INFO - Setting next_dagrun for tutorial to 2024-09-22 00:00:00+00:00, run_after=2024-09-23 00:00:00+00:00
[2024-09-22T11:30:39.550+0000] {processor.py:183} INFO - Processing /home/airflow/.local/lib/python3.12/site-packages/airflow/example_dags/tutorial.py took 1.701 seconds
[2024-09-22T11:31:10.631+0000] {processor.py:161} INFO - Started process (PID=1512) to work on /home/airflow/.local/lib/python3.12/site-packages/airflow/example_dags/tutorial.py
[2024-09-22T11:31:10.632+0000] {processor.py:830} INFO - Processing file /home/airflow/.local/lib/python3.12/site-packages/airflow/example_dags/tutorial.py for tasks to queue
[2024-09-22T11:31:10.637+0000] {logging_mixin.py:188} INFO - [2024-09-22T11:31:10.633+0000] {dagbag.py:545} INFO - Filling up the DagBag from /home/airflow/.local/lib/python3.12/site-packages/airflow/example_dags/tutorial.py
[2024-09-22T11:31:10.654+0000] {processor.py:840} INFO - DAG(s) 'tutorial' retrieved from /home/airflow/.local/lib/python3.12/site-packages/airflow/example_dags/tutorial.py
[2024-09-22T11:31:10.690+0000] {logging_mixin.py:188} INFO - [2024-09-22T11:31:10.690+0000] {dag.py:3089} INFO - Sync 1 DAGs
[2024-09-22T11:31:10.737+0000] {logging_mixin.py:188} INFO - [2024-09-22T11:31:10.737+0000] {dag.py:3947} INFO - Setting next_dagrun for tutorial to 2024-09-22 00:00:00+00:00, run_after=2024-09-23 00:00:00+00:00
[2024-09-22T11:31:11.626+0000] {processor.py:183} INFO - Processing /home/airflow/.local/lib/python3.12/site-packages/airflow/example_dags/tutorial.py took 1.019 seconds
[2024-09-22T11:32:54.357+0000] {processor.py:161} INFO - Started process (PID=1638) to work on /home/airflow/.local/lib/python3.12/site-packages/airflow/example_dags/tutorial.py
[2024-09-22T11:32:54.650+0000] {processor.py:830} INFO - Processing file /home/airflow/.local/lib/python3.12/site-packages/airflow/example_dags/tutorial.py for tasks to queue
[2024-09-22T11:32:54.652+0000] {logging_mixin.py:188} INFO - [2024-09-22T11:32:54.651+0000] {dagbag.py:545} INFO - Filling up the DagBag from /home/airflow/.local/lib/python3.12/site-packages/airflow/example_dags/tutorial.py
[2024-09-22T11:32:54.669+0000] {processor.py:840} INFO - DAG(s) 'tutorial' retrieved from /home/airflow/.local/lib/python3.12/site-packages/airflow/example_dags/tutorial.py
[2024-09-22T11:32:54.703+0000] {logging_mixin.py:188} INFO - [2024-09-22T11:32:54.703+0000] {dag.py:3089} INFO - Sync 1 DAGs
[2024-09-22T11:32:54.743+0000] {logging_mixin.py:188} INFO - [2024-09-22T11:32:54.743+0000] {dag.py:3947} INFO - Setting next_dagrun for tutorial to 2024-09-22 00:00:00+00:00, run_after=2024-09-23 00:00:00+00:00
[2024-09-22T11:32:55.014+0000] {processor.py:183} INFO - Processing /home/airflow/.local/lib/python3.12/site-packages/airflow/example_dags/tutorial.py took 0.678 seconds
[2024-09-22T11:33:36.696+0000] {processor.py:161} INFO - Started process (PID=1709) to work on /home/airflow/.local/lib/python3.12/site-packages/airflow/example_dags/tutorial.py
[2024-09-22T11:33:36.739+0000] {processor.py:830} INFO - Processing file /home/airflow/.local/lib/python3.12/site-packages/airflow/example_dags/tutorial.py for tasks to queue
[2024-09-22T11:33:36.741+0000] {logging_mixin.py:188} INFO - [2024-09-22T11:33:36.740+0000] {dagbag.py:545} INFO - Filling up the DagBag from /home/airflow/.local/lib/python3.12/site-packages/airflow/example_dags/tutorial.py
[2024-09-22T11:33:36.750+0000] {processor.py:840} INFO - DAG(s) 'tutorial' retrieved from /home/airflow/.local/lib/python3.12/site-packages/airflow/example_dags/tutorial.py
[2024-09-22T11:33:36.785+0000] {logging_mixin.py:188} INFO - [2024-09-22T11:33:36.784+0000] {dag.py:3089} INFO - Sync 1 DAGs
[2024-09-22T11:33:36.831+0000] {logging_mixin.py:188} INFO - [2024-09-22T11:33:36.831+0000] {dag.py:3947} INFO - Setting next_dagrun for tutorial to 2024-09-22 00:00:00+00:00, run_after=2024-09-23 00:00:00+00:00
[2024-09-22T11:33:37.186+0000] {processor.py:183} INFO - Processing /home/airflow/.local/lib/python3.12/site-packages/airflow/example_dags/tutorial.py took 0.503 seconds
[2024-09-22T11:34:07.739+0000] {processor.py:161} INFO - Started process (PID=1779) to work on /home/airflow/.local/lib/python3.12/site-packages/airflow/example_dags/tutorial.py
[2024-09-22T11:34:07.740+0000] {processor.py:830} INFO - Processing file /home/airflow/.local/lib/python3.12/site-packages/airflow/example_dags/tutorial.py for tasks to queue
[2024-09-22T11:34:07.742+0000] {logging_mixin.py:188} INFO - [2024-09-22T11:34:07.741+0000] {dagbag.py:545} INFO - Filling up the DagBag from /home/airflow/.local/lib/python3.12/site-packages/airflow/example_dags/tutorial.py
[2024-09-22T11:34:07.751+0000] {processor.py:840} INFO - DAG(s) 'tutorial' retrieved from /home/airflow/.local/lib/python3.12/site-packages/airflow/example_dags/tutorial.py
[2024-09-22T11:34:07.777+0000] {logging_mixin.py:188} INFO - [2024-09-22T11:34:07.777+0000] {dag.py:3089} INFO - Sync 1 DAGs
[2024-09-22T11:34:07.816+0000] {logging_mixin.py:188} INFO - [2024-09-22T11:34:07.815+0000] {dag.py:3947} INFO - Setting next_dagrun for tutorial to 2024-09-22 00:00:00+00:00, run_after=2024-09-23 00:00:00+00:00
[2024-09-22T11:34:09.627+0000] {processor.py:183} INFO - Processing /home/airflow/.local/lib/python3.12/site-packages/airflow/example_dags/tutorial.py took 1.899 seconds
[2024-09-22T11:34:40.350+0000] {processor.py:161} INFO - Started process (PID=1842) to work on /home/airflow/.local/lib/python3.12/site-packages/airflow/example_dags/tutorial.py
[2024-09-22T11:34:40.522+0000] {processor.py:830} INFO - Processing file /home/airflow/.local/lib/python3.12/site-packages/airflow/example_dags/tutorial.py for tasks to queue
[2024-09-22T11:34:40.525+0000] {logging_mixin.py:188} INFO - [2024-09-22T11:34:40.524+0000] {dagbag.py:545} INFO - Filling up the DagBag from /home/airflow/.local/lib/python3.12/site-packages/airflow/example_dags/tutorial.py
[2024-09-22T11:34:40.545+0000] {processor.py:840} INFO - DAG(s) 'tutorial' retrieved from /home/airflow/.local/lib/python3.12/site-packages/airflow/example_dags/tutorial.py
[2024-09-22T11:34:40.604+0000] {logging_mixin.py:188} INFO - [2024-09-22T11:34:40.603+0000] {dag.py:3089} INFO - Sync 1 DAGs
[2024-09-22T11:34:40.662+0000] {logging_mixin.py:188} INFO - [2024-09-22T11:34:40.661+0000] {dag.py:3947} INFO - Setting next_dagrun for tutorial to 2024-09-22 00:00:00+00:00, run_after=2024-09-23 00:00:00+00:00
[2024-09-22T11:34:41.056+0000] {processor.py:183} INFO - Processing /home/airflow/.local/lib/python3.12/site-packages/airflow/example_dags/tutorial.py took 0.752 seconds
[2024-09-22T11:35:11.790+0000] {processor.py:161} INFO - Started process (PID=1900) to work on /home/airflow/.local/lib/python3.12/site-packages/airflow/example_dags/tutorial.py
[2024-09-22T11:35:11.829+0000] {processor.py:830} INFO - Processing file /home/airflow/.local/lib/python3.12/site-packages/airflow/example_dags/tutorial.py for tasks to queue
[2024-09-22T11:35:11.831+0000] {logging_mixin.py:188} INFO - [2024-09-22T11:35:11.830+0000] {dagbag.py:545} INFO - Filling up the DagBag from /home/airflow/.local/lib/python3.12/site-packages/airflow/example_dags/tutorial.py
[2024-09-22T11:35:11.844+0000] {processor.py:840} INFO - DAG(s) 'tutorial' retrieved from /home/airflow/.local/lib/python3.12/site-packages/airflow/example_dags/tutorial.py
[2024-09-22T11:35:11.884+0000] {logging_mixin.py:188} INFO - [2024-09-22T11:35:11.883+0000] {dag.py:3089} INFO - Sync 1 DAGs
[2024-09-22T11:35:11.944+0000] {logging_mixin.py:188} INFO - [2024-09-22T11:35:11.943+0000] {dag.py:3947} INFO - Setting next_dagrun for tutorial to 2024-09-22 00:00:00+00:00, run_after=2024-09-23 00:00:00+00:00
[2024-09-22T11:35:12.385+0000] {processor.py:183} INFO - Processing /home/airflow/.local/lib/python3.12/site-packages/airflow/example_dags/tutorial.py took 0.606 seconds
[2024-09-22T11:35:45.723+0000] {processor.py:161} INFO - Started process (PID=1962) to work on /home/airflow/.local/lib/python3.12/site-packages/airflow/example_dags/tutorial.py
[2024-09-22T11:35:45.724+0000] {processor.py:830} INFO - Processing file /home/airflow/.local/lib/python3.12/site-packages/airflow/example_dags/tutorial.py for tasks to queue
[2024-09-22T11:35:45.726+0000] {logging_mixin.py:188} INFO - [2024-09-22T11:35:45.726+0000] {dagbag.py:545} INFO - Filling up the DagBag from /home/airflow/.local/lib/python3.12/site-packages/airflow/example_dags/tutorial.py
[2024-09-22T11:35:45.743+0000] {processor.py:840} INFO - DAG(s) 'tutorial' retrieved from /home/airflow/.local/lib/python3.12/site-packages/airflow/example_dags/tutorial.py
[2024-09-22T11:35:45.832+0000] {logging_mixin.py:188} INFO - [2024-09-22T11:35:45.832+0000] {dag.py:3089} INFO - Sync 1 DAGs
[2024-09-22T11:35:45.884+0000] {logging_mixin.py:188} INFO - [2024-09-22T11:35:45.884+0000] {dag.py:3947} INFO - Setting next_dagrun for tutorial to 2024-09-22 00:00:00+00:00, run_after=2024-09-23 00:00:00+00:00
[2024-09-22T11:35:46.058+0000] {processor.py:183} INFO - Processing /home/airflow/.local/lib/python3.12/site-packages/airflow/example_dags/tutorial.py took 0.351 seconds
[2024-09-22T11:40:05.467+0000] {processor.py:161} INFO - Started process (PID=2122) to work on /home/airflow/.local/lib/python3.12/site-packages/airflow/example_dags/tutorial.py
[2024-09-22T11:40:05.592+0000] {processor.py:830} INFO - Processing file /home/airflow/.local/lib/python3.12/site-packages/airflow/example_dags/tutorial.py for tasks to queue
[2024-09-22T11:40:05.594+0000] {logging_mixin.py:188} INFO - [2024-09-22T11:40:05.593+0000] {dagbag.py:545} INFO - Filling up the DagBag from /home/airflow/.local/lib/python3.12/site-packages/airflow/example_dags/tutorial.py
[2024-09-22T11:40:05.604+0000] {processor.py:840} INFO - DAG(s) 'tutorial' retrieved from /home/airflow/.local/lib/python3.12/site-packages/airflow/example_dags/tutorial.py
[2024-09-22T11:40:05.636+0000] {logging_mixin.py:188} INFO - [2024-09-22T11:40:05.635+0000] {dag.py:3089} INFO - Sync 1 DAGs
[2024-09-22T11:40:12.773+0000] {logging_mixin.py:188} INFO - [2024-09-22T11:40:12.773+0000] {dag.py:3947} INFO - Setting next_dagrun for tutorial to 2024-09-22 00:00:00+00:00, run_after=2024-09-23 00:00:00+00:00
[2024-09-22T11:40:29.664+0000] {processor.py:183} INFO - Processing /home/airflow/.local/lib/python3.12/site-packages/airflow/example_dags/tutorial.py took 24.209 seconds
[2024-09-22T11:41:44.644+0000] {processor.py:161} INFO - Started process (PID=2198) to work on /home/airflow/.local/lib/python3.12/site-packages/airflow/example_dags/tutorial.py
[2024-09-22T11:41:44.859+0000] {processor.py:830} INFO - Processing file /home/airflow/.local/lib/python3.12/site-packages/airflow/example_dags/tutorial.py for tasks to queue
[2024-09-22T11:41:44.878+0000] {logging_mixin.py:188} INFO - [2024-09-22T11:41:44.868+0000] {dagbag.py:545} INFO - Filling up the DagBag from /home/airflow/.local/lib/python3.12/site-packages/airflow/example_dags/tutorial.py
[2024-09-22T11:41:45.083+0000] {processor.py:840} INFO - DAG(s) 'tutorial' retrieved from /home/airflow/.local/lib/python3.12/site-packages/airflow/example_dags/tutorial.py
[2024-09-22T11:41:46.524+0000] {logging_mixin.py:188} INFO - [2024-09-22T11:41:46.523+0000] {dag.py:3089} INFO - Sync 1 DAGs
[2024-09-22T11:41:46.560+0000] {logging_mixin.py:188} INFO - [2024-09-22T11:41:46.559+0000] {dag.py:3947} INFO - Setting next_dagrun for tutorial to 2024-09-22 00:00:00+00:00, run_after=2024-09-23 00:00:00+00:00
[2024-09-22T11:41:46.876+0000] {processor.py:183} INFO - Processing /home/airflow/.local/lib/python3.12/site-packages/airflow/example_dags/tutorial.py took 2.305 seconds
[2024-09-22T11:42:17.756+0000] {processor.py:161} INFO - Started process (PID=2271) to work on /home/airflow/.local/lib/python3.12/site-packages/airflow/example_dags/tutorial.py
[2024-09-22T11:42:18.117+0000] {processor.py:830} INFO - Processing file /home/airflow/.local/lib/python3.12/site-packages/airflow/example_dags/tutorial.py for tasks to queue
[2024-09-22T11:42:18.119+0000] {logging_mixin.py:188} INFO - [2024-09-22T11:42:18.118+0000] {dagbag.py:545} INFO - Filling up the DagBag from /home/airflow/.local/lib/python3.12/site-packages/airflow/example_dags/tutorial.py
[2024-09-22T11:42:18.135+0000] {processor.py:840} INFO - DAG(s) 'tutorial' retrieved from /home/airflow/.local/lib/python3.12/site-packages/airflow/example_dags/tutorial.py
[2024-09-22T11:42:18.179+0000] {logging_mixin.py:188} INFO - [2024-09-22T11:42:18.179+0000] {dag.py:3089} INFO - Sync 1 DAGs
[2024-09-22T11:42:18.209+0000] {logging_mixin.py:188} INFO - [2024-09-22T11:42:18.209+0000] {dag.py:3947} INFO - Setting next_dagrun for tutorial to 2024-09-22 00:00:00+00:00, run_after=2024-09-23 00:00:00+00:00
[2024-09-22T11:42:20.676+0000] {processor.py:183} INFO - Processing /home/airflow/.local/lib/python3.12/site-packages/airflow/example_dags/tutorial.py took 2.929 seconds
[2024-09-22T11:42:50.736+0000] {processor.py:161} INFO - Started process (PID=2343) to work on /home/airflow/.local/lib/python3.12/site-packages/airflow/example_dags/tutorial.py
[2024-09-22T11:42:50.798+0000] {processor.py:830} INFO - Processing file /home/airflow/.local/lib/python3.12/site-packages/airflow/example_dags/tutorial.py for tasks to queue
[2024-09-22T11:42:50.803+0000] {logging_mixin.py:188} INFO - [2024-09-22T11:42:50.802+0000] {dagbag.py:545} INFO - Filling up the DagBag from /home/airflow/.local/lib/python3.12/site-packages/airflow/example_dags/tutorial.py
[2024-09-22T11:42:50.829+0000] {processor.py:840} INFO - DAG(s) 'tutorial' retrieved from /home/airflow/.local/lib/python3.12/site-packages/airflow/example_dags/tutorial.py
[2024-09-22T11:42:50.889+0000] {logging_mixin.py:188} INFO - [2024-09-22T11:42:50.888+0000] {dag.py:3089} INFO - Sync 1 DAGs
[2024-09-22T11:42:50.977+0000] {logging_mixin.py:188} INFO - [2024-09-22T11:42:50.974+0000] {dag.py:3947} INFO - Setting next_dagrun for tutorial to 2024-09-22 00:00:00+00:00, run_after=2024-09-23 00:00:00+00:00
[2024-09-22T11:42:51.234+0000] {processor.py:183} INFO - Processing /home/airflow/.local/lib/python3.12/site-packages/airflow/example_dags/tutorial.py took 0.509 seconds
[2024-09-22T11:43:22.212+0000] {processor.py:161} INFO - Started process (PID=2434) to work on /home/airflow/.local/lib/python3.12/site-packages/airflow/example_dags/tutorial.py
[2024-09-22T11:43:22.215+0000] {processor.py:830} INFO - Processing file /home/airflow/.local/lib/python3.12/site-packages/airflow/example_dags/tutorial.py for tasks to queue
[2024-09-22T11:43:22.217+0000] {logging_mixin.py:188} INFO - [2024-09-22T11:43:22.216+0000] {dagbag.py:545} INFO - Filling up the DagBag from /home/airflow/.local/lib/python3.12/site-packages/airflow/example_dags/tutorial.py
[2024-09-22T11:43:22.233+0000] {processor.py:840} INFO - DAG(s) 'tutorial' retrieved from /home/airflow/.local/lib/python3.12/site-packages/airflow/example_dags/tutorial.py
[2024-09-22T11:43:22.280+0000] {logging_mixin.py:188} INFO - [2024-09-22T11:43:22.280+0000] {dag.py:3089} INFO - Sync 1 DAGs
[2024-09-22T11:43:22.327+0000] {logging_mixin.py:188} INFO - [2024-09-22T11:43:22.327+0000] {dag.py:3947} INFO - Setting next_dagrun for tutorial to 2024-09-22 00:00:00+00:00, run_after=2024-09-23 00:00:00+00:00
[2024-09-22T11:43:22.816+0000] {processor.py:183} INFO - Processing /home/airflow/.local/lib/python3.12/site-packages/airflow/example_dags/tutorial.py took 0.620 seconds
[2024-09-22T11:43:53.623+0000] {processor.py:161} INFO - Started process (PID=2526) to work on /home/airflow/.local/lib/python3.12/site-packages/airflow/example_dags/tutorial.py
[2024-09-22T11:43:53.624+0000] {processor.py:830} INFO - Processing file /home/airflow/.local/lib/python3.12/site-packages/airflow/example_dags/tutorial.py for tasks to queue
[2024-09-22T11:43:53.629+0000] {logging_mixin.py:188} INFO - [2024-09-22T11:43:53.628+0000] {dagbag.py:545} INFO - Filling up the DagBag from /home/airflow/.local/lib/python3.12/site-packages/airflow/example_dags/tutorial.py
[2024-09-22T11:43:53.659+0000] {processor.py:840} INFO - DAG(s) 'tutorial' retrieved from /home/airflow/.local/lib/python3.12/site-packages/airflow/example_dags/tutorial.py
[2024-09-22T11:43:53.764+0000] {logging_mixin.py:188} INFO - [2024-09-22T11:43:53.763+0000] {dag.py:3089} INFO - Sync 1 DAGs
[2024-09-22T11:43:53.945+0000] {logging_mixin.py:188} INFO - [2024-09-22T11:43:53.940+0000] {dag.py:3947} INFO - Setting next_dagrun for tutorial to 2024-09-22 00:00:00+00:00, run_after=2024-09-23 00:00:00+00:00
[2024-09-22T11:43:54.138+0000] {processor.py:183} INFO - Processing /home/airflow/.local/lib/python3.12/site-packages/airflow/example_dags/tutorial.py took 0.547 seconds
                                                                                                                                                                                                                                                                                                                                                                                                                                                                                                                                                                                                                                                                                                                                                                                                                                                                                                                                                                                                                                                                                                                                                                                                                                                                                                          