[2024-09-22T11:35:22.786+0000] {local_task_job_runner.py:120} INFO - ::group::Pre task execution logs
[2024-09-22T11:35:22.824+0000] {taskinstance.py:2076} INFO - Dependencies all met for dep_context=non-requeueable deps ti=<TaskInstance: dataset_produces_1.producing_task_1 scheduled__2024-09-19T00:00:00+00:00 [queued]>
[2024-09-22T11:35:22.836+0000] {taskinstance.py:2076} INFO - Dependencies all met for dep_context=requeueable deps ti=<TaskInstance: dataset_produces_1.producing_task_1 scheduled__2024-09-19T00:00:00+00:00 [queued]>
[2024-09-22T11:35:22.836+0000] {taskinstance.py:2306} INFO - Starting attempt 1 of 1
[2024-09-22T11:35:23.365+0000] {taskinstance.py:2330} INFO - Executing <Task(BashOperator): producing_task_1> on 2024-09-19 00:00:00+00:00
[2024-09-22T11:35:23.383+0000] {warnings.py:112} WARNING - /home/***/.local/lib/python3.12/site-packages/***/task/task_runner/standard_task_runner.py:62: DeprecationWarning: This process (pid=1282) is multi-threaded, use of fork() may lead to deadlocks in the child.
  pid = os.fork()

[2024-09-22T11:35:23.385+0000] {standard_task_runner.py:64} INFO - Started process 1288 to run task
[2024-09-22T11:35:23.386+0000] {standard_task_runner.py:90} INFO - Running: ['***', 'tasks', 'run', 'dataset_produces_1', 'producing_task_1', 'scheduled__2024-09-19T00:00:00+00:00', '--job-id', '2688', '--raw', '--subdir', '/home/***/.local/lib/python3.12/site-packages/***/example_dags/example_datasets.py', '--cfg-path', '/tmp/tmprrk7rs88']
[2024-09-22T11:35:23.389+0000] {standard_task_runner.py:91} INFO - Job 2688: Subtask producing_task_1
[2024-09-22T11:35:23.928+0000] {task_command.py:426} INFO - Running <TaskInstance: dataset_produces_1.producing_task_1 scheduled__2024-09-19T00:00:00+00:00 [running]> on host 1d2bd9c1668e
[2024-09-22T11:35:24.835+0000] {taskinstance.py:2648} INFO - Exporting env vars: AIRFLOW_CTX_DAG_OWNER='***' AIRFLOW_CTX_DAG_ID='dataset_produces_1' AIRFLOW_CTX_TASK_ID='producing_task_1' AIRFLOW_CTX_EXECUTION_DATE='2024-09-19T00:00:00+00:00' AIRFLOW_CTX_TRY_NUMBER='1' AIRFLOW_CTX_DAG_RUN_ID='scheduled__2024-09-19T00:00:00+00:00'
[2024-09-22T11:35:24.857+0000] {taskinstance.py:430} INFO - ::endgroup::
[2024-09-22T11:35:24.867+0000] {subprocess.py:63} INFO - Tmp dir root location: /tmp
[2024-09-22T11:35:24.870+0000] {subprocess.py:75} INFO - Running command: ['/usr/bin/bash', '-c', 'sleep 5']
[2024-09-22T11:35:24.989+0000] {subprocess.py:86} INFO - Output:
[2024-09-22T11:35:30.005+0000] {subprocess.py:97} INFO - Command exited with return code 0
[2024-09-22T11:35:35.659+0000] {taskinstance.py:441} INFO - ::group::Post task execution logs
[2024-09-22T11:35:36.943+0000] {taskinstance.py:1206} INFO - Marking task as SUCCESS. dag_id=dataset_produces_1, task_id=producing_task_1, run_id=scheduled__2024-09-19T00:00:00+00:00, execution_date=20240919T000000, start_date=20240922T113522, end_date=20240922T113536
[2024-09-22T11:35:37.360+0000] {local_task_job_runner.py:243} INFO - Task exited with return code 0
[2024-09-22T11:35:37.382+0000] {taskinstance.py:3503} INFO - 0 downstream tasks scheduled from follow-on schedule check
[2024-09-22T11:35:37.581+0000] {local_task_job_runner.py:222} INFO - ::endgroup::
