[2024-09-22T15:19:05.153+0000] {local_task_job_runner.py:123} INFO - ::group::Pre task execution logs
[2024-09-22T15:19:05.208+0000] {taskinstance.py:2612} INFO - Dependencies all met for dep_context=non-requeueable deps ti=<TaskInstance: NY_TAXI.download_data scheduled__2021-07-09T00:00:00+00:00 [queued]>
[2024-09-22T15:19:05.235+0000] {taskinstance.py:2612} INFO - Dependencies all met for dep_context=requeueable deps ti=<TaskInstance: NY_TAXI.download_data scheduled__2021-07-09T00:00:00+00:00 [queued]>
[2024-09-22T15:19:05.236+0000] {taskinstance.py:2865} INFO - Starting attempt 1 of 1
[2024-09-22T15:19:05.313+0000] {taskinstance.py:2888} INFO - Executing <Task(BashOperator): download_data> on 2021-07-09 00:00:00+00:00
[2024-09-22T15:19:05.344+0000] {logging_mixin.py:190} WARNING - /home/***/.local/lib/python3.12/site-packages/***/task/task_runner/standard_task_runner.py:70 DeprecationWarning: This process (pid=1183) is multi-threaded, use of fork() may lead to deadlocks in the child.
[2024-09-22T15:19:05.346+0000] {standard_task_runner.py:72} INFO - Started process 1187 to run task
[2024-09-22T15:19:05.348+0000] {standard_task_runner.py:104} INFO - Running: ['***', 'tasks', 'run', 'NY_TAXI', 'download_data', 'scheduled__2021-07-09T00:00:00+00:00', '--job-id', '192', '--raw', '--subdir', 'DAGS_FOLDER/download.py', '--cfg-path', '/tmp/tmpycr3h9lf']
[2024-09-22T15:19:05.357+0000] {standard_task_runner.py:105} INFO - Job 192: Subtask download_data
[2024-09-22T15:19:05.509+0000] {task_command.py:467} INFO - Running <TaskInstance: NY_TAXI.download_data scheduled__2021-07-09T00:00:00+00:00 [running]> on host 8c9160901df5
[2024-09-22T15:19:05.781+0000] {taskinstance.py:3131} INFO - Exporting env vars: AIRFLOW_CTX_DAG_OWNER='***' AIRFLOW_CTX_DAG_ID='NY_TAXI' AIRFLOW_CTX_TASK_ID='download_data' AIRFLOW_CTX_EXECUTION_DATE='2021-07-09T00:00:00+00:00' AIRFLOW_CTX_TRY_NUMBER='1' AIRFLOW_CTX_DAG_RUN_ID='scheduled__2021-07-09T00:00:00+00:00'
[2024-09-22T15:19:05.785+0000] {taskinstance.py:731} INFO - ::endgroup::
[2024-09-22T15:19:05.825+0000] {subprocess.py:63} INFO - Tmp dir root location: /tmp
[2024-09-22T15:19:05.826+0000] {subprocess.py:75} INFO - Running command: ['/usr/bin/bash', '-c', 'echo 2021-07-09']
[2024-09-22T15:19:05.871+0000] {subprocess.py:86} INFO - Output:
[2024-09-22T15:19:05.876+0000] {subprocess.py:93} INFO - 2021-07-09
[2024-09-22T15:19:05.877+0000] {subprocess.py:97} INFO - Command exited with return code 0
[2024-09-22T15:19:05.941+0000] {taskinstance.py:340} INFO - ::group::Post task execution logs
[2024-09-22T15:19:05.942+0000] {taskinstance.py:352} INFO - Marking task as SUCCESS. dag_id=NY_TAXI, task_id=download_data, run_id=scheduled__2021-07-09T00:00:00+00:00, execution_date=20210709T000000, start_date=20240922T151905, end_date=20240922T151905
[2024-09-22T15:19:06.061+0000] {local_task_job_runner.py:266} INFO - Task exited with return code 0
[2024-09-22T15:19:06.096+0000] {taskinstance.py:3900} INFO - 0 downstream tasks scheduled from follow-on schedule check
[2024-09-22T15:19:06.178+0000] {local_task_job_runner.py:245} INFO - ::endgroup::
