[2024-09-22T15:21:52.096+0000] {local_task_job_runner.py:123} INFO - ::group::Pre task execution logs
[2024-09-22T15:21:52.132+0000] {taskinstance.py:2612} INFO - Dependencies all met for dep_context=non-requeueable deps ti=<TaskInstance: NY_TAXI.download_data scheduled__2021-11-25T00:00:00+00:00 [queued]>
[2024-09-22T15:21:52.153+0000] {taskinstance.py:2612} INFO - Dependencies all met for dep_context=requeueable deps ti=<TaskInstance: NY_TAXI.download_data scheduled__2021-11-25T00:00:00+00:00 [queued]>
[2024-09-22T15:21:52.154+0000] {taskinstance.py:2865} INFO - Starting attempt 1 of 1
[2024-09-22T15:21:52.271+0000] {taskinstance.py:2888} INFO - Executing <Task(BashOperator): download_data> on 2021-11-25 00:00:00+00:00
[2024-09-22T15:21:52.322+0000] {logging_mixin.py:190} WARNING - /home/***/.local/lib/python3.12/site-packages/***/task/task_runner/standard_task_runner.py:70 DeprecationWarning: This process (pid=1791) is multi-threaded, use of fork() may lead to deadlocks in the child.
[2024-09-22T15:21:52.327+0000] {standard_task_runner.py:72} INFO - Started process 1801 to run task
[2024-09-22T15:21:52.324+0000] {standard_task_runner.py:104} INFO - Running: ['***', 'tasks', 'run', 'NY_TAXI', 'download_data', 'scheduled__2021-11-25T00:00:00+00:00', '--job-id', '331', '--raw', '--subdir', 'DAGS_FOLDER/download.py', '--cfg-path', '/tmp/tmpxxhdr2oy']
[2024-09-22T15:21:52.329+0000] {standard_task_runner.py:105} INFO - Job 331: Subtask download_data
[2024-09-22T15:21:52.579+0000] {task_command.py:467} INFO - Running <TaskInstance: NY_TAXI.download_data scheduled__2021-11-25T00:00:00+00:00 [running]> on host 8c9160901df5
[2024-09-22T15:21:52.950+0000] {taskinstance.py:3131} INFO - Exporting env vars: AIRFLOW_CTX_DAG_OWNER='***' AIRFLOW_CTX_DAG_ID='NY_TAXI' AIRFLOW_CTX_TASK_ID='download_data' AIRFLOW_CTX_EXECUTION_DATE='2021-11-25T00:00:00+00:00' AIRFLOW_CTX_TRY_NUMBER='1' AIRFLOW_CTX_DAG_RUN_ID='scheduled__2021-11-25T00:00:00+00:00'
[2024-09-22T15:21:52.953+0000] {taskinstance.py:731} INFO - ::endgroup::
[2024-09-22T15:21:52.992+0000] {subprocess.py:63} INFO - Tmp dir root location: /tmp
[2024-09-22T15:21:52.993+0000] {subprocess.py:75} INFO - Running command: ['/usr/bin/bash', '-c', 'echo 2021-11-25']
[2024-09-22T15:21:53.015+0000] {subprocess.py:86} INFO - Output:
[2024-09-22T15:21:53.018+0000] {subprocess.py:93} INFO - 2021-11-25
[2024-09-22T15:21:53.018+0000] {subprocess.py:97} INFO - Command exited with return code 0
[2024-09-22T15:21:53.351+0000] {taskinstance.py:340} INFO - ::group::Post task execution logs
[2024-09-22T15:21:53.352+0000] {taskinstance.py:352} INFO - Marking task as SUCCESS. dag_id=NY_TAXI, task_id=download_data, run_id=scheduled__2021-11-25T00:00:00+00:00, execution_date=20211125T000000, start_date=20240922T152152, end_date=20240922T152153
[2024-09-22T15:21:53.562+0000] {local_task_job_runner.py:266} INFO - Task exited with return code 0
[2024-09-22T15:21:53.581+0000] {local_task_job_runner.py:245} INFO - ::endgroup::
