[2024-09-22T11:41:37.481+0000] {local_task_job_runner.py:120} INFO - ::group::Pre task execution logs
[2024-09-22T11:41:37.536+0000] {taskinstance.py:2076} INFO - Dependencies all met for dep_context=non-requeueable deps ti=<TaskInstance: dataset_consumes_1.consuming_1 dataset_triggered__2024-09-22T11:35:37.007227+00:00 [queued]>
[2024-09-22T11:41:37.556+0000] {taskinstance.py:2076} INFO - Dependencies all met for dep_context=requeueable deps ti=<TaskInstance: dataset_consumes_1.consuming_1 dataset_triggered__2024-09-22T11:35:37.007227+00:00 [queued]>
[2024-09-22T11:41:37.556+0000] {taskinstance.py:2306} INFO - Starting attempt 1 of 1
[2024-09-22T11:41:39.206+0000] {taskinstance.py:2330} INFO - Executing <Task(BashOperator): consuming_1> on 2024-09-22 11:35:37.007227+00:00
[2024-09-22T11:41:39.223+0000] {warnings.py:112} WARNING - /home/***/.local/lib/python3.12/site-packages/***/task/task_runner/standard_task_runner.py:62: DeprecationWarning: This process (pid=1582) is multi-threaded, use of fork() may lead to deadlocks in the child.
  pid = os.fork()

[2024-09-22T11:41:39.229+0000] {standard_task_runner.py:90} INFO - Running: ['***', 'tasks', 'run', 'dataset_consumes_1', 'consuming_1', 'dataset_triggered__2024-09-22T11:35:37.007227+00:00', '--job-id', '2748', '--raw', '--subdir', '/home/***/.local/lib/python3.12/site-packages/***/example_dags/example_datasets.py', '--cfg-path', '/tmp/tmpd2lyk5wy']
[2024-09-22T11:41:39.324+0000] {standard_task_runner.py:64} INFO - Started process 1588 to run task
[2024-09-22T11:41:39.324+0000] {standard_task_runner.py:91} INFO - Job 2748: Subtask consuming_1
[2024-09-22T11:41:40.095+0000] {task_command.py:426} INFO - Running <TaskInstance: dataset_consumes_1.consuming_1 dataset_triggered__2024-09-22T11:35:37.007227+00:00 [running]> on host 1d2bd9c1668e
[2024-09-22T11:41:41.362+0000] {taskinstance.py:2648} INFO - Exporting env vars: AIRFLOW_CTX_DAG_OWNER='***' AIRFLOW_CTX_DAG_ID='dataset_consumes_1' AIRFLOW_CTX_TASK_ID='consuming_1' AIRFLOW_CTX_EXECUTION_DATE='2024-09-22T11:35:37.007227+00:00' AIRFLOW_CTX_TRY_NUMBER='1' AIRFLOW_CTX_DAG_RUN_ID='dataset_triggered__2024-09-22T11:35:37.007227+00:00'
[2024-09-22T11:41:41.368+0000] {taskinstance.py:430} INFO - ::endgroup::
[2024-09-22T11:41:41.371+0000] {subprocess.py:63} INFO - Tmp dir root location: /tmp
[2024-09-22T11:41:41.377+0000] {subprocess.py:75} INFO - Running command: ['/usr/bin/bash', '-c', 'sleep 5']
[2024-09-22T11:41:41.416+0000] {subprocess.py:86} INFO - Output:
[2024-09-22T11:41:46.426+0000] {subprocess.py:97} INFO - Command exited with return code 0
[2024-09-22T11:41:46.428+0000] {taskinstance.py:441} INFO - ::group::Post task execution logs
[2024-09-22T11:41:47.258+0000] {taskinstance.py:1206} INFO - Marking task as SUCCESS. dag_id=dataset_consumes_1, task_id=consuming_1, run_id=dataset_triggered__2024-09-22T11:35:37.007227+00:00, execution_date=20240922T113537, start_date=20240922T114137, end_date=20240922T114147
[2024-09-22T11:41:47.796+0000] {local_task_job_runner.py:243} INFO - Task exited with return code 0
[2024-09-22T11:41:47.965+0000] {taskinstance.py:3503} INFO - 0 downstream tasks scheduled from follow-on schedule check
[2024-09-22T11:41:48.142+0000] {local_task_job_runner.py:222} INFO - ::endgroup::
