[2024-09-22T11:30:13.662+0000] {local_task_job_runner.py:120} INFO - ::group::Pre task execution logs
[2024-09-22T11:30:13.721+0000] {taskinstance.py:2076} INFO - Dependencies all met for dep_context=non-requeueable deps ti=<TaskInstance: latest_only.latest_only scheduled__2024-09-22T04:00:00+00:00 [queued]>
[2024-09-22T11:30:13.736+0000] {taskinstance.py:2076} INFO - Dependencies all met for dep_context=requeueable deps ti=<TaskInstance: latest_only.latest_only scheduled__2024-09-22T04:00:00+00:00 [queued]>
[2024-09-22T11:30:13.736+0000] {taskinstance.py:2306} INFO - Starting attempt 1 of 1
[2024-09-22T11:30:13.993+0000] {taskinstance.py:2330} INFO - Executing <Task(LatestOnlyOperator): latest_only> on 2024-09-22 04:00:00+00:00
[2024-09-22T11:30:14.032+0000] {warnings.py:112} WARNING - /home/***/.local/lib/python3.12/site-packages/***/task/task_runner/standard_task_runner.py:62: DeprecationWarning: This process (pid=1005) is multi-threaded, use of fork() may lead to deadlocks in the child.
  pid = os.fork()

[2024-09-22T11:30:14.035+0000] {standard_task_runner.py:64} INFO - Started process 1011 to run task
[2024-09-22T11:30:14.037+0000] {standard_task_runner.py:90} INFO - Running: ['***', 'tasks', 'run', 'latest_only', 'latest_only', 'scheduled__2024-09-22T04:00:00+00:00', '--job-id', '2627', '--raw', '--subdir', '/home/***/.local/lib/python3.12/site-packages/***/example_dags/example_latest_only.py', '--cfg-path', '/tmp/tmp5shj5jk1']
[2024-09-22T11:30:14.043+0000] {standard_task_runner.py:91} INFO - Job 2627: Subtask latest_only
[2024-09-22T11:30:15.348+0000] {task_command.py:426} INFO - Running <TaskInstance: latest_only.latest_only scheduled__2024-09-22T04:00:00+00:00 [running]> on host 1d2bd9c1668e
[2024-09-22T11:30:16.055+0000] {taskinstance.py:2648} INFO - Exporting env vars: AIRFLOW_CTX_DAG_OWNER='***' AIRFLOW_CTX_DAG_ID='latest_only' AIRFLOW_CTX_TASK_ID='latest_only' AIRFLOW_CTX_EXECUTION_DATE='2024-09-22T04:00:00+00:00' AIRFLOW_CTX_TRY_NUMBER='1' AIRFLOW_CTX_DAG_RUN_ID='scheduled__2024-09-22T04:00:00+00:00'
[2024-09-22T11:30:16.062+0000] {taskinstance.py:430} INFO - ::endgroup::
[2024-09-22T11:30:16.063+0000] {latest_only.py:63} INFO - Checking latest only with left_window: 2024-09-22 08:00:00+00:00 right_window: 2024-09-22 12:00:00+00:00 now: 2024-09-22 11:30:16.063568+00:00
[2024-09-22T11:30:16.064+0000] {latest_only.py:76} INFO - Latest, allowing execution to proceed.
[2024-09-22T11:30:16.064+0000] {branch.py:36} INFO - Branch into ['task1']
[2024-09-22T11:30:16.065+0000] {skipmixin.py:178} INFO - Following branch ['task1']
[2024-09-22T11:30:16.107+0000] {skipmixin.py:246} INFO - Skipping tasks []
[2024-09-22T11:30:16.354+0000] {taskinstance.py:441} INFO - ::group::Post task execution logs
[2024-09-22T11:30:16.537+0000] {taskinstance.py:1206} INFO - Marking task as SUCCESS. dag_id=latest_only, task_id=latest_only, run_id=scheduled__2024-09-22T04:00:00+00:00, execution_date=20240922T040000, start_date=20240922T113013, end_date=20240922T113016
[2024-09-22T11:30:16.988+0000] {local_task_job_runner.py:243} INFO - Task exited with return code 0
[2024-09-22T11:30:17.536+0000] {local_task_job_runner.py:222} INFO - ::endgroup::
