[2024-09-22T15:20:06.313+0000] {local_task_job_runner.py:123} INFO - ::group::Pre task execution logs
[2024-09-22T15:20:06.345+0000] {taskinstance.py:2612} INFO - Dependencies all met for dep_context=non-requeueable deps ti=<TaskInstance: NY_TAXI.download_data scheduled__2021-09-08T00:00:00+00:00 [queued]>
[2024-09-22T15:20:06.360+0000] {taskinstance.py:2612} INFO - Dependencies all met for dep_context=requeueable deps ti=<TaskInstance: NY_TAXI.download_data scheduled__2021-09-08T00:00:00+00:00 [queued]>
[2024-09-22T15:20:06.361+0000] {taskinstance.py:2865} INFO - Starting attempt 1 of 1
[2024-09-22T15:20:06.412+0000] {taskinstance.py:2888} INFO - Executing <Task(BashOperator): download_data> on 2021-09-08 00:00:00+00:00
[2024-09-22T15:20:06.436+0000] {logging_mixin.py:190} WARNING - /home/***/.local/lib/python3.12/site-packages/***/task/task_runner/standard_task_runner.py:70 DeprecationWarning: This process (pid=1448) is multi-threaded, use of fork() may lead to deadlocks in the child.
[2024-09-22T15:20:06.438+0000] {standard_task_runner.py:72} INFO - Started process 1453 to run task
[2024-09-22T15:20:06.442+0000] {standard_task_runner.py:104} INFO - Running: ['***', 'tasks', 'run', 'NY_TAXI', 'download_data', 'scheduled__2021-09-08T00:00:00+00:00', '--job-id', '253', '--raw', '--subdir', 'DAGS_FOLDER/download.py', '--cfg-path', '/tmp/tmpq5i1w6f2']
[2024-09-22T15:20:06.451+0000] {standard_task_runner.py:105} INFO - Job 253: Subtask download_data
[2024-09-22T15:20:07.019+0000] {task_command.py:467} INFO - Running <TaskInstance: NY_TAXI.download_data scheduled__2021-09-08T00:00:00+00:00 [running]> on host 8c9160901df5
[2024-09-22T15:20:07.694+0000] {taskinstance.py:3131} INFO - Exporting env vars: AIRFLOW_CTX_DAG_OWNER='***' AIRFLOW_CTX_DAG_ID='NY_TAXI' AIRFLOW_CTX_TASK_ID='download_data' AIRFLOW_CTX_EXECUTION_DATE='2021-09-08T00:00:00+00:00' AIRFLOW_CTX_TRY_NUMBER='1' AIRFLOW_CTX_DAG_RUN_ID='scheduled__2021-09-08T00:00:00+00:00'
[2024-09-22T15:20:07.694+0000] {taskinstance.py:731} INFO - ::endgroup::
[2024-09-22T15:20:07.735+0000] {subprocess.py:63} INFO - Tmp dir root location: /tmp
[2024-09-22T15:20:07.736+0000] {subprocess.py:75} INFO - Running command: ['/usr/bin/bash', '-c', 'echo 2021-09-08']
[2024-09-22T15:20:07.758+0000] {subprocess.py:86} INFO - Output:
[2024-09-22T15:20:07.761+0000] {subprocess.py:93} INFO - 2021-09-08
[2024-09-22T15:20:07.761+0000] {subprocess.py:97} INFO - Command exited with return code 0
[2024-09-22T15:20:07.832+0000] {taskinstance.py:340} INFO - ::group::Post task execution logs
[2024-09-22T15:20:07.832+0000] {taskinstance.py:352} INFO - Marking task as SUCCESS. dag_id=NY_TAXI, task_id=download_data, run_id=scheduled__2021-09-08T00:00:00+00:00, execution_date=20210908T000000, start_date=20240922T152006, end_date=20240922T152007
[2024-09-22T15:20:07.923+0000] {local_task_job_runner.py:266} INFO - Task exited with return code 0
[2024-09-22T15:20:07.963+0000] {taskinstance.py:3900} INFO - 0 downstream tasks scheduled from follow-on schedule check
[2024-09-22T15:20:08.009+0000] {local_task_job_runner.py:245} INFO - ::endgroup::
