[2024-09-22T11:16:30.259+0000] {local_task_job_runner.py:120} INFO - ::group::Pre task execution logs
[2024-09-22T11:16:30.572+0000] {taskinstance.py:2076} INFO - Dependencies all met for dep_context=non-requeueable deps ti=<TaskInstance: example_nested_branch_dag.branch_1 scheduled__2024-09-21T00:00:00+00:00 [queued]>
[2024-09-22T11:16:30.612+0000] {taskinstance.py:2076} INFO - Dependencies all met for dep_context=requeueable deps ti=<TaskInstance: example_nested_branch_dag.branch_1 scheduled__2024-09-21T00:00:00+00:00 [queued]>
[2024-09-22T11:16:30.615+0000] {taskinstance.py:2306} INFO - Starting attempt 1 of 1
[2024-09-22T11:16:30.912+0000] {taskinstance.py:2330} INFO - Executing <Task(_BranchPythonDecoratedOperator): branch_1> on 2024-09-21 00:00:00+00:00
[2024-09-22T11:16:30.947+0000] {standard_task_runner.py:90} INFO - Running: ['***', 'tasks', 'run', 'example_nested_branch_dag', 'branch_1', 'scheduled__2024-09-21T00:00:00+00:00', '--job-id', '2480', '--raw', '--subdir', '/home/***/.local/lib/python3.12/site-packages/***/example_dags/example_nested_branch_dag.py', '--cfg-path', '/tmp/tmpdwlfveb7']
[2024-09-22T11:16:30.953+0000] {standard_task_runner.py:91} INFO - Job 2480: Subtask branch_1
[2024-09-22T11:16:31.100+0000] {warnings.py:112} WARNING - /home/***/.local/lib/python3.12/site-packages/***/task/task_runner/standard_task_runner.py:62: DeprecationWarning: This process (pid=111) is multi-threaded, use of fork() may lead to deadlocks in the child.
  pid = os.fork()

[2024-09-22T11:16:31.105+0000] {standard_task_runner.py:64} INFO - Started process 155 to run task
[2024-09-22T11:16:33.976+0000] {task_command.py:426} INFO - Running <TaskInstance: example_nested_branch_dag.branch_1 scheduled__2024-09-21T00:00:00+00:00 [running]> on host 1d2bd9c1668e
[2024-09-22T11:16:44.225+0000] {taskinstance.py:2648} INFO - Exporting env vars: AIRFLOW_CTX_DAG_OWNER='***' AIRFLOW_CTX_DAG_ID='example_nested_branch_dag' AIRFLOW_CTX_TASK_ID='branch_1' AIRFLOW_CTX_EXECUTION_DATE='2024-09-21T00:00:00+00:00' AIRFLOW_CTX_TRY_NUMBER='1' AIRFLOW_CTX_DAG_RUN_ID='scheduled__2024-09-21T00:00:00+00:00'
[2024-09-22T11:16:44.231+0000] {taskinstance.py:430} INFO - ::endgroup::
[2024-09-22T11:16:44.234+0000] {python.py:237} INFO - Done. Returned value was: true_1
[2024-09-22T11:16:44.234+0000] {branch.py:36} INFO - Branch into true_1
[2024-09-22T11:16:44.237+0000] {skipmixin.py:178} INFO - Following branch true_1
[2024-09-22T11:16:44.270+0000] {skipmixin.py:246} INFO - Skipping tasks [('false_1', -1)]
[2024-09-22T11:16:47.514+0000] {taskinstance.py:441} INFO - ::group::Post task execution logs
[2024-09-22T11:16:48.541+0000] {taskinstance.py:1206} INFO - Marking task as SUCCESS. dag_id=example_nested_branch_dag, task_id=branch_1, run_id=scheduled__2024-09-21T00:00:00+00:00, execution_date=20240921T000000, start_date=20240922T111630, end_date=20240922T111648
[2024-09-22T11:16:50.365+0000] {local_task_job_runner.py:243} INFO - Task exited with return code 0
[2024-09-22T11:16:50.481+0000] {taskinstance.py:3503} INFO - 0 downstream tasks scheduled from follow-on schedule check
[2024-09-22T11:16:50.682+0000] {local_task_job_runner.py:222} INFO - ::endgroup::
