[2024-09-22T11:20:10.874+0000] {local_task_job_runner.py:120} INFO - ::group::Pre task execution logs
[2024-09-22T11:20:11.065+0000] {taskinstance.py:2076} INFO - Dependencies all met for dep_context=non-requeueable deps ti=<TaskInstance: example_setup_teardown.section_1.taskgroup_setup scheduled__2024-09-21T00:00:00+00:00 [queued]>
[2024-09-22T11:20:11.113+0000] {taskinstance.py:2076} INFO - Dependencies all met for dep_context=requeueable deps ti=<TaskInstance: example_setup_teardown.section_1.taskgroup_setup scheduled__2024-09-21T00:00:00+00:00 [queued]>
[2024-09-22T11:20:11.114+0000] {taskinstance.py:2306} INFO - Starting attempt 1 of 1
[2024-09-22T11:20:11.553+0000] {taskinstance.py:2330} INFO - Executing <Task(BashOperator): section_1.taskgroup_setup> on 2024-09-21 00:00:00+00:00
[2024-09-22T11:20:11.677+0000] {warnings.py:112} WARNING - /home/***/.local/lib/python3.12/site-packages/***/task/task_runner/standard_task_runner.py:62: DeprecationWarning: This process (pid=513) is multi-threaded, use of fork() may lead to deadlocks in the child.
  pid = os.fork()

[2024-09-22T11:20:11.711+0000] {standard_task_runner.py:64} INFO - Started process 526 to run task
[2024-09-22T11:20:11.694+0000] {standard_task_runner.py:90} INFO - Running: ['***', 'tasks', 'run', 'example_setup_teardown', 'section_1.taskgroup_setup', 'scheduled__2024-09-21T00:00:00+00:00', '--job-id', '2564', '--raw', '--subdir', '/home/***/.local/lib/python3.12/site-packages/***/example_dags/example_setup_teardown.py', '--cfg-path', '/tmp/tmpw8j21dzy']
[2024-09-22T11:20:11.742+0000] {standard_task_runner.py:91} INFO - Job 2564: Subtask section_1.taskgroup_setup
[2024-09-22T11:20:12.185+0000] {task_command.py:426} INFO - Running <TaskInstance: example_setup_teardown.section_1.taskgroup_setup scheduled__2024-09-21T00:00:00+00:00 [running]> on host 1d2bd9c1668e
[2024-09-22T11:20:13.261+0000] {taskinstance.py:2648} INFO - Exporting env vars: AIRFLOW_CTX_DAG_OWNER='***' AIRFLOW_CTX_DAG_ID='example_setup_teardown' AIRFLOW_CTX_TASK_ID='section_1.taskgroup_setup' AIRFLOW_CTX_EXECUTION_DATE='2024-09-21T00:00:00+00:00' AIRFLOW_CTX_TRY_NUMBER='1' AIRFLOW_CTX_DAG_RUN_ID='scheduled__2024-09-21T00:00:00+00:00'
[2024-09-22T11:20:13.275+0000] {taskinstance.py:430} INFO - ::endgroup::
[2024-09-22T11:20:13.277+0000] {subprocess.py:63} INFO - Tmp dir root location: /tmp
[2024-09-22T11:20:13.278+0000] {subprocess.py:75} INFO - Running command: ['/usr/bin/bash', '-c', "echo 'Hello from taskgroup_setup'"]
[2024-09-22T11:20:13.361+0000] {subprocess.py:86} INFO - Output:
[2024-09-22T11:20:13.369+0000] {subprocess.py:93} INFO - Hello from taskgroup_setup
[2024-09-22T11:20:13.372+0000] {subprocess.py:97} INFO - Command exited with return code 0
[2024-09-22T11:20:13.373+0000] {taskinstance.py:441} INFO - ::group::Post task execution logs
[2024-09-22T11:20:13.651+0000] {taskinstance.py:1206} INFO - Marking task as SUCCESS. dag_id=example_setup_teardown, task_id=section_1.taskgroup_setup, run_id=scheduled__2024-09-21T00:00:00+00:00, execution_date=20240921T000000, start_date=20240922T112011, end_date=20240922T112013
[2024-09-22T11:20:14.010+0000] {local_task_job_runner.py:243} INFO - Task exited with return code 0
[2024-09-22T11:20:14.159+0000] {taskinstance.py:3503} INFO - 1 downstream tasks scheduled from follow-on schedule check
[2024-09-22T11:20:14.385+0000] {local_task_job_runner.py:222} INFO - ::endgroup::
