[2024-09-22T11:28:11.654+0000] {local_task_job_runner.py:120} INFO - ::group::Pre task execution logs
[2024-09-22T11:28:11.753+0000] {taskinstance.py:2076} INFO - Dependencies all met for dep_context=non-requeueable deps ti=<TaskInstance: example_bash_operator.also_run_this scheduled__2024-09-20T00:00:00+00:00 [queued]>
[2024-09-22T11:28:11.775+0000] {taskinstance.py:2076} INFO - Dependencies all met for dep_context=requeueable deps ti=<TaskInstance: example_bash_operator.also_run_this scheduled__2024-09-20T00:00:00+00:00 [queued]>
[2024-09-22T11:28:11.775+0000] {taskinstance.py:2306} INFO - Starting attempt 1 of 1
[2024-09-22T11:28:12.197+0000] {taskinstance.py:2330} INFO - Executing <Task(BashOperator): also_run_this> on 2024-09-20 00:00:00+00:00
[2024-09-22T11:28:12.223+0000] {warnings.py:112} WARNING - /home/***/.local/lib/python3.12/site-packages/***/task/task_runner/standard_task_runner.py:62: DeprecationWarning: This process (pid=909) is multi-threaded, use of fork() may lead to deadlocks in the child.
  pid = os.fork()

[2024-09-22T11:28:12.229+0000] {standard_task_runner.py:64} INFO - Started process 914 to run task
[2024-09-22T11:28:12.226+0000] {standard_task_runner.py:90} INFO - Running: ['***', 'tasks', 'run', 'example_bash_operator', 'also_run_this', 'scheduled__2024-09-20T00:00:00+00:00', '--job-id', '2610', '--raw', '--subdir', '/home/***/.local/lib/python3.12/site-packages/***/example_dags/example_bash_operator.py', '--cfg-path', '/tmp/tmpjffburuf']
[2024-09-22T11:28:12.233+0000] {standard_task_runner.py:91} INFO - Job 2610: Subtask also_run_this
[2024-09-22T11:28:12.812+0000] {task_command.py:426} INFO - Running <TaskInstance: example_bash_operator.also_run_this scheduled__2024-09-20T00:00:00+00:00 [running]> on host 1d2bd9c1668e
[2024-09-22T11:28:14.896+0000] {taskinstance.py:2648} INFO - Exporting env vars: AIRFLOW_CTX_DAG_OWNER='***' AIRFLOW_CTX_DAG_ID='example_bash_operator' AIRFLOW_CTX_TASK_ID='also_run_this' AIRFLOW_CTX_EXECUTION_DATE='2024-09-20T00:00:00+00:00' AIRFLOW_CTX_TRY_NUMBER='1' AIRFLOW_CTX_DAG_RUN_ID='scheduled__2024-09-20T00:00:00+00:00'
[2024-09-22T11:28:14.906+0000] {taskinstance.py:430} INFO - ::endgroup::
[2024-09-22T11:28:14.907+0000] {subprocess.py:63} INFO - Tmp dir root location: /tmp
[2024-09-22T11:28:14.908+0000] {subprocess.py:75} INFO - Running command: ['/usr/bin/bash', '-c', 'echo "ti_key=example_bash_operator__also_run_this__20240920"']
[2024-09-22T11:28:14.953+0000] {subprocess.py:86} INFO - Output:
[2024-09-22T11:28:14.957+0000] {subprocess.py:93} INFO - ti_key=example_bash_operator__also_run_this__20240920
[2024-09-22T11:28:14.958+0000] {subprocess.py:97} INFO - Command exited with return code 0
[2024-09-22T11:28:14.959+0000] {taskinstance.py:441} INFO - ::group::Post task execution logs
[2024-09-22T11:28:15.312+0000] {taskinstance.py:1206} INFO - Marking task as SUCCESS. dag_id=example_bash_operator, task_id=also_run_this, run_id=scheduled__2024-09-20T00:00:00+00:00, execution_date=20240920T000000, start_date=20240922T112811, end_date=20240922T112815
[2024-09-22T11:28:15.684+0000] {local_task_job_runner.py:243} INFO - Task exited with return code 0
[2024-09-22T11:28:15.762+0000] {taskinstance.py:3503} INFO - 0 downstream tasks scheduled from follow-on schedule check
[2024-09-22T11:28:15.976+0000] {local_task_job_runner.py:222} INFO - ::endgroup::
