[2024-09-22T11:30:04.027+0000] {local_task_job_runner.py:120} INFO - ::group::Pre task execution logs
[2024-09-22T11:30:04.103+0000] {taskinstance.py:2076} INFO - Dependencies all met for dep_context=non-requeueable deps ti=<TaskInstance: example_setup_teardown_taskflow.outer_work scheduled__2024-09-21T00:00:00+00:00 [queued]>
[2024-09-22T11:30:04.118+0000] {taskinstance.py:2076} INFO - Dependencies all met for dep_context=requeueable deps ti=<TaskInstance: example_setup_teardown_taskflow.outer_work scheduled__2024-09-21T00:00:00+00:00 [queued]>
[2024-09-22T11:30:04.119+0000] {taskinstance.py:2306} INFO - Starting attempt 1 of 1
[2024-09-22T11:30:04.418+0000] {taskinstance.py:2330} INFO - Executing <Task(_PythonDecoratedOperator): outer_work> on 2024-09-21 00:00:00+00:00
[2024-09-22T11:30:04.437+0000] {warnings.py:112} WARNING - /home/***/.local/lib/python3.12/site-packages/***/task/task_runner/standard_task_runner.py:62: DeprecationWarning: This process (pid=967) is multi-threaded, use of fork() may lead to deadlocks in the child.
  pid = os.fork()

[2024-09-22T11:30:04.441+0000] {standard_task_runner.py:64} INFO - Started process 990 to run task
[2024-09-22T11:30:04.443+0000] {standard_task_runner.py:90} INFO - Running: ['***', 'tasks', 'run', 'example_setup_teardown_taskflow', 'outer_work', 'scheduled__2024-09-21T00:00:00+00:00', '--job-id', '2621', '--raw', '--subdir', '/home/***/.local/lib/python3.12/site-packages/***/example_dags/example_setup_teardown_taskflow.py', '--cfg-path', '/tmp/tmp1wrvmc4b']
[2024-09-22T11:30:04.446+0000] {standard_task_runner.py:91} INFO - Job 2621: Subtask outer_work
[2024-09-22T11:30:04.725+0000] {task_command.py:426} INFO - Running <TaskInstance: example_setup_teardown_taskflow.outer_work scheduled__2024-09-21T00:00:00+00:00 [running]> on host 1d2bd9c1668e
[2024-09-22T11:30:06.084+0000] {taskinstance.py:2648} INFO - Exporting env vars: AIRFLOW_CTX_DAG_OWNER='***' AIRFLOW_CTX_DAG_ID='example_setup_teardown_taskflow' AIRFLOW_CTX_TASK_ID='outer_work' AIRFLOW_CTX_EXECUTION_DATE='2024-09-21T00:00:00+00:00' AIRFLOW_CTX_TRY_NUMBER='1' AIRFLOW_CTX_DAG_RUN_ID='scheduled__2024-09-21T00:00:00+00:00'
[2024-09-22T11:30:06.087+0000] {taskinstance.py:430} INFO - ::endgroup::
[2024-09-22T11:30:06.088+0000] {logging_mixin.py:188} INFO - I am just a normal task
[2024-09-22T11:30:06.088+0000] {python.py:237} INFO - Done. Returned value was: None
[2024-09-22T11:30:06.089+0000] {taskinstance.py:441} INFO - ::group::Post task execution logs
[2024-09-22T11:30:06.105+0000] {taskinstance.py:1206} INFO - Marking task as SUCCESS. dag_id=example_setup_teardown_taskflow, task_id=outer_work, run_id=scheduled__2024-09-21T00:00:00+00:00, execution_date=20240921T000000, start_date=20240922T113004, end_date=20240922T113006
[2024-09-22T11:30:06.587+0000] {local_task_job_runner.py:243} INFO - Task exited with return code 0
[2024-09-22T11:30:06.633+0000] {taskinstance.py:3503} INFO - 1 downstream tasks scheduled from follow-on schedule check
[2024-09-22T11:30:06.866+0000] {local_task_job_runner.py:222} INFO - ::endgroup::
