[2024-09-22T15:21:04.993+0000] {local_task_job_runner.py:123} INFO - ::group::Pre task execution logs
[2024-09-22T15:21:05.020+0000] {taskinstance.py:2612} INFO - Dependencies all met for dep_context=non-requeueable deps ti=<TaskInstance: NY_TAXI.download_data scheduled__2021-10-22T00:00:00+00:00 [queued]>
[2024-09-22T15:21:05.033+0000] {taskinstance.py:2612} INFO - Dependencies all met for dep_context=requeueable deps ti=<TaskInstance: NY_TAXI.download_data scheduled__2021-10-22T00:00:00+00:00 [queued]>
[2024-09-22T15:21:05.034+0000] {taskinstance.py:2865} INFO - Starting attempt 1 of 1
[2024-09-22T15:21:05.116+0000] {taskinstance.py:2888} INFO - Executing <Task(BashOperator): download_data> on 2021-10-22 00:00:00+00:00
[2024-09-22T15:21:05.149+0000] {logging_mixin.py:190} WARNING - /home/***/.local/lib/python3.12/site-packages/***/task/task_runner/standard_task_runner.py:70 DeprecationWarning: This process (pid=1646) is multi-threaded, use of fork() may lead to deadlocks in the child.
[2024-09-22T15:21:05.151+0000] {standard_task_runner.py:72} INFO - Started process 1650 to run task
[2024-09-22T15:21:05.148+0000] {standard_task_runner.py:104} INFO - Running: ['***', 'tasks', 'run', 'NY_TAXI', 'download_data', 'scheduled__2021-10-22T00:00:00+00:00', '--job-id', '297', '--raw', '--subdir', 'DAGS_FOLDER/download.py', '--cfg-path', '/tmp/tmp3z1nj13z']
[2024-09-22T15:21:05.155+0000] {standard_task_runner.py:105} INFO - Job 297: Subtask download_data
[2024-09-22T15:21:05.350+0000] {task_command.py:467} INFO - Running <TaskInstance: NY_TAXI.download_data scheduled__2021-10-22T00:00:00+00:00 [running]> on host 8c9160901df5
[2024-09-22T15:21:06.138+0000] {taskinstance.py:3131} INFO - Exporting env vars: AIRFLOW_CTX_DAG_OWNER='***' AIRFLOW_CTX_DAG_ID='NY_TAXI' AIRFLOW_CTX_TASK_ID='download_data' AIRFLOW_CTX_EXECUTION_DATE='2021-10-22T00:00:00+00:00' AIRFLOW_CTX_TRY_NUMBER='1' AIRFLOW_CTX_DAG_RUN_ID='scheduled__2021-10-22T00:00:00+00:00'
[2024-09-22T15:21:06.146+0000] {taskinstance.py:731} INFO - ::endgroup::
[2024-09-22T15:21:06.195+0000] {subprocess.py:63} INFO - Tmp dir root location: /tmp
[2024-09-22T15:21:06.196+0000] {subprocess.py:75} INFO - Running command: ['/usr/bin/bash', '-c', 'echo 2021-10-22']
[2024-09-22T15:21:06.221+0000] {subprocess.py:86} INFO - Output:
[2024-09-22T15:21:06.223+0000] {subprocess.py:93} INFO - 2021-10-22
[2024-09-22T15:21:06.224+0000] {subprocess.py:97} INFO - Command exited with return code 0
[2024-09-22T15:21:06.324+0000] {taskinstance.py:340} INFO - ::group::Post task execution logs
[2024-09-22T15:21:06.325+0000] {taskinstance.py:352} INFO - Marking task as SUCCESS. dag_id=NY_TAXI, task_id=download_data, run_id=scheduled__2021-10-22T00:00:00+00:00, execution_date=20211022T000000, start_date=20240922T152105, end_date=20240922T152106
[2024-09-22T15:21:06.406+0000] {local_task_job_runner.py:266} INFO - Task exited with return code 0
[2024-09-22T15:21:06.449+0000] {taskinstance.py:3900} INFO - 0 downstream tasks scheduled from follow-on schedule check
[2024-09-22T15:21:06.489+0000] {local_task_job_runner.py:245} INFO - ::endgroup::
