[2024-09-22T11:33:10.641+0000] {local_task_job_runner.py:120} INFO - ::group::Pre task execution logs
[2024-09-22T11:33:10.690+0000] {taskinstance.py:2076} INFO - Dependencies all met for dep_context=non-requeueable deps ti=<TaskInstance: tutorial.templated scheduled__2024-08-27T00:00:00+00:00 [queued]>
[2024-09-22T11:33:10.702+0000] {taskinstance.py:2076} INFO - Dependencies all met for dep_context=requeueable deps ti=<TaskInstance: tutorial.templated scheduled__2024-08-27T00:00:00+00:00 [queued]>
[2024-09-22T11:33:10.702+0000] {taskinstance.py:2306} INFO - Starting attempt 1 of 2
[2024-09-22T11:33:11.005+0000] {taskinstance.py:2330} INFO - Executing <Task(BashOperator): templated> on 2024-08-27 00:00:00+00:00
[2024-09-22T11:33:11.039+0000] {warnings.py:112} WARNING - /home/***/.local/lib/python3.12/site-packages/***/task/task_runner/standard_task_runner.py:62: DeprecationWarning: This process (pid=1153) is multi-threaded, use of fork() may lead to deadlocks in the child.
  pid = os.fork()

[2024-09-22T11:33:11.042+0000] {standard_task_runner.py:64} INFO - Started process 1181 to run task
[2024-09-22T11:33:11.041+0000] {standard_task_runner.py:90} INFO - Running: ['***', 'tasks', 'run', 'tutorial', 'templated', 'scheduled__2024-08-27T00:00:00+00:00', '--job-id', '2667', '--raw', '--subdir', '/home/***/.local/lib/python3.12/site-packages/***/example_dags/tutorial.py', '--cfg-path', '/tmp/tmp43n0_k04']
[2024-09-22T11:33:11.045+0000] {standard_task_runner.py:91} INFO - Job 2667: Subtask templated
[2024-09-22T11:33:11.527+0000] {task_command.py:426} INFO - Running <TaskInstance: tutorial.templated scheduled__2024-08-27T00:00:00+00:00 [running]> on host 1d2bd9c1668e
[2024-09-22T11:33:12.252+0000] {taskinstance.py:2648} INFO - Exporting env vars: AIRFLOW_CTX_DAG_EMAIL='***@example.com' AIRFLOW_CTX_DAG_OWNER='***' AIRFLOW_CTX_DAG_ID='tutorial' AIRFLOW_CTX_TASK_ID='templated' AIRFLOW_CTX_EXECUTION_DATE='2024-08-27T00:00:00+00:00' AIRFLOW_CTX_TRY_NUMBER='1' AIRFLOW_CTX_DAG_RUN_ID='scheduled__2024-08-27T00:00:00+00:00'
[2024-09-22T11:33:12.257+0000] {taskinstance.py:430} INFO - ::endgroup::
[2024-09-22T11:33:12.258+0000] {subprocess.py:63} INFO - Tmp dir root location: /tmp
[2024-09-22T11:33:12.260+0000] {subprocess.py:75} INFO - Running command: ['/usr/bin/bash', '-c', '\n\n    echo "2024-08-27"\n    echo "2024-09-03"\n\n    echo "2024-08-27"\n    echo "2024-09-03"\n\n    echo "2024-08-27"\n    echo "2024-09-03"\n\n    echo "2024-08-27"\n    echo "2024-09-03"\n\n    echo "2024-08-27"\n    echo "2024-09-03"\n']
[2024-09-22T11:33:12.290+0000] {subprocess.py:86} INFO - Output:
[2024-09-22T11:33:12.293+0000] {subprocess.py:93} INFO - 2024-08-27
[2024-09-22T11:33:12.293+0000] {subprocess.py:93} INFO - 2024-09-03
[2024-09-22T11:33:12.294+0000] {subprocess.py:93} INFO - 2024-08-27
[2024-09-22T11:33:12.294+0000] {subprocess.py:93} INFO - 2024-09-03
[2024-09-22T11:33:12.294+0000] {subprocess.py:93} INFO - 2024-08-27
[2024-09-22T11:33:12.294+0000] {subprocess.py:93} INFO - 2024-09-03
[2024-09-22T11:33:12.295+0000] {subprocess.py:93} INFO - 2024-08-27
[2024-09-22T11:33:12.295+0000] {subprocess.py:93} INFO - 2024-09-03
[2024-09-22T11:33:12.295+0000] {subprocess.py:93} INFO - 2024-08-27
[2024-09-22T11:33:12.295+0000] {subprocess.py:93} INFO - 2024-09-03
[2024-09-22T11:33:12.296+0000] {subprocess.py:97} INFO - Command exited with return code 0
[2024-09-22T11:33:12.296+0000] {taskinstance.py:441} INFO - ::group::Post task execution logs
[2024-09-22T11:33:12.631+0000] {taskinstance.py:1206} INFO - Marking task as SUCCESS. dag_id=tutorial, task_id=templated, run_id=scheduled__2024-08-27T00:00:00+00:00, execution_date=20240827T000000, start_date=20240922T113310, end_date=20240922T113312
[2024-09-22T11:33:13.200+0000] {local_task_job_runner.py:243} INFO - Task exited with return code 0
[2024-09-22T11:33:13.243+0000] {taskinstance.py:3503} INFO - 0 downstream tasks scheduled from follow-on schedule check
[2024-09-22T11:33:13.915+0000] {local_task_job_runner.py:222} INFO - ::endgroup::
