[2024-09-22T11:18:58.477+0000] {local_task_job_runner.py:120} INFO - ::group::Pre task execution logs
[2024-09-22T11:18:58.564+0000] {taskinstance.py:2076} INFO - Dependencies all met for dep_context=non-requeueable deps ti=<TaskInstance: tutorial.print_date scheduled__2024-09-19T00:00:00+00:00 [queued]>
[2024-09-22T11:18:58.607+0000] {taskinstance.py:2076} INFO - Dependencies all met for dep_context=requeueable deps ti=<TaskInstance: tutorial.print_date scheduled__2024-09-19T00:00:00+00:00 [queued]>
[2024-09-22T11:18:58.608+0000] {taskinstance.py:2306} INFO - Starting attempt 2 of 2
[2024-09-22T11:18:58.954+0000] {taskinstance.py:2330} INFO - Executing <Task(BashOperator): print_date> on 2024-09-19 00:00:00+00:00
[2024-09-22T11:18:59.012+0000] {warnings.py:112} WARNING - /home/***/.local/lib/python3.12/site-packages/***/task/task_runner/standard_task_runner.py:62: DeprecationWarning: This process (pid=385) is multi-threaded, use of fork() may lead to deadlocks in the child.
  pid = os.fork()

[2024-09-22T11:18:59.023+0000] {standard_task_runner.py:64} INFO - Started process 401 to run task
[2024-09-22T11:18:59.027+0000] {standard_task_runner.py:90} INFO - Running: ['***', 'tasks', 'run', 'tutorial', 'print_date', 'scheduled__2024-09-19T00:00:00+00:00', '--job-id', '2543', '--raw', '--subdir', '/home/***/.local/lib/python3.12/site-packages/***/example_dags/tutorial.py', '--cfg-path', '/tmp/tmpval6mtf5']
[2024-09-22T11:18:59.036+0000] {standard_task_runner.py:91} INFO - Job 2543: Subtask print_date
[2024-09-22T11:18:59.496+0000] {task_command.py:426} INFO - Running <TaskInstance: tutorial.print_date scheduled__2024-09-19T00:00:00+00:00 [running]> on host 1d2bd9c1668e
[2024-09-22T11:19:00.873+0000] {taskinstance.py:2648} INFO - Exporting env vars: AIRFLOW_CTX_DAG_EMAIL='***@example.com' AIRFLOW_CTX_DAG_OWNER='***' AIRFLOW_CTX_DAG_ID='tutorial' AIRFLOW_CTX_TASK_ID='print_date' AIRFLOW_CTX_EXECUTION_DATE='2024-09-19T00:00:00+00:00' AIRFLOW_CTX_TRY_NUMBER='2' AIRFLOW_CTX_DAG_RUN_ID='scheduled__2024-09-19T00:00:00+00:00'
[2024-09-22T11:19:00.908+0000] {taskinstance.py:430} INFO - ::endgroup::
[2024-09-22T11:19:00.916+0000] {subprocess.py:63} INFO - Tmp dir root location: /tmp
[2024-09-22T11:19:00.926+0000] {subprocess.py:75} INFO - Running command: ['/usr/bin/bash', '-c', 'date']
[2024-09-22T11:19:01.343+0000] {subprocess.py:86} INFO - Output:
[2024-09-22T11:19:01.485+0000] {subprocess.py:93} INFO - Sun Sep 22 11:19:01 UTC 2024
[2024-09-22T11:19:01.494+0000] {subprocess.py:97} INFO - Command exited with return code 0
[2024-09-22T11:19:01.495+0000] {taskinstance.py:441} INFO - ::group::Post task execution logs
[2024-09-22T11:19:02.133+0000] {taskinstance.py:1206} INFO - Marking task as SUCCESS. dag_id=tutorial, task_id=print_date, run_id=scheduled__2024-09-19T00:00:00+00:00, execution_date=20240919T000000, start_date=20240922T111858, end_date=20240922T111902
[2024-09-22T11:19:02.978+0000] {local_task_job_runner.py:243} INFO - Task exited with return code 0
[2024-09-22T11:19:03.100+0000] {taskinstance.py:3503} INFO - 2 downstream tasks scheduled from follow-on schedule check
[2024-09-22T11:19:03.470+0000] {local_task_job_runner.py:222} INFO - ::endgroup::
