[2024-09-22T11:20:13.556+0000] {local_task_job_runner.py:120} INFO - ::group::Pre task execution logs
[2024-09-22T11:20:13.730+0000] {taskinstance.py:2076} INFO - Dependencies all met for dep_context=non-requeueable deps ti=<TaskInstance: example_branch_python_operator_decorator.ext_py_d scheduled__2024-09-19T00:00:00+00:00 [queued]>
[2024-09-22T11:20:13.774+0000] {taskinstance.py:2076} INFO - Dependencies all met for dep_context=requeueable deps ti=<TaskInstance: example_branch_python_operator_decorator.ext_py_d scheduled__2024-09-19T00:00:00+00:00 [queued]>
[2024-09-22T11:20:13.777+0000] {taskinstance.py:2306} INFO - Starting attempt 1 of 1
[2024-09-22T11:20:14.042+0000] {taskinstance.py:2330} INFO - Executing <Task(_PythonExternalDecoratedOperator): ext_py_d> on 2024-09-19 00:00:00+00:00
[2024-09-22T11:20:14.145+0000] {standard_task_runner.py:90} INFO - Running: ['***', 'tasks', 'run', 'example_branch_python_operator_decorator', 'ext_py_d', 'scheduled__2024-09-19T00:00:00+00:00', '--job-id', '2566', '--raw', '--subdir', '/home/***/.local/lib/python3.12/site-packages/***/example_dags/example_branch_operator_decorator.py', '--cfg-path', '/tmp/tmpcqghauec']
[2024-09-22T11:20:14.151+0000] {standard_task_runner.py:91} INFO - Job 2566: Subtask ext_py_d
[2024-09-22T11:20:14.157+0000] {warnings.py:112} WARNING - /home/***/.local/lib/python3.12/site-packages/***/task/task_runner/standard_task_runner.py:62: DeprecationWarning: This process (pid=514) is multi-threaded, use of fork() may lead to deadlocks in the child.
  pid = os.fork()

[2024-09-22T11:20:14.159+0000] {standard_task_runner.py:64} INFO - Started process 535 to run task
[2024-09-22T11:20:14.549+0000] {task_command.py:426} INFO - Running <TaskInstance: example_branch_python_operator_decorator.ext_py_d scheduled__2024-09-19T00:00:00+00:00 [running]> on host 1d2bd9c1668e
[2024-09-22T11:20:15.840+0000] {taskinstance.py:2648} INFO - Exporting env vars: AIRFLOW_CTX_DAG_OWNER='***' AIRFLOW_CTX_DAG_ID='example_branch_python_operator_decorator' AIRFLOW_CTX_TASK_ID='ext_py_d' AIRFLOW_CTX_EXECUTION_DATE='2024-09-19T00:00:00+00:00' AIRFLOW_CTX_TRY_NUMBER='1' AIRFLOW_CTX_DAG_RUN_ID='scheduled__2024-09-19T00:00:00+00:00'
[2024-09-22T11:20:15.845+0000] {taskinstance.py:430} INFO - ::endgroup::
[2024-09-22T11:20:17.444+0000] {process_utils.py:183} INFO - Executing cmd: /home/***/.local/bin/python /tmp/venv-callsmr_1404/script.py /tmp/venv-callsmr_1404/script.in /tmp/venv-callsmr_1404/script.out /tmp/venv-callsmr_1404/string_args.txt /tmp/venv-callsmr_1404/termination.log
[2024-09-22T11:20:17.448+0000] {process_utils.py:187} INFO - Output:
[2024-09-22T11:20:35.761+0000] {process_utils.py:191} INFO - doing something in external Python
[2024-09-22T11:20:37.928+0000] {python.py:237} INFO - Done. Returned value was: None
[2024-09-22T11:20:37.928+0000] {taskinstance.py:441} INFO - ::group::Post task execution logs
[2024-09-22T11:20:38.012+0000] {taskinstance.py:1206} INFO - Marking task as SUCCESS. dag_id=example_branch_python_operator_decorator, task_id=ext_py_d, run_id=scheduled__2024-09-19T00:00:00+00:00, execution_date=20240919T000000, start_date=20240922T112013, end_date=20240922T112038
[2024-09-22T11:20:38.560+0000] {local_task_job_runner.py:243} INFO - Task exited with return code 0
[2024-09-22T11:20:38.623+0000] {taskinstance.py:3503} INFO - 0 downstream tasks scheduled from follow-on schedule check
[2024-09-22T11:20:39.527+0000] {local_task_job_runner.py:222} INFO - ::endgroup::
