[2024-09-22T11:41:58.562+0000] {local_task_job_runner.py:120} INFO - ::group::Pre task execution logs
[2024-09-22T11:41:58.611+0000] {taskinstance.py:2076} INFO - Dependencies all met for dep_context=non-requeueable deps ti=<TaskInstance: tutorial.sleep scheduled__2024-08-27T00:00:00+00:00 [queued]>
[2024-09-22T11:41:58.625+0000] {taskinstance.py:2076} INFO - Dependencies all met for dep_context=requeueable deps ti=<TaskInstance: tutorial.sleep scheduled__2024-08-27T00:00:00+00:00 [queued]>
[2024-09-22T11:41:58.626+0000] {taskinstance.py:2306} INFO - Starting attempt 2 of 4
[2024-09-22T11:41:58.976+0000] {taskinstance.py:2330} INFO - Executing <Task(BashOperator): sleep> on 2024-08-27 00:00:00+00:00
[2024-09-22T11:41:59.001+0000] {warnings.py:112} WARNING - /home/***/.local/lib/python3.12/site-packages/***/task/task_runner/standard_task_runner.py:62: DeprecationWarning: This process (pid=1581) is multi-threaded, use of fork() may lead to deadlocks in the child.
  pid = os.fork()

[2024-09-22T11:41:59.008+0000] {standard_task_runner.py:64} INFO - Started process 1614 to run task
[2024-09-22T11:41:59.006+0000] {standard_task_runner.py:90} INFO - Running: ['***', 'tasks', 'run', 'tutorial', 'sleep', 'scheduled__2024-08-27T00:00:00+00:00', '--job-id', '2753', '--raw', '--subdir', '/home/***/.local/lib/python3.12/site-packages/***/example_dags/tutorial.py', '--cfg-path', '/tmp/tmp9wt3b85p']
[2024-09-22T11:41:59.014+0000] {standard_task_runner.py:91} INFO - Job 2753: Subtask sleep
[2024-09-22T11:41:59.793+0000] {task_command.py:426} INFO - Running <TaskInstance: tutorial.sleep scheduled__2024-08-27T00:00:00+00:00 [running]> on host 1d2bd9c1668e
[2024-09-22T11:42:01.438+0000] {taskinstance.py:2648} INFO - Exporting env vars: AIRFLOW_CTX_DAG_EMAIL='***@example.com' AIRFLOW_CTX_DAG_OWNER='***' AIRFLOW_CTX_DAG_ID='tutorial' AIRFLOW_CTX_TASK_ID='sleep' AIRFLOW_CTX_EXECUTION_DATE='2024-08-27T00:00:00+00:00' AIRFLOW_CTX_TRY_NUMBER='2' AIRFLOW_CTX_DAG_RUN_ID='scheduled__2024-08-27T00:00:00+00:00'
[2024-09-22T11:42:01.442+0000] {taskinstance.py:430} INFO - ::endgroup::
[2024-09-22T11:42:01.444+0000] {subprocess.py:63} INFO - Tmp dir root location: /tmp
[2024-09-22T11:42:01.445+0000] {subprocess.py:75} INFO - Running command: ['/usr/bin/bash', '-c', 'sleep 5']
[2024-09-22T11:42:01.491+0000] {subprocess.py:86} INFO - Output:
[2024-09-22T11:42:06.503+0000] {subprocess.py:97} INFO - Command exited with return code 0
[2024-09-22T11:42:06.504+0000] {taskinstance.py:441} INFO - ::group::Post task execution logs
[2024-09-22T11:42:06.871+0000] {taskinstance.py:1206} INFO - Marking task as SUCCESS. dag_id=tutorial, task_id=sleep, run_id=scheduled__2024-08-27T00:00:00+00:00, execution_date=20240827T000000, start_date=20240922T114158, end_date=20240922T114206
[2024-09-22T11:42:07.135+0000] {local_task_job_runner.py:243} INFO - Task exited with return code 0
[2024-09-22T11:42:07.160+0000] {taskinstance.py:3503} INFO - 0 downstream tasks scheduled from follow-on schedule check
[2024-09-22T11:42:07.424+0000] {local_task_job_runner.py:222} INFO - ::endgroup::
