[2024-09-22T11:16:29.848+0000] {local_task_job_runner.py:120} INFO - ::group::Pre task execution logs
[2024-09-22T11:16:30.595+0000] {taskinstance.py:2076} INFO - Dependencies all met for dep_context=non-requeueable deps ti=<TaskInstance: tutorial.print_date scheduled__2024-08-28T00:00:00+00:00 [queued]>
[2024-09-22T11:16:30.648+0000] {taskinstance.py:2076} INFO - Dependencies all met for dep_context=requeueable deps ti=<TaskInstance: tutorial.print_date scheduled__2024-08-28T00:00:00+00:00 [queued]>
[2024-09-22T11:16:30.649+0000] {taskinstance.py:2306} INFO - Starting attempt 1 of 2
[2024-09-22T11:16:31.016+0000] {taskinstance.py:2330} INFO - Executing <Task(BashOperator): print_date> on 2024-08-28 00:00:00+00:00
[2024-09-22T11:16:31.191+0000] {warnings.py:112} WARNING - /home/***/.local/lib/python3.12/site-packages/***/task/task_runner/standard_task_runner.py:62: DeprecationWarning: This process (pid=122) is multi-threaded, use of fork() may lead to deadlocks in the child.
  pid = os.fork()

[2024-09-22T11:16:31.195+0000] {standard_task_runner.py:64} INFO - Started process 161 to run task
[2024-09-22T11:16:31.246+0000] {standard_task_runner.py:90} INFO - Running: ['***', 'tasks', 'run', 'tutorial', 'print_date', 'scheduled__2024-08-28T00:00:00+00:00', '--job-id', '2474', '--raw', '--subdir', '/home/***/.local/lib/python3.12/site-packages/***/example_dags/tutorial.py', '--cfg-path', '/tmp/tmp6rp8bwdj']
[2024-09-22T11:16:31.254+0000] {standard_task_runner.py:91} INFO - Job 2474: Subtask print_date
[2024-09-22T11:16:35.554+0000] {task_command.py:426} INFO - Running <TaskInstance: tutorial.print_date scheduled__2024-08-28T00:00:00+00:00 [running]> on host 1d2bd9c1668e
[2024-09-22T11:16:44.847+0000] {taskinstance.py:2648} INFO - Exporting env vars: AIRFLOW_CTX_DAG_EMAIL='***@example.com' AIRFLOW_CTX_DAG_OWNER='***' AIRFLOW_CTX_DAG_ID='tutorial' AIRFLOW_CTX_TASK_ID='print_date' AIRFLOW_CTX_EXECUTION_DATE='2024-08-28T00:00:00+00:00' AIRFLOW_CTX_TRY_NUMBER='1' AIRFLOW_CTX_DAG_RUN_ID='scheduled__2024-08-28T00:00:00+00:00'
[2024-09-22T11:16:44.863+0000] {taskinstance.py:430} INFO - ::endgroup::
[2024-09-22T11:16:48.182+0000] {subprocess.py:63} INFO - Tmp dir root location: /tmp
[2024-09-22T11:16:49.345+0000] {subprocess.py:75} INFO - Running command: ['/usr/bin/bash', '-c', 'date']
[2024-09-22T11:16:49.604+0000] {subprocess.py:86} INFO - Output:
[2024-09-22T11:16:50.988+0000] {subprocess.py:93} INFO - Sun Sep 22 11:16:50 UTC 2024
[2024-09-22T11:16:50.988+0000] {subprocess.py:97} INFO - Command exited with return code 0
[2024-09-22T11:16:50.989+0000] {taskinstance.py:441} INFO - ::group::Post task execution logs
[2024-09-22T11:16:51.371+0000] {taskinstance.py:1206} INFO - Marking task as SUCCESS. dag_id=tutorial, task_id=print_date, run_id=scheduled__2024-08-28T00:00:00+00:00, execution_date=20240828T000000, start_date=20240922T111630, end_date=20240922T111651
[2024-09-22T11:16:51.818+0000] {local_task_job_runner.py:243} INFO - Task exited with return code 0
[2024-09-22T11:16:51.914+0000] {taskinstance.py:3503} INFO - 2 downstream tasks scheduled from follow-on schedule check
[2024-09-22T11:16:52.557+0000] {local_task_job_runner.py:222} INFO - ::endgroup::
