[2024-09-22T11:20:15.876+0000] {local_task_job_runner.py:120} INFO - ::group::Pre task execution logs
[2024-09-22T11:20:15.943+0000] {taskinstance.py:2076} INFO - Dependencies all met for dep_context=non-requeueable deps ti=<TaskInstance: example_setup_teardown_taskflow.outer_setup scheduled__2024-09-21T00:00:00+00:00 [queued]>
[2024-09-22T11:20:15.958+0000] {taskinstance.py:2076} INFO - Dependencies all met for dep_context=requeueable deps ti=<TaskInstance: example_setup_teardown_taskflow.outer_setup scheduled__2024-09-21T00:00:00+00:00 [queued]>
[2024-09-22T11:20:15.958+0000] {taskinstance.py:2306} INFO - Starting attempt 1 of 1
[2024-09-22T11:20:16.591+0000] {taskinstance.py:2330} INFO - Executing <Task(_PythonDecoratedOperator): outer_setup> on 2024-09-21 00:00:00+00:00
[2024-09-22T11:20:16.655+0000] {warnings.py:112} WARNING - /home/***/.local/lib/python3.12/site-packages/***/task/task_runner/standard_task_runner.py:62: DeprecationWarning: This process (pid=524) is multi-threaded, use of fork() may lead to deadlocks in the child.
  pid = os.fork()

[2024-09-22T11:20:16.682+0000] {standard_task_runner.py:64} INFO - Started process 539 to run task
[2024-09-22T11:20:16.681+0000] {standard_task_runner.py:90} INFO - Running: ['***', 'tasks', 'run', 'example_setup_teardown_taskflow', 'outer_setup', 'scheduled__2024-09-21T00:00:00+00:00', '--job-id', '2567', '--raw', '--subdir', '/home/***/.local/lib/python3.12/site-packages/***/example_dags/example_setup_teardown_taskflow.py', '--cfg-path', '/tmp/tmperv6xxhz']
[2024-09-22T11:20:16.704+0000] {standard_task_runner.py:91} INFO - Job 2567: Subtask outer_setup
[2024-09-22T11:20:17.212+0000] {task_command.py:426} INFO - Running <TaskInstance: example_setup_teardown_taskflow.outer_setup scheduled__2024-09-21T00:00:00+00:00 [running]> on host 1d2bd9c1668e
[2024-09-22T11:20:18.227+0000] {taskinstance.py:2648} INFO - Exporting env vars: AIRFLOW_CTX_DAG_OWNER='***' AIRFLOW_CTX_DAG_ID='example_setup_teardown_taskflow' AIRFLOW_CTX_TASK_ID='outer_setup' AIRFLOW_CTX_EXECUTION_DATE='2024-09-21T00:00:00+00:00' AIRFLOW_CTX_TRY_NUMBER='1' AIRFLOW_CTX_DAG_RUN_ID='scheduled__2024-09-21T00:00:00+00:00'
[2024-09-22T11:20:18.249+0000] {taskinstance.py:430} INFO - ::endgroup::
[2024-09-22T11:20:18.259+0000] {logging_mixin.py:188} INFO - I am outer_setup
[2024-09-22T11:20:18.259+0000] {python.py:237} INFO - Done. Returned value was: some cluster id
[2024-09-22T11:20:18.260+0000] {taskinstance.py:441} INFO - ::group::Post task execution logs
[2024-09-22T11:20:18.679+0000] {taskinstance.py:1206} INFO - Marking task as SUCCESS. dag_id=example_setup_teardown_taskflow, task_id=outer_setup, run_id=scheduled__2024-09-21T00:00:00+00:00, execution_date=20240921T000000, start_date=20240922T112015, end_date=20240922T112018
[2024-09-22T11:20:18.937+0000] {local_task_job_runner.py:243} INFO - Task exited with return code 0
[2024-09-22T11:20:19.162+0000] {taskinstance.py:3503} INFO - 1 downstream tasks scheduled from follow-on schedule check
[2024-09-22T11:20:19.486+0000] {local_task_job_runner.py:222} INFO - ::endgroup::
