[2024-09-22T11:20:28.343+0000] {local_task_job_runner.py:120} INFO - ::group::Pre task execution logs
[2024-09-22T11:20:28.473+0000] {taskinstance.py:2076} INFO - Dependencies all met for dep_context=non-requeueable deps ti=<TaskInstance: example_branch_python_operator_decorator.ext_py_c scheduled__2024-09-20T00:00:00+00:00 [queued]>
[2024-09-22T11:20:28.512+0000] {taskinstance.py:2076} INFO - Dependencies all met for dep_context=requeueable deps ti=<TaskInstance: example_branch_python_operator_decorator.ext_py_c scheduled__2024-09-20T00:00:00+00:00 [queued]>
[2024-09-22T11:20:28.513+0000] {taskinstance.py:2306} INFO - Starting attempt 1 of 1
[2024-09-22T11:20:28.729+0000] {taskinstance.py:2330} INFO - Executing <Task(_PythonExternalDecoratedOperator): ext_py_c> on 2024-09-20 00:00:00+00:00
[2024-09-22T11:20:28.820+0000] {warnings.py:112} WARNING - /home/***/.local/lib/python3.12/site-packages/***/task/task_runner/standard_task_runner.py:62: DeprecationWarning: This process (pid=537) is multi-threaded, use of fork() may lead to deadlocks in the child.
  pid = os.fork()

[2024-09-22T11:20:28.824+0000] {standard_task_runner.py:64} INFO - Started process 561 to run task
[2024-09-22T11:20:28.830+0000] {standard_task_runner.py:90} INFO - Running: ['***', 'tasks', 'run', 'example_branch_python_operator_decorator', 'ext_py_c', 'scheduled__2024-09-20T00:00:00+00:00', '--job-id', '2568', '--raw', '--subdir', '/home/***/.local/lib/python3.12/site-packages/***/example_dags/example_branch_operator_decorator.py', '--cfg-path', '/tmp/tmpfz5rgixf']
[2024-09-22T11:20:28.836+0000] {standard_task_runner.py:91} INFO - Job 2568: Subtask ext_py_c
[2024-09-22T11:20:29.577+0000] {task_command.py:426} INFO - Running <TaskInstance: example_branch_python_operator_decorator.ext_py_c scheduled__2024-09-20T00:00:00+00:00 [running]> on host 1d2bd9c1668e
[2024-09-22T11:20:30.861+0000] {taskinstance.py:2648} INFO - Exporting env vars: AIRFLOW_CTX_DAG_OWNER='***' AIRFLOW_CTX_DAG_ID='example_branch_python_operator_decorator' AIRFLOW_CTX_TASK_ID='ext_py_c' AIRFLOW_CTX_EXECUTION_DATE='2024-09-20T00:00:00+00:00' AIRFLOW_CTX_TRY_NUMBER='1' AIRFLOW_CTX_DAG_RUN_ID='scheduled__2024-09-20T00:00:00+00:00'
[2024-09-22T11:20:30.884+0000] {taskinstance.py:430} INFO - ::endgroup::
[2024-09-22T11:20:34.007+0000] {process_utils.py:183} INFO - Executing cmd: /home/***/.local/bin/python /tmp/venv-call09djagn4/script.py /tmp/venv-call09djagn4/script.in /tmp/venv-call09djagn4/script.out /tmp/venv-call09djagn4/string_args.txt /tmp/venv-call09djagn4/termination.log
[2024-09-22T11:20:34.011+0000] {process_utils.py:187} INFO - Output:
[2024-09-22T11:20:48.746+0000] {process_utils.py:191} INFO - doing something in external Python
[2024-09-22T11:20:50.175+0000] {python.py:237} INFO - Done. Returned value was: None
[2024-09-22T11:20:50.177+0000] {taskinstance.py:441} INFO - ::group::Post task execution logs
[2024-09-22T11:20:50.238+0000] {taskinstance.py:1206} INFO - Marking task as SUCCESS. dag_id=example_branch_python_operator_decorator, task_id=ext_py_c, run_id=scheduled__2024-09-20T00:00:00+00:00, execution_date=20240920T000000, start_date=20240922T112028, end_date=20240922T112050
[2024-09-22T11:20:50.703+0000] {local_task_job_runner.py:243} INFO - Task exited with return code 0
[2024-09-22T11:20:50.835+0000] {taskinstance.py:3503} INFO - 0 downstream tasks scheduled from follow-on schedule check
[2024-09-22T11:20:52.099+0000] {local_task_job_runner.py:222} INFO - ::endgroup::
