[2024-09-22T11:17:22.871+0000] {local_task_job_runner.py:120} INFO - ::group::Pre task execution logs
[2024-09-22T11:17:23.111+0000] {taskinstance.py:2076} INFO - Dependencies all met for dep_context=non-requeueable deps ti=<TaskInstance: example_task_group.section_1.task_2 scheduled__2024-09-21T00:00:00+00:00 [queued]>
[2024-09-22T11:17:23.139+0000] {taskinstance.py:2076} INFO - Dependencies all met for dep_context=requeueable deps ti=<TaskInstance: example_task_group.section_1.task_2 scheduled__2024-09-21T00:00:00+00:00 [queued]>
[2024-09-22T11:17:23.140+0000] {taskinstance.py:2306} INFO - Starting attempt 1 of 1
[2024-09-22T11:17:23.369+0000] {taskinstance.py:2330} INFO - Executing <Task(BashOperator): section_1.task_2> on 2024-09-21 00:00:00+00:00
[2024-09-22T11:17:23.489+0000] {standard_task_runner.py:90} INFO - Running: ['***', 'tasks', 'run', 'example_task_group', 'section_1.task_2', 'scheduled__2024-09-21T00:00:00+00:00', '--job-id', '2490', '--raw', '--subdir', '/home/***/.local/lib/python3.12/site-packages/***/example_dags/example_task_group.py', '--cfg-path', '/tmp/tmpjayminjn']
[2024-09-22T11:17:23.497+0000] {standard_task_runner.py:91} INFO - Job 2490: Subtask section_1.task_2
[2024-09-22T11:17:23.492+0000] {warnings.py:112} WARNING - /home/***/.local/lib/python3.12/site-packages/***/task/task_runner/standard_task_runner.py:62: DeprecationWarning: This process (pid=210) is multi-threaded, use of fork() may lead to deadlocks in the child.
  pid = os.fork()

[2024-09-22T11:17:23.500+0000] {standard_task_runner.py:64} INFO - Started process 221 to run task
[2024-09-22T11:17:24.118+0000] {task_command.py:426} INFO - Running <TaskInstance: example_task_group.section_1.task_2 scheduled__2024-09-21T00:00:00+00:00 [running]> on host 1d2bd9c1668e
[2024-09-22T11:17:25.474+0000] {taskinstance.py:2648} INFO - Exporting env vars: AIRFLOW_CTX_DAG_OWNER='***' AIRFLOW_CTX_DAG_ID='example_task_group' AIRFLOW_CTX_TASK_ID='section_1.task_2' AIRFLOW_CTX_EXECUTION_DATE='2024-09-21T00:00:00+00:00' AIRFLOW_CTX_TRY_NUMBER='1' AIRFLOW_CTX_DAG_RUN_ID='scheduled__2024-09-21T00:00:00+00:00'
[2024-09-22T11:17:25.488+0000] {taskinstance.py:430} INFO - ::endgroup::
[2024-09-22T11:17:25.489+0000] {subprocess.py:63} INFO - Tmp dir root location: /tmp
[2024-09-22T11:17:25.494+0000] {subprocess.py:75} INFO - Running command: ['/usr/bin/bash', '-c', 'echo 1']
[2024-09-22T11:17:25.628+0000] {subprocess.py:86} INFO - Output:
[2024-09-22T11:17:25.629+0000] {subprocess.py:93} INFO - 1
[2024-09-22T11:17:25.630+0000] {subprocess.py:97} INFO - Command exited with return code 0
[2024-09-22T11:17:25.630+0000] {taskinstance.py:441} INFO - ::group::Post task execution logs
[2024-09-22T11:17:25.923+0000] {taskinstance.py:1206} INFO - Marking task as SUCCESS. dag_id=example_task_group, task_id=section_1.task_2, run_id=scheduled__2024-09-21T00:00:00+00:00, execution_date=20240921T000000, start_date=20240922T111723, end_date=20240922T111725
[2024-09-22T11:17:26.200+0000] {local_task_job_runner.py:243} INFO - Task exited with return code 0
[2024-09-22T11:17:26.292+0000] {taskinstance.py:3503} INFO - 1 downstream tasks scheduled from follow-on schedule check
[2024-09-22T11:17:26.598+0000] {local_task_job_runner.py:222} INFO - ::endgroup::
