[2024-09-22T11:19:12.538+0000] {local_task_job_runner.py:120} INFO - ::group::Pre task execution logs
[2024-09-22T11:19:12.920+0000] {taskinstance.py:2076} INFO - Dependencies all met for dep_context=non-requeueable deps ti=<TaskInstance: example_bash_operator.runme_1 scheduled__2024-09-20T00:00:00+00:00 [queued]>
[2024-09-22T11:19:13.055+0000] {taskinstance.py:2076} INFO - Dependencies all met for dep_context=requeueable deps ti=<TaskInstance: example_bash_operator.runme_1 scheduled__2024-09-20T00:00:00+00:00 [queued]>
[2024-09-22T11:19:13.056+0000] {taskinstance.py:2306} INFO - Starting attempt 1 of 1
[2024-09-22T11:19:13.347+0000] {taskinstance.py:2330} INFO - Executing <Task(BashOperator): runme_1> on 2024-09-20 00:00:00+00:00
[2024-09-22T11:19:13.628+0000] {standard_task_runner.py:90} INFO - Running: ['***', 'tasks', 'run', 'example_bash_operator', 'runme_1', 'scheduled__2024-09-20T00:00:00+00:00', '--job-id', '2545', '--raw', '--subdir', '/home/***/.local/lib/python3.12/site-packages/***/example_dags/example_bash_operator.py', '--cfg-path', '/tmp/tmp87gm287d']
[2024-09-22T11:19:13.641+0000] {standard_task_runner.py:91} INFO - Job 2545: Subtask runme_1
[2024-09-22T11:19:13.624+0000] {warnings.py:112} WARNING - /home/***/.local/lib/python3.12/site-packages/***/task/task_runner/standard_task_runner.py:62: DeprecationWarning: This process (pid=404) is multi-threaded, use of fork() may lead to deadlocks in the child.
  pid = os.fork()

[2024-09-22T11:19:13.644+0000] {standard_task_runner.py:64} INFO - Started process 427 to run task
[2024-09-22T11:19:14.968+0000] {task_command.py:426} INFO - Running <TaskInstance: example_bash_operator.runme_1 scheduled__2024-09-20T00:00:00+00:00 [running]> on host 1d2bd9c1668e
[2024-09-22T11:19:16.805+0000] {taskinstance.py:2648} INFO - Exporting env vars: AIRFLOW_CTX_DAG_OWNER='***' AIRFLOW_CTX_DAG_ID='example_bash_operator' AIRFLOW_CTX_TASK_ID='runme_1' AIRFLOW_CTX_EXECUTION_DATE='2024-09-20T00:00:00+00:00' AIRFLOW_CTX_TRY_NUMBER='1' AIRFLOW_CTX_DAG_RUN_ID='scheduled__2024-09-20T00:00:00+00:00'
[2024-09-22T11:19:16.813+0000] {taskinstance.py:430} INFO - ::endgroup::
[2024-09-22T11:19:16.829+0000] {subprocess.py:63} INFO - Tmp dir root location: /tmp
[2024-09-22T11:19:16.830+0000] {subprocess.py:75} INFO - Running command: ['/usr/bin/bash', '-c', 'echo "example_bash_operator__runme_1__20240920" && sleep 1']
[2024-09-22T11:19:17.026+0000] {subprocess.py:86} INFO - Output:
[2024-09-22T11:19:17.040+0000] {subprocess.py:93} INFO - example_bash_operator__runme_1__20240920
[2024-09-22T11:19:18.054+0000] {subprocess.py:97} INFO - Command exited with return code 0
[2024-09-22T11:19:18.056+0000] {taskinstance.py:441} INFO - ::group::Post task execution logs
[2024-09-22T11:19:18.455+0000] {taskinstance.py:1206} INFO - Marking task as SUCCESS. dag_id=example_bash_operator, task_id=runme_1, run_id=scheduled__2024-09-20T00:00:00+00:00, execution_date=20240920T000000, start_date=20240922T111912, end_date=20240922T111918
[2024-09-22T11:19:19.180+0000] {local_task_job_runner.py:243} INFO - Task exited with return code 0
[2024-09-22T11:19:19.303+0000] {taskinstance.py:3503} INFO - 0 downstream tasks scheduled from follow-on schedule check
[2024-09-22T11:19:19.481+0000] {local_task_job_runner.py:222} INFO - ::endgroup::
