[2024-09-22T11:17:06.985+0000] {local_task_job_runner.py:120} INFO - ::group::Pre task execution logs
[2024-09-22T11:17:07.271+0000] {taskinstance.py:2076} INFO - Dependencies all met for dep_context=non-requeueable deps ti=<TaskInstance: example_branch_python_operator_decorator.branching scheduled__2024-09-20T00:00:00+00:00 [queued]>
[2024-09-22T11:17:07.315+0000] {taskinstance.py:2076} INFO - Dependencies all met for dep_context=requeueable deps ti=<TaskInstance: example_branch_python_operator_decorator.branching scheduled__2024-09-20T00:00:00+00:00 [queued]>
[2024-09-22T11:17:07.316+0000] {taskinstance.py:2306} INFO - Starting attempt 1 of 1
[2024-09-22T11:17:07.699+0000] {taskinstance.py:2330} INFO - Executing <Task(_BranchPythonDecoratedOperator): branching> on 2024-09-20 00:00:00+00:00
[2024-09-22T11:17:07.822+0000] {warnings.py:112} WARNING - /home/***/.local/lib/python3.12/site-packages/***/task/task_runner/standard_task_runner.py:62: DeprecationWarning: This process (pid=179) is multi-threaded, use of fork() may lead to deadlocks in the child.
  pid = os.fork()

[2024-09-22T11:17:07.824+0000] {standard_task_runner.py:64} INFO - Started process 202 to run task
[2024-09-22T11:17:07.829+0000] {standard_task_runner.py:90} INFO - Running: ['***', 'tasks', 'run', 'example_branch_python_operator_decorator', 'branching', 'scheduled__2024-09-20T00:00:00+00:00', '--job-id', '2484', '--raw', '--subdir', '/home/***/.local/lib/python3.12/site-packages/***/example_dags/example_branch_operator_decorator.py', '--cfg-path', '/tmp/tmpvy0yeccw']
[2024-09-22T11:17:07.861+0000] {standard_task_runner.py:91} INFO - Job 2484: Subtask branching
[2024-09-22T11:17:08.223+0000] {task_command.py:426} INFO - Running <TaskInstance: example_branch_python_operator_decorator.branching scheduled__2024-09-20T00:00:00+00:00 [running]> on host 1d2bd9c1668e
[2024-09-22T11:17:08.951+0000] {taskinstance.py:2648} INFO - Exporting env vars: AIRFLOW_CTX_DAG_OWNER='***' AIRFLOW_CTX_DAG_ID='example_branch_python_operator_decorator' AIRFLOW_CTX_TASK_ID='branching' AIRFLOW_CTX_EXECUTION_DATE='2024-09-20T00:00:00+00:00' AIRFLOW_CTX_TRY_NUMBER='1' AIRFLOW_CTX_DAG_RUN_ID='scheduled__2024-09-20T00:00:00+00:00'
[2024-09-22T11:17:08.974+0000] {taskinstance.py:430} INFO - ::endgroup::
[2024-09-22T11:17:08.975+0000] {python.py:237} INFO - Done. Returned value was: branch_d
[2024-09-22T11:17:08.976+0000] {branch.py:36} INFO - Branch into branch_d
[2024-09-22T11:17:08.978+0000] {skipmixin.py:178} INFO - Following branch branch_d
[2024-09-22T11:17:09.275+0000] {skipmixin.py:246} INFO - Skipping tasks [('branch_c', -1), ('branch_a', -1), ('branch_b', -1)]
[2024-09-22T11:17:09.834+0000] {taskinstance.py:441} INFO - ::group::Post task execution logs
[2024-09-22T11:17:10.074+0000] {taskinstance.py:1206} INFO - Marking task as SUCCESS. dag_id=example_branch_python_operator_decorator, task_id=branching, run_id=scheduled__2024-09-20T00:00:00+00:00, execution_date=20240920T000000, start_date=20240922T111707, end_date=20240922T111710
[2024-09-22T11:17:10.903+0000] {local_task_job_runner.py:243} INFO - Task exited with return code 0
[2024-09-22T11:17:11.643+0000] {taskinstance.py:3503} INFO - 1 downstream tasks scheduled from follow-on schedule check
[2024-09-22T11:17:11.744+0000] {local_task_job_runner.py:222} INFO - ::endgroup::
