[2024-09-22T11:17:39.604+0000] {local_task_job_runner.py:120} INFO - ::group::Pre task execution logs
[2024-09-22T11:17:39.843+0000] {taskinstance.py:2076} INFO - Dependencies all met for dep_context=non-requeueable deps ti=<TaskInstance: example_branch_python_operator_decorator.branch_d scheduled__2024-08-28T00:00:00+00:00 [queued]>
[2024-09-22T11:17:39.990+0000] {taskinstance.py:2076} INFO - Dependencies all met for dep_context=requeueable deps ti=<TaskInstance: example_branch_python_operator_decorator.branch_d scheduled__2024-08-28T00:00:00+00:00 [queued]>
[2024-09-22T11:17:39.991+0000] {taskinstance.py:2306} INFO - Starting attempt 1 of 1
[2024-09-22T11:17:40.436+0000] {taskinstance.py:2330} INFO - Executing <Task(_PythonDecoratedOperator): branch_d> on 2024-08-28 00:00:00+00:00
[2024-09-22T11:17:40.482+0000] {warnings.py:112} WARNING - /home/***/.local/lib/python3.12/site-packages/***/task/task_runner/standard_task_runner.py:62: DeprecationWarning: This process (pid=235) is multi-threaded, use of fork() may lead to deadlocks in the child.
  pid = os.fork()

[2024-09-22T11:17:40.487+0000] {standard_task_runner.py:64} INFO - Started process 257 to run task
[2024-09-22T11:17:40.489+0000] {standard_task_runner.py:90} INFO - Running: ['***', 'tasks', 'run', 'example_branch_python_operator_decorator', 'branch_d', 'scheduled__2024-08-28T00:00:00+00:00', '--job-id', '2498', '--raw', '--subdir', '/home/***/.local/lib/python3.12/site-packages/***/example_dags/example_branch_operator_decorator.py', '--cfg-path', '/tmp/tmpcbj145uc']
[2024-09-22T11:17:40.493+0000] {standard_task_runner.py:91} INFO - Job 2498: Subtask branch_d
[2024-09-22T11:17:41.007+0000] {task_command.py:426} INFO - Running <TaskInstance: example_branch_python_operator_decorator.branch_d scheduled__2024-08-28T00:00:00+00:00 [running]> on host 1d2bd9c1668e
[2024-09-22T11:17:42.205+0000] {taskinstance.py:2648} INFO - Exporting env vars: AIRFLOW_CTX_DAG_OWNER='***' AIRFLOW_CTX_DAG_ID='example_branch_python_operator_decorator' AIRFLOW_CTX_TASK_ID='branch_d' AIRFLOW_CTX_EXECUTION_DATE='2024-08-28T00:00:00+00:00' AIRFLOW_CTX_TRY_NUMBER='1' AIRFLOW_CTX_DAG_RUN_ID='scheduled__2024-08-28T00:00:00+00:00'
[2024-09-22T11:17:42.218+0000] {taskinstance.py:430} INFO - ::endgroup::
[2024-09-22T11:17:42.219+0000] {logging_mixin.py:188} INFO - doing something in Python
[2024-09-22T11:17:42.225+0000] {python.py:237} INFO - Done. Returned value was: None
[2024-09-22T11:17:42.234+0000] {taskinstance.py:441} INFO - ::group::Post task execution logs
[2024-09-22T11:17:42.301+0000] {taskinstance.py:1206} INFO - Marking task as SUCCESS. dag_id=example_branch_python_operator_decorator, task_id=branch_d, run_id=scheduled__2024-08-28T00:00:00+00:00, execution_date=20240828T000000, start_date=20240922T111739, end_date=20240922T111742
[2024-09-22T11:17:42.640+0000] {local_task_job_runner.py:243} INFO - Task exited with return code 0
[2024-09-22T11:17:42.827+0000] {taskinstance.py:3503} INFO - 0 downstream tasks scheduled from follow-on schedule check
[2024-09-22T11:17:43.078+0000] {local_task_job_runner.py:222} INFO - ::endgroup::
