[2024-09-22T11:17:55.325+0000] {local_task_job_runner.py:120} INFO - ::group::Pre task execution logs
[2024-09-22T11:17:55.444+0000] {taskinstance.py:2076} INFO - Dependencies all met for dep_context=non-requeueable deps ti=<TaskInstance: example_short_circuit_operator.short_circuit scheduled__2024-09-21T00:00:00+00:00 [queued]>
[2024-09-22T11:17:55.467+0000] {taskinstance.py:2076} INFO - Dependencies all met for dep_context=requeueable deps ti=<TaskInstance: example_short_circuit_operator.short_circuit scheduled__2024-09-21T00:00:00+00:00 [queued]>
[2024-09-22T11:17:55.468+0000] {taskinstance.py:2306} INFO - Starting attempt 1 of 1
[2024-09-22T11:17:55.762+0000] {taskinstance.py:2330} INFO - Executing <Task(ShortCircuitOperator): short_circuit> on 2024-09-21 00:00:00+00:00
[2024-09-22T11:17:55.804+0000] {warnings.py:112} WARNING - /home/***/.local/lib/python3.12/site-packages/***/task/task_runner/standard_task_runner.py:62: DeprecationWarning: This process (pid=279) is multi-threaded, use of fork() may lead to deadlocks in the child.
  pid = os.fork()

[2024-09-22T11:17:55.806+0000] {standard_task_runner.py:64} INFO - Started process 291 to run task
[2024-09-22T11:17:55.817+0000] {standard_task_runner.py:90} INFO - Running: ['***', 'tasks', 'run', 'example_short_circuit_operator', 'short_circuit', 'scheduled__2024-09-21T00:00:00+00:00', '--job-id', '2511', '--raw', '--subdir', '/home/***/.local/lib/python3.12/site-packages/***/example_dags/example_short_circuit_operator.py', '--cfg-path', '/tmp/tmp6wp6f6_l']
[2024-09-22T11:17:55.825+0000] {standard_task_runner.py:91} INFO - Job 2511: Subtask short_circuit
[2024-09-22T11:17:56.399+0000] {task_command.py:426} INFO - Running <TaskInstance: example_short_circuit_operator.short_circuit scheduled__2024-09-21T00:00:00+00:00 [running]> on host 1d2bd9c1668e
[2024-09-22T11:17:57.927+0000] {taskinstance.py:2648} INFO - Exporting env vars: AIRFLOW_CTX_DAG_OWNER='***' AIRFLOW_CTX_DAG_ID='example_short_circuit_operator' AIRFLOW_CTX_TASK_ID='short_circuit' AIRFLOW_CTX_EXECUTION_DATE='2024-09-21T00:00:00+00:00' AIRFLOW_CTX_TRY_NUMBER='1' AIRFLOW_CTX_DAG_RUN_ID='scheduled__2024-09-21T00:00:00+00:00'
[2024-09-22T11:17:57.929+0000] {taskinstance.py:430} INFO - ::endgroup::
[2024-09-22T11:17:57.935+0000] {baseoperator.py:400} WARNING - ShortCircuitOperator.execute cannot be called outside TaskInstance!
[2024-09-22T11:17:57.936+0000] {python.py:237} INFO - Done. Returned value was: False
[2024-09-22T11:17:57.936+0000] {python.py:304} INFO - Condition result is False
[2024-09-22T11:17:57.937+0000] {python.py:331} INFO - Skipping downstream tasks
[2024-09-22T11:17:59.089+0000] {python.py:339} INFO - Done.
[2024-09-22T11:17:59.090+0000] {taskinstance.py:441} INFO - ::group::Post task execution logs
[2024-09-22T11:17:59.571+0000] {taskinstance.py:1206} INFO - Marking task as SUCCESS. dag_id=example_short_circuit_operator, task_id=short_circuit, run_id=scheduled__2024-09-21T00:00:00+00:00, execution_date=20240921T000000, start_date=20240922T111755, end_date=20240922T111759
[2024-09-22T11:17:59.982+0000] {local_task_job_runner.py:243} INFO - Task exited with return code 0
[2024-09-22T11:18:00.068+0000] {taskinstance.py:3503} INFO - 0 downstream tasks scheduled from follow-on schedule check
[2024-09-22T11:18:00.316+0000] {local_task_job_runner.py:222} INFO - ::endgroup::
