[2024-09-22T11:18:27.982+0000] {local_task_job_runner.py:120} INFO - ::group::Pre task execution logs
[2024-09-22T11:18:28.060+0000] {taskinstance.py:2076} INFO - Dependencies all met for dep_context=non-requeueable deps ti=<TaskInstance: example_bash_operator.runme_0 scheduled__2024-09-20T00:00:00+00:00 [queued]>
[2024-09-22T11:18:28.073+0000] {taskinstance.py:2076} INFO - Dependencies all met for dep_context=requeueable deps ti=<TaskInstance: example_bash_operator.runme_0 scheduled__2024-09-20T00:00:00+00:00 [queued]>
[2024-09-22T11:18:28.074+0000] {taskinstance.py:2306} INFO - Starting attempt 1 of 1
[2024-09-22T11:18:28.975+0000] {taskinstance.py:2330} INFO - Executing <Task(BashOperator): runme_0> on 2024-09-20 00:00:00+00:00
[2024-09-22T11:18:29.043+0000] {warnings.py:112} WARNING - /home/***/.local/lib/python3.12/site-packages/***/task/task_runner/standard_task_runner.py:62: DeprecationWarning: This process (pid=333) is multi-threaded, use of fork() may lead to deadlocks in the child.
  pid = os.fork()

[2024-09-22T11:18:29.045+0000] {standard_task_runner.py:64} INFO - Started process 341 to run task
[2024-09-22T11:18:29.047+0000] {standard_task_runner.py:90} INFO - Running: ['***', 'tasks', 'run', 'example_bash_operator', 'runme_0', 'scheduled__2024-09-20T00:00:00+00:00', '--job-id', '2525', '--raw', '--subdir', '/home/***/.local/lib/python3.12/site-packages/***/example_dags/example_bash_operator.py', '--cfg-path', '/tmp/tmpvpihq7nd']
[2024-09-22T11:18:29.056+0000] {standard_task_runner.py:91} INFO - Job 2525: Subtask runme_0
[2024-09-22T11:18:29.646+0000] {task_command.py:426} INFO - Running <TaskInstance: example_bash_operator.runme_0 scheduled__2024-09-20T00:00:00+00:00 [running]> on host 1d2bd9c1668e
[2024-09-22T11:18:30.592+0000] {taskinstance.py:2648} INFO - Exporting env vars: AIRFLOW_CTX_DAG_OWNER='***' AIRFLOW_CTX_DAG_ID='example_bash_operator' AIRFLOW_CTX_TASK_ID='runme_0' AIRFLOW_CTX_EXECUTION_DATE='2024-09-20T00:00:00+00:00' AIRFLOW_CTX_TRY_NUMBER='1' AIRFLOW_CTX_DAG_RUN_ID='scheduled__2024-09-20T00:00:00+00:00'
[2024-09-22T11:18:30.597+0000] {taskinstance.py:430} INFO - ::endgroup::
[2024-09-22T11:18:30.598+0000] {subprocess.py:63} INFO - Tmp dir root location: /tmp
[2024-09-22T11:18:30.599+0000] {subprocess.py:75} INFO - Running command: ['/usr/bin/bash', '-c', 'echo "example_bash_operator__runme_0__20240920" && sleep 1']
[2024-09-22T11:18:30.661+0000] {subprocess.py:86} INFO - Output:
[2024-09-22T11:18:30.662+0000] {subprocess.py:93} INFO - example_bash_operator__runme_0__20240920
[2024-09-22T11:18:32.048+0000] {subprocess.py:97} INFO - Command exited with return code 0
[2024-09-22T11:18:32.050+0000] {taskinstance.py:441} INFO - ::group::Post task execution logs
[2024-09-22T11:18:32.399+0000] {taskinstance.py:1206} INFO - Marking task as SUCCESS. dag_id=example_bash_operator, task_id=runme_0, run_id=scheduled__2024-09-20T00:00:00+00:00, execution_date=20240920T000000, start_date=20240922T111828, end_date=20240922T111832
[2024-09-22T11:18:32.770+0000] {local_task_job_runner.py:243} INFO - Task exited with return code 0
[2024-09-22T11:18:32.859+0000] {taskinstance.py:3503} INFO - 0 downstream tasks scheduled from follow-on schedule check
[2024-09-22T11:18:33.044+0000] {local_task_job_runner.py:222} INFO - ::endgroup::
