[2024-09-22T11:43:26.560+0000] {local_task_job_runner.py:120} INFO - ::group::Pre task execution logs
[2024-09-22T11:43:26.619+0000] {taskinstance.py:2076} INFO - Dependencies all met for dep_context=non-requeueable deps ti=<TaskInstance: example_dynamic_task_mapping.sum_it scheduled__2023-07-27T00:00:00+00:00 [queued]>
[2024-09-22T11:43:26.635+0000] {taskinstance.py:2076} INFO - Dependencies all met for dep_context=requeueable deps ti=<TaskInstance: example_dynamic_task_mapping.sum_it scheduled__2023-07-27T00:00:00+00:00 [queued]>
[2024-09-22T11:43:26.635+0000] {taskinstance.py:2306} INFO - Starting attempt 1 of 1
[2024-09-22T11:43:27.448+0000] {taskinstance.py:2330} INFO - Executing <Task(_PythonDecoratedOperator): sum_it> on 2023-07-27 00:00:00+00:00
[2024-09-22T11:43:27.590+0000] {warnings.py:112} WARNING - /home/***/.local/lib/python3.12/site-packages/***/task/task_runner/standard_task_runner.py:62: DeprecationWarning: This process (pid=1770) is multi-threaded, use of fork() may lead to deadlocks in the child.
  pid = os.fork()

[2024-09-22T11:43:27.594+0000] {standard_task_runner.py:90} INFO - Running: ['***', 'tasks', 'run', 'example_dynamic_task_mapping', 'sum_it', 'scheduled__2023-07-27T00:00:00+00:00', '--job-id', '2802', '--raw', '--subdir', '/home/***/.local/lib/python3.12/site-packages/***/example_dags/example_dynamic_task_mapping.py', '--cfg-path', '/tmp/tmpdd7cdpu6']
[2024-09-22T11:43:27.607+0000] {standard_task_runner.py:91} INFO - Job 2802: Subtask sum_it
[2024-09-22T11:43:27.601+0000] {standard_task_runner.py:64} INFO - Started process 1786 to run task
[2024-09-22T11:43:28.594+0000] {task_command.py:426} INFO - Running <TaskInstance: example_dynamic_task_mapping.sum_it scheduled__2023-07-27T00:00:00+00:00 [running]> on host 1d2bd9c1668e
[2024-09-22T11:43:29.769+0000] {taskinstance.py:2648} INFO - Exporting env vars: AIRFLOW_CTX_DAG_OWNER='***' AIRFLOW_CTX_DAG_ID='example_dynamic_task_mapping' AIRFLOW_CTX_TASK_ID='sum_it' AIRFLOW_CTX_EXECUTION_DATE='2023-07-27T00:00:00+00:00' AIRFLOW_CTX_TRY_NUMBER='1' AIRFLOW_CTX_DAG_RUN_ID='scheduled__2023-07-27T00:00:00+00:00'
[2024-09-22T11:43:29.774+0000] {taskinstance.py:430} INFO - ::endgroup::
[2024-09-22T11:43:29.808+0000] {logging_mixin.py:188} INFO - Total was 9
[2024-09-22T11:43:29.811+0000] {python.py:237} INFO - Done. Returned value was: None
[2024-09-22T11:43:29.814+0000] {taskinstance.py:441} INFO - ::group::Post task execution logs
[2024-09-22T11:43:29.861+0000] {taskinstance.py:1206} INFO - Marking task as SUCCESS. dag_id=example_dynamic_task_mapping, task_id=sum_it, run_id=scheduled__2023-07-27T00:00:00+00:00, execution_date=20230727T000000, start_date=20240922T114326, end_date=20240922T114329
[2024-09-22T11:43:30.129+0000] {local_task_job_runner.py:243} INFO - Task exited with return code 0
[2024-09-22T11:43:30.218+0000] {taskinstance.py:3503} INFO - 0 downstream tasks scheduled from follow-on schedule check
[2024-09-22T11:43:30.377+0000] {local_task_job_runner.py:222} INFO - ::endgroup::
