[2024-09-22T15:21:28.177+0000] {local_task_job_runner.py:123} INFO - ::group::Pre task execution logs
[2024-09-22T15:21:28.200+0000] {taskinstance.py:2612} INFO - Dependencies all met for dep_context=non-requeueable deps ti=<TaskInstance: NY_TAXI.download_data scheduled__2021-11-06T00:00:00+00:00 [queued]>
[2024-09-22T15:21:28.211+0000] {taskinstance.py:2612} INFO - Dependencies all met for dep_context=requeueable deps ti=<TaskInstance: NY_TAXI.download_data scheduled__2021-11-06T00:00:00+00:00 [queued]>
[2024-09-22T15:21:28.211+0000] {taskinstance.py:2865} INFO - Starting attempt 1 of 1
[2024-09-22T15:21:28.293+0000] {taskinstance.py:2888} INFO - Executing <Task(BashOperator): download_data> on 2021-11-06 00:00:00+00:00
[2024-09-22T15:21:28.318+0000] {logging_mixin.py:190} WARNING - /home/***/.local/lib/python3.12/site-packages/***/task/task_runner/standard_task_runner.py:70 DeprecationWarning: This process (pid=1714) is multi-threaded, use of fork() may lead to deadlocks in the child.
[2024-09-22T15:21:28.315+0000] {standard_task_runner.py:104} INFO - Running: ['***', 'tasks', 'run', 'NY_TAXI', 'download_data', 'scheduled__2021-11-06T00:00:00+00:00', '--job-id', '312', '--raw', '--subdir', 'DAGS_FOLDER/download.py', '--cfg-path', '/tmp/tmpnmcn4zvc']
[2024-09-22T15:21:28.319+0000] {standard_task_runner.py:105} INFO - Job 312: Subtask download_data
[2024-09-22T15:21:28.319+0000] {standard_task_runner.py:72} INFO - Started process 1716 to run task
[2024-09-22T15:21:29.914+0000] {task_command.py:467} INFO - Running <TaskInstance: NY_TAXI.download_data scheduled__2021-11-06T00:00:00+00:00 [running]> on host 8c9160901df5
[2024-09-22T15:21:30.275+0000] {taskinstance.py:3131} INFO - Exporting env vars: AIRFLOW_CTX_DAG_OWNER='***' AIRFLOW_CTX_DAG_ID='NY_TAXI' AIRFLOW_CTX_TASK_ID='download_data' AIRFLOW_CTX_EXECUTION_DATE='2021-11-06T00:00:00+00:00' AIRFLOW_CTX_TRY_NUMBER='1' AIRFLOW_CTX_DAG_RUN_ID='scheduled__2021-11-06T00:00:00+00:00'
[2024-09-22T15:21:30.277+0000] {taskinstance.py:731} INFO - ::endgroup::
[2024-09-22T15:21:30.333+0000] {subprocess.py:63} INFO - Tmp dir root location: /tmp
[2024-09-22T15:21:30.335+0000] {subprocess.py:75} INFO - Running command: ['/usr/bin/bash', '-c', 'echo 2021-11-06']
[2024-09-22T15:21:30.501+0000] {subprocess.py:86} INFO - Output:
[2024-09-22T15:21:30.514+0000] {subprocess.py:93} INFO - 2021-11-06
[2024-09-22T15:21:30.518+0000] {subprocess.py:97} INFO - Command exited with return code 0
[2024-09-22T15:21:30.746+0000] {taskinstance.py:340} INFO - ::group::Post task execution logs
[2024-09-22T15:21:30.764+0000] {taskinstance.py:352} INFO - Marking task as SUCCESS. dag_id=NY_TAXI, task_id=download_data, run_id=scheduled__2021-11-06T00:00:00+00:00, execution_date=20211106T000000, start_date=20240922T152128, end_date=20240922T152130
[2024-09-22T15:21:31.046+0000] {local_task_job_runner.py:266} INFO - Task exited with return code 0
[2024-09-22T15:21:31.124+0000] {taskinstance.py:3900} INFO - 0 downstream tasks scheduled from follow-on schedule check
[2024-09-22T15:21:31.170+0000] {local_task_job_runner.py:245} INFO - ::endgroup::
