[2024-09-22T11:33:42.945+0000] {local_task_job_runner.py:120} INFO - ::group::Pre task execution logs
[2024-09-22T11:33:43.017+0000] {taskinstance.py:2076} INFO - Dependencies all met for dep_context=non-requeueable deps ti=<TaskInstance: tutorial.sleep scheduled__2024-08-28T00:00:00+00:00 [queued]>
[2024-09-22T11:33:43.062+0000] {taskinstance.py:2076} INFO - Dependencies all met for dep_context=requeueable deps ti=<TaskInstance: tutorial.sleep scheduled__2024-08-28T00:00:00+00:00 [queued]>
[2024-09-22T11:33:43.063+0000] {taskinstance.py:2306} INFO - Starting attempt 1 of 4
[2024-09-22T11:33:43.467+0000] {taskinstance.py:2330} INFO - Executing <Task(BashOperator): sleep> on 2024-08-28 00:00:00+00:00
[2024-09-22T11:33:43.854+0000] {warnings.py:112} WARNING - /home/***/.local/lib/python3.12/site-packages/***/task/task_runner/standard_task_runner.py:62: DeprecationWarning: This process (pid=1208) is multi-threaded, use of fork() may lead to deadlocks in the child.
  pid = os.fork()

[2024-09-22T11:33:43.869+0000] {standard_task_runner.py:64} INFO - Started process 1213 to run task
[2024-09-22T11:33:44.222+0000] {standard_task_runner.py:90} INFO - Running: ['***', 'tasks', 'run', 'tutorial', 'sleep', 'scheduled__2024-08-28T00:00:00+00:00', '--job-id', '2672', '--raw', '--subdir', '/home/***/.local/lib/python3.12/site-packages/***/example_dags/tutorial.py', '--cfg-path', '/tmp/tmpu7j0hija']
[2024-09-22T11:33:44.328+0000] {standard_task_runner.py:91} INFO - Job 2672: Subtask sleep
[2024-09-22T11:33:44.868+0000] {task_command.py:426} INFO - Running <TaskInstance: tutorial.sleep scheduled__2024-08-28T00:00:00+00:00 [running]> on host 1d2bd9c1668e
[2024-09-22T11:33:45.756+0000] {taskinstance.py:2648} INFO - Exporting env vars: AIRFLOW_CTX_DAG_EMAIL='***@example.com' AIRFLOW_CTX_DAG_OWNER='***' AIRFLOW_CTX_DAG_ID='tutorial' AIRFLOW_CTX_TASK_ID='sleep' AIRFLOW_CTX_EXECUTION_DATE='2024-08-28T00:00:00+00:00' AIRFLOW_CTX_TRY_NUMBER='1' AIRFLOW_CTX_DAG_RUN_ID='scheduled__2024-08-28T00:00:00+00:00'
[2024-09-22T11:33:45.764+0000] {taskinstance.py:430} INFO - ::endgroup::
[2024-09-22T11:33:45.766+0000] {subprocess.py:63} INFO - Tmp dir root location: /tmp
[2024-09-22T11:33:45.767+0000] {subprocess.py:75} INFO - Running command: ['/usr/bin/bash', '-c', 'sleep 5']
[2024-09-22T11:33:45.812+0000] {subprocess.py:86} INFO - Output:
[2024-09-22T11:33:50.820+0000] {subprocess.py:97} INFO - Command exited with return code 0
[2024-09-22T11:33:51.159+0000] {taskinstance.py:441} INFO - ::group::Post task execution logs
[2024-09-22T11:33:51.509+0000] {taskinstance.py:1206} INFO - Marking task as SUCCESS. dag_id=tutorial, task_id=sleep, run_id=scheduled__2024-08-28T00:00:00+00:00, execution_date=20240828T000000, start_date=20240922T113343, end_date=20240922T113351
[2024-09-22T11:33:51.875+0000] {local_task_job_runner.py:243} INFO - Task exited with return code 0
[2024-09-22T11:33:51.928+0000] {taskinstance.py:3503} INFO - 0 downstream tasks scheduled from follow-on schedule check
[2024-09-22T11:33:52.330+0000] {local_task_job_runner.py:222} INFO - ::endgroup::
