[2024-09-22T11:32:37.634+0000] {local_task_job_runner.py:120} INFO - ::group::Pre task execution logs
[2024-09-22T11:32:37.687+0000] {taskinstance.py:2076} INFO - Dependencies all met for dep_context=non-requeueable deps ti=<TaskInstance: dataset_produces_1.producing_task_1 scheduled__2024-08-25T00:00:00+00:00 [queued]>
[2024-09-22T11:32:37.707+0000] {taskinstance.py:2076} INFO - Dependencies all met for dep_context=requeueable deps ti=<TaskInstance: dataset_produces_1.producing_task_1 scheduled__2024-08-25T00:00:00+00:00 [queued]>
[2024-09-22T11:32:37.707+0000] {taskinstance.py:2306} INFO - Starting attempt 1 of 1
[2024-09-22T11:32:38.225+0000] {taskinstance.py:2330} INFO - Executing <Task(BashOperator): producing_task_1> on 2024-08-25 00:00:00+00:00
[2024-09-22T11:32:38.264+0000] {warnings.py:112} WARNING - /home/***/.local/lib/python3.12/site-packages/***/task/task_runner/standard_task_runner.py:62: DeprecationWarning: This process (pid=1148) is multi-threaded, use of fork() may lead to deadlocks in the child.
  pid = os.fork()

[2024-09-22T11:32:38.270+0000] {standard_task_runner.py:64} INFO - Started process 1159 to run task
[2024-09-22T11:32:38.272+0000] {standard_task_runner.py:90} INFO - Running: ['***', 'tasks', 'run', 'dataset_produces_1', 'producing_task_1', 'scheduled__2024-08-25T00:00:00+00:00', '--job-id', '2664', '--raw', '--subdir', '/home/***/.local/lib/python3.12/site-packages/***/example_dags/example_datasets.py', '--cfg-path', '/tmp/tmptyd40rxd']
[2024-09-22T11:32:38.281+0000] {standard_task_runner.py:91} INFO - Job 2664: Subtask producing_task_1
[2024-09-22T11:32:39.249+0000] {task_command.py:426} INFO - Running <TaskInstance: dataset_produces_1.producing_task_1 scheduled__2024-08-25T00:00:00+00:00 [running]> on host 1d2bd9c1668e
[2024-09-22T11:32:40.533+0000] {taskinstance.py:2648} INFO - Exporting env vars: AIRFLOW_CTX_DAG_OWNER='***' AIRFLOW_CTX_DAG_ID='dataset_produces_1' AIRFLOW_CTX_TASK_ID='producing_task_1' AIRFLOW_CTX_EXECUTION_DATE='2024-08-25T00:00:00+00:00' AIRFLOW_CTX_TRY_NUMBER='1' AIRFLOW_CTX_DAG_RUN_ID='scheduled__2024-08-25T00:00:00+00:00'
[2024-09-22T11:32:40.539+0000] {taskinstance.py:430} INFO - ::endgroup::
[2024-09-22T11:32:41.922+0000] {subprocess.py:63} INFO - Tmp dir root location: /tmp
[2024-09-22T11:32:41.923+0000] {subprocess.py:75} INFO - Running command: ['/usr/bin/bash', '-c', 'sleep 5']
[2024-09-22T11:32:42.384+0000] {subprocess.py:86} INFO - Output:
[2024-09-22T11:32:49.792+0000] {subprocess.py:97} INFO - Command exited with return code 0
[2024-09-22T11:32:49.793+0000] {taskinstance.py:441} INFO - ::group::Post task execution logs
[2024-09-22T11:32:51.526+0000] {taskinstance.py:1206} INFO - Marking task as SUCCESS. dag_id=dataset_produces_1, task_id=producing_task_1, run_id=scheduled__2024-08-25T00:00:00+00:00, execution_date=20240825T000000, start_date=20240922T113237, end_date=20240922T113251
[2024-09-22T11:32:54.535+0000] {local_task_job_runner.py:243} INFO - Task exited with return code 0
[2024-09-22T11:32:54.564+0000] {taskinstance.py:3503} INFO - 0 downstream tasks scheduled from follow-on schedule check
[2024-09-22T11:32:54.824+0000] {local_task_job_runner.py:222} INFO - ::endgroup::
