[2024-09-22T11:16:29.753+0000] {local_task_job_runner.py:120} INFO - ::group::Pre task execution logs
[2024-09-22T11:16:30.514+0000] {taskinstance.py:2076} INFO - Dependencies all met for dep_context=non-requeueable deps ti=<TaskInstance: latest_only_with_trigger.latest_only scheduled__2024-09-20T12:00:00+00:00 [queued]>
[2024-09-22T11:16:30.555+0000] {taskinstance.py:2076} INFO - Dependencies all met for dep_context=requeueable deps ti=<TaskInstance: latest_only_with_trigger.latest_only scheduled__2024-09-20T12:00:00+00:00 [queued]>
[2024-09-22T11:16:30.559+0000] {taskinstance.py:2306} INFO - Starting attempt 1 of 1
[2024-09-22T11:16:31.016+0000] {taskinstance.py:2330} INFO - Executing <Task(LatestOnlyOperator): latest_only> on 2024-09-20 12:00:00+00:00
[2024-09-22T11:16:31.103+0000] {warnings.py:112} WARNING - /home/***/.local/lib/python3.12/site-packages/***/task/task_runner/standard_task_runner.py:62: DeprecationWarning: This process (pid=120) is multi-threaded, use of fork() may lead to deadlocks in the child.
  pid = os.fork()

[2024-09-22T11:16:31.133+0000] {standard_task_runner.py:64} INFO - Started process 158 to run task
[2024-09-22T11:16:31.112+0000] {standard_task_runner.py:90} INFO - Running: ['***', 'tasks', 'run', 'latest_only_with_trigger', 'latest_only', 'scheduled__2024-09-20T12:00:00+00:00', '--job-id', '2472', '--raw', '--subdir', '/home/***/.local/lib/python3.12/site-packages/***/example_dags/example_latest_only_with_trigger.py', '--cfg-path', '/tmp/tmp6v_0tbk3']
[2024-09-22T11:16:31.154+0000] {standard_task_runner.py:91} INFO - Job 2472: Subtask latest_only
[2024-09-22T11:16:36.158+0000] {task_command.py:426} INFO - Running <TaskInstance: latest_only_with_trigger.latest_only scheduled__2024-09-20T12:00:00+00:00 [running]> on host 1d2bd9c1668e
[2024-09-22T11:16:45.868+0000] {taskinstance.py:2648} INFO - Exporting env vars: AIRFLOW_CTX_DAG_OWNER='***' AIRFLOW_CTX_DAG_ID='latest_only_with_trigger' AIRFLOW_CTX_TASK_ID='latest_only' AIRFLOW_CTX_EXECUTION_DATE='2024-09-20T12:00:00+00:00' AIRFLOW_CTX_TRY_NUMBER='1' AIRFLOW_CTX_DAG_RUN_ID='scheduled__2024-09-20T12:00:00+00:00'
[2024-09-22T11:16:45.874+0000] {taskinstance.py:430} INFO - ::endgroup::
[2024-09-22T11:16:45.876+0000] {latest_only.py:63} INFO - Checking latest only with left_window: 2024-09-20 16:00:00+00:00 right_window: 2024-09-20 20:00:00+00:00 now: 2024-09-22 11:16:45.875950+00:00
[2024-09-22T11:16:45.877+0000] {latest_only.py:71} INFO - Not latest execution, skipping downstream.
[2024-09-22T11:16:45.878+0000] {branch.py:36} INFO - Branch into []
[2024-09-22T11:16:45.879+0000] {skipmixin.py:178} INFO - Following branch []
[2024-09-22T11:16:45.921+0000] {skipmixin.py:246} INFO - Skipping tasks [('task1', -1)]
[2024-09-22T11:16:47.898+0000] {taskinstance.py:441} INFO - ::group::Post task execution logs
[2024-09-22T11:16:48.568+0000] {taskinstance.py:1206} INFO - Marking task as SUCCESS. dag_id=latest_only_with_trigger, task_id=latest_only, run_id=scheduled__2024-09-20T12:00:00+00:00, execution_date=20240920T120000, start_date=20240922T111630, end_date=20240922T111648
[2024-09-22T11:16:50.309+0000] {local_task_job_runner.py:243} INFO - Task exited with return code 0
[2024-09-22T11:16:50.347+0000] {taskinstance.py:3503} INFO - 0 downstream tasks scheduled from follow-on schedule check
[2024-09-22T11:16:50.541+0000] {local_task_job_runner.py:222} INFO - ::endgroup::
