[2024-09-22T11:18:10.224+0000] {local_task_job_runner.py:120} INFO - ::group::Pre task execution logs
[2024-09-22T11:18:10.271+0000] {taskinstance.py:2076} INFO - Dependencies all met for dep_context=non-requeueable deps ti=<TaskInstance: example_branch_datetime_operator.datetime_branch scheduled__2024-09-19T00:00:00+00:00 [queued]>
[2024-09-22T11:18:10.287+0000] {taskinstance.py:2076} INFO - Dependencies all met for dep_context=requeueable deps ti=<TaskInstance: example_branch_datetime_operator.datetime_branch scheduled__2024-09-19T00:00:00+00:00 [queued]>
[2024-09-22T11:18:10.287+0000] {taskinstance.py:2306} INFO - Starting attempt 1 of 1
[2024-09-22T11:18:10.556+0000] {taskinstance.py:2330} INFO - Executing <Task(BranchDateTimeOperator): datetime_branch> on 2024-09-19 00:00:00+00:00
[2024-09-22T11:18:10.583+0000] {warnings.py:112} WARNING - /home/***/.local/lib/python3.12/site-packages/***/task/task_runner/standard_task_runner.py:62: DeprecationWarning: This process (pid=310) is multi-threaded, use of fork() may lead to deadlocks in the child.
  pid = os.fork()

[2024-09-22T11:18:10.585+0000] {standard_task_runner.py:64} INFO - Started process 317 to run task
[2024-09-22T11:18:10.587+0000] {standard_task_runner.py:90} INFO - Running: ['***', 'tasks', 'run', 'example_branch_datetime_operator', 'datetime_branch', 'scheduled__2024-09-19T00:00:00+00:00', '--job-id', '2519', '--raw', '--subdir', '/home/***/.local/lib/python3.12/site-packages/***/example_dags/example_branch_datetime_operator.py', '--cfg-path', '/tmp/tmpi508p27i']
[2024-09-22T11:18:10.593+0000] {standard_task_runner.py:91} INFO - Job 2519: Subtask datetime_branch
[2024-09-22T11:18:11.332+0000] {task_command.py:426} INFO - Running <TaskInstance: example_branch_datetime_operator.datetime_branch scheduled__2024-09-19T00:00:00+00:00 [running]> on host 1d2bd9c1668e
[2024-09-22T11:18:12.297+0000] {taskinstance.py:2648} INFO - Exporting env vars: AIRFLOW_CTX_DAG_OWNER='***' AIRFLOW_CTX_DAG_ID='example_branch_datetime_operator' AIRFLOW_CTX_TASK_ID='datetime_branch' AIRFLOW_CTX_EXECUTION_DATE='2024-09-19T00:00:00+00:00' AIRFLOW_CTX_TRY_NUMBER='1' AIRFLOW_CTX_DAG_RUN_ID='scheduled__2024-09-19T00:00:00+00:00'
[2024-09-22T11:18:12.322+0000] {taskinstance.py:430} INFO - ::endgroup::
[2024-09-22T11:18:12.325+0000] {branch.py:36} INFO - Branch into ['date_outside_range']
[2024-09-22T11:18:12.326+0000] {skipmixin.py:178} INFO - Following branch ['date_outside_range']
[2024-09-22T11:18:12.457+0000] {skipmixin.py:246} INFO - Skipping tasks [('date_in_range', -1)]
[2024-09-22T11:18:13.008+0000] {taskinstance.py:441} INFO - ::group::Post task execution logs
[2024-09-22T11:18:13.490+0000] {taskinstance.py:1206} INFO - Marking task as SUCCESS. dag_id=example_branch_datetime_operator, task_id=datetime_branch, run_id=scheduled__2024-09-19T00:00:00+00:00, execution_date=20240919T000000, start_date=20240922T111810, end_date=20240922T111813
[2024-09-22T11:18:14.252+0000] {local_task_job_runner.py:243} INFO - Task exited with return code 0
[2024-09-22T11:18:14.524+0000] {taskinstance.py:3503} INFO - 0 downstream tasks scheduled from follow-on schedule check
[2024-09-22T11:18:14.742+0000] {local_task_job_runner.py:222} INFO - ::endgroup::
