[2024-09-22T15:20:58.702+0000] {local_task_job_runner.py:123} INFO - ::group::Pre task execution logs
[2024-09-22T15:20:58.726+0000] {taskinstance.py:2612} INFO - Dependencies all met for dep_context=non-requeueable deps ti=<TaskInstance: NY_TAXI.download_data scheduled__2021-10-19T00:00:00+00:00 [queued]>
[2024-09-22T15:20:58.739+0000] {taskinstance.py:2612} INFO - Dependencies all met for dep_context=requeueable deps ti=<TaskInstance: NY_TAXI.download_data scheduled__2021-10-19T00:00:00+00:00 [queued]>
[2024-09-22T15:20:58.740+0000] {taskinstance.py:2865} INFO - Starting attempt 1 of 1
[2024-09-22T15:20:58.820+0000] {taskinstance.py:2888} INFO - Executing <Task(BashOperator): download_data> on 2021-10-19 00:00:00+00:00
[2024-09-22T15:20:58.837+0000] {logging_mixin.py:190} WARNING - /home/***/.local/lib/python3.12/site-packages/***/task/task_runner/standard_task_runner.py:70 DeprecationWarning: This process (pid=1628) is multi-threaded, use of fork() may lead to deadlocks in the child.
[2024-09-22T15:20:58.835+0000] {standard_task_runner.py:104} INFO - Running: ['***', 'tasks', 'run', 'NY_TAXI', 'download_data', 'scheduled__2021-10-19T00:00:00+00:00', '--job-id', '294', '--raw', '--subdir', 'DAGS_FOLDER/download.py', '--cfg-path', '/tmp/tmpj41s2_k7']
[2024-09-22T15:20:58.838+0000] {standard_task_runner.py:72} INFO - Started process 1632 to run task
[2024-09-22T15:20:58.838+0000] {standard_task_runner.py:105} INFO - Job 294: Subtask download_data
[2024-09-22T15:20:58.964+0000] {task_command.py:467} INFO - Running <TaskInstance: NY_TAXI.download_data scheduled__2021-10-19T00:00:00+00:00 [running]> on host 8c9160901df5
[2024-09-22T15:20:59.505+0000] {taskinstance.py:3131} INFO - Exporting env vars: AIRFLOW_CTX_DAG_OWNER='***' AIRFLOW_CTX_DAG_ID='NY_TAXI' AIRFLOW_CTX_TASK_ID='download_data' AIRFLOW_CTX_EXECUTION_DATE='2021-10-19T00:00:00+00:00' AIRFLOW_CTX_TRY_NUMBER='1' AIRFLOW_CTX_DAG_RUN_ID='scheduled__2021-10-19T00:00:00+00:00'
[2024-09-22T15:20:59.507+0000] {taskinstance.py:731} INFO - ::endgroup::
[2024-09-22T15:20:59.549+0000] {subprocess.py:63} INFO - Tmp dir root location: /tmp
[2024-09-22T15:20:59.550+0000] {subprocess.py:75} INFO - Running command: ['/usr/bin/bash', '-c', 'echo 2021-10-19']
[2024-09-22T15:20:59.571+0000] {subprocess.py:86} INFO - Output:
[2024-09-22T15:20:59.575+0000] {subprocess.py:93} INFO - 2021-10-19
[2024-09-22T15:20:59.575+0000] {subprocess.py:97} INFO - Command exited with return code 0
[2024-09-22T15:21:00.049+0000] {taskinstance.py:340} INFO - ::group::Post task execution logs
[2024-09-22T15:21:00.050+0000] {taskinstance.py:352} INFO - Marking task as SUCCESS. dag_id=NY_TAXI, task_id=download_data, run_id=scheduled__2021-10-19T00:00:00+00:00, execution_date=20211019T000000, start_date=20240922T152058, end_date=20240922T152100
[2024-09-22T15:21:00.142+0000] {local_task_job_runner.py:266} INFO - Task exited with return code 0
[2024-09-22T15:21:00.156+0000] {local_task_job_runner.py:245} INFO - ::endgroup::
