[2024-09-22T11:33:20.636+0000] {local_task_job_runner.py:120} INFO - ::group::Pre task execution logs
[2024-09-22T11:33:20.674+0000] {taskinstance.py:2076} INFO - Dependencies all met for dep_context=non-requeueable deps ti=<TaskInstance: tutorial.templated scheduled__2024-08-28T00:00:00+00:00 [queued]>
[2024-09-22T11:33:20.684+0000] {taskinstance.py:2076} INFO - Dependencies all met for dep_context=requeueable deps ti=<TaskInstance: tutorial.templated scheduled__2024-08-28T00:00:00+00:00 [queued]>
[2024-09-22T11:33:20.685+0000] {taskinstance.py:2306} INFO - Starting attempt 1 of 2
[2024-09-22T11:33:21.279+0000] {taskinstance.py:2330} INFO - Executing <Task(BashOperator): templated> on 2024-08-28 00:00:00+00:00
[2024-09-22T11:33:21.302+0000] {warnings.py:112} WARNING - /home/***/.local/lib/python3.12/site-packages/***/task/task_runner/standard_task_runner.py:62: DeprecationWarning: This process (pid=1186) is multi-threaded, use of fork() may lead to deadlocks in the child.
  pid = os.fork()

[2024-09-22T11:33:21.305+0000] {standard_task_runner.py:64} INFO - Started process 1188 to run task
[2024-09-22T11:33:21.306+0000] {standard_task_runner.py:90} INFO - Running: ['***', 'tasks', 'run', 'tutorial', 'templated', 'scheduled__2024-08-28T00:00:00+00:00', '--job-id', '2669', '--raw', '--subdir', '/home/***/.local/lib/python3.12/site-packages/***/example_dags/tutorial.py', '--cfg-path', '/tmp/tmp7emrhop7']
[2024-09-22T11:33:21.311+0000] {standard_task_runner.py:91} INFO - Job 2669: Subtask templated
[2024-09-22T11:33:21.736+0000] {task_command.py:426} INFO - Running <TaskInstance: tutorial.templated scheduled__2024-08-28T00:00:00+00:00 [running]> on host 1d2bd9c1668e
[2024-09-22T11:33:22.449+0000] {taskinstance.py:2648} INFO - Exporting env vars: AIRFLOW_CTX_DAG_EMAIL='***@example.com' AIRFLOW_CTX_DAG_OWNER='***' AIRFLOW_CTX_DAG_ID='tutorial' AIRFLOW_CTX_TASK_ID='templated' AIRFLOW_CTX_EXECUTION_DATE='2024-08-28T00:00:00+00:00' AIRFLOW_CTX_TRY_NUMBER='1' AIRFLOW_CTX_DAG_RUN_ID='scheduled__2024-08-28T00:00:00+00:00'
[2024-09-22T11:33:22.455+0000] {taskinstance.py:430} INFO - ::endgroup::
[2024-09-22T11:33:22.465+0000] {subprocess.py:63} INFO - Tmp dir root location: /tmp
[2024-09-22T11:33:22.467+0000] {subprocess.py:75} INFO - Running command: ['/usr/bin/bash', '-c', '\n\n    echo "2024-08-28"\n    echo "2024-09-04"\n\n    echo "2024-08-28"\n    echo "2024-09-04"\n\n    echo "2024-08-28"\n    echo "2024-09-04"\n\n    echo "2024-08-28"\n    echo "2024-09-04"\n\n    echo "2024-08-28"\n    echo "2024-09-04"\n']
[2024-09-22T11:33:22.519+0000] {subprocess.py:86} INFO - Output:
[2024-09-22T11:33:22.533+0000] {subprocess.py:93} INFO - 2024-08-28
[2024-09-22T11:33:22.534+0000] {subprocess.py:93} INFO - 2024-09-04
[2024-09-22T11:33:22.534+0000] {subprocess.py:93} INFO - 2024-08-28
[2024-09-22T11:33:22.535+0000] {subprocess.py:93} INFO - 2024-09-04
[2024-09-22T11:33:22.541+0000] {subprocess.py:93} INFO - 2024-08-28
[2024-09-22T11:33:22.542+0000] {subprocess.py:93} INFO - 2024-09-04
[2024-09-22T11:33:22.542+0000] {subprocess.py:93} INFO - 2024-08-28
[2024-09-22T11:33:22.543+0000] {subprocess.py:93} INFO - 2024-09-04
[2024-09-22T11:33:22.543+0000] {subprocess.py:93} INFO - 2024-08-28
[2024-09-22T11:33:22.548+0000] {subprocess.py:93} INFO - 2024-09-04
[2024-09-22T11:33:22.548+0000] {subprocess.py:97} INFO - Command exited with return code 0
[2024-09-22T11:33:22.550+0000] {taskinstance.py:441} INFO - ::group::Post task execution logs
[2024-09-22T11:33:23.168+0000] {taskinstance.py:1206} INFO - Marking task as SUCCESS. dag_id=tutorial, task_id=templated, run_id=scheduled__2024-08-28T00:00:00+00:00, execution_date=20240828T000000, start_date=20240922T113320, end_date=20240922T113323
[2024-09-22T11:33:24.859+0000] {local_task_job_runner.py:243} INFO - Task exited with return code 0
[2024-09-22T11:33:24.876+0000] {local_task_job_runner.py:222} INFO - ::endgroup::
