[2024-09-22T15:19:48.605+0000] {local_task_job_runner.py:123} INFO - ::group::Pre task execution logs
[2024-09-22T15:19:48.633+0000] {taskinstance.py:2612} INFO - Dependencies all met for dep_context=non-requeueable deps ti=<TaskInstance: NY_TAXI.download_data scheduled__2021-08-20T00:00:00+00:00 [queued]>
[2024-09-22T15:19:48.645+0000] {taskinstance.py:2612} INFO - Dependencies all met for dep_context=requeueable deps ti=<TaskInstance: NY_TAXI.download_data scheduled__2021-08-20T00:00:00+00:00 [queued]>
[2024-09-22T15:19:48.645+0000] {taskinstance.py:2865} INFO - Starting attempt 1 of 1
[2024-09-22T15:19:48.707+0000] {taskinstance.py:2888} INFO - Executing <Task(BashOperator): download_data> on 2021-08-20 00:00:00+00:00
[2024-09-22T15:19:48.740+0000] {logging_mixin.py:190} WARNING - /home/***/.local/lib/python3.12/site-packages/***/task/task_runner/standard_task_runner.py:70 DeprecationWarning: This process (pid=1361) is multi-threaded, use of fork() may lead to deadlocks in the child.
[2024-09-22T15:19:48.742+0000] {standard_task_runner.py:72} INFO - Started process 1371 to run task
[2024-09-22T15:19:48.735+0000] {standard_task_runner.py:104} INFO - Running: ['***', 'tasks', 'run', 'NY_TAXI', 'download_data', 'scheduled__2021-08-20T00:00:00+00:00', '--job-id', '234', '--raw', '--subdir', 'DAGS_FOLDER/download.py', '--cfg-path', '/tmp/tmp45bma0lq']
[2024-09-22T15:19:48.744+0000] {standard_task_runner.py:105} INFO - Job 234: Subtask download_data
[2024-09-22T15:19:48.867+0000] {task_command.py:467} INFO - Running <TaskInstance: NY_TAXI.download_data scheduled__2021-08-20T00:00:00+00:00 [running]> on host 8c9160901df5
[2024-09-22T15:19:49.141+0000] {taskinstance.py:3131} INFO - Exporting env vars: AIRFLOW_CTX_DAG_OWNER='***' AIRFLOW_CTX_DAG_ID='NY_TAXI' AIRFLOW_CTX_TASK_ID='download_data' AIRFLOW_CTX_EXECUTION_DATE='2021-08-20T00:00:00+00:00' AIRFLOW_CTX_TRY_NUMBER='1' AIRFLOW_CTX_DAG_RUN_ID='scheduled__2021-08-20T00:00:00+00:00'
[2024-09-22T15:19:49.142+0000] {taskinstance.py:731} INFO - ::endgroup::
[2024-09-22T15:19:49.176+0000] {subprocess.py:63} INFO - Tmp dir root location: /tmp
[2024-09-22T15:19:49.177+0000] {subprocess.py:75} INFO - Running command: ['/usr/bin/bash', '-c', 'echo 2021-08-20']
[2024-09-22T15:19:49.203+0000] {subprocess.py:86} INFO - Output:
[2024-09-22T15:19:49.208+0000] {subprocess.py:93} INFO - 2021-08-20
[2024-09-22T15:19:49.209+0000] {subprocess.py:97} INFO - Command exited with return code 0
[2024-09-22T15:19:49.308+0000] {taskinstance.py:340} INFO - ::group::Post task execution logs
[2024-09-22T15:19:49.308+0000] {taskinstance.py:352} INFO - Marking task as SUCCESS. dag_id=NY_TAXI, task_id=download_data, run_id=scheduled__2021-08-20T00:00:00+00:00, execution_date=20210820T000000, start_date=20240922T151948, end_date=20240922T151949
[2024-09-22T15:19:49.415+0000] {local_task_job_runner.py:266} INFO - Task exited with return code 0
[2024-09-22T15:19:49.457+0000] {taskinstance.py:3900} INFO - 0 downstream tasks scheduled from follow-on schedule check
[2024-09-22T15:19:49.498+0000] {local_task_job_runner.py:245} INFO - ::endgroup::
