[2024-09-22T11:20:04.243+0000] {local_task_job_runner.py:120} INFO - ::group::Pre task execution logs
[2024-09-22T11:20:04.315+0000] {taskinstance.py:2076} INFO - Dependencies all met for dep_context=non-requeueable deps ti=<TaskInstance: tutorial.print_date scheduled__2024-09-21T00:00:00+00:00 [queued]>
[2024-09-22T11:20:04.329+0000] {taskinstance.py:2076} INFO - Dependencies all met for dep_context=requeueable deps ti=<TaskInstance: tutorial.print_date scheduled__2024-09-21T00:00:00+00:00 [queued]>
[2024-09-22T11:20:04.330+0000] {taskinstance.py:2306} INFO - Starting attempt 1 of 2
[2024-09-22T11:20:04.720+0000] {taskinstance.py:2330} INFO - Executing <Task(BashOperator): print_date> on 2024-09-21 00:00:00+00:00
[2024-09-22T11:20:04.841+0000] {warnings.py:112} WARNING - /home/***/.local/lib/python3.12/site-packages/***/task/task_runner/standard_task_runner.py:62: DeprecationWarning: This process (pid=502) is multi-threaded, use of fork() may lead to deadlocks in the child.
  pid = os.fork()

[2024-09-22T11:20:04.876+0000] {standard_task_runner.py:64} INFO - Started process 512 to run task
[2024-09-22T11:20:04.872+0000] {standard_task_runner.py:90} INFO - Running: ['***', 'tasks', 'run', 'tutorial', 'print_date', 'scheduled__2024-09-21T00:00:00+00:00', '--job-id', '2561', '--raw', '--subdir', '/home/***/.local/lib/python3.12/site-packages/***/example_dags/tutorial.py', '--cfg-path', '/tmp/tmp1hmx71n2']
[2024-09-22T11:20:04.893+0000] {standard_task_runner.py:91} INFO - Job 2561: Subtask print_date
[2024-09-22T11:20:06.214+0000] {task_command.py:426} INFO - Running <TaskInstance: tutorial.print_date scheduled__2024-09-21T00:00:00+00:00 [running]> on host 1d2bd9c1668e
[2024-09-22T11:20:06.899+0000] {taskinstance.py:2648} INFO - Exporting env vars: AIRFLOW_CTX_DAG_EMAIL='***@example.com' AIRFLOW_CTX_DAG_OWNER='***' AIRFLOW_CTX_DAG_ID='tutorial' AIRFLOW_CTX_TASK_ID='print_date' AIRFLOW_CTX_EXECUTION_DATE='2024-09-21T00:00:00+00:00' AIRFLOW_CTX_TRY_NUMBER='1' AIRFLOW_CTX_DAG_RUN_ID='scheduled__2024-09-21T00:00:00+00:00'
[2024-09-22T11:20:06.913+0000] {taskinstance.py:430} INFO - ::endgroup::
[2024-09-22T11:20:06.914+0000] {subprocess.py:63} INFO - Tmp dir root location: /tmp
[2024-09-22T11:20:07.182+0000] {subprocess.py:75} INFO - Running command: ['/usr/bin/bash', '-c', 'date']
[2024-09-22T11:20:07.302+0000] {subprocess.py:86} INFO - Output:
[2024-09-22T11:20:07.325+0000] {subprocess.py:93} INFO - Sun Sep 22 11:20:07 UTC 2024
[2024-09-22T11:20:07.326+0000] {subprocess.py:97} INFO - Command exited with return code 0
[2024-09-22T11:20:07.327+0000] {taskinstance.py:441} INFO - ::group::Post task execution logs
[2024-09-22T11:20:07.742+0000] {taskinstance.py:1206} INFO - Marking task as SUCCESS. dag_id=tutorial, task_id=print_date, run_id=scheduled__2024-09-21T00:00:00+00:00, execution_date=20240921T000000, start_date=20240922T112004, end_date=20240922T112007
[2024-09-22T11:20:08.130+0000] {local_task_job_runner.py:243} INFO - Task exited with return code 0
[2024-09-22T11:20:08.206+0000] {taskinstance.py:3503} INFO - 2 downstream tasks scheduled from follow-on schedule check
[2024-09-22T11:20:08.517+0000] {local_task_job_runner.py:222} INFO - ::endgroup::
