[2024-09-22T15:19:06.477+0000] {local_task_job_runner.py:123} INFO - ::group::Pre task execution logs
[2024-09-22T15:19:06.506+0000] {taskinstance.py:2612} INFO - Dependencies all met for dep_context=non-requeueable deps ti=<TaskInstance: NY_TAXI.download_data scheduled__2021-07-13T00:00:00+00:00 [queued]>
[2024-09-22T15:19:06.524+0000] {taskinstance.py:2612} INFO - Dependencies all met for dep_context=requeueable deps ti=<TaskInstance: NY_TAXI.download_data scheduled__2021-07-13T00:00:00+00:00 [queued]>
[2024-09-22T15:19:06.525+0000] {taskinstance.py:2865} INFO - Starting attempt 1 of 1
[2024-09-22T15:19:06.590+0000] {taskinstance.py:2888} INFO - Executing <Task(BashOperator): download_data> on 2021-07-13 00:00:00+00:00
[2024-09-22T15:19:06.606+0000] {logging_mixin.py:190} WARNING - /home/***/.local/lib/python3.12/site-packages/***/task/task_runner/standard_task_runner.py:70 DeprecationWarning: This process (pid=1197) is multi-threaded, use of fork() may lead to deadlocks in the child.
[2024-09-22T15:19:06.608+0000] {standard_task_runner.py:72} INFO - Started process 1202 to run task
[2024-09-22T15:19:06.607+0000] {standard_task_runner.py:104} INFO - Running: ['***', 'tasks', 'run', 'NY_TAXI', 'download_data', 'scheduled__2021-07-13T00:00:00+00:00', '--job-id', '196', '--raw', '--subdir', 'DAGS_FOLDER/download.py', '--cfg-path', '/tmp/tmpnxp1e57p']
[2024-09-22T15:19:06.611+0000] {standard_task_runner.py:105} INFO - Job 196: Subtask download_data
[2024-09-22T15:19:06.813+0000] {task_command.py:467} INFO - Running <TaskInstance: NY_TAXI.download_data scheduled__2021-07-13T00:00:00+00:00 [running]> on host 8c9160901df5
[2024-09-22T15:19:08.026+0000] {taskinstance.py:3131} INFO - Exporting env vars: AIRFLOW_CTX_DAG_OWNER='***' AIRFLOW_CTX_DAG_ID='NY_TAXI' AIRFLOW_CTX_TASK_ID='download_data' AIRFLOW_CTX_EXECUTION_DATE='2021-07-13T00:00:00+00:00' AIRFLOW_CTX_TRY_NUMBER='1' AIRFLOW_CTX_DAG_RUN_ID='scheduled__2021-07-13T00:00:00+00:00'
[2024-09-22T15:19:08.033+0000] {taskinstance.py:731} INFO - ::endgroup::
[2024-09-22T15:19:08.272+0000] {subprocess.py:63} INFO - Tmp dir root location: /tmp
[2024-09-22T15:19:08.276+0000] {subprocess.py:75} INFO - Running command: ['/usr/bin/bash', '-c', 'echo 2021-07-13']
[2024-09-22T15:19:08.345+0000] {subprocess.py:86} INFO - Output:
[2024-09-22T15:19:08.354+0000] {subprocess.py:93} INFO - 2021-07-13
[2024-09-22T15:19:08.356+0000] {subprocess.py:97} INFO - Command exited with return code 0
[2024-09-22T15:19:08.443+0000] {taskinstance.py:340} INFO - ::group::Post task execution logs
[2024-09-22T15:19:08.444+0000] {taskinstance.py:352} INFO - Marking task as SUCCESS. dag_id=NY_TAXI, task_id=download_data, run_id=scheduled__2021-07-13T00:00:00+00:00, execution_date=20210713T000000, start_date=20240922T151906, end_date=20240922T151908
[2024-09-22T15:19:08.535+0000] {local_task_job_runner.py:266} INFO - Task exited with return code 0
[2024-09-22T15:19:08.572+0000] {taskinstance.py:3900} INFO - 0 downstream tasks scheduled from follow-on schedule check
[2024-09-22T15:19:08.594+0000] {local_task_job_runner.py:245} INFO - ::endgroup::
