[2024-09-22T15:23:22.658+0000] {local_task_job_runner.py:123} INFO - ::group::Pre task execution logs
[2024-09-22T15:23:22.713+0000] {taskinstance.py:2612} INFO - Dependencies all met for dep_context=non-requeueable deps ti=<TaskInstance: NY_TAXI.download_data scheduled__2022-01-27T00:00:00+00:00 [queued]>
[2024-09-22T15:23:22.736+0000] {taskinstance.py:2612} INFO - Dependencies all met for dep_context=requeueable deps ti=<TaskInstance: NY_TAXI.download_data scheduled__2022-01-27T00:00:00+00:00 [queued]>
[2024-09-22T15:23:22.737+0000] {taskinstance.py:2865} INFO - Starting attempt 1 of 1
[2024-09-22T15:23:23.568+0000] {taskinstance.py:2888} INFO - Executing <Task(BashOperator): download_data> on 2022-01-27 00:00:00+00:00
[2024-09-22T15:23:23.594+0000] {logging_mixin.py:190} WARNING - /home/***/.local/lib/python3.12/site-packages/***/task/task_runner/standard_task_runner.py:70 DeprecationWarning: This process (pid=2076) is multi-threaded, use of fork() may lead to deadlocks in the child.
[2024-09-22T15:23:23.596+0000] {standard_task_runner.py:72} INFO - Started process 2083 to run task
[2024-09-22T15:23:23.592+0000] {standard_task_runner.py:104} INFO - Running: ['***', 'tasks', 'run', 'NY_TAXI', 'download_data', 'scheduled__2022-01-27T00:00:00+00:00', '--job-id', '394', '--raw', '--subdir', 'DAGS_FOLDER/download.py', '--cfg-path', '/tmp/tmpheyc1wvd']
[2024-09-22T15:23:23.598+0000] {standard_task_runner.py:105} INFO - Job 394: Subtask download_data
[2024-09-22T15:23:24.368+0000] {task_command.py:467} INFO - Running <TaskInstance: NY_TAXI.download_data scheduled__2022-01-27T00:00:00+00:00 [running]> on host 8c9160901df5
[2024-09-22T15:23:25.058+0000] {taskinstance.py:3131} INFO - Exporting env vars: AIRFLOW_CTX_DAG_OWNER='***' AIRFLOW_CTX_DAG_ID='NY_TAXI' AIRFLOW_CTX_TASK_ID='download_data' AIRFLOW_CTX_EXECUTION_DATE='2022-01-27T00:00:00+00:00' AIRFLOW_CTX_TRY_NUMBER='1' AIRFLOW_CTX_DAG_RUN_ID='scheduled__2022-01-27T00:00:00+00:00'
[2024-09-22T15:23:25.059+0000] {taskinstance.py:731} INFO - ::endgroup::
[2024-09-22T15:23:25.094+0000] {subprocess.py:63} INFO - Tmp dir root location: /tmp
[2024-09-22T15:23:25.095+0000] {subprocess.py:75} INFO - Running command: ['/usr/bin/bash', '-c', 'echo 2022-01-27']
[2024-09-22T15:23:25.117+0000] {subprocess.py:86} INFO - Output:
[2024-09-22T15:23:25.119+0000] {subprocess.py:93} INFO - 2022-01-27
[2024-09-22T15:23:25.120+0000] {subprocess.py:97} INFO - Command exited with return code 0
[2024-09-22T15:23:25.284+0000] {taskinstance.py:340} INFO - ::group::Post task execution logs
[2024-09-22T15:23:25.285+0000] {taskinstance.py:352} INFO - Marking task as SUCCESS. dag_id=NY_TAXI, task_id=download_data, run_id=scheduled__2022-01-27T00:00:00+00:00, execution_date=20220127T000000, start_date=20240922T152322, end_date=20240922T152325
[2024-09-22T15:23:25.489+0000] {local_task_job_runner.py:266} INFO - Task exited with return code 0
[2024-09-22T15:23:25.512+0000] {taskinstance.py:3900} INFO - 0 downstream tasks scheduled from follow-on schedule check
[2024-09-22T15:23:25.725+0000] {local_task_job_runner.py:245} INFO - ::endgroup::
