[2024-09-22T11:20:39.660+0000] {local_task_job_runner.py:120} INFO - ::group::Pre task execution logs
[2024-09-22T11:20:39.959+0000] {taskinstance.py:2076} INFO - Dependencies all met for dep_context=non-requeueable deps ti=<TaskInstance: example_short_circuit_operator.condition_is_False scheduled__2024-09-21T00:00:00+00:00 [queued]>
[2024-09-22T11:20:40.065+0000] {taskinstance.py:2076} INFO - Dependencies all met for dep_context=requeueable deps ti=<TaskInstance: example_short_circuit_operator.condition_is_False scheduled__2024-09-21T00:00:00+00:00 [queued]>
[2024-09-22T11:20:40.065+0000] {taskinstance.py:2306} INFO - Starting attempt 1 of 1
[2024-09-22T11:20:40.249+0000] {taskinstance.py:2330} INFO - Executing <Task(ShortCircuitOperator): condition_is_False> on 2024-09-21 00:00:00+00:00
[2024-09-22T11:20:40.319+0000] {warnings.py:112} WARNING - /home/***/.local/lib/python3.12/site-packages/***/task/task_runner/standard_task_runner.py:62: DeprecationWarning: This process (pid=562) is multi-threaded, use of fork() may lead to deadlocks in the child.
  pid = os.fork()

[2024-09-22T11:20:40.345+0000] {standard_task_runner.py:64} INFO - Started process 579 to run task
[2024-09-22T11:20:40.319+0000] {standard_task_runner.py:90} INFO - Running: ['***', 'tasks', 'run', 'example_short_circuit_operator', 'condition_is_False', 'scheduled__2024-09-21T00:00:00+00:00', '--job-id', '2572', '--raw', '--subdir', '/home/***/.local/lib/python3.12/site-packages/***/example_dags/example_short_circuit_operator.py', '--cfg-path', '/tmp/tmpkwm0sneu']
[2024-09-22T11:20:40.346+0000] {standard_task_runner.py:91} INFO - Job 2572: Subtask condition_is_False
[2024-09-22T11:20:40.852+0000] {task_command.py:426} INFO - Running <TaskInstance: example_short_circuit_operator.condition_is_False scheduled__2024-09-21T00:00:00+00:00 [running]> on host 1d2bd9c1668e
[2024-09-22T11:20:41.906+0000] {taskinstance.py:2648} INFO - Exporting env vars: AIRFLOW_CTX_DAG_OWNER='***' AIRFLOW_CTX_DAG_ID='example_short_circuit_operator' AIRFLOW_CTX_TASK_ID='condition_is_False' AIRFLOW_CTX_EXECUTION_DATE='2024-09-21T00:00:00+00:00' AIRFLOW_CTX_TRY_NUMBER='1' AIRFLOW_CTX_DAG_RUN_ID='scheduled__2024-09-21T00:00:00+00:00'
[2024-09-22T11:20:41.915+0000] {taskinstance.py:430} INFO - ::endgroup::
[2024-09-22T11:20:41.916+0000] {baseoperator.py:400} WARNING - ShortCircuitOperator.execute cannot be called outside TaskInstance!
[2024-09-22T11:20:41.917+0000] {python.py:237} INFO - Done. Returned value was: False
[2024-09-22T11:20:41.921+0000] {python.py:304} INFO - Condition result is False
[2024-09-22T11:20:41.921+0000] {python.py:331} INFO - Skipping downstream tasks
[2024-09-22T11:20:42.437+0000] {python.py:339} INFO - Done.
[2024-09-22T11:20:42.438+0000] {taskinstance.py:441} INFO - ::group::Post task execution logs
[2024-09-22T11:20:42.711+0000] {taskinstance.py:1206} INFO - Marking task as SUCCESS. dag_id=example_short_circuit_operator, task_id=condition_is_False, run_id=scheduled__2024-09-21T00:00:00+00:00, execution_date=20240921T000000, start_date=20240922T112039, end_date=20240922T112042
[2024-09-22T11:20:43.042+0000] {local_task_job_runner.py:243} INFO - Task exited with return code 0
[2024-09-22T11:20:43.094+0000] {local_task_job_runner.py:222} INFO - ::endgroup::
