[2024-09-22T11:35:37.612+0000] {local_task_job_runner.py:120} INFO - ::group::Pre task execution logs
[2024-09-22T11:35:37.648+0000] {taskinstance.py:2076} INFO - Dependencies all met for dep_context=non-requeueable deps ti=<TaskInstance: conditional_dataset_and_time_based_timetable.conditional_dataset_and_time_based_timetable scheduled__2024-08-28T01:00:00+00:00 [queued]>
[2024-09-22T11:35:37.659+0000] {taskinstance.py:2076} INFO - Dependencies all met for dep_context=requeueable deps ti=<TaskInstance: conditional_dataset_and_time_based_timetable.conditional_dataset_and_time_based_timetable scheduled__2024-08-28T01:00:00+00:00 [queued]>
[2024-09-22T11:35:37.659+0000] {taskinstance.py:2306} INFO - Starting attempt 1 of 1
[2024-09-22T11:35:38.056+0000] {taskinstance.py:2330} INFO - Executing <Task(BashOperator): conditional_dataset_and_time_based_timetable> on 2024-08-28 01:00:00+00:00
[2024-09-22T11:35:38.074+0000] {warnings.py:112} WARNING - /home/***/.local/lib/python3.12/site-packages/***/task/task_runner/standard_task_runner.py:62: DeprecationWarning: This process (pid=1210) is multi-threaded, use of fork() may lead to deadlocks in the child.
  pid = os.fork()

[2024-09-22T11:35:38.076+0000] {standard_task_runner.py:64} INFO - Started process 1301 to run task
[2024-09-22T11:35:38.078+0000] {standard_task_runner.py:90} INFO - Running: ['***', 'tasks', 'run', 'conditional_dataset_and_time_based_timetable', 'conditional_dataset_and_time_based_timetable', 'scheduled__2024-08-28T01:00:00+00:00', '--job-id', '2691', '--raw', '--subdir', '/home/***/.local/lib/python3.12/site-packages/***/example_dags/example_datasets.py', '--cfg-path', '/tmp/tmpmpe3f4yz']
[2024-09-22T11:35:38.082+0000] {standard_task_runner.py:91} INFO - Job 2691: Subtask conditional_dataset_and_time_based_timetable
[2024-09-22T11:35:38.428+0000] {task_command.py:426} INFO - Running <TaskInstance: conditional_dataset_and_time_based_timetable.conditional_dataset_and_time_based_timetable scheduled__2024-08-28T01:00:00+00:00 [running]> on host 1d2bd9c1668e
[2024-09-22T11:35:39.268+0000] {taskinstance.py:2648} INFO - Exporting env vars: AIRFLOW_CTX_DAG_OWNER='***' AIRFLOW_CTX_DAG_ID='conditional_dataset_and_time_based_timetable' AIRFLOW_CTX_TASK_ID='conditional_dataset_and_time_based_timetable' AIRFLOW_CTX_EXECUTION_DATE='2024-08-28T01:00:00+00:00' AIRFLOW_CTX_TRY_NUMBER='1' AIRFLOW_CTX_DAG_RUN_ID='scheduled__2024-08-28T01:00:00+00:00'
[2024-09-22T11:35:39.270+0000] {taskinstance.py:430} INFO - ::endgroup::
[2024-09-22T11:35:39.272+0000] {subprocess.py:63} INFO - Tmp dir root location: /tmp
[2024-09-22T11:35:39.273+0000] {subprocess.py:75} INFO - Running command: ['/usr/bin/bash', '-c', 'sleep 5']
[2024-09-22T11:35:39.306+0000] {subprocess.py:86} INFO - Output:
[2024-09-22T11:35:44.322+0000] {subprocess.py:97} INFO - Command exited with return code 0
[2024-09-22T11:35:44.332+0000] {taskinstance.py:441} INFO - ::group::Post task execution logs
[2024-09-22T11:35:45.062+0000] {taskinstance.py:1206} INFO - Marking task as SUCCESS. dag_id=conditional_dataset_and_time_based_timetable, task_id=conditional_dataset_and_time_based_timetable, run_id=scheduled__2024-08-28T01:00:00+00:00, execution_date=20240828T010000, start_date=20240922T113537, end_date=20240922T113545
[2024-09-22T11:35:45.460+0000] {local_task_job_runner.py:243} INFO - Task exited with return code 0
[2024-09-22T11:35:45.524+0000] {taskinstance.py:3503} INFO - 0 downstream tasks scheduled from follow-on schedule check
[2024-09-22T11:35:45.880+0000] {local_task_job_runner.py:222} INFO - ::endgroup::
