[2024-09-22T15:18:27.448+0000] {local_task_job_runner.py:123} INFO - ::group::Pre task execution logs
[2024-09-22T15:18:27.514+0000] {taskinstance.py:2612} INFO - Dependencies all met for dep_context=non-requeueable deps ti=<TaskInstance: NY_TAXI.download_data scheduled__2021-06-05T00:00:00+00:00 [queued]>
[2024-09-22T15:18:27.539+0000] {taskinstance.py:2612} INFO - Dependencies all met for dep_context=requeueable deps ti=<TaskInstance: NY_TAXI.download_data scheduled__2021-06-05T00:00:00+00:00 [queued]>
[2024-09-22T15:18:27.540+0000] {taskinstance.py:2865} INFO - Starting attempt 1 of 1
[2024-09-22T15:18:27.599+0000] {taskinstance.py:2888} INFO - Executing <Task(BashOperator): download_data> on 2021-06-05 00:00:00+00:00
[2024-09-22T15:18:27.630+0000] {logging_mixin.py:190} WARNING - /home/***/.local/lib/python3.12/site-packages/***/task/task_runner/standard_task_runner.py:70 DeprecationWarning: This process (pid=1026) is multi-threaded, use of fork() may lead to deadlocks in the child.
[2024-09-22T15:18:27.635+0000] {standard_task_runner.py:72} INFO - Started process 1033 to run task
[2024-09-22T15:18:27.628+0000] {standard_task_runner.py:104} INFO - Running: ['***', 'tasks', 'run', 'NY_TAXI', 'download_data', 'scheduled__2021-06-05T00:00:00+00:00', '--job-id', '158', '--raw', '--subdir', 'DAGS_FOLDER/download.py', '--cfg-path', '/tmp/tmpwy5vqfzz']
[2024-09-22T15:18:27.642+0000] {standard_task_runner.py:105} INFO - Job 158: Subtask download_data
[2024-09-22T15:18:27.769+0000] {task_command.py:467} INFO - Running <TaskInstance: NY_TAXI.download_data scheduled__2021-06-05T00:00:00+00:00 [running]> on host 8c9160901df5
[2024-09-22T15:18:28.079+0000] {taskinstance.py:3131} INFO - Exporting env vars: AIRFLOW_CTX_DAG_OWNER='***' AIRFLOW_CTX_DAG_ID='NY_TAXI' AIRFLOW_CTX_TASK_ID='download_data' AIRFLOW_CTX_EXECUTION_DATE='2021-06-05T00:00:00+00:00' AIRFLOW_CTX_TRY_NUMBER='1' AIRFLOW_CTX_DAG_RUN_ID='scheduled__2021-06-05T00:00:00+00:00'
[2024-09-22T15:18:28.080+0000] {taskinstance.py:731} INFO - ::endgroup::
[2024-09-22T15:18:28.113+0000] {subprocess.py:63} INFO - Tmp dir root location: /tmp
[2024-09-22T15:18:28.114+0000] {subprocess.py:75} INFO - Running command: ['/usr/bin/bash', '-c', 'echo 2021-06-05']
[2024-09-22T15:18:28.138+0000] {subprocess.py:86} INFO - Output:
[2024-09-22T15:18:28.141+0000] {subprocess.py:93} INFO - 2021-06-05
[2024-09-22T15:18:28.141+0000] {subprocess.py:97} INFO - Command exited with return code 0
[2024-09-22T15:18:28.949+0000] {taskinstance.py:340} INFO - ::group::Post task execution logs
[2024-09-22T15:18:28.951+0000] {taskinstance.py:352} INFO - Marking task as SUCCESS. dag_id=NY_TAXI, task_id=download_data, run_id=scheduled__2021-06-05T00:00:00+00:00, execution_date=20210605T000000, start_date=20240922T151827, end_date=20240922T151828
[2024-09-22T15:18:29.081+0000] {local_task_job_runner.py:266} INFO - Task exited with return code 0
[2024-09-22T15:18:29.132+0000] {taskinstance.py:3900} INFO - 0 downstream tasks scheduled from follow-on schedule check
[2024-09-22T15:18:29.178+0000] {local_task_job_runner.py:245} INFO - ::endgroup::
