[2024-09-22T11:41:14.986+0000] {local_task_job_runner.py:120} INFO - ::group::Pre task execution logs
[2024-09-22T11:41:15.032+0000] {taskinstance.py:2076} INFO - Dependencies all met for dep_context=non-requeueable deps ti=<TaskInstance: consume_1_or_2_with_dataset_expressions.consume_1_or_2_with_dataset_expressions dataset_triggered__2024-09-22T11:33:42.383574+00:00 [queued]>
[2024-09-22T11:41:15.050+0000] {taskinstance.py:2076} INFO - Dependencies all met for dep_context=requeueable deps ti=<TaskInstance: consume_1_or_2_with_dataset_expressions.consume_1_or_2_with_dataset_expressions dataset_triggered__2024-09-22T11:33:42.383574+00:00 [queued]>
[2024-09-22T11:41:15.051+0000] {taskinstance.py:2306} INFO - Starting attempt 1 of 1
[2024-09-22T11:41:16.268+0000] {taskinstance.py:2330} INFO - Executing <Task(BashOperator): consume_1_or_2_with_dataset_expressions> on 2024-09-22 11:33:42.383574+00:00
[2024-09-22T11:41:16.318+0000] {warnings.py:112} WARNING - /home/***/.local/lib/python3.12/site-packages/***/task/task_runner/standard_task_runner.py:62: DeprecationWarning: This process (pid=1534) is multi-threaded, use of fork() may lead to deadlocks in the child.
  pid = os.fork()

[2024-09-22T11:41:16.322+0000] {standard_task_runner.py:90} INFO - Running: ['***', 'tasks', 'run', 'consume_1_or_2_with_dataset_expressions', 'consume_1_or_2_with_dataset_expressions', 'dataset_triggered__2024-09-22T11:33:42.383574+00:00', '--job-id', '2741', '--raw', '--subdir', '/home/***/.local/lib/python3.12/site-packages/***/example_dags/example_datasets.py', '--cfg-path', '/tmp/tmpjg81y3ls']
[2024-09-22T11:41:16.326+0000] {standard_task_runner.py:91} INFO - Job 2741: Subtask consume_1_or_2_with_dataset_expressions
[2024-09-22T11:41:16.327+0000] {standard_task_runner.py:64} INFO - Started process 1564 to run task
[2024-09-22T11:41:16.913+0000] {task_command.py:426} INFO - Running <TaskInstance: consume_1_or_2_with_dataset_expressions.consume_1_or_2_with_dataset_expressions dataset_triggered__2024-09-22T11:33:42.383574+00:00 [running]> on host 1d2bd9c1668e
[2024-09-22T11:41:17.674+0000] {taskinstance.py:2648} INFO - Exporting env vars: AIRFLOW_CTX_DAG_OWNER='***' AIRFLOW_CTX_DAG_ID='consume_1_or_2_with_dataset_expressions' AIRFLOW_CTX_TASK_ID='consume_1_or_2_with_dataset_expressions' AIRFLOW_CTX_EXECUTION_DATE='2024-09-22T11:33:42.383574+00:00' AIRFLOW_CTX_TRY_NUMBER='1' AIRFLOW_CTX_DAG_RUN_ID='dataset_triggered__2024-09-22T11:33:42.383574+00:00'
[2024-09-22T11:41:17.677+0000] {taskinstance.py:430} INFO - ::endgroup::
[2024-09-22T11:41:17.678+0000] {subprocess.py:63} INFO - Tmp dir root location: /tmp
[2024-09-22T11:41:17.679+0000] {subprocess.py:75} INFO - Running command: ['/usr/bin/bash', '-c', 'sleep 5']
[2024-09-22T11:41:17.707+0000] {subprocess.py:86} INFO - Output:
[2024-09-22T11:41:22.715+0000] {subprocess.py:97} INFO - Command exited with return code 0
[2024-09-22T11:41:22.716+0000] {taskinstance.py:441} INFO - ::group::Post task execution logs
[2024-09-22T11:41:23.382+0000] {taskinstance.py:1206} INFO - Marking task as SUCCESS. dag_id=consume_1_or_2_with_dataset_expressions, task_id=consume_1_or_2_with_dataset_expressions, run_id=dataset_triggered__2024-09-22T11:33:42.383574+00:00, execution_date=20240922T113342, start_date=20240922T114115, end_date=20240922T114123
[2024-09-22T11:41:23.698+0000] {local_task_job_runner.py:243} INFO - Task exited with return code 0
[2024-09-22T11:41:23.727+0000] {taskinstance.py:3503} INFO - 0 downstream tasks scheduled from follow-on schedule check
[2024-09-22T11:41:24.225+0000] {local_task_job_runner.py:222} INFO - ::endgroup::
