[2024-09-22T11:42:20.888+0000] {local_task_job_runner.py:120} INFO - ::group::Pre task execution logs
[2024-09-22T11:42:20.953+0000] {taskinstance.py:2076} INFO - Dependencies all met for dep_context=non-requeueable deps ti=<TaskInstance: consume_1_or_both_2_and_3_with_dataset_expressions.consume_1_or_both_2_and_3_with_dataset_expressions dataset_triggered__2024-09-22T11:37:58.674555+00:00 [queued]>
[2024-09-22T11:42:20.968+0000] {taskinstance.py:2076} INFO - Dependencies all met for dep_context=requeueable deps ti=<TaskInstance: consume_1_or_both_2_and_3_with_dataset_expressions.consume_1_or_both_2_and_3_with_dataset_expressions dataset_triggered__2024-09-22T11:37:58.674555+00:00 [queued]>
[2024-09-22T11:42:20.968+0000] {taskinstance.py:2306} INFO - Starting attempt 1 of 1
[2024-09-22T11:42:22.508+0000] {taskinstance.py:2330} INFO - Executing <Task(BashOperator): consume_1_or_both_2_and_3_with_dataset_expressions> on 2024-09-22 11:37:58.674555+00:00
[2024-09-22T11:42:22.575+0000] {warnings.py:112} WARNING - /home/***/.local/lib/python3.12/site-packages/***/task/task_runner/standard_task_runner.py:62: DeprecationWarning: This process (pid=1631) is multi-threaded, use of fork() may lead to deadlocks in the child.
  pid = os.fork()

[2024-09-22T11:42:22.575+0000] {standard_task_runner.py:90} INFO - Running: ['***', 'tasks', 'run', 'consume_1_or_both_2_and_3_with_dataset_expressions', 'consume_1_or_both_2_and_3_with_dataset_expressions', 'dataset_triggered__2024-09-22T11:37:58.674555+00:00', '--job-id', '2762', '--raw', '--subdir', '/home/***/.local/lib/python3.12/site-packages/***/example_dags/example_datasets.py', '--cfg-path', '/tmp/tmp_un__23x']
[2024-09-22T11:42:22.579+0000] {standard_task_runner.py:91} INFO - Job 2762: Subtask consume_1_or_both_2_and_3_with_dataset_expressions
[2024-09-22T11:42:22.579+0000] {standard_task_runner.py:64} INFO - Started process 1642 to run task
[2024-09-22T11:42:23.247+0000] {task_command.py:426} INFO - Running <TaskInstance: consume_1_or_both_2_and_3_with_dataset_expressions.consume_1_or_both_2_and_3_with_dataset_expressions dataset_triggered__2024-09-22T11:37:58.674555+00:00 [running]> on host 1d2bd9c1668e
[2024-09-22T11:42:24.843+0000] {taskinstance.py:2648} INFO - Exporting env vars: AIRFLOW_CTX_DAG_OWNER='***' AIRFLOW_CTX_DAG_ID='consume_1_or_both_2_and_3_with_dataset_expressions' AIRFLOW_CTX_TASK_ID='consume_1_or_both_2_and_3_with_dataset_expressions' AIRFLOW_CTX_EXECUTION_DATE='2024-09-22T11:37:58.674555+00:00' AIRFLOW_CTX_TRY_NUMBER='1' AIRFLOW_CTX_DAG_RUN_ID='dataset_triggered__2024-09-22T11:37:58.674555+00:00'
[2024-09-22T11:42:24.867+0000] {taskinstance.py:430} INFO - ::endgroup::
[2024-09-22T11:42:24.868+0000] {subprocess.py:63} INFO - Tmp dir root location: /tmp
[2024-09-22T11:42:24.872+0000] {subprocess.py:75} INFO - Running command: ['/usr/bin/bash', '-c', 'sleep 5']
[2024-09-22T11:42:24.903+0000] {subprocess.py:86} INFO - Output:
[2024-09-22T11:42:29.919+0000] {subprocess.py:97} INFO - Command exited with return code 0
[2024-09-22T11:42:29.933+0000] {taskinstance.py:441} INFO - ::group::Post task execution logs
[2024-09-22T11:42:30.647+0000] {taskinstance.py:1206} INFO - Marking task as SUCCESS. dag_id=consume_1_or_both_2_and_3_with_dataset_expressions, task_id=consume_1_or_both_2_and_3_with_dataset_expressions, run_id=dataset_triggered__2024-09-22T11:37:58.674555+00:00, execution_date=20240922T113758, start_date=20240922T114220, end_date=20240922T114230
[2024-09-22T11:42:31.048+0000] {local_task_job_runner.py:243} INFO - Task exited with return code 0
[2024-09-22T11:42:31.142+0000] {taskinstance.py:3503} INFO - 0 downstream tasks scheduled from follow-on schedule check
[2024-09-22T11:42:31.788+0000] {local_task_job_runner.py:222} INFO - ::endgroup::
