[2024-09-22T11:19:55.577+0000] {local_task_job_runner.py:120} INFO - ::group::Pre task execution logs
[2024-09-22T11:19:55.655+0000] {taskinstance.py:2076} INFO - Dependencies all met for dep_context=non-requeueable deps ti=<TaskInstance: example_short_circuit_decorator.condition_is_true scheduled__2024-09-21T00:00:00+00:00 [queued]>
[2024-09-22T11:19:55.695+0000] {taskinstance.py:2076} INFO - Dependencies all met for dep_context=requeueable deps ti=<TaskInstance: example_short_circuit_decorator.condition_is_true scheduled__2024-09-21T00:00:00+00:00 [queued]>
[2024-09-22T11:19:55.696+0000] {taskinstance.py:2306} INFO - Starting attempt 1 of 1
[2024-09-22T11:19:55.981+0000] {taskinstance.py:2330} INFO - Executing <Task(_ShortCircuitDecoratedOperator): condition_is_true> on 2024-09-21 00:00:00+00:00
[2024-09-22T11:19:56.019+0000] {warnings.py:112} WARNING - /home/***/.local/lib/python3.12/site-packages/***/task/task_runner/standard_task_runner.py:62: DeprecationWarning: This process (pid=486) is multi-threaded, use of fork() may lead to deadlocks in the child.
  pid = os.fork()

[2024-09-22T11:19:56.021+0000] {standard_task_runner.py:64} INFO - Started process 496 to run task
[2024-09-22T11:19:56.026+0000] {standard_task_runner.py:90} INFO - Running: ['***', 'tasks', 'run', 'example_short_circuit_decorator', 'condition_is_true', 'scheduled__2024-09-21T00:00:00+00:00', '--job-id', '2556', '--raw', '--subdir', '/home/***/.local/lib/python3.12/site-packages/***/example_dags/example_short_circuit_decorator.py', '--cfg-path', '/tmp/tmp6x1zbu87']
[2024-09-22T11:19:56.030+0000] {standard_task_runner.py:91} INFO - Job 2556: Subtask condition_is_true
[2024-09-22T11:19:56.386+0000] {task_command.py:426} INFO - Running <TaskInstance: example_short_circuit_decorator.condition_is_true scheduled__2024-09-21T00:00:00+00:00 [running]> on host 1d2bd9c1668e
[2024-09-22T11:19:57.122+0000] {taskinstance.py:2648} INFO - Exporting env vars: AIRFLOW_CTX_DAG_OWNER='***' AIRFLOW_CTX_DAG_ID='example_short_circuit_decorator' AIRFLOW_CTX_TASK_ID='condition_is_true' AIRFLOW_CTX_EXECUTION_DATE='2024-09-21T00:00:00+00:00' AIRFLOW_CTX_TRY_NUMBER='1' AIRFLOW_CTX_DAG_RUN_ID='scheduled__2024-09-21T00:00:00+00:00'
[2024-09-22T11:19:57.129+0000] {taskinstance.py:430} INFO - ::endgroup::
[2024-09-22T11:19:57.229+0000] {python.py:237} INFO - Done. Returned value was: True
[2024-09-22T11:19:57.231+0000] {python.py:304} INFO - Condition result is True
[2024-09-22T11:19:57.231+0000] {python.py:307} INFO - Proceeding with downstream tasks...
[2024-09-22T11:19:57.232+0000] {taskinstance.py:441} INFO - ::group::Post task execution logs
[2024-09-22T11:19:57.733+0000] {taskinstance.py:1206} INFO - Marking task as SUCCESS. dag_id=example_short_circuit_decorator, task_id=condition_is_true, run_id=scheduled__2024-09-21T00:00:00+00:00, execution_date=20240921T000000, start_date=20240922T111955, end_date=20240922T111957
[2024-09-22T11:19:58.107+0000] {local_task_job_runner.py:243} INFO - Task exited with return code 0
[2024-09-22T11:19:58.274+0000] {taskinstance.py:3503} INFO - 0 downstream tasks scheduled from follow-on schedule check
[2024-09-22T11:19:59.008+0000] {local_task_job_runner.py:222} INFO - ::endgroup::
