[2024-09-22T15:20:00.169+0000] {local_task_job_runner.py:123} INFO - ::group::Pre task execution logs
[2024-09-22T15:20:00.231+0000] {taskinstance.py:2612} INFO - Dependencies all met for dep_context=non-requeueable deps ti=<TaskInstance: NY_TAXI.download_data scheduled__2021-09-01T00:00:00+00:00 [queued]>
[2024-09-22T15:20:00.252+0000] {taskinstance.py:2612} INFO - Dependencies all met for dep_context=requeueable deps ti=<TaskInstance: NY_TAXI.download_data scheduled__2021-09-01T00:00:00+00:00 [queued]>
[2024-09-22T15:20:00.252+0000] {taskinstance.py:2865} INFO - Starting attempt 1 of 1
[2024-09-22T15:20:00.407+0000] {taskinstance.py:2888} INFO - Executing <Task(BashOperator): download_data> on 2021-09-01 00:00:00+00:00
[2024-09-22T15:20:00.427+0000] {logging_mixin.py:190} WARNING - /home/***/.local/lib/python3.12/site-packages/***/task/task_runner/standard_task_runner.py:70 DeprecationWarning: This process (pid=1415) is multi-threaded, use of fork() may lead to deadlocks in the child.
[2024-09-22T15:20:00.428+0000] {standard_task_runner.py:72} INFO - Started process 1425 to run task
[2024-09-22T15:20:00.427+0000] {standard_task_runner.py:104} INFO - Running: ['***', 'tasks', 'run', 'NY_TAXI', 'download_data', 'scheduled__2021-09-01T00:00:00+00:00', '--job-id', '246', '--raw', '--subdir', 'DAGS_FOLDER/download.py', '--cfg-path', '/tmp/tmpn8jmpjrl']
[2024-09-22T15:20:00.429+0000] {standard_task_runner.py:105} INFO - Job 246: Subtask download_data
[2024-09-22T15:20:00.675+0000] {task_command.py:467} INFO - Running <TaskInstance: NY_TAXI.download_data scheduled__2021-09-01T00:00:00+00:00 [running]> on host 8c9160901df5
[2024-09-22T15:20:01.110+0000] {taskinstance.py:3131} INFO - Exporting env vars: AIRFLOW_CTX_DAG_OWNER='***' AIRFLOW_CTX_DAG_ID='NY_TAXI' AIRFLOW_CTX_TASK_ID='download_data' AIRFLOW_CTX_EXECUTION_DATE='2021-09-01T00:00:00+00:00' AIRFLOW_CTX_TRY_NUMBER='1' AIRFLOW_CTX_DAG_RUN_ID='scheduled__2021-09-01T00:00:00+00:00'
[2024-09-22T15:20:01.111+0000] {taskinstance.py:731} INFO - ::endgroup::
[2024-09-22T15:20:01.134+0000] {subprocess.py:63} INFO - Tmp dir root location: /tmp
[2024-09-22T15:20:01.135+0000] {subprocess.py:75} INFO - Running command: ['/usr/bin/bash', '-c', 'echo 2021-09-01']
[2024-09-22T15:20:01.158+0000] {subprocess.py:86} INFO - Output:
[2024-09-22T15:20:01.160+0000] {subprocess.py:93} INFO - 2021-09-01
[2024-09-22T15:20:01.160+0000] {subprocess.py:97} INFO - Command exited with return code 0
[2024-09-22T15:20:01.445+0000] {taskinstance.py:340} INFO - ::group::Post task execution logs
[2024-09-22T15:20:01.446+0000] {taskinstance.py:352} INFO - Marking task as SUCCESS. dag_id=NY_TAXI, task_id=download_data, run_id=scheduled__2021-09-01T00:00:00+00:00, execution_date=20210901T000000, start_date=20240922T152000, end_date=20240922T152001
[2024-09-22T15:20:01.533+0000] {local_task_job_runner.py:266} INFO - Task exited with return code 0
[2024-09-22T15:20:01.560+0000] {local_task_job_runner.py:245} INFO - ::endgroup::
