[2024-09-22T11:18:41.217+0000] {local_task_job_runner.py:120} INFO - ::group::Pre task execution logs
[2024-09-22T11:18:41.297+0000] {taskinstance.py:2076} INFO - Dependencies all met for dep_context=non-requeueable deps ti=<TaskInstance: example_short_circuit_decorator.condition_is_true scheduled__2024-09-20T00:00:00+00:00 [queued]>
[2024-09-22T11:18:41.317+0000] {taskinstance.py:2076} INFO - Dependencies all met for dep_context=requeueable deps ti=<TaskInstance: example_short_circuit_decorator.condition_is_true scheduled__2024-09-20T00:00:00+00:00 [queued]>
[2024-09-22T11:18:41.318+0000] {taskinstance.py:2306} INFO - Starting attempt 1 of 1
[2024-09-22T11:18:41.602+0000] {taskinstance.py:2330} INFO - Executing <Task(_ShortCircuitDecoratedOperator): condition_is_true> on 2024-09-20 00:00:00+00:00
[2024-09-22T11:18:41.684+0000] {warnings.py:112} WARNING - /home/***/.local/lib/python3.12/site-packages/***/task/task_runner/standard_task_runner.py:62: DeprecationWarning: This process (pid=348) is multi-threaded, use of fork() may lead to deadlocks in the child.
  pid = os.fork()

[2024-09-22T11:18:41.695+0000] {standard_task_runner.py:64} INFO - Started process 367 to run task
[2024-09-22T11:18:41.695+0000] {standard_task_runner.py:90} INFO - Running: ['***', 'tasks', 'run', 'example_short_circuit_decorator', 'condition_is_true', 'scheduled__2024-09-20T00:00:00+00:00', '--job-id', '2532', '--raw', '--subdir', '/home/***/.local/lib/python3.12/site-packages/***/example_dags/example_short_circuit_decorator.py', '--cfg-path', '/tmp/tmp5mdqee1x']
[2024-09-22T11:18:41.711+0000] {standard_task_runner.py:91} INFO - Job 2532: Subtask condition_is_true
[2024-09-22T11:18:42.287+0000] {task_command.py:426} INFO - Running <TaskInstance: example_short_circuit_decorator.condition_is_true scheduled__2024-09-20T00:00:00+00:00 [running]> on host 1d2bd9c1668e
[2024-09-22T11:18:43.387+0000] {taskinstance.py:2648} INFO - Exporting env vars: AIRFLOW_CTX_DAG_OWNER='***' AIRFLOW_CTX_DAG_ID='example_short_circuit_decorator' AIRFLOW_CTX_TASK_ID='condition_is_true' AIRFLOW_CTX_EXECUTION_DATE='2024-09-20T00:00:00+00:00' AIRFLOW_CTX_TRY_NUMBER='1' AIRFLOW_CTX_DAG_RUN_ID='scheduled__2024-09-20T00:00:00+00:00'
[2024-09-22T11:18:43.393+0000] {taskinstance.py:430} INFO - ::endgroup::
[2024-09-22T11:18:43.394+0000] {python.py:237} INFO - Done. Returned value was: True
[2024-09-22T11:18:43.395+0000] {python.py:304} INFO - Condition result is True
[2024-09-22T11:18:43.395+0000] {python.py:307} INFO - Proceeding with downstream tasks...
[2024-09-22T11:18:43.396+0000] {taskinstance.py:441} INFO - ::group::Post task execution logs
[2024-09-22T11:18:44.723+0000] {taskinstance.py:1206} INFO - Marking task as SUCCESS. dag_id=example_short_circuit_decorator, task_id=condition_is_true, run_id=scheduled__2024-09-20T00:00:00+00:00, execution_date=20240920T000000, start_date=20240922T111841, end_date=20240922T111844
[2024-09-22T11:18:45.275+0000] {local_task_job_runner.py:243} INFO - Task exited with return code 0
[2024-09-22T11:18:45.436+0000] {taskinstance.py:3503} INFO - 0 downstream tasks scheduled from follow-on schedule check
[2024-09-22T11:18:45.783+0000] {local_task_job_runner.py:222} INFO - ::endgroup::
