[2024-09-22T11:33:31.255+0000] {local_task_job_runner.py:120} INFO - ::group::Pre task execution logs
[2024-09-22T11:33:31.473+0000] {taskinstance.py:2076} INFO - Dependencies all met for dep_context=non-requeueable deps ti=<TaskInstance: dataset_produces_1.producing_task_1 scheduled__2024-08-28T00:00:00+00:00 [queued]>
[2024-09-22T11:33:31.486+0000] {taskinstance.py:2076} INFO - Dependencies all met for dep_context=requeueable deps ti=<TaskInstance: dataset_produces_1.producing_task_1 scheduled__2024-08-28T00:00:00+00:00 [queued]>
[2024-09-22T11:33:31.487+0000] {taskinstance.py:2306} INFO - Starting attempt 1 of 1
[2024-09-22T11:33:32.053+0000] {taskinstance.py:2330} INFO - Executing <Task(BashOperator): producing_task_1> on 2024-08-28 00:00:00+00:00
[2024-09-22T11:33:32.096+0000] {warnings.py:112} WARNING - /home/***/.local/lib/python3.12/site-packages/***/task/task_runner/standard_task_runner.py:62: DeprecationWarning: This process (pid=1190) is multi-threaded, use of fork() may lead to deadlocks in the child.
  pid = os.fork()

[2024-09-22T11:33:32.103+0000] {standard_task_runner.py:90} INFO - Running: ['***', 'tasks', 'run', 'dataset_produces_1', 'producing_task_1', 'scheduled__2024-08-28T00:00:00+00:00', '--job-id', '2670', '--raw', '--subdir', '/home/***/.local/lib/python3.12/site-packages/***/example_dags/example_datasets.py', '--cfg-path', '/tmp/tmpt9mpaykh']
[2024-09-22T11:33:32.107+0000] {standard_task_runner.py:64} INFO - Started process 1200 to run task
[2024-09-22T11:33:32.107+0000] {standard_task_runner.py:91} INFO - Job 2670: Subtask producing_task_1
[2024-09-22T11:33:33.309+0000] {task_command.py:426} INFO - Running <TaskInstance: dataset_produces_1.producing_task_1 scheduled__2024-08-28T00:00:00+00:00 [running]> on host 1d2bd9c1668e
[2024-09-22T11:33:34.742+0000] {taskinstance.py:2648} INFO - Exporting env vars: AIRFLOW_CTX_DAG_OWNER='***' AIRFLOW_CTX_DAG_ID='dataset_produces_1' AIRFLOW_CTX_TASK_ID='producing_task_1' AIRFLOW_CTX_EXECUTION_DATE='2024-08-28T00:00:00+00:00' AIRFLOW_CTX_TRY_NUMBER='1' AIRFLOW_CTX_DAG_RUN_ID='scheduled__2024-08-28T00:00:00+00:00'
[2024-09-22T11:33:35.024+0000] {taskinstance.py:430} INFO - ::endgroup::
[2024-09-22T11:33:35.125+0000] {subprocess.py:63} INFO - Tmp dir root location: /tmp
[2024-09-22T11:33:35.338+0000] {subprocess.py:75} INFO - Running command: ['/usr/bin/bash', '-c', 'sleep 5']
[2024-09-22T11:33:36.126+0000] {subprocess.py:86} INFO - Output:
[2024-09-22T11:33:41.174+0000] {subprocess.py:97} INFO - Command exited with return code 0
[2024-09-22T11:33:41.175+0000] {taskinstance.py:441} INFO - ::group::Post task execution logs
[2024-09-22T11:33:42.307+0000] {taskinstance.py:1206} INFO - Marking task as SUCCESS. dag_id=dataset_produces_1, task_id=producing_task_1, run_id=scheduled__2024-08-28T00:00:00+00:00, execution_date=20240828T000000, start_date=20240922T113331, end_date=20240922T113342
[2024-09-22T11:33:42.785+0000] {local_task_job_runner.py:243} INFO - Task exited with return code 0
[2024-09-22T11:33:42.814+0000] {local_task_job_runner.py:222} INFO - ::endgroup::
