[2024-09-22T11:39:34.623+0000] {local_task_job_runner.py:120} INFO - ::group::Pre task execution logs
[2024-09-22T11:39:35.059+0000] {taskinstance.py:2076} INFO - Dependencies all met for dep_context=non-requeueable deps ti=<TaskInstance: example_setup_teardown.section_1.taskgroup_teardown scheduled__2024-09-21T00:00:00+00:00 [queued]>
[2024-09-22T11:39:35.335+0000] {taskinstance.py:2076} INFO - Dependencies all met for dep_context=requeueable deps ti=<TaskInstance: example_setup_teardown.section_1.taskgroup_teardown scheduled__2024-09-21T00:00:00+00:00 [queued]>
[2024-09-22T11:39:35.349+0000] {taskinstance.py:2306} INFO - Starting attempt 1 of 1
[2024-09-22T11:39:35.906+0000] {taskinstance.py:2330} INFO - Executing <Task(BashOperator): section_1.taskgroup_teardown> on 2024-09-21 00:00:00+00:00
[2024-09-22T11:39:36.000+0000] {warnings.py:112} WARNING - /home/***/.local/lib/python3.12/site-packages/***/task/task_runner/standard_task_runner.py:62: DeprecationWarning: This process (pid=1433) is multi-threaded, use of fork() may lead to deadlocks in the child.
  pid = os.fork()

[2024-09-22T11:39:36.009+0000] {standard_task_runner.py:64} INFO - Started process 1513 to run task
[2024-09-22T11:39:36.178+0000] {standard_task_runner.py:90} INFO - Running: ['***', 'tasks', 'run', 'example_setup_teardown', 'section_1.taskgroup_teardown', 'scheduled__2024-09-21T00:00:00+00:00', '--job-id', '2734', '--raw', '--subdir', '/home/***/.local/lib/python3.12/site-packages/***/example_dags/example_setup_teardown.py', '--cfg-path', '/tmp/tmpbo48wz2z']
[2024-09-22T11:39:36.184+0000] {standard_task_runner.py:91} INFO - Job 2734: Subtask section_1.taskgroup_teardown
[2024-09-22T11:39:36.497+0000] {task_command.py:426} INFO - Running <TaskInstance: example_setup_teardown.section_1.taskgroup_teardown scheduled__2024-09-21T00:00:00+00:00 [running]> on host 1d2bd9c1668e
[2024-09-22T11:39:37.128+0000] {taskinstance.py:2648} INFO - Exporting env vars: AIRFLOW_CTX_DAG_OWNER='***' AIRFLOW_CTX_DAG_ID='example_setup_teardown' AIRFLOW_CTX_TASK_ID='section_1.taskgroup_teardown' AIRFLOW_CTX_EXECUTION_DATE='2024-09-21T00:00:00+00:00' AIRFLOW_CTX_TRY_NUMBER='1' AIRFLOW_CTX_DAG_RUN_ID='scheduled__2024-09-21T00:00:00+00:00'
[2024-09-22T11:39:37.131+0000] {taskinstance.py:430} INFO - ::endgroup::
[2024-09-22T11:39:37.132+0000] {subprocess.py:63} INFO - Tmp dir root location: /tmp
[2024-09-22T11:39:37.133+0000] {subprocess.py:75} INFO - Running command: ['/usr/bin/bash', '-c', "echo 'Hello from taskgroup_teardown'"]
[2024-09-22T11:39:37.163+0000] {subprocess.py:86} INFO - Output:
[2024-09-22T11:39:37.167+0000] {subprocess.py:93} INFO - Hello from taskgroup_teardown
[2024-09-22T11:39:37.168+0000] {subprocess.py:97} INFO - Command exited with return code 0
[2024-09-22T11:39:37.169+0000] {taskinstance.py:441} INFO - ::group::Post task execution logs
[2024-09-22T11:39:37.537+0000] {taskinstance.py:1206} INFO - Marking task as SUCCESS. dag_id=example_setup_teardown, task_id=section_1.taskgroup_teardown, run_id=scheduled__2024-09-21T00:00:00+00:00, execution_date=20240921T000000, start_date=20240922T113935, end_date=20240922T113937
[2024-09-22T11:39:37.939+0000] {local_task_job_runner.py:243} INFO - Task exited with return code 0
[2024-09-22T11:39:38.171+0000] {taskinstance.py:3503} INFO - 0 downstream tasks scheduled from follow-on schedule check
[2024-09-22T11:39:38.597+0000] {local_task_job_runner.py:222} INFO - ::endgroup::
