[2024-09-22T11:35:47.865+0000] {local_task_job_runner.py:120} INFO - ::group::Pre task execution logs
[2024-09-22T11:35:48.067+0000] {taskinstance.py:2076} INFO - Dependencies all met for dep_context=non-requeueable deps ti=<TaskInstance: tutorial.templated scheduled__2024-09-19T00:00:00+00:00 [queued]>
[2024-09-22T11:35:48.079+0000] {taskinstance.py:2076} INFO - Dependencies all met for dep_context=requeueable deps ti=<TaskInstance: tutorial.templated scheduled__2024-09-19T00:00:00+00:00 [queued]>
[2024-09-22T11:35:48.080+0000] {taskinstance.py:2306} INFO - Starting attempt 1 of 2
[2024-09-22T11:35:48.508+0000] {taskinstance.py:2330} INFO - Executing <Task(BashOperator): templated> on 2024-09-19 00:00:00+00:00
[2024-09-22T11:35:48.539+0000] {warnings.py:112} WARNING - /home/***/.local/lib/python3.12/site-packages/***/task/task_runner/standard_task_runner.py:62: DeprecationWarning: This process (pid=1307) is multi-threaded, use of fork() may lead to deadlocks in the child.
  pid = os.fork()

[2024-09-22T11:35:48.542+0000] {standard_task_runner.py:64} INFO - Started process 1316 to run task
[2024-09-22T11:35:48.542+0000] {standard_task_runner.py:90} INFO - Running: ['***', 'tasks', 'run', 'tutorial', 'templated', 'scheduled__2024-09-19T00:00:00+00:00', '--job-id', '2694', '--raw', '--subdir', '/home/***/.local/lib/python3.12/site-packages/***/example_dags/tutorial.py', '--cfg-path', '/tmp/tmpq63ztojs']
[2024-09-22T11:35:48.545+0000] {standard_task_runner.py:91} INFO - Job 2694: Subtask templated
[2024-09-22T11:35:49.663+0000] {task_command.py:426} INFO - Running <TaskInstance: tutorial.templated scheduled__2024-09-19T00:00:00+00:00 [running]> on host 1d2bd9c1668e
[2024-09-22T11:35:50.387+0000] {taskinstance.py:2648} INFO - Exporting env vars: AIRFLOW_CTX_DAG_EMAIL='***@example.com' AIRFLOW_CTX_DAG_OWNER='***' AIRFLOW_CTX_DAG_ID='tutorial' AIRFLOW_CTX_TASK_ID='templated' AIRFLOW_CTX_EXECUTION_DATE='2024-09-19T00:00:00+00:00' AIRFLOW_CTX_TRY_NUMBER='1' AIRFLOW_CTX_DAG_RUN_ID='scheduled__2024-09-19T00:00:00+00:00'
[2024-09-22T11:35:50.394+0000] {taskinstance.py:430} INFO - ::endgroup::
[2024-09-22T11:35:50.395+0000] {subprocess.py:63} INFO - Tmp dir root location: /tmp
[2024-09-22T11:35:50.396+0000] {subprocess.py:75} INFO - Running command: ['/usr/bin/bash', '-c', '\n\n    echo "2024-09-19"\n    echo "2024-09-26"\n\n    echo "2024-09-19"\n    echo "2024-09-26"\n\n    echo "2024-09-19"\n    echo "2024-09-26"\n\n    echo "2024-09-19"\n    echo "2024-09-26"\n\n    echo "2024-09-19"\n    echo "2024-09-26"\n']
[2024-09-22T11:35:50.432+0000] {subprocess.py:86} INFO - Output:
[2024-09-22T11:35:50.438+0000] {subprocess.py:93} INFO - 2024-09-19
[2024-09-22T11:35:50.439+0000] {subprocess.py:93} INFO - 2024-09-26
[2024-09-22T11:35:50.439+0000] {subprocess.py:93} INFO - 2024-09-19
[2024-09-22T11:35:50.439+0000] {subprocess.py:93} INFO - 2024-09-26
[2024-09-22T11:35:50.440+0000] {subprocess.py:93} INFO - 2024-09-19
[2024-09-22T11:35:50.440+0000] {subprocess.py:93} INFO - 2024-09-26
[2024-09-22T11:35:50.440+0000] {subprocess.py:93} INFO - 2024-09-19
[2024-09-22T11:35:50.441+0000] {subprocess.py:93} INFO - 2024-09-26
[2024-09-22T11:35:50.441+0000] {subprocess.py:93} INFO - 2024-09-19
[2024-09-22T11:35:50.441+0000] {subprocess.py:93} INFO - 2024-09-26
[2024-09-22T11:35:50.442+0000] {subprocess.py:97} INFO - Command exited with return code 0
[2024-09-22T11:35:50.442+0000] {taskinstance.py:441} INFO - ::group::Post task execution logs
[2024-09-22T11:35:50.936+0000] {taskinstance.py:1206} INFO - Marking task as SUCCESS. dag_id=tutorial, task_id=templated, run_id=scheduled__2024-09-19T00:00:00+00:00, execution_date=20240919T000000, start_date=20240922T113548, end_date=20240922T113550
[2024-09-22T11:35:51.955+0000] {local_task_job_runner.py:243} INFO - Task exited with return code 0
[2024-09-22T11:35:52.134+0000] {local_task_job_runner.py:222} INFO - ::endgroup::
