[2024-09-22T11:17:06.491+0000] {local_task_job_runner.py:120} INFO - ::group::Pre task execution logs
[2024-09-22T11:17:06.608+0000] {taskinstance.py:2076} INFO - Dependencies all met for dep_context=non-requeueable deps ti=<TaskInstance: example_short_circuit_decorator.condition_is_false scheduled__2024-08-28T00:00:00+00:00 [queued]>
[2024-09-22T11:17:06.643+0000] {taskinstance.py:2076} INFO - Dependencies all met for dep_context=requeueable deps ti=<TaskInstance: example_short_circuit_decorator.condition_is_false scheduled__2024-08-28T00:00:00+00:00 [queued]>
[2024-09-22T11:17:06.646+0000] {taskinstance.py:2306} INFO - Starting attempt 1 of 1
[2024-09-22T11:17:07.117+0000] {taskinstance.py:2330} INFO - Executing <Task(_ShortCircuitDecoratedOperator): condition_is_false> on 2024-08-28 00:00:00+00:00
[2024-09-22T11:17:07.232+0000] {warnings.py:112} WARNING - /home/***/.local/lib/python3.12/site-packages/***/task/task_runner/standard_task_runner.py:62: DeprecationWarning: This process (pid=177) is multi-threaded, use of fork() may lead to deadlocks in the child.
  pid = os.fork()

[2024-09-22T11:17:07.251+0000] {standard_task_runner.py:64} INFO - Started process 199 to run task
[2024-09-22T11:17:07.246+0000] {standard_task_runner.py:90} INFO - Running: ['***', 'tasks', 'run', 'example_short_circuit_decorator', 'condition_is_false', 'scheduled__2024-08-28T00:00:00+00:00', '--job-id', '2483', '--raw', '--subdir', '/home/***/.local/lib/python3.12/site-packages/***/example_dags/example_short_circuit_decorator.py', '--cfg-path', '/tmp/tmpnggqqb_n']
[2024-09-22T11:17:07.270+0000] {standard_task_runner.py:91} INFO - Job 2483: Subtask condition_is_false
[2024-09-22T11:17:07.704+0000] {task_command.py:426} INFO - Running <TaskInstance: example_short_circuit_decorator.condition_is_false scheduled__2024-08-28T00:00:00+00:00 [running]> on host 1d2bd9c1668e
[2024-09-22T11:17:08.953+0000] {taskinstance.py:2648} INFO - Exporting env vars: AIRFLOW_CTX_DAG_OWNER='***' AIRFLOW_CTX_DAG_ID='example_short_circuit_decorator' AIRFLOW_CTX_TASK_ID='condition_is_false' AIRFLOW_CTX_EXECUTION_DATE='2024-08-28T00:00:00+00:00' AIRFLOW_CTX_TRY_NUMBER='1' AIRFLOW_CTX_DAG_RUN_ID='scheduled__2024-08-28T00:00:00+00:00'
[2024-09-22T11:17:08.974+0000] {taskinstance.py:430} INFO - ::endgroup::
[2024-09-22T11:17:08.976+0000] {python.py:237} INFO - Done. Returned value was: False
[2024-09-22T11:17:08.980+0000] {python.py:304} INFO - Condition result is False
[2024-09-22T11:17:08.981+0000] {python.py:331} INFO - Skipping downstream tasks
[2024-09-22T11:17:09.442+0000] {python.py:339} INFO - Done.
[2024-09-22T11:17:09.442+0000] {taskinstance.py:441} INFO - ::group::Post task execution logs
[2024-09-22T11:17:09.739+0000] {taskinstance.py:1206} INFO - Marking task as SUCCESS. dag_id=example_short_circuit_decorator, task_id=condition_is_false, run_id=scheduled__2024-08-28T00:00:00+00:00, execution_date=20240828T000000, start_date=20240922T111706, end_date=20240922T111709
[2024-09-22T11:17:09.997+0000] {local_task_job_runner.py:243} INFO - Task exited with return code 0
[2024-09-22T11:17:10.094+0000] {taskinstance.py:3503} INFO - 0 downstream tasks scheduled from follow-on schedule check
[2024-09-22T11:17:10.527+0000] {local_task_job_runner.py:222} INFO - ::endgroup::
