[2024-09-22T11:17:29.553+0000] {local_task_job_runner.py:120} INFO - ::group::Pre task execution logs
[2024-09-22T11:17:29.630+0000] {taskinstance.py:2076} INFO - Dependencies all met for dep_context=non-requeueable deps ti=<TaskInstance: example_task_group.section_1.task_2 scheduled__2024-09-20T00:00:00+00:00 [queued]>
[2024-09-22T11:17:29.647+0000] {taskinstance.py:2076} INFO - Dependencies all met for dep_context=requeueable deps ti=<TaskInstance: example_task_group.section_1.task_2 scheduled__2024-09-20T00:00:00+00:00 [queued]>
[2024-09-22T11:17:29.647+0000] {taskinstance.py:2306} INFO - Starting attempt 1 of 1
[2024-09-22T11:17:29.913+0000] {taskinstance.py:2330} INFO - Executing <Task(BashOperator): section_1.task_2> on 2024-09-20 00:00:00+00:00
[2024-09-22T11:17:29.984+0000] {warnings.py:112} WARNING - /home/***/.local/lib/python3.12/site-packages/***/task/task_runner/standard_task_runner.py:62: DeprecationWarning: This process (pid=227) is multi-threaded, use of fork() may lead to deadlocks in the child.
  pid = os.fork()

[2024-09-22T11:17:29.993+0000] {standard_task_runner.py:64} INFO - Started process 238 to run task
[2024-09-22T11:17:29.992+0000] {standard_task_runner.py:90} INFO - Running: ['***', 'tasks', 'run', 'example_task_group', 'section_1.task_2', 'scheduled__2024-09-20T00:00:00+00:00', '--job-id', '2495', '--raw', '--subdir', '/home/***/.local/lib/python3.12/site-packages/***/example_dags/example_task_group.py', '--cfg-path', '/tmp/tmpj_frfu33']
[2024-09-22T11:17:30.000+0000] {standard_task_runner.py:91} INFO - Job 2495: Subtask section_1.task_2
[2024-09-22T11:17:30.454+0000] {task_command.py:426} INFO - Running <TaskInstance: example_task_group.section_1.task_2 scheduled__2024-09-20T00:00:00+00:00 [running]> on host 1d2bd9c1668e
[2024-09-22T11:17:31.666+0000] {taskinstance.py:2648} INFO - Exporting env vars: AIRFLOW_CTX_DAG_OWNER='***' AIRFLOW_CTX_DAG_ID='example_task_group' AIRFLOW_CTX_TASK_ID='section_1.task_2' AIRFLOW_CTX_EXECUTION_DATE='2024-09-20T00:00:00+00:00' AIRFLOW_CTX_TRY_NUMBER='1' AIRFLOW_CTX_DAG_RUN_ID='scheduled__2024-09-20T00:00:00+00:00'
[2024-09-22T11:17:31.684+0000] {taskinstance.py:430} INFO - ::endgroup::
[2024-09-22T11:17:31.690+0000] {subprocess.py:63} INFO - Tmp dir root location: /tmp
[2024-09-22T11:17:31.708+0000] {subprocess.py:75} INFO - Running command: ['/usr/bin/bash', '-c', 'echo 1']
[2024-09-22T11:17:31.975+0000] {subprocess.py:86} INFO - Output:
[2024-09-22T11:17:31.981+0000] {subprocess.py:93} INFO - 1
[2024-09-22T11:17:31.981+0000] {subprocess.py:97} INFO - Command exited with return code 0
[2024-09-22T11:17:31.982+0000] {taskinstance.py:441} INFO - ::group::Post task execution logs
[2024-09-22T11:17:33.005+0000] {taskinstance.py:1206} INFO - Marking task as SUCCESS. dag_id=example_task_group, task_id=section_1.task_2, run_id=scheduled__2024-09-20T00:00:00+00:00, execution_date=20240920T000000, start_date=20240922T111729, end_date=20240922T111732
[2024-09-22T11:17:34.240+0000] {local_task_job_runner.py:243} INFO - Task exited with return code 0
[2024-09-22T11:17:34.625+0000] {taskinstance.py:3503} INFO - 1 downstream tasks scheduled from follow-on schedule check
[2024-09-22T11:17:34.856+0000] {local_task_job_runner.py:222} INFO - ::endgroup::
