[2024-09-22T11:17:43.771+0000] {local_task_job_runner.py:120} INFO - ::group::Pre task execution logs
[2024-09-22T11:17:44.089+0000] {taskinstance.py:2076} INFO - Dependencies all met for dep_context=non-requeueable deps ti=<TaskInstance: example_branch_operator.branch_c scheduled__2024-09-20T00:00:00+00:00 [queued]>
[2024-09-22T11:17:44.108+0000] {taskinstance.py:2076} INFO - Dependencies all met for dep_context=requeueable deps ti=<TaskInstance: example_branch_operator.branch_c scheduled__2024-09-20T00:00:00+00:00 [queued]>
[2024-09-22T11:17:44.109+0000] {taskinstance.py:2306} INFO - Starting attempt 1 of 1
[2024-09-22T11:17:45.036+0000] {taskinstance.py:2330} INFO - Executing <Task(PythonOperator): branch_c> on 2024-09-20 00:00:00+00:00
[2024-09-22T11:17:45.102+0000] {warnings.py:112} WARNING - /home/***/.local/lib/python3.12/site-packages/***/task/task_runner/standard_task_runner.py:62: DeprecationWarning: This process (pid=253) is multi-threaded, use of fork() may lead to deadlocks in the child.
  pid = os.fork()

[2024-09-22T11:17:45.107+0000] {standard_task_runner.py:64} INFO - Started process 267 to run task
[2024-09-22T11:17:45.109+0000] {standard_task_runner.py:90} INFO - Running: ['***', 'tasks', 'run', 'example_branch_operator', 'branch_c', 'scheduled__2024-09-20T00:00:00+00:00', '--job-id', '2502', '--raw', '--subdir', '/home/***/.local/lib/python3.12/site-packages/***/example_dags/example_branch_operator.py', '--cfg-path', '/tmp/tmp32dw3fit']
[2024-09-22T11:17:45.112+0000] {standard_task_runner.py:91} INFO - Job 2502: Subtask branch_c
[2024-09-22T11:17:45.455+0000] {task_command.py:426} INFO - Running <TaskInstance: example_branch_operator.branch_c scheduled__2024-09-20T00:00:00+00:00 [running]> on host 1d2bd9c1668e
[2024-09-22T11:17:46.470+0000] {taskinstance.py:2648} INFO - Exporting env vars: AIRFLOW_CTX_DAG_OWNER='***' AIRFLOW_CTX_DAG_ID='example_branch_operator' AIRFLOW_CTX_TASK_ID='branch_c' AIRFLOW_CTX_EXECUTION_DATE='2024-09-20T00:00:00+00:00' AIRFLOW_CTX_TRY_NUMBER='1' AIRFLOW_CTX_DAG_RUN_ID='scheduled__2024-09-20T00:00:00+00:00'
[2024-09-22T11:17:46.481+0000] {taskinstance.py:430} INFO - ::endgroup::
[2024-09-22T11:17:46.489+0000] {logging_mixin.py:188} INFO - Hello World
[2024-09-22T11:17:46.493+0000] {python.py:237} INFO - Done. Returned value was: None
[2024-09-22T11:17:46.493+0000] {taskinstance.py:441} INFO - ::group::Post task execution logs
[2024-09-22T11:17:46.548+0000] {taskinstance.py:1206} INFO - Marking task as SUCCESS. dag_id=example_branch_operator, task_id=branch_c, run_id=scheduled__2024-09-20T00:00:00+00:00, execution_date=20240920T000000, start_date=20240922T111744, end_date=20240922T111746
[2024-09-22T11:17:47.034+0000] {local_task_job_runner.py:243} INFO - Task exited with return code 0
[2024-09-22T11:17:47.170+0000] {taskinstance.py:3503} INFO - 0 downstream tasks scheduled from follow-on schedule check
[2024-09-22T11:17:47.332+0000] {local_task_job_runner.py:222} INFO - ::endgroup::
