[2024-09-22T11:17:25.126+0000] {local_task_job_runner.py:120} INFO - ::group::Pre task execution logs
[2024-09-22T11:17:25.260+0000] {taskinstance.py:2076} INFO - Dependencies all met for dep_context=non-requeueable deps ti=<TaskInstance: example_setup_teardown.normal scheduled__2024-09-20T00:00:00+00:00 [queued]>
[2024-09-22T11:17:25.273+0000] {taskinstance.py:2076} INFO - Dependencies all met for dep_context=requeueable deps ti=<TaskInstance: example_setup_teardown.normal scheduled__2024-09-20T00:00:00+00:00 [queued]>
[2024-09-22T11:17:25.274+0000] {taskinstance.py:2306} INFO - Starting attempt 1 of 1
[2024-09-22T11:17:25.404+0000] {taskinstance.py:2330} INFO - Executing <Task(BashOperator): normal> on 2024-09-20 00:00:00+00:00
[2024-09-22T11:17:25.452+0000] {warnings.py:112} WARNING - /home/***/.local/lib/python3.12/site-packages/***/task/task_runner/standard_task_runner.py:62: DeprecationWarning: This process (pid=211) is multi-threaded, use of fork() may lead to deadlocks in the child.
  pid = os.fork()

[2024-09-22T11:17:25.457+0000] {standard_task_runner.py:64} INFO - Started process 223 to run task
[2024-09-22T11:17:25.460+0000] {standard_task_runner.py:90} INFO - Running: ['***', 'tasks', 'run', 'example_setup_teardown', 'normal', 'scheduled__2024-09-20T00:00:00+00:00', '--job-id', '2493', '--raw', '--subdir', '/home/***/.local/lib/python3.12/site-packages/***/example_dags/example_setup_teardown.py', '--cfg-path', '/tmp/tmp6w7grctb']
[2024-09-22T11:17:25.469+0000] {standard_task_runner.py:91} INFO - Job 2493: Subtask normal
[2024-09-22T11:17:25.741+0000] {task_command.py:426} INFO - Running <TaskInstance: example_setup_teardown.normal scheduled__2024-09-20T00:00:00+00:00 [running]> on host 1d2bd9c1668e
[2024-09-22T11:17:26.483+0000] {taskinstance.py:2648} INFO - Exporting env vars: AIRFLOW_CTX_DAG_OWNER='***' AIRFLOW_CTX_DAG_ID='example_setup_teardown' AIRFLOW_CTX_TASK_ID='normal' AIRFLOW_CTX_EXECUTION_DATE='2024-09-20T00:00:00+00:00' AIRFLOW_CTX_TRY_NUMBER='1' AIRFLOW_CTX_DAG_RUN_ID='scheduled__2024-09-20T00:00:00+00:00'
[2024-09-22T11:17:26.488+0000] {taskinstance.py:430} INFO - ::endgroup::
[2024-09-22T11:17:26.490+0000] {subprocess.py:63} INFO - Tmp dir root location: /tmp
[2024-09-22T11:17:26.491+0000] {subprocess.py:75} INFO - Running command: ['/usr/bin/bash', '-c', "echo 'I am just a normal task'"]
[2024-09-22T11:17:26.526+0000] {subprocess.py:86} INFO - Output:
[2024-09-22T11:17:26.530+0000] {subprocess.py:93} INFO - I am just a normal task
[2024-09-22T11:17:26.531+0000] {subprocess.py:97} INFO - Command exited with return code 0
[2024-09-22T11:17:26.532+0000] {taskinstance.py:441} INFO - ::group::Post task execution logs
[2024-09-22T11:17:26.800+0000] {taskinstance.py:1206} INFO - Marking task as SUCCESS. dag_id=example_setup_teardown, task_id=normal, run_id=scheduled__2024-09-20T00:00:00+00:00, execution_date=20240920T000000, start_date=20240922T111725, end_date=20240922T111726
[2024-09-22T11:17:27.229+0000] {local_task_job_runner.py:243} INFO - Task exited with return code 0
[2024-09-22T11:17:27.290+0000] {local_task_job_runner.py:222} INFO - ::endgroup::
