[2024-09-22T11:17:06.363+0000] {local_task_job_runner.py:120} INFO - ::group::Pre task execution logs
[2024-09-22T11:17:06.443+0000] {taskinstance.py:2076} INFO - Dependencies all met for dep_context=non-requeueable deps ti=<TaskInstance: example_setup_teardown.root_setup scheduled__2024-09-21T00:00:00+00:00 [queued]>
[2024-09-22T11:17:06.563+0000] {taskinstance.py:2076} INFO - Dependencies all met for dep_context=requeueable deps ti=<TaskInstance: example_setup_teardown.root_setup scheduled__2024-09-21T00:00:00+00:00 [queued]>
[2024-09-22T11:17:06.565+0000] {taskinstance.py:2306} INFO - Starting attempt 1 of 1
[2024-09-22T11:17:07.097+0000] {taskinstance.py:2330} INFO - Executing <Task(BashOperator): root_setup> on 2024-09-21 00:00:00+00:00
[2024-09-22T11:17:07.202+0000] {warnings.py:112} WARNING - /home/***/.local/lib/python3.12/site-packages/***/task/task_runner/standard_task_runner.py:62: DeprecationWarning: This process (pid=178) is multi-threaded, use of fork() may lead to deadlocks in the child.
  pid = os.fork()

[2024-09-22T11:17:07.204+0000] {standard_task_runner.py:64} INFO - Started process 198 to run task
[2024-09-22T11:17:07.215+0000] {standard_task_runner.py:90} INFO - Running: ['***', 'tasks', 'run', 'example_setup_teardown', 'root_setup', 'scheduled__2024-09-21T00:00:00+00:00', '--job-id', '2482', '--raw', '--subdir', '/home/***/.local/lib/python3.12/site-packages/***/example_dags/example_setup_teardown.py', '--cfg-path', '/tmp/tmpc61_xe03']
[2024-09-22T11:17:07.248+0000] {standard_task_runner.py:91} INFO - Job 2482: Subtask root_setup
[2024-09-22T11:17:07.750+0000] {task_command.py:426} INFO - Running <TaskInstance: example_setup_teardown.root_setup scheduled__2024-09-21T00:00:00+00:00 [running]> on host 1d2bd9c1668e
[2024-09-22T11:17:08.526+0000] {taskinstance.py:2648} INFO - Exporting env vars: AIRFLOW_CTX_DAG_OWNER='***' AIRFLOW_CTX_DAG_ID='example_setup_teardown' AIRFLOW_CTX_TASK_ID='root_setup' AIRFLOW_CTX_EXECUTION_DATE='2024-09-21T00:00:00+00:00' AIRFLOW_CTX_TRY_NUMBER='1' AIRFLOW_CTX_DAG_RUN_ID='scheduled__2024-09-21T00:00:00+00:00'
[2024-09-22T11:17:08.528+0000] {taskinstance.py:430} INFO - ::endgroup::
[2024-09-22T11:17:08.535+0000] {subprocess.py:63} INFO - Tmp dir root location: /tmp
[2024-09-22T11:17:08.539+0000] {subprocess.py:75} INFO - Running command: ['/usr/bin/bash', '-c', "echo 'Hello from root_setup'"]
[2024-09-22T11:17:08.627+0000] {subprocess.py:86} INFO - Output:
[2024-09-22T11:17:08.633+0000] {subprocess.py:93} INFO - Hello from root_setup
[2024-09-22T11:17:08.634+0000] {subprocess.py:97} INFO - Command exited with return code 0
[2024-09-22T11:17:08.636+0000] {taskinstance.py:441} INFO - ::group::Post task execution logs
[2024-09-22T11:17:09.281+0000] {taskinstance.py:1206} INFO - Marking task as SUCCESS. dag_id=example_setup_teardown, task_id=root_setup, run_id=scheduled__2024-09-21T00:00:00+00:00, execution_date=20240921T000000, start_date=20240922T111706, end_date=20240922T111709
[2024-09-22T11:17:09.594+0000] {local_task_job_runner.py:243} INFO - Task exited with return code 0
[2024-09-22T11:17:09.678+0000] {taskinstance.py:3503} INFO - 1 downstream tasks scheduled from follow-on schedule check
[2024-09-22T11:17:09.835+0000] {local_task_job_runner.py:222} INFO - ::endgroup::
