[2024-09-22T15:19:04.603+0000] {local_task_job_runner.py:123} INFO - ::group::Pre task execution logs
[2024-09-22T15:19:04.657+0000] {taskinstance.py:2612} INFO - Dependencies all met for dep_context=non-requeueable deps ti=<TaskInstance: NY_TAXI.download_data scheduled__2021-07-08T00:00:00+00:00 [queued]>
[2024-09-22T15:19:04.687+0000] {taskinstance.py:2612} INFO - Dependencies all met for dep_context=requeueable deps ti=<TaskInstance: NY_TAXI.download_data scheduled__2021-07-08T00:00:00+00:00 [queued]>
[2024-09-22T15:19:04.688+0000] {taskinstance.py:2865} INFO - Starting attempt 1 of 1
[2024-09-22T15:19:04.791+0000] {taskinstance.py:2888} INFO - Executing <Task(BashOperator): download_data> on 2021-07-08 00:00:00+00:00
[2024-09-22T15:19:04.883+0000] {standard_task_runner.py:104} INFO - Running: ['***', 'tasks', 'run', 'NY_TAXI', 'download_data', 'scheduled__2021-07-08T00:00:00+00:00', '--job-id', '191', '--raw', '--subdir', 'DAGS_FOLDER/download.py', '--cfg-path', '/tmp/tmpttgnyv3z']
[2024-09-22T15:19:04.885+0000] {logging_mixin.py:190} WARNING - /home/***/.local/lib/python3.12/site-packages/***/task/task_runner/standard_task_runner.py:70 DeprecationWarning: This process (pid=1182) is multi-threaded, use of fork() may lead to deadlocks in the child.
[2024-09-22T15:19:04.900+0000] {standard_task_runner.py:105} INFO - Job 191: Subtask download_data
[2024-09-22T15:19:04.900+0000] {standard_task_runner.py:72} INFO - Started process 1185 to run task
[2024-09-22T15:19:05.160+0000] {task_command.py:467} INFO - Running <TaskInstance: NY_TAXI.download_data scheduled__2021-07-08T00:00:00+00:00 [running]> on host 8c9160901df5
[2024-09-22T15:19:05.512+0000] {taskinstance.py:3131} INFO - Exporting env vars: AIRFLOW_CTX_DAG_OWNER='***' AIRFLOW_CTX_DAG_ID='NY_TAXI' AIRFLOW_CTX_TASK_ID='download_data' AIRFLOW_CTX_EXECUTION_DATE='2021-07-08T00:00:00+00:00' AIRFLOW_CTX_TRY_NUMBER='1' AIRFLOW_CTX_DAG_RUN_ID='scheduled__2021-07-08T00:00:00+00:00'
[2024-09-22T15:19:05.512+0000] {taskinstance.py:731} INFO - ::endgroup::
[2024-09-22T15:19:05.559+0000] {subprocess.py:63} INFO - Tmp dir root location: /tmp
[2024-09-22T15:19:05.563+0000] {subprocess.py:75} INFO - Running command: ['/usr/bin/bash', '-c', 'echo 2021-07-08']
[2024-09-22T15:19:05.594+0000] {subprocess.py:86} INFO - Output:
[2024-09-22T15:19:05.596+0000] {subprocess.py:93} INFO - 2021-07-08
[2024-09-22T15:19:05.597+0000] {subprocess.py:97} INFO - Command exited with return code 0
[2024-09-22T15:19:05.657+0000] {taskinstance.py:340} INFO - ::group::Post task execution logs
[2024-09-22T15:19:05.658+0000] {taskinstance.py:352} INFO - Marking task as SUCCESS. dag_id=NY_TAXI, task_id=download_data, run_id=scheduled__2021-07-08T00:00:00+00:00, execution_date=20210708T000000, start_date=20240922T151904, end_date=20240922T151905
[2024-09-22T15:19:05.758+0000] {local_task_job_runner.py:266} INFO - Task exited with return code 0
[2024-09-22T15:19:05.780+0000] {local_task_job_runner.py:245} INFO - ::endgroup::
