[2024-09-22T11:35:43.077+0000] {local_task_job_runner.py:120} INFO - ::group::Pre task execution logs
[2024-09-22T11:35:43.235+0000] {taskinstance.py:2076} INFO - Dependencies all met for dep_context=non-requeueable deps ti=<TaskInstance: tutorial.sleep scheduled__2024-09-19T00:00:00+00:00 [queued]>
[2024-09-22T11:35:43.272+0000] {taskinstance.py:2076} INFO - Dependencies all met for dep_context=requeueable deps ti=<TaskInstance: tutorial.sleep scheduled__2024-09-19T00:00:00+00:00 [queued]>
[2024-09-22T11:35:43.274+0000] {taskinstance.py:2306} INFO - Starting attempt 1 of 4
[2024-09-22T11:35:43.776+0000] {taskinstance.py:2330} INFO - Executing <Task(BashOperator): sleep> on 2024-09-19 00:00:00+00:00
[2024-09-22T11:35:43.829+0000] {warnings.py:112} WARNING - /home/***/.local/lib/python3.12/site-packages/***/task/task_runner/standard_task_runner.py:62: DeprecationWarning: This process (pid=1303) is multi-threaded, use of fork() may lead to deadlocks in the child.
  pid = os.fork()

[2024-09-22T11:35:43.837+0000] {standard_task_runner.py:64} INFO - Started process 1308 to run task
[2024-09-22T11:35:43.835+0000] {standard_task_runner.py:90} INFO - Running: ['***', 'tasks', 'run', 'tutorial', 'sleep', 'scheduled__2024-09-19T00:00:00+00:00', '--job-id', '2692', '--raw', '--subdir', '/home/***/.local/lib/python3.12/site-packages/***/example_dags/tutorial.py', '--cfg-path', '/tmp/tmphp5qouu6']
[2024-09-22T11:35:43.842+0000] {standard_task_runner.py:91} INFO - Job 2692: Subtask sleep
[2024-09-22T11:35:44.148+0000] {task_command.py:426} INFO - Running <TaskInstance: tutorial.sleep scheduled__2024-09-19T00:00:00+00:00 [running]> on host 1d2bd9c1668e
[2024-09-22T11:35:45.206+0000] {taskinstance.py:2648} INFO - Exporting env vars: AIRFLOW_CTX_DAG_EMAIL='***@example.com' AIRFLOW_CTX_DAG_OWNER='***' AIRFLOW_CTX_DAG_ID='tutorial' AIRFLOW_CTX_TASK_ID='sleep' AIRFLOW_CTX_EXECUTION_DATE='2024-09-19T00:00:00+00:00' AIRFLOW_CTX_TRY_NUMBER='1' AIRFLOW_CTX_DAG_RUN_ID='scheduled__2024-09-19T00:00:00+00:00'
[2024-09-22T11:35:45.221+0000] {taskinstance.py:430} INFO - ::endgroup::
[2024-09-22T11:35:45.222+0000] {subprocess.py:63} INFO - Tmp dir root location: /tmp
[2024-09-22T11:35:45.223+0000] {subprocess.py:75} INFO - Running command: ['/usr/bin/bash', '-c', 'sleep 5']
[2024-09-22T11:35:45.314+0000] {subprocess.py:86} INFO - Output:
[2024-09-22T11:35:50.342+0000] {subprocess.py:97} INFO - Command exited with return code 0
[2024-09-22T11:35:50.343+0000] {taskinstance.py:441} INFO - ::group::Post task execution logs
[2024-09-22T11:35:50.900+0000] {taskinstance.py:1206} INFO - Marking task as SUCCESS. dag_id=tutorial, task_id=sleep, run_id=scheduled__2024-09-19T00:00:00+00:00, execution_date=20240919T000000, start_date=20240922T113543, end_date=20240922T113550
[2024-09-22T11:35:51.994+0000] {local_task_job_runner.py:243} INFO - Task exited with return code 0
[2024-09-22T11:35:52.154+0000] {local_task_job_runner.py:222} INFO - ::endgroup::
