[2024-09-22T15:14:09.528+0000] {local_task_job_runner.py:123} INFO - ::group::Pre task execution logs
[2024-09-22T15:14:09.952+0000] {taskinstance.py:2612} INFO - Dependencies all met for dep_context=non-requeueable deps ti=<TaskInstance: NY_TAXI.download_data scheduled__2021-01-05T00:00:00+00:00 [queued]>
[2024-09-22T15:14:10.173+0000] {taskinstance.py:2612} INFO - Dependencies all met for dep_context=requeueable deps ti=<TaskInstance: NY_TAXI.download_data scheduled__2021-01-05T00:00:00+00:00 [queued]>
[2024-09-22T15:14:10.173+0000] {taskinstance.py:2865} INFO - Starting attempt 1 of 1
[2024-09-22T15:14:10.877+0000] {taskinstance.py:2888} INFO - Executing <Task(BashOperator): download_data> on 2021-01-05 00:00:00+00:00
[2024-09-22T15:14:10.922+0000] {logging_mixin.py:190} WARNING - /home/***/.local/lib/python3.12/site-packages/***/task/task_runner/standard_task_runner.py:70 DeprecationWarning: This process (pid=317) is multi-threaded, use of fork() may lead to deadlocks in the child.
[2024-09-22T15:14:10.924+0000] {standard_task_runner.py:72} INFO - Started process 351 to run task
[2024-09-22T15:14:11.002+0000] {standard_task_runner.py:104} INFO - Running: ['***', 'tasks', 'run', 'NY_TAXI', 'download_data', 'scheduled__2021-01-05T00:00:00+00:00', '--job-id', '12', '--raw', '--subdir', 'DAGS_FOLDER/download.py', '--cfg-path', '/tmp/tmptq2d0oim']
[2024-09-22T15:14:11.052+0000] {standard_task_runner.py:105} INFO - Job 12: Subtask download_data
[2024-09-22T15:14:20.652+0000] {task_command.py:467} INFO - Running <TaskInstance: NY_TAXI.download_data scheduled__2021-01-05T00:00:00+00:00 [running]> on host 8c9160901df5
[2024-09-22T15:14:21.044+0000] {job.py:229} INFO - Heartbeat recovered after 12.58 seconds
[2024-09-22T15:14:35.066+0000] {taskinstance.py:3131} INFO - Exporting env vars: AIRFLOW_CTX_DAG_OWNER='***' AIRFLOW_CTX_DAG_ID='NY_TAXI' AIRFLOW_CTX_TASK_ID='download_data' AIRFLOW_CTX_EXECUTION_DATE='2021-01-05T00:00:00+00:00' AIRFLOW_CTX_TRY_NUMBER='1' AIRFLOW_CTX_DAG_RUN_ID='scheduled__2021-01-05T00:00:00+00:00'
[2024-09-22T15:14:35.067+0000] {taskinstance.py:731} INFO - ::endgroup::
[2024-09-22T15:14:35.210+0000] {subprocess.py:63} INFO - Tmp dir root location: /tmp
[2024-09-22T15:14:35.212+0000] {subprocess.py:75} INFO - Running command: ['/usr/bin/bash', '-c', 'echo 2021-01-05']
[2024-09-22T15:14:35.252+0000] {subprocess.py:86} INFO - Output:
[2024-09-22T15:14:35.253+0000] {subprocess.py:93} INFO - 2021-01-05
[2024-09-22T15:14:35.254+0000] {subprocess.py:97} INFO - Command exited with return code 0
[2024-09-22T15:14:36.143+0000] {taskinstance.py:340} INFO - ::group::Post task execution logs
[2024-09-22T15:14:36.144+0000] {taskinstance.py:352} INFO - Marking task as SUCCESS. dag_id=NY_TAXI, task_id=download_data, run_id=scheduled__2021-01-05T00:00:00+00:00, execution_date=20210105T000000, start_date=20240922T151409, end_date=20240922T151436
[2024-09-22T15:14:37.048+0000] {job.py:229} INFO - Heartbeat recovered after 16.52 seconds
[2024-09-22T15:14:37.084+0000] {local_task_job_runner.py:266} INFO - Task exited with return code 0
[2024-09-22T15:14:37.258+0000] {taskinstance.py:3900} INFO - 0 downstream tasks scheduled from follow-on schedule check
[2024-09-22T15:14:37.441+0000] {local_task_job_runner.py:245} INFO - ::endgroup::
[2024-09-22T15:33:10.159+0000] {local_task_job_runner.py:123} INFO - ::group::Pre task execution logs
[2024-09-22T15:33:10.276+0000] {taskinstance.py:2612} INFO - Dependencies all met for dep_context=non-requeueable deps ti=<TaskInstance: NY_TAXI.download_data scheduled__2021-01-05T00:00:00+00:00 [queued]>
[2024-09-22T15:33:10.291+0000] {taskinstance.py:2612} INFO - Dependencies all met for dep_context=requeueable deps ti=<TaskInstance: NY_TAXI.download_data scheduled__2021-01-05T00:00:00+00:00 [queued]>
[2024-09-22T15:33:10.292+0000] {taskinstance.py:2865} INFO - Starting attempt 1 of 1
[2024-09-22T15:33:10.409+0000] {taskinstance.py:2888} INFO - Executing <Task(BashOperator): download_data> on 2021-01-05 00:00:00+00:00
[2024-09-22T15:33:10.427+0000] {standard_task_runner.py:104} INFO - Running: ['***', 'tasks', 'run', 'NY_TAXI', 'download_data', 'scheduled__2021-01-05T00:00:00+00:00', '--job-id', '415', '--raw', '--subdir', 'DAGS_FOLDER/download.py', '--cfg-path', '/tmp/tmpuzepzdp6']
[2024-09-22T15:33:10.431+0000] {standard_task_runner.py:105} INFO - Job 415: Subtask download_data
[2024-09-22T15:33:10.434+0000] {logging_mixin.py:190} WARNING - /home/***/.local/lib/python3.12/site-packages/***/task/task_runner/standard_task_runner.py:70 DeprecationWarning: This process (pid=292) is multi-threaded, use of fork() may lead to deadlocks in the child.
[2024-09-22T15:33:10.436+0000] {standard_task_runner.py:72} INFO - Started process 295 to run task
[2024-09-22T15:33:10.708+0000] {task_command.py:467} INFO - Running <TaskInstance: NY_TAXI.download_data scheduled__2021-01-05T00:00:00+00:00 [running]> on host 8c9160901df5
[2024-09-22T15:33:12.033+0000] {taskinstance.py:3131} INFO - Exporting env vars: AIRFLOW_CTX_DAG_OWNER='***' AIRFLOW_CTX_DAG_ID='NY_TAXI' AIRFLOW_CTX_TASK_ID='download_data' AIRFLOW_CTX_EXECUTION_DATE='2021-01-05T00:00:00+00:00' AIRFLOW_CTX_TRY_NUMBER='1' AIRFLOW_CTX_DAG_RUN_ID='scheduled__2021-01-05T00:00:00+00:00'
[2024-09-22T15:33:12.034+0000] {taskinstance.py:731} INFO - ::endgroup::
[2024-09-22T15:33:14.179+0000] {subprocess.py:63} INFO - Tmp dir root location: /tmp
[2024-09-22T15:33:14.252+0000] {subprocess.py:75} INFO - Running command: ['/usr/bin/bash', '-c', 'echo 2021-01-05']
[2024-09-22T15:33:14.420+0000] {subprocess.py:86} INFO - Output:
[2024-09-22T15:33:15.430+0000] {subprocess.py:93} INFO - 2021-01-05
[2024-09-22T15:33:15.433+0000] {subprocess.py:97} INFO - Command exited with return code 0
[2024-09-22T15:33:15.692+0000] {taskinstance.py:340} INFO - ::group::Post task execution logs
[2024-09-22T15:33:15.693+0000] {taskinstance.py:352} INFO - Marking task as SUCCESS. dag_id=NY_TAXI, task_id=download_data, run_id=scheduled__2021-01-05T00:00:00+00:00, execution_date=20210105T000000, start_date=20240922T153310, end_date=20240922T153315
[2024-09-22T15:33:16.062+0000] {local_task_job_runner.py:266} INFO - Task exited with return code 0
[2024-09-22T15:33:16.082+0000] {taskinstance.py:3900} INFO - 0 downstream tasks scheduled from follow-on schedule check
[2024-09-22T15:33:16.446+0000] {local_task_job_runner.py:245} INFO - ::endgroup::
[2024-09-22T15:41:37.478+0000] {local_task_job_runner.py:123} INFO - ::group::Pre task execution logs
[2024-09-22T15:41:37.512+0000] {taskinstance.py:2612} INFO - Dependencies all met for dep_context=non-requeueable deps ti=<TaskInstance: NY_TAXI.download_data scheduled__2021-01-05T00:00:00+00:00 [queued]>
[2024-09-22T15:41:37.524+0000] {taskinstance.py:2612} INFO - Dependencies all met for dep_context=requeueable deps ti=<TaskInstance: NY_TAXI.download_data scheduled__2021-01-05T00:00:00+00:00 [queued]>
[2024-09-22T15:41:37.525+0000] {taskinstance.py:2865} INFO - Starting attempt 1 of 1
[2024-09-22T15:41:37.572+0000] {taskinstance.py:2888} INFO - Executing <Task(BashOperator): download_data> on 2021-01-05 00:00:00+00:00
[2024-09-22T15:41:37.585+0000] {standard_task_runner.py:104} INFO - Running: ['***', 'tasks', 'run', 'NY_TAXI', 'download_data', 'scheduled__2021-01-05T00:00:00+00:00', '--job-id', '421', '--raw', '--subdir', 'DAGS_FOLDER/download.py', '--cfg-path', '/tmp/tmpjn2obiv5']
[2024-09-22T15:41:37.589+0000] {standard_task_runner.py:105} INFO - Job 421: Subtask download_data
[2024-09-22T15:41:37.591+0000] {logging_mixin.py:190} WARNING - /home/***/.local/lib/python3.12/site-packages/***/task/task_runner/standard_task_runner.py:70 DeprecationWarning: This process (pid=497) is multi-threaded, use of fork() may lead to deadlocks in the child.
[2024-09-22T15:41:37.592+0000] {standard_task_runner.py:72} INFO - Started process 507 to run task
[2024-09-22T15:41:37.676+0000] {task_command.py:467} INFO - Running <TaskInstance: NY_TAXI.download_data scheduled__2021-01-05T00:00:00+00:00 [running]> on host 8c9160901df5
[2024-09-22T15:41:37.855+0000] {taskinstance.py:3131} INFO - Exporting env vars: AIRFLOW_CTX_DAG_OWNER='***' AIRFLOW_CTX_DAG_ID='NY_TAXI' AIRFLOW_CTX_TASK_ID='download_data' AIRFLOW_CTX_EXECUTION_DATE='2021-01-05T00:00:00+00:00' AIRFLOW_CTX_TRY_NUMBER='1' AIRFLOW_CTX_DAG_RUN_ID='scheduled__2021-01-05T00:00:00+00:00'
[2024-09-22T15:41:37.857+0000] {taskinstance.py:731} INFO - ::endgroup::
[2024-09-22T15:41:37.884+0000] {subprocess.py:63} INFO - Tmp dir root location: /tmp
[2024-09-22T15:41:37.884+0000] {subprocess.py:75} INFO - Running command: ['/usr/bin/bash', '-c', 'echo 2021-01-05 2021-01-05 00:00:00+00:00']
[2024-09-22T15:41:37.904+0000] {subprocess.py:86} INFO - Output:
[2024-09-22T15:41:37.908+0000] {subprocess.py:93} INFO - 2021-01-05 2021-01-05 00:00:00+00:00
[2024-09-22T15:41:37.908+0000] {subprocess.py:97} INFO - Command exited with return code 0
[2024-09-22T15:41:37.967+0000] {taskinstance.py:340} INFO - ::group::Post task execution logs
[2024-09-22T15:41:37.967+0000] {taskinstance.py:352} INFO - Marking task as SUCCESS. dag_id=NY_TAXI, task_id=download_data, run_id=scheduled__2021-01-05T00:00:00+00:00, execution_date=20210105T000000, start_date=20240922T154137, end_date=20240922T154137
[2024-09-22T15:41:38.049+0000] {local_task_job_runner.py:266} INFO - Task exited with return code 0
[2024-09-22T15:41:38.075+0000] {taskinstance.py:3900} INFO - 0 downstream tasks scheduled from follow-on schedule check
[2024-09-22T15:41:38.104+0000] {local_task_job_runner.py:245} INFO - ::endgroup::
[2024-09-23T08:17:43.558+0000] {local_task_job_runner.py:123} INFO - ::group::Pre task execution logs
[2024-09-23T08:17:47.438+0000] {taskinstance.py:2612} INFO - Dependencies all met for dep_context=non-requeueable deps ti=<TaskInstance: NY_TAXI.download_data scheduled__2021-01-05T00:00:00+00:00 [queued]>
[2024-09-23T08:17:48.341+0000] {taskinstance.py:2612} INFO - Dependencies all met for dep_context=requeueable deps ti=<TaskInstance: NY_TAXI.download_data scheduled__2021-01-05T00:00:00+00:00 [queued]>
[2024-09-23T08:17:48.342+0000] {taskinstance.py:2865} INFO - Starting attempt 1 of 1
[2024-09-23T08:17:50.219+0000] {taskinstance.py:2888} INFO - Executing <Task(BashOperator): download_data> on 2021-01-05 00:00:00+00:00
[2024-09-23T08:17:50.245+0000] {standard_task_runner.py:104} INFO - Running: ['***', 'tasks', 'run', 'NY_TAXI', 'download_data', 'scheduled__2021-01-05T00:00:00+00:00', '--job-id', '423', '--raw', '--subdir', 'DAGS_FOLDER/download.py', '--cfg-path', '/tmp/tmpadhybdap']
[2024-09-23T08:17:50.249+0000] {standard_task_runner.py:105} INFO - Job 423: Subtask download_data
[2024-09-23T08:17:50.468+0000] {logging_mixin.py:190} WARNING - /home/***/.local/lib/python3.12/site-packages/***/task/task_runner/standard_task_runner.py:70 DeprecationWarning: This process (pid=386) is multi-threaded, use of fork() may lead to deadlocks in the child.
[2024-09-23T08:17:50.470+0000] {standard_task_runner.py:72} INFO - Started process 418 to run task
[2024-09-23T08:17:52.656+0000] {task_command.py:467} INFO - Running <TaskInstance: NY_TAXI.download_data scheduled__2021-01-05T00:00:00+00:00 [running]> on host c6317fbbba71
[2024-09-23T08:17:58.535+0000] {job.py:229} INFO - Heartbeat recovered after 22.73 seconds
[2024-09-23T08:18:06.822+0000] {taskinstance.py:3131} INFO - Exporting env vars: AIRFLOW_CTX_DAG_OWNER='***' AIRFLOW_CTX_DAG_ID='NY_TAXI' AIRFLOW_CTX_TASK_ID='download_data' AIRFLOW_CTX_EXECUTION_DATE='2021-01-05T00:00:00+00:00' AIRFLOW_CTX_TRY_NUMBER='1' AIRFLOW_CTX_DAG_RUN_ID='scheduled__2021-01-05T00:00:00+00:00'
[2024-09-23T08:18:06.963+0000] {taskinstance.py:731} INFO - ::endgroup::
[2024-09-23T08:18:28.569+0000] {subprocess.py:63} INFO - Tmp dir root location: /tmp
[2024-09-23T08:18:29.168+0000] {subprocess.py:75} INFO - Running command: ['/usr/bin/bash', '-c', 'echo /opt/***']
[2024-09-23T08:18:30.046+0000] {subprocess.py:86} INFO - Output:
[2024-09-23T08:18:31.061+0000] {subprocess.py:93} INFO - /opt/***
[2024-09-23T08:18:31.192+0000] {subprocess.py:97} INFO - Command exited with return code 0
[2024-09-23T08:18:36.040+0000] {taskinstance.py:340} INFO - ::group::Post task execution logs
[2024-09-23T08:18:36.557+0000] {taskinstance.py:352} INFO - Marking task as SUCCESS. dag_id=NY_TAXI, task_id=download_data, run_id=scheduled__2021-01-05T00:00:00+00:00, execution_date=20210105T000000, start_date=20240923T081747, end_date=20240923T081836
[2024-09-23T08:18:41.234+0000] {local_task_job_runner.py:266} INFO - Task exited with return code 0
[2024-09-23T08:18:42.439+0000] {taskinstance.py:3900} INFO - 0 downstream tasks scheduled from follow-on schedule check
[2024-09-23T08:18:42.698+0000] {local_task_job_runner.py:245} INFO - ::endgroup::
[2024-09-23T08:18:43.468+0000] {standard_task_runner.py:217} INFO - Process not found (most likely exited), stop collecting metrics
