[2024-09-22T11:17:25.167+0000] {local_task_job_runner.py:120} INFO - ::group::Pre task execution logs
[2024-09-22T11:17:25.314+0000] {taskinstance.py:2076} INFO - Dependencies all met for dep_context=non-requeueable deps ti=<TaskInstance: example_short_circuit_operator.short_circuit scheduled__2024-08-28T00:00:00+00:00 [queued]>
[2024-09-22T11:17:25.328+0000] {taskinstance.py:2076} INFO - Dependencies all met for dep_context=requeueable deps ti=<TaskInstance: example_short_circuit_operator.short_circuit scheduled__2024-08-28T00:00:00+00:00 [queued]>
[2024-09-22T11:17:25.329+0000] {taskinstance.py:2306} INFO - Starting attempt 1 of 1
[2024-09-22T11:17:25.497+0000] {taskinstance.py:2330} INFO - Executing <Task(ShortCircuitOperator): short_circuit> on 2024-08-28 00:00:00+00:00
[2024-09-22T11:17:25.570+0000] {warnings.py:112} WARNING - /home/***/.local/lib/python3.12/site-packages/***/task/task_runner/standard_task_runner.py:62: DeprecationWarning: This process (pid=208) is multi-threaded, use of fork() may lead to deadlocks in the child.
  pid = os.fork()

[2024-09-22T11:17:25.582+0000] {standard_task_runner.py:64} INFO - Started process 226 to run task
[2024-09-22T11:17:25.581+0000] {standard_task_runner.py:90} INFO - Running: ['***', 'tasks', 'run', 'example_short_circuit_operator', 'short_circuit', 'scheduled__2024-08-28T00:00:00+00:00', '--job-id', '2494', '--raw', '--subdir', '/home/***/.local/lib/python3.12/site-packages/***/example_dags/example_short_circuit_operator.py', '--cfg-path', '/tmp/tmpl9pxha50']
[2024-09-22T11:17:25.606+0000] {standard_task_runner.py:91} INFO - Job 2494: Subtask short_circuit
[2024-09-22T11:17:25.899+0000] {task_command.py:426} INFO - Running <TaskInstance: example_short_circuit_operator.short_circuit scheduled__2024-08-28T00:00:00+00:00 [running]> on host 1d2bd9c1668e
[2024-09-22T11:17:26.836+0000] {taskinstance.py:2648} INFO - Exporting env vars: AIRFLOW_CTX_DAG_OWNER='***' AIRFLOW_CTX_DAG_ID='example_short_circuit_operator' AIRFLOW_CTX_TASK_ID='short_circuit' AIRFLOW_CTX_EXECUTION_DATE='2024-08-28T00:00:00+00:00' AIRFLOW_CTX_TRY_NUMBER='1' AIRFLOW_CTX_DAG_RUN_ID='scheduled__2024-08-28T00:00:00+00:00'
[2024-09-22T11:17:26.850+0000] {taskinstance.py:430} INFO - ::endgroup::
[2024-09-22T11:17:26.857+0000] {baseoperator.py:400} WARNING - ShortCircuitOperator.execute cannot be called outside TaskInstance!
[2024-09-22T11:17:26.862+0000] {python.py:237} INFO - Done. Returned value was: False
[2024-09-22T11:17:26.863+0000] {python.py:304} INFO - Condition result is False
[2024-09-22T11:17:26.868+0000] {python.py:331} INFO - Skipping downstream tasks
[2024-09-22T11:17:27.351+0000] {python.py:339} INFO - Done.
[2024-09-22T11:17:27.352+0000] {taskinstance.py:441} INFO - ::group::Post task execution logs
[2024-09-22T11:17:27.661+0000] {taskinstance.py:1206} INFO - Marking task as SUCCESS. dag_id=example_short_circuit_operator, task_id=short_circuit, run_id=scheduled__2024-08-28T00:00:00+00:00, execution_date=20240828T000000, start_date=20240922T111725, end_date=20240922T111727
[2024-09-22T11:17:28.382+0000] {local_task_job_runner.py:243} INFO - Task exited with return code 0
[2024-09-22T11:17:28.430+0000] {local_task_job_runner.py:222} INFO - ::endgroup::
