[2024-09-22T11:43:23.237+0000] {local_task_job_runner.py:120} INFO - ::group::Pre task execution logs
[2024-09-22T11:43:23.382+0000] {taskinstance.py:2076} INFO - Dependencies all met for dep_context=non-requeueable deps ti=<TaskInstance: example_dynamic_task_mapping.sum_it scheduled__2023-07-26T00:00:00+00:00 [queued]>
[2024-09-22T11:43:23.415+0000] {taskinstance.py:2076} INFO - Dependencies all met for dep_context=requeueable deps ti=<TaskInstance: example_dynamic_task_mapping.sum_it scheduled__2023-07-26T00:00:00+00:00 [queued]>
[2024-09-22T11:43:23.415+0000] {taskinstance.py:2306} INFO - Starting attempt 1 of 1
[2024-09-22T11:43:23.535+0000] {taskinstance.py:2330} INFO - Executing <Task(_PythonDecoratedOperator): sum_it> on 2023-07-26 00:00:00+00:00
[2024-09-22T11:43:23.574+0000] {warnings.py:112} WARNING - /home/***/.local/lib/python3.12/site-packages/***/task/task_runner/standard_task_runner.py:62: DeprecationWarning: This process (pid=1744) is multi-threaded, use of fork() may lead to deadlocks in the child.
  pid = os.fork()

[2024-09-22T11:43:23.581+0000] {standard_task_runner.py:64} INFO - Started process 1777 to run task
[2024-09-22T11:43:23.591+0000] {standard_task_runner.py:90} INFO - Running: ['***', 'tasks', 'run', 'example_dynamic_task_mapping', 'sum_it', 'scheduled__2023-07-26T00:00:00+00:00', '--job-id', '2798', '--raw', '--subdir', '/home/***/.local/lib/python3.12/site-packages/***/example_dags/example_dynamic_task_mapping.py', '--cfg-path', '/tmp/tmpiw79wivf']
[2024-09-22T11:43:23.606+0000] {standard_task_runner.py:91} INFO - Job 2798: Subtask sum_it
[2024-09-22T11:43:24.193+0000] {task_command.py:426} INFO - Running <TaskInstance: example_dynamic_task_mapping.sum_it scheduled__2023-07-26T00:00:00+00:00 [running]> on host 1d2bd9c1668e
[2024-09-22T11:43:25.240+0000] {taskinstance.py:2648} INFO - Exporting env vars: AIRFLOW_CTX_DAG_OWNER='***' AIRFLOW_CTX_DAG_ID='example_dynamic_task_mapping' AIRFLOW_CTX_TASK_ID='sum_it' AIRFLOW_CTX_EXECUTION_DATE='2023-07-26T00:00:00+00:00' AIRFLOW_CTX_TRY_NUMBER='1' AIRFLOW_CTX_DAG_RUN_ID='scheduled__2023-07-26T00:00:00+00:00'
[2024-09-22T11:43:25.273+0000] {taskinstance.py:430} INFO - ::endgroup::
[2024-09-22T11:43:25.370+0000] {logging_mixin.py:188} INFO - Total was 9
[2024-09-22T11:43:25.371+0000] {python.py:237} INFO - Done. Returned value was: None
[2024-09-22T11:43:25.371+0000] {taskinstance.py:441} INFO - ::group::Post task execution logs
[2024-09-22T11:43:25.482+0000] {taskinstance.py:1206} INFO - Marking task as SUCCESS. dag_id=example_dynamic_task_mapping, task_id=sum_it, run_id=scheduled__2023-07-26T00:00:00+00:00, execution_date=20230726T000000, start_date=20240922T114323, end_date=20240922T114325
[2024-09-22T11:43:26.202+0000] {local_task_job_runner.py:243} INFO - Task exited with return code 0
[2024-09-22T11:43:26.320+0000] {taskinstance.py:3503} INFO - 0 downstream tasks scheduled from follow-on schedule check
[2024-09-22T11:43:26.803+0000] {local_task_job_runner.py:222} INFO - ::endgroup::
