[2024-09-22T11:18:17.650+0000] {local_task_job_runner.py:120} INFO - ::group::Pre task execution logs
[2024-09-22T11:18:18.084+0000] {taskinstance.py:2076} INFO - Dependencies all met for dep_context=non-requeueable deps ti=<TaskInstance: example_setup_teardown_taskflow.section_1.inner_setup scheduled__2024-09-20T00:00:00+00:00 [queued]>
[2024-09-22T11:18:18.199+0000] {taskinstance.py:2076} INFO - Dependencies all met for dep_context=requeueable deps ti=<TaskInstance: example_setup_teardown_taskflow.section_1.inner_setup scheduled__2024-09-20T00:00:00+00:00 [queued]>
[2024-09-22T11:18:18.203+0000] {taskinstance.py:2306} INFO - Starting attempt 1 of 1
[2024-09-22T11:18:18.572+0000] {taskinstance.py:2330} INFO - Executing <Task(_PythonDecoratedOperator): section_1.inner_setup> on 2024-09-20 00:00:00+00:00
[2024-09-22T11:18:26.706+0000] {warnings.py:112} WARNING - /home/***/.local/lib/python3.12/site-packages/***/task/task_runner/standard_task_runner.py:62: DeprecationWarning: This process (pid=316) is multi-threaded, use of fork() may lead to deadlocks in the child.
  pid = os.fork()

[2024-09-22T11:18:26.712+0000] {standard_task_runner.py:64} INFO - Started process 338 to run task
[2024-09-22T11:18:26.715+0000] {standard_task_runner.py:90} INFO - Running: ['***', 'tasks', 'run', 'example_setup_teardown_taskflow', 'section_1.inner_setup', 'scheduled__2024-09-20T00:00:00+00:00', '--job-id', '2522', '--raw', '--subdir', '/home/***/.local/lib/python3.12/site-packages/***/example_dags/example_setup_teardown_taskflow.py', '--cfg-path', '/tmp/tmppr6y3e81']
[2024-09-22T11:18:26.723+0000] {standard_task_runner.py:91} INFO - Job 2522: Subtask section_1.inner_setup
[2024-09-22T11:18:28.024+0000] {task_command.py:426} INFO - Running <TaskInstance: example_setup_teardown_taskflow.section_1.inner_setup scheduled__2024-09-20T00:00:00+00:00 [running]> on host 1d2bd9c1668e
[2024-09-22T11:18:29.555+0000] {taskinstance.py:2648} INFO - Exporting env vars: AIRFLOW_CTX_DAG_OWNER='***' AIRFLOW_CTX_DAG_ID='example_setup_teardown_taskflow' AIRFLOW_CTX_TASK_ID='section_1.inner_setup' AIRFLOW_CTX_EXECUTION_DATE='2024-09-20T00:00:00+00:00' AIRFLOW_CTX_TRY_NUMBER='1' AIRFLOW_CTX_DAG_RUN_ID='scheduled__2024-09-20T00:00:00+00:00'
[2024-09-22T11:18:29.560+0000] {taskinstance.py:430} INFO - ::endgroup::
[2024-09-22T11:18:29.561+0000] {logging_mixin.py:188} INFO - I set up
[2024-09-22T11:18:29.561+0000] {python.py:237} INFO - Done. Returned value was: some_cluster_id
[2024-09-22T11:18:29.562+0000] {taskinstance.py:441} INFO - ::group::Post task execution logs
[2024-09-22T11:18:29.848+0000] {taskinstance.py:1206} INFO - Marking task as SUCCESS. dag_id=example_setup_teardown_taskflow, task_id=section_1.inner_setup, run_id=scheduled__2024-09-20T00:00:00+00:00, execution_date=20240920T000000, start_date=20240922T111818, end_date=20240922T111829
[2024-09-22T11:18:30.192+0000] {local_task_job_runner.py:243} INFO - Task exited with return code 0
[2024-09-22T11:18:30.330+0000] {taskinstance.py:3503} INFO - 1 downstream tasks scheduled from follow-on schedule check
[2024-09-22T11:18:30.533+0000] {local_task_job_runner.py:222} INFO - ::endgroup::
