[2024-09-25T11:26:59.297+0000] {local_task_job_runner.py:123} INFO - ::group::Pre task execution logs
[2024-09-25T11:26:59.332+0000] {taskinstance.py:2612} INFO - Dependencies all met for dep_context=non-requeueable deps ti=<TaskInstance: NY_TAXI.ingest_data scheduled__2021-05-01T00:00:00+00:00 [queued]>
[2024-09-25T11:26:59.350+0000] {taskinstance.py:2612} INFO - Dependencies all met for dep_context=requeueable deps ti=<TaskInstance: NY_TAXI.ingest_data scheduled__2021-05-01T00:00:00+00:00 [queued]>
[2024-09-25T11:26:59.350+0000] {taskinstance.py:2865} INFO - Starting attempt 9 of 9
[2024-09-25T11:26:59.399+0000] {taskinstance.py:2888} INFO - Executing <Task(PythonOperator): ingest_data> on 2021-05-01 00:00:00+00:00
[2024-09-25T11:26:59.423+0000] {standard_task_runner.py:104} INFO - Running: ['***', 'tasks', 'run', 'NY_TAXI', 'ingest_data', 'scheduled__2021-05-01T00:00:00+00:00', '--job-id', '465', '--raw', '--subdir', 'DAGS_FOLDER/download.py', '--cfg-path', '/tmp/tmpjl7g6p0q']
[2024-09-25T11:26:59.429+0000] {logging_mixin.py:190} WARNING - /home/***/.local/lib/python3.12/site-packages/***/task/task_runner/standard_task_runner.py:70 DeprecationWarning: This process (pid=1917) is multi-threaded, use of fork() may lead to deadlocks in the child.
[2024-09-25T11:26:59.430+0000] {standard_task_runner.py:105} INFO - Job 465: Subtask ingest_data
[2024-09-25T11:26:59.431+0000] {standard_task_runner.py:72} INFO - Started process 1919 to run task
[2024-09-25T11:26:59.549+0000] {task_command.py:467} INFO - Running <TaskInstance: NY_TAXI.ingest_data scheduled__2021-05-01T00:00:00+00:00 [running]> on host e7ca35b1115e
[2024-09-25T11:26:59.820+0000] {taskinstance.py:3131} INFO - Exporting env vars: AIRFLOW_CTX_DAG_OWNER='***' AIRFLOW_CTX_DAG_ID='NY_TAXI' AIRFLOW_CTX_TASK_ID='ingest_data' AIRFLOW_CTX_EXECUTION_DATE='2021-05-01T00:00:00+00:00' AIRFLOW_CTX_TRY_NUMBER='9' AIRFLOW_CTX_DAG_RUN_ID='scheduled__2021-05-01T00:00:00+00:00'
[2024-09-25T11:26:59.823+0000] {taskinstance.py:731} INFO - ::endgroup::
[2024-09-25T11:27:00.550+0000] {logging_mixin.py:190} INFO - fghj
[2024-09-25T11:27:46.731+0000] {logging_mixin.py:190} INFO - added chunk in 22.239532470703125
[2024-09-25T11:28:08.021+0000] {logging_mixin.py:190} INFO - added chunk in 21.287877559661865
[2024-09-25T11:28:31.874+0000] {logging_mixin.py:190} INFO - added chunk in 23.851845264434814
[2024-09-25T11:28:55.589+0000] {logging_mixin.py:190} INFO - added chunk in 23.714280605316162
[2024-09-25T11:29:20.095+0000] {logging_mixin.py:190} INFO - added chunk in 24.50363326072693
[2024-09-25T11:29:43.116+0000] {logging_mixin.py:190} INFO - added chunk in 23.019163846969604
[2024-09-25T11:30:01.734+0000] {logging_mixin.py:190} INFO - added chunk in 18.617655277252197
[2024-09-25T11:30:20.786+0000] {logging_mixin.py:190} INFO - added chunk in 19.0511212348938
[2024-09-25T11:30:40.248+0000] {logging_mixin.py:190} INFO - added chunk in 19.460917711257935
[2024-09-25T11:30:59.492+0000] {logging_mixin.py:190} INFO - added chunk in 19.24279808998108
[2024-09-25T11:31:17.494+0000] {logging_mixin.py:190} INFO - added chunk in 18.001128435134888
[2024-09-25T11:31:35.499+0000] {logging_mixin.py:190} INFO - added chunk in 18.00433611869812
[2024-09-25T11:31:53.717+0000] {logging_mixin.py:190} INFO - added chunk in 18.217289924621582
[2024-09-25T11:32:11.469+0000] {logging_mixin.py:190} INFO - added chunk in 17.750434637069702
[2024-09-25T11:32:29.927+0000] {logging_mixin.py:190} INFO - added chunk in 18.457399129867554
[2024-09-25T11:32:48.039+0000] {logging_mixin.py:190} INFO - added chunk in 18.111023664474487
[2024-09-25T11:33:06.096+0000] {logging_mixin.py:190} INFO - added chunk in 18.055744886398315
[2024-09-25T11:33:24.256+0000] {logging_mixin.py:190} INFO - added chunk in 18.158955335617065
[2024-09-25T11:33:42.525+0000] {logging_mixin.py:190} INFO - added chunk in 18.267796277999878
[2024-09-25T11:34:02.239+0000] {logging_mixin.py:190} INFO - added chunk in 19.713099241256714
[2024-09-25T11:34:23.100+0000] {logging_mixin.py:190} INFO - added chunk in 20.86007595062256
[2024-09-25T11:34:41.050+0000] {logging_mixin.py:190} INFO - added chunk in 17.94961166381836
[2024-09-25T11:34:41.388+0000] {logging_mixin.py:190} WARNING - /opt/***/dags/ingest_data.py:24 DtypeWarning: Columns (6) have mixed types. Specify dtype option on import or set low_memory=False.
[2024-09-25T11:35:01.626+0000] {logging_mixin.py:190} INFO - added chunk in 20.5747971534729
[2024-09-25T11:35:17.708+0000] {logging_mixin.py:190} INFO - added chunk in 16.080650091171265
[2024-09-25T11:35:19.663+0000] {logging_mixin.py:190} INFO - added chunk in 1.9541699886322021
[2024-09-25T11:35:19.664+0000] {taskinstance.py:3310} ERROR - Task failed with exception
Traceback (most recent call last):
  File "/home/airflow/.local/lib/python3.12/site-packages/airflow/models/taskinstance.py", line 767, in _execute_task
    result = _execute_callable(context=context, **execute_callable_kwargs)
             ^^^^^^^^^^^^^^^^^^^^^^^^^^^^^^^^^^^^^^^^^^^^^^^^^^^^^^^^^^^^^
  File "/home/airflow/.local/lib/python3.12/site-packages/airflow/models/taskinstance.py", line 733, in _execute_callable
    return ExecutionCallableRunner(
           ^^^^^^^^^^^^^^^^^^^^^^^^
  File "/home/airflow/.local/lib/python3.12/site-packages/airflow/utils/operator_helpers.py", line 252, in run
    return self.func(*args, **kwargs)
           ^^^^^^^^^^^^^^^^^^^^^^^^^^
  File "/home/airflow/.local/lib/python3.12/site-packages/airflow/models/baseoperator.py", line 406, in wrapper
    return func(self, *args, **kwargs)
           ^^^^^^^^^^^^^^^^^^^^^^^^^^^
  File "/home/airflow/.local/lib/python3.12/site-packages/airflow/operators/python.py", line 238, in execute
    return_value = self.execute_callable()
                   ^^^^^^^^^^^^^^^^^^^^^^^
  File "/home/airflow/.local/lib/python3.12/site-packages/airflow/operators/python.py", line 256, in execute_callable
    return runner.run(*self.op_args, **self.op_kwargs)
           ^^^^^^^^^^^^^^^^^^^^^^^^^^^^^^^^^^^^^^^^^^^
  File "/home/airflow/.local/lib/python3.12/site-packages/airflow/utils/operator_helpers.py", line 252, in run
    return self.func(*args, **kwargs)
           ^^^^^^^^^^^^^^^^^^^^^^^^^^
  File "/opt/airflow/dags/ingest_data.py", line 24, in ingest_callable
    df = next(df_iter)
         ^^^^^^^^^^^^^
  File "/home/airflow/.local/lib/python3.12/site-packages/pandas/io/parsers/readers.py", line 1668, in __next__
    return self.get_chunk()
           ^^^^^^^^^^^^^^^^
  File "/home/airflow/.local/lib/python3.12/site-packages/pandas/io/parsers/readers.py", line 1777, in get_chunk
    return self.read(nrows=size)
           ^^^^^^^^^^^^^^^^^^^^^
  File "/home/airflow/.local/lib/python3.12/site-packages/pandas/io/parsers/readers.py", line 1748, in read
    ) = self._engine.read(  # type: ignore[attr-defined]
        ^^^^^^^^^^^^^^^^^^^^^^^^^^^^^^^^^^^^^^^^^^^^^^^^
  File "/home/airflow/.local/lib/python3.12/site-packages/pandas/io/parsers/c_parser_wrapper.py", line 234, in read
    chunks = self._reader.read_low_memory(nrows)
             ^^^^^^^^^^^^^^^^^^^^^^^^^^^^^^^^^^^
  File "parsers.pyx", line 868, in pandas._libs.parsers.TextReader.read_low_memory
StopIteration
[2024-09-25T11:35:19.684+0000] {taskinstance.py:1225} INFO - Marking task as FAILED. dag_id=NY_TAXI, task_id=ingest_data, run_id=scheduled__2021-05-01T00:00:00+00:00, execution_date=20210501T000000, start_date=20240925T112659, end_date=20240925T113519
[2024-09-25T11:35:19.815+0000] {taskinstance.py:340} INFO - ::group::Post task execution logs
[2024-09-25T11:35:19.816+0000] {standard_task_runner.py:124} ERROR - Failed to execute job 465 for task ingest_data (; 1919)
Traceback (most recent call last):
  File "/home/airflow/.local/lib/python3.12/site-packages/airflow/task/task_runner/standard_task_runner.py", line 117, in _start_by_fork
    ret = args.func(args, dag=self.dag)
          ^^^^^^^^^^^^^^^^^^^^^^^^^^^^^
  File "/home/airflow/.local/lib/python3.12/site-packages/airflow/cli/cli_config.py", line 49, in command
    return func(*args, **kwargs)
           ^^^^^^^^^^^^^^^^^^^^^
  File "/home/airflow/.local/lib/python3.12/site-packages/airflow/utils/cli.py", line 115, in wrapper
    return f(*args, **kwargs)
           ^^^^^^^^^^^^^^^^^^
  File "/home/airflow/.local/lib/python3.12/site-packages/airflow/cli/commands/task_command.py", line 483, in task_run
    task_return_code = _run_task_by_selected_method(args, _dag, ti)
                       ^^^^^^^^^^^^^^^^^^^^^^^^^^^^^^^^^^^^^^^^^^^^
  File "/home/airflow/.local/lib/python3.12/site-packages/airflow/cli/commands/task_command.py", line 256, in _run_task_by_selected_method
    return _run_raw_task(args, ti)
           ^^^^^^^^^^^^^^^^^^^^^^^
  File "/home/airflow/.local/lib/python3.12/site-packages/airflow/cli/commands/task_command.py", line 341, in _run_raw_task
    return ti._run_raw_task(
           ^^^^^^^^^^^^^^^^^
  File "/home/airflow/.local/lib/python3.12/site-packages/airflow/utils/session.py", line 97, in wrapper
    return func(*args, session=session, **kwargs)
           ^^^^^^^^^^^^^^^^^^^^^^^^^^^^^^^^^^^^^^
  File "/home/airflow/.local/lib/python3.12/site-packages/airflow/models/taskinstance.py", line 3004, in _run_raw_task
    return _run_raw_task(
           ^^^^^^^^^^^^^^
  File "/home/airflow/.local/lib/python3.12/site-packages/airflow/models/taskinstance.py", line 273, in _run_raw_task
    TaskInstance._execute_task_with_callbacks(
  File "/home/airflow/.local/lib/python3.12/site-packages/airflow/models/taskinstance.py", line 3158, in _execute_task_with_callbacks
    result = self._execute_task(context, task_orig)
             ^^^^^^^^^^^^^^^^^^^^^^^^^^^^^^^^^^^^^^
  File "/home/airflow/.local/lib/python3.12/site-packages/airflow/models/taskinstance.py", line 3182, in _execute_task
    return _execute_task(self, context, task_orig)
           ^^^^^^^^^^^^^^^^^^^^^^^^^^^^^^^^^^^^^^^
  File "/home/airflow/.local/lib/python3.12/site-packages/airflow/models/taskinstance.py", line 767, in _execute_task
    result = _execute_callable(context=context, **execute_callable_kwargs)
             ^^^^^^^^^^^^^^^^^^^^^^^^^^^^^^^^^^^^^^^^^^^^^^^^^^^^^^^^^^^^^
  File "/home/airflow/.local/lib/python3.12/site-packages/airflow/models/taskinstance.py", line 733, in _execute_callable
    return ExecutionCallableRunner(
           ^^^^^^^^^^^^^^^^^^^^^^^^
  File "/home/airflow/.local/lib/python3.12/site-packages/airflow/utils/operator_helpers.py", line 252, in run
    return self.func(*args, **kwargs)
           ^^^^^^^^^^^^^^^^^^^^^^^^^^
  File "/home/airflow/.local/lib/python3.12/site-packages/airflow/models/baseoperator.py", line 406, in wrapper
    return func(self, *args, **kwargs)
           ^^^^^^^^^^^^^^^^^^^^^^^^^^^
  File "/home/airflow/.local/lib/python3.12/site-packages/airflow/operators/python.py", line 238, in execute
    return_value = self.execute_callable()
                   ^^^^^^^^^^^^^^^^^^^^^^^
  File "/home/airflow/.local/lib/python3.12/site-packages/airflow/operators/python.py", line 256, in execute_callable
    return runner.run(*self.op_args, **self.op_kwargs)
           ^^^^^^^^^^^^^^^^^^^^^^^^^^^^^^^^^^^^^^^^^^^
  File "/home/airflow/.local/lib/python3.12/site-packages/airflow/utils/operator_helpers.py", line 252, in run
    return self.func(*args, **kwargs)
           ^^^^^^^^^^^^^^^^^^^^^^^^^^
  File "/opt/airflow/dags/ingest_data.py", line 24, in ingest_callable
    df = next(df_iter)
         ^^^^^^^^^^^^^
  File "/home/airflow/.local/lib/python3.12/site-packages/pandas/io/parsers/readers.py", line 1668, in __next__
    return self.get_chunk()
           ^^^^^^^^^^^^^^^^
  File "/home/airflow/.local/lib/python3.12/site-packages/pandas/io/parsers/readers.py", line 1777, in get_chunk
    return self.read(nrows=size)
           ^^^^^^^^^^^^^^^^^^^^^
  File "/home/airflow/.local/lib/python3.12/site-packages/pandas/io/parsers/readers.py", line 1748, in read
    ) = self._engine.read(  # type: ignore[attr-defined]
        ^^^^^^^^^^^^^^^^^^^^^^^^^^^^^^^^^^^^^^^^^^^^^^^^
  File "/home/airflow/.local/lib/python3.12/site-packages/pandas/io/parsers/c_parser_wrapper.py", line 234, in read
    chunks = self._reader.read_low_memory(nrows)
             ^^^^^^^^^^^^^^^^^^^^^^^^^^^^^^^^^^^
  File "parsers.pyx", line 868, in pandas._libs.parsers.TextReader.read_low_memory
StopIteration
[2024-09-25T11:35:19.915+0000] {local_task_job_runner.py:266} INFO - Task exited with return code 1
[2024-09-25T11:35:19.954+0000] {taskinstance.py:3900} INFO - 0 downstream tasks scheduled from follow-on schedule check
[2024-09-25T11:35:20.007+0000] {local_task_job_runner.py:245} INFO - ::endgroup::
