[2024-09-25T09:43:44.728+0000] {local_task_job_runner.py:123} INFO - ::group::Pre task execution logs
[2024-09-25T09:43:44.754+0000] {taskinstance.py:2612} INFO - Dependencies all met for dep_context=non-requeueable deps ti=<TaskInstance: NY_TAXI.ingest_data scheduled__2021-05-01T00:00:00+00:00 [queued]>
[2024-09-25T09:43:44.766+0000] {taskinstance.py:2612} INFO - Dependencies all met for dep_context=requeueable deps ti=<TaskInstance: NY_TAXI.ingest_data scheduled__2021-05-01T00:00:00+00:00 [queued]>
[2024-09-25T09:43:44.766+0000] {taskinstance.py:2865} INFO - Starting attempt 8 of 8
[2024-09-25T09:43:46.141+0000] {taskinstance.py:2888} INFO - Executing <Task(PythonOperator): ingest_data> on 2021-05-01 00:00:00+00:00
[2024-09-25T09:43:46.185+0000] {standard_task_runner.py:104} INFO - Running: ['***', 'tasks', 'run', 'NY_TAXI', 'ingest_data', 'scheduled__2021-05-01T00:00:00+00:00', '--job-id', '463', '--raw', '--subdir', 'DAGS_FOLDER/download.py', '--cfg-path', '/tmp/tmpx25d43u5']
[2024-09-25T09:43:46.196+0000] {standard_task_runner.py:105} INFO - Job 463: Subtask ingest_data
[2024-09-25T09:43:46.207+0000] {logging_mixin.py:190} WARNING - /home/***/.local/lib/python3.12/site-packages/***/task/task_runner/standard_task_runner.py:70 DeprecationWarning: This process (pid=1333) is multi-threaded, use of fork() may lead to deadlocks in the child.
[2024-09-25T09:43:46.224+0000] {standard_task_runner.py:72} INFO - Started process 1335 to run task
[2024-09-25T09:43:47.138+0000] {task_command.py:467} INFO - Running <TaskInstance: NY_TAXI.ingest_data scheduled__2021-05-01T00:00:00+00:00 [running]> on host e7ca35b1115e
[2024-09-25T09:43:47.759+0000] {taskinstance.py:3131} INFO - Exporting env vars: AIRFLOW_CTX_DAG_OWNER='***' AIRFLOW_CTX_DAG_ID='NY_TAXI' AIRFLOW_CTX_TASK_ID='ingest_data' AIRFLOW_CTX_EXECUTION_DATE='2021-05-01T00:00:00+00:00' AIRFLOW_CTX_TRY_NUMBER='8' AIRFLOW_CTX_DAG_RUN_ID='scheduled__2021-05-01T00:00:00+00:00'
[2024-09-25T09:43:47.761+0000] {taskinstance.py:731} INFO - ::endgroup::
[2024-09-25T09:43:49.341+0000] {logging_mixin.py:190} INFO - fghj
[2024-09-25T09:45:02.856+0000] {logging_mixin.py:190} INFO - added chunk in 19.26410222053528
[2024-09-25T09:45:32.995+0000] {logging_mixin.py:190} INFO - added chunk in 30.137731790542603
[2024-09-25T09:45:50.997+0000] {logging_mixin.py:190} INFO - added chunk in 18.001404523849487
[2024-09-25T09:46:16.681+0000] {logging_mixin.py:190} INFO - added chunk in 25.683039903640747
[2024-09-25T09:46:35.159+0000] {logging_mixin.py:190} INFO - added chunk in 18.477275848388672
[2024-09-25T09:46:51.885+0000] {logging_mixin.py:190} INFO - added chunk in 16.724324226379395
[2024-09-25T09:47:07.752+0000] {logging_mixin.py:190} INFO - added chunk in 15.866253137588501
[2024-09-25T09:47:32.012+0000] {logging_mixin.py:190} INFO - added chunk in 24.257633686065674
[2024-09-25T09:47:49.736+0000] {logging_mixin.py:190} INFO - added chunk in 17.720170259475708
[2024-09-25T09:48:07.416+0000] {logging_mixin.py:190} INFO - added chunk in 17.68024516105652
[2024-09-25T09:48:26.140+0000] {logging_mixin.py:190} INFO - added chunk in 18.722418069839478
[2024-09-25T09:48:45.299+0000] {logging_mixin.py:190} INFO - added chunk in 19.15632653236389
[2024-09-25T09:49:09.341+0000] {logging_mixin.py:190} INFO - added chunk in 24.04136848449707
[2024-09-25T09:49:28.454+0000] {logging_mixin.py:190} INFO - added chunk in 19.11153483390808
[2024-09-25T09:49:50.416+0000] {logging_mixin.py:190} INFO - added chunk in 21.960962533950806
[2024-09-25T09:50:17.815+0000] {logging_mixin.py:190} INFO - added chunk in 27.397884607315063
[2024-09-25T09:50:41.197+0000] {logging_mixin.py:190} INFO - added chunk in 23.38128423690796
[2024-09-25T09:51:02.566+0000] {logging_mixin.py:190} INFO - added chunk in 21.36797332763672
[2024-09-25T09:51:19.517+0000] {logging_mixin.py:190} INFO - added chunk in 16.950687646865845
[2024-09-25T09:51:44.881+0000] {logging_mixin.py:190} INFO - added chunk in 25.36283016204834
[2024-09-25T09:52:03.018+0000] {logging_mixin.py:190} INFO - added chunk in 18.134437084197998
[2024-09-25T09:52:28.271+0000] {logging_mixin.py:190} INFO - added chunk in 25.251823663711548
[2024-09-25T09:52:28.931+0000] {logging_mixin.py:190} WARNING - /opt/***/dags/ingest_data.py:24 DtypeWarning: Columns (6) have mixed types. Specify dtype option on import or set low_memory=False.
[2024-09-25T09:52:47.270+0000] {logging_mixin.py:190} INFO - added chunk in 18.99842858314514
[2024-09-25T09:53:03.259+0000] {logging_mixin.py:190} INFO - added chunk in 15.988044261932373
[2024-09-25T09:53:05.195+0000] {logging_mixin.py:190} INFO - added chunk in 1.9352631568908691
[2024-09-25T09:53:05.235+0000] {taskinstance.py:3310} ERROR - Task failed with exception
Traceback (most recent call last):
  File "/home/airflow/.local/lib/python3.12/site-packages/airflow/models/taskinstance.py", line 767, in _execute_task
    result = _execute_callable(context=context, **execute_callable_kwargs)
             ^^^^^^^^^^^^^^^^^^^^^^^^^^^^^^^^^^^^^^^^^^^^^^^^^^^^^^^^^^^^^
  File "/home/airflow/.local/lib/python3.12/site-packages/airflow/models/taskinstance.py", line 733, in _execute_callable
    return ExecutionCallableRunner(
           ^^^^^^^^^^^^^^^^^^^^^^^^
  File "/home/airflow/.local/lib/python3.12/site-packages/airflow/utils/operator_helpers.py", line 252, in run
    return self.func(*args, **kwargs)
           ^^^^^^^^^^^^^^^^^^^^^^^^^^
  File "/home/airflow/.local/lib/python3.12/site-packages/airflow/models/baseoperator.py", line 406, in wrapper
    return func(self, *args, **kwargs)
           ^^^^^^^^^^^^^^^^^^^^^^^^^^^
  File "/home/airflow/.local/lib/python3.12/site-packages/airflow/operators/python.py", line 238, in execute
    return_value = self.execute_callable()
                   ^^^^^^^^^^^^^^^^^^^^^^^
  File "/home/airflow/.local/lib/python3.12/site-packages/airflow/operators/python.py", line 256, in execute_callable
    return runner.run(*self.op_args, **self.op_kwargs)
           ^^^^^^^^^^^^^^^^^^^^^^^^^^^^^^^^^^^^^^^^^^^
  File "/home/airflow/.local/lib/python3.12/site-packages/airflow/utils/operator_helpers.py", line 252, in run
    return self.func(*args, **kwargs)
           ^^^^^^^^^^^^^^^^^^^^^^^^^^
  File "/opt/airflow/dags/ingest_data.py", line 24, in ingest_callable
    df = next(df_iter)
         ^^^^^^^^^^^^^
  File "/home/airflow/.local/lib/python3.12/site-packages/pandas/io/parsers/readers.py", line 1668, in __next__
    return self.get_chunk()
           ^^^^^^^^^^^^^^^^
  File "/home/airflow/.local/lib/python3.12/site-packages/pandas/io/parsers/readers.py", line 1777, in get_chunk
    return self.read(nrows=size)
           ^^^^^^^^^^^^^^^^^^^^^
  File "/home/airflow/.local/lib/python3.12/site-packages/pandas/io/parsers/readers.py", line 1748, in read
    ) = self._engine.read(  # type: ignore[attr-defined]
        ^^^^^^^^^^^^^^^^^^^^^^^^^^^^^^^^^^^^^^^^^^^^^^^^
  File "/home/airflow/.local/lib/python3.12/site-packages/pandas/io/parsers/c_parser_wrapper.py", line 234, in read
    chunks = self._reader.read_low_memory(nrows)
             ^^^^^^^^^^^^^^^^^^^^^^^^^^^^^^^^^^^
  File "parsers.pyx", line 868, in pandas._libs.parsers.TextReader.read_low_memory
StopIteration
[2024-09-25T09:53:06.577+0000] {taskinstance.py:1225} INFO - Marking task as FAILED. dag_id=NY_TAXI, task_id=ingest_data, run_id=scheduled__2021-05-01T00:00:00+00:00, execution_date=20210501T000000, start_date=20240925T094344, end_date=20240925T095306
[2024-09-25T09:53:08.834+0000] {taskinstance.py:340} INFO - ::group::Post task execution logs
[2024-09-25T09:53:08.835+0000] {standard_task_runner.py:124} ERROR - Failed to execute job 463 for task ingest_data (; 1335)
Traceback (most recent call last):
  File "/home/airflow/.local/lib/python3.12/site-packages/airflow/task/task_runner/standard_task_runner.py", line 117, in _start_by_fork
    ret = args.func(args, dag=self.dag)
          ^^^^^^^^^^^^^^^^^^^^^^^^^^^^^
  File "/home/airflow/.local/lib/python3.12/site-packages/airflow/cli/cli_config.py", line 49, in command
    return func(*args, **kwargs)
           ^^^^^^^^^^^^^^^^^^^^^
  File "/home/airflow/.local/lib/python3.12/site-packages/airflow/utils/cli.py", line 115, in wrapper
    return f(*args, **kwargs)
           ^^^^^^^^^^^^^^^^^^
  File "/home/airflow/.local/lib/python3.12/site-packages/airflow/cli/commands/task_command.py", line 483, in task_run
    task_return_code = _run_task_by_selected_method(args, _dag, ti)
                       ^^^^^^^^^^^^^^^^^^^^^^^^^^^^^^^^^^^^^^^^^^^^
  File "/home/airflow/.local/lib/python3.12/site-packages/airflow/cli/commands/task_command.py", line 256, in _run_task_by_selected_method
    return _run_raw_task(args, ti)
           ^^^^^^^^^^^^^^^^^^^^^^^
  File "/home/airflow/.local/lib/python3.12/site-packages/airflow/cli/commands/task_command.py", line 341, in _run_raw_task
    return ti._run_raw_task(
           ^^^^^^^^^^^^^^^^^
  File "/home/airflow/.local/lib/python3.12/site-packages/airflow/utils/session.py", line 97, in wrapper
    return func(*args, session=session, **kwargs)
           ^^^^^^^^^^^^^^^^^^^^^^^^^^^^^^^^^^^^^^
  File "/home/airflow/.local/lib/python3.12/site-packages/airflow/models/taskinstance.py", line 3004, in _run_raw_task
    return _run_raw_task(
           ^^^^^^^^^^^^^^
  File "/home/airflow/.local/lib/python3.12/site-packages/airflow/models/taskinstance.py", line 273, in _run_raw_task
    TaskInstance._execute_task_with_callbacks(
  File "/home/airflow/.local/lib/python3.12/site-packages/airflow/models/taskinstance.py", line 3158, in _execute_task_with_callbacks
    result = self._execute_task(context, task_orig)
             ^^^^^^^^^^^^^^^^^^^^^^^^^^^^^^^^^^^^^^
  File "/home/airflow/.local/lib/python3.12/site-packages/airflow/models/taskinstance.py", line 3182, in _execute_task
    return _execute_task(self, context, task_orig)
           ^^^^^^^^^^^^^^^^^^^^^^^^^^^^^^^^^^^^^^^
  File "/home/airflow/.local/lib/python3.12/site-packages/airflow/models/taskinstance.py", line 767, in _execute_task
    result = _execute_callable(context=context, **execute_callable_kwargs)
             ^^^^^^^^^^^^^^^^^^^^^^^^^^^^^^^^^^^^^^^^^^^^^^^^^^^^^^^^^^^^^
  File "/home/airflow/.local/lib/python3.12/site-packages/airflow/models/taskinstance.py", line 733, in _execute_callable
    return ExecutionCallableRunner(
           ^^^^^^^^^^^^^^^^^^^^^^^^
  File "/home/airflow/.local/lib/python3.12/site-packages/airflow/utils/operator_helpers.py", line 252, in run
    return self.func(*args, **kwargs)
           ^^^^^^^^^^^^^^^^^^^^^^^^^^
  File "/home/airflow/.local/lib/python3.12/site-packages/airflow/models/baseoperator.py", line 406, in wrapper
    return func(self, *args, **kwargs)
           ^^^^^^^^^^^^^^^^^^^^^^^^^^^
  File "/home/airflow/.local/lib/python3.12/site-packages/airflow/operators/python.py", line 238, in execute
    return_value = self.execute_callable()
                   ^^^^^^^^^^^^^^^^^^^^^^^
  File "/home/airflow/.local/lib/python3.12/site-packages/airflow/operators/python.py", line 256, in execute_callable
    return runner.run(*self.op_args, **self.op_kwargs)
           ^^^^^^^^^^^^^^^^^^^^^^^^^^^^^^^^^^^^^^^^^^^
  File "/home/airflow/.local/lib/python3.12/site-packages/airflow/utils/operator_helpers.py", line 252, in run
    return self.func(*args, **kwargs)
           ^^^^^^^^^^^^^^^^^^^^^^^^^^
  File "/opt/airflow/dags/ingest_data.py", line 24, in ingest_callable
    df = next(df_iter)
         ^^^^^^^^^^^^^
  File "/home/airflow/.local/lib/python3.12/site-packages/pandas/io/parsers/readers.py", line 1668, in __next__
    return self.get_chunk()
           ^^^^^^^^^^^^^^^^
  File "/home/airflow/.local/lib/python3.12/site-packages/pandas/io/parsers/readers.py", line 1777, in get_chunk
    return self.read(nrows=size)
           ^^^^^^^^^^^^^^^^^^^^^
  File "/home/airflow/.local/lib/python3.12/site-packages/pandas/io/parsers/readers.py", line 1748, in read
    ) = self._engine.read(  # type: ignore[attr-defined]
        ^^^^^^^^^^^^^^^^^^^^^^^^^^^^^^^^^^^^^^^^^^^^^^^^
  File "/home/airflow/.local/lib/python3.12/site-packages/pandas/io/parsers/c_parser_wrapper.py", line 234, in read
    chunks = self._reader.read_low_memory(nrows)
             ^^^^^^^^^^^^^^^^^^^^^^^^^^^^^^^^^^^
  File "parsers.pyx", line 868, in pandas._libs.parsers.TextReader.read_low_memory
StopIteration
[2024-09-25T09:53:09.544+0000] {local_task_job_runner.py:266} INFO - Task exited with return code 1
[2024-09-25T09:53:09.568+0000] {taskinstance.py:3900} INFO - 0 downstream tasks scheduled from follow-on schedule check
[2024-09-25T09:53:10.484+0000] {local_task_job_runner.py:245} INFO - ::endgroup::
