[2024-09-22T11:18:27.865+0000] {local_task_job_runner.py:120} INFO - ::group::Pre task execution logs
[2024-09-22T11:18:28.035+0000] {taskinstance.py:2076} INFO - Dependencies all met for dep_context=non-requeueable deps ti=<TaskInstance: example_weekday_branch_operator.make_weekend_choice scheduled__2024-09-19T00:00:00+00:00 [queued]>
[2024-09-22T11:18:28.067+0000] {taskinstance.py:2076} INFO - Dependencies all met for dep_context=requeueable deps ti=<TaskInstance: example_weekday_branch_operator.make_weekend_choice scheduled__2024-09-19T00:00:00+00:00 [queued]>
[2024-09-22T11:18:28.067+0000] {taskinstance.py:2306} INFO - Starting attempt 1 of 1
[2024-09-22T11:18:28.971+0000] {taskinstance.py:2330} INFO - Executing <Task(BranchDayOfWeekOperator): make_weekend_choice> on 2024-09-19 00:00:00+00:00
[2024-09-22T11:18:29.004+0000] {warnings.py:112} WARNING - /home/***/.local/lib/python3.12/site-packages/***/task/task_runner/standard_task_runner.py:62: DeprecationWarning: This process (pid=328) is multi-threaded, use of fork() may lead to deadlocks in the child.
  pid = os.fork()

[2024-09-22T11:18:29.006+0000] {standard_task_runner.py:64} INFO - Started process 339 to run task
[2024-09-22T11:18:29.014+0000] {standard_task_runner.py:90} INFO - Running: ['***', 'tasks', 'run', 'example_weekday_branch_operator', 'make_weekend_choice', 'scheduled__2024-09-19T00:00:00+00:00', '--job-id', '2523', '--raw', '--subdir', '/home/***/.local/lib/python3.12/site-packages/***/example_dags/example_branch_day_of_week_operator.py', '--cfg-path', '/tmp/tmpw50dvuth']
[2024-09-22T11:18:29.024+0000] {standard_task_runner.py:91} INFO - Job 2523: Subtask make_weekend_choice
[2024-09-22T11:18:29.660+0000] {task_command.py:426} INFO - Running <TaskInstance: example_weekday_branch_operator.make_weekend_choice scheduled__2024-09-19T00:00:00+00:00 [running]> on host 1d2bd9c1668e
[2024-09-22T11:18:30.606+0000] {taskinstance.py:2648} INFO - Exporting env vars: AIRFLOW_CTX_DAG_OWNER='***' AIRFLOW_CTX_DAG_ID='example_weekday_branch_operator' AIRFLOW_CTX_TASK_ID='make_weekend_choice' AIRFLOW_CTX_EXECUTION_DATE='2024-09-19T00:00:00+00:00' AIRFLOW_CTX_TRY_NUMBER='1' AIRFLOW_CTX_DAG_RUN_ID='scheduled__2024-09-19T00:00:00+00:00'
[2024-09-22T11:18:30.612+0000] {taskinstance.py:430} INFO - ::endgroup::
[2024-09-22T11:18:30.618+0000] {branch.py:36} INFO - Branch into branch_weekend
[2024-09-22T11:18:30.618+0000] {skipmixin.py:178} INFO - Following branch branch_weekend
[2024-09-22T11:18:30.678+0000] {skipmixin.py:246} INFO - Skipping tasks [('branch_mid_week', -1)]
[2024-09-22T11:18:31.318+0000] {taskinstance.py:441} INFO - ::group::Post task execution logs
[2024-09-22T11:18:31.615+0000] {taskinstance.py:1206} INFO - Marking task as SUCCESS. dag_id=example_weekday_branch_operator, task_id=make_weekend_choice, run_id=scheduled__2024-09-19T00:00:00+00:00, execution_date=20240919T000000, start_date=20240922T111828, end_date=20240922T111831
[2024-09-22T11:18:31.906+0000] {local_task_job_runner.py:243} INFO - Task exited with return code 0
[2024-09-22T11:18:32.129+0000] {taskinstance.py:3503} INFO - 0 downstream tasks scheduled from follow-on schedule check
[2024-09-22T11:18:32.365+0000] {local_task_job_runner.py:222} INFO - ::endgroup::
