[2024-09-22T11:33:54.172+0000] {local_task_job_runner.py:120} INFO - ::group::Pre task execution logs
[2024-09-22T11:33:54.349+0000] {taskinstance.py:2076} INFO - Dependencies all met for dep_context=non-requeueable deps ti=<TaskInstance: example_setup_teardown_taskflow.outer_teardown scheduled__2024-08-27T00:00:00+00:00 [queued]>
[2024-09-22T11:33:54.409+0000] {taskinstance.py:2076} INFO - Dependencies all met for dep_context=requeueable deps ti=<TaskInstance: example_setup_teardown_taskflow.outer_teardown scheduled__2024-08-27T00:00:00+00:00 [queued]>
[2024-09-22T11:33:54.412+0000] {taskinstance.py:2306} INFO - Starting attempt 1 of 1
[2024-09-22T11:33:55.112+0000] {taskinstance.py:2330} INFO - Executing <Task(_PythonDecoratedOperator): outer_teardown> on 2024-08-27 00:00:00+00:00
[2024-09-22T11:33:55.152+0000] {warnings.py:112} WARNING - /home/***/.local/lib/python3.12/site-packages/***/task/task_runner/standard_task_runner.py:62: DeprecationWarning: This process (pid=1157) is multi-threaded, use of fork() may lead to deadlocks in the child.
  pid = os.fork()

[2024-09-22T11:33:55.170+0000] {standard_task_runner.py:64} INFO - Started process 1226 to run task
[2024-09-22T11:33:55.163+0000] {standard_task_runner.py:90} INFO - Running: ['***', 'tasks', 'run', 'example_setup_teardown_taskflow', 'outer_teardown', 'scheduled__2024-08-27T00:00:00+00:00', '--job-id', '2676', '--raw', '--subdir', '/home/***/.local/lib/python3.12/site-packages/***/example_dags/example_setup_teardown_taskflow.py', '--cfg-path', '/tmp/tmpzpet6izo']
[2024-09-22T11:33:55.187+0000] {standard_task_runner.py:91} INFO - Job 2676: Subtask outer_teardown
[2024-09-22T11:33:55.586+0000] {task_command.py:426} INFO - Running <TaskInstance: example_setup_teardown_taskflow.outer_teardown scheduled__2024-08-27T00:00:00+00:00 [running]> on host 1d2bd9c1668e
[2024-09-22T11:33:56.703+0000] {taskinstance.py:2648} INFO - Exporting env vars: AIRFLOW_CTX_DAG_OWNER='***' AIRFLOW_CTX_DAG_ID='example_setup_teardown_taskflow' AIRFLOW_CTX_TASK_ID='outer_teardown' AIRFLOW_CTX_EXECUTION_DATE='2024-08-27T00:00:00+00:00' AIRFLOW_CTX_TRY_NUMBER='1' AIRFLOW_CTX_DAG_RUN_ID='scheduled__2024-08-27T00:00:00+00:00'
[2024-09-22T11:33:56.712+0000] {taskinstance.py:430} INFO - ::endgroup::
[2024-09-22T11:33:56.721+0000] {logging_mixin.py:188} INFO - I am outer_teardown
[2024-09-22T11:33:56.891+0000] {logging_mixin.py:188} INFO - Tearing down cluster: some cluster id
[2024-09-22T11:33:56.891+0000] {python.py:237} INFO - Done. Returned value was: None
[2024-09-22T11:33:56.891+0000] {taskinstance.py:441} INFO - ::group::Post task execution logs
[2024-09-22T11:33:56.931+0000] {taskinstance.py:1206} INFO - Marking task as SUCCESS. dag_id=example_setup_teardown_taskflow, task_id=outer_teardown, run_id=scheduled__2024-08-27T00:00:00+00:00, execution_date=20240827T000000, start_date=20240922T113354, end_date=20240922T113356
[2024-09-22T11:33:57.413+0000] {local_task_job_runner.py:243} INFO - Task exited with return code 0
[2024-09-22T11:33:57.427+0000] {local_task_job_runner.py:222} INFO - ::endgroup::
