[2024-09-22T11:42:55.983+0000] {local_task_job_runner.py:120} INFO - ::group::Pre task execution logs
[2024-09-22T11:42:56.055+0000] {taskinstance.py:2076} INFO - Dependencies all met for dep_context=non-requeueable deps ti=<TaskInstance: tutorial.templated scheduled__2024-09-21T00:00:00+00:00 [queued]>
[2024-09-22T11:42:56.079+0000] {taskinstance.py:2076} INFO - Dependencies all met for dep_context=requeueable deps ti=<TaskInstance: tutorial.templated scheduled__2024-09-21T00:00:00+00:00 [queued]>
[2024-09-22T11:42:56.079+0000] {taskinstance.py:2306} INFO - Starting attempt 2 of 2
[2024-09-22T11:42:56.295+0000] {taskinstance.py:2330} INFO - Executing <Task(BashOperator): templated> on 2024-09-21 00:00:00+00:00
[2024-09-22T11:42:56.339+0000] {standard_task_runner.py:90} INFO - Running: ['***', 'tasks', 'run', 'tutorial', 'templated', 'scheduled__2024-09-21T00:00:00+00:00', '--job-id', '2780', '--raw', '--subdir', '/home/***/.local/lib/python3.12/site-packages/***/example_dags/tutorial.py', '--cfg-path', '/tmp/tmph_cmrefy']
[2024-09-22T11:42:56.345+0000] {standard_task_runner.py:91} INFO - Job 2780: Subtask templated
[2024-09-22T11:42:56.335+0000] {warnings.py:112} WARNING - /home/***/.local/lib/python3.12/site-packages/***/task/task_runner/standard_task_runner.py:62: DeprecationWarning: This process (pid=1701) is multi-threaded, use of fork() may lead to deadlocks in the child.
  pid = os.fork()

[2024-09-22T11:42:56.346+0000] {standard_task_runner.py:64} INFO - Started process 1710 to run task
[2024-09-22T11:42:57.134+0000] {task_command.py:426} INFO - Running <TaskInstance: tutorial.templated scheduled__2024-09-21T00:00:00+00:00 [running]> on host 1d2bd9c1668e
[2024-09-22T11:42:58.559+0000] {taskinstance.py:2648} INFO - Exporting env vars: AIRFLOW_CTX_DAG_EMAIL='***@example.com' AIRFLOW_CTX_DAG_OWNER='***' AIRFLOW_CTX_DAG_ID='tutorial' AIRFLOW_CTX_TASK_ID='templated' AIRFLOW_CTX_EXECUTION_DATE='2024-09-21T00:00:00+00:00' AIRFLOW_CTX_TRY_NUMBER='2' AIRFLOW_CTX_DAG_RUN_ID='scheduled__2024-09-21T00:00:00+00:00'
[2024-09-22T11:42:58.575+0000] {taskinstance.py:430} INFO - ::endgroup::
[2024-09-22T11:42:58.577+0000] {subprocess.py:63} INFO - Tmp dir root location: /tmp
[2024-09-22T11:42:58.578+0000] {subprocess.py:75} INFO - Running command: ['/usr/bin/bash', '-c', '\n\n    echo "2024-09-21"\n    echo "2024-09-28"\n\n    echo "2024-09-21"\n    echo "2024-09-28"\n\n    echo "2024-09-21"\n    echo "2024-09-28"\n\n    echo "2024-09-21"\n    echo "2024-09-28"\n\n    echo "2024-09-21"\n    echo "2024-09-28"\n']
[2024-09-22T11:42:58.647+0000] {subprocess.py:86} INFO - Output:
[2024-09-22T11:42:58.650+0000] {subprocess.py:93} INFO - 2024-09-21
[2024-09-22T11:42:58.651+0000] {subprocess.py:93} INFO - 2024-09-28
[2024-09-22T11:42:58.651+0000] {subprocess.py:93} INFO - 2024-09-21
[2024-09-22T11:42:58.651+0000] {subprocess.py:93} INFO - 2024-09-28
[2024-09-22T11:42:58.652+0000] {subprocess.py:93} INFO - 2024-09-21
[2024-09-22T11:42:58.652+0000] {subprocess.py:93} INFO - 2024-09-28
[2024-09-22T11:42:58.652+0000] {subprocess.py:93} INFO - 2024-09-21
[2024-09-22T11:42:58.653+0000] {subprocess.py:93} INFO - 2024-09-28
[2024-09-22T11:42:58.653+0000] {subprocess.py:93} INFO - 2024-09-21
[2024-09-22T11:42:58.653+0000] {subprocess.py:93} INFO - 2024-09-28
[2024-09-22T11:42:58.653+0000] {subprocess.py:97} INFO - Command exited with return code 0
[2024-09-22T11:42:58.654+0000] {taskinstance.py:441} INFO - ::group::Post task execution logs
[2024-09-22T11:42:58.956+0000] {taskinstance.py:1206} INFO - Marking task as SUCCESS. dag_id=tutorial, task_id=templated, run_id=scheduled__2024-09-21T00:00:00+00:00, execution_date=20240921T000000, start_date=20240922T114256, end_date=20240922T114258
[2024-09-22T11:42:59.663+0000] {local_task_job_runner.py:243} INFO - Task exited with return code 0
[2024-09-22T11:42:59.685+0000] {local_task_job_runner.py:222} INFO - ::endgroup::
