[2024-09-22T15:14:09.522+0000] {local_task_job_runner.py:123} INFO - ::group::Pre task execution logs
[2024-09-22T15:14:09.949+0000] {taskinstance.py:2612} INFO - Dependencies all met for dep_context=non-requeueable deps ti=<TaskInstance: NY_TAXI.download_data scheduled__2021-01-03T00:00:00+00:00 [queued]>
[2024-09-22T15:14:10.169+0000] {taskinstance.py:2612} INFO - Dependencies all met for dep_context=requeueable deps ti=<TaskInstance: NY_TAXI.download_data scheduled__2021-01-03T00:00:00+00:00 [queued]>
[2024-09-22T15:14:10.170+0000] {taskinstance.py:2865} INFO - Starting attempt 1 of 1
[2024-09-22T15:14:10.883+0000] {taskinstance.py:2888} INFO - Executing <Task(BashOperator): download_data> on 2021-01-03 00:00:00+00:00
[2024-09-22T15:14:11.157+0000] {standard_task_runner.py:104} INFO - Running: ['***', 'tasks', 'run', 'NY_TAXI', 'download_data', 'scheduled__2021-01-03T00:00:00+00:00', '--job-id', '8', '--raw', '--subdir', 'DAGS_FOLDER/download.py', '--cfg-path', '/tmp/tmpbai_mo5n']
[2024-09-22T15:14:11.184+0000] {standard_task_runner.py:105} INFO - Job 8: Subtask download_data
[2024-09-22T15:14:12.461+0000] {logging_mixin.py:190} WARNING - /home/***/.local/lib/python3.12/site-packages/***/task/task_runner/standard_task_runner.py:70 DeprecationWarning: This process (pid=313) is multi-threaded, use of fork() may lead to deadlocks in the child.
[2024-09-22T15:14:12.462+0000] {standard_task_runner.py:72} INFO - Started process 362 to run task
[2024-09-22T15:14:21.038+0000] {job.py:229} INFO - Heartbeat recovered after 12.58 seconds
[2024-09-22T15:14:32.706+0000] {task_command.py:467} INFO - Running <TaskInstance: NY_TAXI.download_data scheduled__2021-01-03T00:00:00+00:00 [running]> on host 8c9160901df5
[2024-09-22T15:14:34.933+0000] {taskinstance.py:3131} INFO - Exporting env vars: AIRFLOW_CTX_DAG_OWNER='***' AIRFLOW_CTX_DAG_ID='NY_TAXI' AIRFLOW_CTX_TASK_ID='download_data' AIRFLOW_CTX_EXECUTION_DATE='2021-01-03T00:00:00+00:00' AIRFLOW_CTX_TRY_NUMBER='1' AIRFLOW_CTX_DAG_RUN_ID='scheduled__2021-01-03T00:00:00+00:00'
[2024-09-22T15:14:34.934+0000] {taskinstance.py:731} INFO - ::endgroup::
[2024-09-22T15:14:34.957+0000] {subprocess.py:63} INFO - Tmp dir root location: /tmp
[2024-09-22T15:14:34.958+0000] {subprocess.py:75} INFO - Running command: ['/usr/bin/bash', '-c', 'echo 2021-01-03']
[2024-09-22T15:14:34.979+0000] {subprocess.py:86} INFO - Output:
[2024-09-22T15:14:34.981+0000] {subprocess.py:93} INFO - 2021-01-03
[2024-09-22T15:14:34.982+0000] {subprocess.py:97} INFO - Command exited with return code 0
[2024-09-22T15:14:35.288+0000] {taskinstance.py:340} INFO - ::group::Post task execution logs
[2024-09-22T15:14:35.289+0000] {taskinstance.py:352} INFO - Marking task as SUCCESS. dag_id=NY_TAXI, task_id=download_data, run_id=scheduled__2021-01-03T00:00:00+00:00, execution_date=20210103T000000, start_date=20240922T151409, end_date=20240922T151435
[2024-09-22T15:14:36.072+0000] {local_task_job_runner.py:266} INFO - Task exited with return code 0
[2024-09-22T15:14:36.121+0000] {taskinstance.py:3900} INFO - 0 downstream tasks scheduled from follow-on schedule check
[2024-09-22T15:14:36.414+0000] {local_task_job_runner.py:245} INFO - ::endgroup::
[2024-09-22T15:33:08.235+0000] {local_task_job_runner.py:123} INFO - ::group::Pre task execution logs
[2024-09-22T15:33:08.338+0000] {taskinstance.py:2612} INFO - Dependencies all met for dep_context=non-requeueable deps ti=<TaskInstance: NY_TAXI.download_data scheduled__2021-01-03T00:00:00+00:00 [queued]>
[2024-09-22T15:33:08.352+0000] {taskinstance.py:2612} INFO - Dependencies all met for dep_context=requeueable deps ti=<TaskInstance: NY_TAXI.download_data scheduled__2021-01-03T00:00:00+00:00 [queued]>
[2024-09-22T15:33:08.353+0000] {taskinstance.py:2865} INFO - Starting attempt 1 of 1
[2024-09-22T15:33:08.470+0000] {taskinstance.py:2888} INFO - Executing <Task(BashOperator): download_data> on 2021-01-03 00:00:00+00:00
[2024-09-22T15:33:08.484+0000] {standard_task_runner.py:104} INFO - Running: ['***', 'tasks', 'run', 'NY_TAXI', 'download_data', 'scheduled__2021-01-03T00:00:00+00:00', '--job-id', '413', '--raw', '--subdir', 'DAGS_FOLDER/download.py', '--cfg-path', '/tmp/tmpgc0nthga']
[2024-09-22T15:33:08.488+0000] {standard_task_runner.py:105} INFO - Job 413: Subtask download_data
[2024-09-22T15:33:08.491+0000] {logging_mixin.py:190} WARNING - /home/***/.local/lib/python3.12/site-packages/***/task/task_runner/standard_task_runner.py:70 DeprecationWarning: This process (pid=284) is multi-threaded, use of fork() may lead to deadlocks in the child.
[2024-09-22T15:33:08.492+0000] {standard_task_runner.py:72} INFO - Started process 289 to run task
[2024-09-22T15:33:08.690+0000] {task_command.py:467} INFO - Running <TaskInstance: NY_TAXI.download_data scheduled__2021-01-03T00:00:00+00:00 [running]> on host 8c9160901df5
[2024-09-22T15:33:10.318+0000] {taskinstance.py:3131} INFO - Exporting env vars: AIRFLOW_CTX_DAG_OWNER='***' AIRFLOW_CTX_DAG_ID='NY_TAXI' AIRFLOW_CTX_TASK_ID='download_data' AIRFLOW_CTX_EXECUTION_DATE='2021-01-03T00:00:00+00:00' AIRFLOW_CTX_TRY_NUMBER='1' AIRFLOW_CTX_DAG_RUN_ID='scheduled__2021-01-03T00:00:00+00:00'
[2024-09-22T15:33:10.319+0000] {taskinstance.py:731} INFO - ::endgroup::
[2024-09-22T15:33:14.178+0000] {subprocess.py:63} INFO - Tmp dir root location: /tmp
[2024-09-22T15:33:14.251+0000] {subprocess.py:75} INFO - Running command: ['/usr/bin/bash', '-c', 'echo 2021-01-03']
[2024-09-22T15:33:14.418+0000] {subprocess.py:86} INFO - Output:
[2024-09-22T15:33:15.436+0000] {subprocess.py:93} INFO - 2021-01-03
[2024-09-22T15:33:15.438+0000] {subprocess.py:97} INFO - Command exited with return code 0
[2024-09-22T15:33:15.665+0000] {taskinstance.py:340} INFO - ::group::Post task execution logs
[2024-09-22T15:33:15.669+0000] {taskinstance.py:352} INFO - Marking task as SUCCESS. dag_id=NY_TAXI, task_id=download_data, run_id=scheduled__2021-01-03T00:00:00+00:00, execution_date=20210103T000000, start_date=20240922T153308, end_date=20240922T153315
[2024-09-22T15:33:15.838+0000] {local_task_job_runner.py:266} INFO - Task exited with return code 0
[2024-09-22T15:33:15.859+0000] {local_task_job_runner.py:245} INFO - ::endgroup::
[2024-09-22T15:41:33.496+0000] {local_task_job_runner.py:123} INFO - ::group::Pre task execution logs
[2024-09-22T15:41:33.735+0000] {taskinstance.py:2612} INFO - Dependencies all met for dep_context=non-requeueable deps ti=<TaskInstance: NY_TAXI.download_data scheduled__2021-01-03T00:00:00+00:00 [queued]>
[2024-09-22T15:41:33.749+0000] {taskinstance.py:2612} INFO - Dependencies all met for dep_context=requeueable deps ti=<TaskInstance: NY_TAXI.download_data scheduled__2021-01-03T00:00:00+00:00 [queued]>
[2024-09-22T15:41:33.749+0000] {taskinstance.py:2865} INFO - Starting attempt 1 of 1
[2024-09-22T15:41:33.849+0000] {taskinstance.py:2888} INFO - Executing <Task(BashOperator): download_data> on 2021-01-03 00:00:00+00:00
[2024-09-22T15:41:33.863+0000] {standard_task_runner.py:104} INFO - Running: ['***', 'tasks', 'run', 'NY_TAXI', 'download_data', 'scheduled__2021-01-03T00:00:00+00:00', '--job-id', '419', '--raw', '--subdir', 'DAGS_FOLDER/download.py', '--cfg-path', '/tmp/tmpsfj0m79p']
[2024-09-22T15:41:33.866+0000] {standard_task_runner.py:105} INFO - Job 419: Subtask download_data
[2024-09-22T15:41:33.869+0000] {logging_mixin.py:190} WARNING - /home/***/.local/lib/python3.12/site-packages/***/task/task_runner/standard_task_runner.py:70 DeprecationWarning: This process (pid=491) is multi-threaded, use of fork() may lead to deadlocks in the child.
[2024-09-22T15:41:33.870+0000] {standard_task_runner.py:72} INFO - Started process 495 to run task
[2024-09-22T15:41:34.147+0000] {task_command.py:467} INFO - Running <TaskInstance: NY_TAXI.download_data scheduled__2021-01-03T00:00:00+00:00 [running]> on host 8c9160901df5
[2024-09-22T15:41:35.524+0000] {taskinstance.py:3131} INFO - Exporting env vars: AIRFLOW_CTX_DAG_OWNER='***' AIRFLOW_CTX_DAG_ID='NY_TAXI' AIRFLOW_CTX_TASK_ID='download_data' AIRFLOW_CTX_EXECUTION_DATE='2021-01-03T00:00:00+00:00' AIRFLOW_CTX_TRY_NUMBER='1' AIRFLOW_CTX_DAG_RUN_ID='scheduled__2021-01-03T00:00:00+00:00'
[2024-09-22T15:41:35.525+0000] {taskinstance.py:731} INFO - ::endgroup::
[2024-09-22T15:41:35.626+0000] {subprocess.py:63} INFO - Tmp dir root location: /tmp
[2024-09-22T15:41:35.656+0000] {subprocess.py:75} INFO - Running command: ['/usr/bin/bash', '-c', 'echo 2021-01-03 2021-01-03 00:00:00+00:00']
[2024-09-22T15:41:35.721+0000] {subprocess.py:86} INFO - Output:
[2024-09-22T15:41:35.724+0000] {subprocess.py:93} INFO - 2021-01-03 2021-01-03 00:00:00+00:00
[2024-09-22T15:41:35.782+0000] {subprocess.py:97} INFO - Command exited with return code 0
[2024-09-22T15:41:35.896+0000] {taskinstance.py:340} INFO - ::group::Post task execution logs
[2024-09-22T15:41:35.897+0000] {taskinstance.py:352} INFO - Marking task as SUCCESS. dag_id=NY_TAXI, task_id=download_data, run_id=scheduled__2021-01-03T00:00:00+00:00, execution_date=20210103T000000, start_date=20240922T154133, end_date=20240922T154135
[2024-09-22T15:41:35.984+0000] {local_task_job_runner.py:266} INFO - Task exited with return code 0
[2024-09-22T15:41:36.013+0000] {taskinstance.py:3900} INFO - 0 downstream tasks scheduled from follow-on schedule check
[2024-09-22T15:41:36.711+0000] {local_task_job_runner.py:245} INFO - ::endgroup::
[2024-09-23T08:17:43.558+0000] {local_task_job_runner.py:123} INFO - ::group::Pre task execution logs
[2024-09-23T08:17:47.438+0000] {taskinstance.py:2612} INFO - Dependencies all met for dep_context=non-requeueable deps ti=<TaskInstance: NY_TAXI.download_data scheduled__2021-01-03T00:00:00+00:00 [queued]>
[2024-09-23T08:17:48.338+0000] {taskinstance.py:2612} INFO - Dependencies all met for dep_context=requeueable deps ti=<TaskInstance: NY_TAXI.download_data scheduled__2021-01-03T00:00:00+00:00 [queued]>
[2024-09-23T08:17:48.339+0000] {taskinstance.py:2865} INFO - Starting attempt 1 of 1
[2024-09-23T08:17:50.008+0000] {taskinstance.py:2888} INFO - Executing <Task(BashOperator): download_data> on 2021-01-03 00:00:00+00:00
[2024-09-23T08:17:50.134+0000] {standard_task_runner.py:104} INFO - Running: ['***', 'tasks', 'run', 'NY_TAXI', 'download_data', 'scheduled__2021-01-03T00:00:00+00:00', '--job-id', '424', '--raw', '--subdir', 'DAGS_FOLDER/download.py', '--cfg-path', '/tmp/tmpsxe6232a']
[2024-09-23T08:17:50.140+0000] {standard_task_runner.py:105} INFO - Job 424: Subtask download_data
[2024-09-23T08:17:50.473+0000] {logging_mixin.py:190} WARNING - /home/***/.local/lib/python3.12/site-packages/***/task/task_runner/standard_task_runner.py:70 DeprecationWarning: This process (pid=383) is multi-threaded, use of fork() may lead to deadlocks in the child.
[2024-09-23T08:17:50.474+0000] {standard_task_runner.py:72} INFO - Started process 416 to run task
[2024-09-23T08:17:52.640+0000] {task_command.py:467} INFO - Running <TaskInstance: NY_TAXI.download_data scheduled__2021-01-03T00:00:00+00:00 [running]> on host c6317fbbba71
[2024-09-23T08:17:58.755+0000] {job.py:229} INFO - Heartbeat recovered after 23.03 seconds
[2024-09-23T08:18:06.824+0000] {taskinstance.py:3131} INFO - Exporting env vars: AIRFLOW_CTX_DAG_OWNER='***' AIRFLOW_CTX_DAG_ID='NY_TAXI' AIRFLOW_CTX_TASK_ID='download_data' AIRFLOW_CTX_EXECUTION_DATE='2021-01-03T00:00:00+00:00' AIRFLOW_CTX_TRY_NUMBER='1' AIRFLOW_CTX_DAG_RUN_ID='scheduled__2021-01-03T00:00:00+00:00'
[2024-09-23T08:18:06.964+0000] {taskinstance.py:731} INFO - ::endgroup::
[2024-09-23T08:18:28.570+0000] {subprocess.py:63} INFO - Tmp dir root location: /tmp
[2024-09-23T08:18:29.167+0000] {subprocess.py:75} INFO - Running command: ['/usr/bin/bash', '-c', 'echo /opt/***']
[2024-09-23T08:18:30.046+0000] {subprocess.py:86} INFO - Output:
[2024-09-23T08:18:31.060+0000] {subprocess.py:93} INFO - /opt/***
[2024-09-23T08:18:31.193+0000] {subprocess.py:97} INFO - Command exited with return code 0
[2024-09-23T08:18:36.039+0000] {taskinstance.py:340} INFO - ::group::Post task execution logs
[2024-09-23T08:18:36.557+0000] {taskinstance.py:352} INFO - Marking task as SUCCESS. dag_id=NY_TAXI, task_id=download_data, run_id=scheduled__2021-01-03T00:00:00+00:00, execution_date=20210103T000000, start_date=20240923T081747, end_date=20240923T081836
[2024-09-23T08:18:41.248+0000] {local_task_job_runner.py:266} INFO - Task exited with return code 0
[2024-09-23T08:18:42.440+0000] {taskinstance.py:3900} INFO - 0 downstream tasks scheduled from follow-on schedule check
[2024-09-23T08:18:42.697+0000] {local_task_job_runner.py:245} INFO - ::endgroup::
[2024-09-23T08:18:43.466+0000] {standard_task_runner.py:217} INFO - Process not found (most likely exited), stop collecting metrics
