[2024-09-22T11:17:19.337+0000] {local_task_job_runner.py:120} INFO - ::group::Pre task execution logs
[2024-09-22T11:17:19.516+0000] {taskinstance.py:2076} INFO - Dependencies all met for dep_context=non-requeueable deps ti=<TaskInstance: example_branch_python_operator_decorator.branch_c scheduled__2024-09-03T00:00:00+00:00 [queued]>
[2024-09-22T11:17:19.551+0000] {taskinstance.py:2076} INFO - Dependencies all met for dep_context=requeueable deps ti=<TaskInstance: example_branch_python_operator_decorator.branch_c scheduled__2024-09-03T00:00:00+00:00 [queued]>
[2024-09-22T11:17:19.552+0000] {taskinstance.py:2306} INFO - Starting attempt 1 of 1
[2024-09-22T11:17:20.369+0000] {taskinstance.py:2330} INFO - Executing <Task(_PythonDecoratedOperator): branch_c> on 2024-09-03 00:00:00+00:00
[2024-09-22T11:17:20.447+0000] {warnings.py:112} WARNING - /home/***/.local/lib/python3.12/site-packages/***/task/task_runner/standard_task_runner.py:62: DeprecationWarning: This process (pid=205) is multi-threaded, use of fork() may lead to deadlocks in the child.
  pid = os.fork()

[2024-09-22T11:17:20.460+0000] {standard_task_runner.py:64} INFO - Started process 214 to run task
[2024-09-22T11:17:20.465+0000] {standard_task_runner.py:90} INFO - Running: ['***', 'tasks', 'run', 'example_branch_python_operator_decorator', 'branch_c', 'scheduled__2024-09-03T00:00:00+00:00', '--job-id', '2488', '--raw', '--subdir', '/home/***/.local/lib/python3.12/site-packages/***/example_dags/example_branch_operator_decorator.py', '--cfg-path', '/tmp/tmphvii5rgf']
[2024-09-22T11:17:20.491+0000] {standard_task_runner.py:91} INFO - Job 2488: Subtask branch_c
[2024-09-22T11:17:20.927+0000] {task_command.py:426} INFO - Running <TaskInstance: example_branch_python_operator_decorator.branch_c scheduled__2024-09-03T00:00:00+00:00 [running]> on host 1d2bd9c1668e
[2024-09-22T11:17:21.962+0000] {taskinstance.py:2648} INFO - Exporting env vars: AIRFLOW_CTX_DAG_OWNER='***' AIRFLOW_CTX_DAG_ID='example_branch_python_operator_decorator' AIRFLOW_CTX_TASK_ID='branch_c' AIRFLOW_CTX_EXECUTION_DATE='2024-09-03T00:00:00+00:00' AIRFLOW_CTX_TRY_NUMBER='1' AIRFLOW_CTX_DAG_RUN_ID='scheduled__2024-09-03T00:00:00+00:00'
[2024-09-22T11:17:21.984+0000] {taskinstance.py:430} INFO - ::endgroup::
[2024-09-22T11:17:21.998+0000] {logging_mixin.py:188} INFO - doing something in Python
[2024-09-22T11:17:21.999+0000] {python.py:237} INFO - Done. Returned value was: None
[2024-09-22T11:17:21.999+0000] {taskinstance.py:441} INFO - ::group::Post task execution logs
[2024-09-22T11:17:22.083+0000] {taskinstance.py:1206} INFO - Marking task as SUCCESS. dag_id=example_branch_python_operator_decorator, task_id=branch_c, run_id=scheduled__2024-09-03T00:00:00+00:00, execution_date=20240903T000000, start_date=20240922T111719, end_date=20240922T111722
[2024-09-22T11:17:22.467+0000] {local_task_job_runner.py:243} INFO - Task exited with return code 0
[2024-09-22T11:17:22.649+0000] {taskinstance.py:3503} INFO - 0 downstream tasks scheduled from follow-on schedule check
[2024-09-22T11:17:22.889+0000] {local_task_job_runner.py:222} INFO - ::endgroup::
