[2024-09-22T11:17:08.403+0000] {local_task_job_runner.py:120} INFO - ::group::Pre task execution logs
[2024-09-22T11:17:08.492+0000] {taskinstance.py:2076} INFO - Dependencies all met for dep_context=non-requeueable deps ti=<TaskInstance: example_branch_python_operator_decorator.branching scheduled__2024-09-19T00:00:00+00:00 [queued]>
[2024-09-22T11:17:08.548+0000] {taskinstance.py:2076} INFO - Dependencies all met for dep_context=requeueable deps ti=<TaskInstance: example_branch_python_operator_decorator.branching scheduled__2024-09-19T00:00:00+00:00 [queued]>
[2024-09-22T11:17:08.548+0000] {taskinstance.py:2306} INFO - Starting attempt 1 of 1
[2024-09-22T11:17:08.815+0000] {taskinstance.py:2330} INFO - Executing <Task(_BranchPythonDecoratedOperator): branching> on 2024-09-19 00:00:00+00:00
[2024-09-22T11:17:08.853+0000] {warnings.py:112} WARNING - /home/***/.local/lib/python3.12/site-packages/***/task/task_runner/standard_task_runner.py:62: DeprecationWarning: This process (pid=181) is multi-threaded, use of fork() may lead to deadlocks in the child.
  pid = os.fork()

[2024-09-22T11:17:08.861+0000] {standard_task_runner.py:64} INFO - Started process 204 to run task
[2024-09-22T11:17:08.859+0000] {standard_task_runner.py:90} INFO - Running: ['***', 'tasks', 'run', 'example_branch_python_operator_decorator', 'branching', 'scheduled__2024-09-19T00:00:00+00:00', '--job-id', '2487', '--raw', '--subdir', '/home/***/.local/lib/python3.12/site-packages/***/example_dags/example_branch_operator_decorator.py', '--cfg-path', '/tmp/tmp49m2o79t']
[2024-09-22T11:17:08.866+0000] {standard_task_runner.py:91} INFO - Job 2487: Subtask branching
[2024-09-22T11:17:09.352+0000] {task_command.py:426} INFO - Running <TaskInstance: example_branch_python_operator_decorator.branching scheduled__2024-09-19T00:00:00+00:00 [running]> on host 1d2bd9c1668e
[2024-09-22T11:17:09.993+0000] {taskinstance.py:2648} INFO - Exporting env vars: AIRFLOW_CTX_DAG_OWNER='***' AIRFLOW_CTX_DAG_ID='example_branch_python_operator_decorator' AIRFLOW_CTX_TASK_ID='branching' AIRFLOW_CTX_EXECUTION_DATE='2024-09-19T00:00:00+00:00' AIRFLOW_CTX_TRY_NUMBER='1' AIRFLOW_CTX_DAG_RUN_ID='scheduled__2024-09-19T00:00:00+00:00'
[2024-09-22T11:17:09.998+0000] {taskinstance.py:430} INFO - ::endgroup::
[2024-09-22T11:17:10.999+0000] {python.py:237} INFO - Done. Returned value was: branch_c
[2024-09-22T11:17:10.000+0000] {branch.py:36} INFO - Branch into branch_c
[2024-09-22T11:17:10.000+0000] {skipmixin.py:178} INFO - Following branch branch_c
[2024-09-22T11:17:10.121+0000] {skipmixin.py:246} INFO - Skipping tasks [('branch_a', -1), ('branch_b', -1), ('branch_d', -1)]
[2024-09-22T11:17:11.626+0000] {taskinstance.py:441} INFO - ::group::Post task execution logs
[2024-09-22T11:17:12.233+0000] {taskinstance.py:1206} INFO - Marking task as SUCCESS. dag_id=example_branch_python_operator_decorator, task_id=branching, run_id=scheduled__2024-09-19T00:00:00+00:00, execution_date=20240919T000000, start_date=20240922T111708, end_date=20240922T111712
[2024-09-22T11:17:12.559+0000] {local_task_job_runner.py:243} INFO - Task exited with return code 0
[2024-09-22T11:17:12.790+0000] {taskinstance.py:3503} INFO - 1 downstream tasks scheduled from follow-on schedule check
[2024-09-22T11:17:13.082+0000] {local_task_job_runner.py:222} INFO - ::endgroup::
