[2024-09-22T11:42:20.890+0000] {local_task_job_runner.py:120} INFO - ::group::Pre task execution logs
[2024-09-22T11:42:20.946+0000] {taskinstance.py:2076} INFO - Dependencies all met for dep_context=non-requeueable deps ti=<TaskInstance: dataset_consumes_1.consuming_1 dataset_triggered__2024-09-22T11:37:58.674570+00:00 [queued]>
[2024-09-22T11:42:20.961+0000] {taskinstance.py:2076} INFO - Dependencies all met for dep_context=requeueable deps ti=<TaskInstance: dataset_consumes_1.consuming_1 dataset_triggered__2024-09-22T11:37:58.674570+00:00 [queued]>
[2024-09-22T11:42:20.961+0000] {taskinstance.py:2306} INFO - Starting attempt 1 of 1
[2024-09-22T11:42:22.506+0000] {taskinstance.py:2330} INFO - Executing <Task(BashOperator): consuming_1> on 2024-09-22 11:37:58.674570+00:00
[2024-09-22T11:42:22.548+0000] {warnings.py:112} WARNING - /home/***/.local/lib/python3.12/site-packages/***/task/task_runner/standard_task_runner.py:62: DeprecationWarning: This process (pid=1633) is multi-threaded, use of fork() may lead to deadlocks in the child.
  pid = os.fork()

[2024-09-22T11:42:22.554+0000] {standard_task_runner.py:64} INFO - Started process 1641 to run task
[2024-09-22T11:42:22.557+0000] {standard_task_runner.py:90} INFO - Running: ['***', 'tasks', 'run', 'dataset_consumes_1', 'consuming_1', 'dataset_triggered__2024-09-22T11:37:58.674570+00:00', '--job-id', '2763', '--raw', '--subdir', '/home/***/.local/lib/python3.12/site-packages/***/example_dags/example_datasets.py', '--cfg-path', '/tmp/tmpahu0tz28']
[2024-09-22T11:42:22.562+0000] {standard_task_runner.py:91} INFO - Job 2763: Subtask consuming_1
[2024-09-22T11:42:23.951+0000] {task_command.py:426} INFO - Running <TaskInstance: dataset_consumes_1.consuming_1 dataset_triggered__2024-09-22T11:37:58.674570+00:00 [running]> on host 1d2bd9c1668e
[2024-09-22T11:42:25.649+0000] {taskinstance.py:2648} INFO - Exporting env vars: AIRFLOW_CTX_DAG_OWNER='***' AIRFLOW_CTX_DAG_ID='dataset_consumes_1' AIRFLOW_CTX_TASK_ID='consuming_1' AIRFLOW_CTX_EXECUTION_DATE='2024-09-22T11:37:58.674570+00:00' AIRFLOW_CTX_TRY_NUMBER='1' AIRFLOW_CTX_DAG_RUN_ID='dataset_triggered__2024-09-22T11:37:58.674570+00:00'
[2024-09-22T11:42:25.657+0000] {taskinstance.py:430} INFO - ::endgroup::
[2024-09-22T11:42:25.662+0000] {subprocess.py:63} INFO - Tmp dir root location: /tmp
[2024-09-22T11:42:25.665+0000] {subprocess.py:75} INFO - Running command: ['/usr/bin/bash', '-c', 'sleep 5']
[2024-09-22T11:42:26.001+0000] {subprocess.py:86} INFO - Output:
[2024-09-22T11:42:31.107+0000] {subprocess.py:97} INFO - Command exited with return code 0
[2024-09-22T11:42:31.108+0000] {taskinstance.py:441} INFO - ::group::Post task execution logs
[2024-09-22T11:42:32.557+0000] {taskinstance.py:1206} INFO - Marking task as SUCCESS. dag_id=dataset_consumes_1, task_id=consuming_1, run_id=dataset_triggered__2024-09-22T11:37:58.674570+00:00, execution_date=20240922T113758, start_date=20240922T114220, end_date=20240922T114232
[2024-09-22T11:42:33.289+0000] {local_task_job_runner.py:243} INFO - Task exited with return code 0
[2024-09-22T11:42:33.416+0000] {local_task_job_runner.py:222} INFO - ::endgroup::
