[2024-09-22T11:43:44.568+0000] {local_task_job_runner.py:120} INFO - ::group::Pre task execution logs
[2024-09-22T11:43:44.648+0000] {taskinstance.py:2076} INFO - Dependencies all met for dep_context=non-requeueable deps ti=<TaskInstance: example_dynamic_task_mapping.sum_it scheduled__2023-08-01T00:00:00+00:00 [queued]>
[2024-09-22T11:43:44.753+0000] {taskinstance.py:2076} INFO - Dependencies all met for dep_context=requeueable deps ti=<TaskInstance: example_dynamic_task_mapping.sum_it scheduled__2023-08-01T00:00:00+00:00 [queued]>
[2024-09-22T11:43:44.754+0000] {taskinstance.py:2306} INFO - Starting attempt 1 of 1
[2024-09-22T11:43:45.047+0000] {taskinstance.py:2330} INFO - Executing <Task(_PythonDecoratedOperator): sum_it> on 2023-08-01 00:00:00+00:00
[2024-09-22T11:43:45.078+0000] {warnings.py:112} WARNING - /home/***/.local/lib/python3.12/site-packages/***/task/task_runner/standard_task_runner.py:62: DeprecationWarning: This process (pid=1812) is multi-threaded, use of fork() may lead to deadlocks in the child.
  pid = os.fork()

[2024-09-22T11:43:45.081+0000] {standard_task_runner.py:64} INFO - Started process 1827 to run task
[2024-09-22T11:43:45.086+0000] {standard_task_runner.py:90} INFO - Running: ['***', 'tasks', 'run', 'example_dynamic_task_mapping', 'sum_it', 'scheduled__2023-08-01T00:00:00+00:00', '--job-id', '2813', '--raw', '--subdir', '/home/***/.local/lib/python3.12/site-packages/***/example_dags/example_dynamic_task_mapping.py', '--cfg-path', '/tmp/tmpko04b0w3']
[2024-09-22T11:43:45.092+0000] {standard_task_runner.py:91} INFO - Job 2813: Subtask sum_it
[2024-09-22T11:43:45.655+0000] {task_command.py:426} INFO - Running <TaskInstance: example_dynamic_task_mapping.sum_it scheduled__2023-08-01T00:00:00+00:00 [running]> on host 1d2bd9c1668e
[2024-09-22T11:43:47.453+0000] {taskinstance.py:2648} INFO - Exporting env vars: AIRFLOW_CTX_DAG_OWNER='***' AIRFLOW_CTX_DAG_ID='example_dynamic_task_mapping' AIRFLOW_CTX_TASK_ID='sum_it' AIRFLOW_CTX_EXECUTION_DATE='2023-08-01T00:00:00+00:00' AIRFLOW_CTX_TRY_NUMBER='1' AIRFLOW_CTX_DAG_RUN_ID='scheduled__2023-08-01T00:00:00+00:00'
[2024-09-22T11:43:47.463+0000] {taskinstance.py:430} INFO - ::endgroup::
[2024-09-22T11:43:47.479+0000] {logging_mixin.py:188} INFO - Total was 9
[2024-09-22T11:43:47.479+0000] {python.py:237} INFO - Done. Returned value was: None
[2024-09-22T11:43:47.480+0000] {taskinstance.py:441} INFO - ::group::Post task execution logs
[2024-09-22T11:43:47.518+0000] {taskinstance.py:1206} INFO - Marking task as SUCCESS. dag_id=example_dynamic_task_mapping, task_id=sum_it, run_id=scheduled__2023-08-01T00:00:00+00:00, execution_date=20230801T000000, start_date=20240922T114344, end_date=20240922T114347
[2024-09-22T11:43:48.179+0000] {local_task_job_runner.py:243} INFO - Task exited with return code 0
[2024-09-22T11:43:48.420+0000] {taskinstance.py:3503} INFO - 0 downstream tasks scheduled from follow-on schedule check
[2024-09-22T11:43:48.675+0000] {local_task_job_runner.py:222} INFO - ::endgroup::
