[2024-09-22T11:43:48.103+0000] {local_task_job_runner.py:120} INFO - ::group::Pre task execution logs
[2024-09-22T11:43:48.246+0000] {taskinstance.py:2076} INFO - Dependencies all met for dep_context=non-requeueable deps ti=<TaskInstance: example_dynamic_task_mapping.sum_it scheduled__2023-08-03T00:00:00+00:00 [queued]>
[2024-09-22T11:43:48.354+0000] {taskinstance.py:2076} INFO - Dependencies all met for dep_context=requeueable deps ti=<TaskInstance: example_dynamic_task_mapping.sum_it scheduled__2023-08-03T00:00:00+00:00 [queued]>
[2024-09-22T11:43:48.354+0000] {taskinstance.py:2306} INFO - Starting attempt 1 of 1
[2024-09-22T11:43:48.676+0000] {taskinstance.py:2330} INFO - Executing <Task(_PythonDecoratedOperator): sum_it> on 2023-08-03 00:00:00+00:00
[2024-09-22T11:43:48.715+0000] {warnings.py:112} WARNING - /home/***/.local/lib/python3.12/site-packages/***/task/task_runner/standard_task_runner.py:62: DeprecationWarning: This process (pid=1816) is multi-threaded, use of fork() may lead to deadlocks in the child.
  pid = os.fork()

[2024-09-22T11:43:48.717+0000] {standard_task_runner.py:64} INFO - Started process 1835 to run task
[2024-09-22T11:43:48.725+0000] {standard_task_runner.py:90} INFO - Running: ['***', 'tasks', 'run', 'example_dynamic_task_mapping', 'sum_it', 'scheduled__2023-08-03T00:00:00+00:00', '--job-id', '2817', '--raw', '--subdir', '/home/***/.local/lib/python3.12/site-packages/***/example_dags/example_dynamic_task_mapping.py', '--cfg-path', '/tmp/tmpb69hxny6']
[2024-09-22T11:43:48.735+0000] {standard_task_runner.py:91} INFO - Job 2817: Subtask sum_it
[2024-09-22T11:43:49.423+0000] {task_command.py:426} INFO - Running <TaskInstance: example_dynamic_task_mapping.sum_it scheduled__2023-08-03T00:00:00+00:00 [running]> on host 1d2bd9c1668e
[2024-09-22T11:43:50.844+0000] {taskinstance.py:2648} INFO - Exporting env vars: AIRFLOW_CTX_DAG_OWNER='***' AIRFLOW_CTX_DAG_ID='example_dynamic_task_mapping' AIRFLOW_CTX_TASK_ID='sum_it' AIRFLOW_CTX_EXECUTION_DATE='2023-08-03T00:00:00+00:00' AIRFLOW_CTX_TRY_NUMBER='1' AIRFLOW_CTX_DAG_RUN_ID='scheduled__2023-08-03T00:00:00+00:00'
[2024-09-22T11:43:50.875+0000] {taskinstance.py:430} INFO - ::endgroup::
[2024-09-22T11:43:50.958+0000] {logging_mixin.py:188} INFO - Total was 9
[2024-09-22T11:43:50.959+0000] {python.py:237} INFO - Done. Returned value was: None
[2024-09-22T11:43:50.959+0000] {taskinstance.py:441} INFO - ::group::Post task execution logs
[2024-09-22T11:43:51.094+0000] {taskinstance.py:1206} INFO - Marking task as SUCCESS. dag_id=example_dynamic_task_mapping, task_id=sum_it, run_id=scheduled__2023-08-03T00:00:00+00:00, execution_date=20230803T000000, start_date=20240922T114348, end_date=20240922T114351
[2024-09-22T11:43:51.381+0000] {local_task_job_runner.py:243} INFO - Task exited with return code 0
[2024-09-22T11:43:51.672+0000] {taskinstance.py:3503} INFO - 0 downstream tasks scheduled from follow-on schedule check
[2024-09-22T11:43:51.941+0000] {local_task_job_runner.py:222} INFO - ::endgroup::
