[2024-09-22T11:17:39.847+0000] {local_task_job_runner.py:120} INFO - ::group::Pre task execution logs
[2024-09-22T11:17:40.173+0000] {taskinstance.py:2076} INFO - Dependencies all met for dep_context=non-requeueable deps ti=<TaskInstance: example_branch_python_operator_decorator.branch_c scheduled__2024-09-19T00:00:00+00:00 [queued]>
[2024-09-22T11:17:40.215+0000] {taskinstance.py:2076} INFO - Dependencies all met for dep_context=requeueable deps ti=<TaskInstance: example_branch_python_operator_decorator.branch_c scheduled__2024-09-19T00:00:00+00:00 [queued]>
[2024-09-22T11:17:40.215+0000] {taskinstance.py:2306} INFO - Starting attempt 1 of 1
[2024-09-22T11:17:40.589+0000] {taskinstance.py:2330} INFO - Executing <Task(_PythonDecoratedOperator): branch_c> on 2024-09-19 00:00:00+00:00
[2024-09-22T11:17:40.655+0000] {warnings.py:112} WARNING - /home/***/.local/lib/python3.12/site-packages/***/task/task_runner/standard_task_runner.py:62: DeprecationWarning: This process (pid=237) is multi-threaded, use of fork() may lead to deadlocks in the child.
  pid = os.fork()

[2024-09-22T11:17:40.672+0000] {standard_task_runner.py:64} INFO - Started process 258 to run task
[2024-09-22T11:17:40.659+0000] {standard_task_runner.py:90} INFO - Running: ['***', 'tasks', 'run', 'example_branch_python_operator_decorator', 'branch_c', 'scheduled__2024-09-19T00:00:00+00:00', '--job-id', '2499', '--raw', '--subdir', '/home/***/.local/lib/python3.12/site-packages/***/example_dags/example_branch_operator_decorator.py', '--cfg-path', '/tmp/tmp6pj0r04p']
[2024-09-22T11:17:40.681+0000] {standard_task_runner.py:91} INFO - Job 2499: Subtask branch_c
[2024-09-22T11:17:41.128+0000] {task_command.py:426} INFO - Running <TaskInstance: example_branch_python_operator_decorator.branch_c scheduled__2024-09-19T00:00:00+00:00 [running]> on host 1d2bd9c1668e
[2024-09-22T11:17:41.915+0000] {taskinstance.py:2648} INFO - Exporting env vars: AIRFLOW_CTX_DAG_OWNER='***' AIRFLOW_CTX_DAG_ID='example_branch_python_operator_decorator' AIRFLOW_CTX_TASK_ID='branch_c' AIRFLOW_CTX_EXECUTION_DATE='2024-09-19T00:00:00+00:00' AIRFLOW_CTX_TRY_NUMBER='1' AIRFLOW_CTX_DAG_RUN_ID='scheduled__2024-09-19T00:00:00+00:00'
[2024-09-22T11:17:41.926+0000] {taskinstance.py:430} INFO - ::endgroup::
[2024-09-22T11:17:41.933+0000] {logging_mixin.py:188} INFO - doing something in Python
[2024-09-22T11:17:41.936+0000] {python.py:237} INFO - Done. Returned value was: None
[2024-09-22T11:17:41.937+0000] {taskinstance.py:441} INFO - ::group::Post task execution logs
[2024-09-22T11:17:41.994+0000] {taskinstance.py:1206} INFO - Marking task as SUCCESS. dag_id=example_branch_python_operator_decorator, task_id=branch_c, run_id=scheduled__2024-09-19T00:00:00+00:00, execution_date=20240919T000000, start_date=20240922T111740, end_date=20240922T111741
[2024-09-22T11:17:42.380+0000] {local_task_job_runner.py:243} INFO - Task exited with return code 0
[2024-09-22T11:17:42.466+0000] {taskinstance.py:3503} INFO - 0 downstream tasks scheduled from follow-on schedule check
[2024-09-22T11:17:42.670+0000] {local_task_job_runner.py:222} INFO - ::endgroup::
