[2024-09-22T11:17:53.596+0000] {local_task_job_runner.py:120} INFO - ::group::Pre task execution logs
[2024-09-22T11:17:53.654+0000] {taskinstance.py:2076} INFO - Dependencies all met for dep_context=non-requeueable deps ti=<TaskInstance: latest_only_with_trigger.latest_only scheduled__2024-09-22T04:00:00+00:00 [queued]>
[2024-09-22T11:17:53.690+0000] {taskinstance.py:2076} INFO - Dependencies all met for dep_context=requeueable deps ti=<TaskInstance: latest_only_with_trigger.latest_only scheduled__2024-09-22T04:00:00+00:00 [queued]>
[2024-09-22T11:17:53.690+0000] {taskinstance.py:2306} INFO - Starting attempt 1 of 1
[2024-09-22T11:17:53.976+0000] {taskinstance.py:2330} INFO - Executing <Task(LatestOnlyOperator): latest_only> on 2024-09-22 04:00:00+00:00
[2024-09-22T11:17:54.006+0000] {warnings.py:112} WARNING - /home/***/.local/lib/python3.12/site-packages/***/task/task_runner/standard_task_runner.py:62: DeprecationWarning: This process (pid=275) is multi-threaded, use of fork() may lead to deadlocks in the child.
  pid = os.fork()

[2024-09-22T11:17:54.014+0000] {standard_task_runner.py:64} INFO - Started process 287 to run task
[2024-09-22T11:17:54.019+0000] {standard_task_runner.py:90} INFO - Running: ['***', 'tasks', 'run', 'latest_only_with_trigger', 'latest_only', 'scheduled__2024-09-22T04:00:00+00:00', '--job-id', '2509', '--raw', '--subdir', '/home/***/.local/lib/python3.12/site-packages/***/example_dags/example_latest_only_with_trigger.py', '--cfg-path', '/tmp/tmpfl_f2ei6']
[2024-09-22T11:17:54.028+0000] {standard_task_runner.py:91} INFO - Job 2509: Subtask latest_only
[2024-09-22T11:17:54.725+0000] {task_command.py:426} INFO - Running <TaskInstance: latest_only_with_trigger.latest_only scheduled__2024-09-22T04:00:00+00:00 [running]> on host 1d2bd9c1668e
[2024-09-22T11:17:55.664+0000] {taskinstance.py:2648} INFO - Exporting env vars: AIRFLOW_CTX_DAG_OWNER='***' AIRFLOW_CTX_DAG_ID='latest_only_with_trigger' AIRFLOW_CTX_TASK_ID='latest_only' AIRFLOW_CTX_EXECUTION_DATE='2024-09-22T04:00:00+00:00' AIRFLOW_CTX_TRY_NUMBER='1' AIRFLOW_CTX_DAG_RUN_ID='scheduled__2024-09-22T04:00:00+00:00'
[2024-09-22T11:17:55.670+0000] {taskinstance.py:430} INFO - ::endgroup::
[2024-09-22T11:17:55.670+0000] {latest_only.py:63} INFO - Checking latest only with left_window: 2024-09-22 08:00:00+00:00 right_window: 2024-09-22 12:00:00+00:00 now: 2024-09-22 11:17:55.670956+00:00
[2024-09-22T11:17:55.671+0000] {latest_only.py:76} INFO - Latest, allowing execution to proceed.
[2024-09-22T11:17:55.671+0000] {branch.py:36} INFO - Branch into ['task1']
[2024-09-22T11:17:55.671+0000] {skipmixin.py:178} INFO - Following branch ['task1']
[2024-09-22T11:17:55.694+0000] {skipmixin.py:246} INFO - Skipping tasks []
[2024-09-22T11:17:55.901+0000] {taskinstance.py:441} INFO - ::group::Post task execution logs
[2024-09-22T11:17:56.234+0000] {taskinstance.py:1206} INFO - Marking task as SUCCESS. dag_id=latest_only_with_trigger, task_id=latest_only, run_id=scheduled__2024-09-22T04:00:00+00:00, execution_date=20240922T040000, start_date=20240922T111753, end_date=20240922T111756
[2024-09-22T11:17:57.025+0000] {local_task_job_runner.py:243} INFO - Task exited with return code 0
[2024-09-22T11:17:57.068+0000] {local_task_job_runner.py:222} INFO - ::endgroup::
