[2024-09-20T15:13:35.738+0000] {processor.py:161} INFO - Started process (PID=43) to work on /home/airflow/.local/lib/python3.12/site-packages/airflow/example_dags/example_datasets.py
[2024-09-20T15:13:35.741+0000] {processor.py:830} INFO - Processing file /home/airflow/.local/lib/python3.12/site-packages/airflow/example_dags/example_datasets.py for tasks to queue
[2024-09-20T15:13:35.747+0000] {logging_mixin.py:188} INFO - [2024-09-20T15:13:35.747+0000] {dagbag.py:545} INFO - Filling up the DagBag from /home/airflow/.local/lib/python3.12/site-packages/airflow/example_dags/example_datasets.py
[2024-09-20T15:13:36.270+0000] {processor.py:840} INFO - DAG(s) 'dataset_consumes_1', 'consume_1_or_2_with_dataset_expressions', 'conditional_dataset_and_time_based_timetable', 'dataset_produces_1', 'dataset_produces_2', 'dataset_consumes_1_never_scheduled', 'consume_1_and_2_with_dataset_expressions', 'dataset_consumes_1_and_2', 'dataset_consumes_unknown_never_scheduled', 'consume_1_or_both_2_and_3_with_dataset_expressions' retrieved from /home/airflow/.local/lib/python3.12/site-packages/airflow/example_dags/example_datasets.py
[2024-09-20T15:13:37.344+0000] {logging_mixin.py:188} INFO - [2024-09-20T15:13:37.344+0000] {dag.py:3089} INFO - Sync 10 DAGs
[2024-09-20T15:13:37.894+0000] {logging_mixin.py:188} INFO - [2024-09-20T15:13:37.893+0000] {dag.py:3947} INFO - Setting next_dagrun for conditional_dataset_and_time_based_timetable to 2024-09-18 01:00:00+00:00, run_after=2024-09-18 01:00:00+00:00
[2024-09-20T15:13:37.905+0000] {logging_mixin.py:188} INFO - [2024-09-20T15:13:37.905+0000] {dag.py:3947} INFO - Setting next_dagrun for consume_1_and_2_with_dataset_expressions to None, run_after=None
[2024-09-20T15:13:37.909+0000] {logging_mixin.py:188} INFO - [2024-09-20T15:13:37.908+0000] {dag.py:3947} INFO - Setting next_dagrun for consume_1_or_2_with_dataset_expressions to None, run_after=None
[2024-09-20T15:13:37.913+0000] {logging_mixin.py:188} INFO - [2024-09-20T15:13:37.912+0000] {dag.py:3947} INFO - Setting next_dagrun for consume_1_or_both_2_and_3_with_dataset_expressions to None, run_after=None
[2024-09-20T15:13:37.917+0000] {logging_mixin.py:188} INFO - [2024-09-20T15:13:37.916+0000] {dag.py:3947} INFO - Setting next_dagrun for dataset_consumes_1 to None, run_after=None
[2024-09-20T15:13:37.921+0000] {logging_mixin.py:188} INFO - [2024-09-20T15:13:37.920+0000] {dag.py:3947} INFO - Setting next_dagrun for dataset_consumes_1_and_2 to None, run_after=None
[2024-09-20T15:13:37.924+0000] {logging_mixin.py:188} INFO - [2024-09-20T15:13:37.924+0000] {dag.py:3947} INFO - Setting next_dagrun for dataset_consumes_1_never_scheduled to None, run_after=None
[2024-09-20T15:13:37.928+0000] {logging_mixin.py:188} INFO - [2024-09-20T15:13:37.928+0000] {dag.py:3947} INFO - Setting next_dagrun for dataset_consumes_unknown_never_scheduled to None, run_after=None
[2024-09-20T15:13:37.937+0000] {logging_mixin.py:188} INFO - [2024-09-20T15:13:37.937+0000] {dag.py:3947} INFO - Setting next_dagrun for dataset_produces_1 to 2024-09-19 00:00:00+00:00, run_after=2024-09-20 00:00:00+00:00
[2024-09-20T15:13:37.941+0000] {logging_mixin.py:188} INFO - [2024-09-20T15:13:37.940+0000] {dag.py:3947} INFO - Setting next_dagrun for dataset_produces_2 to None, run_after=None
[2024-09-20T15:13:38.318+0000] {processor.py:183} INFO - Processing /home/airflow/.local/lib/python3.12/site-packages/airflow/example_dags/example_datasets.py took 2.600 seconds
[2024-09-20T15:14:09.160+0000] {processor.py:161} INFO - Started process (PID=113) to work on /home/airflow/.local/lib/python3.12/site-packages/airflow/example_dags/example_datasets.py
[2024-09-20T15:14:09.270+0000] {processor.py:830} INFO - Processing file /home/airflow/.local/lib/python3.12/site-packages/airflow/example_dags/example_datasets.py for tasks to queue
[2024-09-20T15:14:09.273+0000] {logging_mixin.py:188} INFO - [2024-09-20T15:14:09.272+0000] {dagbag.py:545} INFO - Filling up the DagBag from /home/airflow/.local/lib/python3.12/site-packages/airflow/example_dags/example_datasets.py
[2024-09-20T15:14:09.669+0000] {processor.py:840} INFO - DAG(s) 'consume_1_and_2_with_dataset_expressions', 'dataset_produces_1', 'conditional_dataset_and_time_based_timetable', 'dataset_produces_2', 'consume_1_or_2_with_dataset_expressions', 'dataset_consumes_1', 'consume_1_or_both_2_and_3_with_dataset_expressions', 'dataset_consumes_1_and_2', 'dataset_consumes_unknown_never_scheduled', 'dataset_consumes_1_never_scheduled' retrieved from /home/airflow/.local/lib/python3.12/site-packages/airflow/example_dags/example_datasets.py
[2024-09-20T15:14:09.763+0000] {logging_mixin.py:188} INFO - [2024-09-20T15:14:09.763+0000] {dag.py:3089} INFO - Sync 10 DAGs
[2024-09-20T15:14:09.810+0000] {logging_mixin.py:188} INFO - [2024-09-20T15:14:09.809+0000] {dag.py:3947} INFO - Setting next_dagrun for conditional_dataset_and_time_based_timetable to 2024-09-25 01:00:00+00:00, run_after=2024-09-25 01:00:00+00:00
[2024-09-20T15:14:09.816+0000] {logging_mixin.py:188} INFO - [2024-09-20T15:14:09.815+0000] {dag.py:3947} INFO - Setting next_dagrun for consume_1_and_2_with_dataset_expressions to None, run_after=None
[2024-09-20T15:14:09.818+0000] {logging_mixin.py:188} INFO - [2024-09-20T15:14:09.817+0000] {dag.py:3947} INFO - Setting next_dagrun for consume_1_or_2_with_dataset_expressions to None, run_after=None
[2024-09-20T15:14:09.819+0000] {logging_mixin.py:188} INFO - [2024-09-20T15:14:09.819+0000] {dag.py:3947} INFO - Setting next_dagrun for consume_1_or_both_2_and_3_with_dataset_expressions to None, run_after=None
[2024-09-20T15:14:09.821+0000] {logging_mixin.py:188} INFO - [2024-09-20T15:14:09.821+0000] {dag.py:3947} INFO - Setting next_dagrun for dataset_consumes_1 to None, run_after=None
[2024-09-20T15:14:09.824+0000] {logging_mixin.py:188} INFO - [2024-09-20T15:14:09.823+0000] {dag.py:3947} INFO - Setting next_dagrun for dataset_consumes_1_and_2 to None, run_after=None
[2024-09-20T15:14:09.826+0000] {logging_mixin.py:188} INFO - [2024-09-20T15:14:09.826+0000] {dag.py:3947} INFO - Setting next_dagrun for dataset_consumes_1_never_scheduled to None, run_after=None
[2024-09-20T15:14:09.828+0000] {logging_mixin.py:188} INFO - [2024-09-20T15:14:09.828+0000] {dag.py:3947} INFO - Setting next_dagrun for dataset_consumes_unknown_never_scheduled to None, run_after=None
[2024-09-20T15:14:09.833+0000] {logging_mixin.py:188} INFO - [2024-09-20T15:14:09.832+0000] {dag.py:3947} INFO - Setting next_dagrun for dataset_produces_1 to 2024-09-20 00:00:00+00:00, run_after=2024-09-21 00:00:00+00:00
[2024-09-20T15:14:09.835+0000] {logging_mixin.py:188} INFO - [2024-09-20T15:14:09.835+0000] {dag.py:3947} INFO - Setting next_dagrun for dataset_produces_2 to None, run_after=None
[2024-09-20T15:14:10.043+0000] {processor.py:183} INFO - Processing /home/airflow/.local/lib/python3.12/site-packages/airflow/example_dags/example_datasets.py took 0.889 seconds
