[2024-09-22T15:08:21.923+0000] {processor.py:186} INFO - Started process (PID=196) to work on /opt/airflow/dags/download.py
[2024-09-22T15:08:21.925+0000] {processor.py:914} INFO - Processing file /opt/airflow/dags/download.py for tasks to queue
[2024-09-22T15:08:21.928+0000] {logging_mixin.py:190} INFO - [2024-09-22T15:08:21.927+0000] {dagbag.py:587} INFO - Filling up the DagBag from /opt/airflow/dags/download.py
[2024-09-22T15:08:22.023+0000] {logging_mixin.py:190} INFO - [2024-09-22T15:08:21.931+0000] {dagbag.py:386} ERROR - Failed to import: /opt/airflow/dags/download.py
Traceback (most recent call last):
  File "/home/airflow/.local/lib/python3.12/site-packages/airflow/models/dagbag.py", line 382, in parse
    loader.exec_module(new_module)
  File "<frozen importlib._bootstrap_external>", line 991, in exec_module
  File "<frozen importlib._bootstrap_external>", line 1129, in get_code
  File "<frozen importlib._bootstrap_external>", line 1059, in source_to_code
  File "<frozen importlib._bootstrap>", line 488, in _call_with_frames_removed
  File "/opt/airflow/dags/download.py", line 8
    start_date = datetime(2021,1,1)
                 ^^^^
SyntaxError: invalid syntax. Perhaps you forgot a comma?
[2024-09-22T15:08:22.024+0000] {processor.py:927} WARNING - No viable dags retrieved from /opt/airflow/dags/download.py
[2024-09-22T15:08:22.160+0000] {processor.py:208} INFO - Processing /opt/airflow/dags/download.py took 0.251 seconds
[2024-09-22T15:08:52.252+0000] {processor.py:186} INFO - Started process (PID=207) to work on /opt/airflow/dags/download.py
[2024-09-22T15:08:52.277+0000] {processor.py:914} INFO - Processing file /opt/airflow/dags/download.py for tasks to queue
[2024-09-22T15:08:52.281+0000] {logging_mixin.py:190} INFO - [2024-09-22T15:08:52.281+0000] {dagbag.py:587} INFO - Filling up the DagBag from /opt/airflow/dags/download.py
[2024-09-22T15:08:52.287+0000] {logging_mixin.py:190} INFO - [2024-09-22T15:08:52.285+0000] {dagbag.py:386} ERROR - Failed to import: /opt/airflow/dags/download.py
Traceback (most recent call last):
  File "/home/airflow/.local/lib/python3.12/site-packages/airflow/models/dagbag.py", line 382, in parse
    loader.exec_module(new_module)
  File "<frozen importlib._bootstrap_external>", line 991, in exec_module
  File "<frozen importlib._bootstrap_external>", line 1129, in get_code
  File "<frozen importlib._bootstrap_external>", line 1059, in source_to_code
  File "<frozen importlib._bootstrap>", line 488, in _call_with_frames_removed
  File "/opt/airflow/dags/download.py", line 8
    start_date = datetime(2021,1,1)
                 ^^^^
SyntaxError: invalid syntax. Perhaps you forgot a comma?
[2024-09-22T15:08:52.289+0000] {processor.py:927} WARNING - No viable dags retrieved from /opt/airflow/dags/download.py
[2024-09-22T15:08:52.532+0000] {processor.py:208} INFO - Processing /opt/airflow/dags/download.py took 0.299 seconds
[2024-09-22T15:09:22.931+0000] {processor.py:186} INFO - Started process (PID=218) to work on /opt/airflow/dags/download.py
[2024-09-22T15:09:22.937+0000] {processor.py:914} INFO - Processing file /opt/airflow/dags/download.py for tasks to queue
[2024-09-22T15:09:22.951+0000] {logging_mixin.py:190} INFO - [2024-09-22T15:09:22.949+0000] {dagbag.py:587} INFO - Filling up the DagBag from /opt/airflow/dags/download.py
[2024-09-22T15:09:22.971+0000] {logging_mixin.py:190} INFO - [2024-09-22T15:09:22.964+0000] {dagbag.py:386} ERROR - Failed to import: /opt/airflow/dags/download.py
Traceback (most recent call last):
  File "/home/airflow/.local/lib/python3.12/site-packages/airflow/models/dagbag.py", line 382, in parse
    loader.exec_module(new_module)
  File "<frozen importlib._bootstrap_external>", line 991, in exec_module
  File "<frozen importlib._bootstrap_external>", line 1129, in get_code
  File "<frozen importlib._bootstrap_external>", line 1059, in source_to_code
  File "<frozen importlib._bootstrap>", line 488, in _call_with_frames_removed
  File "/opt/airflow/dags/download.py", line 8
    start_date = datetime(2021,1,1)
                 ^^^^
SyntaxError: invalid syntax. Perhaps you forgot a comma?
[2024-09-22T15:09:22.973+0000] {processor.py:927} WARNING - No viable dags retrieved from /opt/airflow/dags/download.py
[2024-09-22T15:09:23.295+0000] {processor.py:208} INFO - Processing /opt/airflow/dags/download.py took 0.401 seconds
[2024-09-22T15:09:53.560+0000] {processor.py:186} INFO - Started process (PID=229) to work on /opt/airflow/dags/download.py
[2024-09-22T15:09:53.877+0000] {processor.py:914} INFO - Processing file /opt/airflow/dags/download.py for tasks to queue
[2024-09-22T15:09:53.882+0000] {logging_mixin.py:190} INFO - [2024-09-22T15:09:53.881+0000] {dagbag.py:587} INFO - Filling up the DagBag from /opt/airflow/dags/download.py
[2024-09-22T15:09:53.889+0000] {logging_mixin.py:190} INFO - [2024-09-22T15:09:53.886+0000] {dagbag.py:386} ERROR - Failed to import: /opt/airflow/dags/download.py
Traceback (most recent call last):
  File "/home/airflow/.local/lib/python3.12/site-packages/airflow/models/dagbag.py", line 382, in parse
    loader.exec_module(new_module)
  File "<frozen importlib._bootstrap_external>", line 991, in exec_module
  File "<frozen importlib._bootstrap_external>", line 1129, in get_code
  File "<frozen importlib._bootstrap_external>", line 1059, in source_to_code
  File "<frozen importlib._bootstrap>", line 488, in _call_with_frames_removed
  File "/opt/airflow/dags/download.py", line 8
    start_date = datetime(2021,1,1)
                 ^^^^
SyntaxError: invalid syntax. Perhaps you forgot a comma?
[2024-09-22T15:09:53.890+0000] {processor.py:927} WARNING - No viable dags retrieved from /opt/airflow/dags/download.py
[2024-09-22T15:09:54.028+0000] {processor.py:208} INFO - Processing /opt/airflow/dags/download.py took 0.476 seconds
[2024-09-22T15:10:24.360+0000] {processor.py:186} INFO - Started process (PID=240) to work on /opt/airflow/dags/download.py
[2024-09-22T15:10:24.360+0000] {processor.py:914} INFO - Processing file /opt/airflow/dags/download.py for tasks to queue
[2024-09-22T15:10:24.363+0000] {logging_mixin.py:190} INFO - [2024-09-22T15:10:24.363+0000] {dagbag.py:587} INFO - Filling up the DagBag from /opt/airflow/dags/download.py
[2024-09-22T15:10:24.367+0000] {logging_mixin.py:190} INFO - [2024-09-22T15:10:24.365+0000] {dagbag.py:386} ERROR - Failed to import: /opt/airflow/dags/download.py
Traceback (most recent call last):
  File "/home/airflow/.local/lib/python3.12/site-packages/airflow/models/dagbag.py", line 382, in parse
    loader.exec_module(new_module)
  File "<frozen importlib._bootstrap_external>", line 991, in exec_module
  File "<frozen importlib._bootstrap_external>", line 1129, in get_code
  File "<frozen importlib._bootstrap_external>", line 1059, in source_to_code
  File "<frozen importlib._bootstrap>", line 488, in _call_with_frames_removed
  File "/opt/airflow/dags/download.py", line 8
    start_date = datetime(2021,1,1)
                 ^^^^
SyntaxError: invalid syntax. Perhaps you forgot a comma?
[2024-09-22T15:10:24.367+0000] {processor.py:927} WARNING - No viable dags retrieved from /opt/airflow/dags/download.py
[2024-09-22T15:10:24.534+0000] {processor.py:208} INFO - Processing /opt/airflow/dags/download.py took 0.181 seconds
[2024-09-22T15:10:54.629+0000] {processor.py:186} INFO - Started process (PID=251) to work on /opt/airflow/dags/download.py
[2024-09-22T15:10:54.630+0000] {processor.py:914} INFO - Processing file /opt/airflow/dags/download.py for tasks to queue
[2024-09-22T15:10:54.633+0000] {logging_mixin.py:190} INFO - [2024-09-22T15:10:54.632+0000] {dagbag.py:587} INFO - Filling up the DagBag from /opt/airflow/dags/download.py
[2024-09-22T15:10:54.637+0000] {logging_mixin.py:190} INFO - [2024-09-22T15:10:54.635+0000] {dagbag.py:386} ERROR - Failed to import: /opt/airflow/dags/download.py
Traceback (most recent call last):
  File "/home/airflow/.local/lib/python3.12/site-packages/airflow/models/dagbag.py", line 382, in parse
    loader.exec_module(new_module)
  File "<frozen importlib._bootstrap_external>", line 991, in exec_module
  File "<frozen importlib._bootstrap_external>", line 1129, in get_code
  File "<frozen importlib._bootstrap_external>", line 1059, in source_to_code
  File "<frozen importlib._bootstrap>", line 488, in _call_with_frames_removed
  File "/opt/airflow/dags/download.py", line 8
    start_date = datetime(2021,1,1)
                 ^^^^
SyntaxError: invalid syntax. Perhaps you forgot a comma?
[2024-09-22T15:10:54.638+0000] {processor.py:927} WARNING - No viable dags retrieved from /opt/airflow/dags/download.py
[2024-09-22T15:10:54.682+0000] {processor.py:208} INFO - Processing /opt/airflow/dags/download.py took 0.063 seconds
[2024-09-22T15:11:24.894+0000] {processor.py:186} INFO - Started process (PID=263) to work on /opt/airflow/dags/download.py
[2024-09-22T15:11:24.904+0000] {processor.py:914} INFO - Processing file /opt/airflow/dags/download.py for tasks to queue
[2024-09-22T15:11:24.907+0000] {logging_mixin.py:190} INFO - [2024-09-22T15:11:24.907+0000] {dagbag.py:587} INFO - Filling up the DagBag from /opt/airflow/dags/download.py
[2024-09-22T15:11:24.911+0000] {logging_mixin.py:190} INFO - [2024-09-22T15:11:24.910+0000] {dagbag.py:386} ERROR - Failed to import: /opt/airflow/dags/download.py
Traceback (most recent call last):
  File "/home/airflow/.local/lib/python3.12/site-packages/airflow/models/dagbag.py", line 382, in parse
    loader.exec_module(new_module)
  File "<frozen importlib._bootstrap_external>", line 991, in exec_module
  File "<frozen importlib._bootstrap_external>", line 1129, in get_code
  File "<frozen importlib._bootstrap_external>", line 1059, in source_to_code
  File "<frozen importlib._bootstrap>", line 488, in _call_with_frames_removed
  File "/opt/airflow/dags/download.py", line 8
    start_date = datetime(2021,1,1)
                 ^^^^
SyntaxError: invalid syntax. Perhaps you forgot a comma?
[2024-09-22T15:11:24.912+0000] {processor.py:927} WARNING - No viable dags retrieved from /opt/airflow/dags/download.py
[2024-09-22T15:11:24.954+0000] {processor.py:208} INFO - Processing /opt/airflow/dags/download.py took 0.070 seconds
[2024-09-22T15:11:55.184+0000] {processor.py:186} INFO - Started process (PID=273) to work on /opt/airflow/dags/download.py
[2024-09-22T15:11:55.185+0000] {processor.py:914} INFO - Processing file /opt/airflow/dags/download.py for tasks to queue
[2024-09-22T15:11:55.189+0000] {logging_mixin.py:190} INFO - [2024-09-22T15:11:55.188+0000] {dagbag.py:587} INFO - Filling up the DagBag from /opt/airflow/dags/download.py
[2024-09-22T15:11:55.193+0000] {logging_mixin.py:190} INFO - [2024-09-22T15:11:55.192+0000] {dagbag.py:386} ERROR - Failed to import: /opt/airflow/dags/download.py
Traceback (most recent call last):
  File "/home/airflow/.local/lib/python3.12/site-packages/airflow/models/dagbag.py", line 382, in parse
    loader.exec_module(new_module)
  File "<frozen importlib._bootstrap_external>", line 991, in exec_module
  File "<frozen importlib._bootstrap_external>", line 1129, in get_code
  File "<frozen importlib._bootstrap_external>", line 1059, in source_to_code
  File "<frozen importlib._bootstrap>", line 488, in _call_with_frames_removed
  File "/opt/airflow/dags/download.py", line 8
    start_date = datetime(2021,1,1)
                 ^^^^
SyntaxError: invalid syntax. Perhaps you forgot a comma?
[2024-09-22T15:11:55.194+0000] {processor.py:927} WARNING - No viable dags retrieved from /opt/airflow/dags/download.py
[2024-09-22T15:11:56.010+0000] {processor.py:208} INFO - Processing /opt/airflow/dags/download.py took 0.833 seconds
[2024-09-22T15:12:12.643+0000] {processor.py:186} INFO - Started process (PID=283) to work on /opt/airflow/dags/download.py
[2024-09-22T15:12:12.659+0000] {processor.py:914} INFO - Processing file /opt/airflow/dags/download.py for tasks to queue
[2024-09-22T15:12:12.664+0000] {logging_mixin.py:190} INFO - [2024-09-22T15:12:12.663+0000] {dagbag.py:587} INFO - Filling up the DagBag from /opt/airflow/dags/download.py
[2024-09-22T15:12:13.188+0000] {logging_mixin.py:190} INFO - [2024-09-22T15:12:13.069+0000] {dagbag.py:386} ERROR - Failed to import: /opt/airflow/dags/download.py
Traceback (most recent call last):
  File "/home/airflow/.local/lib/python3.12/site-packages/airflow/models/dagbag.py", line 382, in parse
    loader.exec_module(new_module)
  File "<frozen importlib._bootstrap_external>", line 995, in exec_module
  File "<frozen importlib._bootstrap>", line 488, in _call_with_frames_removed
  File "/opt/airflow/dags/download.py", line 12, in <module>
    curl_task = BashOperator(task_id='download data',
                ^^^^^^^^^^^^^^^^^^^^^^^^^^^^^^^^^^^^^
  File "/home/airflow/.local/lib/python3.12/site-packages/airflow/models/baseoperator.py", line 490, in apply_defaults
    result = func(self, **kwargs, default_args=default_args)
             ^^^^^^^^^^^^^^^^^^^^^^^^^^^^^^^^^^^^^^^^^^^^^^^
  File "/home/airflow/.local/lib/python3.12/site-packages/airflow/operators/bash.py", line 158, in __init__
    super().__init__(**kwargs)
  File "/home/airflow/.local/lib/python3.12/site-packages/airflow/models/baseoperator.py", line 490, in apply_defaults
    result = func(self, **kwargs, default_args=default_args)
             ^^^^^^^^^^^^^^^^^^^^^^^^^^^^^^^^^^^^^^^^^^^^^^^
  File "/home/airflow/.local/lib/python3.12/site-packages/airflow/models/baseoperator.py", line 949, in __init__
    validate_key(task_id)
  File "/home/airflow/.local/lib/python3.12/site-packages/airflow/utils/helpers.py", line 57, in validate_key
    raise AirflowException(
airflow.exceptions.AirflowException: The key 'download data' has to be made of alphanumeric characters, dashes, dots and underscores exclusively
[2024-09-22T15:12:13.194+0000] {processor.py:927} WARNING - No viable dags retrieved from /opt/airflow/dags/download.py
[2024-09-22T15:12:13.364+0000] {processor.py:208} INFO - Processing /opt/airflow/dags/download.py took 0.729 seconds
[2024-09-22T15:12:37.900+0000] {processor.py:186} INFO - Started process (PID=294) to work on /opt/airflow/dags/download.py
[2024-09-22T15:12:37.902+0000] {processor.py:914} INFO - Processing file /opt/airflow/dags/download.py for tasks to queue
[2024-09-22T15:12:37.906+0000] {logging_mixin.py:190} INFO - [2024-09-22T15:12:37.905+0000] {dagbag.py:587} INFO - Filling up the DagBag from /opt/airflow/dags/download.py
[2024-09-22T15:12:38.141+0000] {processor.py:925} INFO - DAG(s) 'NY_TAXI' retrieved from /opt/airflow/dags/download.py
[2024-09-22T15:12:40.254+0000] {logging_mixin.py:190} INFO - [2024-09-22T15:12:40.253+0000] {override.py:1900} INFO - Created Permission View: can read on DAG:NY_TAXI
[2024-09-22T15:12:40.337+0000] {logging_mixin.py:190} INFO - [2024-09-22T15:12:40.336+0000] {override.py:1900} INFO - Created Permission View: can delete on DAG:NY_TAXI
[2024-09-22T15:12:40.442+0000] {logging_mixin.py:190} INFO - [2024-09-22T15:12:40.441+0000] {override.py:1900} INFO - Created Permission View: can edit on DAG:NY_TAXI
[2024-09-22T15:12:40.537+0000] {logging_mixin.py:190} INFO - [2024-09-22T15:12:40.536+0000] {override.py:1900} INFO - Created Permission View: can read on DAG Run:NY_TAXI
[2024-09-22T15:12:40.582+0000] {logging_mixin.py:190} INFO - [2024-09-22T15:12:40.581+0000] {override.py:1900} INFO - Created Permission View: can delete on DAG Run:NY_TAXI
[2024-09-22T15:12:40.631+0000] {logging_mixin.py:190} INFO - [2024-09-22T15:12:40.631+0000] {override.py:1900} INFO - Created Permission View: can create on DAG Run:NY_TAXI
[2024-09-22T15:12:40.665+0000] {logging_mixin.py:190} INFO - [2024-09-22T15:12:40.664+0000] {override.py:1900} INFO - Created Permission View: menu access on DAG Run:NY_TAXI
[2024-09-22T15:12:40.666+0000] {logging_mixin.py:190} INFO - [2024-09-22T15:12:40.666+0000] {dag.py:3229} INFO - Sync 1 DAGs
[2024-09-22T15:12:40.687+0000] {logging_mixin.py:190} INFO - [2024-09-22T15:12:40.687+0000] {dag.py:3252} INFO - Creating ORM DAG for NY_TAXI
[2024-09-22T15:12:40.704+0000] {logging_mixin.py:190} INFO - [2024-09-22T15:12:40.704+0000] {dag.py:4156} INFO - Setting next_dagrun for NY_TAXI to 2021-01-01 00:00:00+00:00, run_after=2021-01-02 00:00:00+00:00
[2024-09-22T15:12:40.761+0000] {processor.py:208} INFO - Processing /opt/airflow/dags/download.py took 2.873 seconds
[2024-09-22T15:13:11.034+0000] {processor.py:186} INFO - Started process (PID=305) to work on /opt/airflow/dags/download.py
[2024-09-22T15:13:11.097+0000] {processor.py:914} INFO - Processing file /opt/airflow/dags/download.py for tasks to queue
[2024-09-22T15:13:11.100+0000] {logging_mixin.py:190} INFO - [2024-09-22T15:13:11.100+0000] {dagbag.py:587} INFO - Filling up the DagBag from /opt/airflow/dags/download.py
[2024-09-22T15:13:11.122+0000] {processor.py:925} INFO - DAG(s) 'NY_TAXI' retrieved from /opt/airflow/dags/download.py
[2024-09-22T15:13:11.158+0000] {logging_mixin.py:190} INFO - [2024-09-22T15:13:11.158+0000] {dag.py:3229} INFO - Sync 1 DAGs
[2024-09-22T15:13:11.194+0000] {logging_mixin.py:190} INFO - [2024-09-22T15:13:11.194+0000] {dag.py:4156} INFO - Setting next_dagrun for NY_TAXI to 2021-01-01 00:00:00+00:00, run_after=2021-01-02 00:00:00+00:00
[2024-09-22T15:13:11.858+0000] {processor.py:208} INFO - Processing /opt/airflow/dags/download.py took 0.862 seconds
[2024-09-22T15:13:44.311+0000] {processor.py:186} INFO - Started process (PID=332) to work on /opt/airflow/dags/download.py
[2024-09-22T15:13:44.394+0000] {processor.py:914} INFO - Processing file /opt/airflow/dags/download.py for tasks to queue
[2024-09-22T15:13:44.407+0000] {logging_mixin.py:190} INFO - [2024-09-22T15:13:44.406+0000] {dagbag.py:587} INFO - Filling up the DagBag from /opt/airflow/dags/download.py
[2024-09-22T15:13:45.113+0000] {processor.py:925} INFO - DAG(s) 'NY_TAXI' retrieved from /opt/airflow/dags/download.py
[2024-09-22T15:14:00.560+0000] {logging_mixin.py:190} INFO - [2024-09-22T15:14:00.559+0000] {dag.py:3229} INFO - Sync 1 DAGs
[2024-09-22T15:14:07.021+0000] {logging_mixin.py:190} INFO - [2024-09-22T15:14:07.018+0000] {dag.py:4156} INFO - Setting next_dagrun for NY_TAXI to 2021-01-16 00:00:00+00:00, run_after=2021-01-17 00:00:00+00:00
[2024-09-22T15:14:07.503+0000] {processor.py:208} INFO - Processing /opt/airflow/dags/download.py took 23.538 seconds
[2024-09-22T15:14:37.993+0000] {processor.py:186} INFO - Started process (PID=402) to work on /opt/airflow/dags/download.py
[2024-09-22T15:14:39.308+0000] {processor.py:914} INFO - Processing file /opt/airflow/dags/download.py for tasks to queue
[2024-09-22T15:14:39.314+0000] {logging_mixin.py:190} INFO - [2024-09-22T15:14:39.313+0000] {dagbag.py:587} INFO - Filling up the DagBag from /opt/airflow/dags/download.py
[2024-09-22T15:14:39.344+0000] {processor.py:925} INFO - DAG(s) 'NY_TAXI' retrieved from /opt/airflow/dags/download.py
[2024-09-22T15:14:39.473+0000] {logging_mixin.py:190} INFO - [2024-09-22T15:14:39.472+0000] {dag.py:3229} INFO - Sync 1 DAGs
[2024-09-22T15:14:39.545+0000] {logging_mixin.py:190} INFO - [2024-09-22T15:14:39.544+0000] {dag.py:4156} INFO - Setting next_dagrun for NY_TAXI to 2021-01-19 00:00:00+00:00, run_after=2021-01-20 00:00:00+00:00
[2024-09-22T15:14:39.750+0000] {processor.py:208} INFO - Processing /opt/airflow/dags/download.py took 1.764 seconds
[2024-09-22T15:15:10.889+0000] {processor.py:186} INFO - Started process (PID=478) to work on /opt/airflow/dags/download.py
[2024-09-22T15:15:11.210+0000] {processor.py:914} INFO - Processing file /opt/airflow/dags/download.py for tasks to queue
[2024-09-22T15:15:11.217+0000] {logging_mixin.py:190} INFO - [2024-09-22T15:15:11.216+0000] {dagbag.py:587} INFO - Filling up the DagBag from /opt/airflow/dags/download.py
[2024-09-22T15:15:11.242+0000] {processor.py:925} INFO - DAG(s) 'NY_TAXI' retrieved from /opt/airflow/dags/download.py
[2024-09-22T15:15:11.465+0000] {logging_mixin.py:190} INFO - [2024-09-22T15:15:11.464+0000] {dag.py:3229} INFO - Sync 1 DAGs
[2024-09-22T15:15:11.539+0000] {logging_mixin.py:190} INFO - [2024-09-22T15:15:11.536+0000] {dag.py:4156} INFO - Setting next_dagrun for NY_TAXI to 2021-02-08 00:00:00+00:00, run_after=2021-02-09 00:00:00+00:00
[2024-09-22T15:15:11.727+0000] {processor.py:208} INFO - Processing /opt/airflow/dags/download.py took 1.439 seconds
[2024-09-22T15:15:42.028+0000] {processor.py:186} INFO - Started process (PID=541) to work on /opt/airflow/dags/download.py
[2024-09-22T15:15:42.034+0000] {processor.py:914} INFO - Processing file /opt/airflow/dags/download.py for tasks to queue
[2024-09-22T15:15:42.066+0000] {logging_mixin.py:190} INFO - [2024-09-22T15:15:42.060+0000] {dagbag.py:587} INFO - Filling up the DagBag from /opt/airflow/dags/download.py
[2024-09-22T15:15:42.166+0000] {processor.py:925} INFO - DAG(s) 'NY_TAXI' retrieved from /opt/airflow/dags/download.py
[2024-09-22T15:15:42.278+0000] {logging_mixin.py:190} INFO - [2024-09-22T15:15:42.277+0000] {dag.py:3229} INFO - Sync 1 DAGs
[2024-09-22T15:15:42.352+0000] {logging_mixin.py:190} INFO - [2024-09-22T15:15:42.351+0000] {dag.py:4156} INFO - Setting next_dagrun for NY_TAXI to 2021-02-19 00:00:00+00:00, run_after=2021-02-20 00:00:00+00:00
[2024-09-22T15:15:42.585+0000] {processor.py:208} INFO - Processing /opt/airflow/dags/download.py took 0.627 seconds
[2024-09-22T15:16:12.968+0000] {processor.py:186} INFO - Started process (PID=589) to work on /opt/airflow/dags/download.py
[2024-09-22T15:16:12.969+0000] {processor.py:914} INFO - Processing file /opt/airflow/dags/download.py for tasks to queue
[2024-09-22T15:16:12.974+0000] {logging_mixin.py:190} INFO - [2024-09-22T15:16:12.973+0000] {dagbag.py:587} INFO - Filling up the DagBag from /opt/airflow/dags/download.py
[2024-09-22T15:16:13.003+0000] {processor.py:925} INFO - DAG(s) 'NY_TAXI' retrieved from /opt/airflow/dags/download.py
[2024-09-22T15:16:13.067+0000] {logging_mixin.py:190} INFO - [2024-09-22T15:16:13.067+0000] {dag.py:3229} INFO - Sync 1 DAGs
[2024-09-22T15:16:13.157+0000] {logging_mixin.py:190} INFO - [2024-09-22T15:16:13.156+0000] {dag.py:4156} INFO - Setting next_dagrun for NY_TAXI to 2021-02-27 00:00:00+00:00, run_after=2021-02-28 00:00:00+00:00
[2024-09-22T15:16:13.411+0000] {processor.py:208} INFO - Processing /opt/airflow/dags/download.py took 0.457 seconds
[2024-09-22T15:16:43.847+0000] {processor.py:186} INFO - Started process (PID=687) to work on /opt/airflow/dags/download.py
[2024-09-22T15:16:43.899+0000] {processor.py:914} INFO - Processing file /opt/airflow/dags/download.py for tasks to queue
[2024-09-22T15:16:43.905+0000] {logging_mixin.py:190} INFO - [2024-09-22T15:16:43.904+0000] {dagbag.py:587} INFO - Filling up the DagBag from /opt/airflow/dags/download.py
[2024-09-22T15:16:43.928+0000] {processor.py:925} INFO - DAG(s) 'NY_TAXI' retrieved from /opt/airflow/dags/download.py
[2024-09-22T15:16:43.970+0000] {logging_mixin.py:190} INFO - [2024-09-22T15:16:43.969+0000] {dag.py:3229} INFO - Sync 1 DAGs
[2024-09-22T15:16:44.003+0000] {logging_mixin.py:190} INFO - [2024-09-22T15:16:44.002+0000] {dag.py:4156} INFO - Setting next_dagrun for NY_TAXI to 2021-03-22 00:00:00+00:00, run_after=2021-03-23 00:00:00+00:00
[2024-09-22T15:16:44.112+0000] {processor.py:208} INFO - Processing /opt/airflow/dags/download.py took 0.277 seconds
[2024-09-22T15:17:14.255+0000] {processor.py:186} INFO - Started process (PID=790) to work on /opt/airflow/dags/download.py
[2024-09-22T15:17:14.256+0000] {processor.py:914} INFO - Processing file /opt/airflow/dags/download.py for tasks to queue
[2024-09-22T15:17:14.261+0000] {logging_mixin.py:190} INFO - [2024-09-22T15:17:14.260+0000] {dagbag.py:587} INFO - Filling up the DagBag from /opt/airflow/dags/download.py
[2024-09-22T15:17:14.291+0000] {processor.py:925} INFO - DAG(s) 'NY_TAXI' retrieved from /opt/airflow/dags/download.py
[2024-09-22T15:17:14.349+0000] {logging_mixin.py:190} INFO - [2024-09-22T15:17:14.349+0000] {dag.py:3229} INFO - Sync 1 DAGs
[2024-09-22T15:17:14.415+0000] {logging_mixin.py:190} INFO - [2024-09-22T15:17:14.415+0000] {dag.py:4156} INFO - Setting next_dagrun for NY_TAXI to 2021-04-14 00:00:00+00:00, run_after=2021-04-15 00:00:00+00:00
[2024-09-22T15:17:14.696+0000] {processor.py:208} INFO - Processing /opt/airflow/dags/download.py took 0.454 seconds
[2024-09-22T15:17:44.930+0000] {processor.py:186} INFO - Started process (PID=888) to work on /opt/airflow/dags/download.py
[2024-09-22T15:17:44.973+0000] {processor.py:914} INFO - Processing file /opt/airflow/dags/download.py for tasks to queue
[2024-09-22T15:17:44.978+0000] {logging_mixin.py:190} INFO - [2024-09-22T15:17:44.977+0000] {dagbag.py:587} INFO - Filling up the DagBag from /opt/airflow/dags/download.py
[2024-09-22T15:17:44.998+0000] {processor.py:925} INFO - DAG(s) 'NY_TAXI' retrieved from /opt/airflow/dags/download.py
[2024-09-22T15:17:45.064+0000] {logging_mixin.py:190} INFO - [2024-09-22T15:17:45.064+0000] {dag.py:3229} INFO - Sync 1 DAGs
[2024-09-22T15:17:45.194+0000] {logging_mixin.py:190} INFO - [2024-09-22T15:17:45.193+0000] {dag.py:4156} INFO - Setting next_dagrun for NY_TAXI to 2021-05-05 00:00:00+00:00, run_after=2021-05-06 00:00:00+00:00
[2024-09-22T15:17:45.317+0000] {processor.py:208} INFO - Processing /opt/airflow/dags/download.py took 0.399 seconds
[2024-09-22T15:18:15.408+0000] {processor.py:186} INFO - Started process (PID=969) to work on /opt/airflow/dags/download.py
[2024-09-22T15:18:15.411+0000] {processor.py:914} INFO - Processing file /opt/airflow/dags/download.py for tasks to queue
[2024-09-22T15:18:15.415+0000] {logging_mixin.py:190} INFO - [2024-09-22T15:18:15.414+0000] {dagbag.py:587} INFO - Filling up the DagBag from /opt/airflow/dags/download.py
[2024-09-22T15:18:15.438+0000] {processor.py:925} INFO - DAG(s) 'NY_TAXI' retrieved from /opt/airflow/dags/download.py
[2024-09-22T15:18:15.513+0000] {logging_mixin.py:190} INFO - [2024-09-22T15:18:15.513+0000] {dag.py:3229} INFO - Sync 1 DAGs
[2024-09-22T15:18:15.590+0000] {logging_mixin.py:190} INFO - [2024-09-22T15:18:15.589+0000] {dag.py:4156} INFO - Setting next_dagrun for NY_TAXI to 2021-05-24 00:00:00+00:00, run_after=2021-05-25 00:00:00+00:00
[2024-09-22T15:18:15.658+0000] {processor.py:208} INFO - Processing /opt/airflow/dags/download.py took 0.262 seconds
[2024-09-22T15:18:46.190+0000] {processor.py:186} INFO - Started process (PID=1105) to work on /opt/airflow/dags/download.py
[2024-09-22T15:18:46.191+0000] {processor.py:914} INFO - Processing file /opt/airflow/dags/download.py for tasks to queue
[2024-09-22T15:18:46.194+0000] {logging_mixin.py:190} INFO - [2024-09-22T15:18:46.193+0000] {dagbag.py:587} INFO - Filling up the DagBag from /opt/airflow/dags/download.py
[2024-09-22T15:18:46.209+0000] {processor.py:925} INFO - DAG(s) 'NY_TAXI' retrieved from /opt/airflow/dags/download.py
[2024-09-22T15:18:46.250+0000] {logging_mixin.py:190} INFO - [2024-09-22T15:18:46.249+0000] {dag.py:3229} INFO - Sync 1 DAGs
[2024-09-22T15:18:46.347+0000] {logging_mixin.py:190} INFO - [2024-09-22T15:18:46.347+0000] {dag.py:4156} INFO - Setting next_dagrun for NY_TAXI to 2021-06-25 00:00:00+00:00, run_after=2021-06-26 00:00:00+00:00
[2024-09-22T15:18:46.479+0000] {processor.py:208} INFO - Processing /opt/airflow/dags/download.py took 0.300 seconds
[2024-09-22T15:19:16.762+0000] {processor.py:186} INFO - Started process (PID=1246) to work on /opt/airflow/dags/download.py
[2024-09-22T15:19:17.308+0000] {processor.py:914} INFO - Processing file /opt/airflow/dags/download.py for tasks to queue
[2024-09-22T15:19:17.312+0000] {logging_mixin.py:190} INFO - [2024-09-22T15:19:17.311+0000] {dagbag.py:587} INFO - Filling up the DagBag from /opt/airflow/dags/download.py
[2024-09-22T15:19:17.326+0000] {processor.py:925} INFO - DAG(s) 'NY_TAXI' retrieved from /opt/airflow/dags/download.py
[2024-09-22T15:19:17.401+0000] {logging_mixin.py:190} INFO - [2024-09-22T15:19:17.400+0000] {dag.py:3229} INFO - Sync 1 DAGs
[2024-09-22T15:19:17.555+0000] {logging_mixin.py:190} INFO - [2024-09-22T15:19:17.554+0000] {dag.py:4156} INFO - Setting next_dagrun for NY_TAXI to 2021-07-26 00:00:00+00:00, run_after=2021-07-27 00:00:00+00:00
[2024-09-22T15:19:18.062+0000] {processor.py:208} INFO - Processing /opt/airflow/dags/download.py took 1.307 seconds
[2024-09-22T15:19:48.276+0000] {processor.py:186} INFO - Started process (PID=1362) to work on /opt/airflow/dags/download.py
[2024-09-22T15:19:48.494+0000] {processor.py:914} INFO - Processing file /opt/airflow/dags/download.py for tasks to queue
[2024-09-22T15:19:48.498+0000] {logging_mixin.py:190} INFO - [2024-09-22T15:19:48.497+0000] {dagbag.py:587} INFO - Filling up the DagBag from /opt/airflow/dags/download.py
[2024-09-22T15:19:48.515+0000] {processor.py:925} INFO - DAG(s) 'NY_TAXI' retrieved from /opt/airflow/dags/download.py
[2024-09-22T15:19:48.558+0000] {logging_mixin.py:190} INFO - [2024-09-22T15:19:48.557+0000] {dag.py:3229} INFO - Sync 1 DAGs
[2024-09-22T15:19:48.607+0000] {logging_mixin.py:190} INFO - [2024-09-22T15:19:48.607+0000] {dag.py:4156} INFO - Setting next_dagrun for NY_TAXI to 2021-08-22 00:00:00+00:00, run_after=2021-08-23 00:00:00+00:00
[2024-09-22T15:19:48.678+0000] {processor.py:208} INFO - Processing /opt/airflow/dags/download.py took 0.410 seconds
[2024-09-22T15:20:19.262+0000] {processor.py:186} INFO - Started process (PID=1493) to work on /opt/airflow/dags/download.py
[2024-09-22T15:20:19.270+0000] {processor.py:914} INFO - Processing file /opt/airflow/dags/download.py for tasks to queue
[2024-09-22T15:20:19.298+0000] {logging_mixin.py:190} INFO - [2024-09-22T15:20:19.295+0000] {dagbag.py:587} INFO - Filling up the DagBag from /opt/airflow/dags/download.py
[2024-09-22T15:20:19.414+0000] {processor.py:925} INFO - DAG(s) 'NY_TAXI' retrieved from /opt/airflow/dags/download.py
[2024-09-22T15:20:19.566+0000] {logging_mixin.py:190} INFO - [2024-09-22T15:20:19.565+0000] {dag.py:3229} INFO - Sync 1 DAGs
[2024-09-22T15:20:19.660+0000] {logging_mixin.py:190} INFO - [2024-09-22T15:20:19.660+0000] {dag.py:4156} INFO - Setting next_dagrun for NY_TAXI to 2021-09-21 00:00:00+00:00, run_after=2021-09-22 00:00:00+00:00
[2024-09-22T15:20:19.765+0000] {processor.py:208} INFO - Processing /opt/airflow/dags/download.py took 0.571 seconds
[2024-09-22T15:20:50.130+0000] {processor.py:186} INFO - Started process (PID=1602) to work on /opt/airflow/dags/download.py
[2024-09-22T15:20:50.131+0000] {processor.py:914} INFO - Processing file /opt/airflow/dags/download.py for tasks to queue
[2024-09-22T15:20:50.135+0000] {logging_mixin.py:190} INFO - [2024-09-22T15:20:50.134+0000] {dagbag.py:587} INFO - Filling up the DagBag from /opt/airflow/dags/download.py
[2024-09-22T15:20:50.155+0000] {processor.py:925} INFO - DAG(s) 'NY_TAXI' retrieved from /opt/airflow/dags/download.py
[2024-09-22T15:20:50.194+0000] {logging_mixin.py:190} INFO - [2024-09-22T15:20:50.194+0000] {dag.py:3229} INFO - Sync 1 DAGs
[2024-09-22T15:20:50.248+0000] {logging_mixin.py:190} INFO - [2024-09-22T15:20:50.247+0000] {dag.py:4156} INFO - Setting next_dagrun for NY_TAXI to 2021-10-16 00:00:00+00:00, run_after=2021-10-17 00:00:00+00:00
[2024-09-22T15:20:50.317+0000] {processor.py:208} INFO - Processing /opt/airflow/dags/download.py took 0.199 seconds
[2024-09-22T15:21:20.402+0000] {processor.py:186} INFO - Started process (PID=1694) to work on /opt/airflow/dags/download.py
[2024-09-22T15:21:20.554+0000] {processor.py:914} INFO - Processing file /opt/airflow/dags/download.py for tasks to queue
[2024-09-22T15:21:20.557+0000] {logging_mixin.py:190} INFO - [2024-09-22T15:21:20.557+0000] {dagbag.py:587} INFO - Filling up the DagBag from /opt/airflow/dags/download.py
[2024-09-22T15:21:20.577+0000] {processor.py:925} INFO - DAG(s) 'NY_TAXI' retrieved from /opt/airflow/dags/download.py
[2024-09-22T15:21:20.611+0000] {logging_mixin.py:190} INFO - [2024-09-22T15:21:20.610+0000] {dag.py:3229} INFO - Sync 1 DAGs
[2024-09-22T15:21:20.644+0000] {logging_mixin.py:190} INFO - [2024-09-22T15:21:20.644+0000] {dag.py:4156} INFO - Setting next_dagrun for NY_TAXI to 2021-11-05 00:00:00+00:00, run_after=2021-11-06 00:00:00+00:00
[2024-09-22T15:21:21.151+0000] {processor.py:208} INFO - Processing /opt/airflow/dags/download.py took 0.756 seconds
[2024-09-22T15:21:51.552+0000] {processor.py:186} INFO - Started process (PID=1794) to work on /opt/airflow/dags/download.py
[2024-09-22T15:21:51.553+0000] {processor.py:914} INFO - Processing file /opt/airflow/dags/download.py for tasks to queue
[2024-09-22T15:21:51.556+0000] {logging_mixin.py:190} INFO - [2024-09-22T15:21:51.556+0000] {dagbag.py:587} INFO - Filling up the DagBag from /opt/airflow/dags/download.py
[2024-09-22T15:21:51.582+0000] {processor.py:925} INFO - DAG(s) 'NY_TAXI' retrieved from /opt/airflow/dags/download.py
[2024-09-22T15:21:51.661+0000] {logging_mixin.py:190} INFO - [2024-09-22T15:21:51.661+0000] {dag.py:3229} INFO - Sync 1 DAGs
[2024-09-22T15:21:51.734+0000] {logging_mixin.py:190} INFO - [2024-09-22T15:21:51.733+0000] {dag.py:4156} INFO - Setting next_dagrun for NY_TAXI to 2021-11-27 00:00:00+00:00, run_after=2021-11-28 00:00:00+00:00
[2024-09-22T15:21:51.875+0000] {processor.py:208} INFO - Processing /opt/airflow/dags/download.py took 0.330 seconds
[2024-09-22T15:22:22.195+0000] {processor.py:186} INFO - Started process (PID=1908) to work on /opt/airflow/dags/download.py
[2024-09-22T15:22:22.214+0000] {processor.py:914} INFO - Processing file /opt/airflow/dags/download.py for tasks to queue
[2024-09-22T15:22:22.234+0000] {logging_mixin.py:190} INFO - [2024-09-22T15:22:22.233+0000] {dagbag.py:587} INFO - Filling up the DagBag from /opt/airflow/dags/download.py
[2024-09-22T15:22:22.333+0000] {processor.py:925} INFO - DAG(s) 'NY_TAXI' retrieved from /opt/airflow/dags/download.py
[2024-09-22T15:22:22.403+0000] {logging_mixin.py:190} INFO - [2024-09-22T15:22:22.403+0000] {dag.py:3229} INFO - Sync 1 DAGs
[2024-09-22T15:22:22.467+0000] {logging_mixin.py:190} INFO - [2024-09-22T15:22:22.466+0000] {dag.py:4156} INFO - Setting next_dagrun for NY_TAXI to 2021-12-21 00:00:00+00:00, run_after=2021-12-22 00:00:00+00:00
[2024-09-22T15:22:22.578+0000] {processor.py:208} INFO - Processing /opt/airflow/dags/download.py took 0.427 seconds
[2024-09-22T15:22:52.756+0000] {processor.py:186} INFO - Started process (PID=2001) to work on /opt/airflow/dags/download.py
[2024-09-22T15:22:52.758+0000] {processor.py:914} INFO - Processing file /opt/airflow/dags/download.py for tasks to queue
[2024-09-22T15:22:52.765+0000] {logging_mixin.py:190} INFO - [2024-09-22T15:22:52.763+0000] {dagbag.py:587} INFO - Filling up the DagBag from /opt/airflow/dags/download.py
[2024-09-22T15:22:52.798+0000] {processor.py:925} INFO - DAG(s) 'NY_TAXI' retrieved from /opt/airflow/dags/download.py
[2024-09-22T15:22:52.871+0000] {logging_mixin.py:190} INFO - [2024-09-22T15:22:52.871+0000] {dag.py:3229} INFO - Sync 1 DAGs
[2024-09-22T15:22:52.951+0000] {logging_mixin.py:190} INFO - [2024-09-22T15:22:52.950+0000] {dag.py:4156} INFO - Setting next_dagrun for NY_TAXI to 2022-01-12 00:00:00+00:00, run_after=2022-01-13 00:00:00+00:00
[2024-09-22T15:22:53.198+0000] {processor.py:208} INFO - Processing /opt/airflow/dags/download.py took 0.460 seconds
[2024-09-22T15:23:23.319+0000] {processor.py:186} INFO - Started process (PID=2080) to work on /opt/airflow/dags/download.py
[2024-09-22T15:23:23.529+0000] {processor.py:914} INFO - Processing file /opt/airflow/dags/download.py for tasks to queue
[2024-09-22T15:23:23.536+0000] {logging_mixin.py:190} INFO - [2024-09-22T15:23:23.535+0000] {dagbag.py:587} INFO - Filling up the DagBag from /opt/airflow/dags/download.py
[2024-09-22T15:23:23.562+0000] {processor.py:925} INFO - DAG(s) 'NY_TAXI' retrieved from /opt/airflow/dags/download.py
[2024-09-22T15:23:23.606+0000] {logging_mixin.py:190} INFO - [2024-09-22T15:23:23.606+0000] {dag.py:3229} INFO - Sync 1 DAGs
[2024-09-22T15:23:23.662+0000] {logging_mixin.py:190} INFO - [2024-09-22T15:23:23.662+0000] {dag.py:4156} INFO - Setting next_dagrun for NY_TAXI to 2022-01-30 00:00:00+00:00, run_after=2022-01-31 00:00:00+00:00
[2024-09-22T15:23:23.827+0000] {processor.py:208} INFO - Processing /opt/airflow/dags/download.py took 0.515 seconds
[2024-09-22T15:23:24.657+0000] {processor.py:186} INFO - Started process (PID=2091) to work on /opt/airflow/dags/download.py
[2024-09-22T15:23:24.659+0000] {processor.py:914} INFO - Processing file /opt/airflow/dags/download.py for tasks to queue
[2024-09-22T15:23:24.668+0000] {logging_mixin.py:190} INFO - [2024-09-22T15:23:24.667+0000] {dagbag.py:587} INFO - Filling up the DagBag from /opt/airflow/dags/download.py
[2024-09-22T15:23:24.707+0000] {processor.py:925} INFO - DAG(s) 'NY_TAXI' retrieved from /opt/airflow/dags/download.py
[2024-09-22T15:23:52.079+0000] {logging_mixin.py:190} INFO - [2024-09-22T15:23:52.078+0000] {dag.py:3229} INFO - Sync 1 DAGs
[2024-09-22T15:24:09.186+0000] {logging_mixin.py:190} INFO - [2024-09-22T15:24:09.185+0000] {dag.py:4156} INFO - Setting next_dagrun for NY_TAXI to None, run_after=None
[2024-09-22T15:24:10.386+0000] {logging_mixin.py:190} INFO - [2024-09-22T15:24:10.385+0000] {dag.py:3229} INFO - Sync 1 DAGs
[2024-09-22T15:24:11.390+0000] {logging_mixin.py:190} INFO - [2024-09-22T15:24:11.390+0000] {dag.py:3252} INFO - Creating ORM DAG for NY_TAXI
[2024-09-22T15:24:11.407+0000] {logging_mixin.py:190} INFO - [2024-09-22T15:24:11.406+0000] {dag.py:4156} INFO - Setting next_dagrun for NY_TAXI to 2021-01-01 00:00:00+00:00, run_after=2021-01-02 00:00:00+00:00
[2024-09-22T15:24:11.433+0000] {processor.py:211} ERROR - Got an exception! Propagating...
Traceback (most recent call last):
  File "/home/airflow/.local/lib/python3.12/site-packages/airflow/dag_processing/processor.py", line 207, in _run_file_processor
    _handle_dag_file_processing()
  File "/home/airflow/.local/lib/python3.12/site-packages/airflow/dag_processing/processor.py", line 188, in _handle_dag_file_processing
    result: tuple[int, int, int] = dag_file_processor.process_file(
                                   ^^^^^^^^^^^^^^^^^^^^^^^^^^^^^^^^
  File "/home/airflow/.local/lib/python3.12/site-packages/airflow/utils/session.py", line 97, in wrapper
    return func(*args, session=session, **kwargs)
           ^^^^^^^^^^^^^^^^^^^^^^^^^^^^^^^^^^^^^^
  File "/home/airflow/.local/lib/python3.12/site-packages/airflow/dag_processing/processor.py", line 942, in process_file
    serialize_errors = DagFileProcessor.save_dag_to_db(
                       ^^^^^^^^^^^^^^^^^^^^^^^^^^^^^^^^
  File "/home/airflow/.local/lib/python3.12/site-packages/airflow/api_internal/internal_api_call.py", line 139, in wrapper
    return func(*args, **kwargs)
           ^^^^^^^^^^^^^^^^^^^^^
  File "/home/airflow/.local/lib/python3.12/site-packages/airflow/utils/session.py", line 97, in wrapper
    return func(*args, session=session, **kwargs)
           ^^^^^^^^^^^^^^^^^^^^^^^^^^^^^^^^^^^^^^
  File "/home/airflow/.local/lib/python3.12/site-packages/airflow/dag_processing/processor.py", line 982, in save_dag_to_db
    import_errors = DagBag._sync_to_db(dags=dags, processor_subdir=dag_directory, session=session)
                    ^^^^^^^^^^^^^^^^^^^^^^^^^^^^^^^^^^^^^^^^^^^^^^^^^^^^^^^^^^^^^^^^^^^^^^^^^^^^^^
  File "/home/airflow/.local/lib/python3.12/site-packages/airflow/utils/session.py", line 94, in wrapper
    return func(*args, **kwargs)
           ^^^^^^^^^^^^^^^^^^^^^
  File "/home/airflow/.local/lib/python3.12/site-packages/airflow/models/dagbag.py", line 707, in _sync_to_db
    for attempt in run_with_db_retries(logger=log):
                   ^^^^^^^^^^^^^^^^^^^^^^^^^^^^^^^
  File "/home/airflow/.local/lib/python3.12/site-packages/tenacity/__init__.py", line 443, in __iter__
    do = self.iter(retry_state=retry_state)
         ^^^^^^^^^^^^^^^^^^^^^^^^^^^^^^^^^^
  File "/home/airflow/.local/lib/python3.12/site-packages/tenacity/__init__.py", line 376, in iter
    result = action(retry_state)
             ^^^^^^^^^^^^^^^^^^^
  File "/home/airflow/.local/lib/python3.12/site-packages/tenacity/__init__.py", line 398, in <lambda>
    self._add_action_func(lambda rs: rs.outcome.result())
                                     ^^^^^^^^^^^^^^^^^^^
  File "/usr/local/lib/python3.12/concurrent/futures/_base.py", line 449, in result
    return self.__get_result()
           ^^^^^^^^^^^^^^^^^^^
  File "/usr/local/lib/python3.12/concurrent/futures/_base.py", line 401, in __get_result
    raise self._exception
  File "/home/airflow/.local/lib/python3.12/site-packages/airflow/models/dagbag.py", line 723, in _sync_to_db
    DAG.bulk_write_to_db(dags.values(), processor_subdir=processor_subdir, session=session)
  File "/home/airflow/.local/lib/python3.12/site-packages/airflow/utils/session.py", line 94, in wrapper
    return func(*args, **kwargs)
           ^^^^^^^^^^^^^^^^^^^^^
  File "/home/airflow/.local/lib/python3.12/site-packages/airflow/models/dag.py", line 3414, in bulk_write_to_db
    dataset_manager.create_datasets(dataset_models=new_datasets, session=session)
  File "/home/airflow/.local/lib/python3.12/site-packages/airflow/datasets/manager.py", line 65, in create_datasets
    session.flush()
  File "/home/airflow/.local/lib/python3.12/site-packages/sqlalchemy/orm/session.py", line 3449, in flush
    self._flush(objects)
  File "/home/airflow/.local/lib/python3.12/site-packages/sqlalchemy/orm/session.py", line 3588, in _flush
    with util.safe_reraise():
  File "/home/airflow/.local/lib/python3.12/site-packages/sqlalchemy/util/langhelpers.py", line 70, in __exit__
    compat.raise_(
  File "/home/airflow/.local/lib/python3.12/site-packages/sqlalchemy/util/compat.py", line 211, in raise_
    raise exception
  File "/home/airflow/.local/lib/python3.12/site-packages/sqlalchemy/orm/session.py", line 3549, in _flush
    flush_context.execute()
  File "/home/airflow/.local/lib/python3.12/site-packages/sqlalchemy/orm/unitofwork.py", line 456, in execute
    rec.execute(self)
  File "/home/airflow/.local/lib/python3.12/site-packages/sqlalchemy/orm/unitofwork.py", line 630, in execute
    util.preloaded.orm_persistence.save_obj(
  File "/home/airflow/.local/lib/python3.12/site-packages/sqlalchemy/orm/persistence.py", line 237, in save_obj
    _emit_update_statements(
  File "/home/airflow/.local/lib/python3.12/site-packages/sqlalchemy/orm/persistence.py", line 1035, in _emit_update_statements
    raise orm_exc.StaleDataError(
sqlalchemy.orm.exc.StaleDataError: UPDATE statement on table 'serialized_dag' expected to update 1 row(s); 0 were matched.
[2024-09-22T15:29:03.988+0000] {processor.py:186} INFO - Started process (PID=188) to work on /opt/airflow/dags/download.py
[2024-09-22T15:29:04.006+0000] {processor.py:914} INFO - Processing file /opt/airflow/dags/download.py for tasks to queue
[2024-09-22T15:29:04.010+0000] {logging_mixin.py:190} INFO - [2024-09-22T15:29:04.009+0000] {dagbag.py:587} INFO - Filling up the DagBag from /opt/airflow/dags/download.py
[2024-09-22T15:29:04.033+0000] {processor.py:925} INFO - DAG(s) 'NY_TAXI' retrieved from /opt/airflow/dags/download.py
[2024-09-22T15:29:05.453+0000] {logging_mixin.py:190} INFO - [2024-09-22T15:29:05.452+0000] {dag.py:3229} INFO - Sync 1 DAGs
[2024-09-22T15:29:05.671+0000] {logging_mixin.py:190} INFO - [2024-09-22T15:29:05.670+0000] {dag.py:3252} INFO - Creating ORM DAG for NY_TAXI
[2024-09-22T15:29:05.734+0000] {logging_mixin.py:190} INFO - [2024-09-22T15:29:05.733+0000] {dag.py:4156} INFO - Setting next_dagrun for NY_TAXI to 2021-01-01 00:00:00+00:00, run_after=2021-01-02 00:00:00+00:00
[2024-09-22T15:29:06.128+0000] {processor.py:208} INFO - Processing /opt/airflow/dags/download.py took 2.153 seconds
[2024-09-22T15:29:36.326+0000] {processor.py:186} INFO - Started process (PID=200) to work on /opt/airflow/dags/download.py
[2024-09-22T15:29:36.353+0000] {processor.py:914} INFO - Processing file /opt/airflow/dags/download.py for tasks to queue
[2024-09-22T15:29:36.357+0000] {logging_mixin.py:190} INFO - [2024-09-22T15:29:36.357+0000] {dagbag.py:587} INFO - Filling up the DagBag from /opt/airflow/dags/download.py
[2024-09-22T15:29:36.382+0000] {processor.py:925} INFO - DAG(s) 'NY_TAXI' retrieved from /opt/airflow/dags/download.py
[2024-09-22T15:29:36.443+0000] {logging_mixin.py:190} INFO - [2024-09-22T15:29:36.443+0000] {dag.py:3229} INFO - Sync 1 DAGs
[2024-09-22T15:29:36.543+0000] {logging_mixin.py:190} INFO - [2024-09-22T15:29:36.543+0000] {dag.py:4156} INFO - Setting next_dagrun for NY_TAXI to 2021-01-01 00:00:00+00:00, run_after=2021-01-02 00:00:00+00:00
[2024-09-22T15:29:36.676+0000] {processor.py:208} INFO - Processing /opt/airflow/dags/download.py took 0.363 seconds
[2024-09-22T15:30:06.979+0000] {processor.py:186} INFO - Started process (PID=217) to work on /opt/airflow/dags/download.py
[2024-09-22T15:30:07.928+0000] {processor.py:914} INFO - Processing file /opt/airflow/dags/download.py for tasks to queue
[2024-09-22T15:30:07.931+0000] {logging_mixin.py:190} INFO - [2024-09-22T15:30:07.931+0000] {dagbag.py:587} INFO - Filling up the DagBag from /opt/airflow/dags/download.py
[2024-09-22T15:30:07.948+0000] {processor.py:925} INFO - DAG(s) 'NY_TAXI' retrieved from /opt/airflow/dags/download.py
[2024-09-22T15:30:07.981+0000] {logging_mixin.py:190} INFO - [2024-09-22T15:30:07.980+0000] {dag.py:3229} INFO - Sync 1 DAGs
[2024-09-22T15:30:08.012+0000] {logging_mixin.py:190} INFO - [2024-09-22T15:30:08.012+0000] {dag.py:4156} INFO - Setting next_dagrun for NY_TAXI to 2021-01-01 00:00:00+00:00, run_after=2021-01-02 00:00:00+00:00
[2024-09-22T15:30:08.253+0000] {processor.py:208} INFO - Processing /opt/airflow/dags/download.py took 1.282 seconds
[2024-09-22T15:30:38.542+0000] {processor.py:186} INFO - Started process (PID=228) to work on /opt/airflow/dags/download.py
[2024-09-22T15:30:38.571+0000] {processor.py:914} INFO - Processing file /opt/airflow/dags/download.py for tasks to queue
[2024-09-22T15:30:38.575+0000] {logging_mixin.py:190} INFO - [2024-09-22T15:30:38.574+0000] {dagbag.py:587} INFO - Filling up the DagBag from /opt/airflow/dags/download.py
[2024-09-22T15:30:38.591+0000] {processor.py:925} INFO - DAG(s) 'NY_TAXI' retrieved from /opt/airflow/dags/download.py
[2024-09-22T15:30:38.626+0000] {logging_mixin.py:190} INFO - [2024-09-22T15:30:38.626+0000] {dag.py:3229} INFO - Sync 1 DAGs
[2024-09-22T15:30:38.660+0000] {logging_mixin.py:190} INFO - [2024-09-22T15:30:38.660+0000] {dag.py:4156} INFO - Setting next_dagrun for NY_TAXI to 2021-01-01 00:00:00+00:00, run_after=2021-01-02 00:00:00+00:00
[2024-09-22T15:30:38.716+0000] {processor.py:208} INFO - Processing /opt/airflow/dags/download.py took 0.182 seconds
[2024-09-22T15:31:08.796+0000] {processor.py:186} INFO - Started process (PID=239) to work on /opt/airflow/dags/download.py
[2024-09-22T15:31:09.592+0000] {processor.py:914} INFO - Processing file /opt/airflow/dags/download.py for tasks to queue
[2024-09-22T15:31:09.598+0000] {logging_mixin.py:190} INFO - [2024-09-22T15:31:09.597+0000] {dagbag.py:587} INFO - Filling up the DagBag from /opt/airflow/dags/download.py
[2024-09-22T15:31:09.618+0000] {processor.py:925} INFO - DAG(s) 'NY_TAXI' retrieved from /opt/airflow/dags/download.py
[2024-09-22T15:31:09.648+0000] {logging_mixin.py:190} INFO - [2024-09-22T15:31:09.647+0000] {dag.py:3229} INFO - Sync 1 DAGs
[2024-09-22T15:31:09.679+0000] {logging_mixin.py:190} INFO - [2024-09-22T15:31:09.679+0000] {dag.py:4156} INFO - Setting next_dagrun for NY_TAXI to 2021-01-01 00:00:00+00:00, run_after=2021-01-02 00:00:00+00:00
[2024-09-22T15:31:09.729+0000] {processor.py:208} INFO - Processing /opt/airflow/dags/download.py took 0.941 seconds
[2024-09-22T15:31:40.024+0000] {processor.py:186} INFO - Started process (PID=250) to work on /opt/airflow/dags/download.py
[2024-09-22T15:31:40.030+0000] {processor.py:914} INFO - Processing file /opt/airflow/dags/download.py for tasks to queue
[2024-09-22T15:31:40.033+0000] {logging_mixin.py:190} INFO - [2024-09-22T15:31:40.033+0000] {dagbag.py:587} INFO - Filling up the DagBag from /opt/airflow/dags/download.py
[2024-09-22T15:31:40.046+0000] {processor.py:925} INFO - DAG(s) 'NY_TAXI' retrieved from /opt/airflow/dags/download.py
[2024-09-22T15:31:40.078+0000] {logging_mixin.py:190} INFO - [2024-09-22T15:31:40.077+0000] {dag.py:3229} INFO - Sync 1 DAGs
[2024-09-22T15:31:40.113+0000] {logging_mixin.py:190} INFO - [2024-09-22T15:31:40.113+0000] {dag.py:4156} INFO - Setting next_dagrun for NY_TAXI to 2021-01-01 00:00:00+00:00, run_after=2021-01-02 00:00:00+00:00
[2024-09-22T15:31:40.730+0000] {processor.py:208} INFO - Processing /opt/airflow/dags/download.py took 0.715 seconds
[2024-09-22T15:32:11.034+0000] {processor.py:186} INFO - Started process (PID=261) to work on /opt/airflow/dags/download.py
[2024-09-22T15:32:11.425+0000] {processor.py:914} INFO - Processing file /opt/airflow/dags/download.py for tasks to queue
[2024-09-22T15:32:11.429+0000] {logging_mixin.py:190} INFO - [2024-09-22T15:32:11.428+0000] {dagbag.py:587} INFO - Filling up the DagBag from /opt/airflow/dags/download.py
[2024-09-22T15:32:11.448+0000] {processor.py:925} INFO - DAG(s) 'NY_TAXI' retrieved from /opt/airflow/dags/download.py
[2024-09-22T15:32:11.479+0000] {logging_mixin.py:190} INFO - [2024-09-22T15:32:11.479+0000] {dag.py:3229} INFO - Sync 1 DAGs
[2024-09-22T15:32:11.511+0000] {logging_mixin.py:190} INFO - [2024-09-22T15:32:11.511+0000] {dag.py:4156} INFO - Setting next_dagrun for NY_TAXI to 2021-01-01 00:00:00+00:00, run_after=2021-01-02 00:00:00+00:00
[2024-09-22T15:32:11.558+0000] {processor.py:208} INFO - Processing /opt/airflow/dags/download.py took 0.530 seconds
[2024-09-22T15:32:41.727+0000] {processor.py:186} INFO - Started process (PID=271) to work on /opt/airflow/dags/download.py
[2024-09-22T15:32:41.767+0000] {processor.py:914} INFO - Processing file /opt/airflow/dags/download.py for tasks to queue
[2024-09-22T15:32:41.770+0000] {logging_mixin.py:190} INFO - [2024-09-22T15:32:41.770+0000] {dagbag.py:587} INFO - Filling up the DagBag from /opt/airflow/dags/download.py
[2024-09-22T15:32:41.784+0000] {processor.py:925} INFO - DAG(s) 'NY_TAXI' retrieved from /opt/airflow/dags/download.py
[2024-09-22T15:32:41.831+0000] {logging_mixin.py:190} INFO - [2024-09-22T15:32:41.830+0000] {dag.py:3229} INFO - Sync 1 DAGs
[2024-09-22T15:32:41.862+0000] {logging_mixin.py:190} INFO - [2024-09-22T15:32:41.862+0000] {dag.py:4156} INFO - Setting next_dagrun for NY_TAXI to 2021-01-01 00:00:00+00:00, run_after=2021-01-02 00:00:00+00:00
[2024-09-22T15:32:44.143+0000] {processor.py:208} INFO - Processing /opt/airflow/dags/download.py took 2.423 seconds
[2024-09-22T15:33:14.755+0000] {processor.py:186} INFO - Started process (PID=302) to work on /opt/airflow/dags/download.py
[2024-09-22T15:33:14.778+0000] {processor.py:914} INFO - Processing file /opt/airflow/dags/download.py for tasks to queue
[2024-09-22T15:33:14.798+0000] {logging_mixin.py:190} INFO - [2024-09-22T15:33:14.795+0000] {dagbag.py:587} INFO - Filling up the DagBag from /opt/airflow/dags/download.py
[2024-09-22T15:33:14.943+0000] {processor.py:925} INFO - DAG(s) 'NY_TAXI' retrieved from /opt/airflow/dags/download.py
[2024-09-22T15:33:15.714+0000] {logging_mixin.py:190} INFO - [2024-09-22T15:33:15.713+0000] {dag.py:3229} INFO - Sync 1 DAGs
[2024-09-22T15:33:15.781+0000] {logging_mixin.py:190} INFO - [2024-09-22T15:33:15.781+0000] {dag.py:4156} INFO - Setting next_dagrun for NY_TAXI to None, run_after=None
[2024-09-22T15:33:16.344+0000] {processor.py:208} INFO - Processing /opt/airflow/dags/download.py took 1.619 seconds
[2024-09-22T15:33:46.642+0000] {processor.py:186} INFO - Started process (PID=313) to work on /opt/airflow/dags/download.py
[2024-09-22T15:33:46.656+0000] {processor.py:914} INFO - Processing file /opt/airflow/dags/download.py for tasks to queue
[2024-09-22T15:33:46.659+0000] {logging_mixin.py:190} INFO - [2024-09-22T15:33:46.659+0000] {dagbag.py:587} INFO - Filling up the DagBag from /opt/airflow/dags/download.py
[2024-09-22T15:33:46.673+0000] {processor.py:925} INFO - DAG(s) 'NY_TAXI' retrieved from /opt/airflow/dags/download.py
[2024-09-22T15:33:46.715+0000] {logging_mixin.py:190} INFO - [2024-09-22T15:33:46.715+0000] {dag.py:3229} INFO - Sync 1 DAGs
[2024-09-22T15:33:46.747+0000] {logging_mixin.py:190} INFO - [2024-09-22T15:33:46.747+0000] {dag.py:4156} INFO - Setting next_dagrun for NY_TAXI to None, run_after=None
[2024-09-22T15:33:46.789+0000] {processor.py:208} INFO - Processing /opt/airflow/dags/download.py took 0.158 seconds
[2024-09-22T15:34:16.921+0000] {processor.py:186} INFO - Started process (PID=324) to work on /opt/airflow/dags/download.py
[2024-09-22T15:34:16.939+0000] {processor.py:914} INFO - Processing file /opt/airflow/dags/download.py for tasks to queue
[2024-09-22T15:34:16.943+0000] {logging_mixin.py:190} INFO - [2024-09-22T15:34:16.943+0000] {dagbag.py:587} INFO - Filling up the DagBag from /opt/airflow/dags/download.py
[2024-09-22T15:34:16.958+0000] {processor.py:925} INFO - DAG(s) 'NY_TAXI' retrieved from /opt/airflow/dags/download.py
[2024-09-22T15:34:16.991+0000] {logging_mixin.py:190} INFO - [2024-09-22T15:34:16.991+0000] {dag.py:3229} INFO - Sync 1 DAGs
[2024-09-22T15:34:17.022+0000] {logging_mixin.py:190} INFO - [2024-09-22T15:34:17.022+0000] {dag.py:4156} INFO - Setting next_dagrun for NY_TAXI to None, run_after=None
[2024-09-22T15:34:17.075+0000] {processor.py:208} INFO - Processing /opt/airflow/dags/download.py took 0.161 seconds
[2024-09-22T15:34:47.193+0000] {processor.py:186} INFO - Started process (PID=335) to work on /opt/airflow/dags/download.py
[2024-09-22T15:34:47.198+0000] {processor.py:914} INFO - Processing file /opt/airflow/dags/download.py for tasks to queue
[2024-09-22T15:34:47.201+0000] {logging_mixin.py:190} INFO - [2024-09-22T15:34:47.200+0000] {dagbag.py:587} INFO - Filling up the DagBag from /opt/airflow/dags/download.py
[2024-09-22T15:34:47.213+0000] {processor.py:925} INFO - DAG(s) 'NY_TAXI' retrieved from /opt/airflow/dags/download.py
[2024-09-22T15:34:47.245+0000] {logging_mixin.py:190} INFO - [2024-09-22T15:34:47.244+0000] {dag.py:3229} INFO - Sync 1 DAGs
[2024-09-22T15:34:47.274+0000] {logging_mixin.py:190} INFO - [2024-09-22T15:34:47.274+0000] {dag.py:4156} INFO - Setting next_dagrun for NY_TAXI to None, run_after=None
[2024-09-22T15:34:47.321+0000] {processor.py:208} INFO - Processing /opt/airflow/dags/download.py took 0.139 seconds
[2024-09-22T15:35:17.608+0000] {processor.py:186} INFO - Started process (PID=346) to work on /opt/airflow/dags/download.py
[2024-09-22T15:35:17.617+0000] {processor.py:914} INFO - Processing file /opt/airflow/dags/download.py for tasks to queue
[2024-09-22T15:35:17.620+0000] {logging_mixin.py:190} INFO - [2024-09-22T15:35:17.620+0000] {dagbag.py:587} INFO - Filling up the DagBag from /opt/airflow/dags/download.py
[2024-09-22T15:35:17.634+0000] {processor.py:925} INFO - DAG(s) 'NY_TAXI' retrieved from /opt/airflow/dags/download.py
[2024-09-22T15:35:17.665+0000] {logging_mixin.py:190} INFO - [2024-09-22T15:35:17.665+0000] {dag.py:3229} INFO - Sync 1 DAGs
[2024-09-22T15:35:17.697+0000] {logging_mixin.py:190} INFO - [2024-09-22T15:35:17.697+0000] {dag.py:4156} INFO - Setting next_dagrun for NY_TAXI to None, run_after=None
[2024-09-22T15:35:17.739+0000] {processor.py:208} INFO - Processing /opt/airflow/dags/download.py took 0.142 seconds
[2024-09-22T15:35:47.906+0000] {processor.py:186} INFO - Started process (PID=357) to work on /opt/airflow/dags/download.py
[2024-09-22T15:35:47.935+0000] {processor.py:914} INFO - Processing file /opt/airflow/dags/download.py for tasks to queue
[2024-09-22T15:35:47.946+0000] {logging_mixin.py:190} INFO - [2024-09-22T15:35:47.942+0000] {dagbag.py:587} INFO - Filling up the DagBag from /opt/airflow/dags/download.py
[2024-09-22T15:35:47.977+0000] {processor.py:925} INFO - DAG(s) 'NY_TAXI' retrieved from /opt/airflow/dags/download.py
[2024-09-22T15:35:48.069+0000] {logging_mixin.py:190} INFO - [2024-09-22T15:35:48.068+0000] {dag.py:3229} INFO - Sync 1 DAGs
[2024-09-22T15:35:48.160+0000] {logging_mixin.py:190} INFO - [2024-09-22T15:35:48.160+0000] {dag.py:4156} INFO - Setting next_dagrun for NY_TAXI to None, run_after=None
[2024-09-22T15:35:48.229+0000] {processor.py:208} INFO - Processing /opt/airflow/dags/download.py took 0.333 seconds
[2024-09-22T15:36:18.533+0000] {processor.py:186} INFO - Started process (PID=368) to work on /opt/airflow/dags/download.py
[2024-09-22T15:36:18.549+0000] {processor.py:914} INFO - Processing file /opt/airflow/dags/download.py for tasks to queue
[2024-09-22T15:36:18.552+0000] {logging_mixin.py:190} INFO - [2024-09-22T15:36:18.551+0000] {dagbag.py:587} INFO - Filling up the DagBag from /opt/airflow/dags/download.py
[2024-09-22T15:36:18.570+0000] {processor.py:925} INFO - DAG(s) 'NY_TAXI' retrieved from /opt/airflow/dags/download.py
[2024-09-22T15:36:18.601+0000] {logging_mixin.py:190} INFO - [2024-09-22T15:36:18.601+0000] {dag.py:3229} INFO - Sync 1 DAGs
[2024-09-22T15:36:18.634+0000] {logging_mixin.py:190} INFO - [2024-09-22T15:36:18.634+0000] {dag.py:4156} INFO - Setting next_dagrun for NY_TAXI to None, run_after=None
[2024-09-22T15:36:19.005+0000] {processor.py:208} INFO - Processing /opt/airflow/dags/download.py took 0.482 seconds
[2024-09-22T15:36:49.308+0000] {processor.py:186} INFO - Started process (PID=379) to work on /opt/airflow/dags/download.py
[2024-09-22T15:36:49.458+0000] {processor.py:914} INFO - Processing file /opt/airflow/dags/download.py for tasks to queue
[2024-09-22T15:36:49.461+0000] {logging_mixin.py:190} INFO - [2024-09-22T15:36:49.461+0000] {dagbag.py:587} INFO - Filling up the DagBag from /opt/airflow/dags/download.py
[2024-09-22T15:36:49.478+0000] {processor.py:925} INFO - DAG(s) 'NY_TAXI' retrieved from /opt/airflow/dags/download.py
[2024-09-22T15:36:49.514+0000] {logging_mixin.py:190} INFO - [2024-09-22T15:36:49.513+0000] {dag.py:3229} INFO - Sync 1 DAGs
[2024-09-22T15:36:49.545+0000] {logging_mixin.py:190} INFO - [2024-09-22T15:36:49.545+0000] {dag.py:4156} INFO - Setting next_dagrun for NY_TAXI to None, run_after=None
[2024-09-22T15:36:49.620+0000] {processor.py:208} INFO - Processing /opt/airflow/dags/download.py took 0.323 seconds
[2024-09-22T15:37:19.920+0000] {processor.py:186} INFO - Started process (PID=390) to work on /opt/airflow/dags/download.py
[2024-09-22T15:37:19.931+0000] {processor.py:914} INFO - Processing file /opt/airflow/dags/download.py for tasks to queue
[2024-09-22T15:37:19.934+0000] {logging_mixin.py:190} INFO - [2024-09-22T15:37:19.934+0000] {dagbag.py:587} INFO - Filling up the DagBag from /opt/airflow/dags/download.py
[2024-09-22T15:37:19.948+0000] {processor.py:925} INFO - DAG(s) 'NY_TAXI' retrieved from /opt/airflow/dags/download.py
[2024-09-22T15:37:19.982+0000] {logging_mixin.py:190} INFO - [2024-09-22T15:37:19.982+0000] {dag.py:3229} INFO - Sync 1 DAGs
[2024-09-22T15:37:20.017+0000] {logging_mixin.py:190} INFO - [2024-09-22T15:37:20.017+0000] {dag.py:4156} INFO - Setting next_dagrun for NY_TAXI to None, run_after=None
[2024-09-22T15:37:20.061+0000] {processor.py:208} INFO - Processing /opt/airflow/dags/download.py took 0.148 seconds
[2024-09-22T15:37:50.201+0000] {processor.py:186} INFO - Started process (PID=400) to work on /opt/airflow/dags/download.py
[2024-09-22T15:37:50.327+0000] {processor.py:914} INFO - Processing file /opt/airflow/dags/download.py for tasks to queue
[2024-09-22T15:37:50.332+0000] {logging_mixin.py:190} INFO - [2024-09-22T15:37:50.331+0000] {dagbag.py:587} INFO - Filling up the DagBag from /opt/airflow/dags/download.py
[2024-09-22T15:37:50.353+0000] {processor.py:925} INFO - DAG(s) 'NY_TAXI' retrieved from /opt/airflow/dags/download.py
[2024-09-22T15:37:50.388+0000] {logging_mixin.py:190} INFO - [2024-09-22T15:37:50.387+0000] {dag.py:3229} INFO - Sync 1 DAGs
[2024-09-22T15:37:50.432+0000] {logging_mixin.py:190} INFO - [2024-09-22T15:37:50.432+0000] {dag.py:4156} INFO - Setting next_dagrun for NY_TAXI to None, run_after=None
[2024-09-22T15:37:51.585+0000] {processor.py:208} INFO - Processing /opt/airflow/dags/download.py took 1.391 seconds
[2024-09-22T15:38:21.899+0000] {processor.py:186} INFO - Started process (PID=410) to work on /opt/airflow/dags/download.py
[2024-09-22T15:38:22.007+0000] {processor.py:914} INFO - Processing file /opt/airflow/dags/download.py for tasks to queue
[2024-09-22T15:38:22.011+0000] {logging_mixin.py:190} INFO - [2024-09-22T15:38:22.010+0000] {dagbag.py:587} INFO - Filling up the DagBag from /opt/airflow/dags/download.py
[2024-09-22T15:38:22.030+0000] {processor.py:925} INFO - DAG(s) 'NY_TAXI' retrieved from /opt/airflow/dags/download.py
[2024-09-22T15:38:22.076+0000] {logging_mixin.py:190} INFO - [2024-09-22T15:38:22.076+0000] {dag.py:3229} INFO - Sync 1 DAGs
[2024-09-22T15:38:22.121+0000] {logging_mixin.py:190} INFO - [2024-09-22T15:38:22.121+0000] {dag.py:4156} INFO - Setting next_dagrun for NY_TAXI to None, run_after=None
[2024-09-22T15:38:22.505+0000] {processor.py:208} INFO - Processing /opt/airflow/dags/download.py took 0.614 seconds
[2024-09-22T15:38:53.197+0000] {processor.py:186} INFO - Started process (PID=421) to work on /opt/airflow/dags/download.py
[2024-09-22T15:38:53.223+0000] {processor.py:914} INFO - Processing file /opt/airflow/dags/download.py for tasks to queue
[2024-09-22T15:38:53.228+0000] {logging_mixin.py:190} INFO - [2024-09-22T15:38:53.227+0000] {dagbag.py:587} INFO - Filling up the DagBag from /opt/airflow/dags/download.py
[2024-09-22T15:38:54.323+0000] {processor.py:925} INFO - DAG(s) 'NY_TAXI' retrieved from /opt/airflow/dags/download.py
[2024-09-22T15:38:54.575+0000] {logging_mixin.py:190} INFO - [2024-09-22T15:38:54.574+0000] {dag.py:3229} INFO - Sync 1 DAGs
[2024-09-22T15:38:54.611+0000] {logging_mixin.py:190} INFO - [2024-09-22T15:38:54.611+0000] {dag.py:4156} INFO - Setting next_dagrun for NY_TAXI to None, run_after=None
[2024-09-22T15:38:54.696+0000] {processor.py:208} INFO - Processing /opt/airflow/dags/download.py took 1.659 seconds
[2024-09-22T15:38:57.236+0000] {processor.py:186} INFO - Started process (PID=426) to work on /opt/airflow/dags/download.py
[2024-09-22T15:38:57.238+0000] {processor.py:914} INFO - Processing file /opt/airflow/dags/download.py for tasks to queue
[2024-09-22T15:38:57.241+0000] {logging_mixin.py:190} INFO - [2024-09-22T15:38:57.240+0000] {dagbag.py:587} INFO - Filling up the DagBag from /opt/airflow/dags/download.py
[2024-09-22T15:38:57.337+0000] {processor.py:925} INFO - DAG(s) 'NY_TAXI' retrieved from /opt/airflow/dags/download.py
[2024-09-22T15:39:01.724+0000] {logging_mixin.py:190} INFO - [2024-09-22T15:39:01.723+0000] {dag.py:3229} INFO - Sync 1 DAGs
[2024-09-22T15:39:01.771+0000] {logging_mixin.py:190} INFO - [2024-09-22T15:39:01.770+0000] {dag.py:4156} INFO - Setting next_dagrun for NY_TAXI to None, run_after=None
[2024-09-22T15:39:01.919+0000] {processor.py:208} INFO - Processing /opt/airflow/dags/download.py took 4.694 seconds
[2024-09-22T15:39:32.124+0000] {processor.py:186} INFO - Started process (PID=437) to work on /opt/airflow/dags/download.py
[2024-09-22T15:39:32.147+0000] {processor.py:914} INFO - Processing file /opt/airflow/dags/download.py for tasks to queue
[2024-09-22T15:39:32.152+0000] {logging_mixin.py:190} INFO - [2024-09-22T15:39:32.152+0000] {dagbag.py:587} INFO - Filling up the DagBag from /opt/airflow/dags/download.py
[2024-09-22T15:39:32.168+0000] {processor.py:925} INFO - DAG(s) 'NY_TAXI' retrieved from /opt/airflow/dags/download.py
[2024-09-22T15:39:32.203+0000] {logging_mixin.py:190} INFO - [2024-09-22T15:39:32.203+0000] {dag.py:3229} INFO - Sync 1 DAGs
[2024-09-22T15:39:32.241+0000] {logging_mixin.py:190} INFO - [2024-09-22T15:39:32.240+0000] {dag.py:4156} INFO - Setting next_dagrun for NY_TAXI to None, run_after=None
[2024-09-22T15:39:32.283+0000] {processor.py:208} INFO - Processing /opt/airflow/dags/download.py took 0.167 seconds
[2024-09-22T15:40:02.582+0000] {processor.py:186} INFO - Started process (PID=452) to work on /opt/airflow/dags/download.py
[2024-09-22T15:40:02.593+0000] {processor.py:914} INFO - Processing file /opt/airflow/dags/download.py for tasks to queue
[2024-09-22T15:40:02.599+0000] {logging_mixin.py:190} INFO - [2024-09-22T15:40:02.598+0000] {dagbag.py:587} INFO - Filling up the DagBag from /opt/airflow/dags/download.py
[2024-09-22T15:40:02.630+0000] {processor.py:925} INFO - DAG(s) 'NY_TAXI' retrieved from /opt/airflow/dags/download.py
[2024-09-22T15:40:02.695+0000] {logging_mixin.py:190} INFO - [2024-09-22T15:40:02.695+0000] {dag.py:3229} INFO - Sync 1 DAGs
[2024-09-22T15:40:02.775+0000] {logging_mixin.py:190} INFO - [2024-09-22T15:40:02.774+0000] {dag.py:4156} INFO - Setting next_dagrun for NY_TAXI to None, run_after=None
[2024-09-22T15:40:02.843+0000] {processor.py:208} INFO - Processing /opt/airflow/dags/download.py took 0.273 seconds
[2024-09-22T15:40:33.220+0000] {processor.py:186} INFO - Started process (PID=463) to work on /opt/airflow/dags/download.py
[2024-09-22T15:40:33.248+0000] {processor.py:914} INFO - Processing file /opt/airflow/dags/download.py for tasks to queue
[2024-09-22T15:40:33.252+0000] {logging_mixin.py:190} INFO - [2024-09-22T15:40:33.252+0000] {dagbag.py:587} INFO - Filling up the DagBag from /opt/airflow/dags/download.py
[2024-09-22T15:40:33.268+0000] {processor.py:925} INFO - DAG(s) 'NY_TAXI' retrieved from /opt/airflow/dags/download.py
[2024-09-22T15:40:33.863+0000] {logging_mixin.py:190} INFO - [2024-09-22T15:40:33.863+0000] {dag.py:3229} INFO - Sync 1 DAGs
[2024-09-22T15:40:33.883+0000] {logging_mixin.py:190} INFO - [2024-09-22T15:40:33.883+0000] {dag.py:3252} INFO - Creating ORM DAG for NY_TAXI
[2024-09-22T15:40:33.900+0000] {logging_mixin.py:190} INFO - [2024-09-22T15:40:33.900+0000] {dag.py:4156} INFO - Setting next_dagrun for NY_TAXI to 2021-01-01 00:00:00+00:00, run_after=2021-01-02 00:00:00+00:00
[2024-09-22T15:40:34.939+0000] {processor.py:208} INFO - Processing /opt/airflow/dags/download.py took 1.727 seconds
[2024-09-22T15:41:05.243+0000] {processor.py:186} INFO - Started process (PID=474) to work on /opt/airflow/dags/download.py
[2024-09-22T15:41:05.262+0000] {processor.py:914} INFO - Processing file /opt/airflow/dags/download.py for tasks to queue
[2024-09-22T15:41:05.276+0000] {logging_mixin.py:190} INFO - [2024-09-22T15:41:05.274+0000] {dagbag.py:587} INFO - Filling up the DagBag from /opt/airflow/dags/download.py
[2024-09-22T15:41:05.340+0000] {processor.py:925} INFO - DAG(s) 'NY_TAXI' retrieved from /opt/airflow/dags/download.py
[2024-09-22T15:41:05.456+0000] {logging_mixin.py:190} INFO - [2024-09-22T15:41:05.454+0000] {dag.py:3229} INFO - Sync 1 DAGs
[2024-09-22T15:41:05.537+0000] {logging_mixin.py:190} INFO - [2024-09-22T15:41:05.536+0000] {dag.py:4156} INFO - Setting next_dagrun for NY_TAXI to 2021-01-01 00:00:00+00:00, run_after=2021-01-02 00:00:00+00:00
[2024-09-22T15:41:05.595+0000] {processor.py:208} INFO - Processing /opt/airflow/dags/download.py took 0.392 seconds
[2024-09-22T15:41:35.900+0000] {processor.py:186} INFO - Started process (PID=501) to work on /opt/airflow/dags/download.py
[2024-09-22T15:41:35.912+0000] {processor.py:914} INFO - Processing file /opt/airflow/dags/download.py for tasks to queue
[2024-09-22T15:41:35.916+0000] {logging_mixin.py:190} INFO - [2024-09-22T15:41:35.915+0000] {dagbag.py:587} INFO - Filling up the DagBag from /opt/airflow/dags/download.py
[2024-09-22T15:41:36.005+0000] {processor.py:925} INFO - DAG(s) 'NY_TAXI' retrieved from /opt/airflow/dags/download.py
[2024-09-22T15:41:37.174+0000] {logging_mixin.py:190} INFO - [2024-09-22T15:41:37.174+0000] {dag.py:3229} INFO - Sync 1 DAGs
[2024-09-22T15:41:37.268+0000] {logging_mixin.py:190} INFO - [2024-09-22T15:41:37.267+0000] {dag.py:4156} INFO - Setting next_dagrun for NY_TAXI to None, run_after=None
[2024-09-22T15:41:37.337+0000] {processor.py:208} INFO - Processing /opt/airflow/dags/download.py took 1.450 seconds
[2024-09-22T15:42:07.721+0000] {processor.py:186} INFO - Started process (PID=516) to work on /opt/airflow/dags/download.py
[2024-09-22T15:42:07.739+0000] {processor.py:914} INFO - Processing file /opt/airflow/dags/download.py for tasks to queue
[2024-09-22T15:42:07.744+0000] {logging_mixin.py:190} INFO - [2024-09-22T15:42:07.743+0000] {dagbag.py:587} INFO - Filling up the DagBag from /opt/airflow/dags/download.py
[2024-09-22T15:42:07.769+0000] {processor.py:925} INFO - DAG(s) 'NY_TAXI' retrieved from /opt/airflow/dags/download.py
[2024-09-22T15:42:07.826+0000] {logging_mixin.py:190} INFO - [2024-09-22T15:42:07.826+0000] {dag.py:3229} INFO - Sync 1 DAGs
[2024-09-22T15:42:07.915+0000] {logging_mixin.py:190} INFO - [2024-09-22T15:42:07.915+0000] {dag.py:4156} INFO - Setting next_dagrun for NY_TAXI to None, run_after=None
[2024-09-22T15:42:08.012+0000] {processor.py:208} INFO - Processing /opt/airflow/dags/download.py took 0.303 seconds
[2024-09-22T15:42:38.356+0000] {processor.py:186} INFO - Started process (PID=527) to work on /opt/airflow/dags/download.py
[2024-09-22T15:42:38.824+0000] {processor.py:914} INFO - Processing file /opt/airflow/dags/download.py for tasks to queue
[2024-09-22T15:42:38.829+0000] {logging_mixin.py:190} INFO - [2024-09-22T15:42:38.828+0000] {dagbag.py:587} INFO - Filling up the DagBag from /opt/airflow/dags/download.py
[2024-09-22T15:42:38.843+0000] {processor.py:925} INFO - DAG(s) 'NY_TAXI' retrieved from /opt/airflow/dags/download.py
[2024-09-22T15:42:38.886+0000] {logging_mixin.py:190} INFO - [2024-09-22T15:42:38.886+0000] {dag.py:3229} INFO - Sync 1 DAGs
[2024-09-22T15:42:38.920+0000] {logging_mixin.py:190} INFO - [2024-09-22T15:42:38.920+0000] {dag.py:4156} INFO - Setting next_dagrun for NY_TAXI to None, run_after=None
[2024-09-22T15:42:38.983+0000] {processor.py:208} INFO - Processing /opt/airflow/dags/download.py took 0.637 seconds
[2024-09-22T15:43:09.258+0000] {processor.py:186} INFO - Started process (PID=538) to work on /opt/airflow/dags/download.py
[2024-09-22T15:43:09.864+0000] {processor.py:914} INFO - Processing file /opt/airflow/dags/download.py for tasks to queue
[2024-09-22T15:43:09.870+0000] {logging_mixin.py:190} INFO - [2024-09-22T15:43:09.869+0000] {dagbag.py:587} INFO - Filling up the DagBag from /opt/airflow/dags/download.py
[2024-09-22T15:43:09.896+0000] {processor.py:925} INFO - DAG(s) 'NY_TAXI' retrieved from /opt/airflow/dags/download.py
[2024-09-22T15:43:09.938+0000] {logging_mixin.py:190} INFO - [2024-09-22T15:43:09.937+0000] {dag.py:3229} INFO - Sync 1 DAGs
[2024-09-22T15:43:09.971+0000] {logging_mixin.py:190} INFO - [2024-09-22T15:43:09.970+0000] {dag.py:4156} INFO - Setting next_dagrun for NY_TAXI to None, run_after=None
[2024-09-22T15:43:10.265+0000] {processor.py:208} INFO - Processing /opt/airflow/dags/download.py took 1.015 seconds
[2024-09-22T15:43:40.520+0000] {processor.py:186} INFO - Started process (PID=549) to work on /opt/airflow/dags/download.py
[2024-09-22T15:43:40.546+0000] {processor.py:914} INFO - Processing file /opt/airflow/dags/download.py for tasks to queue
[2024-09-22T15:43:40.550+0000] {logging_mixin.py:190} INFO - [2024-09-22T15:43:40.549+0000] {dagbag.py:587} INFO - Filling up the DagBag from /opt/airflow/dags/download.py
[2024-09-22T15:43:40.564+0000] {processor.py:925} INFO - DAG(s) 'NY_TAXI' retrieved from /opt/airflow/dags/download.py
[2024-09-22T15:43:40.594+0000] {logging_mixin.py:190} INFO - [2024-09-22T15:43:40.594+0000] {dag.py:3229} INFO - Sync 1 DAGs
[2024-09-22T15:43:40.623+0000] {logging_mixin.py:190} INFO - [2024-09-22T15:43:40.622+0000] {dag.py:4156} INFO - Setting next_dagrun for NY_TAXI to None, run_after=None
[2024-09-22T15:43:42.054+0000] {processor.py:208} INFO - Processing /opt/airflow/dags/download.py took 1.541 seconds
[2024-09-22T15:44:12.377+0000] {processor.py:186} INFO - Started process (PID=560) to work on /opt/airflow/dags/download.py
[2024-09-22T15:44:12.404+0000] {processor.py:914} INFO - Processing file /opt/airflow/dags/download.py for tasks to queue
[2024-09-22T15:44:12.408+0000] {logging_mixin.py:190} INFO - [2024-09-22T15:44:12.407+0000] {dagbag.py:587} INFO - Filling up the DagBag from /opt/airflow/dags/download.py
[2024-09-22T15:44:12.428+0000] {processor.py:925} INFO - DAG(s) 'NY_TAXI' retrieved from /opt/airflow/dags/download.py
[2024-09-22T15:44:12.467+0000] {logging_mixin.py:190} INFO - [2024-09-22T15:44:12.466+0000] {dag.py:3229} INFO - Sync 1 DAGs
[2024-09-22T15:44:12.508+0000] {logging_mixin.py:190} INFO - [2024-09-22T15:44:12.507+0000] {dag.py:4156} INFO - Setting next_dagrun for NY_TAXI to None, run_after=None
[2024-09-22T15:44:13.945+0000] {processor.py:208} INFO - Processing /opt/airflow/dags/download.py took 1.575 seconds
[2024-09-22T15:44:44.100+0000] {processor.py:186} INFO - Started process (PID=571) to work on /opt/airflow/dags/download.py
[2024-09-22T15:44:44.107+0000] {processor.py:914} INFO - Processing file /opt/airflow/dags/download.py for tasks to queue
[2024-09-22T15:44:44.110+0000] {logging_mixin.py:190} INFO - [2024-09-22T15:44:44.109+0000] {dagbag.py:587} INFO - Filling up the DagBag from /opt/airflow/dags/download.py
[2024-09-22T15:44:44.124+0000] {processor.py:925} INFO - DAG(s) 'NY_TAXI' retrieved from /opt/airflow/dags/download.py
[2024-09-22T15:44:44.157+0000] {logging_mixin.py:190} INFO - [2024-09-22T15:44:44.157+0000] {dag.py:3229} INFO - Sync 1 DAGs
[2024-09-22T15:44:44.190+0000] {logging_mixin.py:190} INFO - [2024-09-22T15:44:44.189+0000] {dag.py:4156} INFO - Setting next_dagrun for NY_TAXI to None, run_after=None
[2024-09-22T15:44:44.230+0000] {processor.py:208} INFO - Processing /opt/airflow/dags/download.py took 0.138 seconds
[2024-09-22T15:45:14.723+0000] {processor.py:186} INFO - Started process (PID=582) to work on /opt/airflow/dags/download.py
[2024-09-22T15:45:14.753+0000] {processor.py:914} INFO - Processing file /opt/airflow/dags/download.py for tasks to queue
[2024-09-22T15:45:14.790+0000] {logging_mixin.py:190} INFO - [2024-09-22T15:45:14.787+0000] {dagbag.py:587} INFO - Filling up the DagBag from /opt/airflow/dags/download.py
[2024-09-22T15:45:14.876+0000] {processor.py:925} INFO - DAG(s) 'NY_TAXI' retrieved from /opt/airflow/dags/download.py
[2024-09-22T15:45:15.191+0000] {logging_mixin.py:190} INFO - [2024-09-22T15:45:15.190+0000] {dag.py:3229} INFO - Sync 1 DAGs
[2024-09-22T15:45:16.339+0000] {logging_mixin.py:190} INFO - [2024-09-22T15:45:16.338+0000] {dag.py:4156} INFO - Setting next_dagrun for NY_TAXI to None, run_after=None
[2024-09-22T15:45:16.536+0000] {processor.py:208} INFO - Processing /opt/airflow/dags/download.py took 1.843 seconds
[2024-09-22T15:45:46.824+0000] {processor.py:186} INFO - Started process (PID=593) to work on /opt/airflow/dags/download.py
[2024-09-22T15:45:46.826+0000] {processor.py:914} INFO - Processing file /opt/airflow/dags/download.py for tasks to queue
[2024-09-22T15:45:46.833+0000] {logging_mixin.py:190} INFO - [2024-09-22T15:45:46.832+0000] {dagbag.py:587} INFO - Filling up the DagBag from /opt/airflow/dags/download.py
[2024-09-22T15:45:46.865+0000] {processor.py:925} INFO - DAG(s) 'NY_TAXI' retrieved from /opt/airflow/dags/download.py
[2024-09-22T15:45:46.931+0000] {logging_mixin.py:190} INFO - [2024-09-22T15:45:46.930+0000] {dag.py:3229} INFO - Sync 1 DAGs
[2024-09-22T15:45:46.995+0000] {logging_mixin.py:190} INFO - [2024-09-22T15:45:46.994+0000] {dag.py:4156} INFO - Setting next_dagrun for NY_TAXI to None, run_after=None
[2024-09-22T15:45:47.099+0000] {processor.py:208} INFO - Processing /opt/airflow/dags/download.py took 0.292 seconds
[2024-09-22T15:46:17.316+0000] {processor.py:186} INFO - Started process (PID=604) to work on /opt/airflow/dags/download.py
[2024-09-22T15:46:17.352+0000] {processor.py:914} INFO - Processing file /opt/airflow/dags/download.py for tasks to queue
[2024-09-22T15:46:17.370+0000] {logging_mixin.py:190} INFO - [2024-09-22T15:46:17.368+0000] {dagbag.py:587} INFO - Filling up the DagBag from /opt/airflow/dags/download.py
[2024-09-22T15:46:17.445+0000] {processor.py:925} INFO - DAG(s) 'NY_TAXI' retrieved from /opt/airflow/dags/download.py
[2024-09-22T15:46:17.565+0000] {logging_mixin.py:190} INFO - [2024-09-22T15:46:17.564+0000] {dag.py:3229} INFO - Sync 1 DAGs
[2024-09-22T15:46:17.633+0000] {logging_mixin.py:190} INFO - [2024-09-22T15:46:17.633+0000] {dag.py:4156} INFO - Setting next_dagrun for NY_TAXI to None, run_after=None
[2024-09-22T15:46:17.738+0000] {processor.py:208} INFO - Processing /opt/airflow/dags/download.py took 0.477 seconds
[2024-09-22T15:46:47.862+0000] {processor.py:186} INFO - Started process (PID=615) to work on /opt/airflow/dags/download.py
[2024-09-22T15:46:47.867+0000] {processor.py:914} INFO - Processing file /opt/airflow/dags/download.py for tasks to queue
[2024-09-22T15:46:47.873+0000] {logging_mixin.py:190} INFO - [2024-09-22T15:46:47.873+0000] {dagbag.py:587} INFO - Filling up the DagBag from /opt/airflow/dags/download.py
[2024-09-22T15:46:47.920+0000] {processor.py:925} INFO - DAG(s) 'NY_TAXI' retrieved from /opt/airflow/dags/download.py
[2024-09-22T15:46:51.638+0000] {logging_mixin.py:190} INFO - [2024-09-22T15:46:51.637+0000] {dag.py:3229} INFO - Sync 1 DAGs
[2024-09-22T15:46:52.905+0000] {logging_mixin.py:190} INFO - [2024-09-22T15:46:52.902+0000] {dag.py:4156} INFO - Setting next_dagrun for NY_TAXI to None, run_after=None
[2024-09-22T15:46:53.735+0000] {processor.py:208} INFO - Processing /opt/airflow/dags/download.py took 5.897 seconds
[2024-09-22T15:47:27.115+0000] {processor.py:186} INFO - Started process (PID=626) to work on /opt/airflow/dags/download.py
[2024-09-22T15:47:27.263+0000] {processor.py:914} INFO - Processing file /opt/airflow/dags/download.py for tasks to queue
[2024-09-22T15:47:28.186+0000] {logging_mixin.py:190} INFO - [2024-09-22T15:47:28.185+0000] {dagbag.py:587} INFO - Filling up the DagBag from /opt/airflow/dags/download.py
[2024-09-22T15:47:34.864+0000] {processor.py:925} INFO - DAG(s) 'NY_TAXI' retrieved from /opt/airflow/dags/download.py
[2024-09-22T15:47:39.263+0000] {logging_mixin.py:190} INFO - [2024-09-22T15:47:39.262+0000] {dag.py:3229} INFO - Sync 1 DAGs
[2024-09-22T15:47:40.945+0000] {logging_mixin.py:190} INFO - [2024-09-22T15:47:40.945+0000] {dag.py:4156} INFO - Setting next_dagrun for NY_TAXI to None, run_after=None
[2024-09-22T15:47:41.512+0000] {processor.py:208} INFO - Processing /opt/airflow/dags/download.py took 15.762 seconds
[2024-09-22T15:48:11.965+0000] {processor.py:186} INFO - Started process (PID=642) to work on /opt/airflow/dags/download.py
[2024-09-22T15:48:11.986+0000] {processor.py:914} INFO - Processing file /opt/airflow/dags/download.py for tasks to queue
[2024-09-22T15:48:11.991+0000] {logging_mixin.py:190} INFO - [2024-09-22T15:48:11.991+0000] {dagbag.py:587} INFO - Filling up the DagBag from /opt/airflow/dags/download.py
[2024-09-22T15:48:12.018+0000] {processor.py:925} INFO - DAG(s) 'NY_TAXI' retrieved from /opt/airflow/dags/download.py
[2024-09-22T15:48:12.202+0000] {logging_mixin.py:190} INFO - [2024-09-22T15:48:12.202+0000] {dag.py:3229} INFO - Sync 1 DAGs
[2024-09-22T15:48:12.311+0000] {logging_mixin.py:190} INFO - [2024-09-22T15:48:12.311+0000] {dag.py:4156} INFO - Setting next_dagrun for NY_TAXI to None, run_after=None
[2024-09-22T15:48:12.391+0000] {processor.py:208} INFO - Processing /opt/airflow/dags/download.py took 0.440 seconds
[2024-09-22T15:48:42.708+0000] {processor.py:186} INFO - Started process (PID=653) to work on /opt/airflow/dags/download.py
[2024-09-22T15:48:42.709+0000] {processor.py:914} INFO - Processing file /opt/airflow/dags/download.py for tasks to queue
[2024-09-22T15:48:42.712+0000] {logging_mixin.py:190} INFO - [2024-09-22T15:48:42.712+0000] {dagbag.py:587} INFO - Filling up the DagBag from /opt/airflow/dags/download.py
[2024-09-22T15:48:42.726+0000] {processor.py:925} INFO - DAG(s) 'NY_TAXI' retrieved from /opt/airflow/dags/download.py
[2024-09-22T15:48:42.758+0000] {logging_mixin.py:190} INFO - [2024-09-22T15:48:42.757+0000] {dag.py:3229} INFO - Sync 1 DAGs
[2024-09-22T15:48:42.793+0000] {logging_mixin.py:190} INFO - [2024-09-22T15:48:42.792+0000] {dag.py:4156} INFO - Setting next_dagrun for NY_TAXI to None, run_after=None
[2024-09-22T15:48:42.841+0000] {processor.py:208} INFO - Processing /opt/airflow/dags/download.py took 0.141 seconds
[2024-09-22T15:49:13.016+0000] {processor.py:186} INFO - Started process (PID=664) to work on /opt/airflow/dags/download.py
[2024-09-22T15:49:14.242+0000] {processor.py:914} INFO - Processing file /opt/airflow/dags/download.py for tasks to queue
[2024-09-22T15:49:14.248+0000] {logging_mixin.py:190} INFO - [2024-09-22T15:49:14.247+0000] {dagbag.py:587} INFO - Filling up the DagBag from /opt/airflow/dags/download.py
[2024-09-22T15:49:14.282+0000] {processor.py:925} INFO - DAG(s) 'NY_TAXI' retrieved from /opt/airflow/dags/download.py
[2024-09-22T15:49:14.316+0000] {logging_mixin.py:190} INFO - [2024-09-22T15:49:14.316+0000] {dag.py:3229} INFO - Sync 1 DAGs
[2024-09-22T15:49:14.346+0000] {logging_mixin.py:190} INFO - [2024-09-22T15:49:14.346+0000] {dag.py:4156} INFO - Setting next_dagrun for NY_TAXI to None, run_after=None
[2024-09-22T15:49:14.383+0000] {processor.py:208} INFO - Processing /opt/airflow/dags/download.py took 1.375 seconds
[2024-09-22T15:49:44.635+0000] {processor.py:186} INFO - Started process (PID=674) to work on /opt/airflow/dags/download.py
[2024-09-22T15:49:44.637+0000] {processor.py:914} INFO - Processing file /opt/airflow/dags/download.py for tasks to queue
[2024-09-22T15:49:44.641+0000] {logging_mixin.py:190} INFO - [2024-09-22T15:49:44.641+0000] {dagbag.py:587} INFO - Filling up the DagBag from /opt/airflow/dags/download.py
[2024-09-22T15:49:44.669+0000] {processor.py:925} INFO - DAG(s) 'NY_TAXI' retrieved from /opt/airflow/dags/download.py
[2024-09-22T15:49:44.730+0000] {logging_mixin.py:190} INFO - [2024-09-22T15:49:44.729+0000] {dag.py:3229} INFO - Sync 1 DAGs
[2024-09-22T15:49:44.791+0000] {logging_mixin.py:190} INFO - [2024-09-22T15:49:44.791+0000] {dag.py:4156} INFO - Setting next_dagrun for NY_TAXI to None, run_after=None
[2024-09-22T15:49:44.850+0000] {processor.py:208} INFO - Processing /opt/airflow/dags/download.py took 0.228 seconds
[2024-09-22T15:50:15.177+0000] {processor.py:186} INFO - Started process (PID=684) to work on /opt/airflow/dags/download.py
[2024-09-22T15:50:15.213+0000] {processor.py:914} INFO - Processing file /opt/airflow/dags/download.py for tasks to queue
[2024-09-22T15:50:15.219+0000] {logging_mixin.py:190} INFO - [2024-09-22T15:50:15.218+0000] {dagbag.py:587} INFO - Filling up the DagBag from /opt/airflow/dags/download.py
[2024-09-22T15:50:15.665+0000] {processor.py:925} INFO - DAG(s) 'NY_TAXI' retrieved from /opt/airflow/dags/download.py
[2024-09-22T15:50:15.844+0000] {logging_mixin.py:190} INFO - [2024-09-22T15:50:15.844+0000] {dag.py:3229} INFO - Sync 1 DAGs
[2024-09-22T15:50:15.927+0000] {logging_mixin.py:190} INFO - [2024-09-22T15:50:15.927+0000] {dag.py:4156} INFO - Setting next_dagrun for NY_TAXI to None, run_after=None
[2024-09-22T15:50:16.072+0000] {processor.py:208} INFO - Processing /opt/airflow/dags/download.py took 0.916 seconds
[2024-09-22T15:50:46.549+0000] {processor.py:186} INFO - Started process (PID=695) to work on /opt/airflow/dags/download.py
[2024-09-22T15:50:46.551+0000] {processor.py:914} INFO - Processing file /opt/airflow/dags/download.py for tasks to queue
[2024-09-22T15:50:46.559+0000] {logging_mixin.py:190} INFO - [2024-09-22T15:50:46.557+0000] {dagbag.py:587} INFO - Filling up the DagBag from /opt/airflow/dags/download.py
[2024-09-22T15:50:46.713+0000] {processor.py:925} INFO - DAG(s) 'NY_TAXI' retrieved from /opt/airflow/dags/download.py
[2024-09-22T15:50:46.755+0000] {logging_mixin.py:190} INFO - [2024-09-22T15:50:46.755+0000] {dag.py:3229} INFO - Sync 1 DAGs
[2024-09-22T15:50:46.799+0000] {logging_mixin.py:190} INFO - [2024-09-22T15:50:46.799+0000] {dag.py:4156} INFO - Setting next_dagrun for NY_TAXI to None, run_after=None
[2024-09-22T15:50:46.843+0000] {processor.py:208} INFO - Processing /opt/airflow/dags/download.py took 0.325 seconds
[2024-09-22T15:51:17.133+0000] {processor.py:186} INFO - Started process (PID=706) to work on /opt/airflow/dags/download.py
[2024-09-22T15:51:17.133+0000] {processor.py:914} INFO - Processing file /opt/airflow/dags/download.py for tasks to queue
[2024-09-22T15:51:17.136+0000] {logging_mixin.py:190} INFO - [2024-09-22T15:51:17.136+0000] {dagbag.py:587} INFO - Filling up the DagBag from /opt/airflow/dags/download.py
[2024-09-22T15:51:17.180+0000] {processor.py:925} INFO - DAG(s) 'NY_TAXI' retrieved from /opt/airflow/dags/download.py
[2024-09-22T15:51:17.219+0000] {logging_mixin.py:190} INFO - [2024-09-22T15:51:17.219+0000] {dag.py:3229} INFO - Sync 1 DAGs
[2024-09-22T15:51:17.252+0000] {logging_mixin.py:190} INFO - [2024-09-22T15:51:17.252+0000] {dag.py:4156} INFO - Setting next_dagrun for NY_TAXI to None, run_after=None
[2024-09-22T15:51:18.418+0000] {processor.py:208} INFO - Processing /opt/airflow/dags/download.py took 1.293 seconds
[2024-09-22T15:51:48.708+0000] {processor.py:186} INFO - Started process (PID=716) to work on /opt/airflow/dags/download.py
[2024-09-22T15:51:48.724+0000] {processor.py:914} INFO - Processing file /opt/airflow/dags/download.py for tasks to queue
[2024-09-22T15:51:48.730+0000] {logging_mixin.py:190} INFO - [2024-09-22T15:51:48.729+0000] {dagbag.py:587} INFO - Filling up the DagBag from /opt/airflow/dags/download.py
[2024-09-22T15:51:48.752+0000] {processor.py:925} INFO - DAG(s) 'NY_TAXI' retrieved from /opt/airflow/dags/download.py
[2024-09-22T15:51:48.786+0000] {logging_mixin.py:190} INFO - [2024-09-22T15:51:48.786+0000] {dag.py:3229} INFO - Sync 1 DAGs
[2024-09-22T15:51:48.827+0000] {logging_mixin.py:190} INFO - [2024-09-22T15:51:48.826+0000] {dag.py:4156} INFO - Setting next_dagrun for NY_TAXI to None, run_after=None
[2024-09-22T15:51:48.869+0000] {processor.py:208} INFO - Processing /opt/airflow/dags/download.py took 0.172 seconds
[2024-09-22T15:52:19.452+0000] {processor.py:186} INFO - Started process (PID=727) to work on /opt/airflow/dags/download.py
[2024-09-22T15:52:19.453+0000] {processor.py:914} INFO - Processing file /opt/airflow/dags/download.py for tasks to queue
[2024-09-22T15:52:19.456+0000] {logging_mixin.py:190} INFO - [2024-09-22T15:52:19.456+0000] {dagbag.py:587} INFO - Filling up the DagBag from /opt/airflow/dags/download.py
[2024-09-22T15:52:19.470+0000] {processor.py:925} INFO - DAG(s) 'NY_TAXI' retrieved from /opt/airflow/dags/download.py
[2024-09-22T15:52:19.502+0000] {logging_mixin.py:190} INFO - [2024-09-22T15:52:19.502+0000] {dag.py:3229} INFO - Sync 1 DAGs
[2024-09-22T15:52:19.532+0000] {logging_mixin.py:190} INFO - [2024-09-22T15:52:19.532+0000] {dag.py:4156} INFO - Setting next_dagrun for NY_TAXI to None, run_after=None
[2024-09-22T15:52:19.581+0000] {processor.py:208} INFO - Processing /opt/airflow/dags/download.py took 0.137 seconds
[2024-09-22T15:52:49.912+0000] {processor.py:186} INFO - Started process (PID=738) to work on /opt/airflow/dags/download.py
[2024-09-22T15:52:49.996+0000] {processor.py:914} INFO - Processing file /opt/airflow/dags/download.py for tasks to queue
[2024-09-22T15:52:50.007+0000] {logging_mixin.py:190} INFO - [2024-09-22T15:52:50.006+0000] {dagbag.py:587} INFO - Filling up the DagBag from /opt/airflow/dags/download.py
[2024-09-22T15:52:50.117+0000] {processor.py:925} INFO - DAG(s) 'NY_TAXI' retrieved from /opt/airflow/dags/download.py
[2024-09-22T15:52:50.419+0000] {logging_mixin.py:190} INFO - [2024-09-22T15:52:50.416+0000] {dag.py:3229} INFO - Sync 1 DAGs
[2024-09-22T15:52:50.712+0000] {logging_mixin.py:190} INFO - [2024-09-22T15:52:50.711+0000] {dag.py:4156} INFO - Setting next_dagrun for NY_TAXI to None, run_after=None
[2024-09-22T15:52:50.843+0000] {processor.py:208} INFO - Processing /opt/airflow/dags/download.py took 0.946 seconds
[2024-09-22T15:53:21.167+0000] {processor.py:186} INFO - Started process (PID=749) to work on /opt/airflow/dags/download.py
[2024-09-22T15:53:21.170+0000] {processor.py:914} INFO - Processing file /opt/airflow/dags/download.py for tasks to queue
[2024-09-22T15:53:21.173+0000] {logging_mixin.py:190} INFO - [2024-09-22T15:53:21.173+0000] {dagbag.py:587} INFO - Filling up the DagBag from /opt/airflow/dags/download.py
[2024-09-22T15:53:21.193+0000] {processor.py:925} INFO - DAG(s) 'NY_TAXI' retrieved from /opt/airflow/dags/download.py
[2024-09-22T15:53:21.231+0000] {logging_mixin.py:190} INFO - [2024-09-22T15:53:21.231+0000] {dag.py:3229} INFO - Sync 1 DAGs
[2024-09-22T15:53:21.262+0000] {logging_mixin.py:190} INFO - [2024-09-22T15:53:21.262+0000] {dag.py:4156} INFO - Setting next_dagrun for NY_TAXI to None, run_after=None
[2024-09-22T15:53:21.349+0000] {processor.py:208} INFO - Processing /opt/airflow/dags/download.py took 0.195 seconds
[2024-09-22T15:53:51.531+0000] {processor.py:186} INFO - Started process (PID=760) to work on /opt/airflow/dags/download.py
[2024-09-22T15:53:51.533+0000] {processor.py:914} INFO - Processing file /opt/airflow/dags/download.py for tasks to queue
[2024-09-22T15:53:51.538+0000] {logging_mixin.py:190} INFO - [2024-09-22T15:53:51.537+0000] {dagbag.py:587} INFO - Filling up the DagBag from /opt/airflow/dags/download.py
[2024-09-22T15:53:51.565+0000] {processor.py:925} INFO - DAG(s) 'NY_TAXI' retrieved from /opt/airflow/dags/download.py
[2024-09-22T15:53:51.622+0000] {logging_mixin.py:190} INFO - [2024-09-22T15:53:51.622+0000] {dag.py:3229} INFO - Sync 1 DAGs
[2024-09-22T15:53:51.682+0000] {logging_mixin.py:190} INFO - [2024-09-22T15:53:51.681+0000] {dag.py:4156} INFO - Setting next_dagrun for NY_TAXI to None, run_after=None
[2024-09-22T15:53:52.558+0000] {processor.py:208} INFO - Processing /opt/airflow/dags/download.py took 1.044 seconds
[2024-09-22T15:54:22.829+0000] {processor.py:186} INFO - Started process (PID=771) to work on /opt/airflow/dags/download.py
[2024-09-22T15:54:23.426+0000] {processor.py:914} INFO - Processing file /opt/airflow/dags/download.py for tasks to queue
[2024-09-22T15:54:23.431+0000] {logging_mixin.py:190} INFO - [2024-09-22T15:54:23.430+0000] {dagbag.py:587} INFO - Filling up the DagBag from /opt/airflow/dags/download.py
[2024-09-22T15:54:23.448+0000] {processor.py:925} INFO - DAG(s) 'NY_TAXI' retrieved from /opt/airflow/dags/download.py
[2024-09-22T15:54:23.485+0000] {logging_mixin.py:190} INFO - [2024-09-22T15:54:23.484+0000] {dag.py:3229} INFO - Sync 1 DAGs
[2024-09-22T15:54:23.522+0000] {logging_mixin.py:190} INFO - [2024-09-22T15:54:23.522+0000] {dag.py:4156} INFO - Setting next_dagrun for NY_TAXI to None, run_after=None
[2024-09-22T15:54:23.563+0000] {processor.py:208} INFO - Processing /opt/airflow/dags/download.py took 0.742 seconds
[2024-09-22T15:54:53.883+0000] {processor.py:186} INFO - Started process (PID=782) to work on /opt/airflow/dags/download.py
[2024-09-22T15:54:54.389+0000] {processor.py:914} INFO - Processing file /opt/airflow/dags/download.py for tasks to queue
[2024-09-22T15:54:54.393+0000] {logging_mixin.py:190} INFO - [2024-09-22T15:54:54.393+0000] {dagbag.py:587} INFO - Filling up the DagBag from /opt/airflow/dags/download.py
[2024-09-22T15:54:54.411+0000] {processor.py:925} INFO - DAG(s) 'NY_TAXI' retrieved from /opt/airflow/dags/download.py
[2024-09-22T15:54:54.457+0000] {logging_mixin.py:190} INFO - [2024-09-22T15:54:54.457+0000] {dag.py:3229} INFO - Sync 1 DAGs
[2024-09-22T15:54:54.491+0000] {logging_mixin.py:190} INFO - [2024-09-22T15:54:54.490+0000] {dag.py:4156} INFO - Setting next_dagrun for NY_TAXI to None, run_after=None
[2024-09-22T15:54:54.581+0000] {processor.py:208} INFO - Processing /opt/airflow/dags/download.py took 0.711 seconds
[2024-09-22T15:55:24.898+0000] {processor.py:186} INFO - Started process (PID=793) to work on /opt/airflow/dags/download.py
[2024-09-22T15:55:24.899+0000] {processor.py:914} INFO - Processing file /opt/airflow/dags/download.py for tasks to queue
[2024-09-22T15:55:24.902+0000] {logging_mixin.py:190} INFO - [2024-09-22T15:55:24.901+0000] {dagbag.py:587} INFO - Filling up the DagBag from /opt/airflow/dags/download.py
[2024-09-22T15:55:24.916+0000] {processor.py:925} INFO - DAG(s) 'NY_TAXI' retrieved from /opt/airflow/dags/download.py
[2024-09-22T15:55:24.947+0000] {logging_mixin.py:190} INFO - [2024-09-22T15:55:24.947+0000] {dag.py:3229} INFO - Sync 1 DAGs
[2024-09-22T15:55:24.977+0000] {logging_mixin.py:190} INFO - [2024-09-22T15:55:24.977+0000] {dag.py:4156} INFO - Setting next_dagrun for NY_TAXI to None, run_after=None
[2024-09-22T15:55:25.014+0000] {processor.py:208} INFO - Processing /opt/airflow/dags/download.py took 0.123 seconds
[2024-09-22T15:55:55.184+0000] {processor.py:186} INFO - Started process (PID=804) to work on /opt/airflow/dags/download.py
[2024-09-22T15:55:55.323+0000] {processor.py:914} INFO - Processing file /opt/airflow/dags/download.py for tasks to queue
[2024-09-22T15:55:55.326+0000] {logging_mixin.py:190} INFO - [2024-09-22T15:55:55.326+0000] {dagbag.py:587} INFO - Filling up the DagBag from /opt/airflow/dags/download.py
[2024-09-22T15:55:55.341+0000] {processor.py:925} INFO - DAG(s) 'NY_TAXI' retrieved from /opt/airflow/dags/download.py
[2024-09-22T15:55:55.389+0000] {logging_mixin.py:190} INFO - [2024-09-22T15:55:55.388+0000] {dag.py:3229} INFO - Sync 1 DAGs
[2024-09-22T15:55:55.428+0000] {logging_mixin.py:190} INFO - [2024-09-22T15:55:55.427+0000] {dag.py:4156} INFO - Setting next_dagrun for NY_TAXI to None, run_after=None
[2024-09-22T15:55:55.466+0000] {processor.py:208} INFO - Processing /opt/airflow/dags/download.py took 0.291 seconds
[2024-09-22T15:56:25.531+0000] {processor.py:186} INFO - Started process (PID=815) to work on /opt/airflow/dags/download.py
[2024-09-22T15:56:25.532+0000] {processor.py:914} INFO - Processing file /opt/airflow/dags/download.py for tasks to queue
[2024-09-22T15:56:25.534+0000] {logging_mixin.py:190} INFO - [2024-09-22T15:56:25.534+0000] {dagbag.py:587} INFO - Filling up the DagBag from /opt/airflow/dags/download.py
[2024-09-22T15:56:25.548+0000] {processor.py:925} INFO - DAG(s) 'NY_TAXI' retrieved from /opt/airflow/dags/download.py
[2024-09-22T15:56:25.582+0000] {logging_mixin.py:190} INFO - [2024-09-22T15:56:25.582+0000] {dag.py:3229} INFO - Sync 1 DAGs
[2024-09-22T15:56:25.613+0000] {logging_mixin.py:190} INFO - [2024-09-22T15:56:25.613+0000] {dag.py:4156} INFO - Setting next_dagrun for NY_TAXI to None, run_after=None
[2024-09-22T15:56:26.044+0000] {processor.py:208} INFO - Processing /opt/airflow/dags/download.py took 0.519 seconds
[2024-09-22T15:56:56.361+0000] {processor.py:186} INFO - Started process (PID=826) to work on /opt/airflow/dags/download.py
[2024-09-22T15:56:56.459+0000] {processor.py:914} INFO - Processing file /opt/airflow/dags/download.py for tasks to queue
[2024-09-22T15:56:56.462+0000] {logging_mixin.py:190} INFO - [2024-09-22T15:56:56.462+0000] {dagbag.py:587} INFO - Filling up the DagBag from /opt/airflow/dags/download.py
[2024-09-22T15:56:56.478+0000] {processor.py:925} INFO - DAG(s) 'NY_TAXI' retrieved from /opt/airflow/dags/download.py
[2024-09-22T15:56:56.510+0000] {logging_mixin.py:190} INFO - [2024-09-22T15:56:56.510+0000] {dag.py:3229} INFO - Sync 1 DAGs
[2024-09-22T15:56:56.543+0000] {logging_mixin.py:190} INFO - [2024-09-22T15:56:56.543+0000] {dag.py:4156} INFO - Setting next_dagrun for NY_TAXI to None, run_after=None
[2024-09-22T15:56:56.660+0000] {processor.py:208} INFO - Processing /opt/airflow/dags/download.py took 0.306 seconds
[2024-09-22T15:57:26.966+0000] {processor.py:186} INFO - Started process (PID=837) to work on /opt/airflow/dags/download.py
[2024-09-22T15:57:26.967+0000] {processor.py:914} INFO - Processing file /opt/airflow/dags/download.py for tasks to queue
[2024-09-22T15:57:26.970+0000] {logging_mixin.py:190} INFO - [2024-09-22T15:57:26.970+0000] {dagbag.py:587} INFO - Filling up the DagBag from /opt/airflow/dags/download.py
[2024-09-22T15:57:26.989+0000] {processor.py:925} INFO - DAG(s) 'NY_TAXI' retrieved from /opt/airflow/dags/download.py
[2024-09-22T15:57:27.098+0000] {logging_mixin.py:190} INFO - [2024-09-22T15:57:27.098+0000] {dag.py:3229} INFO - Sync 1 DAGs
[2024-09-22T15:57:27.136+0000] {logging_mixin.py:190} INFO - [2024-09-22T15:57:27.135+0000] {dag.py:4156} INFO - Setting next_dagrun for NY_TAXI to None, run_after=None
[2024-09-22T15:57:27.235+0000] {processor.py:208} INFO - Processing /opt/airflow/dags/download.py took 0.278 seconds
[2024-09-22T15:57:57.547+0000] {processor.py:186} INFO - Started process (PID=848) to work on /opt/airflow/dags/download.py
[2024-09-22T15:57:57.636+0000] {processor.py:914} INFO - Processing file /opt/airflow/dags/download.py for tasks to queue
[2024-09-22T15:57:57.641+0000] {logging_mixin.py:190} INFO - [2024-09-22T15:57:57.641+0000] {dagbag.py:587} INFO - Filling up the DagBag from /opt/airflow/dags/download.py
[2024-09-22T15:57:57.672+0000] {processor.py:925} INFO - DAG(s) 'NY_TAXI' retrieved from /opt/airflow/dags/download.py
[2024-09-22T15:57:57.708+0000] {logging_mixin.py:190} INFO - [2024-09-22T15:57:57.708+0000] {dag.py:3229} INFO - Sync 1 DAGs
[2024-09-22T15:57:57.743+0000] {logging_mixin.py:190} INFO - [2024-09-22T15:57:57.742+0000] {dag.py:4156} INFO - Setting next_dagrun for NY_TAXI to None, run_after=None
[2024-09-22T15:57:58.033+0000] {processor.py:208} INFO - Processing /opt/airflow/dags/download.py took 0.492 seconds
