[2024-09-22T11:27:55.714+0000] {local_task_job_runner.py:120} INFO - ::group::Pre task execution logs
[2024-09-22T11:27:55.751+0000] {taskinstance.py:2076} INFO - Dependencies all met for dep_context=non-requeueable deps ti=<TaskInstance: example_task_group_decorator.task_group_function__4.task_3 scheduled__2024-09-20T00:00:00+00:00 [queued]>
[2024-09-22T11:27:55.763+0000] {taskinstance.py:2076} INFO - Dependencies all met for dep_context=requeueable deps ti=<TaskInstance: example_task_group_decorator.task_group_function__4.task_3 scheduled__2024-09-20T00:00:00+00:00 [queued]>
[2024-09-22T11:27:55.763+0000] {taskinstance.py:2306} INFO - Starting attempt 1 of 1
[2024-09-22T11:27:55.948+0000] {taskinstance.py:2330} INFO - Executing <Task(_PythonDecoratedOperator): task_group_function__4.task_3> on 2024-09-20 00:00:00+00:00
[2024-09-22T11:27:55.966+0000] {warnings.py:112} WARNING - /home/***/.local/lib/python3.12/site-packages/***/task/task_runner/standard_task_runner.py:62: DeprecationWarning: This process (pid=862) is multi-threaded, use of fork() may lead to deadlocks in the child.
  pid = os.fork()

[2024-09-22T11:27:55.968+0000] {standard_task_runner.py:64} INFO - Started process 882 to run task
[2024-09-22T11:27:55.968+0000] {standard_task_runner.py:90} INFO - Running: ['***', 'tasks', 'run', 'example_task_group_decorator', 'task_group_function__4.task_3', 'scheduled__2024-09-20T00:00:00+00:00', '--job-id', '2606', '--raw', '--subdir', '/home/***/.local/lib/python3.12/site-packages/***/example_dags/example_task_group_decorator.py', '--cfg-path', '/tmp/tmpnj25d9oz']
[2024-09-22T11:27:55.972+0000] {standard_task_runner.py:91} INFO - Job 2606: Subtask task_group_function__4.task_3
[2024-09-22T11:27:56.641+0000] {task_command.py:426} INFO - Running <TaskInstance: example_task_group_decorator.task_group_function__4.task_3 scheduled__2024-09-20T00:00:00+00:00 [running]> on host 1d2bd9c1668e
[2024-09-22T11:27:57.501+0000] {taskinstance.py:2648} INFO - Exporting env vars: AIRFLOW_CTX_DAG_OWNER='***' AIRFLOW_CTX_DAG_ID='example_task_group_decorator' AIRFLOW_CTX_TASK_ID='task_group_function__4.task_3' AIRFLOW_CTX_EXECUTION_DATE='2024-09-20T00:00:00+00:00' AIRFLOW_CTX_TRY_NUMBER='1' AIRFLOW_CTX_DAG_RUN_ID='scheduled__2024-09-20T00:00:00+00:00'
[2024-09-22T11:27:57.503+0000] {taskinstance.py:430} INFO - ::endgroup::
[2024-09-22T11:27:57.504+0000] {logging_mixin.py:188} INFO - [ Task3 [ Task2 [ Task1 4 ] ] ]
[2024-09-22T11:27:57.504+0000] {python.py:237} INFO - Done. Returned value was: None
[2024-09-22T11:27:57.505+0000] {taskinstance.py:441} INFO - ::group::Post task execution logs
[2024-09-22T11:27:57.521+0000] {taskinstance.py:1206} INFO - Marking task as SUCCESS. dag_id=example_task_group_decorator, task_id=task_group_function__4.task_3, run_id=scheduled__2024-09-20T00:00:00+00:00, execution_date=20240920T000000, start_date=20240922T112755, end_date=20240922T112757
[2024-09-22T11:27:57.988+0000] {local_task_job_runner.py:243} INFO - Task exited with return code 0
[2024-09-22T11:27:58.035+0000] {taskinstance.py:3503} INFO - 0 downstream tasks scheduled from follow-on schedule check
[2024-09-22T11:27:58.241+0000] {local_task_job_runner.py:222} INFO - ::endgroup::
