[2024-09-22T15:39:53.494+0000] {local_task_job_runner.py:123} INFO - ::group::Pre task execution logs
[2024-09-22T15:39:53.562+0000] {taskinstance.py:2612} INFO - Dependencies all met for dep_context=non-requeueable deps ti=<TaskInstance: NY_TAXI.download_data scheduled__2021-01-01T00:00:00+00:00 [queued]>
[2024-09-22T15:39:53.583+0000] {taskinstance.py:2612} INFO - Dependencies all met for dep_context=requeueable deps ti=<TaskInstance: NY_TAXI.download_data scheduled__2021-01-01T00:00:00+00:00 [queued]>
[2024-09-22T15:39:53.584+0000] {taskinstance.py:2865} INFO - Starting attempt 2 of 2
[2024-09-22T15:39:53.635+0000] {taskinstance.py:2888} INFO - Executing <Task(BashOperator): download_data> on 2021-01-01 00:00:00+00:00
[2024-09-22T15:39:53.671+0000] {standard_task_runner.py:104} INFO - Running: ['***', 'tasks', 'run', 'NY_TAXI', 'download_data', 'scheduled__2021-01-01T00:00:00+00:00', '--job-id', '416', '--raw', '--subdir', 'DAGS_FOLDER/download.py', '--cfg-path', '/tmp/tmpm9bn1mer']
[2024-09-22T15:39:53.676+0000] {standard_task_runner.py:105} INFO - Job 416: Subtask download_data
[2024-09-22T15:39:53.683+0000] {logging_mixin.py:190} WARNING - /home/***/.local/lib/python3.12/site-packages/***/task/task_runner/standard_task_runner.py:70 DeprecationWarning: This process (pid=442) is multi-threaded, use of fork() may lead to deadlocks in the child.
[2024-09-22T15:39:53.686+0000] {standard_task_runner.py:72} INFO - Started process 449 to run task
[2024-09-22T15:39:53.843+0000] {task_command.py:467} INFO - Running <TaskInstance: NY_TAXI.download_data scheduled__2021-01-01T00:00:00+00:00 [running]> on host 8c9160901df5
[2024-09-22T15:39:54.090+0000] {taskinstance.py:3131} INFO - Exporting env vars: AIRFLOW_CTX_DAG_OWNER='***' AIRFLOW_CTX_DAG_ID='NY_TAXI' AIRFLOW_CTX_TASK_ID='download_data' AIRFLOW_CTX_EXECUTION_DATE='2021-01-01T00:00:00+00:00' AIRFLOW_CTX_TRY_NUMBER='2' AIRFLOW_CTX_DAG_RUN_ID='scheduled__2021-01-01T00:00:00+00:00'
[2024-09-22T15:39:54.092+0000] {taskinstance.py:731} INFO - ::endgroup::
[2024-09-22T15:39:54.140+0000] {subprocess.py:63} INFO - Tmp dir root location: /tmp
[2024-09-22T15:39:54.148+0000] {subprocess.py:75} INFO - Running command: ['/usr/bin/bash', '-c', 'echo 2021-01-01 2021-01-01 00:00:00+00:00']
[2024-09-22T15:39:54.168+0000] {subprocess.py:86} INFO - Output:
[2024-09-22T15:39:54.268+0000] {subprocess.py:93} INFO - 2021-01-01 2021-01-01 00:00:00+00:00
[2024-09-22T15:39:54.268+0000] {subprocess.py:97} INFO - Command exited with return code 0
[2024-09-22T15:39:54.347+0000] {taskinstance.py:340} INFO - ::group::Post task execution logs
[2024-09-22T15:39:54.348+0000] {taskinstance.py:352} INFO - Marking task as SUCCESS. dag_id=NY_TAXI, task_id=download_data, run_id=scheduled__2021-01-01T00:00:00+00:00, execution_date=20210101T000000, start_date=20240922T153953, end_date=20240922T153954
[2024-09-22T15:39:54.428+0000] {local_task_job_runner.py:266} INFO - Task exited with return code 0
[2024-09-22T15:39:54.460+0000] {taskinstance.py:3900} INFO - 0 downstream tasks scheduled from follow-on schedule check
[2024-09-22T15:39:54.472+0000] {local_task_job_runner.py:245} INFO - ::endgroup::
