[2024-09-22T15:13:31.474+0000] {local_task_job_runner.py:123} INFO - ::group::Pre task execution logs
[2024-09-22T15:13:31.665+0000] {taskinstance.py:2612} INFO - Dependencies all met for dep_context=non-requeueable deps ti=<TaskInstance: NY_TAXI.download_data scheduled__2021-01-01T00:00:00+00:00 [queued]>
[2024-09-22T15:13:31.696+0000] {taskinstance.py:2612} INFO - Dependencies all met for dep_context=requeueable deps ti=<TaskInstance: NY_TAXI.download_data scheduled__2021-01-01T00:00:00+00:00 [queued]>
[2024-09-22T15:13:31.697+0000] {taskinstance.py:2865} INFO - Starting attempt 1 of 1
[2024-09-22T15:13:32.904+0000] {taskinstance.py:2888} INFO - Executing <Task(BashOperator): download_data> on 2021-01-01 00:00:00+00:00
[2024-09-22T15:13:32.928+0000] {standard_task_runner.py:104} INFO - Running: ['***', 'tasks', 'run', 'NY_TAXI', 'download_data', 'scheduled__2021-01-01T00:00:00+00:00', '--job-id', '3', '--raw', '--subdir', 'DAGS_FOLDER/download.py', '--cfg-path', '/tmp/tmpbcizme7m']
[2024-09-22T15:13:32.932+0000] {standard_task_runner.py:105} INFO - Job 3: Subtask download_data
[2024-09-22T15:13:37.245+0000] {logging_mixin.py:190} WARNING - /home/***/.local/lib/python3.12/site-packages/***/task/task_runner/standard_task_runner.py:70 DeprecationWarning: This process (pid=310) is multi-threaded, use of fork() may lead to deadlocks in the child.
[2024-09-22T15:13:37.246+0000] {standard_task_runner.py:72} INFO - Started process 316 to run task
[2024-09-22T15:13:37.857+0000] {task_command.py:467} INFO - Running <TaskInstance: NY_TAXI.download_data scheduled__2021-01-01T00:00:00+00:00 [running]> on host 8c9160901df5
[2024-09-22T15:13:44.174+0000] {job.py:229} INFO - Heartbeat recovered after 15.01 seconds
[2024-09-22T15:13:48.085+0000] {taskinstance.py:3131} INFO - Exporting env vars: AIRFLOW_CTX_DAG_OWNER='***' AIRFLOW_CTX_DAG_ID='NY_TAXI' AIRFLOW_CTX_TASK_ID='download_data' AIRFLOW_CTX_EXECUTION_DATE='2021-01-01T00:00:00+00:00' AIRFLOW_CTX_TRY_NUMBER='1' AIRFLOW_CTX_DAG_RUN_ID='scheduled__2021-01-01T00:00:00+00:00'
[2024-09-22T15:13:48.094+0000] {taskinstance.py:731} INFO - ::endgroup::
[2024-09-22T15:13:54.682+0000] {subprocess.py:63} INFO - Tmp dir root location: /tmp
[2024-09-22T15:13:55.139+0000] {subprocess.py:75} INFO - Running command: ['/usr/bin/bash', '-c', 'echo 2021-01-01']
[2024-09-22T15:13:57.275+0000] {subprocess.py:86} INFO - Output:
[2024-09-22T15:13:59.175+0000] {subprocess.py:93} INFO - 2021-01-01
[2024-09-22T15:13:59.711+0000] {subprocess.py:97} INFO - Command exited with return code 0
[2024-09-22T15:14:01.248+0000] {taskinstance.py:340} INFO - ::group::Post task execution logs
[2024-09-22T15:14:01.359+0000] {taskinstance.py:352} INFO - Marking task as SUCCESS. dag_id=NY_TAXI, task_id=download_data, run_id=scheduled__2021-01-01T00:00:00+00:00, execution_date=20210101T000000, start_date=20240922T151331, end_date=20240922T151401
[2024-09-22T15:14:02.387+0000] {local_task_job_runner.py:266} INFO - Task exited with return code 0
[2024-09-22T15:14:02.702+0000] {taskinstance.py:3900} INFO - 0 downstream tasks scheduled from follow-on schedule check
[2024-09-22T15:14:02.871+0000] {local_task_job_runner.py:245} INFO - ::endgroup::
[2024-09-22T15:33:07.754+0000] {local_task_job_runner.py:123} INFO - ::group::Pre task execution logs
[2024-09-22T15:33:07.844+0000] {taskinstance.py:2612} INFO - Dependencies all met for dep_context=non-requeueable deps ti=<TaskInstance: NY_TAXI.download_data scheduled__2021-01-01T00:00:00+00:00 [queued]>
[2024-09-22T15:33:07.859+0000] {taskinstance.py:2612} INFO - Dependencies all met for dep_context=requeueable deps ti=<TaskInstance: NY_TAXI.download_data scheduled__2021-01-01T00:00:00+00:00 [queued]>
[2024-09-22T15:33:07.860+0000] {taskinstance.py:2865} INFO - Starting attempt 1 of 1
[2024-09-22T15:33:08.121+0000] {taskinstance.py:2888} INFO - Executing <Task(BashOperator): download_data> on 2021-01-01 00:00:00+00:00
[2024-09-22T15:33:08.136+0000] {standard_task_runner.py:104} INFO - Running: ['***', 'tasks', 'run', 'NY_TAXI', 'download_data', 'scheduled__2021-01-01T00:00:00+00:00', '--job-id', '411', '--raw', '--subdir', 'DAGS_FOLDER/download.py', '--cfg-path', '/tmp/tmpco2o_goh']
[2024-09-22T15:33:08.139+0000] {standard_task_runner.py:105} INFO - Job 411: Subtask download_data
[2024-09-22T15:33:08.152+0000] {logging_mixin.py:190} WARNING - /home/***/.local/lib/python3.12/site-packages/***/task/task_runner/standard_task_runner.py:70 DeprecationWarning: This process (pid=276) is multi-threaded, use of fork() may lead to deadlocks in the child.
[2024-09-22T15:33:08.153+0000] {standard_task_runner.py:72} INFO - Started process 285 to run task
[2024-09-22T15:33:08.379+0000] {task_command.py:467} INFO - Running <TaskInstance: NY_TAXI.download_data scheduled__2021-01-01T00:00:00+00:00 [running]> on host 8c9160901df5
[2024-09-22T15:33:10.316+0000] {taskinstance.py:3131} INFO - Exporting env vars: AIRFLOW_CTX_DAG_OWNER='***' AIRFLOW_CTX_DAG_ID='NY_TAXI' AIRFLOW_CTX_TASK_ID='download_data' AIRFLOW_CTX_EXECUTION_DATE='2021-01-01T00:00:00+00:00' AIRFLOW_CTX_TRY_NUMBER='1' AIRFLOW_CTX_DAG_RUN_ID='scheduled__2021-01-01T00:00:00+00:00'
[2024-09-22T15:33:10.317+0000] {taskinstance.py:731} INFO - ::endgroup::
[2024-09-22T15:33:14.181+0000] {subprocess.py:63} INFO - Tmp dir root location: /tmp
[2024-09-22T15:33:14.252+0000] {subprocess.py:75} INFO - Running command: ['/usr/bin/bash', '-c', 'echo 2021-01-01']
[2024-09-22T15:33:14.420+0000] {subprocess.py:86} INFO - Output:
[2024-09-22T15:33:15.415+0000] {subprocess.py:93} INFO - 2021-01-01
[2024-09-22T15:33:15.417+0000] {subprocess.py:97} INFO - Command exited with return code 0
[2024-09-22T15:33:15.714+0000] {taskinstance.py:340} INFO - ::group::Post task execution logs
[2024-09-22T15:33:15.717+0000] {taskinstance.py:352} INFO - Marking task as SUCCESS. dag_id=NY_TAXI, task_id=download_data, run_id=scheduled__2021-01-01T00:00:00+00:00, execution_date=20210101T000000, start_date=20240922T153307, end_date=20240922T153315
[2024-09-22T15:33:16.089+0000] {local_task_job_runner.py:266} INFO - Task exited with return code 0
[2024-09-22T15:33:16.116+0000] {taskinstance.py:3900} INFO - 0 downstream tasks scheduled from follow-on schedule check
[2024-09-22T15:33:16.446+0000] {local_task_job_runner.py:245} INFO - ::endgroup::
[2024-09-22T15:41:30.856+0000] {local_task_job_runner.py:123} INFO - ::group::Pre task execution logs
[2024-09-22T15:41:31.102+0000] {taskinstance.py:2612} INFO - Dependencies all met for dep_context=non-requeueable deps ti=<TaskInstance: NY_TAXI.download_data scheduled__2021-01-01T00:00:00+00:00 [queued]>
[2024-09-22T15:41:31.116+0000] {taskinstance.py:2612} INFO - Dependencies all met for dep_context=requeueable deps ti=<TaskInstance: NY_TAXI.download_data scheduled__2021-01-01T00:00:00+00:00 [queued]>
[2024-09-22T15:41:31.116+0000] {taskinstance.py:2865} INFO - Starting attempt 1 of 1
[2024-09-22T15:41:31.830+0000] {taskinstance.py:2888} INFO - Executing <Task(BashOperator): download_data> on 2021-01-01 00:00:00+00:00
[2024-09-22T15:41:31.845+0000] {standard_task_runner.py:104} INFO - Running: ['***', 'tasks', 'run', 'NY_TAXI', 'download_data', 'scheduled__2021-01-01T00:00:00+00:00', '--job-id', '417', '--raw', '--subdir', 'DAGS_FOLDER/download.py', '--cfg-path', '/tmp/tmped6mmdwc']
[2024-09-22T15:41:31.848+0000] {standard_task_runner.py:105} INFO - Job 417: Subtask download_data
[2024-09-22T15:41:31.849+0000] {logging_mixin.py:190} WARNING - /home/***/.local/lib/python3.12/site-packages/***/task/task_runner/standard_task_runner.py:70 DeprecationWarning: This process (pid=485) is multi-threaded, use of fork() may lead to deadlocks in the child.
[2024-09-22T15:41:31.850+0000] {standard_task_runner.py:72} INFO - Started process 487 to run task
[2024-09-22T15:41:32.347+0000] {task_command.py:467} INFO - Running <TaskInstance: NY_TAXI.download_data scheduled__2021-01-01T00:00:00+00:00 [running]> on host 8c9160901df5
[2024-09-22T15:41:32.812+0000] {taskinstance.py:3131} INFO - Exporting env vars: AIRFLOW_CTX_DAG_OWNER='***' AIRFLOW_CTX_DAG_ID='NY_TAXI' AIRFLOW_CTX_TASK_ID='download_data' AIRFLOW_CTX_EXECUTION_DATE='2021-01-01T00:00:00+00:00' AIRFLOW_CTX_TRY_NUMBER='1' AIRFLOW_CTX_DAG_RUN_ID='scheduled__2021-01-01T00:00:00+00:00'
[2024-09-22T15:41:32.813+0000] {taskinstance.py:731} INFO - ::endgroup::
[2024-09-22T15:41:32.851+0000] {subprocess.py:63} INFO - Tmp dir root location: /tmp
[2024-09-22T15:41:32.853+0000] {subprocess.py:75} INFO - Running command: ['/usr/bin/bash', '-c', 'echo 2021-01-01 2021-01-01 00:00:00+00:00']
[2024-09-22T15:41:32.875+0000] {subprocess.py:86} INFO - Output:
[2024-09-22T15:41:32.879+0000] {subprocess.py:93} INFO - 2021-01-01 2021-01-01 00:00:00+00:00
[2024-09-22T15:41:32.880+0000] {subprocess.py:97} INFO - Command exited with return code 0
[2024-09-22T15:41:32.943+0000] {taskinstance.py:340} INFO - ::group::Post task execution logs
[2024-09-22T15:41:32.944+0000] {taskinstance.py:352} INFO - Marking task as SUCCESS. dag_id=NY_TAXI, task_id=download_data, run_id=scheduled__2021-01-01T00:00:00+00:00, execution_date=20210101T000000, start_date=20240922T154131, end_date=20240922T154132
[2024-09-22T15:41:33.795+0000] {local_task_job_runner.py:266} INFO - Task exited with return code 0
[2024-09-22T15:41:33.837+0000] {taskinstance.py:3900} INFO - 0 downstream tasks scheduled from follow-on schedule check
[2024-09-22T15:41:33.917+0000] {local_task_job_runner.py:245} INFO - ::endgroup::
[2024-09-23T08:17:43.559+0000] {local_task_job_runner.py:123} INFO - ::group::Pre task execution logs
[2024-09-23T08:17:47.438+0000] {taskinstance.py:2612} INFO - Dependencies all met for dep_context=non-requeueable deps ti=<TaskInstance: NY_TAXI.download_data scheduled__2021-01-01T00:00:00+00:00 [queued]>
[2024-09-23T08:17:48.345+0000] {taskinstance.py:2612} INFO - Dependencies all met for dep_context=requeueable deps ti=<TaskInstance: NY_TAXI.download_data scheduled__2021-01-01T00:00:00+00:00 [queued]>
[2024-09-23T08:17:48.345+0000] {taskinstance.py:2865} INFO - Starting attempt 1 of 1
[2024-09-23T08:17:50.229+0000] {taskinstance.py:2888} INFO - Executing <Task(BashOperator): download_data> on 2021-01-01 00:00:00+00:00
[2024-09-23T08:17:50.257+0000] {standard_task_runner.py:104} INFO - Running: ['***', 'tasks', 'run', 'NY_TAXI', 'download_data', 'scheduled__2021-01-01T00:00:00+00:00', '--job-id', '425', '--raw', '--subdir', 'DAGS_FOLDER/download.py', '--cfg-path', '/tmp/tmpg7a7s59u']
[2024-09-23T08:17:50.260+0000] {standard_task_runner.py:105} INFO - Job 425: Subtask download_data
[2024-09-23T08:17:50.479+0000] {logging_mixin.py:190} WARNING - /home/***/.local/lib/python3.12/site-packages/***/task/task_runner/standard_task_runner.py:70 DeprecationWarning: This process (pid=384) is multi-threaded, use of fork() may lead to deadlocks in the child.
[2024-09-23T08:17:50.481+0000] {standard_task_runner.py:72} INFO - Started process 420 to run task
[2024-09-23T08:17:52.635+0000] {task_command.py:467} INFO - Running <TaskInstance: NY_TAXI.download_data scheduled__2021-01-01T00:00:00+00:00 [running]> on host c6317fbbba71
[2024-09-23T08:17:58.757+0000] {job.py:229} INFO - Heartbeat recovered after 23.03 seconds
[2024-09-23T08:18:06.823+0000] {taskinstance.py:3131} INFO - Exporting env vars: AIRFLOW_CTX_DAG_OWNER='***' AIRFLOW_CTX_DAG_ID='NY_TAXI' AIRFLOW_CTX_TASK_ID='download_data' AIRFLOW_CTX_EXECUTION_DATE='2021-01-01T00:00:00+00:00' AIRFLOW_CTX_TRY_NUMBER='1' AIRFLOW_CTX_DAG_RUN_ID='scheduled__2021-01-01T00:00:00+00:00'
[2024-09-23T08:18:06.963+0000] {taskinstance.py:731} INFO - ::endgroup::
[2024-09-23T08:18:28.569+0000] {subprocess.py:63} INFO - Tmp dir root location: /tmp
[2024-09-23T08:18:29.169+0000] {subprocess.py:75} INFO - Running command: ['/usr/bin/bash', '-c', 'echo /opt/***']
[2024-09-23T08:18:30.045+0000] {subprocess.py:86} INFO - Output:
[2024-09-23T08:18:31.062+0000] {subprocess.py:93} INFO - /opt/***
[2024-09-23T08:18:31.193+0000] {subprocess.py:97} INFO - Command exited with return code 0
[2024-09-23T08:18:36.070+0000] {taskinstance.py:340} INFO - ::group::Post task execution logs
[2024-09-23T08:18:36.557+0000] {taskinstance.py:352} INFO - Marking task as SUCCESS. dag_id=NY_TAXI, task_id=download_data, run_id=scheduled__2021-01-01T00:00:00+00:00, execution_date=20210101T000000, start_date=20240923T081747, end_date=20240923T081836
[2024-09-23T08:18:41.248+0000] {local_task_job_runner.py:266} INFO - Task exited with return code 0
[2024-09-23T08:18:42.439+0000] {taskinstance.py:3900} INFO - 0 downstream tasks scheduled from follow-on schedule check
[2024-09-23T08:18:42.697+0000] {local_task_job_runner.py:245} INFO - ::endgroup::
