[2024-09-22T15:18:47.186+0000] {local_task_job_runner.py:123} INFO - ::group::Pre task execution logs
[2024-09-22T15:18:47.244+0000] {taskinstance.py:2612} INFO - Dependencies all met for dep_context=non-requeueable deps ti=<TaskInstance: NY_TAXI.download_data scheduled__2021-06-24T00:00:00+00:00 [queued]>
[2024-09-22T15:18:47.279+0000] {taskinstance.py:2612} INFO - Dependencies all met for dep_context=requeueable deps ti=<TaskInstance: NY_TAXI.download_data scheduled__2021-06-24T00:00:00+00:00 [queued]>
[2024-09-22T15:18:47.280+0000] {taskinstance.py:2865} INFO - Starting attempt 1 of 1
[2024-09-22T15:18:47.512+0000] {taskinstance.py:2888} INFO - Executing <Task(BashOperator): download_data> on 2021-06-24 00:00:00+00:00
[2024-09-22T15:18:47.532+0000] {logging_mixin.py:190} WARNING - /home/***/.local/lib/python3.12/site-packages/***/task/task_runner/standard_task_runner.py:70 DeprecationWarning: This process (pid=1115) is multi-threaded, use of fork() may lead to deadlocks in the child.
[2024-09-22T15:18:47.534+0000] {standard_task_runner.py:72} INFO - Started process 1122 to run task
[2024-09-22T15:18:47.530+0000] {standard_task_runner.py:104} INFO - Running: ['***', 'tasks', 'run', 'NY_TAXI', 'download_data', 'scheduled__2021-06-24T00:00:00+00:00', '--job-id', '177', '--raw', '--subdir', 'DAGS_FOLDER/download.py', '--cfg-path', '/tmp/tmpa0tggyuk']
[2024-09-22T15:18:47.537+0000] {standard_task_runner.py:105} INFO - Job 177: Subtask download_data
[2024-09-22T15:18:47.668+0000] {task_command.py:467} INFO - Running <TaskInstance: NY_TAXI.download_data scheduled__2021-06-24T00:00:00+00:00 [running]> on host 8c9160901df5
[2024-09-22T15:18:47.978+0000] {taskinstance.py:3131} INFO - Exporting env vars: AIRFLOW_CTX_DAG_OWNER='***' AIRFLOW_CTX_DAG_ID='NY_TAXI' AIRFLOW_CTX_TASK_ID='download_data' AIRFLOW_CTX_EXECUTION_DATE='2021-06-24T00:00:00+00:00' AIRFLOW_CTX_TRY_NUMBER='1' AIRFLOW_CTX_DAG_RUN_ID='scheduled__2021-06-24T00:00:00+00:00'
[2024-09-22T15:18:47.979+0000] {taskinstance.py:731} INFO - ::endgroup::
[2024-09-22T15:18:48.006+0000] {subprocess.py:63} INFO - Tmp dir root location: /tmp
[2024-09-22T15:18:48.007+0000] {subprocess.py:75} INFO - Running command: ['/usr/bin/bash', '-c', 'echo 2021-06-24']
[2024-09-22T15:18:48.026+0000] {subprocess.py:86} INFO - Output:
[2024-09-22T15:18:48.029+0000] {subprocess.py:93} INFO - 2021-06-24
[2024-09-22T15:18:48.029+0000] {subprocess.py:97} INFO - Command exited with return code 0
[2024-09-22T15:18:48.146+0000] {taskinstance.py:340} INFO - ::group::Post task execution logs
[2024-09-22T15:18:48.147+0000] {taskinstance.py:352} INFO - Marking task as SUCCESS. dag_id=NY_TAXI, task_id=download_data, run_id=scheduled__2021-06-24T00:00:00+00:00, execution_date=20210624T000000, start_date=20240922T151847, end_date=20240922T151848
[2024-09-22T15:18:48.248+0000] {local_task_job_runner.py:266} INFO - Task exited with return code 0
[2024-09-22T15:18:48.276+0000] {taskinstance.py:3900} INFO - 0 downstream tasks scheduled from follow-on schedule check
[2024-09-22T15:18:48.361+0000] {local_task_job_runner.py:245} INFO - ::endgroup::
