[2024-09-22T11:19:57.604+0000] {local_task_job_runner.py:120} INFO - ::group::Pre task execution logs
[2024-09-22T11:19:57.666+0000] {taskinstance.py:2076} INFO - Dependencies all met for dep_context=non-requeueable deps ti=<TaskInstance: example_task_group.section_2.inner_section_2.task_2 scheduled__2024-09-21T00:00:00+00:00 [queued]>
[2024-09-22T11:19:57.702+0000] {taskinstance.py:2076} INFO - Dependencies all met for dep_context=requeueable deps ti=<TaskInstance: example_task_group.section_2.inner_section_2.task_2 scheduled__2024-09-21T00:00:00+00:00 [queued]>
[2024-09-22T11:19:57.702+0000] {taskinstance.py:2306} INFO - Starting attempt 1 of 1
[2024-09-22T11:19:57.998+0000] {taskinstance.py:2330} INFO - Executing <Task(BashOperator): section_2.inner_section_2.task_2> on 2024-09-21 00:00:00+00:00
[2024-09-22T11:19:58.036+0000] {warnings.py:112} WARNING - /home/***/.local/lib/python3.12/site-packages/***/task/task_runner/standard_task_runner.py:62: DeprecationWarning: This process (pid=489) is multi-threaded, use of fork() may lead to deadlocks in the child.
  pid = os.fork()

[2024-09-22T11:19:58.038+0000] {standard_task_runner.py:64} INFO - Started process 500 to run task
[2024-09-22T11:19:58.061+0000] {standard_task_runner.py:90} INFO - Running: ['***', 'tasks', 'run', 'example_task_group', 'section_2.inner_section_2.task_2', 'scheduled__2024-09-21T00:00:00+00:00', '--job-id', '2557', '--raw', '--subdir', '/home/***/.local/lib/python3.12/site-packages/***/example_dags/example_task_group.py', '--cfg-path', '/tmp/tmpoy3tz64l']
[2024-09-22T11:19:58.072+0000] {standard_task_runner.py:91} INFO - Job 2557: Subtask section_2.inner_section_2.task_2
[2024-09-22T11:19:58.376+0000] {task_command.py:426} INFO - Running <TaskInstance: example_task_group.section_2.inner_section_2.task_2 scheduled__2024-09-21T00:00:00+00:00 [running]> on host 1d2bd9c1668e
[2024-09-22T11:20:00.301+0000] {taskinstance.py:2648} INFO - Exporting env vars: AIRFLOW_CTX_DAG_OWNER='***' AIRFLOW_CTX_DAG_ID='example_task_group' AIRFLOW_CTX_TASK_ID='section_2.inner_section_2.task_2' AIRFLOW_CTX_EXECUTION_DATE='2024-09-21T00:00:00+00:00' AIRFLOW_CTX_TRY_NUMBER='1' AIRFLOW_CTX_DAG_RUN_ID='scheduled__2024-09-21T00:00:00+00:00'
[2024-09-22T11:20:00.304+0000] {taskinstance.py:430} INFO - ::endgroup::
[2024-09-22T11:20:00.305+0000] {subprocess.py:63} INFO - Tmp dir root location: /tmp
[2024-09-22T11:20:00.307+0000] {subprocess.py:75} INFO - Running command: ['/usr/bin/bash', '-c', 'echo 1']
[2024-09-22T11:20:00.351+0000] {subprocess.py:86} INFO - Output:
[2024-09-22T11:20:00.355+0000] {subprocess.py:93} INFO - 1
[2024-09-22T11:20:00.357+0000] {subprocess.py:97} INFO - Command exited with return code 0
[2024-09-22T11:20:00.358+0000] {taskinstance.py:441} INFO - ::group::Post task execution logs
[2024-09-22T11:20:00.614+0000] {taskinstance.py:1206} INFO - Marking task as SUCCESS. dag_id=example_task_group, task_id=section_2.inner_section_2.task_2, run_id=scheduled__2024-09-21T00:00:00+00:00, execution_date=20240921T000000, start_date=20240922T111957, end_date=20240922T112000
[2024-09-22T11:20:00.939+0000] {local_task_job_runner.py:243} INFO - Task exited with return code 0
[2024-09-22T11:20:00.998+0000] {taskinstance.py:3503} INFO - 0 downstream tasks scheduled from follow-on schedule check
[2024-09-22T11:20:01.255+0000] {local_task_job_runner.py:222} INFO - ::endgroup::
