[2024-09-22T15:23:05.614+0000] {local_task_job_runner.py:123} INFO - ::group::Pre task execution logs
[2024-09-22T15:23:05.644+0000] {taskinstance.py:2612} INFO - Dependencies all met for dep_context=non-requeueable deps ti=<TaskInstance: NY_TAXI.download_data scheduled__2022-01-19T00:00:00+00:00 [queued]>
[2024-09-22T15:23:05.658+0000] {taskinstance.py:2612} INFO - Dependencies all met for dep_context=requeueable deps ti=<TaskInstance: NY_TAXI.download_data scheduled__2022-01-19T00:00:00+00:00 [queued]>
[2024-09-22T15:23:05.659+0000] {taskinstance.py:2865} INFO - Starting attempt 1 of 1
[2024-09-22T15:23:05.858+0000] {taskinstance.py:2888} INFO - Executing <Task(BashOperator): download_data> on 2022-01-19 00:00:00+00:00
[2024-09-22T15:23:05.884+0000] {logging_mixin.py:190} WARNING - /home/***/.local/lib/python3.12/site-packages/***/task/task_runner/standard_task_runner.py:70 DeprecationWarning: This process (pid=2044) is multi-threaded, use of fork() may lead to deadlocks in the child.
[2024-09-22T15:23:05.886+0000] {standard_task_runner.py:72} INFO - Started process 2047 to run task
[2024-09-22T15:23:05.886+0000] {standard_task_runner.py:104} INFO - Running: ['***', 'tasks', 'run', 'NY_TAXI', 'download_data', 'scheduled__2022-01-19T00:00:00+00:00', '--job-id', '386', '--raw', '--subdir', 'DAGS_FOLDER/download.py', '--cfg-path', '/tmp/tmp7c3acd4o']
[2024-09-22T15:23:05.891+0000] {standard_task_runner.py:105} INFO - Job 386: Subtask download_data
[2024-09-22T15:23:06.179+0000] {task_command.py:467} INFO - Running <TaskInstance: NY_TAXI.download_data scheduled__2022-01-19T00:00:00+00:00 [running]> on host 8c9160901df5
[2024-09-22T15:23:06.929+0000] {taskinstance.py:3131} INFO - Exporting env vars: AIRFLOW_CTX_DAG_OWNER='***' AIRFLOW_CTX_DAG_ID='NY_TAXI' AIRFLOW_CTX_TASK_ID='download_data' AIRFLOW_CTX_EXECUTION_DATE='2022-01-19T00:00:00+00:00' AIRFLOW_CTX_TRY_NUMBER='1' AIRFLOW_CTX_DAG_RUN_ID='scheduled__2022-01-19T00:00:00+00:00'
[2024-09-22T15:23:06.930+0000] {taskinstance.py:731} INFO - ::endgroup::
[2024-09-22T15:23:06.953+0000] {subprocess.py:63} INFO - Tmp dir root location: /tmp
[2024-09-22T15:23:06.954+0000] {subprocess.py:75} INFO - Running command: ['/usr/bin/bash', '-c', 'echo 2022-01-19']
[2024-09-22T15:23:06.977+0000] {subprocess.py:86} INFO - Output:
[2024-09-22T15:23:06.980+0000] {subprocess.py:93} INFO - 2022-01-19
[2024-09-22T15:23:06.980+0000] {subprocess.py:97} INFO - Command exited with return code 0
[2024-09-22T15:23:07.173+0000] {taskinstance.py:340} INFO - ::group::Post task execution logs
[2024-09-22T15:23:07.174+0000] {taskinstance.py:352} INFO - Marking task as SUCCESS. dag_id=NY_TAXI, task_id=download_data, run_id=scheduled__2022-01-19T00:00:00+00:00, execution_date=20220119T000000, start_date=20240922T152305, end_date=20240922T152307
[2024-09-22T15:23:07.475+0000] {local_task_job_runner.py:266} INFO - Task exited with return code 0
[2024-09-22T15:23:07.505+0000] {taskinstance.py:3900} INFO - 0 downstream tasks scheduled from follow-on schedule check
[2024-09-22T15:23:07.658+0000] {local_task_job_runner.py:245} INFO - ::endgroup::
