[2024-09-22T11:27:38.039+0000] {local_task_job_runner.py:120} INFO - ::group::Pre task execution logs
[2024-09-22T11:27:38.076+0000] {taskinstance.py:2076} INFO - Dependencies all met for dep_context=non-requeueable deps ti=<TaskInstance: example_bash_operator.this_will_skip scheduled__2024-09-20T00:00:00+00:00 [queued]>
[2024-09-22T11:27:38.089+0000] {taskinstance.py:2076} INFO - Dependencies all met for dep_context=requeueable deps ti=<TaskInstance: example_bash_operator.this_will_skip scheduled__2024-09-20T00:00:00+00:00 [queued]>
[2024-09-22T11:27:38.089+0000] {taskinstance.py:2306} INFO - Starting attempt 1 of 1
[2024-09-22T11:27:38.268+0000] {taskinstance.py:2330} INFO - Executing <Task(BashOperator): this_will_skip> on 2024-09-20 00:00:00+00:00
[2024-09-22T11:27:38.297+0000] {warnings.py:112} WARNING - /home/***/.local/lib/python3.12/site-packages/***/task/task_runner/standard_task_runner.py:62: DeprecationWarning: This process (pid=842) is multi-threaded, use of fork() may lead to deadlocks in the child.
  pid = os.fork()

[2024-09-22T11:27:38.299+0000] {standard_task_runner.py:64} INFO - Started process 853 to run task
[2024-09-22T11:27:38.300+0000] {standard_task_runner.py:90} INFO - Running: ['***', 'tasks', 'run', 'example_bash_operator', 'this_will_skip', 'scheduled__2024-09-20T00:00:00+00:00', '--job-id', '2603', '--raw', '--subdir', '/home/***/.local/lib/python3.12/site-packages/***/example_dags/example_bash_operator.py', '--cfg-path', '/tmp/tmph0_1nrs_']
[2024-09-22T11:27:38.304+0000] {standard_task_runner.py:91} INFO - Job 2603: Subtask this_will_skip
[2024-09-22T11:27:38.682+0000] {task_command.py:426} INFO - Running <TaskInstance: example_bash_operator.this_will_skip scheduled__2024-09-20T00:00:00+00:00 [running]> on host 1d2bd9c1668e
[2024-09-22T11:27:40.414+0000] {taskinstance.py:2648} INFO - Exporting env vars: AIRFLOW_CTX_DAG_OWNER='***' AIRFLOW_CTX_DAG_ID='example_bash_operator' AIRFLOW_CTX_TASK_ID='this_will_skip' AIRFLOW_CTX_EXECUTION_DATE='2024-09-20T00:00:00+00:00' AIRFLOW_CTX_TRY_NUMBER='1' AIRFLOW_CTX_DAG_RUN_ID='scheduled__2024-09-20T00:00:00+00:00'
[2024-09-22T11:27:40.417+0000] {taskinstance.py:430} INFO - ::endgroup::
[2024-09-22T11:27:43.059+0000] {subprocess.py:63} INFO - Tmp dir root location: /tmp
[2024-09-22T11:27:43.064+0000] {subprocess.py:75} INFO - Running command: ['/usr/bin/bash', '-c', 'echo "hello world"; exit 99;']
[2024-09-22T11:27:43.958+0000] {subprocess.py:86} INFO - Output:
[2024-09-22T11:27:45.469+0000] {subprocess.py:93} INFO - hello world
[2024-09-22T11:27:45.470+0000] {subprocess.py:97} INFO - Command exited with return code 99
[2024-09-22T11:27:45.471+0000] {taskinstance.py:441} INFO - ::group::Post task execution logs
[2024-09-22T11:27:45.472+0000] {taskinstance.py:2506} INFO - Bash command returned exit code 99. Skipping.
[2024-09-22T11:27:45.799+0000] {taskinstance.py:1206} INFO - Marking task as SKIPPED. dag_id=example_bash_operator, task_id=this_will_skip, run_id=scheduled__2024-09-20T00:00:00+00:00, execution_date=20240920T000000, start_date=20240922T112738, end_date=20240922T112745
[2024-09-22T11:27:46.825+0000] {local_task_job_runner.py:243} INFO - Task exited with return code 0
[2024-09-22T11:27:46.850+0000] {taskinstance.py:3503} INFO - 0 downstream tasks scheduled from follow-on schedule check
[2024-09-22T11:27:47.801+0000] {local_task_job_runner.py:222} INFO - ::endgroup::
