[2024-09-22T11:32:17.003+0000] {local_task_job_runner.py:120} INFO - ::group::Pre task execution logs
[2024-09-22T11:32:17.101+0000] {taskinstance.py:2076} INFO - Dependencies all met for dep_context=non-requeueable deps ti=<TaskInstance: example_dynamic_task_mapping.sum_it scheduled__2023-05-31T00:00:00+00:00 [queued]>
[2024-09-22T11:32:17.133+0000] {taskinstance.py:2076} INFO - Dependencies all met for dep_context=requeueable deps ti=<TaskInstance: example_dynamic_task_mapping.sum_it scheduled__2023-05-31T00:00:00+00:00 [queued]>
[2024-09-22T11:32:17.134+0000] {taskinstance.py:2306} INFO - Starting attempt 1 of 1
[2024-09-22T11:32:17.484+0000] {taskinstance.py:2330} INFO - Executing <Task(_PythonDecoratedOperator): sum_it> on 2023-05-31 00:00:00+00:00
[2024-09-22T11:32:17.516+0000] {warnings.py:112} WARNING - /home/***/.local/lib/python3.12/site-packages/***/task/task_runner/standard_task_runner.py:62: DeprecationWarning: This process (pid=1087) is multi-threaded, use of fork() may lead to deadlocks in the child.
  pid = os.fork()

[2024-09-22T11:32:17.525+0000] {standard_task_runner.py:64} INFO - Started process 1122 to run task
[2024-09-22T11:32:17.523+0000] {standard_task_runner.py:90} INFO - Running: ['***', 'tasks', 'run', 'example_dynamic_task_mapping', 'sum_it', 'scheduled__2023-05-31T00:00:00+00:00', '--job-id', '2651', '--raw', '--subdir', '/home/***/.local/lib/python3.12/site-packages/***/example_dags/example_dynamic_task_mapping.py', '--cfg-path', '/tmp/tmpw2707dv9']
[2024-09-22T11:32:17.534+0000] {standard_task_runner.py:91} INFO - Job 2651: Subtask sum_it
[2024-09-22T11:32:17.998+0000] {task_command.py:426} INFO - Running <TaskInstance: example_dynamic_task_mapping.sum_it scheduled__2023-05-31T00:00:00+00:00 [running]> on host 1d2bd9c1668e
[2024-09-22T11:32:19.664+0000] {taskinstance.py:2648} INFO - Exporting env vars: AIRFLOW_CTX_DAG_OWNER='***' AIRFLOW_CTX_DAG_ID='example_dynamic_task_mapping' AIRFLOW_CTX_TASK_ID='sum_it' AIRFLOW_CTX_EXECUTION_DATE='2023-05-31T00:00:00+00:00' AIRFLOW_CTX_TRY_NUMBER='1' AIRFLOW_CTX_DAG_RUN_ID='scheduled__2023-05-31T00:00:00+00:00'
[2024-09-22T11:32:19.708+0000] {taskinstance.py:430} INFO - ::endgroup::
[2024-09-22T11:32:19.814+0000] {logging_mixin.py:188} INFO - Total was 9
[2024-09-22T11:32:19.831+0000] {python.py:237} INFO - Done. Returned value was: None
[2024-09-22T11:32:20.029+0000] {taskinstance.py:441} INFO - ::group::Post task execution logs
[2024-09-22T11:32:20.435+0000] {taskinstance.py:1206} INFO - Marking task as SUCCESS. dag_id=example_dynamic_task_mapping, task_id=sum_it, run_id=scheduled__2023-05-31T00:00:00+00:00, execution_date=20230531T000000, start_date=20240922T113217, end_date=20240922T113220
[2024-09-22T11:32:20.732+0000] {local_task_job_runner.py:243} INFO - Task exited with return code 0
[2024-09-22T11:32:20.783+0000] {taskinstance.py:3503} INFO - 0 downstream tasks scheduled from follow-on schedule check
[2024-09-22T11:32:21.044+0000] {local_task_job_runner.py:222} INFO - ::endgroup::
