[2024-09-22T11:39:50.860+0000] {local_task_job_runner.py:120} INFO - ::group::Pre task execution logs
[2024-09-22T11:39:50.951+0000] {taskinstance.py:2076} INFO - Dependencies all met for dep_context=non-requeueable deps ti=<TaskInstance: consume_1_or_both_2_and_3_with_dataset_expressions.consume_1_or_both_2_and_3_with_dataset_expressions dataset_triggered__2024-09-22T11:32:52.733596+00:00 [queued]>
[2024-09-22T11:39:50.971+0000] {taskinstance.py:2076} INFO - Dependencies all met for dep_context=requeueable deps ti=<TaskInstance: consume_1_or_both_2_and_3_with_dataset_expressions.consume_1_or_both_2_and_3_with_dataset_expressions dataset_triggered__2024-09-22T11:32:52.733596+00:00 [queued]>
[2024-09-22T11:39:50.972+0000] {taskinstance.py:2306} INFO - Starting attempt 1 of 1
[2024-09-22T11:40:12.882+0000] {taskinstance.py:2330} INFO - Executing <Task(BashOperator): consume_1_or_both_2_and_3_with_dataset_expressions> on 2024-09-22 11:32:52.733596+00:00
[2024-09-22T11:40:12.900+0000] {warnings.py:112} WARNING - /home/***/.local/lib/python3.12/site-packages/***/task/task_runner/standard_task_runner.py:62: DeprecationWarning: This process (pid=1520) is multi-threaded, use of fork() may lead to deadlocks in the child.
  pid = os.fork()

[2024-09-22T11:40:12.902+0000] {standard_task_runner.py:64} INFO - Started process 1539 to run task
[2024-09-22T11:40:12.902+0000] {standard_task_runner.py:90} INFO - Running: ['***', 'tasks', 'run', 'consume_1_or_both_2_and_3_with_dataset_expressions', 'consume_1_or_both_2_and_3_with_dataset_expressions', 'dataset_triggered__2024-09-22T11:32:52.733596+00:00', '--job-id', '2738', '--raw', '--subdir', '/home/***/.local/lib/python3.12/site-packages/***/example_dags/example_datasets.py', '--cfg-path', '/tmp/tmptew8qdye']
[2024-09-22T11:40:12.906+0000] {standard_task_runner.py:91} INFO - Job 2738: Subtask consume_1_or_both_2_and_3_with_dataset_expressions
[2024-09-22T11:40:52.295+0000] {task_command.py:426} INFO - Running <TaskInstance: consume_1_or_both_2_and_3_with_dataset_expressions.consume_1_or_both_2_and_3_with_dataset_expressions dataset_triggered__2024-09-22T11:32:52.733596+00:00 [running]> on host 1d2bd9c1668e
[2024-09-22T11:40:53.987+0000] {taskinstance.py:2648} INFO - Exporting env vars: AIRFLOW_CTX_DAG_OWNER='***' AIRFLOW_CTX_DAG_ID='consume_1_or_both_2_and_3_with_dataset_expressions' AIRFLOW_CTX_TASK_ID='consume_1_or_both_2_and_3_with_dataset_expressions' AIRFLOW_CTX_EXECUTION_DATE='2024-09-22T11:32:52.733596+00:00' AIRFLOW_CTX_TRY_NUMBER='1' AIRFLOW_CTX_DAG_RUN_ID='dataset_triggered__2024-09-22T11:32:52.733596+00:00'
[2024-09-22T11:40:53.992+0000] {taskinstance.py:430} INFO - ::endgroup::
[2024-09-22T11:40:54.634+0000] {subprocess.py:63} INFO - Tmp dir root location: /tmp
[2024-09-22T11:40:54.638+0000] {subprocess.py:75} INFO - Running command: ['/usr/bin/bash', '-c', 'sleep 5']
[2024-09-22T11:40:54.698+0000] {subprocess.py:86} INFO - Output:
[2024-09-22T11:41:01.252+0000] {subprocess.py:97} INFO - Command exited with return code 0
[2024-09-22T11:41:13.470+0000] {taskinstance.py:441} INFO - ::group::Post task execution logs
[2024-09-22T11:41:16.357+0000] {taskinstance.py:1206} INFO - Marking task as SUCCESS. dag_id=consume_1_or_both_2_and_3_with_dataset_expressions, task_id=consume_1_or_both_2_and_3_with_dataset_expressions, run_id=dataset_triggered__2024-09-22T11:32:52.733596+00:00, execution_date=20240922T113252, start_date=20240922T113950, end_date=20240922T114116
[2024-09-22T11:41:17.153+0000] {local_task_job_runner.py:243} INFO - Task exited with return code 0
[2024-09-22T11:41:17.186+0000] {taskinstance.py:3503} INFO - 0 downstream tasks scheduled from follow-on schedule check
[2024-09-22T11:41:17.540+0000] {local_task_job_runner.py:222} INFO - ::endgroup::
