[2024-09-22T11:37:47.431+0000] {local_task_job_runner.py:120} INFO - ::group::Pre task execution logs
[2024-09-22T11:37:47.461+0000] {taskinstance.py:2076} INFO - Dependencies all met for dep_context=non-requeueable deps ti=<TaskInstance: example_setup_teardown.root_teardown scheduled__2024-09-21T00:00:00+00:00 [queued]>
[2024-09-22T11:37:47.473+0000] {taskinstance.py:2076} INFO - Dependencies all met for dep_context=requeueable deps ti=<TaskInstance: example_setup_teardown.root_teardown scheduled__2024-09-21T00:00:00+00:00 [queued]>
[2024-09-22T11:37:47.474+0000] {taskinstance.py:2306} INFO - Starting attempt 1 of 1
[2024-09-22T11:37:47.658+0000] {taskinstance.py:2330} INFO - Executing <Task(BashOperator): root_teardown> on 2024-09-21 00:00:00+00:00
[2024-09-22T11:37:47.682+0000] {warnings.py:112} WARNING - /home/***/.local/lib/python3.12/site-packages/***/task/task_runner/standard_task_runner.py:62: DeprecationWarning: This process (pid=1425) is multi-threaded, use of fork() may lead to deadlocks in the child.
  pid = os.fork()

[2024-09-22T11:37:47.685+0000] {standard_task_runner.py:64} INFO - Started process 1435 to run task
[2024-09-22T11:37:47.685+0000] {standard_task_runner.py:90} INFO - Running: ['***', 'tasks', 'run', 'example_setup_teardown', 'root_teardown', 'scheduled__2024-09-21T00:00:00+00:00', '--job-id', '2718', '--raw', '--subdir', '/home/***/.local/lib/python3.12/site-packages/***/example_dags/example_setup_teardown.py', '--cfg-path', '/tmp/tmp6wqmn49z']
[2024-09-22T11:37:47.689+0000] {standard_task_runner.py:91} INFO - Job 2718: Subtask root_teardown
[2024-09-22T11:37:48.758+0000] {task_command.py:426} INFO - Running <TaskInstance: example_setup_teardown.root_teardown scheduled__2024-09-21T00:00:00+00:00 [running]> on host 1d2bd9c1668e
[2024-09-22T11:37:49.755+0000] {taskinstance.py:2648} INFO - Exporting env vars: AIRFLOW_CTX_DAG_OWNER='***' AIRFLOW_CTX_DAG_ID='example_setup_teardown' AIRFLOW_CTX_TASK_ID='root_teardown' AIRFLOW_CTX_EXECUTION_DATE='2024-09-21T00:00:00+00:00' AIRFLOW_CTX_TRY_NUMBER='1' AIRFLOW_CTX_DAG_RUN_ID='scheduled__2024-09-21T00:00:00+00:00'
[2024-09-22T11:37:49.757+0000] {taskinstance.py:430} INFO - ::endgroup::
[2024-09-22T11:37:49.759+0000] {subprocess.py:63} INFO - Tmp dir root location: /tmp
[2024-09-22T11:37:49.760+0000] {subprocess.py:75} INFO - Running command: ['/usr/bin/bash', '-c', "echo 'Goodbye from root_teardown'"]
[2024-09-22T11:37:49.826+0000] {subprocess.py:86} INFO - Output:
[2024-09-22T11:37:49.832+0000] {subprocess.py:93} INFO - Goodbye from root_teardown
[2024-09-22T11:37:49.832+0000] {subprocess.py:97} INFO - Command exited with return code 0
[2024-09-22T11:37:49.834+0000] {taskinstance.py:441} INFO - ::group::Post task execution logs
[2024-09-22T11:37:50.483+0000] {taskinstance.py:1206} INFO - Marking task as SUCCESS. dag_id=example_setup_teardown, task_id=root_teardown, run_id=scheduled__2024-09-21T00:00:00+00:00, execution_date=20240921T000000, start_date=20240922T113747, end_date=20240922T113750
[2024-09-22T11:37:51.055+0000] {local_task_job_runner.py:243} INFO - Task exited with return code 0
[2024-09-22T11:37:51.072+0000] {local_task_job_runner.py:222} INFO - ::endgroup::
