[2024-09-22T15:21:20.234+0000] {local_task_job_runner.py:123} INFO - ::group::Pre task execution logs
[2024-09-22T15:21:20.265+0000] {taskinstance.py:2612} INFO - Dependencies all met for dep_context=non-requeueable deps ti=<TaskInstance: NY_TAXI.download_data scheduled__2021-11-02T00:00:00+00:00 [queued]>
[2024-09-22T15:21:20.278+0000] {taskinstance.py:2612} INFO - Dependencies all met for dep_context=requeueable deps ti=<TaskInstance: NY_TAXI.download_data scheduled__2021-11-02T00:00:00+00:00 [queued]>
[2024-09-22T15:21:20.279+0000] {taskinstance.py:2865} INFO - Starting attempt 1 of 1
[2024-09-22T15:21:20.554+0000] {taskinstance.py:2888} INFO - Executing <Task(BashOperator): download_data> on 2021-11-02 00:00:00+00:00
[2024-09-22T15:21:20.573+0000] {logging_mixin.py:190} WARNING - /home/***/.local/lib/python3.12/site-packages/***/task/task_runner/standard_task_runner.py:70 DeprecationWarning: This process (pid=1690) is multi-threaded, use of fork() may lead to deadlocks in the child.
[2024-09-22T15:21:20.572+0000] {standard_task_runner.py:104} INFO - Running: ['***', 'tasks', 'run', 'NY_TAXI', 'download_data', 'scheduled__2021-11-02T00:00:00+00:00', '--job-id', '308', '--raw', '--subdir', 'DAGS_FOLDER/download.py', '--cfg-path', '/tmp/tmpqkpq6992']
[2024-09-22T15:21:20.574+0000] {standard_task_runner.py:72} INFO - Started process 1697 to run task
[2024-09-22T15:21:20.575+0000] {standard_task_runner.py:105} INFO - Job 308: Subtask download_data
[2024-09-22T15:21:21.244+0000] {task_command.py:467} INFO - Running <TaskInstance: NY_TAXI.download_data scheduled__2021-11-02T00:00:00+00:00 [running]> on host 8c9160901df5
[2024-09-22T15:21:22.339+0000] {taskinstance.py:3131} INFO - Exporting env vars: AIRFLOW_CTX_DAG_OWNER='***' AIRFLOW_CTX_DAG_ID='NY_TAXI' AIRFLOW_CTX_TASK_ID='download_data' AIRFLOW_CTX_EXECUTION_DATE='2021-11-02T00:00:00+00:00' AIRFLOW_CTX_TRY_NUMBER='1' AIRFLOW_CTX_DAG_RUN_ID='scheduled__2021-11-02T00:00:00+00:00'
[2024-09-22T15:21:22.340+0000] {taskinstance.py:731} INFO - ::endgroup::
[2024-09-22T15:21:22.404+0000] {subprocess.py:63} INFO - Tmp dir root location: /tmp
[2024-09-22T15:21:22.405+0000] {subprocess.py:75} INFO - Running command: ['/usr/bin/bash', '-c', 'echo 2021-11-02']
[2024-09-22T15:21:22.439+0000] {subprocess.py:86} INFO - Output:
[2024-09-22T15:21:22.441+0000] {subprocess.py:93} INFO - 2021-11-02
[2024-09-22T15:21:22.442+0000] {subprocess.py:97} INFO - Command exited with return code 0
[2024-09-22T15:21:22.583+0000] {taskinstance.py:340} INFO - ::group::Post task execution logs
[2024-09-22T15:21:22.584+0000] {taskinstance.py:352} INFO - Marking task as SUCCESS. dag_id=NY_TAXI, task_id=download_data, run_id=scheduled__2021-11-02T00:00:00+00:00, execution_date=20211102T000000, start_date=20240922T152120, end_date=20240922T152122
[2024-09-22T15:21:22.709+0000] {local_task_job_runner.py:266} INFO - Task exited with return code 0
[2024-09-22T15:21:22.736+0000] {taskinstance.py:3900} INFO - 0 downstream tasks scheduled from follow-on schedule check
[2024-09-22T15:21:22.796+0000] {local_task_job_runner.py:245} INFO - ::endgroup::
