[2024-09-23T08:44:01.013+0000] {local_task_job_runner.py:123} INFO - ::group::Pre task execution logs
[2024-09-23T08:44:01.039+0000] {taskinstance.py:2612} INFO - Dependencies all met for dep_context=non-requeueable deps ti=<TaskInstance: NY_TAXI.download_data scheduled__2021-05-01T00:00:00+00:00 [queued]>
[2024-09-23T08:44:01.052+0000] {taskinstance.py:2612} INFO - Dependencies all met for dep_context=requeueable deps ti=<TaskInstance: NY_TAXI.download_data scheduled__2021-05-01T00:00:00+00:00 [queued]>
[2024-09-23T08:44:01.052+0000] {taskinstance.py:2865} INFO - Starting attempt 4 of 4
[2024-09-23T08:44:01.093+0000] {taskinstance.py:2888} INFO - Executing <Task(BashOperator): download_data> on 2021-05-01 00:00:00+00:00
[2024-09-23T08:44:01.107+0000] {standard_task_runner.py:104} INFO - Running: ['***', 'tasks', 'run', 'NY_TAXI', 'download_data', 'scheduled__2021-05-01T00:00:00+00:00', '--job-id', '434', '--raw', '--subdir', 'DAGS_FOLDER/download.py', '--cfg-path', '/tmp/tmpy107gnl3']
[2024-09-23T08:44:01.110+0000] {standard_task_runner.py:105} INFO - Job 434: Subtask download_data
[2024-09-23T08:44:01.112+0000] {logging_mixin.py:190} WARNING - /home/***/.local/lib/python3.12/site-packages/***/task/task_runner/standard_task_runner.py:70 DeprecationWarning: This process (pid=1040) is multi-threaded, use of fork() may lead to deadlocks in the child.
[2024-09-23T08:44:01.113+0000] {standard_task_runner.py:72} INFO - Started process 1041 to run task
[2024-09-23T08:44:01.194+0000] {task_command.py:467} INFO - Running <TaskInstance: NY_TAXI.download_data scheduled__2021-05-01T00:00:00+00:00 [running]> on host c6317fbbba71
[2024-09-23T08:44:01.354+0000] {taskinstance.py:3131} INFO - Exporting env vars: AIRFLOW_CTX_DAG_OWNER='***' AIRFLOW_CTX_DAG_ID='NY_TAXI' AIRFLOW_CTX_TASK_ID='download_data' AIRFLOW_CTX_EXECUTION_DATE='2021-05-01T00:00:00+00:00' AIRFLOW_CTX_TRY_NUMBER='4' AIRFLOW_CTX_DAG_RUN_ID='scheduled__2021-05-01T00:00:00+00:00'
[2024-09-23T08:44:01.355+0000] {taskinstance.py:731} INFO - ::endgroup::
[2024-09-23T08:44:01.382+0000] {subprocess.py:63} INFO - Tmp dir root location: /tmp
[2024-09-23T08:44:01.383+0000] {subprocess.py:75} INFO - Running command: ['/usr/bin/bash', '-c', 'curl -sSL https://github.com/DataTalksClub/nyc-tlc-data/releases/tag/yellow/yellow_tripdata_2021-05.csv.gz > /opt/***/output_2021-05']
[2024-09-23T08:44:01.403+0000] {subprocess.py:86} INFO - Output:
[2024-09-23T08:44:03.854+0000] {subprocess.py:97} INFO - Command exited with return code 0
[2024-09-23T08:44:03.903+0000] {taskinstance.py:340} INFO - ::group::Post task execution logs
[2024-09-23T08:44:03.904+0000] {taskinstance.py:352} INFO - Marking task as SUCCESS. dag_id=NY_TAXI, task_id=download_data, run_id=scheduled__2021-05-01T00:00:00+00:00, execution_date=20210501T000000, start_date=20240923T084401, end_date=20240923T084403
[2024-09-23T08:44:03.996+0000] {local_task_job_runner.py:266} INFO - Task exited with return code 0
[2024-09-23T08:44:04.040+0000] {taskinstance.py:3900} INFO - 0 downstream tasks scheduled from follow-on schedule check
[2024-09-23T08:44:04.056+0000] {local_task_job_runner.py:245} INFO - ::endgroup::
