[2024-09-23T08:55:38.723+0000] {local_task_job_runner.py:123} INFO - ::group::Pre task execution logs
[2024-09-23T08:55:38.777+0000] {taskinstance.py:2612} INFO - Dependencies all met for dep_context=non-requeueable deps ti=<TaskInstance: NY_TAXI.download_data scheduled__2021-05-01T00:00:00+00:00 [queued]>
[2024-09-23T08:55:38.794+0000] {taskinstance.py:2612} INFO - Dependencies all met for dep_context=requeueable deps ti=<TaskInstance: NY_TAXI.download_data scheduled__2021-05-01T00:00:00+00:00 [queued]>
[2024-09-23T08:55:38.794+0000] {taskinstance.py:2865} INFO - Starting attempt 6 of 6
[2024-09-23T08:55:38.916+0000] {taskinstance.py:2888} INFO - Executing <Task(BashOperator): download_data> on 2021-05-01 00:00:00+00:00
[2024-09-23T08:55:38.930+0000] {standard_task_runner.py:104} INFO - Running: ['***', 'tasks', 'run', 'NY_TAXI', 'download_data', 'scheduled__2021-05-01T00:00:00+00:00', '--job-id', '436', '--raw', '--subdir', 'DAGS_FOLDER/download.py', '--cfg-path', '/tmp/tmppzf7pz9o']
[2024-09-23T08:55:38.934+0000] {standard_task_runner.py:105} INFO - Job 436: Subtask download_data
[2024-09-23T08:55:38.938+0000] {logging_mixin.py:190} WARNING - /home/***/.local/lib/python3.12/site-packages/***/task/task_runner/standard_task_runner.py:70 DeprecationWarning: This process (pid=1314) is multi-threaded, use of fork() may lead to deadlocks in the child.
[2024-09-23T08:55:38.939+0000] {standard_task_runner.py:72} INFO - Started process 1321 to run task
[2024-09-23T08:55:39.019+0000] {task_command.py:467} INFO - Running <TaskInstance: NY_TAXI.download_data scheduled__2021-05-01T00:00:00+00:00 [running]> on host c6317fbbba71
[2024-09-23T08:55:39.410+0000] {taskinstance.py:3131} INFO - Exporting env vars: AIRFLOW_CTX_DAG_OWNER='***' AIRFLOW_CTX_DAG_ID='NY_TAXI' AIRFLOW_CTX_TASK_ID='download_data' AIRFLOW_CTX_EXECUTION_DATE='2021-05-01T00:00:00+00:00' AIRFLOW_CTX_TRY_NUMBER='6' AIRFLOW_CTX_DAG_RUN_ID='scheduled__2021-05-01T00:00:00+00:00'
[2024-09-23T08:55:39.412+0000] {taskinstance.py:731} INFO - ::endgroup::
[2024-09-23T08:55:40.010+0000] {subprocess.py:63} INFO - Tmp dir root location: /tmp
[2024-09-23T08:55:40.294+0000] {subprocess.py:75} INFO - Running command: ['/usr/bin/bash', '-c', 'curl -sSL https://github.com/DataTalksClub/nyc-tlc-data/releases/download/yellow/yellow_tripdata_2021-05.csv.gz > /opt/***/output_2021-05.csv.gz']
[2024-09-23T08:55:40.325+0000] {subprocess.py:86} INFO - Output:
[2024-09-23T08:55:54.193+0000] {subprocess.py:97} INFO - Command exited with return code 0
[2024-09-23T08:55:54.437+0000] {taskinstance.py:340} INFO - ::group::Post task execution logs
[2024-09-23T08:55:54.437+0000] {taskinstance.py:352} INFO - Marking task as SUCCESS. dag_id=NY_TAXI, task_id=download_data, run_id=scheduled__2021-05-01T00:00:00+00:00, execution_date=20210501T000000, start_date=20240923T085538, end_date=20240923T085554
[2024-09-23T08:55:54.550+0000] {local_task_job_runner.py:266} INFO - Task exited with return code 0
[2024-09-23T08:55:54.578+0000] {taskinstance.py:3900} INFO - 0 downstream tasks scheduled from follow-on schedule check
[2024-09-23T08:55:54.620+0000] {local_task_job_runner.py:245} INFO - ::endgroup::
