[2024-09-22T11:18:57.496+0000] {local_task_job_runner.py:120} INFO - ::group::Pre task execution logs
[2024-09-22T11:18:57.657+0000] {taskinstance.py:2076} INFO - Dependencies all met for dep_context=non-requeueable deps ti=<TaskInstance: example_branch_python_operator_decorator.branching_ext_python scheduled__2024-09-19T00:00:00+00:00 [queued]>
[2024-09-22T11:18:57.695+0000] {taskinstance.py:2076} INFO - Dependencies all met for dep_context=requeueable deps ti=<TaskInstance: example_branch_python_operator_decorator.branching_ext_python scheduled__2024-09-19T00:00:00+00:00 [queued]>
[2024-09-22T11:18:57.695+0000] {taskinstance.py:2306} INFO - Starting attempt 1 of 1
[2024-09-22T11:18:57.979+0000] {taskinstance.py:2330} INFO - Executing <Task(_BranchExternalPythonDecoratedOperator): branching_ext_python> on 2024-09-19 00:00:00+00:00
[2024-09-22T11:18:58.005+0000] {warnings.py:112} WARNING - /home/***/.local/lib/python3.12/site-packages/***/task/task_runner/standard_task_runner.py:62: DeprecationWarning: This process (pid=380) is multi-threaded, use of fork() may lead to deadlocks in the child.
  pid = os.fork()

[2024-09-22T11:18:58.014+0000] {standard_task_runner.py:64} INFO - Started process 395 to run task
[2024-09-22T11:18:58.015+0000] {standard_task_runner.py:90} INFO - Running: ['***', 'tasks', 'run', 'example_branch_python_operator_decorator', 'branching_ext_python', 'scheduled__2024-09-19T00:00:00+00:00', '--job-id', '2541', '--raw', '--subdir', '/home/***/.local/lib/python3.12/site-packages/***/example_dags/example_branch_operator_decorator.py', '--cfg-path', '/tmp/tmp2srf13sp']
[2024-09-22T11:18:58.027+0000] {standard_task_runner.py:91} INFO - Job 2541: Subtask branching_ext_python
[2024-09-22T11:18:58.472+0000] {task_command.py:426} INFO - Running <TaskInstance: example_branch_python_operator_decorator.branching_ext_python scheduled__2024-09-19T00:00:00+00:00 [running]> on host 1d2bd9c1668e
[2024-09-22T11:18:59.455+0000] {taskinstance.py:2648} INFO - Exporting env vars: AIRFLOW_CTX_DAG_OWNER='***' AIRFLOW_CTX_DAG_ID='example_branch_python_operator_decorator' AIRFLOW_CTX_TASK_ID='branching_ext_python' AIRFLOW_CTX_EXECUTION_DATE='2024-09-19T00:00:00+00:00' AIRFLOW_CTX_TRY_NUMBER='1' AIRFLOW_CTX_DAG_RUN_ID='scheduled__2024-09-19T00:00:00+00:00'
[2024-09-22T11:18:59.465+0000] {taskinstance.py:430} INFO - ::endgroup::
[2024-09-22T11:19:05.449+0000] {process_utils.py:183} INFO - Executing cmd: /home/***/.local/bin/python /tmp/venv-calls0hznqgd/script.py /tmp/venv-calls0hznqgd/script.in /tmp/venv-calls0hznqgd/script.out /tmp/venv-calls0hznqgd/string_args.txt /tmp/venv-calls0hznqgd/termination.log
[2024-09-22T11:19:05.477+0000] {process_utils.py:187} INFO - Output:
[2024-09-22T11:19:37.286+0000] {python.py:237} INFO - Done. Returned value was: ext_py_d
[2024-09-22T11:19:37.286+0000] {branch.py:36} INFO - Branch into ext_py_d
[2024-09-22T11:19:37.287+0000] {skipmixin.py:178} INFO - Following branch ext_py_d
[2024-09-22T11:19:37.502+0000] {skipmixin.py:246} INFO - Skipping tasks [('ext_py_b', -1), ('ext_py_c', -1), ('ext_py_a', -1)]
[2024-09-22T11:19:38.323+0000] {taskinstance.py:441} INFO - ::group::Post task execution logs
[2024-09-22T11:19:38.630+0000] {taskinstance.py:1206} INFO - Marking task as SUCCESS. dag_id=example_branch_python_operator_decorator, task_id=branching_ext_python, run_id=scheduled__2024-09-19T00:00:00+00:00, execution_date=20240919T000000, start_date=20240922T111857, end_date=20240922T111938
[2024-09-22T11:19:38.897+0000] {local_task_job_runner.py:243} INFO - Task exited with return code 0
[2024-09-22T11:19:39.140+0000] {taskinstance.py:3503} INFO - 1 downstream tasks scheduled from follow-on schedule check
[2024-09-22T11:19:39.449+0000] {local_task_job_runner.py:222} INFO - ::endgroup::
